<?xml version="1.0" encoding="UTF-8"?>
<testsuite xmlns:xsi="http://www.w3.org/2001/XMLSchema-instance" xsi:noNamespaceSchemaLocation="https://maven.apache.org/surefire/maven-failsafe-plugin/xsd/failsafe-test-report-3.0.xsd" version="3.0" name="CucumberTestSuite" time="599.092" tests="20" errors="0" skipped="0" failures="0">
  <properties>
    <property name="java.specification.version" value="15"/>
    <property name="webdriver.chrome.driver" value="C:\Users\ponda\Documents\Final_Project\Final_Web\src\test\resources\webdriver\chromedriver.exe"/>
    <property name="sun.cpu.isalist" value="amd64"/>
    <property name="sun.jnu.encoding" value="Cp1252"/>
    <property name="java.class.path" value="C:\Users\ponda\Documents\Final_Project\Final_Web\target\test-classes;C:\Users\ponda\.m2\repository\net\serenity-bdd\serenity-core\3.2.1\serenity-core-3.2.1.jar;C:\Users\ponda\.m2\repository\net\serenity-bdd\serenity-model\3.2.1\serenity-model-3.2.1.jar;C:\Users\ponda\.m2\repository\org\apache\commons\commons-text\1.9\commons-text-1.9.jar;C:\Users\ponda\.m2\repository\commons-net\commons-net\3.8.0\commons-net-3.8.0.jar;C:\Users\ponda\.m2\repository\com\google\guava\guava\31.1-jre\guava-31.1-jre.jar;C:\Users\ponda\.m2\repository\com\google\guava\failureaccess\1.0.1\failureaccess-1.0.1.jar;C:\Users\ponda\.m2\repository\com\google\guava\listenablefuture\9999.0-empty-to-avoid-conflict-with-guava\listenablefuture-9999.0-empty-to-avoid-conflict-with-guava.jar;C:\Users\ponda\.m2\repository\com\google\code\findbugs\jsr305\3.0.2\jsr305-3.0.2.jar;C:\Users\ponda\.m2\repository\org\checkerframework\checker-qual\3.12.0\checker-qual-3.12.0.jar;C:\Users\ponda\.m2\repository\com\google\errorprone\error_prone_annotations\2.11.0\error_prone_annotations-2.11.0.jar;C:\Users\ponda\.m2\repository\com\google\j2objc\j2objc-annotations\1.3\j2objc-annotations-1.3.jar;C:\Users\ponda\.m2\repository\com\google\inject\guice\5.1.0\guice-5.1.0.jar;C:\Users\ponda\.m2\repository\javax\inject\javax.inject\1\javax.inject-1.jar;C:\Users\ponda\.m2\repository\aopalliance\aopalliance\1.0\aopalliance-1.0.jar;C:\Users\ponda\.m2\repository\org\jsoup\jsoup\1.14.3\jsoup-1.14.3.jar;C:\Users\ponda\.m2\repository\com\thoughtworks\xstream\xstream\1.4.19\xstream-1.4.19.jar;C:\Users\ponda\.m2\repository\io\github\x-stream\mxparser\1.2.2\mxparser-1.2.2.jar;C:\Users\ponda\.m2\repository\xmlpull\xmlpull\1.1.3.1\xmlpull-1.1.3.1.jar;C:\Users\ponda\.m2\repository\io\cucumber\cucumber-java\7.2.3\cucumber-java-7.2.3.jar;C:\Users\ponda\.m2\repository\com\typesafe\config\1.4.2\config-1.4.2.jar;C:\Users\ponda\.m2\repository\org\imgscalr\imgscalr-lib\4.2\imgscalr-lib-4.2.jar;C:\Users\ponda\.m2\repository\org\awaitility\awaitility\4.2.0\awaitility-4.2.0.jar;C:\Users\ponda\.m2\repository\org\freemarker\freemarker\2.3.31\freemarker-2.3.31.jar;C:\Users\ponda\.m2\repository\io\github\classgraph\classgraph\4.8.138\classgraph-4.8.138.jar;C:\Users\ponda\.m2\repository\net\sourceforge\jexcelapi\jxl\2.6.12\jxl-2.6.12.jar;C:\Users\ponda\.m2\repository\net\bytebuddy\byte-buddy\1.12.8\byte-buddy-1.12.8.jar;C:\Users\ponda\.m2\repository\net\bytebuddy\byte-buddy-agent\1.12.8\byte-buddy-agent-1.12.8.jar;C:\Users\ponda\.m2\repository\org\objenesis\objenesis\3.1\objenesis-3.1.jar;C:\Users\ponda\.m2\repository\net\serenity-bdd\serenity-reports\3.2.1\serenity-reports-3.2.1.jar;C:\Users\ponda\.m2\repository\net\serenity-bdd\serenity-stats\3.2.1\serenity-stats-3.2.1.jar;C:\Users\ponda\.m2\repository\net\serenity-bdd\serenity-reports-configuration\3.2.1\serenity-reports-configuration-3.2.1.jar;C:\Users\ponda\.m2\repository\com\vladsch\flexmark\flexmark-all\0.34.30\flexmark-all-0.34.30.jar;C:\Users\ponda\.m2\repository\com\vladsch\flexmark\flexmark\0.34.30\flexmark-0.34.30.jar;C:\Users\ponda\.m2\repository\com\vladsch\flexmark\flexmark-ext-abbreviation\0.34.30\flexmark-ext-abbreviation-0.34.30.jar;C:\Users\ponda\.m2\repository\com\vladsch\flexmark\flexmark-ext-admonition\0.34.30\flexmark-ext-admonition-0.34.30.jar;C:\Users\ponda\.m2\repository\com\vladsch\flexmark\flexmark-ext-anchorlink\0.34.30\flexmark-ext-anchorlink-0.34.30.jar;C:\Users\ponda\.m2\repository\com\vladsch\flexmark\flexmark-ext-aside\0.34.30\flexmark-ext-aside-0.34.30.jar;C:\Users\ponda\.m2\repository\com\vladsch\flexmark\flexmark-ext-attributes\0.34.30\flexmark-ext-attributes-0.34.30.jar;C:\Users\ponda\.m2\repository\com\vladsch\flexmark\flexmark-ext-autolink\0.34.30\flexmark-ext-autolink-0.34.30.jar;C:\Users\ponda\.m2\repository\org\nibor\autolink\autolink\0.6.0\autolink-0.6.0.jar;C:\Users\ponda\.m2\repository\com\vladsch\flexmark\flexmark-ext-definition\0.34.30\flexmark-ext-definition-0.34.30.jar;C:\Users\ponda\.m2\repository\com\vladsch\flexmark\flexmark-ext-emoji\0.34.30\flexmark-ext-emoji-0.34.30.jar;C:\Users\ponda\.m2\repository\com\vladsch\flexmark\flexmark-ext-enumerated-reference\0.34.30\flexmark-ext-enumerated-reference-0.34.30.jar;C:\Users\ponda\.m2\repository\com\vladsch\flexmark\flexmark-ext-escaped-character\0.34.30\flexmark-ext-escaped-character-0.34.30.jar;C:\Users\ponda\.m2\repository\com\vladsch\flexmark\flexmark-ext-footnotes\0.34.30\flexmark-ext-footnotes-0.34.30.jar;C:\Users\ponda\.m2\repository\com\vladsch\flexmark\flexmark-ext-gfm-issues\0.34.30\flexmark-ext-gfm-issues-0.34.30.jar;C:\Users\ponda\.m2\repository\com\vladsch\flexmark\flexmark-ext-gfm-strikethrough\0.34.30\flexmark-ext-gfm-strikethrough-0.34.30.jar;C:\Users\ponda\.m2\repository\com\vladsch\flexmark\flexmark-ext-gfm-tables\0.34.30\flexmark-ext-gfm-tables-0.34.30.jar;C:\Users\ponda\.m2\repository\com\vladsch\flexmark\flexmark-ext-gfm-tasklist\0.34.30\flexmark-ext-gfm-tasklist-0.34.30.jar;C:\Users\ponda\.m2\repository\com\vladsch\flexmark\flexmark-ext-gfm-users\0.34.30\flexmark-ext-gfm-users-0.34.30.jar;C:\Users\ponda\.m2\repository\com\vladsch\flexmark\flexmark-ext-gitlab\0.34.30\flexmark-ext-gitlab-0.34.30.jar;C:\Users\ponda\.m2\repository\com\vladsch\flexmark\flexmark-ext-jekyll-front-matter\0.34.30\flexmark-ext-jekyll-front-matter-0.34.30.jar;C:\Users\ponda\.m2\repository\com\vladsch\flexmark\flexmark-ext-jekyll-tag\0.34.30\flexmark-ext-jekyll-tag-0.34.30.jar;C:\Users\ponda\.m2\repository\com\vladsch\flexmark\flexmark-ext-media-tags\0.34.30\flexmark-ext-media-tags-0.34.30.jar;C:\Users\ponda\.m2\repository\com\vladsch\flexmark\flexmark-test-util\0.34.30\flexmark-test-util-0.34.30.jar;C:\Users\ponda\.m2\repository\com\vladsch\flexmark\flexmark-ext-ins\0.34.30\flexmark-ext-ins-0.34.30.jar;C:\Users\ponda\.m2\repository\com\vladsch\flexmark\flexmark-ext-xwiki-macros\0.34.30\flexmark-ext-xwiki-macros-0.34.30.jar;C:\Users\ponda\.m2\repository\com\vladsch\flexmark\flexmark-ext-superscript\0.34.30\flexmark-ext-superscript-0.34.30.jar;C:\Users\ponda\.m2\repository\com\vladsch\flexmark\flexmark-ext-tables\0.34.30\flexmark-ext-tables-0.34.30.jar;C:\Users\ponda\.m2\repository\com\vladsch\flexmark\flexmark-ext-toc\0.34.30\flexmark-ext-toc-0.34.30.jar;C:\Users\ponda\.m2\repository\com\vladsch\flexmark\flexmark-ext-typographic\0.34.30\flexmark-ext-typographic-0.34.30.jar;C:\Users\ponda\.m2\repository\com\vladsch\flexmark\flexmark-ext-wikilink\0.34.30\flexmark-ext-wikilink-0.34.30.jar;C:\Users\ponda\.m2\repository\com\vladsch\flexmark\flexmark-ext-yaml-front-matter\0.34.30\flexmark-ext-yaml-front-matter-0.34.30.jar;C:\Users\ponda\.m2\repository\com\vladsch\flexmark\flexmark-ext-youtube-embedded\0.34.30\flexmark-ext-youtube-embedded-0.34.30.jar;C:\Users\ponda\.m2\repository\com\vladsch\flexmark\flexmark-formatter\0.34.30\flexmark-formatter-0.34.30.jar;C:\Users\ponda\.m2\repository\com\vladsch\flexmark\flexmark-html-parser\0.34.30\flexmark-html-parser-0.34.30.jar;C:\Users\ponda\.m2\repository\com\vladsch\flexmark\flexmark-jira-converter\0.34.30\flexmark-jira-converter-0.34.30.jar;C:\Users\ponda\.m2\repository\com\vladsch\flexmark\flexmark-pdf-converter\0.34.30\flexmark-pdf-converter-0.34.30.jar;C:\Users\ponda\.m2\repository\com\openhtmltopdf\openhtmltopdf-core\0.0.1-RC13\openhtmltopdf-core-0.0.1-RC13.jar;C:\Users\ponda\.m2\repository\com\openhtmltopdf\openhtmltopdf-pdfbox\0.0.1-RC13\openhtmltopdf-pdfbox-0.0.1-RC13.jar;C:\Users\ponda\.m2\repository\org\apache\pdfbox\pdfbox\2.0.8\pdfbox-2.0.8.jar;C:\Users\ponda\.m2\repository\org\apache\pdfbox\fontbox\2.0.8\fontbox-2.0.8.jar;C:\Users\ponda\.m2\repository\commons-logging\commons-logging\1.2\commons-logging-1.2.jar;C:\Users\ponda\.m2\repository\org\apache\pdfbox\xmpbox\2.0.8\xmpbox-2.0.8.jar;C:\Users\ponda\.m2\repository\de\rototor\pdfbox\graphics2d\0.12\graphics2d-0.12.jar;C:\Users\ponda\.m2\repository\com\openhtmltopdf\openhtmltopdf-rtl-support\0.0.1-RC13\openhtmltopdf-rtl-support-0.0.1-RC13.jar;C:\Users\ponda\.m2\repository\com\ibm\icu\icu4j\59.1\icu4j-59.1.jar;C:\Users\ponda\.m2\repository\com\openhtmltopdf\openhtmltopdf-jsoup-dom-converter\0.0.1-RC13\openhtmltopdf-jsoup-dom-converter-0.0.1-RC13.jar;C:\Users\ponda\.m2\repository\com\vladsch\flexmark\flexmark-profile-pegdown\0.34.30\flexmark-profile-pegdown-0.34.30.jar;C:\Users\ponda\.m2\repository\com\vladsch\flexmark\flexmark-util\0.34.30\flexmark-util-0.34.30.jar;C:\Users\ponda\.m2\repository\com\vladsch\flexmark\flexmark-youtrack-converter\0.34.30\flexmark-youtrack-converter-0.34.30.jar;C:\Users\ponda\.m2\repository\es\nitaur\markdown\txtmark\0.16\txtmark-0.16.jar;C:\Users\ponda\.m2\repository\net\serenity-bdd\serenity-report-resources\3.2.1\serenity-report-resources-3.2.1.jar;C:\Users\ponda\.m2\repository\com\google\code\gson\gson\2.9.0\gson-2.9.0.jar;C:\Users\ponda\.m2\repository\com\fasterxml\jackson\core\jackson-core\2.13.2\jackson-core-2.13.2.jar;C:\Users\ponda\.m2\repository\com\fasterxml\jackson\core\jackson-databind\2.13.2\jackson-databind-2.13.2.jar;C:\Users\ponda\.m2\repository\com\fasterxml\jackson\core\jackson-annotations\2.13.2\jackson-annotations-2.13.2.jar;C:\Users\ponda\.m2\repository\commons-codec\commons-codec\1.15\commons-codec-1.15.jar;C:\Users\ponda\.m2\repository\commons-io\commons-io\2.11.0\commons-io-2.11.0.jar;C:\Users\ponda\.m2\repository\org\seleniumhq\selenium\selenium-java\4.1.2\selenium-java-4.1.2.jar;C:\Users\ponda\.m2\repository\org\seleniumhq\selenium\selenium-devtools-v85\4.1.2\selenium-devtools-v85-4.1.2.jar;C:\Users\ponda\.m2\repository\org\seleniumhq\selenium\selenium-devtools-v95\4.1.2\selenium-devtools-v95-4.1.2.jar;C:\Users\ponda\.m2\repository\org\seleniumhq\selenium\selenium-devtools-v96\4.1.2\selenium-devtools-v96-4.1.2.jar;C:\Users\ponda\.m2\repository\org\seleniumhq\selenium\selenium-devtools-v97\4.1.2\selenium-devtools-v97-4.1.2.jar;C:\Users\ponda\.m2\repository\org\seleniumhq\selenium\selenium-firefox-xpi-driver\4.1.2\selenium-firefox-xpi-driver-4.1.2.jar;C:\Users\ponda\.m2\repository\org\seleniumhq\selenium\selenium-opera-driver\4.1.2\selenium-opera-driver-4.1.2.jar;C:\Users\ponda\.m2\repository\org\seleniumhq\selenium\selenium-remote-driver\4.1.2\selenium-remote-driver-4.1.2.jar;C:\Users\ponda\.m2\repository\com\beust\jcommander\1.82\jcommander-1.82.jar;C:\Users\ponda\.m2\repository\io\netty\netty-buffer\4.1.73.Final\netty-buffer-4.1.73.Final.jar;C:\Users\ponda\.m2\repository\io\netty\netty-codec-http\4.1.73.Final\netty-codec-http-4.1.73.Final.jar;C:\Users\ponda\.m2\repository\io\netty\netty-codec\4.1.73.Final\netty-codec-4.1.73.Final.jar;C:\Users\ponda\.m2\repository\io\netty\netty-handler\4.1.73.Final\netty-handler-4.1.73.Final.jar;C:\Users\ponda\.m2\repository\io\netty\netty-tcnative-classes\2.0.46.Final\netty-tcnative-classes-2.0.46.Final.jar;C:\Users\ponda\.m2\repository\io\netty\netty-common\4.1.73.Final\netty-common-4.1.73.Final.jar;C:\Users\ponda\.m2\repository\io\netty\netty-transport-classes-epoll\4.1.73.Final\netty-transport-classes-epoll-4.1.73.Final.jar;C:\Users\ponda\.m2\repository\io\netty\netty-transport-classes-kqueue\4.1.73.Final\netty-transport-classes-kqueue-4.1.73.Final.jar;C:\Users\ponda\.m2\repository\io\netty\netty-transport-native-epoll\4.1.73.Final\netty-transport-native-epoll-4.1.73.Final.jar;C:\Users\ponda\.m2\repository\io\netty\netty-transport-native-kqueue\4.1.73.Final\netty-transport-native-kqueue-4.1.73.Final.jar;C:\Users\ponda\.m2\repository\io\netty\netty-transport-native-unix-common\4.1.73.Final\netty-transport-native-unix-common-4.1.73.Final.jar;C:\Users\ponda\.m2\repository\io\netty\netty-transport\4.1.73.Final\netty-transport-4.1.73.Final.jar;C:\Users\ponda\.m2\repository\io\netty\netty-resolver\4.1.73.Final\netty-resolver-4.1.73.Final.jar;C:\Users\ponda\.m2\repository\io\opentelemetry\opentelemetry-api\1.10.1\opentelemetry-api-1.10.1.jar;C:\Users\ponda\.m2\repository\io\opentelemetry\opentelemetry-context\1.10.1\opentelemetry-context-1.10.1.jar;C:\Users\ponda\.m2\repository\io\opentelemetry\opentelemetry-exporter-logging\1.10.1\opentelemetry-exporter-logging-1.10.1.jar;C:\Users\ponda\.m2\repository\io\opentelemetry\opentelemetry-sdk-metrics\1.10.1-alpha\opentelemetry-sdk-metrics-1.10.1-alpha.jar;C:\Users\ponda\.m2\repository\io\opentelemetry\opentelemetry-sdk-logs\1.10.1-alpha\opentelemetry-sdk-logs-1.10.1-alpha.jar;C:\Users\ponda\.m2\repository\io\opentelemetry\opentelemetry-sdk-common\1.10.1\opentelemetry-sdk-common-1.10.1.jar;C:\Users\ponda\.m2\repository\io\opentelemetry\opentelemetry-sdk-extension-autoconfigure-spi\1.10.1\opentelemetry-sdk-extension-autoconfigure-spi-1.10.1.jar;C:\Users\ponda\.m2\repository\io\opentelemetry\opentelemetry-sdk-extension-autoconfigure\1.10.1-alpha\opentelemetry-sdk-extension-autoconfigure-1.10.1-alpha.jar;C:\Users\ponda\.m2\repository\io\opentelemetry\opentelemetry-sdk-trace\1.10.1\opentelemetry-sdk-trace-1.10.1.jar;C:\Users\ponda\.m2\repository\io\opentelemetry\opentelemetry-sdk\1.10.1\opentelemetry-sdk-1.10.1.jar;C:\Users\ponda\.m2\repository\io\opentelemetry\opentelemetry-semconv\1.10.1-alpha\opentelemetry-semconv-1.10.1-alpha.jar;C:\Users\ponda\.m2\repository\io\ous\jtoml\2.0.0\jtoml-2.0.0.jar;C:\Users\ponda\.m2\repository\org\apache\commons\commons-exec\1.3\commons-exec-1.3.jar;C:\Users\ponda\.m2\repository\org\asynchttpclient\async-http-client\2.12.3\async-http-client-2.12.3.jar;C:\Users\ponda\.m2\repository\org\asynchttpclient\async-http-client-netty-utils\2.12.3\async-http-client-netty-utils-2.12.3.jar;C:\Users\ponda\.m2\repository\io\netty\netty-codec-socks\4.1.60.Final\netty-codec-socks-4.1.60.Final.jar;C:\Users\ponda\.m2\repository\io\netty\netty-handler-proxy\4.1.60.Final\netty-handler-proxy-4.1.60.Final.jar;C:\Users\ponda\.m2\repository\io\netty\netty-transport-native-epoll\4.1.60.Final\netty-transport-native-epoll-4.1.60.Final-linux-x86_64.jar;C:\Users\ponda\.m2\repository\io\netty\netty-transport-native-kqueue\4.1.60.Final\netty-transport-native-kqueue-4.1.60.Final-osx-x86_64.jar;C:\Users\ponda\.m2\repository\org\reactivestreams\reactive-streams\1.0.3\reactive-streams-1.0.3.jar;C:\Users\ponda\.m2\repository\com\typesafe\netty\netty-reactive-streams\2.0.4\netty-reactive-streams-2.0.4.jar;C:\Users\ponda\.m2\repository\org\seleniumhq\selenium\selenium-http\4.1.2\selenium-http-4.1.2.jar;C:\Users\ponda\.m2\repository\net\jodah\failsafe\2.4.4\failsafe-2.4.4.jar;C:\Users\ponda\.m2\repository\org\seleniumhq\selenium\selenium-safari-driver\4.1.2\selenium-safari-driver-4.1.2.jar;C:\Users\ponda\.m2\repository\org\seleniumhq\selenium\selenium-api\4.1.2\selenium-api-4.1.2.jar;C:\Users\ponda\.m2\repository\org\seleniumhq\selenium\selenium-support\4.1.2\selenium-support-4.1.2.jar;C:\Users\ponda\.m2\repository\com\google\auto\service\auto-service-annotations\1.0.1\auto-service-annotations-1.0.1.jar;C:\Users\ponda\.m2\repository\com\google\auto\service\auto-service\1.0.1\auto-service-1.0.1.jar;C:\Users\ponda\.m2\repository\com\google\auto\auto-common\1.2\auto-common-1.2.jar;C:\Users\ponda\.m2\repository\org\seleniumhq\selenium\selenium-json\4.1.2\selenium-json-4.1.2.jar;C:\Users\ponda\.m2\repository\org\seleniumhq\selenium\selenium-chrome-driver\4.1.2\selenium-chrome-driver-4.1.2.jar;C:\Users\ponda\.m2\repository\org\seleniumhq\selenium\selenium-chromium-driver\4.1.2\selenium-chromium-driver-4.1.2.jar;C:\Users\ponda\.m2\repository\org\seleniumhq\selenium\selenium-firefox-driver\4.1.2\selenium-firefox-driver-4.1.2.jar;C:\Users\ponda\.m2\repository\org\seleniumhq\selenium\selenium-edge-driver\4.1.2\selenium-edge-driver-4.1.2.jar;C:\Users\ponda\.m2\repository\org\seleniumhq\selenium\selenium-ie-driver\4.1.2\selenium-ie-driver-4.1.2.jar;C:\Users\ponda\.m2\repository\org\projectlombok\lombok\1.18.20\lombok-1.18.20.jar;C:\Users\ponda\.m2\repository\io\appium\java-client\8.0.0\java-client-8.0.0.jar;C:\Users\ponda\.m2\repository\commons-validator\commons-validator\1.7\commons-validator-1.7.jar;C:\Users\ponda\.m2\repository\commons-digester\commons-digester\2.1\commons-digester-2.1.jar;C:\Users\ponda\.m2\repository\org\aspectj\aspectjweaver\1.9.8\aspectjweaver-1.9.8.jar;C:\Users\ponda\.m2\repository\org\codehaus\groovy\groovy\3.0.10\groovy-3.0.10.jar;C:\Users\ponda\.m2\repository\net\sf\opencsv\opencsv\2.0\opencsv-2.0.jar;C:\Users\ponda\.m2\repository\commons-beanutils\commons-beanutils\1.9.4\commons-beanutils-1.9.4.jar;C:\Users\ponda\.m2\repository\org\apache\commons\commons-lang3\3.12.0\commons-lang3-3.12.0.jar;C:\Users\ponda\.m2\repository\commons-collections\commons-collections\3.2.2\commons-collections-3.2.2.jar;C:\Users\ponda\.m2\repository\org\fluentlenium\fluentlenium-core\0.10.2\fluentlenium-core-0.10.2.jar;C:\Users\ponda\.m2\repository\io\github\bonigarcia\webdrivermanager\5.1.0\webdrivermanager-5.1.0.jar;C:\Users\ponda\.m2\repository\com\github\docker-java\docker-java\3.2.13\docker-java-3.2.13.jar;C:\Users\ponda\.m2\repository\com\github\docker-java\docker-java-core\3.2.13\docker-java-core-3.2.13.jar;C:\Users\ponda\.m2\repository\com\github\docker-java\docker-java-api\3.2.13\docker-java-api-3.2.13.jar;C:\Users\ponda\.m2\repository\org\apache\commons\commons-compress\1.21\commons-compress-1.21.jar;C:\Users\ponda\.m2\repository\org\bouncycastle\bcpkix-jdk15on\1.64\bcpkix-jdk15on-1.64.jar;C:\Users\ponda\.m2\repository\org\bouncycastle\bcprov-jdk15on\1.64\bcprov-jdk15on-1.64.jar;C:\Users\ponda\.m2\repository\org\slf4j\jcl-over-slf4j\1.7.30\jcl-over-slf4j-1.7.30.jar;C:\Users\ponda\.m2\repository\com\github\docker-java\docker-java-transport-httpclient5\3.2.13\docker-java-transport-httpclient5-3.2.13.jar;C:\Users\ponda\.m2\repository\com\github\docker-java\docker-java-transport\3.2.13\docker-java-transport-3.2.13.jar;C:\Users\ponda\.m2\repository\org\apache\httpcomponents\client5\httpclient5\5.0.3\httpclient5-5.0.3.jar;C:\Users\ponda\.m2\repository\org\apache\httpcomponents\core5\httpcore5\5.0.2\httpcore5-5.0.2.jar;C:\Users\ponda\.m2\repository\net\java\dev\jna\jna\5.8.0\jna-5.8.0.jar;C:\Users\ponda\.m2\repository\org\brotli\dec\0.1.2\dec-0.1.2.jar;C:\Users\ponda\.m2\repository\com\jhlabs\filters\2.0.235\filters-2.0.235.jar;C:\Users\ponda\.m2\repository\com\paulhammant\ngwebdriver\1.1.6\ngwebdriver-1.1.6.jar;C:\Users\ponda\.m2\repository\joda-time\joda-time\2.8.2\joda-time-2.8.2.jar;C:\Users\ponda\.m2\repository\org\hamcrest\hamcrest\2.2\hamcrest-2.2.jar;C:\Users\ponda\.m2\repository\com\google\jimfs\jimfs\1.2\jimfs-1.2.jar;C:\Users\ponda\.m2\repository\org\mockito\mockito-core\3.3.3\mockito-core-3.3.3.jar;C:\Users\ponda\.m2\repository\javax\xml\bind\jaxb-api\2.3.1\jaxb-api-2.3.1.jar;C:\Users\ponda\.m2\repository\javax\activation\javax.activation-api\1.2.0\javax.activation-api-1.2.0.jar;C:\Users\ponda\.m2\repository\com\sun\xml\bind\jaxb-core\2.3.0.1\jaxb-core-2.3.0.1.jar;C:\Users\ponda\.m2\repository\com\sun\xml\bind\jaxb-impl\2.3.3\jaxb-impl-2.3.3.jar;C:\Users\ponda\.m2\repository\jakarta\xml\bind\jakarta.xml.bind-api\2.3.3\jakarta.xml.bind-api-2.3.3.jar;C:\Users\ponda\.m2\repository\com\sun\activation\jakarta.activation\1.2.2\jakarta.activation-1.2.2.jar;C:\Users\ponda\.m2\repository\javax\activation\activation\1.1.1\activation-1.1.1.jar;C:\Users\ponda\.m2\repository\net\serenity-bdd\serenity-cucumber\3.2.1\serenity-cucumber-3.2.1.jar;C:\Users\ponda\.m2\repository\io\cucumber\cucumber-core\7.2.3\cucumber-core-7.2.3.jar;C:\Users\ponda\.m2\repository\io\cucumber\cucumber-gherkin\7.2.3\cucumber-gherkin-7.2.3.jar;C:\Users\ponda\.m2\repository\io\cucumber\cucumber-gherkin-messages\7.2.3\cucumber-gherkin-messages-7.2.3.jar;C:\Users\ponda\.m2\repository\io\cucumber\messages\17.1.1\messages-17.1.1.jar;C:\Users\ponda\.m2\repository\io\cucumber\tag-expressions\4.1.0\tag-expressions-4.1.0.jar;C:\Users\ponda\.m2\repository\io\cucumber\cucumber-expressions\15.0.1\cucumber-expressions-15.0.1.jar;C:\Users\ponda\.m2\repository\io\cucumber\datatable\7.2.3\datatable-7.2.3.jar;C:\Users\ponda\.m2\repository\io\cucumber\cucumber-plugin\7.2.3\cucumber-plugin-7.2.3.jar;C:\Users\ponda\.m2\repository\io\cucumber\docstring\7.2.3\docstring-7.2.3.jar;C:\Users\ponda\.m2\repository\io\cucumber\html-formatter\17.0.0\html-formatter-17.0.0.jar;C:\Users\ponda\.m2\repository\io\cucumber\ci-environment\8.1.0\ci-environment-8.1.0.jar;C:\Users\ponda\.m2\repository\io\cucumber\cucumber-junit\7.2.3\cucumber-junit-7.2.3.jar;C:\Users\ponda\.m2\repository\org\apache\commons\commons-csv\1.5\commons-csv-1.5.jar;C:\Users\ponda\.m2\repository\net\serenity-bdd\serenity-screenplay\3.2.1\serenity-screenplay-3.2.1.jar;C:\Users\ponda\.m2\repository\net\serenity-bdd\serenity-screenplay-webdriver\3.2.1\serenity-screenplay-webdriver-3.2.1.jar;C:\Users\ponda\.m2\repository\net\serenity-bdd\serenity-ensure\3.2.1\serenity-ensure-3.2.1.jar;C:\Users\ponda\.m2\repository\net\serenity-bdd\serenity-junit\3.2.1\serenity-junit-3.2.1.jar;C:\Users\ponda\.m2\repository\org\jetbrains\kotlin\kotlin-stdlib\1.6.0\kotlin-stdlib-1.6.0.jar;C:\Users\ponda\.m2\repository\org\jetbrains\annotations\13.0\annotations-13.0.jar;C:\Users\ponda\.m2\repository\org\jetbrains\kotlin\kotlin-stdlib-common\1.6.0\kotlin-stdlib-common-1.6.0.jar;C:\Users\ponda\.m2\repository\org\junit\platform\junit-platform-launcher\1.8.1\junit-platform-launcher-1.8.1.jar;C:\Users\ponda\.m2\repository\org\junit\platform\junit-platform-engine\1.8.1\junit-platform-engine-1.8.1.jar;C:\Users\ponda\.m2\repository\org\opentest4j\opentest4j\1.2.0\opentest4j-1.2.0.jar;C:\Users\ponda\.m2\repository\org\junit\platform\junit-platform-commons\1.8.1\junit-platform-commons-1.8.1.jar;C:\Users\ponda\.m2\repository\org\apiguardian\apiguardian-api\1.1.2\apiguardian-api-1.1.2.jar;C:\Users\ponda\.m2\repository\org\junit\jupiter\junit-jupiter-engine\5.8.2\junit-jupiter-engine-5.8.2.jar;C:\Users\ponda\.m2\repository\org\junit\jupiter\junit-jupiter-api\5.8.2\junit-jupiter-api-5.8.2.jar;C:\Users\ponda\.m2\repository\org\junit\vintage\junit-vintage-engine\5.8.2\junit-vintage-engine-5.8.2.jar;C:\Users\ponda\.m2\repository\junit\junit\4.13.2\junit-4.13.2.jar;C:\Users\ponda\.m2\repository\org\hamcrest\hamcrest-core\1.3\hamcrest-core-1.3.jar;C:\Users\ponda\.m2\repository\ch\qos\logback\logback-classic\1.2.10\logback-classic-1.2.10.jar;C:\Users\ponda\.m2\repository\ch\qos\logback\logback-core\1.2.10\logback-core-1.2.10.jar;C:\Users\ponda\.m2\repository\org\slf4j\slf4j-api\1.7.32\slf4j-api-1.7.32.jar;C:\Users\ponda\.m2\repository\org\assertj\assertj-core\3.6.2\assertj-core-3.6.2.jar;"/>
    <property name="java.vm.vendor" value="Oracle Corporation"/>
    <property name="sun.arch.data.model" value="64"/>
    <property name="user.variant" value=""/>
    <property name="java.vendor.url" value="https://java.oracle.com/"/>
    <property name="user.timezone" value="Asia/Jakarta"/>
    <property name="log4j2.formatMsgNoLookups" value="true"/>
    <property name="os.name" value="Windows 10"/>
    <property name="java.vm.specification.version" value="15"/>
    <property name="sun.java.launcher" value="SUN_STANDARD"/>
    <property name="user.country" value="ID"/>
    <property name="sun.boot.library.path" value="C:\Program Files\Java\jdk-15.0.2\bin"/>
    <property name="sun.java.command" value="org.apache.maven.surefire.booter.ForkedBooter C:\Users\ponda\AppData\Local\Temp\surefire3283511744821722220 2022-05-17T16-03-42_008-jvmRun1 surefire12130536856299915312tmp surefire_018123468494190638888tmp"/>
    <property name="jdk.debug" value="release"/>
    <property name="surefire.test.class.path" value="C:\Users\ponda\Documents\Final_Project\Final_Web\target\test-classes;C:\Users\ponda\.m2\repository\net\serenity-bdd\serenity-core\3.2.1\serenity-core-3.2.1.jar;C:\Users\ponda\.m2\repository\net\serenity-bdd\serenity-model\3.2.1\serenity-model-3.2.1.jar;C:\Users\ponda\.m2\repository\org\apache\commons\commons-text\1.9\commons-text-1.9.jar;C:\Users\ponda\.m2\repository\commons-net\commons-net\3.8.0\commons-net-3.8.0.jar;C:\Users\ponda\.m2\repository\com\google\guava\guava\31.1-jre\guava-31.1-jre.jar;C:\Users\ponda\.m2\repository\com\google\guava\failureaccess\1.0.1\failureaccess-1.0.1.jar;C:\Users\ponda\.m2\repository\com\google\guava\listenablefuture\9999.0-empty-to-avoid-conflict-with-guava\listenablefuture-9999.0-empty-to-avoid-conflict-with-guava.jar;C:\Users\ponda\.m2\repository\com\google\code\findbugs\jsr305\3.0.2\jsr305-3.0.2.jar;C:\Users\ponda\.m2\repository\org\checkerframework\checker-qual\3.12.0\checker-qual-3.12.0.jar;C:\Users\ponda\.m2\repository\com\google\errorprone\error_prone_annotations\2.11.0\error_prone_annotations-2.11.0.jar;C:\Users\ponda\.m2\repository\com\google\j2objc\j2objc-annotations\1.3\j2objc-annotations-1.3.jar;C:\Users\ponda\.m2\repository\com\google\inject\guice\5.1.0\guice-5.1.0.jar;C:\Users\ponda\.m2\repository\javax\inject\javax.inject\1\javax.inject-1.jar;C:\Users\ponda\.m2\repository\aopalliance\aopalliance\1.0\aopalliance-1.0.jar;C:\Users\ponda\.m2\repository\org\jsoup\jsoup\1.14.3\jsoup-1.14.3.jar;C:\Users\ponda\.m2\repository\com\thoughtworks\xstream\xstream\1.4.19\xstream-1.4.19.jar;C:\Users\ponda\.m2\repository\io\github\x-stream\mxparser\1.2.2\mxparser-1.2.2.jar;C:\Users\ponda\.m2\repository\xmlpull\xmlpull\1.1.3.1\xmlpull-1.1.3.1.jar;C:\Users\ponda\.m2\repository\io\cucumber\cucumber-java\7.2.3\cucumber-java-7.2.3.jar;C:\Users\ponda\.m2\repository\com\typesafe\config\1.4.2\config-1.4.2.jar;C:\Users\ponda\.m2\repository\org\imgscalr\imgscalr-lib\4.2\imgscalr-lib-4.2.jar;C:\Users\ponda\.m2\repository\org\awaitility\awaitility\4.2.0\awaitility-4.2.0.jar;C:\Users\ponda\.m2\repository\org\freemarker\freemarker\2.3.31\freemarker-2.3.31.jar;C:\Users\ponda\.m2\repository\io\github\classgraph\classgraph\4.8.138\classgraph-4.8.138.jar;C:\Users\ponda\.m2\repository\net\sourceforge\jexcelapi\jxl\2.6.12\jxl-2.6.12.jar;C:\Users\ponda\.m2\repository\net\bytebuddy\byte-buddy\1.12.8\byte-buddy-1.12.8.jar;C:\Users\ponda\.m2\repository\net\bytebuddy\byte-buddy-agent\1.12.8\byte-buddy-agent-1.12.8.jar;C:\Users\ponda\.m2\repository\org\objenesis\objenesis\3.1\objenesis-3.1.jar;C:\Users\ponda\.m2\repository\net\serenity-bdd\serenity-reports\3.2.1\serenity-reports-3.2.1.jar;C:\Users\ponda\.m2\repository\net\serenity-bdd\serenity-stats\3.2.1\serenity-stats-3.2.1.jar;C:\Users\ponda\.m2\repository\net\serenity-bdd\serenity-reports-configuration\3.2.1\serenity-reports-configuration-3.2.1.jar;C:\Users\ponda\.m2\repository\com\vladsch\flexmark\flexmark-all\0.34.30\flexmark-all-0.34.30.jar;C:\Users\ponda\.m2\repository\com\vladsch\flexmark\flexmark\0.34.30\flexmark-0.34.30.jar;C:\Users\ponda\.m2\repository\com\vladsch\flexmark\flexmark-ext-abbreviation\0.34.30\flexmark-ext-abbreviation-0.34.30.jar;C:\Users\ponda\.m2\repository\com\vladsch\flexmark\flexmark-ext-admonition\0.34.30\flexmark-ext-admonition-0.34.30.jar;C:\Users\ponda\.m2\repository\com\vladsch\flexmark\flexmark-ext-anchorlink\0.34.30\flexmark-ext-anchorlink-0.34.30.jar;C:\Users\ponda\.m2\repository\com\vladsch\flexmark\flexmark-ext-aside\0.34.30\flexmark-ext-aside-0.34.30.jar;C:\Users\ponda\.m2\repository\com\vladsch\flexmark\flexmark-ext-attributes\0.34.30\flexmark-ext-attributes-0.34.30.jar;C:\Users\ponda\.m2\repository\com\vladsch\flexmark\flexmark-ext-autolink\0.34.30\flexmark-ext-autolink-0.34.30.jar;C:\Users\ponda\.m2\repository\org\nibor\autolink\autolink\0.6.0\autolink-0.6.0.jar;C:\Users\ponda\.m2\repository\com\vladsch\flexmark\flexmark-ext-definition\0.34.30\flexmark-ext-definition-0.34.30.jar;C:\Users\ponda\.m2\repository\com\vladsch\flexmark\flexmark-ext-emoji\0.34.30\flexmark-ext-emoji-0.34.30.jar;C:\Users\ponda\.m2\repository\com\vladsch\flexmark\flexmark-ext-enumerated-reference\0.34.30\flexmark-ext-enumerated-reference-0.34.30.jar;C:\Users\ponda\.m2\repository\com\vladsch\flexmark\flexmark-ext-escaped-character\0.34.30\flexmark-ext-escaped-character-0.34.30.jar;C:\Users\ponda\.m2\repository\com\vladsch\flexmark\flexmark-ext-footnotes\0.34.30\flexmark-ext-footnotes-0.34.30.jar;C:\Users\ponda\.m2\repository\com\vladsch\flexmark\flexmark-ext-gfm-issues\0.34.30\flexmark-ext-gfm-issues-0.34.30.jar;C:\Users\ponda\.m2\repository\com\vladsch\flexmark\flexmark-ext-gfm-strikethrough\0.34.30\flexmark-ext-gfm-strikethrough-0.34.30.jar;C:\Users\ponda\.m2\repository\com\vladsch\flexmark\flexmark-ext-gfm-tables\0.34.30\flexmark-ext-gfm-tables-0.34.30.jar;C:\Users\ponda\.m2\repository\com\vladsch\flexmark\flexmark-ext-gfm-tasklist\0.34.30\flexmark-ext-gfm-tasklist-0.34.30.jar;C:\Users\ponda\.m2\repository\com\vladsch\flexmark\flexmark-ext-gfm-users\0.34.30\flexmark-ext-gfm-users-0.34.30.jar;C:\Users\ponda\.m2\repository\com\vladsch\flexmark\flexmark-ext-gitlab\0.34.30\flexmark-ext-gitlab-0.34.30.jar;C:\Users\ponda\.m2\repository\com\vladsch\flexmark\flexmark-ext-jekyll-front-matter\0.34.30\flexmark-ext-jekyll-front-matter-0.34.30.jar;C:\Users\ponda\.m2\repository\com\vladsch\flexmark\flexmark-ext-jekyll-tag\0.34.30\flexmark-ext-jekyll-tag-0.34.30.jar;C:\Users\ponda\.m2\repository\com\vladsch\flexmark\flexmark-ext-media-tags\0.34.30\flexmark-ext-media-tags-0.34.30.jar;C:\Users\ponda\.m2\repository\com\vladsch\flexmark\flexmark-test-util\0.34.30\flexmark-test-util-0.34.30.jar;C:\Users\ponda\.m2\repository\com\vladsch\flexmark\flexmark-ext-ins\0.34.30\flexmark-ext-ins-0.34.30.jar;C:\Users\ponda\.m2\repository\com\vladsch\flexmark\flexmark-ext-xwiki-macros\0.34.30\flexmark-ext-xwiki-macros-0.34.30.jar;C:\Users\ponda\.m2\repository\com\vladsch\flexmark\flexmark-ext-superscript\0.34.30\flexmark-ext-superscript-0.34.30.jar;C:\Users\ponda\.m2\repository\com\vladsch\flexmark\flexmark-ext-tables\0.34.30\flexmark-ext-tables-0.34.30.jar;C:\Users\ponda\.m2\repository\com\vladsch\flexmark\flexmark-ext-toc\0.34.30\flexmark-ext-toc-0.34.30.jar;C:\Users\ponda\.m2\repository\com\vladsch\flexmark\flexmark-ext-typographic\0.34.30\flexmark-ext-typographic-0.34.30.jar;C:\Users\ponda\.m2\repository\com\vladsch\flexmark\flexmark-ext-wikilink\0.34.30\flexmark-ext-wikilink-0.34.30.jar;C:\Users\ponda\.m2\repository\com\vladsch\flexmark\flexmark-ext-yaml-front-matter\0.34.30\flexmark-ext-yaml-front-matter-0.34.30.jar;C:\Users\ponda\.m2\repository\com\vladsch\flexmark\flexmark-ext-youtube-embedded\0.34.30\flexmark-ext-youtube-embedded-0.34.30.jar;C:\Users\ponda\.m2\repository\com\vladsch\flexmark\flexmark-formatter\0.34.30\flexmark-formatter-0.34.30.jar;C:\Users\ponda\.m2\repository\com\vladsch\flexmark\flexmark-html-parser\0.34.30\flexmark-html-parser-0.34.30.jar;C:\Users\ponda\.m2\repository\com\vladsch\flexmark\flexmark-jira-converter\0.34.30\flexmark-jira-converter-0.34.30.jar;C:\Users\ponda\.m2\repository\com\vladsch\flexmark\flexmark-pdf-converter\0.34.30\flexmark-pdf-converter-0.34.30.jar;C:\Users\ponda\.m2\repository\com\openhtmltopdf\openhtmltopdf-core\0.0.1-RC13\openhtmltopdf-core-0.0.1-RC13.jar;C:\Users\ponda\.m2\repository\com\openhtmltopdf\openhtmltopdf-pdfbox\0.0.1-RC13\openhtmltopdf-pdfbox-0.0.1-RC13.jar;C:\Users\ponda\.m2\repository\org\apache\pdfbox\pdfbox\2.0.8\pdfbox-2.0.8.jar;C:\Users\ponda\.m2\repository\org\apache\pdfbox\fontbox\2.0.8\fontbox-2.0.8.jar;C:\Users\ponda\.m2\repository\commons-logging\commons-logging\1.2\commons-logging-1.2.jar;C:\Users\ponda\.m2\repository\org\apache\pdfbox\xmpbox\2.0.8\xmpbox-2.0.8.jar;C:\Users\ponda\.m2\repository\de\rototor\pdfbox\graphics2d\0.12\graphics2d-0.12.jar;C:\Users\ponda\.m2\repository\com\openhtmltopdf\openhtmltopdf-rtl-support\0.0.1-RC13\openhtmltopdf-rtl-support-0.0.1-RC13.jar;C:\Users\ponda\.m2\repository\com\ibm\icu\icu4j\59.1\icu4j-59.1.jar;C:\Users\ponda\.m2\repository\com\openhtmltopdf\openhtmltopdf-jsoup-dom-converter\0.0.1-RC13\openhtmltopdf-jsoup-dom-converter-0.0.1-RC13.jar;C:\Users\ponda\.m2\repository\com\vladsch\flexmark\flexmark-profile-pegdown\0.34.30\flexmark-profile-pegdown-0.34.30.jar;C:\Users\ponda\.m2\repository\com\vladsch\flexmark\flexmark-util\0.34.30\flexmark-util-0.34.30.jar;C:\Users\ponda\.m2\repository\com\vladsch\flexmark\flexmark-youtrack-converter\0.34.30\flexmark-youtrack-converter-0.34.30.jar;C:\Users\ponda\.m2\repository\es\nitaur\markdown\txtmark\0.16\txtmark-0.16.jar;C:\Users\ponda\.m2\repository\net\serenity-bdd\serenity-report-resources\3.2.1\serenity-report-resources-3.2.1.jar;C:\Users\ponda\.m2\repository\com\google\code\gson\gson\2.9.0\gson-2.9.0.jar;C:\Users\ponda\.m2\repository\com\fasterxml\jackson\core\jackson-core\2.13.2\jackson-core-2.13.2.jar;C:\Users\ponda\.m2\repository\com\fasterxml\jackson\core\jackson-databind\2.13.2\jackson-databind-2.13.2.jar;C:\Users\ponda\.m2\repository\com\fasterxml\jackson\core\jackson-annotations\2.13.2\jackson-annotations-2.13.2.jar;C:\Users\ponda\.m2\repository\commons-codec\commons-codec\1.15\commons-codec-1.15.jar;C:\Users\ponda\.m2\repository\commons-io\commons-io\2.11.0\commons-io-2.11.0.jar;C:\Users\ponda\.m2\repository\org\seleniumhq\selenium\selenium-java\4.1.2\selenium-java-4.1.2.jar;C:\Users\ponda\.m2\repository\org\seleniumhq\selenium\selenium-devtools-v85\4.1.2\selenium-devtools-v85-4.1.2.jar;C:\Users\ponda\.m2\repository\org\seleniumhq\selenium\selenium-devtools-v95\4.1.2\selenium-devtools-v95-4.1.2.jar;C:\Users\ponda\.m2\repository\org\seleniumhq\selenium\selenium-devtools-v96\4.1.2\selenium-devtools-v96-4.1.2.jar;C:\Users\ponda\.m2\repository\org\seleniumhq\selenium\selenium-devtools-v97\4.1.2\selenium-devtools-v97-4.1.2.jar;C:\Users\ponda\.m2\repository\org\seleniumhq\selenium\selenium-firefox-xpi-driver\4.1.2\selenium-firefox-xpi-driver-4.1.2.jar;C:\Users\ponda\.m2\repository\org\seleniumhq\selenium\selenium-opera-driver\4.1.2\selenium-opera-driver-4.1.2.jar;C:\Users\ponda\.m2\repository\org\seleniumhq\selenium\selenium-remote-driver\4.1.2\selenium-remote-driver-4.1.2.jar;C:\Users\ponda\.m2\repository\com\beust\jcommander\1.82\jcommander-1.82.jar;C:\Users\ponda\.m2\repository\io\netty\netty-buffer\4.1.73.Final\netty-buffer-4.1.73.Final.jar;C:\Users\ponda\.m2\repository\io\netty\netty-codec-http\4.1.73.Final\netty-codec-http-4.1.73.Final.jar;C:\Users\ponda\.m2\repository\io\netty\netty-codec\4.1.73.Final\netty-codec-4.1.73.Final.jar;C:\Users\ponda\.m2\repository\io\netty\netty-handler\4.1.73.Final\netty-handler-4.1.73.Final.jar;C:\Users\ponda\.m2\repository\io\netty\netty-tcnative-classes\2.0.46.Final\netty-tcnative-classes-2.0.46.Final.jar;C:\Users\ponda\.m2\repository\io\netty\netty-common\4.1.73.Final\netty-common-4.1.73.Final.jar;C:\Users\ponda\.m2\repository\io\netty\netty-transport-classes-epoll\4.1.73.Final\netty-transport-classes-epoll-4.1.73.Final.jar;C:\Users\ponda\.m2\repository\io\netty\netty-transport-classes-kqueue\4.1.73.Final\netty-transport-classes-kqueue-4.1.73.Final.jar;C:\Users\ponda\.m2\repository\io\netty\netty-transport-native-epoll\4.1.73.Final\netty-transport-native-epoll-4.1.73.Final.jar;C:\Users\ponda\.m2\repository\io\netty\netty-transport-native-kqueue\4.1.73.Final\netty-transport-native-kqueue-4.1.73.Final.jar;C:\Users\ponda\.m2\repository\io\netty\netty-transport-native-unix-common\4.1.73.Final\netty-transport-native-unix-common-4.1.73.Final.jar;C:\Users\ponda\.m2\repository\io\netty\netty-transport\4.1.73.Final\netty-transport-4.1.73.Final.jar;C:\Users\ponda\.m2\repository\io\netty\netty-resolver\4.1.73.Final\netty-resolver-4.1.73.Final.jar;C:\Users\ponda\.m2\repository\io\opentelemetry\opentelemetry-api\1.10.1\opentelemetry-api-1.10.1.jar;C:\Users\ponda\.m2\repository\io\opentelemetry\opentelemetry-context\1.10.1\opentelemetry-context-1.10.1.jar;C:\Users\ponda\.m2\repository\io\opentelemetry\opentelemetry-exporter-logging\1.10.1\opentelemetry-exporter-logging-1.10.1.jar;C:\Users\ponda\.m2\repository\io\opentelemetry\opentelemetry-sdk-metrics\1.10.1-alpha\opentelemetry-sdk-metrics-1.10.1-alpha.jar;C:\Users\ponda\.m2\repository\io\opentelemetry\opentelemetry-sdk-logs\1.10.1-alpha\opentelemetry-sdk-logs-1.10.1-alpha.jar;C:\Users\ponda\.m2\repository\io\opentelemetry\opentelemetry-sdk-common\1.10.1\opentelemetry-sdk-common-1.10.1.jar;C:\Users\ponda\.m2\repository\io\opentelemetry\opentelemetry-sdk-extension-autoconfigure-spi\1.10.1\opentelemetry-sdk-extension-autoconfigure-spi-1.10.1.jar;C:\Users\ponda\.m2\repository\io\opentelemetry\opentelemetry-sdk-extension-autoconfigure\1.10.1-alpha\opentelemetry-sdk-extension-autoconfigure-1.10.1-alpha.jar;C:\Users\ponda\.m2\repository\io\opentelemetry\opentelemetry-sdk-trace\1.10.1\opentelemetry-sdk-trace-1.10.1.jar;C:\Users\ponda\.m2\repository\io\opentelemetry\opentelemetry-sdk\1.10.1\opentelemetry-sdk-1.10.1.jar;C:\Users\ponda\.m2\repository\io\opentelemetry\opentelemetry-semconv\1.10.1-alpha\opentelemetry-semconv-1.10.1-alpha.jar;C:\Users\ponda\.m2\repository\io\ous\jtoml\2.0.0\jtoml-2.0.0.jar;C:\Users\ponda\.m2\repository\org\apache\commons\commons-exec\1.3\commons-exec-1.3.jar;C:\Users\ponda\.m2\repository\org\asynchttpclient\async-http-client\2.12.3\async-http-client-2.12.3.jar;C:\Users\ponda\.m2\repository\org\asynchttpclient\async-http-client-netty-utils\2.12.3\async-http-client-netty-utils-2.12.3.jar;C:\Users\ponda\.m2\repository\io\netty\netty-codec-socks\4.1.60.Final\netty-codec-socks-4.1.60.Final.jar;C:\Users\ponda\.m2\repository\io\netty\netty-handler-proxy\4.1.60.Final\netty-handler-proxy-4.1.60.Final.jar;C:\Users\ponda\.m2\repository\io\netty\netty-transport-native-epoll\4.1.60.Final\netty-transport-native-epoll-4.1.60.Final-linux-x86_64.jar;C:\Users\ponda\.m2\repository\io\netty\netty-transport-native-kqueue\4.1.60.Final\netty-transport-native-kqueue-4.1.60.Final-osx-x86_64.jar;C:\Users\ponda\.m2\repository\org\reactivestreams\reactive-streams\1.0.3\reactive-streams-1.0.3.jar;C:\Users\ponda\.m2\repository\com\typesafe\netty\netty-reactive-streams\2.0.4\netty-reactive-streams-2.0.4.jar;C:\Users\ponda\.m2\repository\org\seleniumhq\selenium\selenium-http\4.1.2\selenium-http-4.1.2.jar;C:\Users\ponda\.m2\repository\net\jodah\failsafe\2.4.4\failsafe-2.4.4.jar;C:\Users\ponda\.m2\repository\org\seleniumhq\selenium\selenium-safari-driver\4.1.2\selenium-safari-driver-4.1.2.jar;C:\Users\ponda\.m2\repository\org\seleniumhq\selenium\selenium-api\4.1.2\selenium-api-4.1.2.jar;C:\Users\ponda\.m2\repository\org\seleniumhq\selenium\selenium-support\4.1.2\selenium-support-4.1.2.jar;C:\Users\ponda\.m2\repository\com\google\auto\service\auto-service-annotations\1.0.1\auto-service-annotations-1.0.1.jar;C:\Users\ponda\.m2\repository\com\google\auto\service\auto-service\1.0.1\auto-service-1.0.1.jar;C:\Users\ponda\.m2\repository\com\google\auto\auto-common\1.2\auto-common-1.2.jar;C:\Users\ponda\.m2\repository\org\seleniumhq\selenium\selenium-json\4.1.2\selenium-json-4.1.2.jar;C:\Users\ponda\.m2\repository\org\seleniumhq\selenium\selenium-chrome-driver\4.1.2\selenium-chrome-driver-4.1.2.jar;C:\Users\ponda\.m2\repository\org\seleniumhq\selenium\selenium-chromium-driver\4.1.2\selenium-chromium-driver-4.1.2.jar;C:\Users\ponda\.m2\repository\org\seleniumhq\selenium\selenium-firefox-driver\4.1.2\selenium-firefox-driver-4.1.2.jar;C:\Users\ponda\.m2\repository\org\seleniumhq\selenium\selenium-edge-driver\4.1.2\selenium-edge-driver-4.1.2.jar;C:\Users\ponda\.m2\repository\org\seleniumhq\selenium\selenium-ie-driver\4.1.2\selenium-ie-driver-4.1.2.jar;C:\Users\ponda\.m2\repository\org\projectlombok\lombok\1.18.20\lombok-1.18.20.jar;C:\Users\ponda\.m2\repository\io\appium\java-client\8.0.0\java-client-8.0.0.jar;C:\Users\ponda\.m2\repository\commons-validator\commons-validator\1.7\commons-validator-1.7.jar;C:\Users\ponda\.m2\repository\commons-digester\commons-digester\2.1\commons-digester-2.1.jar;C:\Users\ponda\.m2\repository\org\aspectj\aspectjweaver\1.9.8\aspectjweaver-1.9.8.jar;C:\Users\ponda\.m2\repository\org\codehaus\groovy\groovy\3.0.10\groovy-3.0.10.jar;C:\Users\ponda\.m2\repository\net\sf\opencsv\opencsv\2.0\opencsv-2.0.jar;C:\Users\ponda\.m2\repository\commons-beanutils\commons-beanutils\1.9.4\commons-beanutils-1.9.4.jar;C:\Users\ponda\.m2\repository\org\apache\commons\commons-lang3\3.12.0\commons-lang3-3.12.0.jar;C:\Users\ponda\.m2\repository\commons-collections\commons-collections\3.2.2\commons-collections-3.2.2.jar;C:\Users\ponda\.m2\repository\org\fluentlenium\fluentlenium-core\0.10.2\fluentlenium-core-0.10.2.jar;C:\Users\ponda\.m2\repository\io\github\bonigarcia\webdrivermanager\5.1.0\webdrivermanager-5.1.0.jar;C:\Users\ponda\.m2\repository\com\github\docker-java\docker-java\3.2.13\docker-java-3.2.13.jar;C:\Users\ponda\.m2\repository\com\github\docker-java\docker-java-core\3.2.13\docker-java-core-3.2.13.jar;C:\Users\ponda\.m2\repository\com\github\docker-java\docker-java-api\3.2.13\docker-java-api-3.2.13.jar;C:\Users\ponda\.m2\repository\org\apache\commons\commons-compress\1.21\commons-compress-1.21.jar;C:\Users\ponda\.m2\repository\org\bouncycastle\bcpkix-jdk15on\1.64\bcpkix-jdk15on-1.64.jar;C:\Users\ponda\.m2\repository\org\bouncycastle\bcprov-jdk15on\1.64\bcprov-jdk15on-1.64.jar;C:\Users\ponda\.m2\repository\org\slf4j\jcl-over-slf4j\1.7.30\jcl-over-slf4j-1.7.30.jar;C:\Users\ponda\.m2\repository\com\github\docker-java\docker-java-transport-httpclient5\3.2.13\docker-java-transport-httpclient5-3.2.13.jar;C:\Users\ponda\.m2\repository\com\github\docker-java\docker-java-transport\3.2.13\docker-java-transport-3.2.13.jar;C:\Users\ponda\.m2\repository\org\apache\httpcomponents\client5\httpclient5\5.0.3\httpclient5-5.0.3.jar;C:\Users\ponda\.m2\repository\org\apache\httpcomponents\core5\httpcore5\5.0.2\httpcore5-5.0.2.jar;C:\Users\ponda\.m2\repository\net\java\dev\jna\jna\5.8.0\jna-5.8.0.jar;C:\Users\ponda\.m2\repository\org\brotli\dec\0.1.2\dec-0.1.2.jar;C:\Users\ponda\.m2\repository\com\jhlabs\filters\2.0.235\filters-2.0.235.jar;C:\Users\ponda\.m2\repository\com\paulhammant\ngwebdriver\1.1.6\ngwebdriver-1.1.6.jar;C:\Users\ponda\.m2\repository\joda-time\joda-time\2.8.2\joda-time-2.8.2.jar;C:\Users\ponda\.m2\repository\org\hamcrest\hamcrest\2.2\hamcrest-2.2.jar;C:\Users\ponda\.m2\repository\com\google\jimfs\jimfs\1.2\jimfs-1.2.jar;C:\Users\ponda\.m2\repository\org\mockito\mockito-core\3.3.3\mockito-core-3.3.3.jar;C:\Users\ponda\.m2\repository\javax\xml\bind\jaxb-api\2.3.1\jaxb-api-2.3.1.jar;C:\Users\ponda\.m2\repository\javax\activation\javax.activation-api\1.2.0\javax.activation-api-1.2.0.jar;C:\Users\ponda\.m2\repository\com\sun\xml\bind\jaxb-core\2.3.0.1\jaxb-core-2.3.0.1.jar;C:\Users\ponda\.m2\repository\com\sun\xml\bind\jaxb-impl\2.3.3\jaxb-impl-2.3.3.jar;C:\Users\ponda\.m2\repository\jakarta\xml\bind\jakarta.xml.bind-api\2.3.3\jakarta.xml.bind-api-2.3.3.jar;C:\Users\ponda\.m2\repository\com\sun\activation\jakarta.activation\1.2.2\jakarta.activation-1.2.2.jar;C:\Users\ponda\.m2\repository\javax\activation\activation\1.1.1\activation-1.1.1.jar;C:\Users\ponda\.m2\repository\net\serenity-bdd\serenity-cucumber\3.2.1\serenity-cucumber-3.2.1.jar;C:\Users\ponda\.m2\repository\io\cucumber\cucumber-core\7.2.3\cucumber-core-7.2.3.jar;C:\Users\ponda\.m2\repository\io\cucumber\cucumber-gherkin\7.2.3\cucumber-gherkin-7.2.3.jar;C:\Users\ponda\.m2\repository\io\cucumber\cucumber-gherkin-messages\7.2.3\cucumber-gherkin-messages-7.2.3.jar;C:\Users\ponda\.m2\repository\io\cucumber\messages\17.1.1\messages-17.1.1.jar;C:\Users\ponda\.m2\repository\io\cucumber\tag-expressions\4.1.0\tag-expressions-4.1.0.jar;C:\Users\ponda\.m2\repository\io\cucumber\cucumber-expressions\15.0.1\cucumber-expressions-15.0.1.jar;C:\Users\ponda\.m2\repository\io\cucumber\datatable\7.2.3\datatable-7.2.3.jar;C:\Users\ponda\.m2\repository\io\cucumber\cucumber-plugin\7.2.3\cucumber-plugin-7.2.3.jar;C:\Users\ponda\.m2\repository\io\cucumber\docstring\7.2.3\docstring-7.2.3.jar;C:\Users\ponda\.m2\repository\io\cucumber\html-formatter\17.0.0\html-formatter-17.0.0.jar;C:\Users\ponda\.m2\repository\io\cucumber\ci-environment\8.1.0\ci-environment-8.1.0.jar;C:\Users\ponda\.m2\repository\io\cucumber\cucumber-junit\7.2.3\cucumber-junit-7.2.3.jar;C:\Users\ponda\.m2\repository\org\apache\commons\commons-csv\1.5\commons-csv-1.5.jar;C:\Users\ponda\.m2\repository\net\serenity-bdd\serenity-screenplay\3.2.1\serenity-screenplay-3.2.1.jar;C:\Users\ponda\.m2\repository\net\serenity-bdd\serenity-screenplay-webdriver\3.2.1\serenity-screenplay-webdriver-3.2.1.jar;C:\Users\ponda\.m2\repository\net\serenity-bdd\serenity-ensure\3.2.1\serenity-ensure-3.2.1.jar;C:\Users\ponda\.m2\repository\net\serenity-bdd\serenity-junit\3.2.1\serenity-junit-3.2.1.jar;C:\Users\ponda\.m2\repository\org\jetbrains\kotlin\kotlin-stdlib\1.6.0\kotlin-stdlib-1.6.0.jar;C:\Users\ponda\.m2\repository\org\jetbrains\annotations\13.0\annotations-13.0.jar;C:\Users\ponda\.m2\repository\org\jetbrains\kotlin\kotlin-stdlib-common\1.6.0\kotlin-stdlib-common-1.6.0.jar;C:\Users\ponda\.m2\repository\org\junit\platform\junit-platform-launcher\1.8.1\junit-platform-launcher-1.8.1.jar;C:\Users\ponda\.m2\repository\org\junit\platform\junit-platform-engine\1.8.1\junit-platform-engine-1.8.1.jar;C:\Users\ponda\.m2\repository\org\opentest4j\opentest4j\1.2.0\opentest4j-1.2.0.jar;C:\Users\ponda\.m2\repository\org\junit\platform\junit-platform-commons\1.8.1\junit-platform-commons-1.8.1.jar;C:\Users\ponda\.m2\repository\org\apiguardian\apiguardian-api\1.1.2\apiguardian-api-1.1.2.jar;C:\Users\ponda\.m2\repository\org\junit\jupiter\junit-jupiter-engine\5.8.2\junit-jupiter-engine-5.8.2.jar;C:\Users\ponda\.m2\repository\org\junit\jupiter\junit-jupiter-api\5.8.2\junit-jupiter-api-5.8.2.jar;C:\Users\ponda\.m2\repository\org\junit\vintage\junit-vintage-engine\5.8.2\junit-vintage-engine-5.8.2.jar;C:\Users\ponda\.m2\repository\junit\junit\4.13.2\junit-4.13.2.jar;C:\Users\ponda\.m2\repository\org\hamcrest\hamcrest-core\1.3\hamcrest-core-1.3.jar;C:\Users\ponda\.m2\repository\ch\qos\logback\logback-classic\1.2.10\logback-classic-1.2.10.jar;C:\Users\ponda\.m2\repository\ch\qos\logback\logback-core\1.2.10\logback-core-1.2.10.jar;C:\Users\ponda\.m2\repository\org\slf4j\slf4j-api\1.7.32\slf4j-api-1.7.32.jar;C:\Users\ponda\.m2\repository\org\assertj\assertj-core\3.6.2\assertj-core-3.6.2.jar;"/>
    <property name="sun.cpu.endian" value="little"/>
    <property name="user.home" value="C:\Users\ponda"/>
    <property name="user.language" value="en"/>
    <property name="java.specification.vendor" value="Oracle Corporation"/>
    <property name="jdk.module.path" value="C:\Users\ponda\Documents\Final_Project\Final_Web\target\Serenity_SauceDemo-1.0-SNAPSHOT.jar"/>
    <property name="java.version.date" value="2021-01-19"/>
    <property name="java.home" value="C:\Program Files\Java\jdk-15.0.2"/>
    <property name="file.separator" value="\"/>
    <property name="basedir" value="C:\Users\ponda\Documents\Final_Project\Final_Web"/>
    <property name="java.vm.compressedOopsMode" value="32-bit"/>
    <property name="line.separator" value="&#10;"/>
    <property name="java.vm.specification.vendor" value="Oracle Corporation"/>
    <property name="java.specification.name" value="Java Platform API Specification"/>
    <property name="surefire.real.class.path" value="C:\Users\ponda\.m2\repository\org\apache\maven\surefire\surefire-booter\3.0.0-M5\surefire-booter-3.0.0-M5.jar;C:\Users\ponda\.m2\repository\org\apache\maven\surefire\surefire-api\3.0.0-M5\surefire-api-3.0.0-M5.jar;C:\Users\ponda\.m2\repository\org\apache\maven\surefire\surefire-logger-api\3.0.0-M5\surefire-logger-api-3.0.0-M5.jar;C:\Users\ponda\.m2\repository\org\apache\maven\surefire\surefire-shared-utils\3.0.0-M4\surefire-shared-utils-3.0.0-M4.jar;C:\Users\ponda\.m2\repository\org\apache\maven\surefire\surefire-extensions-spi\3.0.0-M5\surefire-extensions-spi-3.0.0-M5.jar;C:\Users\ponda\Documents\Final_Project\Final_Web\target\test-classes;C:\Users\ponda\.m2\repository\net\serenity-bdd\serenity-core\3.2.1\serenity-core-3.2.1.jar;C:\Users\ponda\.m2\repository\net\serenity-bdd\serenity-model\3.2.1\serenity-model-3.2.1.jar;C:\Users\ponda\.m2\repository\org\apache\commons\commons-text\1.9\commons-text-1.9.jar;C:\Users\ponda\.m2\repository\commons-net\commons-net\3.8.0\commons-net-3.8.0.jar;C:\Users\ponda\.m2\repository\com\google\guava\guava\31.1-jre\guava-31.1-jre.jar;C:\Users\ponda\.m2\repository\com\google\guava\failureaccess\1.0.1\failureaccess-1.0.1.jar;C:\Users\ponda\.m2\repository\com\google\guava\listenablefuture\9999.0-empty-to-avoid-conflict-with-guava\listenablefuture-9999.0-empty-to-avoid-conflict-with-guava.jar;C:\Users\ponda\.m2\repository\com\google\code\findbugs\jsr305\3.0.2\jsr305-3.0.2.jar;C:\Users\ponda\.m2\repository\org\checkerframework\checker-qual\3.12.0\checker-qual-3.12.0.jar;C:\Users\ponda\.m2\repository\com\google\errorprone\error_prone_annotations\2.11.0\error_prone_annotations-2.11.0.jar;C:\Users\ponda\.m2\repository\com\google\j2objc\j2objc-annotations\1.3\j2objc-annotations-1.3.jar;C:\Users\ponda\.m2\repository\com\google\inject\guice\5.1.0\guice-5.1.0.jar;C:\Users\ponda\.m2\repository\javax\inject\javax.inject\1\javax.inject-1.jar;C:\Users\ponda\.m2\repository\aopalliance\aopalliance\1.0\aopalliance-1.0.jar;C:\Users\ponda\.m2\repository\org\jsoup\jsoup\1.14.3\jsoup-1.14.3.jar;C:\Users\ponda\.m2\repository\com\thoughtworks\xstream\xstream\1.4.19\xstream-1.4.19.jar;C:\Users\ponda\.m2\repository\io\github\x-stream\mxparser\1.2.2\mxparser-1.2.2.jar;C:\Users\ponda\.m2\repository\xmlpull\xmlpull\1.1.3.1\xmlpull-1.1.3.1.jar;C:\Users\ponda\.m2\repository\io\cucumber\cucumber-java\7.2.3\cucumber-java-7.2.3.jar;C:\Users\ponda\.m2\repository\com\typesafe\config\1.4.2\config-1.4.2.jar;C:\Users\ponda\.m2\repository\org\imgscalr\imgscalr-lib\4.2\imgscalr-lib-4.2.jar;C:\Users\ponda\.m2\repository\org\awaitility\awaitility\4.2.0\awaitility-4.2.0.jar;C:\Users\ponda\.m2\repository\org\freemarker\freemarker\2.3.31\freemarker-2.3.31.jar;C:\Users\ponda\.m2\repository\io\github\classgraph\classgraph\4.8.138\classgraph-4.8.138.jar;C:\Users\ponda\.m2\repository\net\sourceforge\jexcelapi\jxl\2.6.12\jxl-2.6.12.jar;C:\Users\ponda\.m2\repository\net\bytebuddy\byte-buddy\1.12.8\byte-buddy-1.12.8.jar;C:\Users\ponda\.m2\repository\net\bytebuddy\byte-buddy-agent\1.12.8\byte-buddy-agent-1.12.8.jar;C:\Users\ponda\.m2\repository\org\objenesis\objenesis\3.1\objenesis-3.1.jar;C:\Users\ponda\.m2\repository\net\serenity-bdd\serenity-reports\3.2.1\serenity-reports-3.2.1.jar;C:\Users\ponda\.m2\repository\net\serenity-bdd\serenity-stats\3.2.1\serenity-stats-3.2.1.jar;C:\Users\ponda\.m2\repository\net\serenity-bdd\serenity-reports-configuration\3.2.1\serenity-reports-configuration-3.2.1.jar;C:\Users\ponda\.m2\repository\com\vladsch\flexmark\flexmark-all\0.34.30\flexmark-all-0.34.30.jar;C:\Users\ponda\.m2\repository\com\vladsch\flexmark\flexmark\0.34.30\flexmark-0.34.30.jar;C:\Users\ponda\.m2\repository\com\vladsch\flexmark\flexmark-ext-abbreviation\0.34.30\flexmark-ext-abbreviation-0.34.30.jar;C:\Users\ponda\.m2\repository\com\vladsch\flexmark\flexmark-ext-admonition\0.34.30\flexmark-ext-admonition-0.34.30.jar;C:\Users\ponda\.m2\repository\com\vladsch\flexmark\flexmark-ext-anchorlink\0.34.30\flexmark-ext-anchorlink-0.34.30.jar;C:\Users\ponda\.m2\repository\com\vladsch\flexmark\flexmark-ext-aside\0.34.30\flexmark-ext-aside-0.34.30.jar;C:\Users\ponda\.m2\repository\com\vladsch\flexmark\flexmark-ext-attributes\0.34.30\flexmark-ext-attributes-0.34.30.jar;C:\Users\ponda\.m2\repository\com\vladsch\flexmark\flexmark-ext-autolink\0.34.30\flexmark-ext-autolink-0.34.30.jar;C:\Users\ponda\.m2\repository\org\nibor\autolink\autolink\0.6.0\autolink-0.6.0.jar;C:\Users\ponda\.m2\repository\com\vladsch\flexmark\flexmark-ext-definition\0.34.30\flexmark-ext-definition-0.34.30.jar;C:\Users\ponda\.m2\repository\com\vladsch\flexmark\flexmark-ext-emoji\0.34.30\flexmark-ext-emoji-0.34.30.jar;C:\Users\ponda\.m2\repository\com\vladsch\flexmark\flexmark-ext-enumerated-reference\0.34.30\flexmark-ext-enumerated-reference-0.34.30.jar;C:\Users\ponda\.m2\repository\com\vladsch\flexmark\flexmark-ext-escaped-character\0.34.30\flexmark-ext-escaped-character-0.34.30.jar;C:\Users\ponda\.m2\repository\com\vladsch\flexmark\flexmark-ext-footnotes\0.34.30\flexmark-ext-footnotes-0.34.30.jar;C:\Users\ponda\.m2\repository\com\vladsch\flexmark\flexmark-ext-gfm-issues\0.34.30\flexmark-ext-gfm-issues-0.34.30.jar;C:\Users\ponda\.m2\repository\com\vladsch\flexmark\flexmark-ext-gfm-strikethrough\0.34.30\flexmark-ext-gfm-strikethrough-0.34.30.jar;C:\Users\ponda\.m2\repository\com\vladsch\flexmark\flexmark-ext-gfm-tables\0.34.30\flexmark-ext-gfm-tables-0.34.30.jar;C:\Users\ponda\.m2\repository\com\vladsch\flexmark\flexmark-ext-gfm-tasklist\0.34.30\flexmark-ext-gfm-tasklist-0.34.30.jar;C:\Users\ponda\.m2\repository\com\vladsch\flexmark\flexmark-ext-gfm-users\0.34.30\flexmark-ext-gfm-users-0.34.30.jar;C:\Users\ponda\.m2\repository\com\vladsch\flexmark\flexmark-ext-gitlab\0.34.30\flexmark-ext-gitlab-0.34.30.jar;C:\Users\ponda\.m2\repository\com\vladsch\flexmark\flexmark-ext-jekyll-front-matter\0.34.30\flexmark-ext-jekyll-front-matter-0.34.30.jar;C:\Users\ponda\.m2\repository\com\vladsch\flexmark\flexmark-ext-jekyll-tag\0.34.30\flexmark-ext-jekyll-tag-0.34.30.jar;C:\Users\ponda\.m2\repository\com\vladsch\flexmark\flexmark-ext-media-tags\0.34.30\flexmark-ext-media-tags-0.34.30.jar;C:\Users\ponda\.m2\repository\com\vladsch\flexmark\flexmark-test-util\0.34.30\flexmark-test-util-0.34.30.jar;C:\Users\ponda\.m2\repository\com\vladsch\flexmark\flexmark-ext-ins\0.34.30\flexmark-ext-ins-0.34.30.jar;C:\Users\ponda\.m2\repository\com\vladsch\flexmark\flexmark-ext-xwiki-macros\0.34.30\flexmark-ext-xwiki-macros-0.34.30.jar;C:\Users\ponda\.m2\repository\com\vladsch\flexmark\flexmark-ext-superscript\0.34.30\flexmark-ext-superscript-0.34.30.jar;C:\Users\ponda\.m2\repository\com\vladsch\flexmark\flexmark-ext-tables\0.34.30\flexmark-ext-tables-0.34.30.jar;C:\Users\ponda\.m2\repository\com\vladsch\flexmark\flexmark-ext-toc\0.34.30\flexmark-ext-toc-0.34.30.jar;C:\Users\ponda\.m2\repository\com\vladsch\flexmark\flexmark-ext-typographic\0.34.30\flexmark-ext-typographic-0.34.30.jar;C:\Users\ponda\.m2\repository\com\vladsch\flexmark\flexmark-ext-wikilink\0.34.30\flexmark-ext-wikilink-0.34.30.jar;C:\Users\ponda\.m2\repository\com\vladsch\flexmark\flexmark-ext-yaml-front-matter\0.34.30\flexmark-ext-yaml-front-matter-0.34.30.jar;C:\Users\ponda\.m2\repository\com\vladsch\flexmark\flexmark-ext-youtube-embedded\0.34.30\flexmark-ext-youtube-embedded-0.34.30.jar;C:\Users\ponda\.m2\repository\com\vladsch\flexmark\flexmark-formatter\0.34.30\flexmark-formatter-0.34.30.jar;C:\Users\ponda\.m2\repository\com\vladsch\flexmark\flexmark-html-parser\0.34.30\flexmark-html-parser-0.34.30.jar;C:\Users\ponda\.m2\repository\com\vladsch\flexmark\flexmark-jira-converter\0.34.30\flexmark-jira-converter-0.34.30.jar;C:\Users\ponda\.m2\repository\com\vladsch\flexmark\flexmark-pdf-converter\0.34.30\flexmark-pdf-converter-0.34.30.jar;C:\Users\ponda\.m2\repository\com\openhtmltopdf\openhtmltopdf-core\0.0.1-RC13\openhtmltopdf-core-0.0.1-RC13.jar;C:\Users\ponda\.m2\repository\com\openhtmltopdf\openhtmltopdf-pdfbox\0.0.1-RC13\openhtmltopdf-pdfbox-0.0.1-RC13.jar;C:\Users\ponda\.m2\repository\org\apache\pdfbox\pdfbox\2.0.8\pdfbox-2.0.8.jar;C:\Users\ponda\.m2\repository\org\apache\pdfbox\fontbox\2.0.8\fontbox-2.0.8.jar;C:\Users\ponda\.m2\repository\commons-logging\commons-logging\1.2\commons-logging-1.2.jar;C:\Users\ponda\.m2\repository\org\apache\pdfbox\xmpbox\2.0.8\xmpbox-2.0.8.jar;C:\Users\ponda\.m2\repository\de\rototor\pdfbox\graphics2d\0.12\graphics2d-0.12.jar;C:\Users\ponda\.m2\repository\com\openhtmltopdf\openhtmltopdf-rtl-support\0.0.1-RC13\openhtmltopdf-rtl-support-0.0.1-RC13.jar;C:\Users\ponda\.m2\repository\com\ibm\icu\icu4j\59.1\icu4j-59.1.jar;C:\Users\ponda\.m2\repository\com\openhtmltopdf\openhtmltopdf-jsoup-dom-converter\0.0.1-RC13\openhtmltopdf-jsoup-dom-converter-0.0.1-RC13.jar;C:\Users\ponda\.m2\repository\com\vladsch\flexmark\flexmark-profile-pegdown\0.34.30\flexmark-profile-pegdown-0.34.30.jar;C:\Users\ponda\.m2\repository\com\vladsch\flexmark\flexmark-util\0.34.30\flexmark-util-0.34.30.jar;C:\Users\ponda\.m2\repository\com\vladsch\flexmark\flexmark-youtrack-converter\0.34.30\flexmark-youtrack-converter-0.34.30.jar;C:\Users\ponda\.m2\repository\es\nitaur\markdown\txtmark\0.16\txtmark-0.16.jar;C:\Users\ponda\.m2\repository\net\serenity-bdd\serenity-report-resources\3.2.1\serenity-report-resources-3.2.1.jar;C:\Users\ponda\.m2\repository\com\google\code\gson\gson\2.9.0\gson-2.9.0.jar;C:\Users\ponda\.m2\repository\com\fasterxml\jackson\core\jackson-core\2.13.2\jackson-core-2.13.2.jar;C:\Users\ponda\.m2\repository\com\fasterxml\jackson\core\jackson-databind\2.13.2\jackson-databind-2.13.2.jar;C:\Users\ponda\.m2\repository\com\fasterxml\jackson\core\jackson-annotations\2.13.2\jackson-annotations-2.13.2.jar;C:\Users\ponda\.m2\repository\commons-codec\commons-codec\1.15\commons-codec-1.15.jar;C:\Users\ponda\.m2\repository\commons-io\commons-io\2.11.0\commons-io-2.11.0.jar;C:\Users\ponda\.m2\repository\org\seleniumhq\selenium\selenium-java\4.1.2\selenium-java-4.1.2.jar;C:\Users\ponda\.m2\repository\org\seleniumhq\selenium\selenium-devtools-v85\4.1.2\selenium-devtools-v85-4.1.2.jar;C:\Users\ponda\.m2\repository\org\seleniumhq\selenium\selenium-devtools-v95\4.1.2\selenium-devtools-v95-4.1.2.jar;C:\Users\ponda\.m2\repository\org\seleniumhq\selenium\selenium-devtools-v96\4.1.2\selenium-devtools-v96-4.1.2.jar;C:\Users\ponda\.m2\repository\org\seleniumhq\selenium\selenium-devtools-v97\4.1.2\selenium-devtools-v97-4.1.2.jar;C:\Users\ponda\.m2\repository\org\seleniumhq\selenium\selenium-firefox-xpi-driver\4.1.2\selenium-firefox-xpi-driver-4.1.2.jar;C:\Users\ponda\.m2\repository\org\seleniumhq\selenium\selenium-opera-driver\4.1.2\selenium-opera-driver-4.1.2.jar;C:\Users\ponda\.m2\repository\org\seleniumhq\selenium\selenium-remote-driver\4.1.2\selenium-remote-driver-4.1.2.jar;C:\Users\ponda\.m2\repository\com\beust\jcommander\1.82\jcommander-1.82.jar;C:\Users\ponda\.m2\repository\io\netty\netty-buffer\4.1.73.Final\netty-buffer-4.1.73.Final.jar;C:\Users\ponda\.m2\repository\io\netty\netty-codec-http\4.1.73.Final\netty-codec-http-4.1.73.Final.jar;C:\Users\ponda\.m2\repository\io\netty\netty-codec\4.1.73.Final\netty-codec-4.1.73.Final.jar;C:\Users\ponda\.m2\repository\io\netty\netty-handler\4.1.73.Final\netty-handler-4.1.73.Final.jar;C:\Users\ponda\.m2\repository\io\netty\netty-tcnative-classes\2.0.46.Final\netty-tcnative-classes-2.0.46.Final.jar;C:\Users\ponda\.m2\repository\io\netty\netty-common\4.1.73.Final\netty-common-4.1.73.Final.jar;C:\Users\ponda\.m2\repository\io\netty\netty-transport-classes-epoll\4.1.73.Final\netty-transport-classes-epoll-4.1.73.Final.jar;C:\Users\ponda\.m2\repository\io\netty\netty-transport-classes-kqueue\4.1.73.Final\netty-transport-classes-kqueue-4.1.73.Final.jar;C:\Users\ponda\.m2\repository\io\netty\netty-transport-native-epoll\4.1.73.Final\netty-transport-native-epoll-4.1.73.Final.jar;C:\Users\ponda\.m2\repository\io\netty\netty-transport-native-kqueue\4.1.73.Final\netty-transport-native-kqueue-4.1.73.Final.jar;C:\Users\ponda\.m2\repository\io\netty\netty-transport-native-unix-common\4.1.73.Final\netty-transport-native-unix-common-4.1.73.Final.jar;C:\Users\ponda\.m2\repository\io\netty\netty-transport\4.1.73.Final\netty-transport-4.1.73.Final.jar;C:\Users\ponda\.m2\repository\io\netty\netty-resolver\4.1.73.Final\netty-resolver-4.1.73.Final.jar;C:\Users\ponda\.m2\repository\io\opentelemetry\opentelemetry-api\1.10.1\opentelemetry-api-1.10.1.jar;C:\Users\ponda\.m2\repository\io\opentelemetry\opentelemetry-context\1.10.1\opentelemetry-context-1.10.1.jar;C:\Users\ponda\.m2\repository\io\opentelemetry\opentelemetry-exporter-logging\1.10.1\opentelemetry-exporter-logging-1.10.1.jar;C:\Users\ponda\.m2\repository\io\opentelemetry\opentelemetry-sdk-metrics\1.10.1-alpha\opentelemetry-sdk-metrics-1.10.1-alpha.jar;C:\Users\ponda\.m2\repository\io\opentelemetry\opentelemetry-sdk-logs\1.10.1-alpha\opentelemetry-sdk-logs-1.10.1-alpha.jar;C:\Users\ponda\.m2\repository\io\opentelemetry\opentelemetry-sdk-common\1.10.1\opentelemetry-sdk-common-1.10.1.jar;C:\Users\ponda\.m2\repository\io\opentelemetry\opentelemetry-sdk-extension-autoconfigure-spi\1.10.1\opentelemetry-sdk-extension-autoconfigure-spi-1.10.1.jar;C:\Users\ponda\.m2\repository\io\opentelemetry\opentelemetry-sdk-extension-autoconfigure\1.10.1-alpha\opentelemetry-sdk-extension-autoconfigure-1.10.1-alpha.jar;C:\Users\ponda\.m2\repository\io\opentelemetry\opentelemetry-sdk-trace\1.10.1\opentelemetry-sdk-trace-1.10.1.jar;C:\Users\ponda\.m2\repository\io\opentelemetry\opentelemetry-sdk\1.10.1\opentelemetry-sdk-1.10.1.jar;C:\Users\ponda\.m2\repository\io\opentelemetry\opentelemetry-semconv\1.10.1-alpha\opentelemetry-semconv-1.10.1-alpha.jar;C:\Users\ponda\.m2\repository\io\ous\jtoml\2.0.0\jtoml-2.0.0.jar;C:\Users\ponda\.m2\repository\org\apache\commons\commons-exec\1.3\commons-exec-1.3.jar;C:\Users\ponda\.m2\repository\org\asynchttpclient\async-http-client\2.12.3\async-http-client-2.12.3.jar;C:\Users\ponda\.m2\repository\org\asynchttpclient\async-http-client-netty-utils\2.12.3\async-http-client-netty-utils-2.12.3.jar;C:\Users\ponda\.m2\repository\io\netty\netty-codec-socks\4.1.60.Final\netty-codec-socks-4.1.60.Final.jar;C:\Users\ponda\.m2\repository\io\netty\netty-handler-proxy\4.1.60.Final\netty-handler-proxy-4.1.60.Final.jar;C:\Users\ponda\.m2\repository\io\netty\netty-transport-native-epoll\4.1.60.Final\netty-transport-native-epoll-4.1.60.Final-linux-x86_64.jar;C:\Users\ponda\.m2\repository\io\netty\netty-transport-native-kqueue\4.1.60.Final\netty-transport-native-kqueue-4.1.60.Final-osx-x86_64.jar;C:\Users\ponda\.m2\repository\org\reactivestreams\reactive-streams\1.0.3\reactive-streams-1.0.3.jar;C:\Users\ponda\.m2\repository\com\typesafe\netty\netty-reactive-streams\2.0.4\netty-reactive-streams-2.0.4.jar;C:\Users\ponda\.m2\repository\org\seleniumhq\selenium\selenium-http\4.1.2\selenium-http-4.1.2.jar;C:\Users\ponda\.m2\repository\net\jodah\failsafe\2.4.4\failsafe-2.4.4.jar;C:\Users\ponda\.m2\repository\org\seleniumhq\selenium\selenium-safari-driver\4.1.2\selenium-safari-driver-4.1.2.jar;C:\Users\ponda\.m2\repository\org\seleniumhq\selenium\selenium-api\4.1.2\selenium-api-4.1.2.jar;C:\Users\ponda\.m2\repository\org\seleniumhq\selenium\selenium-support\4.1.2\selenium-support-4.1.2.jar;C:\Users\ponda\.m2\repository\com\google\auto\service\auto-service-annotations\1.0.1\auto-service-annotations-1.0.1.jar;C:\Users\ponda\.m2\repository\com\google\auto\service\auto-service\1.0.1\auto-service-1.0.1.jar;C:\Users\ponda\.m2\repository\com\google\auto\auto-common\1.2\auto-common-1.2.jar;C:\Users\ponda\.m2\repository\org\seleniumhq\selenium\selenium-json\4.1.2\selenium-json-4.1.2.jar;C:\Users\ponda\.m2\repository\org\seleniumhq\selenium\selenium-chrome-driver\4.1.2\selenium-chrome-driver-4.1.2.jar;C:\Users\ponda\.m2\repository\org\seleniumhq\selenium\selenium-chromium-driver\4.1.2\selenium-chromium-driver-4.1.2.jar;C:\Users\ponda\.m2\repository\org\seleniumhq\selenium\selenium-firefox-driver\4.1.2\selenium-firefox-driver-4.1.2.jar;C:\Users\ponda\.m2\repository\org\seleniumhq\selenium\selenium-edge-driver\4.1.2\selenium-edge-driver-4.1.2.jar;C:\Users\ponda\.m2\repository\org\seleniumhq\selenium\selenium-ie-driver\4.1.2\selenium-ie-driver-4.1.2.jar;C:\Users\ponda\.m2\repository\org\projectlombok\lombok\1.18.20\lombok-1.18.20.jar;C:\Users\ponda\.m2\repository\io\appium\java-client\8.0.0\java-client-8.0.0.jar;C:\Users\ponda\.m2\repository\commons-validator\commons-validator\1.7\commons-validator-1.7.jar;C:\Users\ponda\.m2\repository\commons-digester\commons-digester\2.1\commons-digester-2.1.jar;C:\Users\ponda\.m2\repository\org\aspectj\aspectjweaver\1.9.8\aspectjweaver-1.9.8.jar;C:\Users\ponda\.m2\repository\org\codehaus\groovy\groovy\3.0.10\groovy-3.0.10.jar;C:\Users\ponda\.m2\repository\net\sf\opencsv\opencsv\2.0\opencsv-2.0.jar;C:\Users\ponda\.m2\repository\commons-beanutils\commons-beanutils\1.9.4\commons-beanutils-1.9.4.jar;C:\Users\ponda\.m2\repository\org\apache\commons\commons-lang3\3.12.0\commons-lang3-3.12.0.jar;C:\Users\ponda\.m2\repository\commons-collections\commons-collections\3.2.2\commons-collections-3.2.2.jar;C:\Users\ponda\.m2\repository\org\fluentlenium\fluentlenium-core\0.10.2\fluentlenium-core-0.10.2.jar;C:\Users\ponda\.m2\repository\io\github\bonigarcia\webdrivermanager\5.1.0\webdrivermanager-5.1.0.jar;C:\Users\ponda\.m2\repository\com\github\docker-java\docker-java\3.2.13\docker-java-3.2.13.jar;C:\Users\ponda\.m2\repository\com\github\docker-java\docker-java-core\3.2.13\docker-java-core-3.2.13.jar;C:\Users\ponda\.m2\repository\com\github\docker-java\docker-java-api\3.2.13\docker-java-api-3.2.13.jar;C:\Users\ponda\.m2\repository\org\apache\commons\commons-compress\1.21\commons-compress-1.21.jar;C:\Users\ponda\.m2\repository\org\bouncycastle\bcpkix-jdk15on\1.64\bcpkix-jdk15on-1.64.jar;C:\Users\ponda\.m2\repository\org\bouncycastle\bcprov-jdk15on\1.64\bcprov-jdk15on-1.64.jar;C:\Users\ponda\.m2\repository\org\slf4j\jcl-over-slf4j\1.7.30\jcl-over-slf4j-1.7.30.jar;C:\Users\ponda\.m2\repository\com\github\docker-java\docker-java-transport-httpclient5\3.2.13\docker-java-transport-httpclient5-3.2.13.jar;C:\Users\ponda\.m2\repository\com\github\docker-java\docker-java-transport\3.2.13\docker-java-transport-3.2.13.jar;C:\Users\ponda\.m2\repository\org\apache\httpcomponents\client5\httpclient5\5.0.3\httpclient5-5.0.3.jar;C:\Users\ponda\.m2\repository\org\apache\httpcomponents\core5\httpcore5\5.0.2\httpcore5-5.0.2.jar;C:\Users\ponda\.m2\repository\net\java\dev\jna\jna\5.8.0\jna-5.8.0.jar;C:\Users\ponda\.m2\repository\org\brotli\dec\0.1.2\dec-0.1.2.jar;C:\Users\ponda\.m2\repository\com\jhlabs\filters\2.0.235\filters-2.0.235.jar;C:\Users\ponda\.m2\repository\com\paulhammant\ngwebdriver\1.1.6\ngwebdriver-1.1.6.jar;C:\Users\ponda\.m2\repository\joda-time\joda-time\2.8.2\joda-time-2.8.2.jar;C:\Users\ponda\.m2\repository\org\hamcrest\hamcrest\2.2\hamcrest-2.2.jar;C:\Users\ponda\.m2\repository\com\google\jimfs\jimfs\1.2\jimfs-1.2.jar;C:\Users\ponda\.m2\repository\org\mockito\mockito-core\3.3.3\mockito-core-3.3.3.jar;C:\Users\ponda\.m2\repository\javax\xml\bind\jaxb-api\2.3.1\jaxb-api-2.3.1.jar;C:\Users\ponda\.m2\repository\javax\activation\javax.activation-api\1.2.0\javax.activation-api-1.2.0.jar;C:\Users\ponda\.m2\repository\com\sun\xml\bind\jaxb-core\2.3.0.1\jaxb-core-2.3.0.1.jar;C:\Users\ponda\.m2\repository\com\sun\xml\bind\jaxb-impl\2.3.3\jaxb-impl-2.3.3.jar;C:\Users\ponda\.m2\repository\jakarta\xml\bind\jakarta.xml.bind-api\2.3.3\jakarta.xml.bind-api-2.3.3.jar;C:\Users\ponda\.m2\repository\com\sun\activation\jakarta.activation\1.2.2\jakarta.activation-1.2.2.jar;C:\Users\ponda\.m2\repository\javax\activation\activation\1.1.1\activation-1.1.1.jar;C:\Users\ponda\.m2\repository\net\serenity-bdd\serenity-cucumber\3.2.1\serenity-cucumber-3.2.1.jar;C:\Users\ponda\.m2\repository\io\cucumber\cucumber-core\7.2.3\cucumber-core-7.2.3.jar;C:\Users\ponda\.m2\repository\io\cucumber\cucumber-gherkin\7.2.3\cucumber-gherkin-7.2.3.jar;C:\Users\ponda\.m2\repository\io\cucumber\cucumber-gherkin-messages\7.2.3\cucumber-gherkin-messages-7.2.3.jar;C:\Users\ponda\.m2\repository\io\cucumber\messages\17.1.1\messages-17.1.1.jar;C:\Users\ponda\.m2\repository\io\cucumber\tag-expressions\4.1.0\tag-expressions-4.1.0.jar;C:\Users\ponda\.m2\repository\io\cucumber\cucumber-expressions\15.0.1\cucumber-expressions-15.0.1.jar;C:\Users\ponda\.m2\repository\io\cucumber\datatable\7.2.3\datatable-7.2.3.jar;C:\Users\ponda\.m2\repository\io\cucumber\cucumber-plugin\7.2.3\cucumber-plugin-7.2.3.jar;C:\Users\ponda\.m2\repository\io\cucumber\docstring\7.2.3\docstring-7.2.3.jar;C:\Users\ponda\.m2\repository\io\cucumber\html-formatter\17.0.0\html-formatter-17.0.0.jar;C:\Users\ponda\.m2\repository\io\cucumber\ci-environment\8.1.0\ci-environment-8.1.0.jar;C:\Users\ponda\.m2\repository\io\cucumber\cucumber-junit\7.2.3\cucumber-junit-7.2.3.jar;C:\Users\ponda\.m2\repository\org\apache\commons\commons-csv\1.5\commons-csv-1.5.jar;C:\Users\ponda\.m2\repository\net\serenity-bdd\serenity-screenplay\3.2.1\serenity-screenplay-3.2.1.jar;C:\Users\ponda\.m2\repository\net\serenity-bdd\serenity-screenplay-webdriver\3.2.1\serenity-screenplay-webdriver-3.2.1.jar;C:\Users\ponda\.m2\repository\net\serenity-bdd\serenity-ensure\3.2.1\serenity-ensure-3.2.1.jar;C:\Users\ponda\.m2\repository\net\serenity-bdd\serenity-junit\3.2.1\serenity-junit-3.2.1.jar;C:\Users\ponda\.m2\repository\org\jetbrains\kotlin\kotlin-stdlib\1.6.0\kotlin-stdlib-1.6.0.jar;C:\Users\ponda\.m2\repository\org\jetbrains\annotations\13.0\annotations-13.0.jar;C:\Users\ponda\.m2\repository\org\jetbrains\kotlin\kotlin-stdlib-common\1.6.0\kotlin-stdlib-common-1.6.0.jar;C:\Users\ponda\.m2\repository\org\junit\platform\junit-platform-launcher\1.8.1\junit-platform-launcher-1.8.1.jar;C:\Users\ponda\.m2\repository\org\junit\platform\junit-platform-engine\1.8.1\junit-platform-engine-1.8.1.jar;C:\Users\ponda\.m2\repository\org\opentest4j\opentest4j\1.2.0\opentest4j-1.2.0.jar;C:\Users\ponda\.m2\repository\org\junit\platform\junit-platform-commons\1.8.1\junit-platform-commons-1.8.1.jar;C:\Users\ponda\.m2\repository\org\apiguardian\apiguardian-api\1.1.2\apiguardian-api-1.1.2.jar;C:\Users\ponda\.m2\repository\org\junit\jupiter\junit-jupiter-engine\5.8.2\junit-jupiter-engine-5.8.2.jar;C:\Users\ponda\.m2\repository\org\junit\jupiter\junit-jupiter-api\5.8.2\junit-jupiter-api-5.8.2.jar;C:\Users\ponda\.m2\repository\org\junit\vintage\junit-vintage-engine\5.8.2\junit-vintage-engine-5.8.2.jar;C:\Users\ponda\.m2\repository\junit\junit\4.13.2\junit-4.13.2.jar;C:\Users\ponda\.m2\repository\org\hamcrest\hamcrest-core\1.3\hamcrest-core-1.3.jar;C:\Users\ponda\.m2\repository\ch\qos\logback\logback-classic\1.2.10\logback-classic-1.2.10.jar;C:\Users\ponda\.m2\repository\ch\qos\logback\logback-core\1.2.10\logback-core-1.2.10.jar;C:\Users\ponda\.m2\repository\org\slf4j\slf4j-api\1.7.32\slf4j-api-1.7.32.jar;C:\Users\ponda\.m2\repository\org\assertj\assertj-core\3.6.2\assertj-core-3.6.2.jar;C:\Users\ponda\.m2\repository\org\apache\maven\surefire\surefire-junit-platform\3.0.0-M5\surefire-junit-platform-3.0.0-M5.jar;C:\Users\ponda\.m2\repository\org\apache\maven\surefire\common-java5\3.0.0-M5\common-java5-3.0.0-M5.jar"/>
    <property name="user.script" value=""/>
    <property name="java.protocol.handler.pkgs" value="com.google.common"/>
    <property name="sun.management.compiler" value="HotSpot 64-Bit Tiered Compilers"/>
    <property name="java.runtime.version" value="15.0.2+7-27"/>
    <property name="user.name" value="ponda"/>
    <property name="path.separator" value=";"/>
    <property name="os.version" value="10.0"/>
    <property name="java.runtime.name" value="Java(TM) SE Runtime Environment"/>
    <property name="file.encoding" value="Cp1252"/>
    <property name="webdriver.base.url" value=""/>
    <property name="java.vm.name" value="Java HotSpot(TM) 64-Bit Server VM"/>
    <property name="localRepository" value="C:\Users\ponda\.m2\repository"/>
    <property name="java.vendor.url.bug" value="https://bugreport.java.com/bugreport/"/>
    <property name="java.io.tmpdir" value="C:\Users\ponda\AppData\Local\Temp\"/>
    <property name="java.version" value="15.0.2"/>
    <property name="user.dir" value="C:\Users\ponda\Documents\Final_Project\Final_Web"/>
    <property name="os.arch" value="amd64"/>
    <property name="java.vm.specification.name" value="Java Virtual Machine Specification"/>
    <property name="sun.os.patch.level" value=""/>
    <property name="java.library.path" value="C:\Program Files\Java\jdk-15.0.2\bin;C:\Windows\Sun\Java\bin;C:\Windows\system32;C:\Windows;C:\Program Files\Common Files\Oracle\Java\javapath;C:\Users\ponda\AppData\Local\Programs\Python\Python39\Scripts\;C:\Users\ponda\AppData\Local\Programs\Python\Python39\;&quot;C:\Program Files\Common Files\Oracle\Java\javapath;C:\Program Files\Java\jdk-16.0.1\bin&quot;;C:\Windows\system32;C:\Windows;C:\Windows\System32\Wbem;C:\Windows\System32\WindowsPowerShell\v1.0\;C:\Windows\System32\OpenSSH\;C:\ProgramData\chocolatey\bin;C:\Program Files (x86)\GtkSharp\2.12\bin;C:\Program Files\Git\cmd;C:\Users\ponda\AppData\Local\Android\Sdk\platform-tools;C:\Program Files\nodejs\;C:\Program Files\Java\jdk-15.0.2\bin;C:\Program Files\apache-maven-3.8.5\bin;C:\Users\ponda\AppData\Local\Microsoft\WindowsApps;C:\Users\ponda\AppData\Local\Programs\Microsoft VS Code\bin;C:\Program Files\JetBrains\PyCharm Community Edition 2020.3.5\bin;;C:\tools\dart-sdk\bin;C:\Users\ponda\AppData\Roaming\Pub\Cache\bin;C:\Program Files\JetBrains\IntelliJ IDEA Community Edition 2021.3.3\bin;;%IntelliJ IDEA%;C:\Users\ponda\AppData\Roaming\npm;."/>
    <property name="java.vm.info" value="mixed mode"/>
    <property name="java.vendor" value="Oracle Corporation"/>
    <property name="java.vm.version" value="15.0.2+7-27"/>
    <property name="sun.io.unicode.encoding" value="UnicodeLittle"/>
    <property name="java.class.version" value="59.0"/>
  </properties>
  <testcase name="Login #1" classname="Login" time="77.005">
    <system-out><![CDATA[16:03:55.877 [main] INFO io.cucumber.core.plugin.SerenityReporter - Running feature from file:///C:/Users/ponda/Documents/Final_Project/Final_Web/src/test/resources/features/Login.feature
16:03:56.611 [main] INFO  - 

-------------------------------------------------------------------------------------
     _______. _______ .______       _______ .__   __.  __  .___________.____    ____ 
    /       ||   ____||   _  \     |   ____||  \ |  | |  | |           |\   \  /   / 
   |   (----`|  |__   |  |_)  |    |  |__   |   \|  | |  | `---|  |----` \   \/   /  
    \   \    |   __|  |      /     |   __|  |  . `  | |  |     |  |       \_    _/   
.----)   |   |  |____ |  |\  \----.|  |____ |  |\   | |  |     |  |         |  |     
|_______/    |_______|| _| `._____||_______||__| \__| |__|     |__|         |__|    
                                                                                     
 News and tutorials at http://www.serenity-bdd.info                                  
 Documentation at https://wakaleo.gitbooks.io/the-serenity-book/content/             
 Join the Serenity Community on Gitter: https://gitter.im/serenity-bdd/serenity-core 
 Serenity BDD Support and Training at http://serenity-bdd.info/#/trainingandsupport  
-------------------------------------------------------------------------------------

16:03:56.618 [main] DEBUG net.thucydides.core.steps.StepEventBus - Test suite started for story net.thucydides.core.model.Story@23282f08
16:03:56.629 [main] INFO  - Test Suite Started: Login
16:03:56.676 [main] INFO io.cucumber.core.plugin.SerenityReporter - Running feature from file:///C:/Users/ponda/Documents/Final_Project/Final_Web/src/test/resources/features/Logout.feature
16:03:56.694 [main] DEBUG net.thucydides.core.steps.StepEventBus - Test suite started for story net.thucydides.core.model.Story@30c9f540
16:03:56.695 [main] INFO  - Test Suite Started: As a user
16:03:56.697 [main] INFO io.cucumber.core.plugin.SerenityReporter - Running feature from file:///C:/Users/ponda/Documents/Final_Project/Final_Web/src/test/resources/features/Order.feature
16:03:56.733 [main] DEBUG net.thucydides.core.steps.StepEventBus - Test suite started for story net.thucydides.core.model.Story@ee9e23af
16:03:56.735 [main] INFO  - Test Suite Started: Change item's quantity on my shopping cart
16:03:56.736 [main] INFO io.cucumber.core.plugin.SerenityReporter - Running feature from file:///C:/Users/ponda/Documents/Final_Project/Final_Web/src/test/resources/features/Product.feature
16:03:56.766 [main] DEBUG net.thucydides.core.steps.StepEventBus - Test suite started for story net.thucydides.core.model.Story@fdbc81c8
16:03:56.768 [main] INFO  - Test Suite Started: Product
16:03:56.769 [main] INFO io.cucumber.core.plugin.SerenityReporter - Running feature from file:///C:/Users/ponda/Documents/Final_Project/Final_Web/src/test/resources/features/Register.feature
16:03:56.796 [main] DEBUG net.thucydides.core.steps.StepEventBus - Test suite started for story net.thucydides.core.model.Story@30e75088
16:03:56.799 [main] INFO  - Test Suite Started: Register
16:03:56.800 [main] INFO io.cucumber.core.plugin.SerenityReporter - Running feature from file:///C:/Users/ponda/Documents/Final_Project/Final_Web/src/test/resources/features/Login.feature
16:03:56.812 [main] DEBUG net.thucydides.core.steps.StepEventBus - Test suite started for story net.thucydides.core.model.Story@23282f08
16:03:56.814 [main] INFO  - Test Suite Started: Login

Scenario Outline: Login               &amp#27;[90m# src/test/resources/features/Login.feature:15&amp#27;[0m
16:03:57.301 [main] INFO io.cucumber.core.plugin.SerenityReporter - Running feature from file:///C:/Users/ponda/Documents/Final_Project/Final_Web/src/test/resources/features/Login.feature
16:03:57.706 [main] INFO  - 
  _____   ___   ___   _____     ___   _____     _     ___   _____   ___   ___  
 |_   _| | __| / __| |_   _|   / __| |_   _|   /_\   | _ \ |_   _| | __| |   \ 
   | |   | _|  \__ \   | |     \__ \   | |    / _ \  |   /   | |   | _|  | |) |
   |_|   |___| |___/   |_|     |___/   |_|   /_/ \_\ |_|_\   |_|   |___| |___/ 

Login(login;login)
--------------------------------------------------------------------------------
16:04:01.437 [main] DEBUG net.thucydides.core.steps.StepInterceptor - STARTING STEP: LoginSteps.iAmOnQaAltaIdLoginPage - openUrl
16:04:01.625 [main] INFO net.serenitybdd.core.webdriver.driverproviders.ChromeDriverProvider - Using automatically driver download
16:04:04.339 [main] DEBUG io.github.bonigarcia.wdm.cache.ResolutionCache - Removing resolution chrome=101 from cache (expired on Sat May 14 18:56:21 WIB 2022)
16:04:04.426 [main] DEBUG org.apache.hc.client5.http.impl.classic.InternalHttpClient - ex-00000001: preparing request execution
16:04:04.447 [main] DEBUG org.apache.hc.client5.http.protocol.RequestAddCookies - Cookie spec selected: strict
16:04:04.469 [main] DEBUG org.apache.hc.client5.http.protocol.RequestAuthCache - Auth cache not set in the context
16:04:04.469 [main] DEBUG org.apache.hc.client5.http.impl.classic.ProtocolExec - ex-00000001: target auth state: UNCHALLENGED
16:04:04.472 [main] DEBUG org.apache.hc.client5.http.impl.classic.ProtocolExec - ex-00000001: proxy auth state: UNCHALLENGED
16:04:04.472 [main] DEBUG org.apache.hc.client5.http.impl.classic.ConnectExec - ex-00000001: acquiring connection with route {s}->https://raw.githubusercontent.com:443
16:04:04.473 [main] DEBUG org.apache.hc.client5.http.impl.classic.InternalHttpClient - ex-00000001: acquiring endpoint (3 MINUTES)
16:04:04.478 [main] DEBUG org.apache.hc.client5.http.impl.io.PoolingHttpClientConnectionManager - ex-00000001: endpoint lease request (3 MINUTES) [route: {s}->https://raw.githubusercontent.com:443][total available: 0; route allocated: 0 of 5; total allocated: 0 of 25]
16:04:04.494 [main] DEBUG org.apache.hc.client5.http.impl.io.PoolingHttpClientConnectionManager - ex-00000001: endpoint leased [route: {s}->https://raw.githubusercontent.com:443][total available: 0; route allocated: 1 of 5; total allocated: 1 of 25]
16:04:04.541 [main] DEBUG org.apache.hc.client5.http.impl.io.PoolingHttpClientConnectionManager - ex-00000001: acquired ep-00000000
16:04:04.542 [main] DEBUG org.apache.hc.client5.http.impl.classic.InternalHttpClient - ex-00000001: acquired endpoint ep-00000000
16:04:04.542 [main] DEBUG org.apache.hc.client5.http.impl.classic.ConnectExec - ex-00000001: opening connection {s}->https://raw.githubusercontent.com:443
16:04:04.545 [main] DEBUG org.apache.hc.client5.http.impl.classic.InternalHttpClient - ep-00000000: connecting endpoint (30 SECONDS)
16:04:04.550 [main] DEBUG org.apache.hc.client5.http.impl.io.PoolingHttpClientConnectionManager - ep-00000000: connecting endpoint to https://raw.githubusercontent.com:443 (30 SECONDS)
16:04:04.635 [main] DEBUG org.apache.hc.client5.http.impl.io.DefaultHttpClientConnectionOperator - http-outgoing-0: connecting to raw.githubusercontent.com/185.199.108.133:443
16:04:04.636 [main] DEBUG org.apache.hc.client5.http.ssl.SSLConnectionSocketFactory - Connecting socket to raw.githubusercontent.com/185.199.108.133:443 with timeout 30 SECONDS
16:04:04.751 [main] DEBUG org.apache.hc.client5.http.ssl.SSLConnectionSocketFactory - Enabled protocols: [TLSv1.3, TLSv1.2]
16:04:04.752 [main] DEBUG org.apache.hc.client5.http.ssl.SSLConnectionSocketFactory - Enabled cipher suites: [TLS_AES_256_GCM_SHA384, TLS_AES_128_GCM_SHA256, TLS_CHACHA20_POLY1305_SHA256, TLS_ECDHE_ECDSA_WITH_AES_256_GCM_SHA384, TLS_ECDHE_ECDSA_WITH_AES_128_GCM_SHA256, TLS_ECDHE_ECDSA_WITH_CHACHA20_POLY1305_SHA256, TLS_ECDHE_RSA_WITH_AES_256_GCM_SHA384, TLS_ECDHE_RSA_WITH_CHACHA20_POLY1305_SHA256, TLS_ECDHE_RSA_WITH_AES_128_GCM_SHA256, TLS_DHE_RSA_WITH_AES_256_GCM_SHA384, TLS_DHE_RSA_WITH_CHACHA20_POLY1305_SHA256, TLS_DHE_DSS_WITH_AES_256_GCM_SHA384, TLS_DHE_RSA_WITH_AES_128_GCM_SHA256, TLS_DHE_DSS_WITH_AES_128_GCM_SHA256, TLS_ECDHE_ECDSA_WITH_AES_256_CBC_SHA384, TLS_ECDHE_RSA_WITH_AES_256_CBC_SHA384, TLS_ECDHE_ECDSA_WITH_AES_128_CBC_SHA256, TLS_ECDHE_RSA_WITH_AES_128_CBC_SHA256, TLS_DHE_RSA_WITH_AES_256_CBC_SHA256, TLS_DHE_DSS_WITH_AES_256_CBC_SHA256, TLS_DHE_RSA_WITH_AES_128_CBC_SHA256, TLS_DHE_DSS_WITH_AES_128_CBC_SHA256, TLS_ECDH_ECDSA_WITH_AES_256_GCM_SHA384, TLS_ECDH_RSA_WITH_AES_256_GCM_SHA384, TLS_ECDH_ECDSA_WITH_AES_128_GCM_SHA256, TLS_ECDH_RSA_WITH_AES_128_GCM_SHA256, TLS_ECDH_ECDSA_WITH_AES_256_CBC_SHA384, TLS_ECDH_RSA_WITH_AES_256_CBC_SHA384, TLS_ECDH_ECDSA_WITH_AES_128_CBC_SHA256, TLS_ECDH_RSA_WITH_AES_128_CBC_SHA256, TLS_ECDHE_ECDSA_WITH_AES_256_CBC_SHA, TLS_ECDHE_RSA_WITH_AES_256_CBC_SHA, TLS_ECDHE_ECDSA_WITH_AES_128_CBC_SHA, TLS_ECDHE_RSA_WITH_AES_128_CBC_SHA, TLS_DHE_RSA_WITH_AES_256_CBC_SHA, TLS_DHE_DSS_WITH_AES_256_CBC_SHA, TLS_DHE_RSA_WITH_AES_128_CBC_SHA, TLS_DHE_DSS_WITH_AES_128_CBC_SHA, TLS_ECDH_ECDSA_WITH_AES_256_CBC_SHA, TLS_ECDH_RSA_WITH_AES_256_CBC_SHA, TLS_ECDH_ECDSA_WITH_AES_128_CBC_SHA, TLS_ECDH_RSA_WITH_AES_128_CBC_SHA, TLS_RSA_WITH_AES_256_GCM_SHA384, TLS_RSA_WITH_AES_128_GCM_SHA256, TLS_RSA_WITH_AES_256_CBC_SHA256, TLS_RSA_WITH_AES_128_CBC_SHA256, TLS_RSA_WITH_AES_256_CBC_SHA, TLS_RSA_WITH_AES_128_CBC_SHA, TLS_EMPTY_RENEGOTIATION_INFO_SCSV]
16:04:04.755 [main] DEBUG org.apache.hc.client5.http.ssl.SSLConnectionSocketFactory - Starting handshake
16:04:05.050 [main] DEBUG org.apache.hc.client5.http.ssl.SSLConnectionSocketFactory - Secure session established
16:04:05.050 [main] DEBUG org.apache.hc.client5.http.ssl.SSLConnectionSocketFactory -  negotiated protocol: TLSv1.3
16:04:05.050 [main] DEBUG org.apache.hc.client5.http.ssl.SSLConnectionSocketFactory -  negotiated cipher suite: TLS_AES_256_GCM_SHA384
16:04:05.051 [main] DEBUG org.apache.hc.client5.http.ssl.SSLConnectionSocketFactory -  peer principal: CN=*.github.io, O="GitHub, Inc.", L=San Francisco, ST=California, C=US
16:04:05.056 [main] DEBUG org.apache.hc.client5.http.ssl.SSLConnectionSocketFactory -  peer alternative names: [*.github.io, github.com, *.github.com, www.github.com, github.io, githubusercontent.com, *.githubusercontent.com]
16:04:05.057 [main] DEBUG org.apache.hc.client5.http.ssl.SSLConnectionSocketFactory -  issuer principal: CN=DigiCert TLS RSA SHA256 2020 CA1, O=DigiCert Inc, C=US
16:04:05.062 [main] DEBUG org.apache.hc.client5.http.impl.io.DefaultHttpClientConnectionOperator - http-outgoing-0: connection established 192.168.1.11:59973<->185.199.108.133:443
16:04:05.073 [main] DEBUG org.apache.hc.client5.http.impl.io.PoolingHttpClientConnectionManager - ep-00000000: connected http-outgoing-0
16:04:05.073 [main] DEBUG org.apache.hc.client5.http.impl.classic.InternalHttpClient - ep-00000000: endpoint connected
16:04:05.075 [main] DEBUG org.apache.hc.client5.http.impl.classic.MainClientExec - ex-00000001: executing GET /bonigarcia/webdrivermanager/master/src/main/resources/commands.properties HTTP/1.1
16:04:05.076 [main] DEBUG org.apache.hc.client5.http.impl.classic.InternalHttpClient - ep-00000000: start execution ex-00000001
16:04:05.077 [main] DEBUG org.apache.hc.client5.http.impl.io.PoolingHttpClientConnectionManager - ep-00000000: executing exchange ex-00000001 over http-outgoing-0
16:04:05.078 [main] DEBUG org.apache.hc.client5.http.headers - http-outgoing-0 >> GET /bonigarcia/webdrivermanager/master/src/main/resources/commands.properties HTTP/1.1
16:04:05.078 [main] DEBUG org.apache.hc.client5.http.headers - http-outgoing-0 >> user-agent: Apache-HttpClient/5.0
16:04:05.078 [main] DEBUG org.apache.hc.client5.http.headers - http-outgoing-0 >> accept-encoding: gzip, deflate, br
16:04:05.078 [main] DEBUG org.apache.hc.client5.http.headers - http-outgoing-0 >> cache-control: max-age=0
16:04:05.079 [main] DEBUG org.apache.hc.client5.http.headers - http-outgoing-0 >> connection: keep-alive
16:04:05.079 [main] DEBUG org.apache.hc.client5.http.headers - http-outgoing-0 >> Host: raw.githubusercontent.com
16:04:05.079 [main] DEBUG org.apache.hc.client5.http.wire - http-outgoing-0 >> "GET /bonigarcia/webdrivermanager/master/src/main/resources/commands.properties HTTP/1.1[\r][\n]"
16:04:05.080 [main] DEBUG org.apache.hc.client5.http.wire - http-outgoing-0 >> "user-agent: Apache-HttpClient/5.0[\r][\n]"
16:04:05.080 [main] DEBUG org.apache.hc.client5.http.wire - http-outgoing-0 >> "accept-encoding: gzip, deflate, br[\r][\n]"
16:04:05.082 [main] DEBUG org.apache.hc.client5.http.wire - http-outgoing-0 >> "cache-control: max-age=0[\r][\n]"
16:04:05.082 [main] DEBUG org.apache.hc.client5.http.wire - http-outgoing-0 >> "connection: keep-alive[\r][\n]"
16:04:05.082 [main] DEBUG org.apache.hc.client5.http.wire - http-outgoing-0 >> "Host: raw.githubusercontent.com[\r][\n]"
16:04:05.082 [main] DEBUG org.apache.hc.client5.http.wire - http-outgoing-0 >> "[\r][\n]"
16:04:05.104 [main] DEBUG org.apache.hc.client5.http.wire - http-outgoing-0 << "HTTP/1.1 200 OK[\r][\n]"
16:04:05.105 [main] DEBUG org.apache.hc.client5.http.wire - http-outgoing-0 << "Connection: keep-alive[\r][\n]"
16:04:05.105 [main] DEBUG org.apache.hc.client5.http.wire - http-outgoing-0 << "Content-Length: 723[\r][\n]"
16:04:05.105 [main] DEBUG org.apache.hc.client5.http.wire - http-outgoing-0 << "Cache-Control: max-age=300[\r][\n]"
16:04:05.105 [main] DEBUG org.apache.hc.client5.http.wire - http-outgoing-0 << "Content-Security-Policy: default-src 'none'; style-src 'unsafe-inline'; sandbox[\r][\n]"
16:04:05.105 [main] DEBUG org.apache.hc.client5.http.wire - http-outgoing-0 << "Content-Type: text/plain; charset=utf-8[\r][\n]"
16:04:05.105 [main] DEBUG org.apache.hc.client5.http.wire - http-outgoing-0 << "ETag: W/"e82b438271e9e8680c688b0b680efd0bdd22faa6d6f0a32fc1fd8accc486b67e"[\r][\n]"
16:04:05.105 [main] DEBUG org.apache.hc.client5.http.wire - http-outgoing-0 << "Strict-Transport-Security: max-age=31536000[\r][\n]"
16:04:05.106 [main] DEBUG org.apache.hc.client5.http.wire - http-outgoing-0 << "X-Content-Type-Options: nosniff[\r][\n]"
16:04:05.107 [main] DEBUG org.apache.hc.client5.http.wire - http-outgoing-0 << "X-Frame-Options: deny[\r][\n]"
16:04:05.107 [main] DEBUG org.apache.hc.client5.http.wire - http-outgoing-0 << "X-XSS-Protection: 1; mode=block[\r][\n]"
16:04:05.107 [main] DEBUG org.apache.hc.client5.http.wire - http-outgoing-0 << "X-GitHub-Request-Id: 838C:6DC1:1C99DF:2CAE53:62707C45[\r][\n]"
16:04:05.109 [main] DEBUG org.apache.hc.client5.http.wire - http-outgoing-0 << "Content-Encoding: gzip[\r][\n]"
16:04:05.109 [main] DEBUG org.apache.hc.client5.http.wire - http-outgoing-0 << "Accept-Ranges: bytes[\r][\n]"
16:04:05.109 [main] DEBUG org.apache.hc.client5.http.wire - http-outgoing-0 << "Date: Tue, 17 May 2022 09:04:04 GMT[\r][\n]"
16:04:05.109 [main] DEBUG org.apache.hc.client5.http.wire - http-outgoing-0 << "Via: 1.1 varnish[\r][\n]"
16:04:05.110 [main] DEBUG org.apache.hc.client5.http.wire - http-outgoing-0 << "X-Served-By: cache-qpg1250-QPG[\r][\n]"
16:04:05.110 [main] DEBUG org.apache.hc.client5.http.wire - http-outgoing-0 << "X-Cache: HIT[\r][\n]"
16:04:05.110 [main] DEBUG org.apache.hc.client5.http.wire - http-outgoing-0 << "X-Cache-Hits: 2[\r][\n]"
16:04:05.110 [main] DEBUG org.apache.hc.client5.http.wire - http-outgoing-0 << "X-Timer: S1652778245.679553,VS0,VE0[\r][\n]"
16:04:05.110 [main] DEBUG org.apache.hc.client5.http.wire - http-outgoing-0 << "Vary: Authorization,Accept-Encoding,Origin[\r][\n]"
16:04:05.110 [main] DEBUG org.apache.hc.client5.http.wire - http-outgoing-0 << "Access-Control-Allow-Origin: *[\r][\n]"
16:04:05.111 [main] DEBUG org.apache.hc.client5.http.wire - http-outgoing-0 << "X-Fastly-Request-ID: d60ad9bf8483398750ab1bd76bf27505de329339[\r][\n]"
16:04:05.111 [main] DEBUG org.apache.hc.client5.http.wire - http-outgoing-0 << "Expires: Tue, 17 May 2022 09:09:04 GMT[\r][\n]"
16:04:05.112 [main] DEBUG org.apache.hc.client5.http.wire - http-outgoing-0 << "Source-Age: 169[\r][\n]"
16:04:05.112 [main] DEBUG org.apache.hc.client5.http.wire - http-outgoing-0 << "[\r][\n]"
16:04:05.120 [main] DEBUG org.apache.hc.client5.http.headers - http-outgoing-0 << HTTP/1.1 200 OK
16:04:05.120 [main] DEBUG org.apache.hc.client5.http.headers - http-outgoing-0 << Connection: keep-alive
16:04:05.120 [main] DEBUG org.apache.hc.client5.http.headers - http-outgoing-0 << Content-Length: 723
16:04:05.120 [main] DEBUG org.apache.hc.client5.http.headers - http-outgoing-0 << Cache-Control: max-age=300
16:04:05.120 [main] DEBUG org.apache.hc.client5.http.headers - http-outgoing-0 << Content-Security-Policy: default-src 'none'; style-src 'unsafe-inline'; sandbox
16:04:05.120 [main] DEBUG org.apache.hc.client5.http.headers - http-outgoing-0 << Content-Type: text/plain; charset=utf-8
16:04:05.120 [main] DEBUG org.apache.hc.client5.http.headers - http-outgoing-0 << ETag: W/"e82b438271e9e8680c688b0b680efd0bdd22faa6d6f0a32fc1fd8accc486b67e"
16:04:05.120 [main] DEBUG org.apache.hc.client5.http.headers - http-outgoing-0 << Strict-Transport-Security: max-age=31536000
16:04:05.120 [main] DEBUG org.apache.hc.client5.http.headers - http-outgoing-0 << X-Content-Type-Options: nosniff
16:04:05.121 [main] DEBUG org.apache.hc.client5.http.headers - http-outgoing-0 << X-Frame-Options: deny
16:04:05.121 [main] DEBUG org.apache.hc.client5.http.headers - http-outgoing-0 << X-XSS-Protection: 1; mode=block
16:04:05.121 [main] DEBUG org.apache.hc.client5.http.headers - http-outgoing-0 << X-GitHub-Request-Id: 838C:6DC1:1C99DF:2CAE53:62707C45
16:04:05.121 [main] DEBUG org.apache.hc.client5.http.headers - http-outgoing-0 << Content-Encoding: gzip
16:04:05.121 [main] DEBUG org.apache.hc.client5.http.headers - http-outgoing-0 << Accept-Ranges: bytes
16:04:05.121 [main] DEBUG org.apache.hc.client5.http.headers - http-outgoing-0 << Date: Tue, 17 May 2022 09:04:04 GMT
16:04:05.121 [main] DEBUG org.apache.hc.client5.http.headers - http-outgoing-0 << Via: 1.1 varnish
16:04:05.121 [main] DEBUG org.apache.hc.client5.http.headers - http-outgoing-0 << X-Served-By: cache-qpg1250-QPG
16:04:05.121 [main] DEBUG org.apache.hc.client5.http.headers - http-outgoing-0 << X-Cache: HIT
16:04:05.121 [main] DEBUG org.apache.hc.client5.http.headers - http-outgoing-0 << X-Cache-Hits: 2
16:04:05.121 [main] DEBUG org.apache.hc.client5.http.headers - http-outgoing-0 << X-Timer: S1652778245.679553,VS0,VE0
16:04:05.122 [main] DEBUG org.apache.hc.client5.http.headers - http-outgoing-0 << Vary: Authorization,Accept-Encoding,Origin
16:04:05.122 [main] DEBUG org.apache.hc.client5.http.headers - http-outgoing-0 << Access-Control-Allow-Origin: *
16:04:05.122 [main] DEBUG org.apache.hc.client5.http.headers - http-outgoing-0 << X-Fastly-Request-ID: d60ad9bf8483398750ab1bd76bf27505de329339
16:04:05.122 [main] DEBUG org.apache.hc.client5.http.headers - http-outgoing-0 << Expires: Tue, 17 May 2022 09:09:04 GMT
16:04:05.122 [main] DEBUG org.apache.hc.client5.http.headers - http-outgoing-0 << Source-Age: 169
16:04:05.158 [main] DEBUG org.apache.hc.client5.http.impl.classic.MainClientExec - ex-00000001: connection can be kept alive for 3 MINUTES
16:04:05.176 [main] DEBUG org.apache.hc.client5.http.wire - http-outgoing-0 << "[0x1f][0xffffff8b][0x8][0x0][0x0][0x0][0x0][0x0][0x0][0x3][0xffffffb5]V]o[0xffffffda]0[0x14]}[0xffffffe7]W\[0xffffff81]*[0xffffffb5][0x12][0x1f][[M[0xffffffd3]$[0x1e]hF[0xffffffbb]i [0x18][0xffffffb4][0xffffffdd]&[0xfffffff9][0xffffffc5]$7[0xffffffc1]R[0x12]#;[0xffffff94]v[0xffffffbf]~[0xffffffb6][0xfffffff3]1[0xffffff92][0xffffff9a][0xffffffc1][0x1a]x[0xffffffcb][0xffffffb5][0xffffffaf][0xffffffcf]9[0xffffffbe][0xfffffff7]8v[0xb][0x1c][0x1e]E4[0xfffffff6]$x4[0xffffffa1][0xb]*[0xffffffb1][0xffffffd1][0xffffff82][0xfffffffb]%[0xffffff93][0xffffffe0][0xffffffb3][0x10][0xffffffc1][0xffffffe5]qBY,!Y[0xffffffea] KM8,[0x10][0xfffffff0][0x19][0xffffffdd]u[0xffffff82][0x1e][0xffffffb0][0xffffffd8]L[0xffffffcb]%[0xffffff86][0xffffffa1][0xe][0xffffffb8][0xfffffff0]P[0xffffffe8]$[0xf][0x13]t[0x13]3[0xfffffff9][0xffffff84]B2[0xffffffae][0xffffffe6]|@[0xfffffff5][0x1d][0x8][0xffffffc4][0x18][0x16][0xffffff82]o[0xffffffa4][0xffffff9a]P[0xffffff94][0xffffffe7][0xffffffce]R[0xfffffff0][0x8][0xffffffdb]p[0xffffffcb][0x4][0xfffffffa][0xfffffffc][0xffffffb9][\r][0xffffff93][0x15][\n]"
16:04:05.179 [main] DEBUG org.apache.hc.client5.http.wire - http-outgoing-0 << "[0xffffffda][0xffffff86][0xffffffa1][0x17][0xffffffa8]Q3[0xffffffcb][0xffffffd6][0xffffffd1][0xffffff85][0xffffffc6][0xfffffff7][0xffffff98][0xffffffef][0xffffffa3][0xffffffc0]8[0x1][0xffffffae]s[0x12][0x16][0x7] _d[0xffffff82][0xffffff91][0xffffff84][0xfffffff3][0x1f],[0xfffffff6][0x14]j[0x1b]F,^+[0xffffff98]1ua2[0xffffffbf]h([0xffffff8e][0xffffff94][0xffffffa2][0xffffff91]m[0xffffffa3][0xffffffeb][0xffffff9a][0xffffffb0][0xffffffbb]I[0x17]t[0xffffffdf][0xffffffbd][0xffffffef][0xffffffbb][0xffffff91][0xffffffd7]U[0xffffffbb][0xffffff82][0xffffff9e][0x3][0xffffff9b][0xffffff88][0xffffffb9][0xffffffa6]$[0xffffffa6][0xc][0xffffff9b][0xffffffa5][0xffffffe2][0xffffff83][0xffffff98]F[0xffffffd8]o[0xffffff9e]Mg[0xffffff93][0xffffffbb][0xffffffd9]`|[0xfffffffb]u4[0xffffff9c][0x7f]"}B[0xffffffce][0x8][0xffffffb9][0xffffffe3]<[0x8][0xffffff91][0xffffff90][0xffffff94][0xffffff82][0xffffff90][0xffffffc1]j[0x15]2WI[0xffffffe3]1![0x19][0xffffff91]BnB[0xffffff80][0x9]<f[0xffffffb5][0xffffffe8]=[0xffffffd1]p[0xffffffbd][[0xffffffcf][0xffffffe5][0x1b][0xfffffff4][0xffffff9c][0xffffffff][0xfffffffc][0xfffffff8][0xffffffe1][0xffffffe2][0xffffff94][0xffffffa2][0xffffffae][0xe][0x14]5[0xffffff9a]8[0xffffff83][0xffffffd1]`:[0xfffffffd]<[0xffffffb8][0x1f][0xffffff9c]R[0xffffffcf]u[0x7f]6[0xffffffbc][0xffffff83][0xffffffef][0xf][0xffffffc3][0xffffffd9]/[0xfffffff8][0xfffffff2][0xffffffcd]y s[0xffffffee]'[0x1b]*0g[0xffffffcb][0xffffffc8]nF7H][0xffffff83][0xffffff97]{[0xffffffb1]Q[0x5][\r][0xffffffb5]c[0xffffffb4][0xf][0x2][0xffffffb3][0xffffffb4][0xffffff93][0xe]C[0xffffffa7][0xffffffb3]kAD][0xffffff9d][0xffffffde][0xffffffdb][0xffffffda][0xffffff88][0xffffffec][0xffffffa5][0xffffffbc][0xffffff99][0xffffffd9][0xffffffba]t[0xffffffb5][0xffffffea]9[0xffffffea][0x10])[0xffffffb7][0xffffffca][0xffffff9e][0xfffffff2][0xffffffe2]d^N[0xffffffd8]FW[0x16][0xffffffcd][0xffffffdc]_[0x10][0xfffffff9]i|[0x1c][0xffffff93][0xffffff8e][0xfffffff9]o[0x16][0xffffff86]4'!$G[0xffffffdf]W[0xfffffff4]W*j[[0xfffffff3]xR[0xffffffae][0xffffffb6][0xc][0xffffffd0],; #[0xffffffa9][0xffffff92]5[0xffffffb5][0x7][0xffffff9c][0xffffffb5][0xffffffd0][0x7f][0xffffff90][0xffffffc7]jgs[0xfffffffc][0xffffffc2][0xb][0xffffffd9][0x0]t[0xffffff9e]^'Y[0xfffffffb][0xffffff9f][0xffffffb1][0xffffffd8]:[0xffffffbf][0xffffff8d][0xffffffa5][0xffffff9a][0xffffffad][0x7f]m[0x5]&[0xffffffaa][0xffffffa0]^[0xffffff9b][0xffffffcb][0x5]f[0xffffffae][0xffffffe0]RU[0xffffff82][0x10]MS9l[0xffffff91]4t[0xfffffffb][0xffffff8a]][0xffffffd6][0xfffffff4][0xffffff96][0xffffffa6][0xffffff9f]P[0xffffffce][0xffffffd5][0xffffffce][0xffffff93][0xffffffff][0xffffff97][0xffffffcc]p[0xfffffffd][0xfffffff3][0xffffffe8][0x1b][0xffffffcc][0xffffffa2][0xffffffd9]Q[0xffffffbe][0xffffffb2][0xffffffa3][0xffffffc7]m'[0xffffffdf][0xffffffe4][[0xfffffffb]^[0xffffffb0][0xffffff9a][0xffffffbe][0xffffffda][0xffffffda]_[0xffffffce][0xffffff80][0xffffffd2][0xffffffc1]7[0xffffffb7]][0xffffffc1]b[0xffffffee][0xffffffb5][0xffffffff]w[0xffffff83][0xffffffed][0xffffffa7];[0x15]<[0x10]4[0xffffff92][0xffffff84][0x18][\n]"
16:04:05.180 [main] DEBUG org.apache.hc.client5.http.wire - http-outgoing-0 << "BB[0xffffffba][0xffffff8e]][0xffffffb5]jo[0xffffffb9]+"[0xffffffea][0xffffffb4][0xffffffff]h"[0xffffffea]\?5[0xffffffa9][0xffffffaf]k[0xffffffec][0xffffffff]P[0xffffffea][\n]"
16:04:05.180 [main] DEBUG org.apache.hc.client5.http.wire - http-outgoing-0 << "w[0xffffffe1]K[0x13][0xffffffda][0xffffffec][0xffffff98][0xffffffe6]Y[0xfffffffd]h8m6[0xffffff9c]T[0xffffffc1][0xfffffff2][0xffffffa7][0xffffff91]z_[0xffffff95]o85p[0x1c][0x13][0xffffffe6][0xfffffff0]5[0xffffffee][0xfffffffc][0xffffff92][0xffffff96][0xffffffda][0xfffffff7][0xffffffcf][0xffffffb1][0x5][0x1d][0xffffffea]K[0xffffff9b]9[0xffffff8e][0xffffffad]e[0xfffffff7][0xffffff93][0xffffffa8]`[0xffffffda][0xffffffff][0x1a][0xffffffd2][0xffffff88][0xffffff85][0xfffffffd][0xfffffff2][0xffffff91]N[0xfffffff6]`[0xffffffdf]2[0xffffffcf][0xffffffae]E[0xffffff97][0xffffffc5][0xffffffa2][0xffffff9d][0xffffffef]'[0xffffff9d]mun.[0xffffffd3]f^[0xffffffc7][0xffffff82][0xffffffda][0xffffff82]9[0xfffffff5][0xffffffa9]`[0x5][0xffffffbc]4[0xffffffa1][0x1d]<M[0xffffffb5]A[0xffffffa7]3[[0xffffffc0][0x7f][0x0][0xffffffc1][0xffffffd0]$[0xffffff85][0x1d][\r][0x0][0x0]"
16:04:05.187 [main] DEBUG org.apache.hc.client5.http.impl.classic.InternalHttpClient - ep-00000000: releasing valid endpoint
16:04:05.188 [main] DEBUG org.apache.hc.client5.http.impl.io.PoolingHttpClientConnectionManager - ep-00000000: releasing endpoint
16:04:05.190 [main] DEBUG org.apache.hc.client5.http.impl.io.PoolingHttpClientConnectionManager - ep-00000000: connection http-outgoing-0 can be kept alive for 3 MINUTES
16:04:05.192 [main] DEBUG org.apache.hc.client5.http.impl.io.PoolingHttpClientConnectionManager - ep-00000000: connection released [route: {s}->https://raw.githubusercontent.com:443][total available: 1; route allocated: 1 of 5; total allocated: 1 of 25]
16:04:05.198 [main] DEBUG io.github.bonigarcia.wdm.versions.VersionDetector - Detecting chrome version using online commands.properties
16:04:05.207 [main] DEBUG io.github.bonigarcia.wdm.versions.Shell - Running command on the shell: [cmd.exe, /C, wmic, datafile, where, name="%PROGRAMFILES:\=\\%\\Google\\Chrome\\Application\\chrome.exe", get, Version, /value]
16:04:05.712 [main] DEBUG io.github.bonigarcia.wdm.versions.Shell - Result: Version=101.0.4951.67
16:04:05.728 [main] DEBUG io.github.bonigarcia.wdm.cache.ResolutionCache - Removing resolution chrome101=101.0.4951.41 from cache (expired on Sat May 14 19:42:28 WIB 2022)
16:04:05.750 [main] DEBUG org.apache.hc.client5.http.impl.classic.InternalHttpClient - ex-00000002: preparing request execution
16:04:05.750 [main] DEBUG org.apache.hc.client5.http.protocol.RequestAddCookies - Cookie spec selected: strict
16:04:05.750 [main] DEBUG org.apache.hc.client5.http.protocol.RequestAuthCache - Auth cache not set in the context
16:04:05.751 [main] DEBUG org.apache.hc.client5.http.impl.classic.ProtocolExec - ex-00000002: target auth state: UNCHALLENGED
16:04:05.751 [main] DEBUG org.apache.hc.client5.http.impl.classic.ProtocolExec - ex-00000002: proxy auth state: UNCHALLENGED
16:04:05.751 [main] DEBUG org.apache.hc.client5.http.impl.classic.ConnectExec - ex-00000002: acquiring connection with route {s}->https://chromedriver.storage.googleapis.com:443
16:04:05.751 [main] DEBUG org.apache.hc.client5.http.impl.classic.InternalHttpClient - ex-00000002: acquiring endpoint (3 MINUTES)
16:04:05.751 [main] DEBUG org.apache.hc.client5.http.impl.io.PoolingHttpClientConnectionManager - ex-00000002: endpoint lease request (3 MINUTES) [route: {s}->https://chromedriver.storage.googleapis.com:443][total available: 1; route allocated: 0 of 5; total allocated: 1 of 25]
16:04:05.752 [main] DEBUG org.apache.hc.client5.http.impl.io.PoolingHttpClientConnectionManager - ex-00000002: endpoint leased [route: {s}->https://chromedriver.storage.googleapis.com:443][total available: 1; route allocated: 1 of 5; total allocated: 2 of 25]
16:04:05.753 [main] DEBUG org.apache.hc.client5.http.impl.io.PoolingHttpClientConnectionManager - ex-00000002: acquired ep-00000001
16:04:05.753 [main] DEBUG org.apache.hc.client5.http.impl.classic.InternalHttpClient - ex-00000002: acquired endpoint ep-00000001
16:04:05.757 [main] DEBUG org.apache.hc.client5.http.impl.classic.ConnectExec - ex-00000002: opening connection {s}->https://chromedriver.storage.googleapis.com:443
16:04:05.758 [main] DEBUG org.apache.hc.client5.http.impl.classic.InternalHttpClient - ep-00000001: connecting endpoint (30 SECONDS)
16:04:05.758 [main] DEBUG org.apache.hc.client5.http.impl.io.PoolingHttpClientConnectionManager - ep-00000001: connecting endpoint to https://chromedriver.storage.googleapis.com:443 (30 SECONDS)
16:04:05.820 [main] DEBUG org.apache.hc.client5.http.impl.io.DefaultHttpClientConnectionOperator - http-outgoing-1: connecting to chromedriver.storage.googleapis.com/34.101.5.112:443
16:04:05.821 [main] DEBUG org.apache.hc.client5.http.ssl.SSLConnectionSocketFactory - Connecting socket to chromedriver.storage.googleapis.com/34.101.5.112:443 with timeout 30 SECONDS
16:04:05.830 [main] DEBUG org.apache.hc.client5.http.ssl.SSLConnectionSocketFactory - Enabled protocols: [TLSv1.3, TLSv1.2]
16:04:05.830 [main] DEBUG org.apache.hc.client5.http.ssl.SSLConnectionSocketFactory - Enabled cipher suites: [TLS_AES_256_GCM_SHA384, TLS_AES_128_GCM_SHA256, TLS_CHACHA20_POLY1305_SHA256, TLS_ECDHE_ECDSA_WITH_AES_256_GCM_SHA384, TLS_ECDHE_ECDSA_WITH_AES_128_GCM_SHA256, TLS_ECDHE_ECDSA_WITH_CHACHA20_POLY1305_SHA256, TLS_ECDHE_RSA_WITH_AES_256_GCM_SHA384, TLS_ECDHE_RSA_WITH_CHACHA20_POLY1305_SHA256, TLS_ECDHE_RSA_WITH_AES_128_GCM_SHA256, TLS_DHE_RSA_WITH_AES_256_GCM_SHA384, TLS_DHE_RSA_WITH_CHACHA20_POLY1305_SHA256, TLS_DHE_DSS_WITH_AES_256_GCM_SHA384, TLS_DHE_RSA_WITH_AES_128_GCM_SHA256, TLS_DHE_DSS_WITH_AES_128_GCM_SHA256, TLS_ECDHE_ECDSA_WITH_AES_256_CBC_SHA384, TLS_ECDHE_RSA_WITH_AES_256_CBC_SHA384, TLS_ECDHE_ECDSA_WITH_AES_128_CBC_SHA256, TLS_ECDHE_RSA_WITH_AES_128_CBC_SHA256, TLS_DHE_RSA_WITH_AES_256_CBC_SHA256, TLS_DHE_DSS_WITH_AES_256_CBC_SHA256, TLS_DHE_RSA_WITH_AES_128_CBC_SHA256, TLS_DHE_DSS_WITH_AES_128_CBC_SHA256, TLS_ECDH_ECDSA_WITH_AES_256_GCM_SHA384, TLS_ECDH_RSA_WITH_AES_256_GCM_SHA384, TLS_ECDH_ECDSA_WITH_AES_128_GCM_SHA256, TLS_ECDH_RSA_WITH_AES_128_GCM_SHA256, TLS_ECDH_ECDSA_WITH_AES_256_CBC_SHA384, TLS_ECDH_RSA_WITH_AES_256_CBC_SHA384, TLS_ECDH_ECDSA_WITH_AES_128_CBC_SHA256, TLS_ECDH_RSA_WITH_AES_128_CBC_SHA256, TLS_ECDHE_ECDSA_WITH_AES_256_CBC_SHA, TLS_ECDHE_RSA_WITH_AES_256_CBC_SHA, TLS_ECDHE_ECDSA_WITH_AES_128_CBC_SHA, TLS_ECDHE_RSA_WITH_AES_128_CBC_SHA, TLS_DHE_RSA_WITH_AES_256_CBC_SHA, TLS_DHE_DSS_WITH_AES_256_CBC_SHA, TLS_DHE_RSA_WITH_AES_128_CBC_SHA, TLS_DHE_DSS_WITH_AES_128_CBC_SHA, TLS_ECDH_ECDSA_WITH_AES_256_CBC_SHA, TLS_ECDH_RSA_WITH_AES_256_CBC_SHA, TLS_ECDH_ECDSA_WITH_AES_128_CBC_SHA, TLS_ECDH_RSA_WITH_AES_128_CBC_SHA, TLS_RSA_WITH_AES_256_GCM_SHA384, TLS_RSA_WITH_AES_128_GCM_SHA256, TLS_RSA_WITH_AES_256_CBC_SHA256, TLS_RSA_WITH_AES_128_CBC_SHA256, TLS_RSA_WITH_AES_256_CBC_SHA, TLS_RSA_WITH_AES_128_CBC_SHA, TLS_EMPTY_RENEGOTIATION_INFO_SCSV]
16:04:05.832 [main] DEBUG org.apache.hc.client5.http.ssl.SSLConnectionSocketFactory - Starting handshake
16:04:05.973 [main] DEBUG org.apache.hc.client5.http.ssl.SSLConnectionSocketFactory - Secure session established
16:04:05.973 [main] DEBUG org.apache.hc.client5.http.ssl.SSLConnectionSocketFactory -  negotiated protocol: TLSv1.3
16:04:05.973 [main] DEBUG org.apache.hc.client5.http.ssl.SSLConnectionSocketFactory -  negotiated cipher suite: TLS_AES_256_GCM_SHA384
16:04:05.974 [main] DEBUG org.apache.hc.client5.http.ssl.SSLConnectionSocketFactory -  peer principal: CN=*.storage.googleapis.com
16:04:05.974 [main] DEBUG org.apache.hc.client5.http.ssl.SSLConnectionSocketFactory -  peer alternative names: [*.storage.googleapis.com, *.googleapis.com, commondatastorage.googleapis.com, *.commondatastorage.googleapis.com, storage.googleapis.com, storage.mtls.googleapis.com, *.appspot.com.storage.googleapis.com, *.content-storage.googleapis.com, *.content-storage-p2.googleapis.com, *.content-storage-upload.googleapis.com, *.content-storage-download.googleapis.com, *.storage-upload.googleapis.com, *.storage-download.googleapis.com]
16:04:05.974 [main] DEBUG org.apache.hc.client5.http.ssl.SSLConnectionSocketFactory -  issuer principal: CN=GTS CA 1C3, O=Google Trust Services LLC, C=US
16:04:05.974 [main] DEBUG org.apache.hc.client5.http.impl.io.DefaultHttpClientConnectionOperator - http-outgoing-1: connection established 192.168.1.11:59974<->34.101.5.112:443
16:04:05.974 [main] DEBUG org.apache.hc.client5.http.impl.io.PoolingHttpClientConnectionManager - ep-00000001: connected http-outgoing-1
16:04:05.975 [main] DEBUG org.apache.hc.client5.http.impl.classic.InternalHttpClient - ep-00000001: endpoint connected
16:04:05.975 [main] DEBUG org.apache.hc.client5.http.impl.classic.MainClientExec - ex-00000002: executing GET /LATEST_RELEASE_101 HTTP/1.1
16:04:05.976 [main] DEBUG org.apache.hc.client5.http.impl.classic.InternalHttpClient - ep-00000001: start execution ex-00000002
16:04:05.976 [main] DEBUG org.apache.hc.client5.http.impl.io.PoolingHttpClientConnectionManager - ep-00000001: executing exchange ex-00000002 over http-outgoing-1
16:04:05.976 [main] DEBUG org.apache.hc.client5.http.headers - http-outgoing-1 >> GET /LATEST_RELEASE_101 HTTP/1.1
16:04:05.976 [main] DEBUG org.apache.hc.client5.http.headers - http-outgoing-1 >> user-agent: Apache-HttpClient/5.0
16:04:05.976 [main] DEBUG org.apache.hc.client5.http.headers - http-outgoing-1 >> accept-encoding: gzip, deflate, br
16:04:05.976 [main] DEBUG org.apache.hc.client5.http.headers - http-outgoing-1 >> cache-control: max-age=0
16:04:05.977 [main] DEBUG org.apache.hc.client5.http.headers - http-outgoing-1 >> connection: keep-alive
16:04:05.977 [main] DEBUG org.apache.hc.client5.http.headers - http-outgoing-1 >> Host: chromedriver.storage.googleapis.com
16:04:05.977 [main] DEBUG org.apache.hc.client5.http.wire - http-outgoing-1 >> "GET /LATEST_RELEASE_101 HTTP/1.1[\r][\n]"
16:04:05.977 [main] DEBUG org.apache.hc.client5.http.wire - http-outgoing-1 >> "user-agent: Apache-HttpClient/5.0[\r][\n]"
16:04:05.977 [main] DEBUG org.apache.hc.client5.http.wire - http-outgoing-1 >> "accept-encoding: gzip, deflate, br[\r][\n]"
16:04:05.977 [main] DEBUG org.apache.hc.client5.http.wire - http-outgoing-1 >> "cache-control: max-age=0[\r][\n]"
16:04:05.977 [main] DEBUG org.apache.hc.client5.http.wire - http-outgoing-1 >> "connection: keep-alive[\r][\n]"
16:04:05.977 [main] DEBUG org.apache.hc.client5.http.wire - http-outgoing-1 >> "Host: chromedriver.storage.googleapis.com[\r][\n]"
16:04:05.977 [main] DEBUG org.apache.hc.client5.http.wire - http-outgoing-1 >> "[\r][\n]"
16:04:05.986 [main] DEBUG org.apache.hc.client5.http.wire - http-outgoing-1 << "HTTP/1.1 200 OK[\r][\n]"
16:04:05.986 [main] DEBUG org.apache.hc.client5.http.wire - http-outgoing-1 << "X-GUploader-UploadID: ADPycdtAf9L4xSqAPeZbnMeM6n1o7o3o0bLl9slCTH9Z3FFAwUQHctQM5ajIy57iB9apXJp3ozR1MzFd6uKpyuzY5DeE8g[\r][\n]"
16:04:05.986 [main] DEBUG org.apache.hc.client5.http.wire - http-outgoing-1 << "x-goog-generation: 1651042960642521[\r][\n]"
16:04:05.987 [main] DEBUG org.apache.hc.client5.http.wire - http-outgoing-1 << "x-goog-metageneration: 1[\r][\n]"
16:04:05.987 [main] DEBUG org.apache.hc.client5.http.wire - http-outgoing-1 << "x-goog-stored-content-encoding: identity[\r][\n]"
16:04:05.987 [main] DEBUG org.apache.hc.client5.http.wire - http-outgoing-1 << "x-goog-stored-content-length: 13[\r][\n]"
16:04:05.987 [main] DEBUG org.apache.hc.client5.http.wire - http-outgoing-1 << "x-goog-hash: crc32c=/STjMw==[\r][\n]"
16:04:05.987 [main] DEBUG org.apache.hc.client5.http.wire - http-outgoing-1 << "x-goog-hash: md5=TI/RrWwfmTd7fF5pgl1BgQ==[\r][\n]"
16:04:05.987 [main] DEBUG org.apache.hc.client5.http.wire - http-outgoing-1 << "x-goog-storage-class: STANDARD[\r][\n]"
16:04:05.987 [main] DEBUG org.apache.hc.client5.http.wire - http-outgoing-1 << "Accept-Ranges: bytes[\r][\n]"
16:04:05.987 [main] DEBUG org.apache.hc.client5.http.wire - http-outgoing-1 << "Content-Length: 13[\r][\n]"
16:04:05.987 [main] DEBUG org.apache.hc.client5.http.wire - http-outgoing-1 << "Server: UploadServer[\r][\n]"
16:04:05.987 [main] DEBUG org.apache.hc.client5.http.wire - http-outgoing-1 << "Date: Tue, 17 May 2022 08:36:21 GMT[\r][\n]"
16:04:05.987 [main] DEBUG org.apache.hc.client5.http.wire - http-outgoing-1 << "Expires: Tue, 17 May 2022 09:36:21 GMT[\r][\n]"
16:04:05.987 [main] DEBUG org.apache.hc.client5.http.wire - http-outgoing-1 << "Cache-Control: public, max-age=3600[\r][\n]"
16:04:05.988 [main] DEBUG org.apache.hc.client5.http.wire - http-outgoing-1 << "Age: 1664[\r][\n]"
16:04:05.989 [main] DEBUG org.apache.hc.client5.http.wire - http-outgoing-1 << "Last-Modified: Wed, 27 Apr 2022 07:02:40 GMT[\r][\n]"
16:04:05.989 [main] DEBUG org.apache.hc.client5.http.wire - http-outgoing-1 << "ETag: "4c8fd1ad6c1f99377b7c5e69825d4181"[\r][\n]"
16:04:05.989 [main] DEBUG org.apache.hc.client5.http.wire - http-outgoing-1 << "Content-Type: text/plain[\r][\n]"
16:04:05.989 [main] DEBUG org.apache.hc.client5.http.wire - http-outgoing-1 << "Alt-Svc: h3=":443"; ma=2592000,h3-29=":443"; ma=2592000,h3-Q050=":443"; ma=2592000,h3-Q046=":443"; ma=2592000,h3-Q043=":443"; ma=2592000,quic=":443"; ma=2592000; v="46,43"[\r][\n]"
16:04:05.989 [main] DEBUG org.apache.hc.client5.http.wire - http-outgoing-1 << "[\r][\n]"
16:04:05.989 [main] DEBUG org.apache.hc.client5.http.wire - http-outgoing-1 << "101.0.4951.41"
16:04:05.990 [main] DEBUG org.apache.hc.client5.http.headers - http-outgoing-1 << HTTP/1.1 200 OK
16:04:05.994 [main] DEBUG org.apache.hc.client5.http.headers - http-outgoing-1 << X-GUploader-UploadID: ADPycdtAf9L4xSqAPeZbnMeM6n1o7o3o0bLl9slCTH9Z3FFAwUQHctQM5ajIy57iB9apXJp3ozR1MzFd6uKpyuzY5DeE8g
16:04:05.994 [main] DEBUG org.apache.hc.client5.http.headers - http-outgoing-1 << x-goog-generation: 1651042960642521
16:04:05.994 [main] DEBUG org.apache.hc.client5.http.headers - http-outgoing-1 << x-goog-metageneration: 1
16:04:05.994 [main] DEBUG org.apache.hc.client5.http.headers - http-outgoing-1 << x-goog-stored-content-encoding: identity
16:04:05.994 [main] DEBUG org.apache.hc.client5.http.headers - http-outgoing-1 << x-goog-stored-content-length: 13
16:04:05.994 [main] DEBUG org.apache.hc.client5.http.headers - http-outgoing-1 << x-goog-hash: crc32c=/STjMw==
16:04:05.994 [main] DEBUG org.apache.hc.client5.http.headers - http-outgoing-1 << x-goog-hash: md5=TI/RrWwfmTd7fF5pgl1BgQ==
16:04:05.994 [main] DEBUG org.apache.hc.client5.http.headers - http-outgoing-1 << x-goog-storage-class: STANDARD
16:04:05.995 [main] DEBUG org.apache.hc.client5.http.headers - http-outgoing-1 << Accept-Ranges: bytes
16:04:05.995 [main] DEBUG org.apache.hc.client5.http.headers - http-outgoing-1 << Content-Length: 13
16:04:05.995 [main] DEBUG org.apache.hc.client5.http.headers - http-outgoing-1 << Server: UploadServer
16:04:05.995 [main] DEBUG org.apache.hc.client5.http.headers - http-outgoing-1 << Date: Tue, 17 May 2022 08:36:21 GMT
16:04:05.995 [main] DEBUG org.apache.hc.client5.http.headers - http-outgoing-1 << Expires: Tue, 17 May 2022 09:36:21 GMT
16:04:05.995 [main] DEBUG org.apache.hc.client5.http.headers - http-outgoing-1 << Cache-Control: public, max-age=3600
16:04:05.995 [main] DEBUG org.apache.hc.client5.http.headers - http-outgoing-1 << Age: 1664
16:04:05.995 [main] DEBUG org.apache.hc.client5.http.headers - http-outgoing-1 << Last-Modified: Wed, 27 Apr 2022 07:02:40 GMT
16:04:05.995 [main] DEBUG org.apache.hc.client5.http.headers - http-outgoing-1 << ETag: "4c8fd1ad6c1f99377b7c5e69825d4181"
16:04:05.995 [main] DEBUG org.apache.hc.client5.http.headers - http-outgoing-1 << Content-Type: text/plain
16:04:05.995 [main] DEBUG org.apache.hc.client5.http.headers - http-outgoing-1 << Alt-Svc: h3=":443"; ma=2592000,h3-29=":443"; ma=2592000,h3-Q050=":443"; ma=2592000,h3-Q046=":443"; ma=2592000,h3-Q043=":443"; ma=2592000,quic=":443"; ma=2592000; v="46,43"
16:04:05.996 [main] DEBUG org.apache.hc.client5.http.impl.classic.MainClientExec - ex-00000002: connection can be kept alive for 3 MINUTES
16:04:05.997 [main] DEBUG org.apache.hc.client5.http.impl.classic.InternalHttpClient - ep-00000001: releasing valid endpoint
16:04:05.997 [main] DEBUG org.apache.hc.client5.http.impl.io.PoolingHttpClientConnectionManager - ep-00000001: releasing endpoint
16:04:05.997 [main] DEBUG org.apache.hc.client5.http.impl.io.PoolingHttpClientConnectionManager - ep-00000001: connection http-outgoing-1 can be kept alive for 3 MINUTES
16:04:05.997 [main] DEBUG org.apache.hc.client5.http.impl.io.PoolingHttpClientConnectionManager - ep-00000001: connection released [route: {s}->https://chromedriver.storage.googleapis.com:443][total available: 2; route allocated: 1 of 5; total allocated: 2 of 25]
16:04:05.998 [main] DEBUG io.github.bonigarcia.wdm.versions.VersionDetector - Latest version of chromedriver according to https://chromedriver.storage.googleapis.com/LATEST_RELEASE_101 is 101.0.4951.41
16:04:05.998 [main] INFO io.github.bonigarcia.wdm.WebDriverManager - Using chromedriver 101.0.4951.41 (resolved driver for Chrome 101)
16:04:06.019 [main] DEBUG io.github.bonigarcia.wdm.cache.ResolutionCache - Storing resolution chrome=101 in cache (valid until 17:04:06 17/05/2022 WIB)
16:04:06.040 [main] DEBUG io.github.bonigarcia.wdm.cache.ResolutionCache - Storing resolution chrome101=101.0.4951.41 in cache (valid until 16:04:06 18/05/2022 WIB)
16:04:06.084 [main] DEBUG io.github.bonigarcia.wdm.WebDriverManager - Driver chromedriver 101.0.4951.41 found in cache
16:04:06.088 [main] INFO io.github.bonigarcia.wdm.WebDriverManager - Exporting webdriver.chrome.driver as C:\Users\ponda\.cache\selenium\chromedriver\win32\101.0.4951.41\chromedriver.exe
16:04:07.690 [main] DEBUG net.thucydides.core.reflection.ClassFinder - Could not load class .CucumberTestSuite
16:04:07.690 [main] DEBUG net.thucydides.core.reflection.ClassFinder - Could not load class .Utils.General
16:04:07.690 [main] DEBUG net.thucydides.core.reflection.ClassFinder - Could not load class .starter.pages.LoginPage
16:04:07.690 [main] DEBUG net.thucydides.core.reflection.ClassFinder - Could not load class .starter.pages.OrderPage
16:04:07.690 [main] DEBUG net.thucydides.core.reflection.ClassFinder - Could not load class .starter.pages.ProductPage
16:04:07.690 [main] DEBUG net.thucydides.core.reflection.ClassFinder - Could not load class .starter.pages.ProductPage_Logout
16:04:07.690 [main] DEBUG net.thucydides.core.reflection.ClassFinder - Could not load class .starter.pages.RegisterPage
16:04:07.690 [main] DEBUG net.thucydides.core.reflection.ClassFinder - Could not load class .starter.pages.TransactionPage
16:04:07.691 [main] DEBUG net.thucydides.core.reflection.ClassFinder - Could not load class .starter.stepdefinitions.LoginSteps
16:04:07.691 [main] DEBUG net.thucydides.core.reflection.ClassFinder - Could not load class .starter.stepdefinitions.LogoutSteps
16:04:07.691 [main] DEBUG net.thucydides.core.reflection.ClassFinder - Could not load class .starter.stepdefinitions.OrderSteps
16:04:07.691 [main] DEBUG net.thucydides.core.reflection.ClassFinder - Could not load class .starter.stepdefinitions.ProductSteps
16:04:07.691 [main] DEBUG net.thucydides.core.reflection.ClassFinder - Could not load class .starter.stepdefinitions.RegisterSteps
16:04:07.693 [main] DEBUG net.thucydides.core.reflection.ClassFinder - Could not load class META-INF.versions.9.com.sun.istack.logging.StackHelper
16:04:07.697 [main] DEBUG net.thucydides.core.reflection.ClassFinder - Could not load class META-INF.versions.9.com.sun.xml.bind.v2.runtime.reflect.opt.AccessorInjector
16:04:07.705 [main] DEBUG net.thucydides.core.reflection.ClassFinder - Could not load class META-INF.versions.9.com.sun.xml.bind.v2.runtime.reflect.opt.Injector
16:04:07.725 [main] DEBUG net.thucydides.core.reflection.ClassFinder - Could not load class META-INF.versions.9.com.sun.xml.bind.v2.runtime.reflect.opt.OptimizedAccessorFactory
16:04:07.726 [main] DEBUG net.thucydides.core.reflection.ClassFinder - Could not load class META-INF.versions.9.com.sun.xml.bind.v2.runtime.reflect.opt.OptimizedTransducedAccessorFactory
16:04:07.735 [main] DEBUG net.thucydides.core.reflection.ClassFinder - Could not load class META-INF.versions.9.io.opentelemetry.sdk.internal.CurrentJavaVersionSpecific
16:04:07.790 [main] DEBUG net.thucydides.core.reflection.ClassFinder - Could not load class META-INF.versions.9.io.opentelemetry.sdk.internal.Java9VersionSpecific
16:04:07.795 [main] DEBUG net.thucydides.core.reflection.ClassFinder - Could not load class META-INF.versions.9.javax.xml.bind.ModuleUtil
16:04:07.798 [main] DEBUG net.thucydides.core.reflection.ClassFinder - Could not load class META-INF.versions.9.module-info
16:04:07.800 [main] DEBUG net.thucydides.core.reflection.ClassFinder - Could not load class META-INF.versions.9.org.junit.platform.commons.util.ModuleUtils
16:04:10.282 [main] DEBUG net.thucydides.core.reflection.ClassFinder - Could not load class com.google.gson.internal.
16:04:11.802 [main] DEBUG net.thucydides.core.reflection.ClassFinder - Could not load class com.sun.xml.bind.v2.runtime.output.FastInfosetStreamWriterOutput
16:04:13.230 [main] DEBUG net.thucydides.core.reflection.ClassFinder - Could not load class module-info
16:04:22.987 [main] DEBUG io.netty.util.internal.logging.InternalLoggerFactory - Using SLF4J as the default logging framework
16:04:23.011 [main] DEBUG io.netty.util.ResourceLeakDetector - -Dio.netty.leakDetection.level: simple
16:04:23.012 [main] DEBUG io.netty.util.ResourceLeakDetector - -Dio.netty.leakDetection.targetRecords: 4
16:04:23.040 [main] DEBUG io.netty.util.ResourceLeakDetectorFactory - Loaded default ResourceLeakDetector: io.netty.util.ResourceLeakDetector@5f966dee
16:04:23.148 [main] DEBUG io.netty.util.internal.PlatformDependent0 - -Dio.netty.noUnsafe: false
16:04:23.149 [main] DEBUG io.netty.util.internal.PlatformDependent0 - Java version: 15
16:04:23.152 [main] DEBUG io.netty.util.internal.PlatformDependent0 - sun.misc.Unsafe.theUnsafe: available
16:04:23.155 [main] DEBUG io.netty.util.internal.PlatformDependent0 - sun.misc.Unsafe.copyMemory: available
16:04:23.158 [main] DEBUG io.netty.util.internal.PlatformDependent0 - java.nio.Buffer.address: available
16:04:23.160 [main] DEBUG io.netty.util.internal.PlatformDependent0 - direct buffer constructor: unavailable: Reflective setAccessible(true) disabled
16:04:23.163 [main] DEBUG io.netty.util.internal.PlatformDependent0 - java.nio.Bits.unaligned: available, true
16:04:23.167 [main] DEBUG io.netty.util.internal.PlatformDependent0 - jdk.internal.misc.Unsafe.allocateUninitializedArray(int): unavailable: class io.netty.util.internal.PlatformDependent0$6 cannot access class jdk.internal.misc.Unsafe (in module java.base) because module java.base does not export jdk.internal.misc to unnamed module @48e64352
16:04:23.172 [main] DEBUG io.netty.util.internal.PlatformDependent0 - java.nio.DirectByteBuffer.<init>(long, int): unavailable
16:04:23.172 [main] DEBUG io.netty.util.internal.PlatformDependent - sun.misc.Unsafe: available
16:04:23.178 [main] DEBUG io.netty.util.internal.PlatformDependent - maxDirectMemory: 2000683008 bytes (maybe)
16:04:23.179 [main] DEBUG io.netty.util.internal.PlatformDependent - -Dio.netty.tmpdir: C:\Users\ponda\AppData\Local\Temp (java.io.tmpdir)
16:04:23.179 [main] DEBUG io.netty.util.internal.PlatformDependent - -Dio.netty.bitMode: 64 (sun.arch.data.model)
16:04:23.181 [main] DEBUG io.netty.util.internal.PlatformDependent - Platform: Windows
16:04:23.185 [main] DEBUG io.netty.util.internal.PlatformDependent - -Dio.netty.maxDirectMemory: -1 bytes
16:04:23.186 [main] DEBUG io.netty.util.internal.PlatformDependent - -Dio.netty.uninitializedArrayAllocationThreshold: -1
16:04:23.189 [main] DEBUG io.netty.util.internal.CleanerJava9 - java.nio.ByteBuffer.cleaner(): available
16:04:23.189 [main] DEBUG io.netty.util.internal.PlatformDependent - -Dio.netty.noPreferDirect: false
16:04:23.221 [main] DEBUG io.netty.util.internal.PlatformDependent - org.jctools-core.MpscChunkedArrayQueue: available
16:04:23.278 [main] DEBUG io.netty.util.internal.InternalThreadLocalMap - -Dio.netty.threadLocalMap.stringBuilder.initialSize: 1024
16:04:23.278 [main] DEBUG io.netty.util.internal.InternalThreadLocalMap - -Dio.netty.threadLocalMap.stringBuilder.maxSize: 4096
16:04:23.335 [main] DEBUG io.netty.handler.ssl.JdkSslContext - Default protocols (JDK): [TLSv1.3, TLSv1.2, TLSv1.1, TLSv1] 
16:04:23.335 [main] DEBUG io.netty.handler.ssl.JdkSslContext - Default cipher suites (JDK): [TLS_ECDHE_ECDSA_WITH_AES_256_GCM_SHA384, TLS_ECDHE_ECDSA_WITH_AES_128_GCM_SHA256, TLS_ECDHE_RSA_WITH_AES_128_GCM_SHA256, TLS_ECDHE_RSA_WITH_AES_256_GCM_SHA384, TLS_ECDHE_RSA_WITH_AES_128_CBC_SHA, TLS_ECDHE_RSA_WITH_AES_256_CBC_SHA, TLS_RSA_WITH_AES_128_GCM_SHA256, TLS_RSA_WITH_AES_128_CBC_SHA, TLS_RSA_WITH_AES_256_CBC_SHA, TLS_AES_128_GCM_SHA256, TLS_AES_256_GCM_SHA384]
16:04:23.416 [main] DEBUG io.netty.channel.MultithreadEventLoopGroup - -Dio.netty.eventLoopThreads: 4
16:04:23.447 [main] DEBUG io.netty.channel.nio.NioEventLoop - -Dio.netty.noKeySetOptimization: false
16:04:23.447 [main] DEBUG io.netty.channel.nio.NioEventLoop - -Dio.netty.selectorAutoRebuildThreshold: 512
16:04:23.576 [main] DEBUG io.netty.buffer.PooledByteBufAllocator - -Dio.netty.allocator.numHeapArenas: 4
16:04:23.576 [main] DEBUG io.netty.buffer.PooledByteBufAllocator - -Dio.netty.allocator.numDirectArenas: 4
16:04:23.576 [main] DEBUG io.netty.buffer.PooledByteBufAllocator - -Dio.netty.allocator.pageSize: 8192
16:04:23.576 [main] DEBUG io.netty.buffer.PooledByteBufAllocator - -Dio.netty.allocator.maxOrder: 11
16:04:23.576 [main] DEBUG io.netty.buffer.PooledByteBufAllocator - -Dio.netty.allocator.chunkSize: 16777216
16:04:23.577 [main] DEBUG io.netty.buffer.PooledByteBufAllocator - -Dio.netty.allocator.smallCacheSize: 256
16:04:23.577 [main] DEBUG io.netty.buffer.PooledByteBufAllocator - -Dio.netty.allocator.normalCacheSize: 64
16:04:23.577 [main] DEBUG io.netty.buffer.PooledByteBufAllocator - -Dio.netty.allocator.maxCachedBufferCapacity: 32768
16:04:23.577 [main] DEBUG io.netty.buffer.PooledByteBufAllocator - -Dio.netty.allocator.cacheTrimInterval: 8192
16:04:23.577 [main] DEBUG io.netty.buffer.PooledByteBufAllocator - -Dio.netty.allocator.cacheTrimIntervalMillis: 0
16:04:23.577 [main] DEBUG io.netty.buffer.PooledByteBufAllocator - -Dio.netty.allocator.useCacheForAllThreads: true
16:04:23.578 [main] DEBUG io.netty.buffer.PooledByteBufAllocator - -Dio.netty.allocator.maxCachedByteBuffersPerChunk: 1023
16:04:23.616 [main] DEBUG io.netty.buffer.ByteBufUtil - -Dio.netty.allocator.type: pooled
16:04:23.618 [main] DEBUG io.netty.buffer.ByteBufUtil - -Dio.netty.threadLocalDirectBufferSize: 0
16:04:23.618 [main] DEBUG io.netty.buffer.ByteBufUtil - -Dio.netty.maxThreadLocalCharBufferSize: 16384
16:04:24.347 [main] DEBUG net.serenitybdd.core.webdriver.driverproviders.ProvideNewDriver - Instantiating driver
16:04:24.347 [main] DEBUG net.serenitybdd.core.webdriver.driverproviders.ProvideNewDriver - Driver capabilities: Capabilities {acceptInsecureCerts: false, base.url: https://qa.alta.id, browserName: chrome, chrome.driver: src/test/resources/webdrive..., driver: chrome, goog:chromeOptions: {args: [], extensions: []}}
16:04:27.221 [Forwarding newSession on session null to remote] DEBUG io.netty.channel.DefaultChannelId - -Dio.netty.processId: 13708 (auto-detected)
16:04:27.225 [Forwarding newSession on session null to remote] DEBUG io.netty.util.NetUtil - -Djava.net.preferIPv4Stack: false
16:04:27.225 [Forwarding newSession on session null to remote] DEBUG io.netty.util.NetUtil - -Djava.net.preferIPv6Addresses: false
16:04:27.245 [Forwarding newSession on session null to remote] DEBUG io.netty.util.NetUtilInitializations - Loopback interface: lo (Software Loopback Interface 1, 127.0.0.1)
16:04:27.248 [Forwarding newSession on session null to remote] DEBUG io.netty.util.NetUtil - Failed to get SOMAXCONN from sysctl and file \proc\sys\net\core\somaxconn. Default: 200
16:04:27.300 [Forwarding newSession on session null to remote] DEBUG io.netty.channel.DefaultChannelId - -Dio.netty.machineId: b0:a4:60:ff:fe:51:c9:7b (auto-detected)
16:04:27.422 [AsyncHttpClient-1-2] DEBUG io.netty.buffer.AbstractByteBuf - -Dio.netty.buffer.checkAccessible: true
16:04:27.422 [AsyncHttpClient-1-2] DEBUG io.netty.buffer.AbstractByteBuf - -Dio.netty.buffer.checkBounds: true
16:04:27.422 [AsyncHttpClient-1-2] DEBUG io.netty.util.ResourceLeakDetectorFactory - Loaded default ResourceLeakDetector: io.netty.util.ResourceLeakDetector@31151cc9
16:04:27.448 [AsyncHttpClient-1-2] DEBUG org.asynchttpclient.netty.channel.NettyConnectListener - Using new Channel '[id: 0x6427a647, L:/127.0.0.1:59989 - R:localhost/127.0.0.1:51618]' for 'POST' to '/session'
16:04:27.495 [AsyncHttpClient-1-2] DEBUG io.netty.util.Recycler - -Dio.netty.recycler.maxCapacityPerThread: 4096
16:04:27.495 [AsyncHttpClient-1-2] DEBUG io.netty.util.Recycler - -Dio.netty.recycler.ratio: 8
16:04:27.495 [AsyncHttpClient-1-2] DEBUG io.netty.util.Recycler - -Dio.netty.recycler.chunkSize: 32
16:04:27.495 [AsyncHttpClient-1-2] DEBUG io.netty.util.Recycler - -Dio.netty.recycler.blocking: false
16:04:30.368 [AsyncHttpClient-1-2] DEBUG io.netty.handler.codec.compression.Brotli - brotli4j not in the classpath; Brotli support will be unavailable.
16:04:30.369 [AsyncHttpClient-1-2] DEBUG org.asynchttpclient.netty.handler.HttpHandler - 

Request DefaultHttpRequest(decodeResult: success, version: HTTP/1.1)
POST /session HTTP/1.1
User-Agent: selenium/4.1.2 (java windows)
Content-Length: 599
Content-Type: application/json; charset=utf-8
host: localhost:51618
accept: */*

Response DefaultHttpResponse(decodeResult: success, version: HTTP/1.1)
HTTP/1.1 200 OK
Content-Type: application/json; charset=utf-8
cache-control: no-cache
content-length: 789

16:04:30.401 [AsyncHttpClient-1-2] DEBUG org.asynchttpclient.netty.channel.ChannelManager - Adding key: http://localhost:51618 for channel [id: 0x6427a647, L:/127.0.0.1:59989 - R:localhost/127.0.0.1:51618]
16:04:30.892 [AsyncHttpClient-1-3] DEBUG org.asynchttpclient.netty.channel.NettyConnectListener - Using new Channel '[id: 0xdc198222, L:/127.0.0.1:59997 - R:localhost/127.0.0.1:59990]' for 'GET' to '/json/version'
16:04:30.926 [AsyncHttpClient-1-3] DEBUG org.asynchttpclient.netty.handler.HttpHandler - 

Request DefaultFullHttpRequest(decodeResult: success, version: HTTP/1.1, content: EmptyByteBufBE)
GET /json/version HTTP/1.1
User-Agent: selenium/4.1.2 (java windows)
host: localhost:59990
accept: */*

Response DefaultHttpResponse(decodeResult: success, version: HTTP/1.1)
HTTP/1.1 200 OK
Content-Type: application/json; charset=UTF-8
content-length: 427

16:04:30.928 [AsyncHttpClient-1-3] DEBUG org.asynchttpclient.netty.channel.ChannelManager - Adding key: http://localhost:59990 for channel [id: 0xdc198222, L:/127.0.0.1:59997 - R:localhost/127.0.0.1:59990]
16:04:31.044 [main] DEBUG io.netty.util.internal.ThreadLocalRandom - -Dio.netty.initialSeedUniquifier: 0x4ab6771a396d914b
16:04:31.072 [AsyncHttpClient-1-4] DEBUG org.asynchttpclient.netty.channel.NettyConnectListener - Using new Channel '[id: 0xe4103cef, L:/127.0.0.1:59998 - R:localhost/127.0.0.1:59990]' for 'GET' to '/devtools/browser/31645697-876e-4cac-8bd8-453c38d0ff63'
16:04:31.169 [AsyncHttpClient-1-4] DEBUG org.asynchttpclient.netty.handler.WebSocketHandler - 

Request DefaultFullHttpRequest(decodeResult: success, version: HTTP/1.1, content: EmptyByteBufBE)
GET /devtools/browser/31645697-876e-4cac-8bd8-453c38d0ff63 HTTP/1.1
upgrade: websocket
connection: upgrade
sec-websocket-key: uhRWooouk3AJ64C/tcYBIQ==
sec-websocket-version: 13
origin: http://localhost:59990
host: localhost:59990
accept: */*
user-agent: AHC/2.1

Response DefaultHttpResponse(decodeResult: success, version: HTTP/1.1)
HTTP/1.1 101 WebSocket Protocol Handshake
Upgrade: WebSocket
Connection: Upgrade
Sec-WebSocket-Accept: LXJWs47HYOP/EODEPhrNSZCigpI=

16:04:31.190 [AsyncHttpClient-1-1] DEBUG org.asynchttpclient.netty.channel.DefaultChannelPool - Entry count for : http://localhost:59990 : 1
16:04:31.191 [AsyncHttpClient-1-1] DEBUG org.asynchttpclient.netty.channel.DefaultChannelPool - Entry count for : http://localhost:51618 : 1
16:04:31.301 [Forwarding maximizeCurrentWindow on session 8a79d2b79e20d554f4a83f49557caca5 to remote] DEBUG org.asynchttpclient.netty.request.NettyRequestSender - Using pooled Channel '[id: 0x6427a647, L:/127.0.0.1:59989 - R:localhost/127.0.0.1:51618]' for 'POST' to 'http://localhost:51618/session/8a79d2b79e20d554f4a83f49557caca5/window/maximize'
16:04:31.301 [Forwarding maximizeCurrentWindow on session 8a79d2b79e20d554f4a83f49557caca5 to remote] DEBUG org.asynchttpclient.netty.request.NettyRequestSender - Using open Channel [id: 0x6427a647, L:/127.0.0.1:59989 - R:localhost/127.0.0.1:51618] for POST '/session/8a79d2b79e20d554f4a83f49557caca5/window/maximize'
16:04:31.668 [AsyncHttpClient-1-2] DEBUG org.asynchttpclient.netty.handler.HttpHandler - 

Request DefaultHttpRequest(decodeResult: success, version: HTTP/1.1)
POST /session/8a79d2b79e20d554f4a83f49557caca5/window/maximize HTTP/1.1
User-Agent: selenium/4.1.2 (java windows)
Content-Length: 3
Content-Type: application/json; charset=utf-8
host: localhost:51618
accept: */*

Response DefaultHttpResponse(decodeResult: success, version: HTTP/1.1)
HTTP/1.1 200 OK
Content-Type: application/json; charset=utf-8
cache-control: no-cache
content-length: 51

16:04:31.669 [AsyncHttpClient-1-2] DEBUG org.asynchttpclient.netty.channel.ChannelManager - Adding key: http://localhost:51618 for channel [id: 0x6427a647, L:/127.0.0.1:59989 - R:localhost/127.0.0.1:51618]
16:04:32.313 [AsyncHttpClient-1-1] DEBUG org.asynchttpclient.netty.channel.DefaultChannelPool - Entry count for : http://localhost:59990 : 1
16:04:32.313 [AsyncHttpClient-1-1] DEBUG org.asynchttpclient.netty.channel.DefaultChannelPool - Entry count for : http://localhost:51618 : 1
16:04:33.337 [AsyncHttpClient-1-1] DEBUG org.asynchttpclient.netty.channel.DefaultChannelPool - Entry count for : http://localhost:59990 : 1
16:04:33.337 [AsyncHttpClient-1-1] DEBUG org.asynchttpclient.netty.channel.DefaultChannelPool - Entry count for : http://localhost:51618 : 1
16:04:33.852 [main] DEBUG net.thucydides.core.reflection.ClassFinder - Could not load class .CucumberTestSuite
16:04:33.853 [main] DEBUG net.thucydides.core.reflection.ClassFinder - Could not load class .Utils.General
16:04:33.853 [main] DEBUG net.thucydides.core.reflection.ClassFinder - Could not load class .starter.pages.LoginPage
16:04:33.853 [main] DEBUG net.thucydides.core.reflection.ClassFinder - Could not load class .starter.pages.OrderPage
16:04:33.853 [main] DEBUG net.thucydides.core.reflection.ClassFinder - Could not load class .starter.pages.ProductPage
16:04:33.853 [main] DEBUG net.thucydides.core.reflection.ClassFinder - Could not load class .starter.pages.ProductPage_Logout
16:04:33.854 [main] DEBUG net.thucydides.core.reflection.ClassFinder - Could not load class .starter.pages.RegisterPage
16:04:33.854 [main] DEBUG net.thucydides.core.reflection.ClassFinder - Could not load class .starter.pages.TransactionPage
16:04:33.854 [main] DEBUG net.thucydides.core.reflection.ClassFinder - Could not load class .starter.stepdefinitions.LoginSteps
16:04:33.854 [main] DEBUG net.thucydides.core.reflection.ClassFinder - Could not load class .starter.stepdefinitions.LogoutSteps
16:04:33.861 [main] DEBUG net.thucydides.core.reflection.ClassFinder - Could not load class .starter.stepdefinitions.OrderSteps
16:04:33.861 [main] DEBUG net.thucydides.core.reflection.ClassFinder - Could not load class .starter.stepdefinitions.ProductSteps
16:04:33.861 [main] DEBUG net.thucydides.core.reflection.ClassFinder - Could not load class .starter.stepdefinitions.RegisterSteps
16:04:33.863 [main] DEBUG net.thucydides.core.reflection.ClassFinder - Could not load class META-INF.versions.9.com.sun.istack.logging.StackHelper
16:04:33.865 [main] DEBUG net.thucydides.core.reflection.ClassFinder - Could not load class META-INF.versions.9.com.sun.xml.bind.v2.runtime.reflect.opt.AccessorInjector
16:04:33.866 [main] DEBUG net.thucydides.core.reflection.ClassFinder - Could not load class META-INF.versions.9.com.sun.xml.bind.v2.runtime.reflect.opt.Injector
16:04:33.867 [main] DEBUG net.thucydides.core.reflection.ClassFinder - Could not load class META-INF.versions.9.com.sun.xml.bind.v2.runtime.reflect.opt.OptimizedAccessorFactory
16:04:33.869 [main] DEBUG net.thucydides.core.reflection.ClassFinder - Could not load class META-INF.versions.9.com.sun.xml.bind.v2.runtime.reflect.opt.OptimizedTransducedAccessorFactory
16:04:33.870 [main] DEBUG net.thucydides.core.reflection.ClassFinder - Could not load class META-INF.versions.9.io.opentelemetry.sdk.internal.CurrentJavaVersionSpecific
16:04:33.872 [main] DEBUG net.thucydides.core.reflection.ClassFinder - Could not load class META-INF.versions.9.io.opentelemetry.sdk.internal.Java9VersionSpecific
16:04:33.874 [main] DEBUG net.thucydides.core.reflection.ClassFinder - Could not load class META-INF.versions.9.javax.xml.bind.ModuleUtil
16:04:33.875 [main] DEBUG net.thucydides.core.reflection.ClassFinder - Could not load class META-INF.versions.9.module-info
16:04:33.877 [main] DEBUG net.thucydides.core.reflection.ClassFinder - Could not load class META-INF.versions.9.org.junit.platform.commons.util.ModuleUtils
16:04:33.882 [main] DEBUG net.thucydides.core.reflection.ClassFinder - Could not load class com.google.gson.internal.
16:04:33.886 [main] DEBUG net.thucydides.core.reflection.ClassFinder - Could not load class com.sun.xml.bind.v2.runtime.output.FastInfosetStreamWriterOutput
16:04:33.894 [main] DEBUG net.thucydides.core.reflection.ClassFinder - Could not load class module-info
16:04:33.968 [Forwarding get on session 8a79d2b79e20d554f4a83f49557caca5 to remote] DEBUG org.asynchttpclient.netty.request.NettyRequestSender - Using pooled Channel '[id: 0x6427a647, L:/127.0.0.1:59989 - R:localhost/127.0.0.1:51618]' for 'POST' to 'http://localhost:51618/session/8a79d2b79e20d554f4a83f49557caca5/url'
16:04:33.968 [Forwarding get on session 8a79d2b79e20d554f4a83f49557caca5 to remote] DEBUG org.asynchttpclient.netty.request.NettyRequestSender - Using open Channel [id: 0x6427a647, L:/127.0.0.1:59989 - R:localhost/127.0.0.1:51618] for POST '/session/8a79d2b79e20d554f4a83f49557caca5/url'
16:04:34.445 [AsyncHttpClient-1-1] DEBUG org.asynchttpclient.netty.channel.DefaultChannelPool - Entry count for : http://localhost:59990 : 1
16:04:35.535 [AsyncHttpClient-1-1] DEBUG org.asynchttpclient.netty.channel.DefaultChannelPool - Entry count for : http://localhost:59990 : 1
16:04:35.905 [AsyncHttpClient-1-2] DEBUG org.asynchttpclient.netty.handler.HttpHandler - 

Request DefaultHttpRequest(decodeResult: success, version: HTTP/1.1)
POST /session/8a79d2b79e20d554f4a83f49557caca5/url HTTP/1.1
User-Agent: selenium/4.1.2 (java windows)
Content-Length: 64
Content-Type: application/json; charset=utf-8
host: localhost:51618
accept: */*

Response DefaultHttpResponse(decodeResult: success, version: HTTP/1.1)
HTTP/1.1 200 OK
Content-Type: application/json; charset=utf-8
cache-control: no-cache
content-length: 14

16:04:35.907 [AsyncHttpClient-1-2] DEBUG org.asynchttpclient.netty.channel.ChannelManager - Adding key: http://localhost:51618 for channel [id: 0x6427a647, L:/127.0.0.1:59989 - R:localhost/127.0.0.1:51618]
16:04:35.927 [Forwarding setTimeout on session 8a79d2b79e20d554f4a83f49557caca5 to remote] DEBUG org.asynchttpclient.netty.request.NettyRequestSender - Using pooled Channel '[id: 0x6427a647, L:/127.0.0.1:59989 - R:localhost/127.0.0.1:51618]' for 'POST' to 'http://localhost:51618/session/8a79d2b79e20d554f4a83f49557caca5/timeouts'
16:04:35.927 [Forwarding setTimeout on session 8a79d2b79e20d554f4a83f49557caca5 to remote] DEBUG org.asynchttpclient.netty.request.NettyRequestSender - Using open Channel [id: 0x6427a647, L:/127.0.0.1:59989 - R:localhost/127.0.0.1:51618] for POST '/session/8a79d2b79e20d554f4a83f49557caca5/timeouts'
16:04:35.935 [AsyncHttpClient-1-2] DEBUG org.asynchttpclient.netty.handler.HttpHandler - 

Request DefaultHttpRequest(decodeResult: success, version: HTTP/1.1)
POST /session/8a79d2b79e20d554f4a83f49557caca5/timeouts HTTP/1.1
User-Agent: selenium/4.1.2 (java windows)
Content-Length: 22
Content-Type: application/json; charset=utf-8
host: localhost:51618
accept: */*

Response DefaultHttpResponse(decodeResult: success, version: HTTP/1.1)
HTTP/1.1 200 OK
Content-Type: application/json; charset=utf-8
cache-control: no-cache
content-length: 14

16:04:35.936 [AsyncHttpClient-1-2] DEBUG org.asynchttpclient.netty.channel.ChannelManager - Adding key: http://localhost:51618 for channel [id: 0x6427a647, L:/127.0.0.1:59989 - R:localhost/127.0.0.1:51618]
16:04:35.962 [Forwarding getCurrentUrl on session 8a79d2b79e20d554f4a83f49557caca5 to remote] DEBUG org.asynchttpclient.netty.request.NettyRequestSender - Using pooled Channel '[id: 0x6427a647, L:/127.0.0.1:59989 - R:localhost/127.0.0.1:51618]' for 'GET' to 'http://localhost:51618/session/8a79d2b79e20d554f4a83f49557caca5/url'
16:04:35.963 [Forwarding getCurrentUrl on session 8a79d2b79e20d554f4a83f49557caca5 to remote] DEBUG org.asynchttpclient.netty.request.NettyRequestSender - Using open Channel [id: 0x6427a647, L:/127.0.0.1:59989 - R:localhost/127.0.0.1:51618] for GET '/session/8a79d2b79e20d554f4a83f49557caca5/url'
16:04:36.065 [AsyncHttpClient-1-2] DEBUG org.asynchttpclient.netty.handler.HttpHandler - 

Request DefaultFullHttpRequest(decodeResult: success, version: HTTP/1.1, content: EmptyByteBufBE)
GET /session/8a79d2b79e20d554f4a83f49557caca5/url HTTP/1.1
User-Agent: selenium/4.1.2 (java windows)
Cache-Control: no-cache
Content-Type: application/json; charset=utf-8
host: localhost:51618
accept: */*

Response DefaultHttpResponse(decodeResult: success, version: HTTP/1.1)
HTTP/1.1 200 OK
Content-Type: application/json; charset=utf-8
cache-control: no-cache
content-length: 41

16:04:36.066 [AsyncHttpClient-1-2] DEBUG org.asynchttpclient.netty.channel.ChannelManager - Adding key: http://localhost:51618 for channel [id: 0x6427a647, L:/127.0.0.1:59989 - R:localhost/127.0.0.1:51618]
16:04:36.261 [main] DEBUG net.serenitybdd.core.photography.Darkroom - Opening darkroom
16:04:36.266 [Forwarding screenshot on session 8a79d2b79e20d554f4a83f49557caca5 to remote] DEBUG org.asynchttpclient.netty.request.NettyRequestSender - Using pooled Channel '[id: 0x6427a647, L:/127.0.0.1:59989 - R:localhost/127.0.0.1:51618]' for 'GET' to 'http://localhost:51618/session/8a79d2b79e20d554f4a83f49557caca5/screenshot'
16:04:36.267 [Forwarding screenshot on session 8a79d2b79e20d554f4a83f49557caca5 to remote] DEBUG org.asynchttpclient.netty.request.NettyRequestSender - Using open Channel [id: 0x6427a647, L:/127.0.0.1:59989 - R:localhost/127.0.0.1:51618] for GET '/session/8a79d2b79e20d554f4a83f49557caca5/screenshot'
16:04:37.039 [AsyncHttpClient-1-1] DEBUG org.asynchttpclient.netty.channel.DefaultChannelPool - Entry count for : http://localhost:59990 : 1
16:04:37.041 [Darkroom Processing Line] DEBUG net.serenitybdd.core.photography.DarkroomProcessingLine - Darkroom processing line starting up
16:04:37.658 [AsyncHttpClient-1-2] DEBUG org.asynchttpclient.netty.handler.HttpHandler - 

Request DefaultFullHttpRequest(decodeResult: success, version: HTTP/1.1, content: EmptyByteBufBE)
GET /session/8a79d2b79e20d554f4a83f49557caca5/screenshot HTTP/1.1
User-Agent: selenium/4.1.2 (java windows)
Cache-Control: no-cache
Content-Type: application/json; charset=utf-8
host: localhost:51618
accept: */*

Response DefaultHttpResponse(decodeResult: success, version: HTTP/1.1)
HTTP/1.1 200 OK
Content-Type: application/json; charset=utf-8
cache-control: no-cache
content-length: 25384

16:04:37.661 [AsyncHttpClient-1-2] DEBUG org.asynchttpclient.netty.channel.ChannelManager - Adding key: http://localhost:51618 for channel [id: 0x6427a647, L:/127.0.0.1:59989 - R:localhost/127.0.0.1:51618]
16:04:37.894 [main] DEBUG net.serenitybdd.core.photography.Darkroom - Send negative for processing for target\site\serenity\6b6563c13227ef0b70a26f8a845b86304c5ded2ac83324d4bda7e0f4416b9ac5.png
16:04:37.897 [Darkroom Processing Line] DEBUG net.serenitybdd.core.photography.DarkroomProcessingLine - Processing screenshot image in /var/screenshots/screenshot-14523645760795592652
16:04:37.897 [Darkroom Processing Line] DEBUG net.serenitybdd.core.photography.DarkroomProcessingLine - Saving screenshot to target\site\serenity\6b6563c13227ef0b70a26f8a845b86304c5ded2ac83324d4bda7e0f4416b9ac5.png
16:04:37.908 [main] DEBUG net.thucydides.core.steps.StepInterceptor - STEP DONE: openUrl
  &amp#27;[32mGiven &amp#27;[0m&amp#27;[32mI am on qa.alta.id login page&amp#27;[0m &amp#27;[90m# starter.stepdefinitions.LoginSteps.iAmOnQaAltaIdLoginPage()&amp#27;[0m
16:04:37.961 [Forwarding screenshot on session 8a79d2b79e20d554f4a83f49557caca5 to remote] DEBUG org.asynchttpclient.netty.request.NettyRequestSender - Using pooled Channel '[id: 0x6427a647, L:/127.0.0.1:59989 - R:localhost/127.0.0.1:51618]' for 'GET' to 'http://localhost:51618/session/8a79d2b79e20d554f4a83f49557caca5/screenshot'
16:04:37.962 [Forwarding screenshot on session 8a79d2b79e20d554f4a83f49557caca5 to remote] DEBUG org.asynchttpclient.netty.request.NettyRequestSender - Using open Channel [id: 0x6427a647, L:/127.0.0.1:59989 - R:localhost/127.0.0.1:51618] for GET '/session/8a79d2b79e20d554f4a83f49557caca5/screenshot'
16:04:38.185 [AsyncHttpClient-1-1] DEBUG org.asynchttpclient.netty.channel.DefaultChannelPool - Entry count for : http://localhost:59990 : 1
16:04:38.213 [AsyncHttpClient-1-2] DEBUG org.asynchttpclient.netty.handler.HttpHandler - 

Request DefaultFullHttpRequest(decodeResult: success, version: HTTP/1.1, content: EmptyByteBufBE)
GET /session/8a79d2b79e20d554f4a83f49557caca5/screenshot HTTP/1.1
User-Agent: selenium/4.1.2 (java windows)
Cache-Control: no-cache
Content-Type: application/json; charset=utf-8
host: localhost:51618
accept: */*

Response DefaultHttpResponse(decodeResult: success, version: HTTP/1.1)
HTTP/1.1 200 OK
Content-Type: application/json; charset=utf-8
cache-control: no-cache
content-length: 25384

16:04:38.215 [AsyncHttpClient-1-2] DEBUG org.asynchttpclient.netty.channel.ChannelManager - Adding key: http://localhost:51618 for channel [id: 0x6427a647, L:/127.0.0.1:59989 - R:localhost/127.0.0.1:51618]
16:04:38.230 [main] DEBUG net.serenitybdd.core.photography.Darkroom - Send negative for processing for target\site\serenity\6b6563c13227ef0b70a26f8a845b86304c5ded2ac83324d4bda7e0f4416b9ac5.png
16:04:38.272 [main] DEBUG net.thucydides.core.steps.StepInterceptor - STARTING STEP: LoginSteps.inputEmail - inputEmail
16:04:38.293 [Forwarding findElement on session 8a79d2b79e20d554f4a83f49557caca5 to remote] DEBUG org.asynchttpclient.netty.request.NettyRequestSender - Using pooled Channel '[id: 0x6427a647, L:/127.0.0.1:59989 - R:localhost/127.0.0.1:51618]' for 'POST' to 'http://localhost:51618/session/8a79d2b79e20d554f4a83f49557caca5/element'
16:04:38.293 [Forwarding findElement on session 8a79d2b79e20d554f4a83f49557caca5 to remote] DEBUG org.asynchttpclient.netty.request.NettyRequestSender - Using open Channel [id: 0x6427a647, L:/127.0.0.1:59989 - R:localhost/127.0.0.1:51618] for POST '/session/8a79d2b79e20d554f4a83f49557caca5/element'
16:04:38.322 [AsyncHttpClient-1-2] DEBUG org.asynchttpclient.netty.handler.HttpHandler - 

Request DefaultHttpRequest(decodeResult: success, version: HTTP/1.1)
POST /session/8a79d2b79e20d554f4a83f49557caca5/element HTTP/1.1
User-Agent: selenium/4.1.2 (java windows)
Content-Length: 86
Content-Type: application/json; charset=utf-8
host: localhost:51618
accept: */*

Response DefaultHttpResponse(decodeResult: success, version: HTTP/1.1)
HTTP/1.1 200 OK
Content-Type: application/json; charset=utf-8
cache-control: no-cache
content-length: 88

16:04:38.322 [AsyncHttpClient-1-2] DEBUG org.asynchttpclient.netty.channel.ChannelManager - Adding key: http://localhost:51618 for channel [id: 0x6427a647, L:/127.0.0.1:59989 - R:localhost/127.0.0.1:51618]
16:04:38.334 [Forwarding clearElement on session 8a79d2b79e20d554f4a83f49557caca5 to remote] DEBUG org.asynchttpclient.netty.request.NettyRequestSender - Using pooled Channel '[id: 0x6427a647, L:/127.0.0.1:59989 - R:localhost/127.0.0.1:51618]' for 'POST' to 'http://localhost:51618/session/8a79d2b79e20d554f4a83f49557caca5/element/0be14d0b-401e-40fd-b758-8730e403d11f/clear'
16:04:38.334 [Forwarding clearElement on session 8a79d2b79e20d554f4a83f49557caca5 to remote] DEBUG org.asynchttpclient.netty.request.NettyRequestSender - Using open Channel [id: 0x6427a647, L:/127.0.0.1:59989 - R:localhost/127.0.0.1:51618] for POST '/session/8a79d2b79e20d554f4a83f49557caca5/element/0be14d0b-401e-40fd-b758-8730e403d11f/clear'
16:04:38.412 [AsyncHttpClient-1-2] DEBUG org.asynchttpclient.netty.handler.HttpHandler - 

Request DefaultHttpRequest(decodeResult: success, version: HTTP/1.1)
POST /session/8a79d2b79e20d554f4a83f49557caca5/element/0be14d0b-401e-40fd-b758-8730e403d11f/clear HTTP/1.1
User-Agent: selenium/4.1.2 (java windows)
Content-Length: 50
Content-Type: application/json; charset=utf-8
host: localhost:51618
accept: */*

Response DefaultHttpResponse(decodeResult: success, version: HTTP/1.1)
HTTP/1.1 200 OK
Content-Type: application/json; charset=utf-8
cache-control: no-cache
content-length: 14

16:04:38.413 [AsyncHttpClient-1-2] DEBUG org.asynchttpclient.netty.channel.ChannelManager - Adding key: http://localhost:51618 for channel [id: 0x6427a647, L:/127.0.0.1:59989 - R:localhost/127.0.0.1:51618]
16:04:38.430 [Forwarding sendKeysToElement on session 8a79d2b79e20d554f4a83f49557caca5 to remote] DEBUG org.asynchttpclient.netty.request.NettyRequestSender - Using pooled Channel '[id: 0x6427a647, L:/127.0.0.1:59989 - R:localhost/127.0.0.1:51618]' for 'POST' to 'http://localhost:51618/session/8a79d2b79e20d554f4a83f49557caca5/element/0be14d0b-401e-40fd-b758-8730e403d11f/value'
16:04:38.430 [Forwarding sendKeysToElement on session 8a79d2b79e20d554f4a83f49557caca5 to remote] DEBUG org.asynchttpclient.netty.request.NettyRequestSender - Using open Channel [id: 0x6427a647, L:/127.0.0.1:59989 - R:localhost/127.0.0.1:51618] for POST '/session/8a79d2b79e20d554f4a83f49557caca5/element/0be14d0b-401e-40fd-b758-8730e403d11f/value'
16:04:39.168 [AsyncHttpClient-1-2] DEBUG org.asynchttpclient.netty.handler.HttpHandler - 

Request DefaultHttpRequest(decodeResult: success, version: HTTP/1.1)
POST /session/8a79d2b79e20d554f4a83f49557caca5/element/0be14d0b-401e-40fd-b758-8730e403d11f/value HTTP/1.1
User-Agent: selenium/4.1.2 (java windows)
Content-Length: 251
Content-Type: application/json; charset=utf-8
host: localhost:51618
accept: */*

Response DefaultHttpResponse(decodeResult: success, version: HTTP/1.1)
HTTP/1.1 200 OK
Content-Type: application/json; charset=utf-8
cache-control: no-cache
content-length: 14

16:04:39.170 [AsyncHttpClient-1-2] DEBUG org.asynchttpclient.netty.channel.ChannelManager - Adding key: http://localhost:51618 for channel [id: 0x6427a647, L:/127.0.0.1:59989 - R:localhost/127.0.0.1:51618]
16:04:39.424 [Forwarding screenshot on session 8a79d2b79e20d554f4a83f49557caca5 to remote] DEBUG org.asynchttpclient.netty.request.NettyRequestSender - Using pooled Channel '[id: 0x6427a647, L:/127.0.0.1:59989 - R:localhost/127.0.0.1:51618]' for 'GET' to 'http://localhost:51618/session/8a79d2b79e20d554f4a83f49557caca5/screenshot'
16:04:39.425 [Forwarding screenshot on session 8a79d2b79e20d554f4a83f49557caca5 to remote] DEBUG org.asynchttpclient.netty.request.NettyRequestSender - Using open Channel [id: 0x6427a647, L:/127.0.0.1:59989 - R:localhost/127.0.0.1:51618] for GET '/session/8a79d2b79e20d554f4a83f49557caca5/screenshot'
16:04:39.449 [AsyncHttpClient-1-1] DEBUG org.asynchttpclient.netty.channel.DefaultChannelPool - Entry count for : http://localhost:59990 : 1
16:04:39.626 [AsyncHttpClient-1-2] DEBUG org.asynchttpclient.netty.handler.HttpHandler - 

Request DefaultFullHttpRequest(decodeResult: success, version: HTTP/1.1, content: EmptyByteBufBE)
GET /session/8a79d2b79e20d554f4a83f49557caca5/screenshot HTTP/1.1
User-Agent: selenium/4.1.2 (java windows)
Cache-Control: no-cache
Content-Type: application/json; charset=utf-8
host: localhost:51618
accept: */*

Response DefaultHttpResponse(decodeResult: success, version: HTTP/1.1)
HTTP/1.1 200 OK
Content-Type: application/json; charset=utf-8
cache-control: no-cache
content-length: 28892

16:04:39.628 [AsyncHttpClient-1-2] DEBUG org.asynchttpclient.netty.channel.ChannelManager - Adding key: http://localhost:51618 for channel [id: 0x6427a647, L:/127.0.0.1:59989 - R:localhost/127.0.0.1:51618]
16:04:39.638 [main] DEBUG net.serenitybdd.core.photography.Darkroom - Send negative for processing for target\site\serenity\d96ed1a5ce38d050b6308117c4f9884edc5ba0f17d9aca6abc6a04e7115c9dee.png
16:04:39.638 [main] DEBUG net.thucydides.core.steps.StepInterceptor - STEP DONE: inputEmail
  &amp#27;[32mWhen &amp#27;[0m&amp#27;[32mI input &amp#27;[0m&amp#27;[32m&amp#27;[1m"inggrit@gmail.com"&amp#27;[0m    &amp#27;[90m# starter.stepdefinitions.LoginSteps.inputEmail(java.lang.String)&amp#27;[0m
16:04:39.690 [Darkroom Processing Line] DEBUG net.serenitybdd.core.photography.DarkroomProcessingLine - Processing screenshot image in /var/screenshots/screenshot-7813947278432572986
16:04:39.691 [Darkroom Processing Line] DEBUG net.serenitybdd.core.photography.DarkroomProcessingLine - Saving screenshot to target\site\serenity\d96ed1a5ce38d050b6308117c4f9884edc5ba0f17d9aca6abc6a04e7115c9dee.png
16:04:39.738 [Forwarding screenshot on session 8a79d2b79e20d554f4a83f49557caca5 to remote] DEBUG org.asynchttpclient.netty.request.NettyRequestSender - Using pooled Channel '[id: 0x6427a647, L:/127.0.0.1:59989 - R:localhost/127.0.0.1:51618]' for 'GET' to 'http://localhost:51618/session/8a79d2b79e20d554f4a83f49557caca5/screenshot'
16:04:39.738 [Forwarding screenshot on session 8a79d2b79e20d554f4a83f49557caca5 to remote] DEBUG org.asynchttpclient.netty.request.NettyRequestSender - Using open Channel [id: 0x6427a647, L:/127.0.0.1:59989 - R:localhost/127.0.0.1:51618] for GET '/session/8a79d2b79e20d554f4a83f49557caca5/screenshot'
16:04:39.965 [AsyncHttpClient-1-2] DEBUG org.asynchttpclient.netty.handler.HttpHandler - 

Request DefaultFullHttpRequest(decodeResult: success, version: HTTP/1.1, content: EmptyByteBufBE)
GET /session/8a79d2b79e20d554f4a83f49557caca5/screenshot HTTP/1.1
User-Agent: selenium/4.1.2 (java windows)
Cache-Control: no-cache
Content-Type: application/json; charset=utf-8
host: localhost:51618
accept: */*

Response DefaultHttpResponse(decodeResult: success, version: HTTP/1.1)
HTTP/1.1 200 OK
Content-Type: application/json; charset=utf-8
cache-control: no-cache
content-length: 28868

16:04:39.966 [AsyncHttpClient-1-2] DEBUG org.asynchttpclient.netty.channel.ChannelManager - Adding key: http://localhost:51618 for channel [id: 0x6427a647, L:/127.0.0.1:59989 - R:localhost/127.0.0.1:51618]
16:04:39.989 [main] DEBUG net.serenitybdd.core.photography.Darkroom - Send negative for processing for target\site\serenity\c6e2abba5ace299c1b0ea3abc88a2335f8af38d3cd922c31e9fdba84fd386284.png
16:04:39.990 [Darkroom Processing Line] DEBUG net.serenitybdd.core.photography.DarkroomProcessingLine - Processing screenshot image in /var/screenshots/screenshot-17717893055581470104
16:04:39.990 [Darkroom Processing Line] DEBUG net.serenitybdd.core.photography.DarkroomProcessingLine - Saving screenshot to target\site\serenity\c6e2abba5ace299c1b0ea3abc88a2335f8af38d3cd922c31e9fdba84fd386284.png
16:04:39.991 [main] DEBUG net.thucydides.core.steps.StepInterceptor - STARTING STEP: LoginSteps.input - inputPassword
16:04:40.003 [Forwarding findElement on session 8a79d2b79e20d554f4a83f49557caca5 to remote] DEBUG org.asynchttpclient.netty.request.NettyRequestSender - Using pooled Channel '[id: 0x6427a647, L:/127.0.0.1:59989 - R:localhost/127.0.0.1:51618]' for 'POST' to 'http://localhost:51618/session/8a79d2b79e20d554f4a83f49557caca5/element'
16:04:40.004 [Forwarding findElement on session 8a79d2b79e20d554f4a83f49557caca5 to remote] DEBUG org.asynchttpclient.netty.request.NettyRequestSender - Using open Channel [id: 0x6427a647, L:/127.0.0.1:59989 - R:localhost/127.0.0.1:51618] for POST '/session/8a79d2b79e20d554f4a83f49557caca5/element'
16:04:40.034 [AsyncHttpClient-1-2] DEBUG org.asynchttpclient.netty.handler.HttpHandler - 

Request DefaultHttpRequest(decodeResult: success, version: HTTP/1.1)
POST /session/8a79d2b79e20d554f4a83f49557caca5/element HTTP/1.1
User-Agent: selenium/4.1.2 (java windows)
Content-Length: 89
Content-Type: application/json; charset=utf-8
host: localhost:51618
accept: */*

Response DefaultHttpResponse(decodeResult: success, version: HTTP/1.1)
HTTP/1.1 200 OK
Content-Type: application/json; charset=utf-8
cache-control: no-cache
content-length: 88

16:04:40.034 [AsyncHttpClient-1-2] DEBUG org.asynchttpclient.netty.channel.ChannelManager - Adding key: http://localhost:51618 for channel [id: 0x6427a647, L:/127.0.0.1:59989 - R:localhost/127.0.0.1:51618]
16:04:40.041 [Forwarding clearElement on session 8a79d2b79e20d554f4a83f49557caca5 to remote] DEBUG org.asynchttpclient.netty.request.NettyRequestSender - Using pooled Channel '[id: 0x6427a647, L:/127.0.0.1:59989 - R:localhost/127.0.0.1:51618]' for 'POST' to 'http://localhost:51618/session/8a79d2b79e20d554f4a83f49557caca5/element/54c196a1-167b-4a8e-91aa-950362c21cec/clear'
16:04:40.042 [Forwarding clearElement on session 8a79d2b79e20d554f4a83f49557caca5 to remote] DEBUG org.asynchttpclient.netty.request.NettyRequestSender - Using open Channel [id: 0x6427a647, L:/127.0.0.1:59989 - R:localhost/127.0.0.1:51618] for POST '/session/8a79d2b79e20d554f4a83f49557caca5/element/54c196a1-167b-4a8e-91aa-950362c21cec/clear'
16:04:40.121 [AsyncHttpClient-1-2] DEBUG org.asynchttpclient.netty.handler.HttpHandler - 

Request DefaultHttpRequest(decodeResult: success, version: HTTP/1.1)
POST /session/8a79d2b79e20d554f4a83f49557caca5/element/54c196a1-167b-4a8e-91aa-950362c21cec/clear HTTP/1.1
User-Agent: selenium/4.1.2 (java windows)
Content-Length: 50
Content-Type: application/json; charset=utf-8
host: localhost:51618
accept: */*

Response DefaultHttpResponse(decodeResult: success, version: HTTP/1.1)
HTTP/1.1 200 OK
Content-Type: application/json; charset=utf-8
cache-control: no-cache
content-length: 14

16:04:40.122 [AsyncHttpClient-1-2] DEBUG org.asynchttpclient.netty.channel.ChannelManager - Adding key: http://localhost:51618 for channel [id: 0x6427a647, L:/127.0.0.1:59989 - R:localhost/127.0.0.1:51618]
16:04:40.130 [Forwarding sendKeysToElement on session 8a79d2b79e20d554f4a83f49557caca5 to remote] DEBUG org.asynchttpclient.netty.request.NettyRequestSender - Using pooled Channel '[id: 0x6427a647, L:/127.0.0.1:59989 - R:localhost/127.0.0.1:51618]' for 'POST' to 'http://localhost:51618/session/8a79d2b79e20d554f4a83f49557caca5/element/54c196a1-167b-4a8e-91aa-950362c21cec/value'
16:04:40.130 [Forwarding sendKeysToElement on session 8a79d2b79e20d554f4a83f49557caca5 to remote] DEBUG org.asynchttpclient.netty.request.NettyRequestSender - Using open Channel [id: 0x6427a647, L:/127.0.0.1:59989 - R:localhost/127.0.0.1:51618] for POST '/session/8a79d2b79e20d554f4a83f49557caca5/element/54c196a1-167b-4a8e-91aa-950362c21cec/value'
16:04:40.536 [AsyncHttpClient-1-1] DEBUG org.asynchttpclient.netty.channel.DefaultChannelPool - Entry count for : http://localhost:59990 : 1
16:04:40.629 [AsyncHttpClient-1-2] DEBUG org.asynchttpclient.netty.handler.HttpHandler - 

Request DefaultHttpRequest(decodeResult: success, version: HTTP/1.1)
POST /session/8a79d2b79e20d554f4a83f49557caca5/element/54c196a1-167b-4a8e-91aa-950362c21cec/value HTTP/1.1
User-Agent: selenium/4.1.2 (java windows)
Content-Length: 231
Content-Type: application/json; charset=utf-8
host: localhost:51618
accept: */*

Response DefaultHttpResponse(decodeResult: success, version: HTTP/1.1)
HTTP/1.1 200 OK
Content-Type: application/json; charset=utf-8
cache-control: no-cache
content-length: 14

16:04:40.629 [AsyncHttpClient-1-2] DEBUG org.asynchttpclient.netty.channel.ChannelManager - Adding key: http://localhost:51618 for channel [id: 0x6427a647, L:/127.0.0.1:59989 - R:localhost/127.0.0.1:51618]
16:04:40.665 [Forwarding screenshot on session 8a79d2b79e20d554f4a83f49557caca5 to remote] DEBUG org.asynchttpclient.netty.request.NettyRequestSender - Using pooled Channel '[id: 0x6427a647, L:/127.0.0.1:59989 - R:localhost/127.0.0.1:51618]' for 'GET' to 'http://localhost:51618/session/8a79d2b79e20d554f4a83f49557caca5/screenshot'
16:04:40.665 [Forwarding screenshot on session 8a79d2b79e20d554f4a83f49557caca5 to remote] DEBUG org.asynchttpclient.netty.request.NettyRequestSender - Using open Channel [id: 0x6427a647, L:/127.0.0.1:59989 - R:localhost/127.0.0.1:51618] for GET '/session/8a79d2b79e20d554f4a83f49557caca5/screenshot'
16:04:40.919 [AsyncHttpClient-1-2] DEBUG org.asynchttpclient.netty.handler.HttpHandler - 

Request DefaultFullHttpRequest(decodeResult: success, version: HTTP/1.1, content: EmptyByteBufBE)
GET /session/8a79d2b79e20d554f4a83f49557caca5/screenshot HTTP/1.1
User-Agent: selenium/4.1.2 (java windows)
Cache-Control: no-cache
Content-Type: application/json; charset=utf-8
host: localhost:51618
accept: */*

Response DefaultHttpResponse(decodeResult: success, version: HTTP/1.1)
HTTP/1.1 200 OK
Content-Type: application/json; charset=utf-8
cache-control: no-cache
content-length: 32248

16:04:40.920 [AsyncHttpClient-1-2] DEBUG org.asynchttpclient.netty.channel.ChannelManager - Adding key: http://localhost:51618 for channel [id: 0x6427a647, L:/127.0.0.1:59989 - R:localhost/127.0.0.1:51618]
16:04:40.939 [main] DEBUG net.serenitybdd.core.photography.Darkroom - Send negative for processing for target\site\serenity\de755253c72014f776d3fd30d779b150e2e5783093fa56073b334693543ebbe4.png
16:04:40.944 [main] DEBUG net.thucydides.core.steps.StepInterceptor - STEP DONE: inputPassword
  &amp#27;[32mAnd &amp#27;[0m&amp#27;[32mInput &amp#27;[0m&amp#27;[32m&amp#27;[1m"Passwordtest321"&amp#27;[0m         &amp#27;[90m# starter.stepdefinitions.LoginSteps.input(java.lang.String)&amp#27;[0m
16:04:40.955 [Darkroom Processing Line] DEBUG net.serenitybdd.core.photography.DarkroomProcessingLine - Processing screenshot image in /var/screenshots/screenshot-17915712682631029170
16:04:40.956 [Darkroom Processing Line] DEBUG net.serenitybdd.core.photography.DarkroomProcessingLine - Saving screenshot to target\site\serenity\de755253c72014f776d3fd30d779b150e2e5783093fa56073b334693543ebbe4.png
16:04:40.999 [Forwarding screenshot on session 8a79d2b79e20d554f4a83f49557caca5 to remote] DEBUG org.asynchttpclient.netty.request.NettyRequestSender - Using pooled Channel '[id: 0x6427a647, L:/127.0.0.1:59989 - R:localhost/127.0.0.1:51618]' for 'GET' to 'http://localhost:51618/session/8a79d2b79e20d554f4a83f49557caca5/screenshot'
16:04:41.000 [Forwarding screenshot on session 8a79d2b79e20d554f4a83f49557caca5 to remote] DEBUG org.asynchttpclient.netty.request.NettyRequestSender - Using open Channel [id: 0x6427a647, L:/127.0.0.1:59989 - R:localhost/127.0.0.1:51618] for GET '/session/8a79d2b79e20d554f4a83f49557caca5/screenshot'
16:04:41.172 [AsyncHttpClient-1-2] DEBUG org.asynchttpclient.netty.handler.HttpHandler - 

Request DefaultFullHttpRequest(decodeResult: success, version: HTTP/1.1, content: EmptyByteBufBE)
GET /session/8a79d2b79e20d554f4a83f49557caca5/screenshot HTTP/1.1
User-Agent: selenium/4.1.2 (java windows)
Cache-Control: no-cache
Content-Type: application/json; charset=utf-8
host: localhost:51618
accept: */*

Response DefaultHttpResponse(decodeResult: success, version: HTTP/1.1)
HTTP/1.1 200 OK
Content-Type: application/json; charset=utf-8
cache-control: no-cache
content-length: 32248

16:04:41.173 [AsyncHttpClient-1-2] DEBUG org.asynchttpclient.netty.channel.ChannelManager - Adding key: http://localhost:51618 for channel [id: 0x6427a647, L:/127.0.0.1:59989 - R:localhost/127.0.0.1:51618]
16:04:41.181 [main] DEBUG net.serenitybdd.core.photography.Darkroom - Send negative for processing for target\site\serenity\16164a5db08f580fe81b0b2ebf343555696f7ed684d9b5cd5fcc7b7caabf9b39.png
16:04:41.182 [main] DEBUG net.thucydides.core.steps.StepInterceptor - STARTING STEP: LoginSteps.clickLoginButton - clickLoginButton
16:04:41.186 [Darkroom Processing Line] DEBUG net.serenitybdd.core.photography.DarkroomProcessingLine - Processing screenshot image in /var/screenshots/screenshot-11563297535452964260
16:04:41.186 [Darkroom Processing Line] DEBUG net.serenitybdd.core.photography.DarkroomProcessingLine - Saving screenshot to target\site\serenity\16164a5db08f580fe81b0b2ebf343555696f7ed684d9b5cd5fcc7b7caabf9b39.png
16:04:41.205 [Forwarding findElement on session 8a79d2b79e20d554f4a83f49557caca5 to remote] DEBUG org.asynchttpclient.netty.request.NettyRequestSender - Using pooled Channel '[id: 0x6427a647, L:/127.0.0.1:59989 - R:localhost/127.0.0.1:51618]' for 'POST' to 'http://localhost:51618/session/8a79d2b79e20d554f4a83f49557caca5/element'
16:04:41.205 [Forwarding findElement on session 8a79d2b79e20d554f4a83f49557caca5 to remote] DEBUG org.asynchttpclient.netty.request.NettyRequestSender - Using open Channel [id: 0x6427a647, L:/127.0.0.1:59989 - R:localhost/127.0.0.1:51618] for POST '/session/8a79d2b79e20d554f4a83f49557caca5/element'
16:04:41.237 [AsyncHttpClient-1-2] DEBUG org.asynchttpclient.netty.handler.HttpHandler - 

Request DefaultHttpRequest(decodeResult: success, version: HTTP/1.1)
POST /session/8a79d2b79e20d554f4a83f49557caca5/element HTTP/1.1
User-Agent: selenium/4.1.2 (java windows)
Content-Length: 136
Content-Type: application/json; charset=utf-8
host: localhost:51618
accept: */*

Response DefaultHttpResponse(decodeResult: success, version: HTTP/1.1)
HTTP/1.1 200 OK
Content-Type: application/json; charset=utf-8
cache-control: no-cache
content-length: 88

16:04:41.238 [AsyncHttpClient-1-2] DEBUG org.asynchttpclient.netty.channel.ChannelManager - Adding key: http://localhost:51618 for channel [id: 0x6427a647, L:/127.0.0.1:59989 - R:localhost/127.0.0.1:51618]
16:04:41.244 [Forwarding getElementTagName on session 8a79d2b79e20d554f4a83f49557caca5 to remote] DEBUG org.asynchttpclient.netty.request.NettyRequestSender - Using pooled Channel '[id: 0x6427a647, L:/127.0.0.1:59989 - R:localhost/127.0.0.1:51618]' for 'GET' to 'http://localhost:51618/session/8a79d2b79e20d554f4a83f49557caca5/element/d6fa09c5-ea48-4284-b555-26ba1af95bb9/name'
16:04:41.245 [Forwarding getElementTagName on session 8a79d2b79e20d554f4a83f49557caca5 to remote] DEBUG org.asynchttpclient.netty.request.NettyRequestSender - Using open Channel [id: 0x6427a647, L:/127.0.0.1:59989 - R:localhost/127.0.0.1:51618] for GET '/session/8a79d2b79e20d554f4a83f49557caca5/element/d6fa09c5-ea48-4284-b555-26ba1af95bb9/name'
16:04:41.256 [AsyncHttpClient-1-2] DEBUG org.asynchttpclient.netty.handler.HttpHandler - 

Request DefaultFullHttpRequest(decodeResult: success, version: HTTP/1.1, content: EmptyByteBufBE)
GET /session/8a79d2b79e20d554f4a83f49557caca5/element/d6fa09c5-ea48-4284-b555-26ba1af95bb9/name HTTP/1.1
User-Agent: selenium/4.1.2 (java windows)
Cache-Control: no-cache
Content-Type: application/json; charset=utf-8
host: localhost:51618
accept: */*

Response DefaultHttpResponse(decodeResult: success, version: HTTP/1.1)
HTTP/1.1 200 OK
Content-Type: application/json; charset=utf-8
cache-control: no-cache
content-length: 18

16:04:41.257 [AsyncHttpClient-1-2] DEBUG org.asynchttpclient.netty.channel.ChannelManager - Adding key: http://localhost:51618 for channel [id: 0x6427a647, L:/127.0.0.1:59989 - R:localhost/127.0.0.1:51618]
16:04:41.265 [Forwarding getElementTagName on session 8a79d2b79e20d554f4a83f49557caca5 to remote] DEBUG org.asynchttpclient.netty.request.NettyRequestSender - Using pooled Channel '[id: 0x6427a647, L:/127.0.0.1:59989 - R:localhost/127.0.0.1:51618]' for 'GET' to 'http://localhost:51618/session/8a79d2b79e20d554f4a83f49557caca5/element/d6fa09c5-ea48-4284-b555-26ba1af95bb9/name'
16:04:41.265 [Forwarding getElementTagName on session 8a79d2b79e20d554f4a83f49557caca5 to remote] DEBUG org.asynchttpclient.netty.request.NettyRequestSender - Using open Channel [id: 0x6427a647, L:/127.0.0.1:59989 - R:localhost/127.0.0.1:51618] for GET '/session/8a79d2b79e20d554f4a83f49557caca5/element/d6fa09c5-ea48-4284-b555-26ba1af95bb9/name'
16:04:41.278 [AsyncHttpClient-1-2] DEBUG org.asynchttpclient.netty.handler.HttpHandler - 

Request DefaultFullHttpRequest(decodeResult: success, version: HTTP/1.1, content: EmptyByteBufBE)
GET /session/8a79d2b79e20d554f4a83f49557caca5/element/d6fa09c5-ea48-4284-b555-26ba1af95bb9/name HTTP/1.1
User-Agent: selenium/4.1.2 (java windows)
Cache-Control: no-cache
Content-Type: application/json; charset=utf-8
host: localhost:51618
accept: */*

Response DefaultHttpResponse(decodeResult: success, version: HTTP/1.1)
HTTP/1.1 200 OK
Content-Type: application/json; charset=utf-8
cache-control: no-cache
content-length: 18

16:04:41.278 [AsyncHttpClient-1-2] DEBUG org.asynchttpclient.netty.channel.ChannelManager - Adding key: http://localhost:51618 for channel [id: 0x6427a647, L:/127.0.0.1:59989 - R:localhost/127.0.0.1:51618]
16:04:41.291 [Forwarding isElementEnabled on session 8a79d2b79e20d554f4a83f49557caca5 to remote] DEBUG org.asynchttpclient.netty.request.NettyRequestSender - Using pooled Channel '[id: 0x6427a647, L:/127.0.0.1:59989 - R:localhost/127.0.0.1:51618]' for 'GET' to 'http://localhost:51618/session/8a79d2b79e20d554f4a83f49557caca5/element/d6fa09c5-ea48-4284-b555-26ba1af95bb9/enabled'
16:04:41.291 [Forwarding isElementEnabled on session 8a79d2b79e20d554f4a83f49557caca5 to remote] DEBUG org.asynchttpclient.netty.request.NettyRequestSender - Using open Channel [id: 0x6427a647, L:/127.0.0.1:59989 - R:localhost/127.0.0.1:51618] for GET '/session/8a79d2b79e20d554f4a83f49557caca5/element/d6fa09c5-ea48-4284-b555-26ba1af95bb9/enabled'
16:04:41.317 [AsyncHttpClient-1-2] DEBUG org.asynchttpclient.netty.handler.HttpHandler - 

Request DefaultFullHttpRequest(decodeResult: success, version: HTTP/1.1, content: EmptyByteBufBE)
GET /session/8a79d2b79e20d554f4a83f49557caca5/element/d6fa09c5-ea48-4284-b555-26ba1af95bb9/enabled HTTP/1.1
User-Agent: selenium/4.1.2 (java windows)
Cache-Control: no-cache
Content-Type: application/json; charset=utf-8
host: localhost:51618
accept: */*

Response DefaultHttpResponse(decodeResult: success, version: HTTP/1.1)
HTTP/1.1 200 OK
Content-Type: application/json; charset=utf-8
cache-control: no-cache
content-length: 14

16:04:41.318 [AsyncHttpClient-1-2] DEBUG org.asynchttpclient.netty.channel.ChannelManager - Adding key: http://localhost:51618 for channel [id: 0x6427a647, L:/127.0.0.1:59989 - R:localhost/127.0.0.1:51618]
16:04:41.336 [Forwarding isElementEnabled on session 8a79d2b79e20d554f4a83f49557caca5 to remote] DEBUG org.asynchttpclient.netty.request.NettyRequestSender - Using pooled Channel '[id: 0x6427a647, L:/127.0.0.1:59989 - R:localhost/127.0.0.1:51618]' for 'GET' to 'http://localhost:51618/session/8a79d2b79e20d554f4a83f49557caca5/element/d6fa09c5-ea48-4284-b555-26ba1af95bb9/enabled'
16:04:41.336 [Forwarding isElementEnabled on session 8a79d2b79e20d554f4a83f49557caca5 to remote] DEBUG org.asynchttpclient.netty.request.NettyRequestSender - Using open Channel [id: 0x6427a647, L:/127.0.0.1:59989 - R:localhost/127.0.0.1:51618] for GET '/session/8a79d2b79e20d554f4a83f49557caca5/element/d6fa09c5-ea48-4284-b555-26ba1af95bb9/enabled'
16:04:41.354 [AsyncHttpClient-1-2] DEBUG org.asynchttpclient.netty.handler.HttpHandler - 

Request DefaultFullHttpRequest(decodeResult: success, version: HTTP/1.1, content: EmptyByteBufBE)
GET /session/8a79d2b79e20d554f4a83f49557caca5/element/d6fa09c5-ea48-4284-b555-26ba1af95bb9/enabled HTTP/1.1
User-Agent: selenium/4.1.2 (java windows)
Cache-Control: no-cache
Content-Type: application/json; charset=utf-8
host: localhost:51618
accept: */*

Response DefaultHttpResponse(decodeResult: success, version: HTTP/1.1)
HTTP/1.1 200 OK
Content-Type: application/json; charset=utf-8
cache-control: no-cache
content-length: 14

16:04:41.355 [AsyncHttpClient-1-2] DEBUG org.asynchttpclient.netty.channel.ChannelManager - Adding key: http://localhost:51618 for channel [id: 0x6427a647, L:/127.0.0.1:59989 - R:localhost/127.0.0.1:51618]
16:04:41.365 [Forwarding findElement on session 8a79d2b79e20d554f4a83f49557caca5 to remote] DEBUG org.asynchttpclient.netty.request.NettyRequestSender - Using pooled Channel '[id: 0x6427a647, L:/127.0.0.1:59989 - R:localhost/127.0.0.1:51618]' for 'POST' to 'http://localhost:51618/session/8a79d2b79e20d554f4a83f49557caca5/element'
16:04:41.365 [Forwarding findElement on session 8a79d2b79e20d554f4a83f49557caca5 to remote] DEBUG org.asynchttpclient.netty.request.NettyRequestSender - Using open Channel [id: 0x6427a647, L:/127.0.0.1:59989 - R:localhost/127.0.0.1:51618] for POST '/session/8a79d2b79e20d554f4a83f49557caca5/element'
16:04:41.384 [AsyncHttpClient-1-2] DEBUG org.asynchttpclient.netty.handler.HttpHandler - 

Request DefaultHttpRequest(decodeResult: success, version: HTTP/1.1)
POST /session/8a79d2b79e20d554f4a83f49557caca5/element HTTP/1.1
User-Agent: selenium/4.1.2 (java windows)
Content-Length: 136
Content-Type: application/json; charset=utf-8
host: localhost:51618
accept: */*

Response DefaultHttpResponse(decodeResult: success, version: HTTP/1.1)
HTTP/1.1 200 OK
Content-Type: application/json; charset=utf-8
cache-control: no-cache
content-length: 88

16:04:41.384 [AsyncHttpClient-1-2] DEBUG org.asynchttpclient.netty.channel.ChannelManager - Adding key: http://localhost:51618 for channel [id: 0x6427a647, L:/127.0.0.1:59989 - R:localhost/127.0.0.1:51618]
16:04:41.394 [Forwarding clickElement on session 8a79d2b79e20d554f4a83f49557caca5 to remote] DEBUG org.asynchttpclient.netty.request.NettyRequestSender - Using pooled Channel '[id: 0x6427a647, L:/127.0.0.1:59989 - R:localhost/127.0.0.1:51618]' for 'POST' to 'http://localhost:51618/session/8a79d2b79e20d554f4a83f49557caca5/element/d6fa09c5-ea48-4284-b555-26ba1af95bb9/click'
16:04:41.394 [Forwarding clickElement on session 8a79d2b79e20d554f4a83f49557caca5 to remote] DEBUG org.asynchttpclient.netty.request.NettyRequestSender - Using open Channel [id: 0x6427a647, L:/127.0.0.1:59989 - R:localhost/127.0.0.1:51618] for POST '/session/8a79d2b79e20d554f4a83f49557caca5/element/d6fa09c5-ea48-4284-b555-26ba1af95bb9/click'
16:04:41.646 [AsyncHttpClient-1-1] DEBUG org.asynchttpclient.netty.channel.DefaultChannelPool - Entry count for : http://localhost:59990 : 1
16:04:41.652 [AsyncHttpClient-1-2] DEBUG org.asynchttpclient.netty.handler.HttpHandler - 

Request DefaultHttpRequest(decodeResult: success, version: HTTP/1.1)
POST /session/8a79d2b79e20d554f4a83f49557caca5/element/d6fa09c5-ea48-4284-b555-26ba1af95bb9/click HTTP/1.1
User-Agent: selenium/4.1.2 (java windows)
Content-Length: 50
Content-Type: application/json; charset=utf-8
host: localhost:51618
accept: */*

Response DefaultHttpResponse(decodeResult: success, version: HTTP/1.1)
HTTP/1.1 200 OK
Content-Type: application/json; charset=utf-8
cache-control: no-cache
content-length: 14

16:04:41.652 [AsyncHttpClient-1-2] DEBUG org.asynchttpclient.netty.channel.ChannelManager - Adding key: http://localhost:51618 for channel [id: 0x6427a647, L:/127.0.0.1:59989 - R:localhost/127.0.0.1:51618]
16:04:41.699 [Forwarding screenshot on session 8a79d2b79e20d554f4a83f49557caca5 to remote] DEBUG org.asynchttpclient.netty.request.NettyRequestSender - Using pooled Channel '[id: 0x6427a647, L:/127.0.0.1:59989 - R:localhost/127.0.0.1:51618]' for 'GET' to 'http://localhost:51618/session/8a79d2b79e20d554f4a83f49557caca5/screenshot'
16:04:41.700 [Forwarding screenshot on session 8a79d2b79e20d554f4a83f49557caca5 to remote] DEBUG org.asynchttpclient.netty.request.NettyRequestSender - Using open Channel [id: 0x6427a647, L:/127.0.0.1:59989 - R:localhost/127.0.0.1:51618] for GET '/session/8a79d2b79e20d554f4a83f49557caca5/screenshot'
16:04:42.810 [AsyncHttpClient-1-1] DEBUG org.asynchttpclient.netty.channel.DefaultChannelPool - Entry count for : http://localhost:59990 : 1
16:04:43.879 [AsyncHttpClient-1-1] DEBUG org.asynchttpclient.netty.channel.DefaultChannelPool - Entry count for : http://localhost:59990 : 1
16:04:45.021 [AsyncHttpClient-1-1] DEBUG org.asynchttpclient.netty.channel.DefaultChannelPool - Entry count for : http://localhost:59990 : 1
16:04:46.042 [AsyncHttpClient-1-1] DEBUG org.asynchttpclient.netty.channel.DefaultChannelPool - Entry count for : http://localhost:59990 : 1
16:04:47.229 [AsyncHttpClient-1-1] DEBUG org.asynchttpclient.netty.channel.DefaultChannelPool - Entry count for : http://localhost:59990 : 1
16:04:48.408 [AsyncHttpClient-1-1] DEBUG org.asynchttpclient.netty.channel.DefaultChannelPool - Entry count for : http://localhost:59990 : 1
16:04:49.477 [AsyncHttpClient-1-1] DEBUG org.asynchttpclient.netty.channel.DefaultChannelPool - Entry count for : http://localhost:59990 : 1
16:04:50.802 [AsyncHttpClient-1-1] DEBUG org.asynchttpclient.netty.channel.DefaultChannelPool - Entry count for : http://localhost:59990 : 1
16:04:51.977 [AsyncHttpClient-1-1] DEBUG org.asynchttpclient.netty.channel.DefaultChannelPool - Entry count for : http://localhost:59990 : 1
16:04:53.129 [AsyncHttpClient-1-1] DEBUG org.asynchttpclient.netty.channel.DefaultChannelPool - Entry count for : http://localhost:59990 : 1
16:04:54.252 [AsyncHttpClient-1-1] DEBUG org.asynchttpclient.netty.channel.DefaultChannelPool - Entry count for : http://localhost:59990 : 1
16:04:55.401 [AsyncHttpClient-1-1] DEBUG org.asynchttpclient.netty.channel.DefaultChannelPool - Entry count for : http://localhost:59990 : 1
16:04:56.515 [AsyncHttpClient-1-1] DEBUG org.asynchttpclient.netty.channel.DefaultChannelPool - Entry count for : http://localhost:59990 : 1
16:04:57.860 [AsyncHttpClient-1-1] DEBUG org.asynchttpclient.netty.channel.DefaultChannelPool - Entry count for : http://localhost:59990 : 1
16:04:59.008 [AsyncHttpClient-1-1] DEBUG org.asynchttpclient.netty.channel.DefaultChannelPool - Entry count for : http://localhost:59990 : 1
16:05:00.613 [AsyncHttpClient-1-1] DEBUG org.asynchttpclient.netty.channel.DefaultChannelPool - Entry count for : http://localhost:59990 : 1
16:05:02.077 [AsyncHttpClient-1-1] DEBUG org.asynchttpclient.netty.channel.DefaultChannelPool - Entry count for : http://localhost:59990 : 1
16:05:03.209 [AsyncHttpClient-1-1] DEBUG org.asynchttpclient.netty.channel.DefaultChannelPool - Entry count for : http://localhost:59990 : 1
16:05:04.325 [AsyncHttpClient-1-1] DEBUG org.asynchttpclient.netty.channel.DefaultChannelPool - Entry count for : http://localhost:59990 : 1
16:05:05.754 [AsyncHttpClient-1-1] DEBUG org.asynchttpclient.netty.channel.DefaultChannelPool - Entry count for : http://localhost:59990 : 1
16:05:07.004 [AsyncHttpClient-1-1] DEBUG org.asynchttpclient.netty.channel.DefaultChannelPool - Entry count for : http://localhost:59990 : 1
16:05:08.069 [AsyncHttpClient-1-1] DEBUG org.asynchttpclient.netty.channel.DefaultChannelPool - Entry count for : http://localhost:59990 : 1
16:05:09.255 [AsyncHttpClient-1-1] DEBUG org.asynchttpclient.netty.channel.DefaultChannelPool - Entry count for : http://localhost:59990 : 1
16:05:10.377 [AsyncHttpClient-1-1] DEBUG org.asynchttpclient.netty.channel.DefaultChannelPool - Entry count for : http://localhost:59990 : 1
16:05:10.648 [AsyncHttpClient-1-2] DEBUG org.asynchttpclient.netty.handler.HttpHandler - 

Request DefaultFullHttpRequest(decodeResult: success, version: HTTP/1.1, content: EmptyByteBufBE)
GET /session/8a79d2b79e20d554f4a83f49557caca5/screenshot HTTP/1.1
User-Agent: selenium/4.1.2 (java windows)
Cache-Control: no-cache
Content-Type: application/json; charset=utf-8
host: localhost:51618
accept: */*

Response DefaultHttpResponse(decodeResult: success, version: HTTP/1.1)
HTTP/1.1 200 OK
Content-Type: application/json; charset=utf-8
cache-control: no-cache
content-length: 88732

16:05:10.651 [AsyncHttpClient-1-2] DEBUG org.asynchttpclient.netty.channel.ChannelManager - Adding key: http://localhost:51618 for channel [id: 0x6427a647, L:/127.0.0.1:59989 - R:localhost/127.0.0.1:51618]
16:05:10.675 [main] DEBUG net.serenitybdd.core.photography.Darkroom - Send negative for processing for target\site\serenity\5cf5365b44de1eb7e25e8bfd684acd469df441bfc9ffa6df5d63ef113f1f88e8.png
16:05:10.676 [main] DEBUG net.thucydides.core.steps.StepInterceptor - STEP DONE: clickLoginButton
  &amp#27;[32mAnd &amp#27;[0m&amp#27;[32mClick login button&amp#27;[0m              &amp#27;[90m# starter.stepdefinitions.LoginSteps.clickLoginButton()&amp#27;[0m
16:05:10.710 [Darkroom Processing Line] DEBUG net.serenitybdd.core.photography.DarkroomProcessingLine - Processing screenshot image in /var/screenshots/screenshot-14796372288746983924
16:05:10.711 [Darkroom Processing Line] DEBUG net.serenitybdd.core.photography.DarkroomProcessingLine - Saving screenshot to target\site\serenity\5cf5365b44de1eb7e25e8bfd684acd469df441bfc9ffa6df5d63ef113f1f88e8.png
16:05:10.758 [Forwarding screenshot on session 8a79d2b79e20d554f4a83f49557caca5 to remote] DEBUG org.asynchttpclient.netty.request.NettyRequestSender - Using pooled Channel '[id: 0x6427a647, L:/127.0.0.1:59989 - R:localhost/127.0.0.1:51618]' for 'GET' to 'http://localhost:51618/session/8a79d2b79e20d554f4a83f49557caca5/screenshot'
16:05:10.758 [Forwarding screenshot on session 8a79d2b79e20d554f4a83f49557caca5 to remote] DEBUG org.asynchttpclient.netty.request.NettyRequestSender - Using open Channel [id: 0x6427a647, L:/127.0.0.1:59989 - R:localhost/127.0.0.1:51618] for GET '/session/8a79d2b79e20d554f4a83f49557caca5/screenshot'
16:05:11.009 [AsyncHttpClient-1-2] DEBUG org.asynchttpclient.netty.handler.HttpHandler - 

Request DefaultFullHttpRequest(decodeResult: success, version: HTTP/1.1, content: EmptyByteBufBE)
GET /session/8a79d2b79e20d554f4a83f49557caca5/screenshot HTTP/1.1
User-Agent: selenium/4.1.2 (java windows)
Cache-Control: no-cache
Content-Type: application/json; charset=utf-8
host: localhost:51618
accept: */*

Response DefaultHttpResponse(decodeResult: success, version: HTTP/1.1)
HTTP/1.1 200 OK
Content-Type: application/json; charset=utf-8
cache-control: no-cache
content-length: 88732

16:05:11.011 [AsyncHttpClient-1-2] DEBUG org.asynchttpclient.netty.channel.ChannelManager - Adding key: http://localhost:51618 for channel [id: 0x6427a647, L:/127.0.0.1:59989 - R:localhost/127.0.0.1:51618]
16:05:11.025 [main] DEBUG net.serenitybdd.core.photography.Darkroom - Send negative for processing for target\site\serenity\5cf5365b44de1eb7e25e8bfd684acd469df441bfc9ffa6df5d63ef113f1f88e8.png
16:05:11.027 [main] DEBUG net.thucydides.core.steps.StepInterceptor - STARTING STEP: LoginSteps.iGet - productNameAppears
16:05:11.040 [Forwarding findElement on session 8a79d2b79e20d554f4a83f49557caca5 to remote] DEBUG org.asynchttpclient.netty.request.NettyRequestSender - Using pooled Channel '[id: 0x6427a647, L:/127.0.0.1:59989 - R:localhost/127.0.0.1:51618]' for 'POST' to 'http://localhost:51618/session/8a79d2b79e20d554f4a83f49557caca5/element'
16:05:11.040 [Forwarding findElement on session 8a79d2b79e20d554f4a83f49557caca5 to remote] DEBUG org.asynchttpclient.netty.request.NettyRequestSender - Using open Channel [id: 0x6427a647, L:/127.0.0.1:59989 - R:localhost/127.0.0.1:51618] for POST '/session/8a79d2b79e20d554f4a83f49557caca5/element'
16:05:11.073 [AsyncHttpClient-1-2] DEBUG org.asynchttpclient.netty.handler.HttpHandler - 

Request DefaultHttpRequest(decodeResult: success, version: HTTP/1.1)
POST /session/8a79d2b79e20d554f4a83f49557caca5/element HTTP/1.1
User-Agent: selenium/4.1.2 (java windows)
Content-Length: 53
Content-Type: application/json; charset=utf-8
host: localhost:51618
accept: */*

Response DefaultHttpResponse(decodeResult: success, version: HTTP/1.1)
HTTP/1.1 400 Bad Request
Content-Type: application/json; charset=utf-8
cache-control: no-cache
content-length: 957

16:05:11.073 [AsyncHttpClient-1-2] DEBUG org.asynchttpclient.netty.channel.ChannelManager - Adding key: http://localhost:51618 for channel [id: 0x6427a647, L:/127.0.0.1:59989 - R:localhost/127.0.0.1:51618]
16:05:11.098 [Forwarding findElement on session 8a79d2b79e20d554f4a83f49557caca5 to remote] DEBUG org.asynchttpclient.netty.request.NettyRequestSender - Using pooled Channel '[id: 0x6427a647, L:/127.0.0.1:59989 - R:localhost/127.0.0.1:51618]' for 'POST' to 'http://localhost:51618/session/8a79d2b79e20d554f4a83f49557caca5/element'
16:05:11.098 [Forwarding findElement on session 8a79d2b79e20d554f4a83f49557caca5 to remote] DEBUG org.asynchttpclient.netty.request.NettyRequestSender - Using open Channel [id: 0x6427a647, L:/127.0.0.1:59989 - R:localhost/127.0.0.1:51618] for POST '/session/8a79d2b79e20d554f4a83f49557caca5/element'
16:05:11.178 [AsyncHttpClient-1-2] DEBUG org.asynchttpclient.netty.handler.HttpHandler - 

Request DefaultHttpRequest(decodeResult: success, version: HTTP/1.1)
POST /session/8a79d2b79e20d554f4a83f49557caca5/element HTTP/1.1
User-Agent: selenium/4.1.2 (java windows)
Content-Length: 63
Content-Type: application/json; charset=utf-8
host: localhost:51618
accept: */*

Response DefaultHttpResponse(decodeResult: success, version: HTTP/1.1)
HTTP/1.1 200 OK
Content-Type: application/json; charset=utf-8
cache-control: no-cache
content-length: 88

16:05:11.179 [AsyncHttpClient-1-2] DEBUG org.asynchttpclient.netty.channel.ChannelManager - Adding key: http://localhost:51618 for channel [id: 0x6427a647, L:/127.0.0.1:59989 - R:localhost/127.0.0.1:51618]
16:05:11.201 [Forwarding isElementDisplayed on session 8a79d2b79e20d554f4a83f49557caca5 to remote] DEBUG org.asynchttpclient.netty.request.NettyRequestSender - Using pooled Channel '[id: 0x6427a647, L:/127.0.0.1:59989 - R:localhost/127.0.0.1:51618]' for 'POST' to 'http://localhost:51618/session/8a79d2b79e20d554f4a83f49557caca5/execute/sync'
16:05:11.201 [Forwarding isElementDisplayed on session 8a79d2b79e20d554f4a83f49557caca5 to remote] DEBUG org.asynchttpclient.netty.request.NettyRequestSender - Using open Channel [id: 0x6427a647, L:/127.0.0.1:59989 - R:localhost/127.0.0.1:51618] for POST '/session/8a79d2b79e20d554f4a83f49557caca5/execute/sync'
16:05:11.280 [AsyncHttpClient-1-2] DEBUG org.asynchttpclient.netty.handler.HttpHandler - 

Request DefaultHttpRequest(decodeResult: success, version: HTTP/1.1)
POST /session/8a79d2b79e20d554f4a83f49557caca5/execute/sync HTTP/1.1
User-Agent: selenium/4.1.2 (java windows)
Content-Length: 48780
Content-Type: application/json; charset=utf-8
host: localhost:51618
accept: */*

Response DefaultHttpResponse(decodeResult: success, version: HTTP/1.1)
HTTP/1.1 200 OK
Content-Type: application/json; charset=utf-8
cache-control: no-cache
content-length: 14

16:05:11.281 [AsyncHttpClient-1-2] DEBUG org.asynchttpclient.netty.channel.ChannelManager - Adding key: http://localhost:51618 for channel [id: 0x6427a647, L:/127.0.0.1:59989 - R:localhost/127.0.0.1:51618]
16:05:11.296 [Forwarding screenshot on session 8a79d2b79e20d554f4a83f49557caca5 to remote] DEBUG org.asynchttpclient.netty.request.NettyRequestSender - Using pooled Channel '[id: 0x6427a647, L:/127.0.0.1:59989 - R:localhost/127.0.0.1:51618]' for 'GET' to 'http://localhost:51618/session/8a79d2b79e20d554f4a83f49557caca5/screenshot'
16:05:11.296 [Forwarding screenshot on session 8a79d2b79e20d554f4a83f49557caca5 to remote] DEBUG org.asynchttpclient.netty.request.NettyRequestSender - Using open Channel [id: 0x6427a647, L:/127.0.0.1:59989 - R:localhost/127.0.0.1:51618] for GET '/session/8a79d2b79e20d554f4a83f49557caca5/screenshot'
16:05:11.452 [AsyncHttpClient-1-1] DEBUG org.asynchttpclient.netty.channel.DefaultChannelPool - Entry count for : http://localhost:59990 : 1
16:05:11.557 [AsyncHttpClient-1-2] DEBUG org.asynchttpclient.netty.handler.HttpHandler - 

Request DefaultFullHttpRequest(decodeResult: success, version: HTTP/1.1, content: EmptyByteBufBE)
GET /session/8a79d2b79e20d554f4a83f49557caca5/screenshot HTTP/1.1
User-Agent: selenium/4.1.2 (java windows)
Cache-Control: no-cache
Content-Type: application/json; charset=utf-8
host: localhost:51618
accept: */*

Response DefaultHttpResponse(decodeResult: success, version: HTTP/1.1)
HTTP/1.1 200 OK
Content-Type: application/json; charset=utf-8
cache-control: no-cache
content-length: 88732

16:05:11.564 [AsyncHttpClient-1-2] DEBUG org.asynchttpclient.netty.channel.ChannelManager - Adding key: http://localhost:51618 for channel [id: 0x6427a647, L:/127.0.0.1:59989 - R:localhost/127.0.0.1:51618]
16:05:11.571 [main] DEBUG net.serenitybdd.core.photography.Darkroom - Send negative for processing for target\site\serenity\5cf5365b44de1eb7e25e8bfd684acd469df441bfc9ffa6df5d63ef113f1f88e8.png
16:05:11.572 [main] DEBUG net.thucydides.core.steps.StepInterceptor - STEP DONE: productNameAppears
  &amp#27;[32mThen &amp#27;[0m&amp#27;[32mI get &amp#27;[0m&amp#27;[32m&amp#27;[1m"product_page"&amp#27;[0m           &amp#27;[90m# starter.stepdefinitions.LoginSteps.iGet(java.lang.String)&amp#27;[0m
16:05:12.104 [AsyncHttpClient-1-4] DEBUG org.asynchttpclient.netty.handler.WebSocketHandler - Channel Closed: [id: 0xe4103cef, L:/127.0.0.1:59998 ! R:localhost/127.0.0.1:59990] with attribute NettyResponseFuture{currentRetry=5,
	isDone=1,
	isCancelled=0,
	asyncHandler=org.asynchttpclient.ws.WebSocketUpgradeHandler@24e424bc,
	nettyRequest=org.asynchttpclient.netty.request.NettyRequest@1eada31c,
	future=java.util.concurrent.CompletableFuture@2a7d58dc[Completed normally],
	uri=ws://localhost:59990/devtools/browser/31645697-876e-4cac-8bd8-453c38d0ff63,
	keepAlive=true,
	redirectCount=0,
	timeoutsHolder=null,
	inAuth=0,
	touch=1652778271224}
16:05:12.105 [AsyncHttpClient-1-4] DEBUG org.asynchttpclient.netty.channel.ChannelManager - Closing Channel [id: 0xe4103cef, L:/127.0.0.1:59998 ! R:localhost/127.0.0.1:59990] 
16:05:12.234 [Driver Command Executor] DEBUG org.asynchttpclient.netty.request.NettyRequestSender - Using pooled Channel '[id: 0x6427a647, L:/127.0.0.1:59989 - R:localhost/127.0.0.1:51618]' for 'DELETE' to 'http://localhost:51618/session/8a79d2b79e20d554f4a83f49557caca5'
16:05:12.235 [Driver Command Executor] DEBUG org.asynchttpclient.netty.request.NettyRequestSender - Using open Channel [id: 0x6427a647, L:/127.0.0.1:59989 - R:localhost/127.0.0.1:51618] for DELETE '/session/8a79d2b79e20d554f4a83f49557caca5'
16:05:12.558 [AsyncHttpClient-1-1] DEBUG org.asynchttpclient.netty.channel.DefaultChannelPool - Entry count for : http://localhost:59990 : 1
16:05:12.753 [AsyncHttpClient-1-3] DEBUG org.asynchttpclient.netty.handler.HttpHandler - Unexpected I/O exception on channel [id: 0xdc198222, L:/127.0.0.1:59997 - R:localhost/127.0.0.1:59990]
java.net.SocketException: Connection reset
	at java.base/sun.nio.ch.SocketChannelImpl.throwConnectionReset(SocketChannelImpl.java:367)
	at java.base/sun.nio.ch.SocketChannelImpl.read(SocketChannelImpl.java:398)
	at io.netty.buffer.PooledByteBuf.setBytes(PooledByteBuf.java:258)
	at io.netty.buffer.AbstractByteBuf.writeBytes(AbstractByteBuf.java:1132)
	at io.netty.channel.socket.nio.NioSocketChannel.doReadBytes(NioSocketChannel.java:350)
	at io.netty.channel.nio.AbstractNioByteChannel$NioByteUnsafe.read(AbstractNioByteChannel.java:151)
	at io.netty.channel.nio.NioEventLoop.processSelectedKey(NioEventLoop.java:722)
	at io.netty.channel.nio.NioEventLoop.processSelectedKeysOptimized(NioEventLoop.java:658)
	at io.netty.channel.nio.NioEventLoop.processSelectedKeys(NioEventLoop.java:584)
	at io.netty.channel.nio.NioEventLoop.run(NioEventLoop.java:496)
	at io.netty.util.concurrent.SingleThreadEventExecutor$4.run(SingleThreadEventExecutor.java:986)
	at io.netty.util.internal.ThreadExecutorMap$2.run(ThreadExecutorMap.java:74)
	at io.netty.util.concurrent.FastThreadLocalRunnable.run(FastThreadLocalRunnable.java:30)
	at java.base/java.lang.Thread.run(Thread.java:832)
16:05:12.753 [AsyncHttpClient-1-3] DEBUG org.asynchttpclient.netty.channel.ChannelManager - Closing Channel [id: 0xdc198222, L:/127.0.0.1:59997 - R:localhost/127.0.0.1:59990] 
16:05:12.757 [AsyncHttpClient-1-3] DEBUG org.asynchttpclient.netty.handler.HttpHandler - Channel Closed: [id: 0xdc198222, L:/127.0.0.1:59997 ! R:localhost/127.0.0.1:59990] with attribute DISCARD
16:05:12.808 [AsyncHttpClient-1-2] DEBUG org.asynchttpclient.netty.handler.HttpHandler - 

Request DefaultFullHttpRequest(decodeResult: success, version: HTTP/1.1, content: EmptyByteBufBE)
DELETE /session/8a79d2b79e20d554f4a83f49557caca5 HTTP/1.1
User-Agent: selenium/4.1.2 (java windows)
Content-Type: application/json; charset=utf-8
host: localhost:51618
accept: */*

Response DefaultHttpResponse(decodeResult: success, version: HTTP/1.1)
HTTP/1.1 200 OK
Content-Type: application/json; charset=utf-8
cache-control: no-cache
content-length: 14

16:05:12.809 [AsyncHttpClient-1-2] DEBUG org.asynchttpclient.netty.channel.ChannelManager - Adding key: http://localhost:51618 for channel [id: 0x6427a647, L:/127.0.0.1:59989 - R:localhost/127.0.0.1:51618]
16:05:13.297 [AsyncHttpClient-1-2] DEBUG org.asynchttpclient.netty.handler.HttpHandler - Channel Closed: [id: 0x6427a647, L:/127.0.0.1:59989 ! R:localhost/127.0.0.1:51618] with attribute DISCARD
16:05:13.638 [AsyncHttpClient-1-1] DEBUG org.asynchttpclient.netty.channel.DefaultChannelPool - Entry count for : http://localhost:59990 : 1
16:05:13.638 [AsyncHttpClient-1-1] DEBUG org.asynchttpclient.netty.channel.DefaultChannelPool - Entry count for : http://localhost:51618 : 1
16:05:13.638 [AsyncHttpClient-1-1] DEBUG org.asynchttpclient.netty.channel.DefaultChannelPool - Adding Candidate expired Channel [id: 0xdc198222, L:/127.0.0.1:59997 ! R:localhost/127.0.0.1:59990] isIdleTimeoutExpired=false isRemotelyClosed=true isTtlExpired=false
16:05:13.638 [AsyncHttpClient-1-1] DEBUG org.asynchttpclient.netty.channel.DefaultChannelPool - Closing Idle Channel [id: 0xdc198222, L:/127.0.0.1:59997 ! R:localhost/127.0.0.1:59990]
16:05:13.639 [AsyncHttpClient-1-1] DEBUG org.asynchttpclient.netty.channel.DefaultChannelPool - Adding Candidate expired Channel [id: 0x6427a647, L:/127.0.0.1:59989 ! R:localhost/127.0.0.1:51618] isIdleTimeoutExpired=false isRemotelyClosed=true isTtlExpired=false
16:05:13.640 [AsyncHttpClient-1-1] DEBUG org.asynchttpclient.netty.channel.DefaultChannelPool - Closing Idle Channel [id: 0x6427a647, L:/127.0.0.1:59989 ! R:localhost/127.0.0.1:51618]
16:05:13.640 [AsyncHttpClient-1-1] DEBUG org.asynchttpclient.netty.channel.DefaultChannelPool - Closed 2 connections out of 2 in 2 ms
16:05:13.819 [main] INFO  - 
  _____   ___   ___   _____     ___     _     ___   ___   ___   ___  
 |_   _| | __| / __| |_   _|   | _ \   /_\   / __| / __| | __| |   \ 
   | |   | _|  \__ \   | |     |  _/  / _ \  \__ \ \__ \ | _|  | |) |
   |_|   |___| |___/   |_|     |_|   /_/ \_\ |___/ |___/ |___| |___/ 

Login
----------------------------------------------------------------------
]]></system-out>
    <system-err><![CDATA[Starting ChromeDriver 100.0.4896.60 (6a5d10861ce8de5fce22564658033b43cb7de047-refs/branch-heads/4896@{#875}) on port 51618
Only local connections are allowed.
Please see https://chromedriver.chromium.org/security-considerations for suggestions on keeping ChromeDriver safe.
ChromeDriver was started successfully.
[1652778269.745][WARNING]: This version of ChromeDriver has not been tested with Chrome version 101.
May 17, 2022 4:04:30 PM org.openqa.selenium.remote.ProtocolHandshake createSession
INFO: Detected dialect: W3C
May 17, 2022 4:04:31 PM org.openqa.selenium.devtools.CdpVersionFinder findNearestMatch
WARNING: Unable to find an exact match for CDP version 101, so returning the closest version found: 97
May 17, 2022 4:04:31 PM org.openqa.selenium.devtools.CdpVersionFinder findNearestMatch
INFO: Found CDP implementation for version 101 of 97
[1652778292.206][SEVERE]: Timed out receiving message from renderer: 10.000
[1652778292.213][WARNING]: screenshot failed, retrying timeout: Timed out receiving message from renderer: 10.000
[1652778302.576][SEVERE]: Timed out receiving message from renderer: 10.000
]]></system-err>
  </testcase>
  <testcase name="Login #2" classname="Login" time="15.546">
    <system-out><![CDATA[
Scenario Outline: Login                       &amp#27;[90m# src/test/resources/features/Login.feature:16&amp#27;[0m
16:05:13.886 [main] INFO io.cucumber.core.plugin.SerenityReporter - Running feature from file:///C:/Users/ponda/Documents/Final_Project/Final_Web/src/test/resources/features/Login.feature
16:05:14.016 [main] DEBUG net.thucydides.core.steps.StepInterceptor - STARTING STEP: LoginSteps.iAmOnQaAltaIdLoginPage - openUrl
16:05:14.021 [main] INFO net.serenitybdd.core.webdriver.driverproviders.ChromeDriverProvider - Using automatically driver download
16:05:14.487 [main] DEBUG io.github.bonigarcia.wdm.cache.ResolutionCache - Resolution chrome=101 in cache (valid until 17:04:06 17/05/2022 WIB)
16:05:14.520 [main] DEBUG io.github.bonigarcia.wdm.cache.ResolutionCache - Resolution chrome101=101.0.4951.41 in cache (valid until 16:04:06 18/05/2022 WIB)
16:05:14.528 [main] INFO io.github.bonigarcia.wdm.WebDriverManager - Using chromedriver 101.0.4951.41 (resolved driver for Chrome 101)
16:05:14.598 [main] DEBUG io.github.bonigarcia.wdm.WebDriverManager - Driver chromedriver 101.0.4951.41 found in cache
16:05:14.604 [main] INFO io.github.bonigarcia.wdm.WebDriverManager - Exporting webdriver.chrome.driver as C:\Users\ponda\.cache\selenium\chromedriver\win32\101.0.4951.41\chromedriver.exe
16:05:15.426 [main] DEBUG net.serenitybdd.core.webdriver.driverproviders.ProvideNewDriver - Instantiating driver
16:05:15.426 [main] DEBUG net.serenitybdd.core.webdriver.driverproviders.ProvideNewDriver - Driver capabilities: Capabilities {acceptInsecureCerts: false, base.url: https://qa.alta.id, browserName: chrome, chrome.driver: src/test/resources/webdrive..., driver: chrome, goog:chromeOptions: {args: [], extensions: []}}
16:05:16.011 [AsyncHttpClient-1-5] DEBUG org.asynchttpclient.netty.channel.NettyConnectListener - Using new Channel '[id: 0xbe5b9105, L:/127.0.0.1:60024 - R:localhost/127.0.0.1:60393]' for 'POST' to '/session'
16:05:19.324 [AsyncHttpClient-1-5] DEBUG org.asynchttpclient.netty.handler.HttpHandler - 

Request DefaultHttpRequest(decodeResult: success, version: HTTP/1.1)
POST /session HTTP/1.1
User-Agent: selenium/4.1.2 (java windows)
Content-Length: 599
Content-Type: application/json; charset=utf-8
host: localhost:60393
accept: */*

Response DefaultHttpResponse(decodeResult: success, version: HTTP/1.1)
HTTP/1.1 200 OK
Content-Type: application/json; charset=utf-8
cache-control: no-cache
content-length: 790

16:05:19.325 [AsyncHttpClient-1-5] DEBUG org.asynchttpclient.netty.channel.ChannelManager - Adding key: http://localhost:60393 for channel [id: 0xbe5b9105, L:/127.0.0.1:60024 - R:localhost/127.0.0.1:60393]
16:05:19.374 [AsyncHttpClient-1-2] DEBUG org.asynchttpclient.netty.channel.NettyConnectListener - Using new Channel '[id: 0xe974cf91, L:/127.0.0.1:60031 - R:localhost/127.0.0.1:60025]' for 'GET' to '/json/version'
16:05:19.375 [AsyncHttpClient-1-2] DEBUG org.asynchttpclient.netty.handler.HttpHandler - 

Request DefaultFullHttpRequest(decodeResult: success, version: HTTP/1.1, content: EmptyByteBufBE)
GET /json/version HTTP/1.1
User-Agent: selenium/4.1.2 (java windows)
host: localhost:60025
accept: */*

Response DefaultHttpResponse(decodeResult: success, version: HTTP/1.1)
HTTP/1.1 200 OK
Content-Type: application/json; charset=UTF-8
content-length: 427

16:05:19.376 [AsyncHttpClient-1-2] DEBUG org.asynchttpclient.netty.channel.ChannelManager - Adding key: http://localhost:60025 for channel [id: 0xe974cf91, L:/127.0.0.1:60031 - R:localhost/127.0.0.1:60025]
16:05:19.389 [AsyncHttpClient-1-3] DEBUG org.asynchttpclient.netty.channel.NettyConnectListener - Using new Channel '[id: 0x7e6dd9ff, L:/127.0.0.1:60032 - R:localhost/127.0.0.1:60025]' for 'GET' to '/devtools/browser/75e66979-f951-4a29-be1c-674f92806fa3'
16:05:19.391 [AsyncHttpClient-1-3] DEBUG org.asynchttpclient.netty.handler.WebSocketHandler - 

Request DefaultFullHttpRequest(decodeResult: success, version: HTTP/1.1, content: EmptyByteBufBE)
GET /devtools/browser/75e66979-f951-4a29-be1c-674f92806fa3 HTTP/1.1
upgrade: websocket
connection: upgrade
sec-websocket-key: yAA3ImlcA/NZKvwI5ZxFug==
sec-websocket-version: 13
origin: http://localhost:60025
host: localhost:60025
accept: */*
user-agent: AHC/2.1

Response DefaultHttpResponse(decodeResult: success, version: HTTP/1.1)
HTTP/1.1 101 WebSocket Protocol Handshake
Upgrade: WebSocket
Connection: Upgrade
Sec-WebSocket-Accept: tGADQaBHiuWopI9bNofVIsrZcKc=

16:05:19.556 [Forwarding maximizeCurrentWindow on session b3210105eda987da785b4a1291646a4f to remote] DEBUG org.asynchttpclient.netty.request.NettyRequestSender - Using pooled Channel '[id: 0xbe5b9105, L:/127.0.0.1:60024 - R:localhost/127.0.0.1:60393]' for 'POST' to 'http://localhost:60393/session/b3210105eda987da785b4a1291646a4f/window/maximize'
16:05:19.556 [Forwarding maximizeCurrentWindow on session b3210105eda987da785b4a1291646a4f to remote] DEBUG org.asynchttpclient.netty.request.NettyRequestSender - Using open Channel [id: 0xbe5b9105, L:/127.0.0.1:60024 - R:localhost/127.0.0.1:60393] for POST '/session/b3210105eda987da785b4a1291646a4f/window/maximize'
16:05:19.894 [AsyncHttpClient-1-5] DEBUG org.asynchttpclient.netty.handler.HttpHandler - 

Request DefaultHttpRequest(decodeResult: success, version: HTTP/1.1)
POST /session/b3210105eda987da785b4a1291646a4f/window/maximize HTTP/1.1
User-Agent: selenium/4.1.2 (java windows)
Content-Length: 3
Content-Type: application/json; charset=utf-8
host: localhost:60393
accept: */*

Response DefaultHttpResponse(decodeResult: success, version: HTTP/1.1)
HTTP/1.1 200 OK
Content-Type: application/json; charset=utf-8
cache-control: no-cache
content-length: 51

16:05:19.895 [AsyncHttpClient-1-5] DEBUG org.asynchttpclient.netty.channel.ChannelManager - Adding key: http://localhost:60393 for channel [id: 0xbe5b9105, L:/127.0.0.1:60024 - R:localhost/127.0.0.1:60393]
16:05:19.904 [Forwarding get on session b3210105eda987da785b4a1291646a4f to remote] DEBUG org.asynchttpclient.netty.request.NettyRequestSender - Using pooled Channel '[id: 0xbe5b9105, L:/127.0.0.1:60024 - R:localhost/127.0.0.1:60393]' for 'POST' to 'http://localhost:60393/session/b3210105eda987da785b4a1291646a4f/url'
16:05:19.904 [Forwarding get on session b3210105eda987da785b4a1291646a4f to remote] DEBUG org.asynchttpclient.netty.request.NettyRequestSender - Using open Channel [id: 0xbe5b9105, L:/127.0.0.1:60024 - R:localhost/127.0.0.1:60393] for POST '/session/b3210105eda987da785b4a1291646a4f/url'
16:05:20.354 [AsyncHttpClient-1-1] DEBUG org.asynchttpclient.netty.channel.DefaultChannelPool - Entry count for : http://localhost:60025 : 1
16:05:21.474 [AsyncHttpClient-1-1] DEBUG org.asynchttpclient.netty.channel.DefaultChannelPool - Entry count for : http://localhost:60025 : 1
16:05:21.685 [AsyncHttpClient-1-5] DEBUG org.asynchttpclient.netty.handler.HttpHandler - 

Request DefaultHttpRequest(decodeResult: success, version: HTTP/1.1)
POST /session/b3210105eda987da785b4a1291646a4f/url HTTP/1.1
User-Agent: selenium/4.1.2 (java windows)
Content-Length: 64
Content-Type: application/json; charset=utf-8
host: localhost:60393
accept: */*

Response DefaultHttpResponse(decodeResult: success, version: HTTP/1.1)
HTTP/1.1 200 OK
Content-Type: application/json; charset=utf-8
cache-control: no-cache
content-length: 14

16:05:21.686 [AsyncHttpClient-1-5] DEBUG org.asynchttpclient.netty.channel.ChannelManager - Adding key: http://localhost:60393 for channel [id: 0xbe5b9105, L:/127.0.0.1:60024 - R:localhost/127.0.0.1:60393]
16:05:21.690 [Forwarding setTimeout on session b3210105eda987da785b4a1291646a4f to remote] DEBUG org.asynchttpclient.netty.request.NettyRequestSender - Using pooled Channel '[id: 0xbe5b9105, L:/127.0.0.1:60024 - R:localhost/127.0.0.1:60393]' for 'POST' to 'http://localhost:60393/session/b3210105eda987da785b4a1291646a4f/timeouts'
16:05:21.690 [Forwarding setTimeout on session b3210105eda987da785b4a1291646a4f to remote] DEBUG org.asynchttpclient.netty.request.NettyRequestSender - Using open Channel [id: 0xbe5b9105, L:/127.0.0.1:60024 - R:localhost/127.0.0.1:60393] for POST '/session/b3210105eda987da785b4a1291646a4f/timeouts'
16:05:21.694 [AsyncHttpClient-1-5] DEBUG org.asynchttpclient.netty.handler.HttpHandler - 

Request DefaultHttpRequest(decodeResult: success, version: HTTP/1.1)
POST /session/b3210105eda987da785b4a1291646a4f/timeouts HTTP/1.1
User-Agent: selenium/4.1.2 (java windows)
Content-Length: 22
Content-Type: application/json; charset=utf-8
host: localhost:60393
accept: */*

Response DefaultHttpResponse(decodeResult: success, version: HTTP/1.1)
HTTP/1.1 200 OK
Content-Type: application/json; charset=utf-8
cache-control: no-cache
content-length: 14

16:05:21.694 [AsyncHttpClient-1-5] DEBUG org.asynchttpclient.netty.channel.ChannelManager - Adding key: http://localhost:60393 for channel [id: 0xbe5b9105, L:/127.0.0.1:60024 - R:localhost/127.0.0.1:60393]
16:05:21.745 [Forwarding getCurrentUrl on session b3210105eda987da785b4a1291646a4f to remote] DEBUG org.asynchttpclient.netty.request.NettyRequestSender - Using pooled Channel '[id: 0xbe5b9105, L:/127.0.0.1:60024 - R:localhost/127.0.0.1:60393]' for 'GET' to 'http://localhost:60393/session/b3210105eda987da785b4a1291646a4f/url'
16:05:21.745 [Forwarding getCurrentUrl on session b3210105eda987da785b4a1291646a4f to remote] DEBUG org.asynchttpclient.netty.request.NettyRequestSender - Using open Channel [id: 0xbe5b9105, L:/127.0.0.1:60024 - R:localhost/127.0.0.1:60393] for GET '/session/b3210105eda987da785b4a1291646a4f/url'
16:05:21.876 [AsyncHttpClient-1-5] DEBUG org.asynchttpclient.netty.handler.HttpHandler - 

Request DefaultFullHttpRequest(decodeResult: success, version: HTTP/1.1, content: EmptyByteBufBE)
GET /session/b3210105eda987da785b4a1291646a4f/url HTTP/1.1
User-Agent: selenium/4.1.2 (java windows)
Cache-Control: no-cache
Content-Type: application/json; charset=utf-8
host: localhost:60393
accept: */*

Response DefaultHttpResponse(decodeResult: success, version: HTTP/1.1)
HTTP/1.1 200 OK
Content-Type: application/json; charset=utf-8
cache-control: no-cache
content-length: 41

16:05:21.878 [AsyncHttpClient-1-5] DEBUG org.asynchttpclient.netty.channel.ChannelManager - Adding key: http://localhost:60393 for channel [id: 0xbe5b9105, L:/127.0.0.1:60024 - R:localhost/127.0.0.1:60393]
16:05:22.152 [Forwarding screenshot on session b3210105eda987da785b4a1291646a4f to remote] DEBUG org.asynchttpclient.netty.request.NettyRequestSender - Using pooled Channel '[id: 0xbe5b9105, L:/127.0.0.1:60024 - R:localhost/127.0.0.1:60393]' for 'GET' to 'http://localhost:60393/session/b3210105eda987da785b4a1291646a4f/screenshot'
16:05:22.152 [Forwarding screenshot on session b3210105eda987da785b4a1291646a4f to remote] DEBUG org.asynchttpclient.netty.request.NettyRequestSender - Using open Channel [id: 0xbe5b9105, L:/127.0.0.1:60024 - R:localhost/127.0.0.1:60393] for GET '/session/b3210105eda987da785b4a1291646a4f/screenshot'
16:05:22.539 [AsyncHttpClient-1-1] DEBUG org.asynchttpclient.netty.channel.DefaultChannelPool - Entry count for : http://localhost:60025 : 1
16:05:22.546 [AsyncHttpClient-1-5] DEBUG org.asynchttpclient.netty.handler.HttpHandler - 

Request DefaultFullHttpRequest(decodeResult: success, version: HTTP/1.1, content: EmptyByteBufBE)
GET /session/b3210105eda987da785b4a1291646a4f/screenshot HTTP/1.1
User-Agent: selenium/4.1.2 (java windows)
Cache-Control: no-cache
Content-Type: application/json; charset=utf-8
host: localhost:60393
accept: */*

Response DefaultHttpResponse(decodeResult: success, version: HTTP/1.1)
HTTP/1.1 200 OK
Content-Type: application/json; charset=utf-8
cache-control: no-cache
content-length: 25384

16:05:22.548 [AsyncHttpClient-1-5] DEBUG org.asynchttpclient.netty.channel.ChannelManager - Adding key: http://localhost:60393 for channel [id: 0xbe5b9105, L:/127.0.0.1:60024 - R:localhost/127.0.0.1:60393]
16:05:22.553 [main] DEBUG net.serenitybdd.core.photography.Darkroom - Send negative for processing for target\site\serenity\6b6563c13227ef0b70a26f8a845b86304c5ded2ac83324d4bda7e0f4416b9ac5.png
16:05:22.553 [main] DEBUG net.thucydides.core.steps.StepInterceptor - STEP DONE: openUrl
  &amp#27;[32mGiven &amp#27;[0m&amp#27;[32mI am on qa.alta.id login page&amp#27;[0m         &amp#27;[90m# starter.stepdefinitions.LoginSteps.iAmOnQaAltaIdLoginPage()&amp#27;[0m
16:05:22.593 [main] DEBUG net.thucydides.core.steps.StepInterceptor - STARTING STEP: LoginSteps.inputEmail - inputEmail
16:05:22.606 [Forwarding findElement on session b3210105eda987da785b4a1291646a4f to remote] DEBUG org.asynchttpclient.netty.request.NettyRequestSender - Using pooled Channel '[id: 0xbe5b9105, L:/127.0.0.1:60024 - R:localhost/127.0.0.1:60393]' for 'POST' to 'http://localhost:60393/session/b3210105eda987da785b4a1291646a4f/element'
16:05:22.606 [Forwarding findElement on session b3210105eda987da785b4a1291646a4f to remote] DEBUG org.asynchttpclient.netty.request.NettyRequestSender - Using open Channel [id: 0xbe5b9105, L:/127.0.0.1:60024 - R:localhost/127.0.0.1:60393] for POST '/session/b3210105eda987da785b4a1291646a4f/element'
16:05:22.631 [AsyncHttpClient-1-5] DEBUG org.asynchttpclient.netty.handler.HttpHandler - 

Request DefaultHttpRequest(decodeResult: success, version: HTTP/1.1)
POST /session/b3210105eda987da785b4a1291646a4f/element HTTP/1.1
User-Agent: selenium/4.1.2 (java windows)
Content-Length: 86
Content-Type: application/json; charset=utf-8
host: localhost:60393
accept: */*

Response DefaultHttpResponse(decodeResult: success, version: HTTP/1.1)
HTTP/1.1 200 OK
Content-Type: application/json; charset=utf-8
cache-control: no-cache
content-length: 88

16:05:22.632 [AsyncHttpClient-1-5] DEBUG org.asynchttpclient.netty.channel.ChannelManager - Adding key: http://localhost:60393 for channel [id: 0xbe5b9105, L:/127.0.0.1:60024 - R:localhost/127.0.0.1:60393]
16:05:22.638 [Forwarding clearElement on session b3210105eda987da785b4a1291646a4f to remote] DEBUG org.asynchttpclient.netty.request.NettyRequestSender - Using pooled Channel '[id: 0xbe5b9105, L:/127.0.0.1:60024 - R:localhost/127.0.0.1:60393]' for 'POST' to 'http://localhost:60393/session/b3210105eda987da785b4a1291646a4f/element/b31becfc-4346-4ec4-a28c-c2c2eeba007c/clear'
16:05:22.638 [Forwarding clearElement on session b3210105eda987da785b4a1291646a4f to remote] DEBUG org.asynchttpclient.netty.request.NettyRequestSender - Using open Channel [id: 0xbe5b9105, L:/127.0.0.1:60024 - R:localhost/127.0.0.1:60393] for POST '/session/b3210105eda987da785b4a1291646a4f/element/b31becfc-4346-4ec4-a28c-c2c2eeba007c/clear'
16:05:22.709 [AsyncHttpClient-1-5] DEBUG org.asynchttpclient.netty.handler.HttpHandler - 

Request DefaultHttpRequest(decodeResult: success, version: HTTP/1.1)
POST /session/b3210105eda987da785b4a1291646a4f/element/b31becfc-4346-4ec4-a28c-c2c2eeba007c/clear HTTP/1.1
User-Agent: selenium/4.1.2 (java windows)
Content-Length: 50
Content-Type: application/json; charset=utf-8
host: localhost:60393
accept: */*

Response DefaultHttpResponse(decodeResult: success, version: HTTP/1.1)
HTTP/1.1 200 OK
Content-Type: application/json; charset=utf-8
cache-control: no-cache
content-length: 14

16:05:22.710 [AsyncHttpClient-1-5] DEBUG org.asynchttpclient.netty.channel.ChannelManager - Adding key: http://localhost:60393 for channel [id: 0xbe5b9105, L:/127.0.0.1:60024 - R:localhost/127.0.0.1:60393]
16:05:22.720 [Forwarding sendKeysToElement on session b3210105eda987da785b4a1291646a4f to remote] DEBUG org.asynchttpclient.netty.request.NettyRequestSender - Using pooled Channel '[id: 0xbe5b9105, L:/127.0.0.1:60024 - R:localhost/127.0.0.1:60393]' for 'POST' to 'http://localhost:60393/session/b3210105eda987da785b4a1291646a4f/element/b31becfc-4346-4ec4-a28c-c2c2eeba007c/value'
16:05:22.720 [Forwarding sendKeysToElement on session b3210105eda987da785b4a1291646a4f to remote] DEBUG org.asynchttpclient.netty.request.NettyRequestSender - Using open Channel [id: 0xbe5b9105, L:/127.0.0.1:60024 - R:localhost/127.0.0.1:60393] for POST '/session/b3210105eda987da785b4a1291646a4f/element/b31becfc-4346-4ec4-a28c-c2c2eeba007c/value'
16:05:23.349 [AsyncHttpClient-1-5] DEBUG org.asynchttpclient.netty.handler.HttpHandler - 

Request DefaultHttpRequest(decodeResult: success, version: HTTP/1.1)
POST /session/b3210105eda987da785b4a1291646a4f/element/b31becfc-4346-4ec4-a28c-c2c2eeba007c/value HTTP/1.1
User-Agent: selenium/4.1.2 (java windows)
Content-Length: 311
Content-Type: application/json; charset=utf-8
host: localhost:60393
accept: */*

Response DefaultHttpResponse(decodeResult: success, version: HTTP/1.1)
HTTP/1.1 200 OK
Content-Type: application/json; charset=utf-8
cache-control: no-cache
content-length: 14

16:05:23.349 [AsyncHttpClient-1-5] DEBUG org.asynchttpclient.netty.channel.ChannelManager - Adding key: http://localhost:60393 for channel [id: 0xbe5b9105, L:/127.0.0.1:60024 - R:localhost/127.0.0.1:60393]
16:05:23.381 [Forwarding screenshot on session b3210105eda987da785b4a1291646a4f to remote] DEBUG org.asynchttpclient.netty.request.NettyRequestSender - Using pooled Channel '[id: 0xbe5b9105, L:/127.0.0.1:60024 - R:localhost/127.0.0.1:60393]' for 'GET' to 'http://localhost:60393/session/b3210105eda987da785b4a1291646a4f/screenshot'
16:05:23.381 [Forwarding screenshot on session b3210105eda987da785b4a1291646a4f to remote] DEBUG org.asynchttpclient.netty.request.NettyRequestSender - Using open Channel [id: 0xbe5b9105, L:/127.0.0.1:60024 - R:localhost/127.0.0.1:60393] for GET '/session/b3210105eda987da785b4a1291646a4f/screenshot'
16:05:23.635 [AsyncHttpClient-1-1] DEBUG org.asynchttpclient.netty.channel.DefaultChannelPool - Entry count for : http://localhost:60025 : 1
16:05:23.637 [AsyncHttpClient-1-5] DEBUG org.asynchttpclient.netty.handler.HttpHandler - 

Request DefaultFullHttpRequest(decodeResult: success, version: HTTP/1.1, content: EmptyByteBufBE)
GET /session/b3210105eda987da785b4a1291646a4f/screenshot HTTP/1.1
User-Agent: selenium/4.1.2 (java windows)
Cache-Control: no-cache
Content-Type: application/json; charset=utf-8
host: localhost:60393
accept: */*

Response DefaultHttpResponse(decodeResult: success, version: HTTP/1.1)
HTTP/1.1 200 OK
Content-Type: application/json; charset=utf-8
cache-control: no-cache
content-length: 30480

16:05:23.639 [AsyncHttpClient-1-5] DEBUG org.asynchttpclient.netty.channel.ChannelManager - Adding key: http://localhost:60393 for channel [id: 0xbe5b9105, L:/127.0.0.1:60024 - R:localhost/127.0.0.1:60393]
16:05:23.648 [main] DEBUG net.serenitybdd.core.photography.Darkroom - Send negative for processing for target\site\serenity\c8f59af57475f9135f999eb1dd20949382e2ecaf7384d0f50db291726512da21.png
16:05:23.648 [main] DEBUG net.thucydides.core.steps.StepInterceptor - STEP DONE: inputEmail
  &amp#27;[32mWhen &amp#27;[0m&amp#27;[32mI input &amp#27;[0m&amp#27;[32m&amp#27;[1m"rosieposieee@wpdork.com"&amp#27;[0m      &amp#27;[90m# starter.stepdefinitions.LoginSteps.inputEmail(java.lang.String)&amp#27;[0m
16:05:23.649 [Darkroom Processing Line] DEBUG net.serenitybdd.core.photography.DarkroomProcessingLine - Processing screenshot image in /var/screenshots/screenshot-6278703778479225062
16:05:23.649 [Darkroom Processing Line] DEBUG net.serenitybdd.core.photography.DarkroomProcessingLine - Saving screenshot to target\site\serenity\c8f59af57475f9135f999eb1dd20949382e2ecaf7384d0f50db291726512da21.png
16:05:23.697 [main] DEBUG net.thucydides.core.steps.StepInterceptor - STARTING STEP: LoginSteps.input - inputPassword
16:05:23.708 [Forwarding findElement on session b3210105eda987da785b4a1291646a4f to remote] DEBUG org.asynchttpclient.netty.request.NettyRequestSender - Using pooled Channel '[id: 0xbe5b9105, L:/127.0.0.1:60024 - R:localhost/127.0.0.1:60393]' for 'POST' to 'http://localhost:60393/session/b3210105eda987da785b4a1291646a4f/element'
16:05:23.708 [Forwarding findElement on session b3210105eda987da785b4a1291646a4f to remote] DEBUG org.asynchttpclient.netty.request.NettyRequestSender - Using open Channel [id: 0xbe5b9105, L:/127.0.0.1:60024 - R:localhost/127.0.0.1:60393] for POST '/session/b3210105eda987da785b4a1291646a4f/element'
16:05:23.737 [AsyncHttpClient-1-5] DEBUG org.asynchttpclient.netty.handler.HttpHandler - 

Request DefaultHttpRequest(decodeResult: success, version: HTTP/1.1)
POST /session/b3210105eda987da785b4a1291646a4f/element HTTP/1.1
User-Agent: selenium/4.1.2 (java windows)
Content-Length: 89
Content-Type: application/json; charset=utf-8
host: localhost:60393
accept: */*

Response DefaultHttpResponse(decodeResult: success, version: HTTP/1.1)
HTTP/1.1 200 OK
Content-Type: application/json; charset=utf-8
cache-control: no-cache
content-length: 88

16:05:23.738 [AsyncHttpClient-1-5] DEBUG org.asynchttpclient.netty.channel.ChannelManager - Adding key: http://localhost:60393 for channel [id: 0xbe5b9105, L:/127.0.0.1:60024 - R:localhost/127.0.0.1:60393]
16:05:23.747 [Forwarding clearElement on session b3210105eda987da785b4a1291646a4f to remote] DEBUG org.asynchttpclient.netty.request.NettyRequestSender - Using pooled Channel '[id: 0xbe5b9105, L:/127.0.0.1:60024 - R:localhost/127.0.0.1:60393]' for 'POST' to 'http://localhost:60393/session/b3210105eda987da785b4a1291646a4f/element/b12d5cac-6582-463e-b0e3-df6199b03dad/clear'
16:05:23.747 [Forwarding clearElement on session b3210105eda987da785b4a1291646a4f to remote] DEBUG org.asynchttpclient.netty.request.NettyRequestSender - Using open Channel [id: 0xbe5b9105, L:/127.0.0.1:60024 - R:localhost/127.0.0.1:60393] for POST '/session/b3210105eda987da785b4a1291646a4f/element/b12d5cac-6582-463e-b0e3-df6199b03dad/clear'
16:05:23.832 [AsyncHttpClient-1-5] DEBUG org.asynchttpclient.netty.handler.HttpHandler - 

Request DefaultHttpRequest(decodeResult: success, version: HTTP/1.1)
POST /session/b3210105eda987da785b4a1291646a4f/element/b12d5cac-6582-463e-b0e3-df6199b03dad/clear HTTP/1.1
User-Agent: selenium/4.1.2 (java windows)
Content-Length: 50
Content-Type: application/json; charset=utf-8
host: localhost:60393
accept: */*

Response DefaultHttpResponse(decodeResult: success, version: HTTP/1.1)
HTTP/1.1 200 OK
Content-Type: application/json; charset=utf-8
cache-control: no-cache
content-length: 14

16:05:23.833 [AsyncHttpClient-1-5] DEBUG org.asynchttpclient.netty.channel.ChannelManager - Adding key: http://localhost:60393 for channel [id: 0xbe5b9105, L:/127.0.0.1:60024 - R:localhost/127.0.0.1:60393]
16:05:23.842 [Forwarding sendKeysToElement on session b3210105eda987da785b4a1291646a4f to remote] DEBUG org.asynchttpclient.netty.request.NettyRequestSender - Using pooled Channel '[id: 0xbe5b9105, L:/127.0.0.1:60024 - R:localhost/127.0.0.1:60393]' for 'POST' to 'http://localhost:60393/session/b3210105eda987da785b4a1291646a4f/element/b12d5cac-6582-463e-b0e3-df6199b03dad/value'
16:05:23.842 [Forwarding sendKeysToElement on session b3210105eda987da785b4a1291646a4f to remote] DEBUG org.asynchttpclient.netty.request.NettyRequestSender - Using open Channel [id: 0xbe5b9105, L:/127.0.0.1:60024 - R:localhost/127.0.0.1:60393] for POST '/session/b3210105eda987da785b4a1291646a4f/element/b12d5cac-6582-463e-b0e3-df6199b03dad/value'
16:05:24.567 [AsyncHttpClient-1-5] DEBUG org.asynchttpclient.netty.handler.HttpHandler - 

Request DefaultHttpRequest(decodeResult: success, version: HTTP/1.1)
POST /session/b3210105eda987da785b4a1291646a4f/element/b12d5cac-6582-463e-b0e3-df6199b03dad/value HTTP/1.1
User-Agent: selenium/4.1.2 (java windows)
Content-Length: 191
Content-Type: application/json; charset=utf-8
host: localhost:60393
accept: */*

Response DefaultHttpResponse(decodeResult: success, version: HTTP/1.1)
HTTP/1.1 200 OK
Content-Type: application/json; charset=utf-8
cache-control: no-cache
content-length: 14

16:05:24.569 [AsyncHttpClient-1-5] DEBUG org.asynchttpclient.netty.channel.ChannelManager - Adding key: http://localhost:60393 for channel [id: 0xbe5b9105, L:/127.0.0.1:60024 - R:localhost/127.0.0.1:60393]
16:05:24.601 [Forwarding screenshot on session b3210105eda987da785b4a1291646a4f to remote] DEBUG org.asynchttpclient.netty.request.NettyRequestSender - Using pooled Channel '[id: 0xbe5b9105, L:/127.0.0.1:60024 - R:localhost/127.0.0.1:60393]' for 'GET' to 'http://localhost:60393/session/b3210105eda987da785b4a1291646a4f/screenshot'
16:05:24.601 [Forwarding screenshot on session b3210105eda987da785b4a1291646a4f to remote] DEBUG org.asynchttpclient.netty.request.NettyRequestSender - Using open Channel [id: 0xbe5b9105, L:/127.0.0.1:60024 - R:localhost/127.0.0.1:60393] for GET '/session/b3210105eda987da785b4a1291646a4f/screenshot'
16:05:24.801 [AsyncHttpClient-1-1] DEBUG org.asynchttpclient.netty.channel.DefaultChannelPool - Entry count for : http://localhost:60025 : 1
16:05:24.844 [AsyncHttpClient-1-5] DEBUG org.asynchttpclient.netty.handler.HttpHandler - 

Request DefaultFullHttpRequest(decodeResult: success, version: HTTP/1.1, content: EmptyByteBufBE)
GET /session/b3210105eda987da785b4a1291646a4f/screenshot HTTP/1.1
User-Agent: selenium/4.1.2 (java windows)
Cache-Control: no-cache
Content-Type: application/json; charset=utf-8
host: localhost:60393
accept: */*

Response DefaultHttpResponse(decodeResult: success, version: HTTP/1.1)
HTTP/1.1 200 OK
Content-Type: application/json; charset=utf-8
cache-control: no-cache
content-length: 33060

16:05:24.846 [AsyncHttpClient-1-5] DEBUG org.asynchttpclient.netty.channel.ChannelManager - Adding key: http://localhost:60393 for channel [id: 0xbe5b9105, L:/127.0.0.1:60024 - R:localhost/127.0.0.1:60393]
16:05:24.851 [main] DEBUG net.serenitybdd.core.photography.Darkroom - Send negative for processing for target\site\serenity\a8cb2ad1d31594b827f15be817e93854b1c4796ba971fa5730373aabb3cad41b.png
16:05:24.852 [main] DEBUG net.thucydides.core.steps.StepInterceptor - STEP DONE: inputPassword
  &amp#27;[32mAnd &amp#27;[0m&amp#27;[32mInput &amp#27;[0m&amp#27;[32m&amp#27;[1m"Password123"&amp#27;[0m                     &amp#27;[90m# starter.stepdefinitions.LoginSteps.input(java.lang.String)&amp#27;[0m
16:05:25.168 [Darkroom Processing Line] DEBUG net.serenitybdd.core.photography.DarkroomProcessingLine - Processing screenshot image in /var/screenshots/screenshot-3563008597473385347
16:05:25.168 [Darkroom Processing Line] DEBUG net.serenitybdd.core.photography.DarkroomProcessingLine - Saving screenshot to target\site\serenity\a8cb2ad1d31594b827f15be817e93854b1c4796ba971fa5730373aabb3cad41b.png
16:05:25.209 [Forwarding screenshot on session b3210105eda987da785b4a1291646a4f to remote] DEBUG org.asynchttpclient.netty.request.NettyRequestSender - Using pooled Channel '[id: 0xbe5b9105, L:/127.0.0.1:60024 - R:localhost/127.0.0.1:60393]' for 'GET' to 'http://localhost:60393/session/b3210105eda987da785b4a1291646a4f/screenshot'
16:05:25.210 [Forwarding screenshot on session b3210105eda987da785b4a1291646a4f to remote] DEBUG org.asynchttpclient.netty.request.NettyRequestSender - Using open Channel [id: 0xbe5b9105, L:/127.0.0.1:60024 - R:localhost/127.0.0.1:60393] for GET '/session/b3210105eda987da785b4a1291646a4f/screenshot'
16:05:25.454 [AsyncHttpClient-1-5] DEBUG org.asynchttpclient.netty.handler.HttpHandler - 

Request DefaultFullHttpRequest(decodeResult: success, version: HTTP/1.1, content: EmptyByteBufBE)
GET /session/b3210105eda987da785b4a1291646a4f/screenshot HTTP/1.1
User-Agent: selenium/4.1.2 (java windows)
Cache-Control: no-cache
Content-Type: application/json; charset=utf-8
host: localhost:60393
accept: */*

Response DefaultHttpResponse(decodeResult: success, version: HTTP/1.1)
HTTP/1.1 200 OK
Content-Type: application/json; charset=utf-8
cache-control: no-cache
content-length: 33028

16:05:25.459 [AsyncHttpClient-1-5] DEBUG org.asynchttpclient.netty.channel.ChannelManager - Adding key: http://localhost:60393 for channel [id: 0xbe5b9105, L:/127.0.0.1:60024 - R:localhost/127.0.0.1:60393]
16:05:25.474 [main] DEBUG net.serenitybdd.core.photography.Darkroom - Send negative for processing for target\site\serenity\740951115cdcb33e51705c9c04978b9177c969b275052601beecbf93e0a81a43.png
16:05:25.476 [main] DEBUG net.thucydides.core.steps.StepInterceptor - STARTING STEP: LoginSteps.clickLoginButton - clickLoginButton
16:05:25.510 [Forwarding findElement on session b3210105eda987da785b4a1291646a4f to remote] DEBUG org.asynchttpclient.netty.request.NettyRequestSender - Using pooled Channel '[id: 0xbe5b9105, L:/127.0.0.1:60024 - R:localhost/127.0.0.1:60393]' for 'POST' to 'http://localhost:60393/session/b3210105eda987da785b4a1291646a4f/element'
16:05:25.511 [Forwarding findElement on session b3210105eda987da785b4a1291646a4f to remote] DEBUG org.asynchttpclient.netty.request.NettyRequestSender - Using open Channel [id: 0xbe5b9105, L:/127.0.0.1:60024 - R:localhost/127.0.0.1:60393] for POST '/session/b3210105eda987da785b4a1291646a4f/element'
16:05:25.516 [Darkroom Processing Line] DEBUG net.serenitybdd.core.photography.DarkroomProcessingLine - Processing screenshot image in /var/screenshots/screenshot-7352744703424044475
16:05:25.516 [Darkroom Processing Line] DEBUG net.serenitybdd.core.photography.DarkroomProcessingLine - Saving screenshot to target\site\serenity\740951115cdcb33e51705c9c04978b9177c969b275052601beecbf93e0a81a43.png
16:05:25.545 [AsyncHttpClient-1-5] DEBUG org.asynchttpclient.netty.handler.HttpHandler - 

Request DefaultHttpRequest(decodeResult: success, version: HTTP/1.1)
POST /session/b3210105eda987da785b4a1291646a4f/element HTTP/1.1
User-Agent: selenium/4.1.2 (java windows)
Content-Length: 136
Content-Type: application/json; charset=utf-8
host: localhost:60393
accept: */*

Response DefaultHttpResponse(decodeResult: success, version: HTTP/1.1)
HTTP/1.1 200 OK
Content-Type: application/json; charset=utf-8
cache-control: no-cache
content-length: 88

16:05:25.546 [AsyncHttpClient-1-5] DEBUG org.asynchttpclient.netty.channel.ChannelManager - Adding key: http://localhost:60393 for channel [id: 0xbe5b9105, L:/127.0.0.1:60024 - R:localhost/127.0.0.1:60393]
16:05:25.551 [Forwarding getElementTagName on session b3210105eda987da785b4a1291646a4f to remote] DEBUG org.asynchttpclient.netty.request.NettyRequestSender - Using pooled Channel '[id: 0xbe5b9105, L:/127.0.0.1:60024 - R:localhost/127.0.0.1:60393]' for 'GET' to 'http://localhost:60393/session/b3210105eda987da785b4a1291646a4f/element/0afc773a-ff0a-4f1d-b43c-afdd279829cc/name'
16:05:25.551 [Forwarding getElementTagName on session b3210105eda987da785b4a1291646a4f to remote] DEBUG org.asynchttpclient.netty.request.NettyRequestSender - Using open Channel [id: 0xbe5b9105, L:/127.0.0.1:60024 - R:localhost/127.0.0.1:60393] for GET '/session/b3210105eda987da785b4a1291646a4f/element/0afc773a-ff0a-4f1d-b43c-afdd279829cc/name'
16:05:25.571 [AsyncHttpClient-1-5] DEBUG org.asynchttpclient.netty.handler.HttpHandler - 

Request DefaultFullHttpRequest(decodeResult: success, version: HTTP/1.1, content: EmptyByteBufBE)
GET /session/b3210105eda987da785b4a1291646a4f/element/0afc773a-ff0a-4f1d-b43c-afdd279829cc/name HTTP/1.1
User-Agent: selenium/4.1.2 (java windows)
Cache-Control: no-cache
Content-Type: application/json; charset=utf-8
host: localhost:60393
accept: */*

Response DefaultHttpResponse(decodeResult: success, version: HTTP/1.1)
HTTP/1.1 200 OK
Content-Type: application/json; charset=utf-8
cache-control: no-cache
content-length: 18

16:05:25.572 [AsyncHttpClient-1-5] DEBUG org.asynchttpclient.netty.channel.ChannelManager - Adding key: http://localhost:60393 for channel [id: 0xbe5b9105, L:/127.0.0.1:60024 - R:localhost/127.0.0.1:60393]
16:05:25.603 [Forwarding getElementTagName on session b3210105eda987da785b4a1291646a4f to remote] DEBUG org.asynchttpclient.netty.request.NettyRequestSender - Using pooled Channel '[id: 0xbe5b9105, L:/127.0.0.1:60024 - R:localhost/127.0.0.1:60393]' for 'GET' to 'http://localhost:60393/session/b3210105eda987da785b4a1291646a4f/element/0afc773a-ff0a-4f1d-b43c-afdd279829cc/name'
16:05:25.603 [Forwarding getElementTagName on session b3210105eda987da785b4a1291646a4f to remote] DEBUG org.asynchttpclient.netty.request.NettyRequestSender - Using open Channel [id: 0xbe5b9105, L:/127.0.0.1:60024 - R:localhost/127.0.0.1:60393] for GET '/session/b3210105eda987da785b4a1291646a4f/element/0afc773a-ff0a-4f1d-b43c-afdd279829cc/name'
16:05:25.625 [AsyncHttpClient-1-5] DEBUG org.asynchttpclient.netty.handler.HttpHandler - 

Request DefaultFullHttpRequest(decodeResult: success, version: HTTP/1.1, content: EmptyByteBufBE)
GET /session/b3210105eda987da785b4a1291646a4f/element/0afc773a-ff0a-4f1d-b43c-afdd279829cc/name HTTP/1.1
User-Agent: selenium/4.1.2 (java windows)
Cache-Control: no-cache
Content-Type: application/json; charset=utf-8
host: localhost:60393
accept: */*

Response DefaultHttpResponse(decodeResult: success, version: HTTP/1.1)
HTTP/1.1 200 OK
Content-Type: application/json; charset=utf-8
cache-control: no-cache
content-length: 18

16:05:25.625 [AsyncHttpClient-1-5] DEBUG org.asynchttpclient.netty.channel.ChannelManager - Adding key: http://localhost:60393 for channel [id: 0xbe5b9105, L:/127.0.0.1:60024 - R:localhost/127.0.0.1:60393]
16:05:25.635 [Forwarding isElementEnabled on session b3210105eda987da785b4a1291646a4f to remote] DEBUG org.asynchttpclient.netty.request.NettyRequestSender - Using pooled Channel '[id: 0xbe5b9105, L:/127.0.0.1:60024 - R:localhost/127.0.0.1:60393]' for 'GET' to 'http://localhost:60393/session/b3210105eda987da785b4a1291646a4f/element/0afc773a-ff0a-4f1d-b43c-afdd279829cc/enabled'
16:05:25.635 [Forwarding isElementEnabled on session b3210105eda987da785b4a1291646a4f to remote] DEBUG org.asynchttpclient.netty.request.NettyRequestSender - Using open Channel [id: 0xbe5b9105, L:/127.0.0.1:60024 - R:localhost/127.0.0.1:60393] for GET '/session/b3210105eda987da785b4a1291646a4f/element/0afc773a-ff0a-4f1d-b43c-afdd279829cc/enabled'
16:05:25.660 [AsyncHttpClient-1-5] DEBUG org.asynchttpclient.netty.handler.HttpHandler - 

Request DefaultFullHttpRequest(decodeResult: success, version: HTTP/1.1, content: EmptyByteBufBE)
GET /session/b3210105eda987da785b4a1291646a4f/element/0afc773a-ff0a-4f1d-b43c-afdd279829cc/enabled HTTP/1.1
User-Agent: selenium/4.1.2 (java windows)
Cache-Control: no-cache
Content-Type: application/json; charset=utf-8
host: localhost:60393
accept: */*

Response DefaultHttpResponse(decodeResult: success, version: HTTP/1.1)
HTTP/1.1 200 OK
Content-Type: application/json; charset=utf-8
cache-control: no-cache
content-length: 14

16:05:25.660 [AsyncHttpClient-1-5] DEBUG org.asynchttpclient.netty.channel.ChannelManager - Adding key: http://localhost:60393 for channel [id: 0xbe5b9105, L:/127.0.0.1:60024 - R:localhost/127.0.0.1:60393]
16:05:25.666 [Forwarding isElementEnabled on session b3210105eda987da785b4a1291646a4f to remote] DEBUG org.asynchttpclient.netty.request.NettyRequestSender - Using pooled Channel '[id: 0xbe5b9105, L:/127.0.0.1:60024 - R:localhost/127.0.0.1:60393]' for 'GET' to 'http://localhost:60393/session/b3210105eda987da785b4a1291646a4f/element/0afc773a-ff0a-4f1d-b43c-afdd279829cc/enabled'
16:05:25.666 [Forwarding isElementEnabled on session b3210105eda987da785b4a1291646a4f to remote] DEBUG org.asynchttpclient.netty.request.NettyRequestSender - Using open Channel [id: 0xbe5b9105, L:/127.0.0.1:60024 - R:localhost/127.0.0.1:60393] for GET '/session/b3210105eda987da785b4a1291646a4f/element/0afc773a-ff0a-4f1d-b43c-afdd279829cc/enabled'
16:05:25.684 [AsyncHttpClient-1-5] DEBUG org.asynchttpclient.netty.handler.HttpHandler - 

Request DefaultFullHttpRequest(decodeResult: success, version: HTTP/1.1, content: EmptyByteBufBE)
GET /session/b3210105eda987da785b4a1291646a4f/element/0afc773a-ff0a-4f1d-b43c-afdd279829cc/enabled HTTP/1.1
User-Agent: selenium/4.1.2 (java windows)
Cache-Control: no-cache
Content-Type: application/json; charset=utf-8
host: localhost:60393
accept: */*

Response DefaultHttpResponse(decodeResult: success, version: HTTP/1.1)
HTTP/1.1 200 OK
Content-Type: application/json; charset=utf-8
cache-control: no-cache
content-length: 14

16:05:25.684 [AsyncHttpClient-1-5] DEBUG org.asynchttpclient.netty.channel.ChannelManager - Adding key: http://localhost:60393 for channel [id: 0xbe5b9105, L:/127.0.0.1:60024 - R:localhost/127.0.0.1:60393]
16:05:25.696 [Forwarding findElement on session b3210105eda987da785b4a1291646a4f to remote] DEBUG org.asynchttpclient.netty.request.NettyRequestSender - Using pooled Channel '[id: 0xbe5b9105, L:/127.0.0.1:60024 - R:localhost/127.0.0.1:60393]' for 'POST' to 'http://localhost:60393/session/b3210105eda987da785b4a1291646a4f/element'
16:05:25.696 [Forwarding findElement on session b3210105eda987da785b4a1291646a4f to remote] DEBUG org.asynchttpclient.netty.request.NettyRequestSender - Using open Channel [id: 0xbe5b9105, L:/127.0.0.1:60024 - R:localhost/127.0.0.1:60393] for POST '/session/b3210105eda987da785b4a1291646a4f/element'
16:05:25.717 [AsyncHttpClient-1-5] DEBUG org.asynchttpclient.netty.handler.HttpHandler - 

Request DefaultHttpRequest(decodeResult: success, version: HTTP/1.1)
POST /session/b3210105eda987da785b4a1291646a4f/element HTTP/1.1
User-Agent: selenium/4.1.2 (java windows)
Content-Length: 136
Content-Type: application/json; charset=utf-8
host: localhost:60393
accept: */*

Response DefaultHttpResponse(decodeResult: success, version: HTTP/1.1)
HTTP/1.1 200 OK
Content-Type: application/json; charset=utf-8
cache-control: no-cache
content-length: 88

16:05:25.717 [AsyncHttpClient-1-5] DEBUG org.asynchttpclient.netty.channel.ChannelManager - Adding key: http://localhost:60393 for channel [id: 0xbe5b9105, L:/127.0.0.1:60024 - R:localhost/127.0.0.1:60393]
16:05:25.724 [Forwarding clickElement on session b3210105eda987da785b4a1291646a4f to remote] DEBUG org.asynchttpclient.netty.request.NettyRequestSender - Using pooled Channel '[id: 0xbe5b9105, L:/127.0.0.1:60024 - R:localhost/127.0.0.1:60393]' for 'POST' to 'http://localhost:60393/session/b3210105eda987da785b4a1291646a4f/element/0afc773a-ff0a-4f1d-b43c-afdd279829cc/click'
16:05:25.724 [Forwarding clickElement on session b3210105eda987da785b4a1291646a4f to remote] DEBUG org.asynchttpclient.netty.request.NettyRequestSender - Using open Channel [id: 0xbe5b9105, L:/127.0.0.1:60024 - R:localhost/127.0.0.1:60393] for POST '/session/b3210105eda987da785b4a1291646a4f/element/0afc773a-ff0a-4f1d-b43c-afdd279829cc/click'
16:05:25.917 [AsyncHttpClient-1-1] DEBUG org.asynchttpclient.netty.channel.DefaultChannelPool - Entry count for : http://localhost:60025 : 1
16:05:26.009 [AsyncHttpClient-1-5] DEBUG org.asynchttpclient.netty.handler.HttpHandler - 

Request DefaultHttpRequest(decodeResult: success, version: HTTP/1.1)
POST /session/b3210105eda987da785b4a1291646a4f/element/0afc773a-ff0a-4f1d-b43c-afdd279829cc/click HTTP/1.1
User-Agent: selenium/4.1.2 (java windows)
Content-Length: 50
Content-Type: application/json; charset=utf-8
host: localhost:60393
accept: */*

Response DefaultHttpResponse(decodeResult: success, version: HTTP/1.1)
HTTP/1.1 200 OK
Content-Type: application/json; charset=utf-8
cache-control: no-cache
content-length: 14

16:05:26.013 [AsyncHttpClient-1-5] DEBUG org.asynchttpclient.netty.channel.ChannelManager - Adding key: http://localhost:60393 for channel [id: 0xbe5b9105, L:/127.0.0.1:60024 - R:localhost/127.0.0.1:60393]
16:05:26.043 [Forwarding screenshot on session b3210105eda987da785b4a1291646a4f to remote] DEBUG org.asynchttpclient.netty.request.NettyRequestSender - Using pooled Channel '[id: 0xbe5b9105, L:/127.0.0.1:60024 - R:localhost/127.0.0.1:60393]' for 'GET' to 'http://localhost:60393/session/b3210105eda987da785b4a1291646a4f/screenshot'
16:05:26.043 [Forwarding screenshot on session b3210105eda987da785b4a1291646a4f to remote] DEBUG org.asynchttpclient.netty.request.NettyRequestSender - Using open Channel [id: 0xbe5b9105, L:/127.0.0.1:60024 - R:localhost/127.0.0.1:60393] for GET '/session/b3210105eda987da785b4a1291646a4f/screenshot'
16:05:26.935 [AsyncHttpClient-1-5] DEBUG org.asynchttpclient.netty.handler.HttpHandler - 

Request DefaultFullHttpRequest(decodeResult: success, version: HTTP/1.1, content: EmptyByteBufBE)
GET /session/b3210105eda987da785b4a1291646a4f/screenshot HTTP/1.1
User-Agent: selenium/4.1.2 (java windows)
Cache-Control: no-cache
Content-Type: application/json; charset=utf-8
host: localhost:60393
accept: */*

Response DefaultHttpResponse(decodeResult: success, version: HTTP/1.1)
HTTP/1.1 200 OK
Content-Type: application/json; charset=utf-8
cache-control: no-cache
content-length: 37592

16:05:26.937 [AsyncHttpClient-1-5] DEBUG org.asynchttpclient.netty.channel.ChannelManager - Adding key: http://localhost:60393 for channel [id: 0xbe5b9105, L:/127.0.0.1:60024 - R:localhost/127.0.0.1:60393]
16:05:27.010 [main] DEBUG net.serenitybdd.core.photography.Darkroom - Send negative for processing for target\site\serenity\8033d067d985f387f39dd4c2e14adb451d8ed96b7ce454eaf3434aeb211d1fae.png
16:05:27.013 [main] DEBUG net.thucydides.core.steps.StepInterceptor - STEP DONE: clickLoginButton
  &amp#27;[32mAnd &amp#27;[0m&amp#27;[32mClick login button&amp#27;[0m                      &amp#27;[90m# starter.stepdefinitions.LoginSteps.clickLoginButton()&amp#27;[0m
16:05:27.057 [Darkroom Processing Line] DEBUG net.serenitybdd.core.photography.DarkroomProcessingLine - Processing screenshot image in /var/screenshots/screenshot-9083383810771505283
16:05:27.058 [Darkroom Processing Line] DEBUG net.serenitybdd.core.photography.DarkroomProcessingLine - Saving screenshot to target\site\serenity\8033d067d985f387f39dd4c2e14adb451d8ed96b7ce454eaf3434aeb211d1fae.png
16:05:27.082 [AsyncHttpClient-1-1] DEBUG org.asynchttpclient.netty.channel.DefaultChannelPool - Entry count for : http://localhost:60393 : 1
16:05:27.082 [AsyncHttpClient-1-1] DEBUG org.asynchttpclient.netty.channel.DefaultChannelPool - Entry count for : http://localhost:60025 : 1
16:05:27.137 [Forwarding screenshot on session b3210105eda987da785b4a1291646a4f to remote] DEBUG org.asynchttpclient.netty.request.NettyRequestSender - Using pooled Channel '[id: 0xbe5b9105, L:/127.0.0.1:60024 - R:localhost/127.0.0.1:60393]' for 'GET' to 'http://localhost:60393/session/b3210105eda987da785b4a1291646a4f/screenshot'
16:05:27.137 [Forwarding screenshot on session b3210105eda987da785b4a1291646a4f to remote] DEBUG org.asynchttpclient.netty.request.NettyRequestSender - Using open Channel [id: 0xbe5b9105, L:/127.0.0.1:60024 - R:localhost/127.0.0.1:60393] for GET '/session/b3210105eda987da785b4a1291646a4f/screenshot'
16:05:27.371 [AsyncHttpClient-1-5] DEBUG org.asynchttpclient.netty.handler.HttpHandler - 

Request DefaultFullHttpRequest(decodeResult: success, version: HTTP/1.1, content: EmptyByteBufBE)
GET /session/b3210105eda987da785b4a1291646a4f/screenshot HTTP/1.1
User-Agent: selenium/4.1.2 (java windows)
Cache-Control: no-cache
Content-Type: application/json; charset=utf-8
host: localhost:60393
accept: */*

Response DefaultHttpResponse(decodeResult: success, version: HTTP/1.1)
HTTP/1.1 200 OK
Content-Type: application/json; charset=utf-8
cache-control: no-cache
content-length: 37592

16:05:27.372 [AsyncHttpClient-1-5] DEBUG org.asynchttpclient.netty.channel.ChannelManager - Adding key: http://localhost:60393 for channel [id: 0xbe5b9105, L:/127.0.0.1:60024 - R:localhost/127.0.0.1:60393]
16:05:27.378 [main] DEBUG net.serenitybdd.core.photography.Darkroom - Send negative for processing for target\site\serenity\8033d067d985f387f39dd4c2e14adb451d8ed96b7ce454eaf3434aeb211d1fae.png
16:05:27.379 [main] DEBUG net.thucydides.core.steps.StepInterceptor - STARTING STEP: LoginSteps.iGet - errorMessageAppears
16:05:27.386 [Forwarding findElement on session b3210105eda987da785b4a1291646a4f to remote] DEBUG org.asynchttpclient.netty.request.NettyRequestSender - Using pooled Channel '[id: 0xbe5b9105, L:/127.0.0.1:60024 - R:localhost/127.0.0.1:60393]' for 'POST' to 'http://localhost:60393/session/b3210105eda987da785b4a1291646a4f/element'
16:05:27.386 [Forwarding findElement on session b3210105eda987da785b4a1291646a4f to remote] DEBUG org.asynchttpclient.netty.request.NettyRequestSender - Using open Channel [id: 0xbe5b9105, L:/127.0.0.1:60024 - R:localhost/127.0.0.1:60393] for POST '/session/b3210105eda987da785b4a1291646a4f/element'
16:05:27.399 [AsyncHttpClient-1-5] DEBUG org.asynchttpclient.netty.handler.HttpHandler - 

Request DefaultHttpRequest(decodeResult: success, version: HTTP/1.1)
POST /session/b3210105eda987da785b4a1291646a4f/element HTTP/1.1
User-Agent: selenium/4.1.2 (java windows)
Content-Length: 53
Content-Type: application/json; charset=utf-8
host: localhost:60393
accept: */*

Response DefaultHttpResponse(decodeResult: success, version: HTTP/1.1)
HTTP/1.1 400 Bad Request
Content-Type: application/json; charset=utf-8
cache-control: no-cache
content-length: 957

16:05:27.399 [AsyncHttpClient-1-5] DEBUG org.asynchttpclient.netty.channel.ChannelManager - Adding key: http://localhost:60393 for channel [id: 0xbe5b9105, L:/127.0.0.1:60024 - R:localhost/127.0.0.1:60393]
16:05:27.412 [Forwarding findElement on session b3210105eda987da785b4a1291646a4f to remote] DEBUG org.asynchttpclient.netty.request.NettyRequestSender - Using pooled Channel '[id: 0xbe5b9105, L:/127.0.0.1:60024 - R:localhost/127.0.0.1:60393]' for 'POST' to 'http://localhost:60393/session/b3210105eda987da785b4a1291646a4f/element'
16:05:27.412 [Forwarding findElement on session b3210105eda987da785b4a1291646a4f to remote] DEBUG org.asynchttpclient.netty.request.NettyRequestSender - Using open Channel [id: 0xbe5b9105, L:/127.0.0.1:60024 - R:localhost/127.0.0.1:60393] for POST '/session/b3210105eda987da785b4a1291646a4f/element'
16:05:27.449 [AsyncHttpClient-1-5] DEBUG org.asynchttpclient.netty.handler.HttpHandler - 

Request DefaultHttpRequest(decodeResult: success, version: HTTP/1.1)
POST /session/b3210105eda987da785b4a1291646a4f/element HTTP/1.1
User-Agent: selenium/4.1.2 (java windows)
Content-Length: 63
Content-Type: application/json; charset=utf-8
host: localhost:60393
accept: */*

Response DefaultHttpResponse(decodeResult: success, version: HTTP/1.1)
HTTP/1.1 200 OK
Content-Type: application/json; charset=utf-8
cache-control: no-cache
content-length: 88

16:05:27.450 [AsyncHttpClient-1-5] DEBUG org.asynchttpclient.netty.channel.ChannelManager - Adding key: http://localhost:60393 for channel [id: 0xbe5b9105, L:/127.0.0.1:60024 - R:localhost/127.0.0.1:60393]
16:05:27.474 [Forwarding isElementDisplayed on session b3210105eda987da785b4a1291646a4f to remote] DEBUG org.asynchttpclient.netty.request.NettyRequestSender - Using pooled Channel '[id: 0xbe5b9105, L:/127.0.0.1:60024 - R:localhost/127.0.0.1:60393]' for 'POST' to 'http://localhost:60393/session/b3210105eda987da785b4a1291646a4f/execute/sync'
16:05:27.474 [Forwarding isElementDisplayed on session b3210105eda987da785b4a1291646a4f to remote] DEBUG org.asynchttpclient.netty.request.NettyRequestSender - Using open Channel [id: 0xbe5b9105, L:/127.0.0.1:60024 - R:localhost/127.0.0.1:60393] for POST '/session/b3210105eda987da785b4a1291646a4f/execute/sync'
16:05:27.507 [AsyncHttpClient-1-5] DEBUG org.asynchttpclient.netty.handler.HttpHandler - 

Request DefaultHttpRequest(decodeResult: success, version: HTTP/1.1)
POST /session/b3210105eda987da785b4a1291646a4f/execute/sync HTTP/1.1
User-Agent: selenium/4.1.2 (java windows)
Content-Length: 48780
Content-Type: application/json; charset=utf-8
host: localhost:60393
accept: */*

Response DefaultHttpResponse(decodeResult: success, version: HTTP/1.1)
HTTP/1.1 200 OK
Content-Type: application/json; charset=utf-8
cache-control: no-cache
content-length: 14

16:05:27.508 [AsyncHttpClient-1-5] DEBUG org.asynchttpclient.netty.channel.ChannelManager - Adding key: http://localhost:60393 for channel [id: 0xbe5b9105, L:/127.0.0.1:60024 - R:localhost/127.0.0.1:60393]
16:05:27.520 [Forwarding screenshot on session b3210105eda987da785b4a1291646a4f to remote] DEBUG org.asynchttpclient.netty.request.NettyRequestSender - Using pooled Channel '[id: 0xbe5b9105, L:/127.0.0.1:60024 - R:localhost/127.0.0.1:60393]' for 'GET' to 'http://localhost:60393/session/b3210105eda987da785b4a1291646a4f/screenshot'
16:05:27.520 [Forwarding screenshot on session b3210105eda987da785b4a1291646a4f to remote] DEBUG org.asynchttpclient.netty.request.NettyRequestSender - Using open Channel [id: 0xbe5b9105, L:/127.0.0.1:60024 - R:localhost/127.0.0.1:60393] for GET '/session/b3210105eda987da785b4a1291646a4f/screenshot'
16:05:27.706 [AsyncHttpClient-1-5] DEBUG org.asynchttpclient.netty.handler.HttpHandler - 

Request DefaultFullHttpRequest(decodeResult: success, version: HTTP/1.1, content: EmptyByteBufBE)
GET /session/b3210105eda987da785b4a1291646a4f/screenshot HTTP/1.1
User-Agent: selenium/4.1.2 (java windows)
Cache-Control: no-cache
Content-Type: application/json; charset=utf-8
host: localhost:60393
accept: */*

Response DefaultHttpResponse(decodeResult: success, version: HTTP/1.1)
HTTP/1.1 200 OK
Content-Type: application/json; charset=utf-8
cache-control: no-cache
content-length: 37592

16:05:27.707 [AsyncHttpClient-1-5] DEBUG org.asynchttpclient.netty.channel.ChannelManager - Adding key: http://localhost:60393 for channel [id: 0xbe5b9105, L:/127.0.0.1:60024 - R:localhost/127.0.0.1:60393]
16:05:27.713 [main] DEBUG net.serenitybdd.core.photography.Darkroom - Send negative for processing for target\site\serenity\8033d067d985f387f39dd4c2e14adb451d8ed96b7ce454eaf3434aeb211d1fae.png
16:05:27.715 [main] DEBUG net.thucydides.core.steps.StepInterceptor - STEP DONE: errorMessageAppears
16:05:27.728 [main] DEBUG net.thucydides.core.steps.StepInterceptor - STARTING STEP: LoginSteps.iGet - errorMessageEquals
16:05:27.738 [Forwarding findElement on session b3210105eda987da785b4a1291646a4f to remote] DEBUG org.asynchttpclient.netty.request.NettyRequestSender - Using pooled Channel '[id: 0xbe5b9105, L:/127.0.0.1:60024 - R:localhost/127.0.0.1:60393]' for 'POST' to 'http://localhost:60393/session/b3210105eda987da785b4a1291646a4f/element'
16:05:27.738 [Forwarding findElement on session b3210105eda987da785b4a1291646a4f to remote] DEBUG org.asynchttpclient.netty.request.NettyRequestSender - Using open Channel [id: 0xbe5b9105, L:/127.0.0.1:60024 - R:localhost/127.0.0.1:60393] for POST '/session/b3210105eda987da785b4a1291646a4f/element'
16:05:27.757 [AsyncHttpClient-1-5] DEBUG org.asynchttpclient.netty.handler.HttpHandler - 

Request DefaultHttpRequest(decodeResult: success, version: HTTP/1.1)
POST /session/b3210105eda987da785b4a1291646a4f/element HTTP/1.1
User-Agent: selenium/4.1.2 (java windows)
Content-Length: 63
Content-Type: application/json; charset=utf-8
host: localhost:60393
accept: */*

Response DefaultHttpResponse(decodeResult: success, version: HTTP/1.1)
HTTP/1.1 200 OK
Content-Type: application/json; charset=utf-8
cache-control: no-cache
content-length: 88

16:05:27.758 [AsyncHttpClient-1-5] DEBUG org.asynchttpclient.netty.channel.ChannelManager - Adding key: http://localhost:60393 for channel [id: 0xbe5b9105, L:/127.0.0.1:60024 - R:localhost/127.0.0.1:60393]
16:05:27.767 [Forwarding getElementText on session b3210105eda987da785b4a1291646a4f to remote] DEBUG org.asynchttpclient.netty.request.NettyRequestSender - Using pooled Channel '[id: 0xbe5b9105, L:/127.0.0.1:60024 - R:localhost/127.0.0.1:60393]' for 'GET' to 'http://localhost:60393/session/b3210105eda987da785b4a1291646a4f/element/1a142776-5d82-4d72-a4e8-390cf4cc37e5/text'
16:05:27.767 [Forwarding getElementText on session b3210105eda987da785b4a1291646a4f to remote] DEBUG org.asynchttpclient.netty.request.NettyRequestSender - Using open Channel [id: 0xbe5b9105, L:/127.0.0.1:60024 - R:localhost/127.0.0.1:60393] for GET '/session/b3210105eda987da785b4a1291646a4f/element/1a142776-5d82-4d72-a4e8-390cf4cc37e5/text'
16:05:27.801 [AsyncHttpClient-1-5] DEBUG org.asynchttpclient.netty.handler.HttpHandler - 

Request DefaultFullHttpRequest(decodeResult: success, version: HTTP/1.1, content: EmptyByteBufBE)
GET /session/b3210105eda987da785b4a1291646a4f/element/1a142776-5d82-4d72-a4e8-390cf4cc37e5/text HTTP/1.1
User-Agent: selenium/4.1.2 (java windows)
Cache-Control: no-cache
Content-Type: application/json; charset=utf-8
host: localhost:60393
accept: */*

Response DefaultHttpResponse(decodeResult: success, version: HTTP/1.1)
HTTP/1.1 200 OK
Content-Type: application/json; charset=utf-8
cache-control: no-cache
content-length: 28

16:05:27.802 [AsyncHttpClient-1-5] DEBUG org.asynchttpclient.netty.channel.ChannelManager - Adding key: http://localhost:60393 for channel [id: 0xbe5b9105, L:/127.0.0.1:60024 - R:localhost/127.0.0.1:60393]
16:05:27.815 [Forwarding screenshot on session b3210105eda987da785b4a1291646a4f to remote] DEBUG org.asynchttpclient.netty.request.NettyRequestSender - Using pooled Channel '[id: 0xbe5b9105, L:/127.0.0.1:60024 - R:localhost/127.0.0.1:60393]' for 'GET' to 'http://localhost:60393/session/b3210105eda987da785b4a1291646a4f/screenshot'
16:05:27.815 [Forwarding screenshot on session b3210105eda987da785b4a1291646a4f to remote] DEBUG org.asynchttpclient.netty.request.NettyRequestSender - Using open Channel [id: 0xbe5b9105, L:/127.0.0.1:60024 - R:localhost/127.0.0.1:60393] for GET '/session/b3210105eda987da785b4a1291646a4f/screenshot'
16:05:28.007 [AsyncHttpClient-1-5] DEBUG org.asynchttpclient.netty.handler.HttpHandler - 

Request DefaultFullHttpRequest(decodeResult: success, version: HTTP/1.1, content: EmptyByteBufBE)
GET /session/b3210105eda987da785b4a1291646a4f/screenshot HTTP/1.1
User-Agent: selenium/4.1.2 (java windows)
Cache-Control: no-cache
Content-Type: application/json; charset=utf-8
host: localhost:60393
accept: */*

Response DefaultHttpResponse(decodeResult: success, version: HTTP/1.1)
HTTP/1.1 200 OK
Content-Type: application/json; charset=utf-8
cache-control: no-cache
content-length: 37592

16:05:28.008 [AsyncHttpClient-1-5] DEBUG org.asynchttpclient.netty.channel.ChannelManager - Adding key: http://localhost:60393 for channel [id: 0xbe5b9105, L:/127.0.0.1:60024 - R:localhost/127.0.0.1:60393]
16:05:28.014 [main] DEBUG net.serenitybdd.core.photography.Darkroom - Send negative for processing for target\site\serenity\8033d067d985f387f39dd4c2e14adb451d8ed96b7ce454eaf3434aeb211d1fae.png
16:05:28.014 [main] DEBUG net.thucydides.core.steps.StepInterceptor - STEP DONE: errorMessageEquals
  &amp#27;[32mThen &amp#27;[0m&amp#27;[32mI get &amp#27;[0m&amp#27;[32m&amp#27;[1m"Alert symbol: record not found"&amp#27;[0m &amp#27;[90m# starter.stepdefinitions.LoginSteps.iGet(java.lang.String)&amp#27;[0m
16:05:28.042 [AsyncHttpClient-1-3] DEBUG org.asynchttpclient.netty.handler.WebSocketHandler - Channel Closed: [id: 0x7e6dd9ff, L:/127.0.0.1:60032 ! R:localhost/127.0.0.1:60025] with attribute NettyResponseFuture{currentRetry=5,
	isDone=1,
	isCancelled=0,
	asyncHandler=org.asynchttpclient.ws.WebSocketUpgradeHandler@4f3e568,
	nettyRequest=org.asynchttpclient.netty.request.NettyRequest@396c7e99,
	future=java.util.concurrent.CompletableFuture@45f67824[Completed normally],
	uri=ws://localhost:60025/devtools/browser/75e66979-f951-4a29-be1c-674f92806fa3,
	keepAlive=true,
	redirectCount=0,
	timeoutsHolder=null,
	inAuth=0,
	touch=1652778319392}
16:05:28.042 [AsyncHttpClient-1-3] DEBUG org.asynchttpclient.netty.channel.ChannelManager - Closing Channel [id: 0x7e6dd9ff, L:/127.0.0.1:60032 ! R:localhost/127.0.0.1:60025] 
16:05:28.044 [Driver Command Executor] DEBUG org.asynchttpclient.netty.request.NettyRequestSender - Using pooled Channel '[id: 0xbe5b9105, L:/127.0.0.1:60024 - R:localhost/127.0.0.1:60393]' for 'DELETE' to 'http://localhost:60393/session/b3210105eda987da785b4a1291646a4f'
16:05:28.044 [Driver Command Executor] DEBUG org.asynchttpclient.netty.request.NettyRequestSender - Using open Channel [id: 0xbe5b9105, L:/127.0.0.1:60024 - R:localhost/127.0.0.1:60393] for DELETE '/session/b3210105eda987da785b4a1291646a4f'
16:05:28.147 [AsyncHttpClient-1-1] DEBUG org.asynchttpclient.netty.channel.DefaultChannelPool - Entry count for : http://localhost:60025 : 1
16:05:28.318 [AsyncHttpClient-1-2] DEBUG org.asynchttpclient.netty.handler.HttpHandler - Unexpected I/O exception on channel [id: 0xe974cf91, L:/127.0.0.1:60031 - R:localhost/127.0.0.1:60025]
java.net.SocketException: Connection reset
	at java.base/sun.nio.ch.SocketChannelImpl.throwConnectionReset(SocketChannelImpl.java:367)
	at java.base/sun.nio.ch.SocketChannelImpl.read(SocketChannelImpl.java:398)
	at io.netty.buffer.PooledByteBuf.setBytes(PooledByteBuf.java:258)
	at io.netty.buffer.AbstractByteBuf.writeBytes(AbstractByteBuf.java:1132)
	at io.netty.channel.socket.nio.NioSocketChannel.doReadBytes(NioSocketChannel.java:350)
	at io.netty.channel.nio.AbstractNioByteChannel$NioByteUnsafe.read(AbstractNioByteChannel.java:151)
	at io.netty.channel.nio.NioEventLoop.processSelectedKey(NioEventLoop.java:722)
	at io.netty.channel.nio.NioEventLoop.processSelectedKeysOptimized(NioEventLoop.java:658)
	at io.netty.channel.nio.NioEventLoop.processSelectedKeys(NioEventLoop.java:584)
	at io.netty.channel.nio.NioEventLoop.run(NioEventLoop.java:496)
	at io.netty.util.concurrent.SingleThreadEventExecutor$4.run(SingleThreadEventExecutor.java:986)
	at io.netty.util.internal.ThreadExecutorMap$2.run(ThreadExecutorMap.java:74)
	at io.netty.util.concurrent.FastThreadLocalRunnable.run(FastThreadLocalRunnable.java:30)
	at java.base/java.lang.Thread.run(Thread.java:832)
16:05:28.318 [AsyncHttpClient-1-2] DEBUG org.asynchttpclient.netty.channel.ChannelManager - Closing Channel [id: 0xe974cf91, L:/127.0.0.1:60031 - R:localhost/127.0.0.1:60025] 
16:05:28.319 [AsyncHttpClient-1-2] DEBUG org.asynchttpclient.netty.handler.HttpHandler - Channel Closed: [id: 0xe974cf91, L:/127.0.0.1:60031 ! R:localhost/127.0.0.1:60025] with attribute DISCARD
16:05:28.359 [AsyncHttpClient-1-5] DEBUG org.asynchttpclient.netty.handler.HttpHandler - 

Request DefaultFullHttpRequest(decodeResult: success, version: HTTP/1.1, content: EmptyByteBufBE)
DELETE /session/b3210105eda987da785b4a1291646a4f HTTP/1.1
User-Agent: selenium/4.1.2 (java windows)
Content-Type: application/json; charset=utf-8
host: localhost:60393
accept: */*

Response DefaultHttpResponse(decodeResult: success, version: HTTP/1.1)
HTTP/1.1 200 OK
Content-Type: application/json; charset=utf-8
cache-control: no-cache
content-length: 14

16:05:28.360 [AsyncHttpClient-1-5] DEBUG org.asynchttpclient.netty.channel.ChannelManager - Adding key: http://localhost:60393 for channel [id: 0xbe5b9105, L:/127.0.0.1:60024 - R:localhost/127.0.0.1:60393]
16:05:28.829 [AsyncHttpClient-1-5] DEBUG org.asynchttpclient.netty.handler.HttpHandler - Channel Closed: [id: 0xbe5b9105, L:/127.0.0.1:60024 ! R:localhost/127.0.0.1:60393] with attribute DISCARD
16:05:29.235 [AsyncHttpClient-1-1] DEBUG org.asynchttpclient.netty.channel.DefaultChannelPool - Entry count for : http://localhost:60393 : 1
16:05:29.235 [AsyncHttpClient-1-1] DEBUG org.asynchttpclient.netty.channel.DefaultChannelPool - Entry count for : http://localhost:60025 : 1
16:05:29.235 [AsyncHttpClient-1-1] DEBUG org.asynchttpclient.netty.channel.DefaultChannelPool - Adding Candidate expired Channel [id: 0xbe5b9105, L:/127.0.0.1:60024 ! R:localhost/127.0.0.1:60393] isIdleTimeoutExpired=false isRemotelyClosed=true isTtlExpired=false
16:05:29.235 [AsyncHttpClient-1-1] DEBUG org.asynchttpclient.netty.channel.DefaultChannelPool - Closing Idle Channel [id: 0xbe5b9105, L:/127.0.0.1:60024 ! R:localhost/127.0.0.1:60393]
16:05:29.235 [AsyncHttpClient-1-1] DEBUG org.asynchttpclient.netty.channel.DefaultChannelPool - Adding Candidate expired Channel [id: 0xe974cf91, L:/127.0.0.1:60031 ! R:localhost/127.0.0.1:60025] isIdleTimeoutExpired=false isRemotelyClosed=true isTtlExpired=false
16:05:29.235 [AsyncHttpClient-1-1] DEBUG org.asynchttpclient.netty.channel.DefaultChannelPool - Closing Idle Channel [id: 0xe974cf91, L:/127.0.0.1:60031 ! R:localhost/127.0.0.1:60025]
16:05:29.236 [AsyncHttpClient-1-1] DEBUG org.asynchttpclient.netty.channel.DefaultChannelPool - Closed 2 connections out of 2 in 1 ms
16:05:29.369 [main] INFO  - 
  _____   ___   ___   _____     ___     _     ___   ___   ___   ___  
 |_   _| | __| / __| |_   _|   | _ \   /_\   / __| / __| | __| |   \ 
   | |   | _|  \__ \   | |     |  _/  / _ \  \__ \ \__ \ | _|  | |) |
   |_|   |___| |___/   |_|     |_|   /_/ \_\ |___/ |___/ |___| |___/ 

Login
----------------------------------------------------------------------
]]></system-out>
    <system-err><![CDATA[Starting ChromeDriver 100.0.4896.60 (6a5d10861ce8de5fce22564658033b43cb7de047-refs/branch-heads/4896@{#875}) on port 60393
Only local connections are allowed.
Please see https://chromedriver.chromium.org/security-considerations for suggestions on keeping ChromeDriver safe.
ChromeDriver was started successfully.
[1652778318.180][WARNING]: This version of ChromeDriver has not been tested with Chrome version 101.
May 17, 2022 4:05:19 PM org.openqa.selenium.remote.ProtocolHandshake createSession
INFO: Detected dialect: W3C
May 17, 2022 4:05:19 PM org.openqa.selenium.devtools.CdpVersionFinder findNearestMatch
WARNING: Unable to find an exact match for CDP version 101, so returning the closest version found: 97
May 17, 2022 4:05:19 PM org.openqa.selenium.devtools.CdpVersionFinder findNearestMatch
INFO: Found CDP implementation for version 101 of 97
]]></system-err>
  </testcase>
  <testcase name="Login #3" classname="Login" time="14.856">
    <system-out><![CDATA[
Scenario Outline: Login                            &amp#27;[90m# src/test/resources/features/Login.feature:17&amp#27;[0m
16:05:29.433 [main] INFO io.cucumber.core.plugin.SerenityReporter - Running feature from file:///C:/Users/ponda/Documents/Final_Project/Final_Web/src/test/resources/features/Login.feature
16:05:29.625 [main] DEBUG net.thucydides.core.steps.StepInterceptor - STARTING STEP: LoginSteps.iAmOnQaAltaIdLoginPage - openUrl
16:05:29.630 [main] INFO net.serenitybdd.core.webdriver.driverproviders.ChromeDriverProvider - Using automatically driver download
16:05:30.086 [main] DEBUG io.github.bonigarcia.wdm.cache.ResolutionCache - Resolution chrome=101 in cache (valid until 17:04:06 17/05/2022 WIB)
16:05:30.122 [main] DEBUG io.github.bonigarcia.wdm.cache.ResolutionCache - Resolution chrome101=101.0.4951.41 in cache (valid until 16:04:06 18/05/2022 WIB)
16:05:30.135 [main] INFO io.github.bonigarcia.wdm.WebDriverManager - Using chromedriver 101.0.4951.41 (resolved driver for Chrome 101)
16:05:30.202 [main] DEBUG io.github.bonigarcia.wdm.WebDriverManager - Driver chromedriver 101.0.4951.41 found in cache
16:05:30.205 [main] INFO io.github.bonigarcia.wdm.WebDriverManager - Exporting webdriver.chrome.driver as C:\Users\ponda\.cache\selenium\chromedriver\win32\101.0.4951.41\chromedriver.exe
16:05:30.673 [main] DEBUG net.serenitybdd.core.webdriver.driverproviders.ProvideNewDriver - Instantiating driver
16:05:30.673 [main] DEBUG net.serenitybdd.core.webdriver.driverproviders.ProvideNewDriver - Driver capabilities: Capabilities {acceptInsecureCerts: false, base.url: https://qa.alta.id, browserName: chrome, chrome.driver: src/test/resources/webdrive..., driver: chrome, goog:chromeOptions: {args: [], extensions: []}}
16:05:31.279 [AsyncHttpClient-1-4] DEBUG org.asynchttpclient.netty.channel.NettyConnectListener - Using new Channel '[id: 0xf3b6427b, L:/127.0.0.1:60054 - R:localhost/127.0.0.1:64660]' for 'POST' to '/session'
16:05:34.603 [AsyncHttpClient-1-4] DEBUG org.asynchttpclient.netty.handler.HttpHandler - 

Request DefaultHttpRequest(decodeResult: success, version: HTTP/1.1)
POST /session HTTP/1.1
User-Agent: selenium/4.1.2 (java windows)
Content-Length: 599
Content-Type: application/json; charset=utf-8
host: localhost:64660
accept: */*

Response DefaultHttpResponse(decodeResult: success, version: HTTP/1.1)
HTTP/1.1 200 OK
Content-Type: application/json; charset=utf-8
cache-control: no-cache
content-length: 790

16:05:34.606 [AsyncHttpClient-1-4] DEBUG org.asynchttpclient.netty.channel.ChannelManager - Adding key: http://localhost:64660 for channel [id: 0xf3b6427b, L:/127.0.0.1:60054 - R:localhost/127.0.0.1:64660]
16:05:34.828 [AsyncHttpClient-1-5] DEBUG org.asynchttpclient.netty.channel.NettyConnectListener - Using new Channel '[id: 0x970cce6f, L:/127.0.0.1:60061 - R:localhost/127.0.0.1:60055]' for 'GET' to '/json/version'
16:05:34.832 [AsyncHttpClient-1-5] DEBUG org.asynchttpclient.netty.handler.HttpHandler - 

Request DefaultFullHttpRequest(decodeResult: success, version: HTTP/1.1, content: EmptyByteBufBE)
GET /json/version HTTP/1.1
User-Agent: selenium/4.1.2 (java windows)
host: localhost:60055
accept: */*

Response DefaultHttpResponse(decodeResult: success, version: HTTP/1.1)
HTTP/1.1 200 OK
Content-Type: application/json; charset=UTF-8
content-length: 427

16:05:34.832 [AsyncHttpClient-1-5] DEBUG org.asynchttpclient.netty.channel.ChannelManager - Adding key: http://localhost:60055 for channel [id: 0x970cce6f, L:/127.0.0.1:60061 - R:localhost/127.0.0.1:60055]
16:05:34.841 [AsyncHttpClient-1-2] DEBUG org.asynchttpclient.netty.channel.NettyConnectListener - Using new Channel '[id: 0x5637095b, L:/127.0.0.1:60062 - R:localhost/127.0.0.1:60055]' for 'GET' to '/devtools/browser/55fe4c23-51aa-414b-9148-bcf07f3a5c3d'
16:05:34.851 [AsyncHttpClient-1-2] DEBUG org.asynchttpclient.netty.handler.WebSocketHandler - 

Request DefaultFullHttpRequest(decodeResult: success, version: HTTP/1.1, content: EmptyByteBufBE)
GET /devtools/browser/55fe4c23-51aa-414b-9148-bcf07f3a5c3d HTTP/1.1
upgrade: websocket
connection: upgrade
sec-websocket-key: 6Jrb2Bq6KVHKkl1hkyBMbQ==
sec-websocket-version: 13
origin: http://localhost:60055
host: localhost:60055
accept: */*
user-agent: AHC/2.1

Response DefaultHttpResponse(decodeResult: success, version: HTTP/1.1)
HTTP/1.1 101 WebSocket Protocol Handshake
Upgrade: WebSocket
Connection: Upgrade
Sec-WebSocket-Accept: W52zMEaA1Va4hGpG6fQKVoSkZdE=

16:05:34.891 [Forwarding maximizeCurrentWindow on session fb43a58343726f02ff3e266572b07923 to remote] DEBUG org.asynchttpclient.netty.request.NettyRequestSender - Using pooled Channel '[id: 0xf3b6427b, L:/127.0.0.1:60054 - R:localhost/127.0.0.1:64660]' for 'POST' to 'http://localhost:64660/session/fb43a58343726f02ff3e266572b07923/window/maximize'
16:05:35.122 [Forwarding maximizeCurrentWindow on session fb43a58343726f02ff3e266572b07923 to remote] DEBUG org.asynchttpclient.netty.request.NettyRequestSender - Using open Channel [id: 0xf3b6427b, L:/127.0.0.1:60054 - R:localhost/127.0.0.1:64660] for POST '/session/fb43a58343726f02ff3e266572b07923/window/maximize'
16:05:35.133 [AsyncHttpClient-1-1] DEBUG org.asynchttpclient.netty.channel.DefaultChannelPool - Entry count for : http://localhost:60055 : 1
16:05:35.468 [AsyncHttpClient-1-4] DEBUG org.asynchttpclient.netty.handler.HttpHandler - 

Request DefaultHttpRequest(decodeResult: success, version: HTTP/1.1)
POST /session/fb43a58343726f02ff3e266572b07923/window/maximize HTTP/1.1
User-Agent: selenium/4.1.2 (java windows)
Content-Length: 3
Content-Type: application/json; charset=utf-8
host: localhost:64660
accept: */*

Response DefaultHttpResponse(decodeResult: success, version: HTTP/1.1)
HTTP/1.1 200 OK
Content-Type: application/json; charset=utf-8
cache-control: no-cache
content-length: 51

16:05:35.468 [AsyncHttpClient-1-4] DEBUG org.asynchttpclient.netty.channel.ChannelManager - Adding key: http://localhost:64660 for channel [id: 0xf3b6427b, L:/127.0.0.1:60054 - R:localhost/127.0.0.1:64660]
16:05:35.492 [Forwarding get on session fb43a58343726f02ff3e266572b07923 to remote] DEBUG org.asynchttpclient.netty.request.NettyRequestSender - Using pooled Channel '[id: 0xf3b6427b, L:/127.0.0.1:60054 - R:localhost/127.0.0.1:64660]' for 'POST' to 'http://localhost:64660/session/fb43a58343726f02ff3e266572b07923/url'
16:05:35.492 [Forwarding get on session fb43a58343726f02ff3e266572b07923 to remote] DEBUG org.asynchttpclient.netty.request.NettyRequestSender - Using open Channel [id: 0xf3b6427b, L:/127.0.0.1:60054 - R:localhost/127.0.0.1:64660] for POST '/session/fb43a58343726f02ff3e266572b07923/url'
16:05:36.271 [AsyncHttpClient-1-1] DEBUG org.asynchttpclient.netty.channel.DefaultChannelPool - Entry count for : http://localhost:60055 : 1
16:05:37.398 [AsyncHttpClient-1-1] DEBUG org.asynchttpclient.netty.channel.DefaultChannelPool - Entry count for : http://localhost:60055 : 1
16:05:37.534 [AsyncHttpClient-1-4] DEBUG org.asynchttpclient.netty.handler.HttpHandler - 

Request DefaultHttpRequest(decodeResult: success, version: HTTP/1.1)
POST /session/fb43a58343726f02ff3e266572b07923/url HTTP/1.1
User-Agent: selenium/4.1.2 (java windows)
Content-Length: 64
Content-Type: application/json; charset=utf-8
host: localhost:64660
accept: */*

Response DefaultHttpResponse(decodeResult: success, version: HTTP/1.1)
HTTP/1.1 200 OK
Content-Type: application/json; charset=utf-8
cache-control: no-cache
content-length: 14

16:05:37.534 [AsyncHttpClient-1-4] DEBUG org.asynchttpclient.netty.channel.ChannelManager - Adding key: http://localhost:64660 for channel [id: 0xf3b6427b, L:/127.0.0.1:60054 - R:localhost/127.0.0.1:64660]
16:05:37.541 [Forwarding setTimeout on session fb43a58343726f02ff3e266572b07923 to remote] DEBUG org.asynchttpclient.netty.request.NettyRequestSender - Using pooled Channel '[id: 0xf3b6427b, L:/127.0.0.1:60054 - R:localhost/127.0.0.1:64660]' for 'POST' to 'http://localhost:64660/session/fb43a58343726f02ff3e266572b07923/timeouts'
16:05:37.541 [Forwarding setTimeout on session fb43a58343726f02ff3e266572b07923 to remote] DEBUG org.asynchttpclient.netty.request.NettyRequestSender - Using open Channel [id: 0xf3b6427b, L:/127.0.0.1:60054 - R:localhost/127.0.0.1:64660] for POST '/session/fb43a58343726f02ff3e266572b07923/timeouts'
16:05:37.585 [AsyncHttpClient-1-4] DEBUG org.asynchttpclient.netty.handler.HttpHandler - 

Request DefaultHttpRequest(decodeResult: success, version: HTTP/1.1)
POST /session/fb43a58343726f02ff3e266572b07923/timeouts HTTP/1.1
User-Agent: selenium/4.1.2 (java windows)
Content-Length: 22
Content-Type: application/json; charset=utf-8
host: localhost:64660
accept: */*

Response DefaultHttpResponse(decodeResult: success, version: HTTP/1.1)
HTTP/1.1 200 OK
Content-Type: application/json; charset=utf-8
cache-control: no-cache
content-length: 14

16:05:37.585 [AsyncHttpClient-1-4] DEBUG org.asynchttpclient.netty.channel.ChannelManager - Adding key: http://localhost:64660 for channel [id: 0xf3b6427b, L:/127.0.0.1:60054 - R:localhost/127.0.0.1:64660]
16:05:37.597 [Forwarding getCurrentUrl on session fb43a58343726f02ff3e266572b07923 to remote] DEBUG org.asynchttpclient.netty.request.NettyRequestSender - Using pooled Channel '[id: 0xf3b6427b, L:/127.0.0.1:60054 - R:localhost/127.0.0.1:64660]' for 'GET' to 'http://localhost:64660/session/fb43a58343726f02ff3e266572b07923/url'
16:05:37.597 [Forwarding getCurrentUrl on session fb43a58343726f02ff3e266572b07923 to remote] DEBUG org.asynchttpclient.netty.request.NettyRequestSender - Using open Channel [id: 0xf3b6427b, L:/127.0.0.1:60054 - R:localhost/127.0.0.1:64660] for GET '/session/fb43a58343726f02ff3e266572b07923/url'
16:05:37.708 [AsyncHttpClient-1-4] DEBUG org.asynchttpclient.netty.handler.HttpHandler - 

Request DefaultFullHttpRequest(decodeResult: success, version: HTTP/1.1, content: EmptyByteBufBE)
GET /session/fb43a58343726f02ff3e266572b07923/url HTTP/1.1
User-Agent: selenium/4.1.2 (java windows)
Cache-Control: no-cache
Content-Type: application/json; charset=utf-8
host: localhost:64660
accept: */*

Response DefaultHttpResponse(decodeResult: success, version: HTTP/1.1)
HTTP/1.1 200 OK
Content-Type: application/json; charset=utf-8
cache-control: no-cache
content-length: 41

16:05:37.708 [AsyncHttpClient-1-4] DEBUG org.asynchttpclient.netty.channel.ChannelManager - Adding key: http://localhost:64660 for channel [id: 0xf3b6427b, L:/127.0.0.1:60054 - R:localhost/127.0.0.1:64660]
16:05:37.726 [Forwarding screenshot on session fb43a58343726f02ff3e266572b07923 to remote] DEBUG org.asynchttpclient.netty.request.NettyRequestSender - Using pooled Channel '[id: 0xf3b6427b, L:/127.0.0.1:60054 - R:localhost/127.0.0.1:64660]' for 'GET' to 'http://localhost:64660/session/fb43a58343726f02ff3e266572b07923/screenshot'
16:05:37.727 [Forwarding screenshot on session fb43a58343726f02ff3e266572b07923 to remote] DEBUG org.asynchttpclient.netty.request.NettyRequestSender - Using open Channel [id: 0xf3b6427b, L:/127.0.0.1:60054 - R:localhost/127.0.0.1:64660] for GET '/session/fb43a58343726f02ff3e266572b07923/screenshot'
16:05:38.338 [AsyncHttpClient-1-4] DEBUG org.asynchttpclient.netty.handler.HttpHandler - 

Request DefaultFullHttpRequest(decodeResult: success, version: HTTP/1.1, content: EmptyByteBufBE)
GET /session/fb43a58343726f02ff3e266572b07923/screenshot HTTP/1.1
User-Agent: selenium/4.1.2 (java windows)
Cache-Control: no-cache
Content-Type: application/json; charset=utf-8
host: localhost:64660
accept: */*

Response DefaultHttpResponse(decodeResult: success, version: HTTP/1.1)
HTTP/1.1 200 OK
Content-Type: application/json; charset=utf-8
cache-control: no-cache
content-length: 25384

16:05:38.340 [AsyncHttpClient-1-4] DEBUG org.asynchttpclient.netty.channel.ChannelManager - Adding key: http://localhost:64660 for channel [id: 0xf3b6427b, L:/127.0.0.1:60054 - R:localhost/127.0.0.1:64660]
16:05:38.346 [main] DEBUG net.serenitybdd.core.photography.Darkroom - Send negative for processing for target\site\serenity\6b6563c13227ef0b70a26f8a845b86304c5ded2ac83324d4bda7e0f4416b9ac5.png
16:05:38.347 [main] DEBUG net.thucydides.core.steps.StepInterceptor - STEP DONE: openUrl
  &amp#27;[32mGiven &amp#27;[0m&amp#27;[32mI am on qa.alta.id login page&amp#27;[0m              &amp#27;[90m# starter.stepdefinitions.LoginSteps.iAmOnQaAltaIdLoginPage()&amp#27;[0m
16:05:38.392 [main] DEBUG net.thucydides.core.steps.StepInterceptor - STARTING STEP: LoginSteps.inputEmail - inputEmail
16:05:38.404 [Forwarding findElement on session fb43a58343726f02ff3e266572b07923 to remote] DEBUG org.asynchttpclient.netty.request.NettyRequestSender - Using pooled Channel '[id: 0xf3b6427b, L:/127.0.0.1:60054 - R:localhost/127.0.0.1:64660]' for 'POST' to 'http://localhost:64660/session/fb43a58343726f02ff3e266572b07923/element'
16:05:38.404 [Forwarding findElement on session fb43a58343726f02ff3e266572b07923 to remote] DEBUG org.asynchttpclient.netty.request.NettyRequestSender - Using open Channel [id: 0xf3b6427b, L:/127.0.0.1:60054 - R:localhost/127.0.0.1:64660] for POST '/session/fb43a58343726f02ff3e266572b07923/element'
16:05:38.442 [AsyncHttpClient-1-4] DEBUG org.asynchttpclient.netty.handler.HttpHandler - 

Request DefaultHttpRequest(decodeResult: success, version: HTTP/1.1)
POST /session/fb43a58343726f02ff3e266572b07923/element HTTP/1.1
User-Agent: selenium/4.1.2 (java windows)
Content-Length: 86
Content-Type: application/json; charset=utf-8
host: localhost:64660
accept: */*

Response DefaultHttpResponse(decodeResult: success, version: HTTP/1.1)
HTTP/1.1 200 OK
Content-Type: application/json; charset=utf-8
cache-control: no-cache
content-length: 88

16:05:38.442 [AsyncHttpClient-1-4] DEBUG org.asynchttpclient.netty.channel.ChannelManager - Adding key: http://localhost:64660 for channel [id: 0xf3b6427b, L:/127.0.0.1:60054 - R:localhost/127.0.0.1:64660]
16:05:38.451 [Forwarding clearElement on session fb43a58343726f02ff3e266572b07923 to remote] DEBUG org.asynchttpclient.netty.request.NettyRequestSender - Using pooled Channel '[id: 0xf3b6427b, L:/127.0.0.1:60054 - R:localhost/127.0.0.1:64660]' for 'POST' to 'http://localhost:64660/session/fb43a58343726f02ff3e266572b07923/element/37a68e9a-17cd-4177-a36b-e9cac9ae8230/clear'
16:05:38.452 [Forwarding clearElement on session fb43a58343726f02ff3e266572b07923 to remote] DEBUG org.asynchttpclient.netty.request.NettyRequestSender - Using open Channel [id: 0xf3b6427b, L:/127.0.0.1:60054 - R:localhost/127.0.0.1:64660] for POST '/session/fb43a58343726f02ff3e266572b07923/element/37a68e9a-17cd-4177-a36b-e9cac9ae8230/clear'
16:05:38.492 [AsyncHttpClient-1-1] DEBUG org.asynchttpclient.netty.channel.DefaultChannelPool - Entry count for : http://localhost:60055 : 1
16:05:38.540 [AsyncHttpClient-1-4] DEBUG org.asynchttpclient.netty.handler.HttpHandler - 

Request DefaultHttpRequest(decodeResult: success, version: HTTP/1.1)
POST /session/fb43a58343726f02ff3e266572b07923/element/37a68e9a-17cd-4177-a36b-e9cac9ae8230/clear HTTP/1.1
User-Agent: selenium/4.1.2 (java windows)
Content-Length: 50
Content-Type: application/json; charset=utf-8
host: localhost:64660
accept: */*

Response DefaultHttpResponse(decodeResult: success, version: HTTP/1.1)
HTTP/1.1 200 OK
Content-Type: application/json; charset=utf-8
cache-control: no-cache
content-length: 14

16:05:38.541 [AsyncHttpClient-1-4] DEBUG org.asynchttpclient.netty.channel.ChannelManager - Adding key: http://localhost:64660 for channel [id: 0xf3b6427b, L:/127.0.0.1:60054 - R:localhost/127.0.0.1:64660]
16:05:38.548 [Forwarding sendKeysToElement on session fb43a58343726f02ff3e266572b07923 to remote] DEBUG org.asynchttpclient.netty.request.NettyRequestSender - Using pooled Channel '[id: 0xf3b6427b, L:/127.0.0.1:60054 - R:localhost/127.0.0.1:64660]' for 'POST' to 'http://localhost:64660/session/fb43a58343726f02ff3e266572b07923/element/37a68e9a-17cd-4177-a36b-e9cac9ae8230/value'
16:05:38.548 [Forwarding sendKeysToElement on session fb43a58343726f02ff3e266572b07923 to remote] DEBUG org.asynchttpclient.netty.request.NettyRequestSender - Using open Channel [id: 0xf3b6427b, L:/127.0.0.1:60054 - R:localhost/127.0.0.1:64660] for POST '/session/fb43a58343726f02ff3e266572b07923/element/37a68e9a-17cd-4177-a36b-e9cac9ae8230/value'
16:05:39.239 [AsyncHttpClient-1-4] DEBUG org.asynchttpclient.netty.handler.HttpHandler - 

Request DefaultHttpRequest(decodeResult: success, version: HTTP/1.1)
POST /session/fb43a58343726f02ff3e266572b07923/element/37a68e9a-17cd-4177-a36b-e9cac9ae8230/value HTTP/1.1
User-Agent: selenium/4.1.2 (java windows)
Content-Length: 331
Content-Type: application/json; charset=utf-8
host: localhost:64660
accept: */*

Response DefaultHttpResponse(decodeResult: success, version: HTTP/1.1)
HTTP/1.1 200 OK
Content-Type: application/json; charset=utf-8
cache-control: no-cache
content-length: 14

16:05:39.239 [AsyncHttpClient-1-4] DEBUG org.asynchttpclient.netty.channel.ChannelManager - Adding key: http://localhost:64660 for channel [id: 0xf3b6427b, L:/127.0.0.1:60054 - R:localhost/127.0.0.1:64660]
16:05:39.270 [Forwarding screenshot on session fb43a58343726f02ff3e266572b07923 to remote] DEBUG org.asynchttpclient.netty.request.NettyRequestSender - Using pooled Channel '[id: 0xf3b6427b, L:/127.0.0.1:60054 - R:localhost/127.0.0.1:64660]' for 'GET' to 'http://localhost:64660/session/fb43a58343726f02ff3e266572b07923/screenshot'
16:05:39.270 [Forwarding screenshot on session fb43a58343726f02ff3e266572b07923 to remote] DEBUG org.asynchttpclient.netty.request.NettyRequestSender - Using open Channel [id: 0xf3b6427b, L:/127.0.0.1:60054 - R:localhost/127.0.0.1:64660] for GET '/session/fb43a58343726f02ff3e266572b07923/screenshot'
16:05:39.537 [AsyncHttpClient-1-1] DEBUG org.asynchttpclient.netty.channel.DefaultChannelPool - Entry count for : http://localhost:60055 : 1
16:05:39.550 [AsyncHttpClient-1-4] DEBUG org.asynchttpclient.netty.handler.HttpHandler - 

Request DefaultFullHttpRequest(decodeResult: success, version: HTTP/1.1, content: EmptyByteBufBE)
GET /session/fb43a58343726f02ff3e266572b07923/screenshot HTTP/1.1
User-Agent: selenium/4.1.2 (java windows)
Cache-Control: no-cache
Content-Type: application/json; charset=utf-8
host: localhost:64660
accept: */*

Response DefaultHttpResponse(decodeResult: success, version: HTTP/1.1)
HTTP/1.1 200 OK
Content-Type: application/json; charset=utf-8
cache-control: no-cache
content-length: 29908

16:05:39.552 [AsyncHttpClient-1-4] DEBUG org.asynchttpclient.netty.channel.ChannelManager - Adding key: http://localhost:64660 for channel [id: 0xf3b6427b, L:/127.0.0.1:60054 - R:localhost/127.0.0.1:64660]
16:05:39.558 [main] DEBUG net.serenitybdd.core.photography.Darkroom - Send negative for processing for target\site\serenity\2478a102e65c3e42ee4c43c69429ef77568cb7d974adb58d2b173175b764f9db.png
16:05:39.564 [main] DEBUG net.thucydides.core.steps.StepInterceptor - STEP DONE: inputEmail
  &amp#27;[32mWhen &amp#27;[0m&amp#27;[32mI input &amp#27;[0m&amp#27;[32m&amp#27;[1m"pondaaginggrit1@gmail.com"&amp#27;[0m         &amp#27;[90m# starter.stepdefinitions.LoginSteps.inputEmail(java.lang.String)&amp#27;[0m
16:05:39.574 [Darkroom Processing Line] DEBUG net.serenitybdd.core.photography.DarkroomProcessingLine - Processing screenshot image in /var/screenshots/screenshot-7172167536900456822
16:05:39.574 [Darkroom Processing Line] DEBUG net.serenitybdd.core.photography.DarkroomProcessingLine - Saving screenshot to target\site\serenity\2478a102e65c3e42ee4c43c69429ef77568cb7d974adb58d2b173175b764f9db.png
16:05:39.611 [main] DEBUG net.thucydides.core.steps.StepInterceptor - STARTING STEP: LoginSteps.input - inputPassword
16:05:39.622 [Forwarding findElement on session fb43a58343726f02ff3e266572b07923 to remote] DEBUG org.asynchttpclient.netty.request.NettyRequestSender - Using pooled Channel '[id: 0xf3b6427b, L:/127.0.0.1:60054 - R:localhost/127.0.0.1:64660]' for 'POST' to 'http://localhost:64660/session/fb43a58343726f02ff3e266572b07923/element'
16:05:39.622 [Forwarding findElement on session fb43a58343726f02ff3e266572b07923 to remote] DEBUG org.asynchttpclient.netty.request.NettyRequestSender - Using open Channel [id: 0xf3b6427b, L:/127.0.0.1:60054 - R:localhost/127.0.0.1:64660] for POST '/session/fb43a58343726f02ff3e266572b07923/element'
16:05:39.652 [AsyncHttpClient-1-4] DEBUG org.asynchttpclient.netty.handler.HttpHandler - 

Request DefaultHttpRequest(decodeResult: success, version: HTTP/1.1)
POST /session/fb43a58343726f02ff3e266572b07923/element HTTP/1.1
User-Agent: selenium/4.1.2 (java windows)
Content-Length: 89
Content-Type: application/json; charset=utf-8
host: localhost:64660
accept: */*

Response DefaultHttpResponse(decodeResult: success, version: HTTP/1.1)
HTTP/1.1 200 OK
Content-Type: application/json; charset=utf-8
cache-control: no-cache
content-length: 88

16:05:39.653 [AsyncHttpClient-1-4] DEBUG org.asynchttpclient.netty.channel.ChannelManager - Adding key: http://localhost:64660 for channel [id: 0xf3b6427b, L:/127.0.0.1:60054 - R:localhost/127.0.0.1:64660]
16:05:39.660 [Forwarding clearElement on session fb43a58343726f02ff3e266572b07923 to remote] DEBUG org.asynchttpclient.netty.request.NettyRequestSender - Using pooled Channel '[id: 0xf3b6427b, L:/127.0.0.1:60054 - R:localhost/127.0.0.1:64660]' for 'POST' to 'http://localhost:64660/session/fb43a58343726f02ff3e266572b07923/element/930d9882-ae3d-4d7b-accf-2d045f70c468/clear'
16:05:39.660 [Forwarding clearElement on session fb43a58343726f02ff3e266572b07923 to remote] DEBUG org.asynchttpclient.netty.request.NettyRequestSender - Using open Channel [id: 0xf3b6427b, L:/127.0.0.1:60054 - R:localhost/127.0.0.1:64660] for POST '/session/fb43a58343726f02ff3e266572b07923/element/930d9882-ae3d-4d7b-accf-2d045f70c468/clear'
16:05:39.728 [AsyncHttpClient-1-4] DEBUG org.asynchttpclient.netty.handler.HttpHandler - 

Request DefaultHttpRequest(decodeResult: success, version: HTTP/1.1)
POST /session/fb43a58343726f02ff3e266572b07923/element/930d9882-ae3d-4d7b-accf-2d045f70c468/clear HTTP/1.1
User-Agent: selenium/4.1.2 (java windows)
Content-Length: 50
Content-Type: application/json; charset=utf-8
host: localhost:64660
accept: */*

Response DefaultHttpResponse(decodeResult: success, version: HTTP/1.1)
HTTP/1.1 200 OK
Content-Type: application/json; charset=utf-8
cache-control: no-cache
content-length: 14

16:05:39.728 [AsyncHttpClient-1-4] DEBUG org.asynchttpclient.netty.channel.ChannelManager - Adding key: http://localhost:64660 for channel [id: 0xf3b6427b, L:/127.0.0.1:60054 - R:localhost/127.0.0.1:64660]
16:05:39.735 [Forwarding sendKeysToElement on session fb43a58343726f02ff3e266572b07923 to remote] DEBUG org.asynchttpclient.netty.request.NettyRequestSender - Using pooled Channel '[id: 0xf3b6427b, L:/127.0.0.1:60054 - R:localhost/127.0.0.1:64660]' for 'POST' to 'http://localhost:64660/session/fb43a58343726f02ff3e266572b07923/element/930d9882-ae3d-4d7b-accf-2d045f70c468/value'
16:05:39.735 [Forwarding sendKeysToElement on session fb43a58343726f02ff3e266572b07923 to remote] DEBUG org.asynchttpclient.netty.request.NettyRequestSender - Using open Channel [id: 0xf3b6427b, L:/127.0.0.1:60054 - R:localhost/127.0.0.1:64660] for POST '/session/fb43a58343726f02ff3e266572b07923/element/930d9882-ae3d-4d7b-accf-2d045f70c468/value'
16:05:39.906 [AsyncHttpClient-1-4] DEBUG org.asynchttpclient.netty.handler.HttpHandler - 

Request DefaultHttpRequest(decodeResult: success, version: HTTP/1.1)
POST /session/fb43a58343726f02ff3e266572b07923/element/930d9882-ae3d-4d7b-accf-2d045f70c468/value HTTP/1.1
User-Agent: selenium/4.1.2 (java windows)
Content-Length: 82
Content-Type: application/json; charset=utf-8
host: localhost:64660
accept: */*

Response DefaultHttpResponse(decodeResult: success, version: HTTP/1.1)
HTTP/1.1 200 OK
Content-Type: application/json; charset=utf-8
cache-control: no-cache
content-length: 14

16:05:39.906 [AsyncHttpClient-1-4] DEBUG org.asynchttpclient.netty.channel.ChannelManager - Adding key: http://localhost:64660 for channel [id: 0xf3b6427b, L:/127.0.0.1:60054 - R:localhost/127.0.0.1:64660]
16:05:39.938 [Forwarding screenshot on session fb43a58343726f02ff3e266572b07923 to remote] DEBUG org.asynchttpclient.netty.request.NettyRequestSender - Using pooled Channel '[id: 0xf3b6427b, L:/127.0.0.1:60054 - R:localhost/127.0.0.1:64660]' for 'GET' to 'http://localhost:64660/session/fb43a58343726f02ff3e266572b07923/screenshot'
16:05:39.939 [Forwarding screenshot on session fb43a58343726f02ff3e266572b07923 to remote] DEBUG org.asynchttpclient.netty.request.NettyRequestSender - Using open Channel [id: 0xf3b6427b, L:/127.0.0.1:60054 - R:localhost/127.0.0.1:64660] for GET '/session/fb43a58343726f02ff3e266572b07923/screenshot'
16:05:40.206 [AsyncHttpClient-1-4] DEBUG org.asynchttpclient.netty.handler.HttpHandler - 

Request DefaultFullHttpRequest(decodeResult: success, version: HTTP/1.1, content: EmptyByteBufBE)
GET /session/fb43a58343726f02ff3e266572b07923/screenshot HTTP/1.1
User-Agent: selenium/4.1.2 (java windows)
Cache-Control: no-cache
Content-Type: application/json; charset=utf-8
host: localhost:64660
accept: */*

Response DefaultHttpResponse(decodeResult: success, version: HTTP/1.1)
HTTP/1.1 200 OK
Content-Type: application/json; charset=utf-8
cache-control: no-cache
content-length: 29588

16:05:40.210 [AsyncHttpClient-1-4] DEBUG org.asynchttpclient.netty.channel.ChannelManager - Adding key: http://localhost:64660 for channel [id: 0xf3b6427b, L:/127.0.0.1:60054 - R:localhost/127.0.0.1:64660]
16:05:40.216 [main] DEBUG net.serenitybdd.core.photography.Darkroom - Send negative for processing for target\site\serenity\cdfd8fd7ac9f7ee0ff45fd14e038d5a0797a66e597d4f4e3f5fb9f57399466ea.png
16:05:40.216 [main] DEBUG net.thucydides.core.steps.StepInterceptor - STEP DONE: inputPassword
  &amp#27;[32mAnd &amp#27;[0m&amp#27;[32mInput &amp#27;[0m&amp#27;[32m&amp#27;[1m""&amp#27;[0m                                     &amp#27;[90m# starter.stepdefinitions.LoginSteps.input(java.lang.String)&amp#27;[0m
16:05:40.223 [Darkroom Processing Line] DEBUG net.serenitybdd.core.photography.DarkroomProcessingLine - Processing screenshot image in /var/screenshots/screenshot-8006051479476257971
16:05:40.224 [Darkroom Processing Line] DEBUG net.serenitybdd.core.photography.DarkroomProcessingLine - Saving screenshot to target\site\serenity\cdfd8fd7ac9f7ee0ff45fd14e038d5a0797a66e597d4f4e3f5fb9f57399466ea.png
16:05:40.296 [Forwarding screenshot on session fb43a58343726f02ff3e266572b07923 to remote] DEBUG org.asynchttpclient.netty.request.NettyRequestSender - Using pooled Channel '[id: 0xf3b6427b, L:/127.0.0.1:60054 - R:localhost/127.0.0.1:64660]' for 'GET' to 'http://localhost:64660/session/fb43a58343726f02ff3e266572b07923/screenshot'
16:05:40.297 [Forwarding screenshot on session fb43a58343726f02ff3e266572b07923 to remote] DEBUG org.asynchttpclient.netty.request.NettyRequestSender - Using open Channel [id: 0xf3b6427b, L:/127.0.0.1:60054 - R:localhost/127.0.0.1:64660] for GET '/session/fb43a58343726f02ff3e266572b07923/screenshot'
16:05:40.536 [AsyncHttpClient-1-4] DEBUG org.asynchttpclient.netty.handler.HttpHandler - 

Request DefaultFullHttpRequest(decodeResult: success, version: HTTP/1.1, content: EmptyByteBufBE)
GET /session/fb43a58343726f02ff3e266572b07923/screenshot HTTP/1.1
User-Agent: selenium/4.1.2 (java windows)
Cache-Control: no-cache
Content-Type: application/json; charset=utf-8
host: localhost:64660
accept: */*

Response DefaultHttpResponse(decodeResult: success, version: HTTP/1.1)
HTTP/1.1 200 OK
Content-Type: application/json; charset=utf-8
cache-control: no-cache
content-length: 29068

16:05:40.537 [AsyncHttpClient-1-4] DEBUG org.asynchttpclient.netty.channel.ChannelManager - Adding key: http://localhost:64660 for channel [id: 0xf3b6427b, L:/127.0.0.1:60054 - R:localhost/127.0.0.1:64660]
16:05:40.544 [main] DEBUG net.serenitybdd.core.photography.Darkroom - Send negative for processing for target\site\serenity\351fe16c024178e0193727e0fb9567d76c794afec712570108135b9e6fc5ded6.png
16:05:40.545 [main] DEBUG net.thucydides.core.steps.StepInterceptor - STARTING STEP: LoginSteps.clickLoginButton - clickLoginButton
16:05:40.547 [Darkroom Processing Line] DEBUG net.serenitybdd.core.photography.DarkroomProcessingLine - Processing screenshot image in /var/screenshots/screenshot-8614078756512506741
16:05:40.547 [Darkroom Processing Line] DEBUG net.serenitybdd.core.photography.DarkroomProcessingLine - Saving screenshot to target\site\serenity\351fe16c024178e0193727e0fb9567d76c794afec712570108135b9e6fc5ded6.png
16:05:40.561 [Forwarding findElement on session fb43a58343726f02ff3e266572b07923 to remote] DEBUG org.asynchttpclient.netty.request.NettyRequestSender - Using pooled Channel '[id: 0xf3b6427b, L:/127.0.0.1:60054 - R:localhost/127.0.0.1:64660]' for 'POST' to 'http://localhost:64660/session/fb43a58343726f02ff3e266572b07923/element'
16:05:40.562 [Forwarding findElement on session fb43a58343726f02ff3e266572b07923 to remote] DEBUG org.asynchttpclient.netty.request.NettyRequestSender - Using open Channel [id: 0xf3b6427b, L:/127.0.0.1:60054 - R:localhost/127.0.0.1:64660] for POST '/session/fb43a58343726f02ff3e266572b07923/element'
16:05:40.616 [AsyncHttpClient-1-4] DEBUG org.asynchttpclient.netty.handler.HttpHandler - 

Request DefaultHttpRequest(decodeResult: success, version: HTTP/1.1)
POST /session/fb43a58343726f02ff3e266572b07923/element HTTP/1.1
User-Agent: selenium/4.1.2 (java windows)
Content-Length: 136
Content-Type: application/json; charset=utf-8
host: localhost:64660
accept: */*

Response DefaultHttpResponse(decodeResult: success, version: HTTP/1.1)
HTTP/1.1 200 OK
Content-Type: application/json; charset=utf-8
cache-control: no-cache
content-length: 88

16:05:40.617 [AsyncHttpClient-1-4] DEBUG org.asynchttpclient.netty.channel.ChannelManager - Adding key: http://localhost:64660 for channel [id: 0xf3b6427b, L:/127.0.0.1:60054 - R:localhost/127.0.0.1:64660]
16:05:40.626 [Forwarding getElementTagName on session fb43a58343726f02ff3e266572b07923 to remote] DEBUG org.asynchttpclient.netty.request.NettyRequestSender - Using pooled Channel '[id: 0xf3b6427b, L:/127.0.0.1:60054 - R:localhost/127.0.0.1:64660]' for 'GET' to 'http://localhost:64660/session/fb43a58343726f02ff3e266572b07923/element/c3e017dd-ab5a-468b-b81d-ea1e118b7cea/name'
16:05:40.626 [Forwarding getElementTagName on session fb43a58343726f02ff3e266572b07923 to remote] DEBUG org.asynchttpclient.netty.request.NettyRequestSender - Using open Channel [id: 0xf3b6427b, L:/127.0.0.1:60054 - R:localhost/127.0.0.1:64660] for GET '/session/fb43a58343726f02ff3e266572b07923/element/c3e017dd-ab5a-468b-b81d-ea1e118b7cea/name'
16:05:40.640 [AsyncHttpClient-1-4] DEBUG org.asynchttpclient.netty.handler.HttpHandler - 

Request DefaultFullHttpRequest(decodeResult: success, version: HTTP/1.1, content: EmptyByteBufBE)
GET /session/fb43a58343726f02ff3e266572b07923/element/c3e017dd-ab5a-468b-b81d-ea1e118b7cea/name HTTP/1.1
User-Agent: selenium/4.1.2 (java windows)
Cache-Control: no-cache
Content-Type: application/json; charset=utf-8
host: localhost:64660
accept: */*

Response DefaultHttpResponse(decodeResult: success, version: HTTP/1.1)
HTTP/1.1 200 OK
Content-Type: application/json; charset=utf-8
cache-control: no-cache
content-length: 18

16:05:40.640 [AsyncHttpClient-1-4] DEBUG org.asynchttpclient.netty.channel.ChannelManager - Adding key: http://localhost:64660 for channel [id: 0xf3b6427b, L:/127.0.0.1:60054 - R:localhost/127.0.0.1:64660]
16:05:40.648 [Forwarding getElementTagName on session fb43a58343726f02ff3e266572b07923 to remote] DEBUG org.asynchttpclient.netty.request.NettyRequestSender - Using pooled Channel '[id: 0xf3b6427b, L:/127.0.0.1:60054 - R:localhost/127.0.0.1:64660]' for 'GET' to 'http://localhost:64660/session/fb43a58343726f02ff3e266572b07923/element/c3e017dd-ab5a-468b-b81d-ea1e118b7cea/name'
16:05:40.648 [Forwarding getElementTagName on session fb43a58343726f02ff3e266572b07923 to remote] DEBUG org.asynchttpclient.netty.request.NettyRequestSender - Using open Channel [id: 0xf3b6427b, L:/127.0.0.1:60054 - R:localhost/127.0.0.1:64660] for GET '/session/fb43a58343726f02ff3e266572b07923/element/c3e017dd-ab5a-468b-b81d-ea1e118b7cea/name'
16:05:40.667 [AsyncHttpClient-1-4] DEBUG org.asynchttpclient.netty.handler.HttpHandler - 

Request DefaultFullHttpRequest(decodeResult: success, version: HTTP/1.1, content: EmptyByteBufBE)
GET /session/fb43a58343726f02ff3e266572b07923/element/c3e017dd-ab5a-468b-b81d-ea1e118b7cea/name HTTP/1.1
User-Agent: selenium/4.1.2 (java windows)
Cache-Control: no-cache
Content-Type: application/json; charset=utf-8
host: localhost:64660
accept: */*

Response DefaultHttpResponse(decodeResult: success, version: HTTP/1.1)
HTTP/1.1 200 OK
Content-Type: application/json; charset=utf-8
cache-control: no-cache
content-length: 18

16:05:40.667 [AsyncHttpClient-1-4] DEBUG org.asynchttpclient.netty.channel.ChannelManager - Adding key: http://localhost:64660 for channel [id: 0xf3b6427b, L:/127.0.0.1:60054 - R:localhost/127.0.0.1:64660]
16:05:40.684 [Forwarding isElementEnabled on session fb43a58343726f02ff3e266572b07923 to remote] DEBUG org.asynchttpclient.netty.request.NettyRequestSender - Using pooled Channel '[id: 0xf3b6427b, L:/127.0.0.1:60054 - R:localhost/127.0.0.1:64660]' for 'GET' to 'http://localhost:64660/session/fb43a58343726f02ff3e266572b07923/element/c3e017dd-ab5a-468b-b81d-ea1e118b7cea/enabled'
16:05:40.684 [Forwarding isElementEnabled on session fb43a58343726f02ff3e266572b07923 to remote] DEBUG org.asynchttpclient.netty.request.NettyRequestSender - Using open Channel [id: 0xf3b6427b, L:/127.0.0.1:60054 - R:localhost/127.0.0.1:64660] for GET '/session/fb43a58343726f02ff3e266572b07923/element/c3e017dd-ab5a-468b-b81d-ea1e118b7cea/enabled'
16:05:40.704 [AsyncHttpClient-1-1] DEBUG org.asynchttpclient.netty.channel.DefaultChannelPool - Entry count for : http://localhost:60055 : 1
16:05:40.709 [AsyncHttpClient-1-4] DEBUG org.asynchttpclient.netty.handler.HttpHandler - 

Request DefaultFullHttpRequest(decodeResult: success, version: HTTP/1.1, content: EmptyByteBufBE)
GET /session/fb43a58343726f02ff3e266572b07923/element/c3e017dd-ab5a-468b-b81d-ea1e118b7cea/enabled HTTP/1.1
User-Agent: selenium/4.1.2 (java windows)
Cache-Control: no-cache
Content-Type: application/json; charset=utf-8
host: localhost:64660
accept: */*

Response DefaultHttpResponse(decodeResult: success, version: HTTP/1.1)
HTTP/1.1 200 OK
Content-Type: application/json; charset=utf-8
cache-control: no-cache
content-length: 14

16:05:40.710 [AsyncHttpClient-1-4] DEBUG org.asynchttpclient.netty.channel.ChannelManager - Adding key: http://localhost:64660 for channel [id: 0xf3b6427b, L:/127.0.0.1:60054 - R:localhost/127.0.0.1:64660]
16:05:40.715 [Forwarding isElementEnabled on session fb43a58343726f02ff3e266572b07923 to remote] DEBUG org.asynchttpclient.netty.request.NettyRequestSender - Using pooled Channel '[id: 0xf3b6427b, L:/127.0.0.1:60054 - R:localhost/127.0.0.1:64660]' for 'GET' to 'http://localhost:64660/session/fb43a58343726f02ff3e266572b07923/element/c3e017dd-ab5a-468b-b81d-ea1e118b7cea/enabled'
16:05:40.715 [Forwarding isElementEnabled on session fb43a58343726f02ff3e266572b07923 to remote] DEBUG org.asynchttpclient.netty.request.NettyRequestSender - Using open Channel [id: 0xf3b6427b, L:/127.0.0.1:60054 - R:localhost/127.0.0.1:64660] for GET '/session/fb43a58343726f02ff3e266572b07923/element/c3e017dd-ab5a-468b-b81d-ea1e118b7cea/enabled'
16:05:40.734 [AsyncHttpClient-1-4] DEBUG org.asynchttpclient.netty.handler.HttpHandler - 

Request DefaultFullHttpRequest(decodeResult: success, version: HTTP/1.1, content: EmptyByteBufBE)
GET /session/fb43a58343726f02ff3e266572b07923/element/c3e017dd-ab5a-468b-b81d-ea1e118b7cea/enabled HTTP/1.1
User-Agent: selenium/4.1.2 (java windows)
Cache-Control: no-cache
Content-Type: application/json; charset=utf-8
host: localhost:64660
accept: */*

Response DefaultHttpResponse(decodeResult: success, version: HTTP/1.1)
HTTP/1.1 200 OK
Content-Type: application/json; charset=utf-8
cache-control: no-cache
content-length: 14

16:05:40.735 [AsyncHttpClient-1-4] DEBUG org.asynchttpclient.netty.channel.ChannelManager - Adding key: http://localhost:64660 for channel [id: 0xf3b6427b, L:/127.0.0.1:60054 - R:localhost/127.0.0.1:64660]
16:05:40.821 [Forwarding findElement on session fb43a58343726f02ff3e266572b07923 to remote] DEBUG org.asynchttpclient.netty.request.NettyRequestSender - Using pooled Channel '[id: 0xf3b6427b, L:/127.0.0.1:60054 - R:localhost/127.0.0.1:64660]' for 'POST' to 'http://localhost:64660/session/fb43a58343726f02ff3e266572b07923/element'
16:05:40.821 [Forwarding findElement on session fb43a58343726f02ff3e266572b07923 to remote] DEBUG org.asynchttpclient.netty.request.NettyRequestSender - Using open Channel [id: 0xf3b6427b, L:/127.0.0.1:60054 - R:localhost/127.0.0.1:64660] for POST '/session/fb43a58343726f02ff3e266572b07923/element'
16:05:40.839 [AsyncHttpClient-1-4] DEBUG org.asynchttpclient.netty.handler.HttpHandler - 

Request DefaultHttpRequest(decodeResult: success, version: HTTP/1.1)
POST /session/fb43a58343726f02ff3e266572b07923/element HTTP/1.1
User-Agent: selenium/4.1.2 (java windows)
Content-Length: 136
Content-Type: application/json; charset=utf-8
host: localhost:64660
accept: */*

Response DefaultHttpResponse(decodeResult: success, version: HTTP/1.1)
HTTP/1.1 200 OK
Content-Type: application/json; charset=utf-8
cache-control: no-cache
content-length: 88

16:05:40.840 [AsyncHttpClient-1-4] DEBUG org.asynchttpclient.netty.channel.ChannelManager - Adding key: http://localhost:64660 for channel [id: 0xf3b6427b, L:/127.0.0.1:60054 - R:localhost/127.0.0.1:64660]
16:05:40.851 [Forwarding clickElement on session fb43a58343726f02ff3e266572b07923 to remote] DEBUG org.asynchttpclient.netty.request.NettyRequestSender - Using pooled Channel '[id: 0xf3b6427b, L:/127.0.0.1:60054 - R:localhost/127.0.0.1:64660]' for 'POST' to 'http://localhost:64660/session/fb43a58343726f02ff3e266572b07923/element/c3e017dd-ab5a-468b-b81d-ea1e118b7cea/click'
16:05:40.851 [Forwarding clickElement on session fb43a58343726f02ff3e266572b07923 to remote] DEBUG org.asynchttpclient.netty.request.NettyRequestSender - Using open Channel [id: 0xf3b6427b, L:/127.0.0.1:60054 - R:localhost/127.0.0.1:64660] for POST '/session/fb43a58343726f02ff3e266572b07923/element/c3e017dd-ab5a-468b-b81d-ea1e118b7cea/click'
16:05:41.284 [AsyncHttpClient-1-4] DEBUG org.asynchttpclient.netty.handler.HttpHandler - 

Request DefaultHttpRequest(decodeResult: success, version: HTTP/1.1)
POST /session/fb43a58343726f02ff3e266572b07923/element/c3e017dd-ab5a-468b-b81d-ea1e118b7cea/click HTTP/1.1
User-Agent: selenium/4.1.2 (java windows)
Content-Length: 50
Content-Type: application/json; charset=utf-8
host: localhost:64660
accept: */*

Response DefaultHttpResponse(decodeResult: success, version: HTTP/1.1)
HTTP/1.1 200 OK
Content-Type: application/json; charset=utf-8
cache-control: no-cache
content-length: 14

16:05:41.284 [AsyncHttpClient-1-4] DEBUG org.asynchttpclient.netty.channel.ChannelManager - Adding key: http://localhost:64660 for channel [id: 0xf3b6427b, L:/127.0.0.1:60054 - R:localhost/127.0.0.1:64660]
16:05:41.302 [Forwarding screenshot on session fb43a58343726f02ff3e266572b07923 to remote] DEBUG org.asynchttpclient.netty.request.NettyRequestSender - Using pooled Channel '[id: 0xf3b6427b, L:/127.0.0.1:60054 - R:localhost/127.0.0.1:64660]' for 'GET' to 'http://localhost:64660/session/fb43a58343726f02ff3e266572b07923/screenshot'
16:05:41.303 [Forwarding screenshot on session fb43a58343726f02ff3e266572b07923 to remote] DEBUG org.asynchttpclient.netty.request.NettyRequestSender - Using open Channel [id: 0xf3b6427b, L:/127.0.0.1:60054 - R:localhost/127.0.0.1:64660] for GET '/session/fb43a58343726f02ff3e266572b07923/screenshot'
16:05:41.742 [AsyncHttpClient-1-1] DEBUG org.asynchttpclient.netty.channel.DefaultChannelPool - Entry count for : http://localhost:60055 : 1
16:05:41.978 [AsyncHttpClient-1-4] DEBUG org.asynchttpclient.netty.handler.HttpHandler - 

Request DefaultFullHttpRequest(decodeResult: success, version: HTTP/1.1, content: EmptyByteBufBE)
GET /session/fb43a58343726f02ff3e266572b07923/screenshot HTTP/1.1
User-Agent: selenium/4.1.2 (java windows)
Cache-Control: no-cache
Content-Type: application/json; charset=utf-8
host: localhost:64660
accept: */*

Response DefaultHttpResponse(decodeResult: success, version: HTTP/1.1)
HTTP/1.1 200 OK
Content-Type: application/json; charset=utf-8
cache-control: no-cache
content-length: 35412

16:05:41.979 [AsyncHttpClient-1-4] DEBUG org.asynchttpclient.netty.channel.ChannelManager - Adding key: http://localhost:64660 for channel [id: 0xf3b6427b, L:/127.0.0.1:60054 - R:localhost/127.0.0.1:64660]
16:05:41.984 [main] DEBUG net.serenitybdd.core.photography.Darkroom - Send negative for processing for target\site\serenity\3374d11e0c9e99c00f32713289db89f281bf4a594eac3e4355b03ac053b29519.png
16:05:41.984 [main] DEBUG net.thucydides.core.steps.StepInterceptor - STEP DONE: clickLoginButton
  &amp#27;[32mAnd &amp#27;[0m&amp#27;[32mClick login button&amp#27;[0m                           &amp#27;[90m# starter.stepdefinitions.LoginSteps.clickLoginButton()&amp#27;[0m
16:05:41.985 [Darkroom Processing Line] DEBUG net.serenitybdd.core.photography.DarkroomProcessingLine - Processing screenshot image in /var/screenshots/screenshot-865233138731177629
16:05:41.985 [Darkroom Processing Line] DEBUG net.serenitybdd.core.photography.DarkroomProcessingLine - Saving screenshot to target\site\serenity\3374d11e0c9e99c00f32713289db89f281bf4a594eac3e4355b03ac053b29519.png
16:05:42.053 [Forwarding screenshot on session fb43a58343726f02ff3e266572b07923 to remote] DEBUG org.asynchttpclient.netty.request.NettyRequestSender - Using pooled Channel '[id: 0xf3b6427b, L:/127.0.0.1:60054 - R:localhost/127.0.0.1:64660]' for 'GET' to 'http://localhost:64660/session/fb43a58343726f02ff3e266572b07923/screenshot'
16:05:42.053 [Forwarding screenshot on session fb43a58343726f02ff3e266572b07923 to remote] DEBUG org.asynchttpclient.netty.request.NettyRequestSender - Using open Channel [id: 0xf3b6427b, L:/127.0.0.1:60054 - R:localhost/127.0.0.1:64660] for GET '/session/fb43a58343726f02ff3e266572b07923/screenshot'
16:05:42.241 [AsyncHttpClient-1-4] DEBUG org.asynchttpclient.netty.handler.HttpHandler - 

Request DefaultFullHttpRequest(decodeResult: success, version: HTTP/1.1, content: EmptyByteBufBE)
GET /session/fb43a58343726f02ff3e266572b07923/screenshot HTTP/1.1
User-Agent: selenium/4.1.2 (java windows)
Cache-Control: no-cache
Content-Type: application/json; charset=utf-8
host: localhost:64660
accept: */*

Response DefaultHttpResponse(decodeResult: success, version: HTTP/1.1)
HTTP/1.1 200 OK
Content-Type: application/json; charset=utf-8
cache-control: no-cache
content-length: 35412

16:05:42.242 [AsyncHttpClient-1-4] DEBUG org.asynchttpclient.netty.channel.ChannelManager - Adding key: http://localhost:64660 for channel [id: 0xf3b6427b, L:/127.0.0.1:60054 - R:localhost/127.0.0.1:64660]
16:05:42.246 [main] DEBUG net.serenitybdd.core.photography.Darkroom - Send negative for processing for target\site\serenity\3374d11e0c9e99c00f32713289db89f281bf4a594eac3e4355b03ac053b29519.png
16:05:42.247 [main] DEBUG net.thucydides.core.steps.StepInterceptor - STARTING STEP: LoginSteps.iGet - errorMessageAppears
16:05:42.253 [Forwarding findElement on session fb43a58343726f02ff3e266572b07923 to remote] DEBUG org.asynchttpclient.netty.request.NettyRequestSender - Using pooled Channel '[id: 0xf3b6427b, L:/127.0.0.1:60054 - R:localhost/127.0.0.1:64660]' for 'POST' to 'http://localhost:64660/session/fb43a58343726f02ff3e266572b07923/element'
16:05:42.253 [Forwarding findElement on session fb43a58343726f02ff3e266572b07923 to remote] DEBUG org.asynchttpclient.netty.request.NettyRequestSender - Using open Channel [id: 0xf3b6427b, L:/127.0.0.1:60054 - R:localhost/127.0.0.1:64660] for POST '/session/fb43a58343726f02ff3e266572b07923/element'
16:05:42.268 [AsyncHttpClient-1-4] DEBUG org.asynchttpclient.netty.handler.HttpHandler - 

Request DefaultHttpRequest(decodeResult: success, version: HTTP/1.1)
POST /session/fb43a58343726f02ff3e266572b07923/element HTTP/1.1
User-Agent: selenium/4.1.2 (java windows)
Content-Length: 53
Content-Type: application/json; charset=utf-8
host: localhost:64660
accept: */*

Response DefaultHttpResponse(decodeResult: success, version: HTTP/1.1)
HTTP/1.1 400 Bad Request
Content-Type: application/json; charset=utf-8
cache-control: no-cache
content-length: 957

16:05:42.268 [AsyncHttpClient-1-4] DEBUG org.asynchttpclient.netty.channel.ChannelManager - Adding key: http://localhost:64660 for channel [id: 0xf3b6427b, L:/127.0.0.1:60054 - R:localhost/127.0.0.1:64660]
16:05:42.283 [Forwarding findElement on session fb43a58343726f02ff3e266572b07923 to remote] DEBUG org.asynchttpclient.netty.request.NettyRequestSender - Using pooled Channel '[id: 0xf3b6427b, L:/127.0.0.1:60054 - R:localhost/127.0.0.1:64660]' for 'POST' to 'http://localhost:64660/session/fb43a58343726f02ff3e266572b07923/element'
16:05:42.283 [Forwarding findElement on session fb43a58343726f02ff3e266572b07923 to remote] DEBUG org.asynchttpclient.netty.request.NettyRequestSender - Using open Channel [id: 0xf3b6427b, L:/127.0.0.1:60054 - R:localhost/127.0.0.1:64660] for POST '/session/fb43a58343726f02ff3e266572b07923/element'
16:05:42.313 [AsyncHttpClient-1-4] DEBUG org.asynchttpclient.netty.handler.HttpHandler - 

Request DefaultHttpRequest(decodeResult: success, version: HTTP/1.1)
POST /session/fb43a58343726f02ff3e266572b07923/element HTTP/1.1
User-Agent: selenium/4.1.2 (java windows)
Content-Length: 63
Content-Type: application/json; charset=utf-8
host: localhost:64660
accept: */*

Response DefaultHttpResponse(decodeResult: success, version: HTTP/1.1)
HTTP/1.1 200 OK
Content-Type: application/json; charset=utf-8
cache-control: no-cache
content-length: 88

16:05:42.313 [AsyncHttpClient-1-4] DEBUG org.asynchttpclient.netty.channel.ChannelManager - Adding key: http://localhost:64660 for channel [id: 0xf3b6427b, L:/127.0.0.1:60054 - R:localhost/127.0.0.1:64660]
16:05:42.325 [Forwarding isElementDisplayed on session fb43a58343726f02ff3e266572b07923 to remote] DEBUG org.asynchttpclient.netty.request.NettyRequestSender - Using pooled Channel '[id: 0xf3b6427b, L:/127.0.0.1:60054 - R:localhost/127.0.0.1:64660]' for 'POST' to 'http://localhost:64660/session/fb43a58343726f02ff3e266572b07923/execute/sync'
16:05:42.325 [Forwarding isElementDisplayed on session fb43a58343726f02ff3e266572b07923 to remote] DEBUG org.asynchttpclient.netty.request.NettyRequestSender - Using open Channel [id: 0xf3b6427b, L:/127.0.0.1:60054 - R:localhost/127.0.0.1:64660] for POST '/session/fb43a58343726f02ff3e266572b07923/execute/sync'
16:05:42.363 [AsyncHttpClient-1-4] DEBUG org.asynchttpclient.netty.handler.HttpHandler - 

Request DefaultHttpRequest(decodeResult: success, version: HTTP/1.1)
POST /session/fb43a58343726f02ff3e266572b07923/execute/sync HTTP/1.1
User-Agent: selenium/4.1.2 (java windows)
Content-Length: 48780
Content-Type: application/json; charset=utf-8
host: localhost:64660
accept: */*

Response DefaultHttpResponse(decodeResult: success, version: HTTP/1.1)
HTTP/1.1 200 OK
Content-Type: application/json; charset=utf-8
cache-control: no-cache
content-length: 14

16:05:42.364 [AsyncHttpClient-1-4] DEBUG org.asynchttpclient.netty.channel.ChannelManager - Adding key: http://localhost:64660 for channel [id: 0xf3b6427b, L:/127.0.0.1:60054 - R:localhost/127.0.0.1:64660]
16:05:42.375 [Forwarding screenshot on session fb43a58343726f02ff3e266572b07923 to remote] DEBUG org.asynchttpclient.netty.request.NettyRequestSender - Using pooled Channel '[id: 0xf3b6427b, L:/127.0.0.1:60054 - R:localhost/127.0.0.1:64660]' for 'GET' to 'http://localhost:64660/session/fb43a58343726f02ff3e266572b07923/screenshot'
16:05:42.375 [Forwarding screenshot on session fb43a58343726f02ff3e266572b07923 to remote] DEBUG org.asynchttpclient.netty.request.NettyRequestSender - Using open Channel [id: 0xf3b6427b, L:/127.0.0.1:60054 - R:localhost/127.0.0.1:64660] for GET '/session/fb43a58343726f02ff3e266572b07923/screenshot'
16:05:42.542 [AsyncHttpClient-1-4] DEBUG org.asynchttpclient.netty.handler.HttpHandler - 

Request DefaultFullHttpRequest(decodeResult: success, version: HTTP/1.1, content: EmptyByteBufBE)
GET /session/fb43a58343726f02ff3e266572b07923/screenshot HTTP/1.1
User-Agent: selenium/4.1.2 (java windows)
Cache-Control: no-cache
Content-Type: application/json; charset=utf-8
host: localhost:64660
accept: */*

Response DefaultHttpResponse(decodeResult: success, version: HTTP/1.1)
HTTP/1.1 200 OK
Content-Type: application/json; charset=utf-8
cache-control: no-cache
content-length: 35412

16:05:42.543 [AsyncHttpClient-1-4] DEBUG org.asynchttpclient.netty.channel.ChannelManager - Adding key: http://localhost:64660 for channel [id: 0xf3b6427b, L:/127.0.0.1:60054 - R:localhost/127.0.0.1:64660]
16:05:42.547 [main] DEBUG net.serenitybdd.core.photography.Darkroom - Send negative for processing for target\site\serenity\3374d11e0c9e99c00f32713289db89f281bf4a594eac3e4355b03ac053b29519.png
16:05:42.548 [main] DEBUG net.thucydides.core.steps.StepInterceptor - STEP DONE: errorMessageAppears
16:05:42.567 [main] DEBUG net.thucydides.core.steps.StepInterceptor - STARTING STEP: LoginSteps.iGet - errorMessageEquals
16:05:42.586 [Forwarding findElement on session fb43a58343726f02ff3e266572b07923 to remote] DEBUG org.asynchttpclient.netty.request.NettyRequestSender - Using pooled Channel '[id: 0xf3b6427b, L:/127.0.0.1:60054 - R:localhost/127.0.0.1:64660]' for 'POST' to 'http://localhost:64660/session/fb43a58343726f02ff3e266572b07923/element'
16:05:42.587 [Forwarding findElement on session fb43a58343726f02ff3e266572b07923 to remote] DEBUG org.asynchttpclient.netty.request.NettyRequestSender - Using open Channel [id: 0xf3b6427b, L:/127.0.0.1:60054 - R:localhost/127.0.0.1:64660] for POST '/session/fb43a58343726f02ff3e266572b07923/element'
16:05:42.599 [AsyncHttpClient-1-4] DEBUG org.asynchttpclient.netty.handler.HttpHandler - 

Request DefaultHttpRequest(decodeResult: success, version: HTTP/1.1)
POST /session/fb43a58343726f02ff3e266572b07923/element HTTP/1.1
User-Agent: selenium/4.1.2 (java windows)
Content-Length: 63
Content-Type: application/json; charset=utf-8
host: localhost:64660
accept: */*

Response DefaultHttpResponse(decodeResult: success, version: HTTP/1.1)
HTTP/1.1 200 OK
Content-Type: application/json; charset=utf-8
cache-control: no-cache
content-length: 88

16:05:42.600 [AsyncHttpClient-1-4] DEBUG org.asynchttpclient.netty.channel.ChannelManager - Adding key: http://localhost:64660 for channel [id: 0xf3b6427b, L:/127.0.0.1:60054 - R:localhost/127.0.0.1:64660]
16:05:42.603 [Forwarding getElementText on session fb43a58343726f02ff3e266572b07923 to remote] DEBUG org.asynchttpclient.netty.request.NettyRequestSender - Using pooled Channel '[id: 0xf3b6427b, L:/127.0.0.1:60054 - R:localhost/127.0.0.1:64660]' for 'GET' to 'http://localhost:64660/session/fb43a58343726f02ff3e266572b07923/element/d456f4eb-bc26-4a82-8033-574ce57b76b3/text'
16:05:42.603 [Forwarding getElementText on session fb43a58343726f02ff3e266572b07923 to remote] DEBUG org.asynchttpclient.netty.request.NettyRequestSender - Using open Channel [id: 0xf3b6427b, L:/127.0.0.1:60054 - R:localhost/127.0.0.1:64660] for GET '/session/fb43a58343726f02ff3e266572b07923/element/d456f4eb-bc26-4a82-8033-574ce57b76b3/text'
16:05:42.632 [AsyncHttpClient-1-4] DEBUG org.asynchttpclient.netty.handler.HttpHandler - 

Request DefaultFullHttpRequest(decodeResult: success, version: HTTP/1.1, content: EmptyByteBufBE)
GET /session/fb43a58343726f02ff3e266572b07923/element/d456f4eb-bc26-4a82-8033-574ce57b76b3/text HTTP/1.1
User-Agent: selenium/4.1.2 (java windows)
Cache-Control: no-cache
Content-Type: application/json; charset=utf-8
host: localhost:64660
accept: */*

Response DefaultHttpResponse(decodeResult: success, version: HTTP/1.1)
HTTP/1.1 200 OK
Content-Type: application/json; charset=utf-8
cache-control: no-cache
content-length: 32

16:05:42.632 [AsyncHttpClient-1-4] DEBUG org.asynchttpclient.netty.channel.ChannelManager - Adding key: http://localhost:64660 for channel [id: 0xf3b6427b, L:/127.0.0.1:60054 - R:localhost/127.0.0.1:64660]
16:05:42.643 [Forwarding screenshot on session fb43a58343726f02ff3e266572b07923 to remote] DEBUG org.asynchttpclient.netty.request.NettyRequestSender - Using pooled Channel '[id: 0xf3b6427b, L:/127.0.0.1:60054 - R:localhost/127.0.0.1:64660]' for 'GET' to 'http://localhost:64660/session/fb43a58343726f02ff3e266572b07923/screenshot'
16:05:42.643 [Forwarding screenshot on session fb43a58343726f02ff3e266572b07923 to remote] DEBUG org.asynchttpclient.netty.request.NettyRequestSender - Using open Channel [id: 0xf3b6427b, L:/127.0.0.1:60054 - R:localhost/127.0.0.1:64660] for GET '/session/fb43a58343726f02ff3e266572b07923/screenshot'
16:05:42.821 [AsyncHttpClient-1-4] DEBUG org.asynchttpclient.netty.handler.HttpHandler - 

Request DefaultFullHttpRequest(decodeResult: success, version: HTTP/1.1, content: EmptyByteBufBE)
GET /session/fb43a58343726f02ff3e266572b07923/screenshot HTTP/1.1
User-Agent: selenium/4.1.2 (java windows)
Cache-Control: no-cache
Content-Type: application/json; charset=utf-8
host: localhost:64660
accept: */*

Response DefaultHttpResponse(decodeResult: success, version: HTTP/1.1)
HTTP/1.1 200 OK
Content-Type: application/json; charset=utf-8
cache-control: no-cache
content-length: 35412

16:05:42.822 [AsyncHttpClient-1-4] DEBUG org.asynchttpclient.netty.channel.ChannelManager - Adding key: http://localhost:64660 for channel [id: 0xf3b6427b, L:/127.0.0.1:60054 - R:localhost/127.0.0.1:64660]
16:05:42.828 [main] DEBUG net.serenitybdd.core.photography.Darkroom - Send negative for processing for target\site\serenity\3374d11e0c9e99c00f32713289db89f281bf4a594eac3e4355b03ac053b29519.png
16:05:42.828 [main] DEBUG net.thucydides.core.steps.StepInterceptor - STEP DONE: errorMessageEquals
  &amp#27;[32mThen &amp#27;[0m&amp#27;[32mI get &amp#27;[0m&amp#27;[32m&amp#27;[1m"Alert message: password is required"&amp#27;[0m &amp#27;[90m# starter.stepdefinitions.LoginSteps.iGet(java.lang.String)&amp#27;[0m
16:05:42.843 [AsyncHttpClient-1-1] DEBUG org.asynchttpclient.netty.channel.DefaultChannelPool - Entry count for : http://localhost:60055 : 1
16:05:42.843 [AsyncHttpClient-1-1] DEBUG org.asynchttpclient.netty.channel.DefaultChannelPool - Entry count for : http://localhost:64660 : 1
16:05:42.851 [AsyncHttpClient-1-2] DEBUG org.asynchttpclient.netty.handler.WebSocketHandler - Channel Closed: [id: 0x5637095b, L:/127.0.0.1:60062 ! R:localhost/127.0.0.1:60055] with attribute NettyResponseFuture{currentRetry=5,
	isDone=1,
	isCancelled=0,
	asyncHandler=org.asynchttpclient.ws.WebSocketUpgradeHandler@18480874,
	nettyRequest=org.asynchttpclient.netty.request.NettyRequest@1a7a7d0b,
	future=java.util.concurrent.CompletableFuture@6f44f1a3[Completed normally],
	uri=ws://localhost:60055/devtools/browser/55fe4c23-51aa-414b-9148-bcf07f3a5c3d,
	keepAlive=true,
	redirectCount=0,
	timeoutsHolder=null,
	inAuth=0,
	touch=1652778334852}
16:05:42.851 [AsyncHttpClient-1-2] DEBUG org.asynchttpclient.netty.channel.ChannelManager - Closing Channel [id: 0x5637095b, L:/127.0.0.1:60062 ! R:localhost/127.0.0.1:60055] 
16:05:42.856 [Driver Command Executor] DEBUG org.asynchttpclient.netty.request.NettyRequestSender - Using pooled Channel '[id: 0xf3b6427b, L:/127.0.0.1:60054 - R:localhost/127.0.0.1:64660]' for 'DELETE' to 'http://localhost:64660/session/fb43a58343726f02ff3e266572b07923'
16:05:42.856 [Driver Command Executor] DEBUG org.asynchttpclient.netty.request.NettyRequestSender - Using open Channel [id: 0xf3b6427b, L:/127.0.0.1:60054 - R:localhost/127.0.0.1:64660] for DELETE '/session/fb43a58343726f02ff3e266572b07923'
16:05:43.113 [AsyncHttpClient-1-5] DEBUG org.asynchttpclient.netty.handler.HttpHandler - Unexpected I/O exception on channel [id: 0x970cce6f, L:/127.0.0.1:60061 - R:localhost/127.0.0.1:60055]
java.net.SocketException: Connection reset
	at java.base/sun.nio.ch.SocketChannelImpl.throwConnectionReset(SocketChannelImpl.java:367)
	at java.base/sun.nio.ch.SocketChannelImpl.read(SocketChannelImpl.java:398)
	at io.netty.buffer.PooledByteBuf.setBytes(PooledByteBuf.java:258)
	at io.netty.buffer.AbstractByteBuf.writeBytes(AbstractByteBuf.java:1132)
	at io.netty.channel.socket.nio.NioSocketChannel.doReadBytes(NioSocketChannel.java:350)
	at io.netty.channel.nio.AbstractNioByteChannel$NioByteUnsafe.read(AbstractNioByteChannel.java:151)
	at io.netty.channel.nio.NioEventLoop.processSelectedKey(NioEventLoop.java:722)
	at io.netty.channel.nio.NioEventLoop.processSelectedKeysOptimized(NioEventLoop.java:658)
	at io.netty.channel.nio.NioEventLoop.processSelectedKeys(NioEventLoop.java:584)
	at io.netty.channel.nio.NioEventLoop.run(NioEventLoop.java:496)
	at io.netty.util.concurrent.SingleThreadEventExecutor$4.run(SingleThreadEventExecutor.java:986)
	at io.netty.util.internal.ThreadExecutorMap$2.run(ThreadExecutorMap.java:74)
	at io.netty.util.concurrent.FastThreadLocalRunnable.run(FastThreadLocalRunnable.java:30)
	at java.base/java.lang.Thread.run(Thread.java:832)
16:05:43.113 [AsyncHttpClient-1-5] DEBUG org.asynchttpclient.netty.channel.ChannelManager - Closing Channel [id: 0x970cce6f, L:/127.0.0.1:60061 - R:localhost/127.0.0.1:60055] 
16:05:43.114 [AsyncHttpClient-1-5] DEBUG org.asynchttpclient.netty.handler.HttpHandler - Channel Closed: [id: 0x970cce6f, L:/127.0.0.1:60061 ! R:localhost/127.0.0.1:60055] with attribute DISCARD
16:05:43.146 [AsyncHttpClient-1-4] DEBUG org.asynchttpclient.netty.handler.HttpHandler - 

Request DefaultFullHttpRequest(decodeResult: success, version: HTTP/1.1, content: EmptyByteBufBE)
DELETE /session/fb43a58343726f02ff3e266572b07923 HTTP/1.1
User-Agent: selenium/4.1.2 (java windows)
Content-Type: application/json; charset=utf-8
host: localhost:64660
accept: */*

Response DefaultHttpResponse(decodeResult: success, version: HTTP/1.1)
HTTP/1.1 200 OK
Content-Type: application/json; charset=utf-8
cache-control: no-cache
content-length: 14

16:05:43.146 [AsyncHttpClient-1-4] DEBUG org.asynchttpclient.netty.channel.ChannelManager - Adding key: http://localhost:64660 for channel [id: 0xf3b6427b, L:/127.0.0.1:60054 - R:localhost/127.0.0.1:64660]
16:05:43.726 [AsyncHttpClient-1-4] DEBUG org.asynchttpclient.netty.handler.HttpHandler - Channel Closed: [id: 0xf3b6427b, L:/127.0.0.1:60054 ! R:localhost/127.0.0.1:64660] with attribute DISCARD
16:05:43.945 [AsyncHttpClient-1-1] DEBUG org.asynchttpclient.netty.channel.DefaultChannelPool - Entry count for : http://localhost:60055 : 1
16:05:43.945 [AsyncHttpClient-1-1] DEBUG org.asynchttpclient.netty.channel.DefaultChannelPool - Entry count for : http://localhost:64660 : 1
16:05:43.945 [AsyncHttpClient-1-1] DEBUG org.asynchttpclient.netty.channel.DefaultChannelPool - Adding Candidate expired Channel [id: 0x970cce6f, L:/127.0.0.1:60061 ! R:localhost/127.0.0.1:60055] isIdleTimeoutExpired=false isRemotelyClosed=true isTtlExpired=false
16:05:43.945 [AsyncHttpClient-1-1] DEBUG org.asynchttpclient.netty.channel.DefaultChannelPool - Closing Idle Channel [id: 0x970cce6f, L:/127.0.0.1:60061 ! R:localhost/127.0.0.1:60055]
16:05:43.945 [AsyncHttpClient-1-1] DEBUG org.asynchttpclient.netty.channel.DefaultChannelPool - Adding Candidate expired Channel [id: 0xf3b6427b, L:/127.0.0.1:60054 ! R:localhost/127.0.0.1:64660] isIdleTimeoutExpired=false isRemotelyClosed=true isTtlExpired=false
16:05:43.945 [AsyncHttpClient-1-1] DEBUG org.asynchttpclient.netty.channel.DefaultChannelPool - Closing Idle Channel [id: 0xf3b6427b, L:/127.0.0.1:60054 ! R:localhost/127.0.0.1:64660]
16:05:43.945 [AsyncHttpClient-1-1] DEBUG org.asynchttpclient.netty.channel.DefaultChannelPool - Closed 2 connections out of 2 in 0 ms
]]></system-out>
    <system-err><![CDATA[Starting ChromeDriver 100.0.4896.60 (6a5d10861ce8de5fce22564658033b43cb7de047-refs/branch-heads/4896@{#875}) on port 64660
Only local connections are allowed.
Please see https://chromedriver.chromium.org/security-considerations for suggestions on keeping ChromeDriver safe.
ChromeDriver was started successfully.
[1652778333.291][WARNING]: This version of ChromeDriver has not been tested with Chrome version 101.
May 17, 2022 4:05:34 PM org.openqa.selenium.remote.ProtocolHandshake createSession
INFO: Detected dialect: W3C
May 17, 2022 4:05:34 PM org.openqa.selenium.devtools.CdpVersionFinder findNearestMatch
WARNING: Unable to find an exact match for CDP version 101, so returning the closest version found: 97
May 17, 2022 4:05:34 PM org.openqa.selenium.devtools.CdpVersionFinder findNearestMatch
INFO: Found CDP implementation for version 101 of 97
]]></system-err>
  </testcase>
  <testcase name="Login #4" classname="Login" time="16.406">
    <system-out><![CDATA[
Scenario Outline: Login                         &amp#27;[90m# src/test/resources/features/Login.feature:18&amp#27;[0m
16:05:44.280 [main] INFO io.cucumber.core.plugin.SerenityReporter - Running feature from file:///C:/Users/ponda/Documents/Final_Project/Final_Web/src/test/resources/features/Login.feature
16:05:44.410 [main] DEBUG net.thucydides.core.steps.StepInterceptor - STARTING STEP: LoginSteps.iAmOnQaAltaIdLoginPage - openUrl
16:05:44.413 [main] INFO net.serenitybdd.core.webdriver.driverproviders.ChromeDriverProvider - Using automatically driver download
16:05:44.897 [main] DEBUG io.github.bonigarcia.wdm.cache.ResolutionCache - Resolution chrome=101 in cache (valid until 17:04:06 17/05/2022 WIB)
16:05:44.941 [main] DEBUG io.github.bonigarcia.wdm.cache.ResolutionCache - Resolution chrome101=101.0.4951.41 in cache (valid until 16:04:06 18/05/2022 WIB)
16:05:44.947 [main] INFO io.github.bonigarcia.wdm.WebDriverManager - Using chromedriver 101.0.4951.41 (resolved driver for Chrome 101)
16:05:45.022 [main] DEBUG io.github.bonigarcia.wdm.WebDriverManager - Driver chromedriver 101.0.4951.41 found in cache
16:05:45.025 [main] INFO io.github.bonigarcia.wdm.WebDriverManager - Exporting webdriver.chrome.driver as C:\Users\ponda\.cache\selenium\chromedriver\win32\101.0.4951.41\chromedriver.exe
16:05:45.469 [main] DEBUG net.serenitybdd.core.webdriver.driverproviders.ProvideNewDriver - Instantiating driver
16:05:45.469 [main] DEBUG net.serenitybdd.core.webdriver.driverproviders.ProvideNewDriver - Driver capabilities: Capabilities {acceptInsecureCerts: false, base.url: https://qa.alta.id, browserName: chrome, chrome.driver: src/test/resources/webdrive..., driver: chrome, goog:chromeOptions: {args: [], extensions: []}}
16:05:46.038 [AsyncHttpClient-1-3] DEBUG org.asynchttpclient.netty.channel.NettyConnectListener - Using new Channel '[id: 0x7724ffa5, L:/127.0.0.1:60085 - R:localhost/127.0.0.1:55254]' for 'POST' to '/session'
16:05:49.259 [AsyncHttpClient-1-3] DEBUG org.asynchttpclient.netty.handler.HttpHandler - 

Request DefaultHttpRequest(decodeResult: success, version: HTTP/1.1)
POST /session HTTP/1.1
User-Agent: selenium/4.1.2 (java windows)
Content-Length: 599
Content-Type: application/json; charset=utf-8
host: localhost:55254
accept: */*

Response DefaultHttpResponse(decodeResult: success, version: HTTP/1.1)
HTTP/1.1 200 OK
Content-Type: application/json; charset=utf-8
cache-control: no-cache
content-length: 790

16:05:49.260 [AsyncHttpClient-1-3] DEBUG org.asynchttpclient.netty.channel.ChannelManager - Adding key: http://localhost:55254 for channel [id: 0x7724ffa5, L:/127.0.0.1:60085 - R:localhost/127.0.0.1:55254]
16:05:49.291 [AsyncHttpClient-1-4] DEBUG org.asynchttpclient.netty.channel.NettyConnectListener - Using new Channel '[id: 0xc722e9f8, L:/127.0.0.1:60093 - R:localhost/127.0.0.1:60086]' for 'GET' to '/json/version'
16:05:49.296 [AsyncHttpClient-1-4] DEBUG org.asynchttpclient.netty.handler.HttpHandler - 

Request DefaultFullHttpRequest(decodeResult: success, version: HTTP/1.1, content: EmptyByteBufBE)
GET /json/version HTTP/1.1
User-Agent: selenium/4.1.2 (java windows)
host: localhost:60086
accept: */*

Response DefaultHttpResponse(decodeResult: success, version: HTTP/1.1)
HTTP/1.1 200 OK
Content-Type: application/json; charset=UTF-8
content-length: 427

16:05:49.298 [AsyncHttpClient-1-4] DEBUG org.asynchttpclient.netty.channel.ChannelManager - Adding key: http://localhost:60086 for channel [id: 0xc722e9f8, L:/127.0.0.1:60093 - R:localhost/127.0.0.1:60086]
16:05:49.310 [AsyncHttpClient-1-5] DEBUG org.asynchttpclient.netty.channel.NettyConnectListener - Using new Channel '[id: 0x3427b6d9, L:/127.0.0.1:60094 - R:localhost/127.0.0.1:60086]' for 'GET' to '/devtools/browser/f0cfcf8b-8e8e-4e4d-88c8-953919161491'
16:05:49.312 [AsyncHttpClient-1-5] DEBUG org.asynchttpclient.netty.handler.WebSocketHandler - 

Request DefaultFullHttpRequest(decodeResult: success, version: HTTP/1.1, content: EmptyByteBufBE)
GET /devtools/browser/f0cfcf8b-8e8e-4e4d-88c8-953919161491 HTTP/1.1
upgrade: websocket
connection: upgrade
sec-websocket-key: ME1Zvz6IuIK/5+4p6R/nSg==
sec-websocket-version: 13
origin: http://localhost:60086
host: localhost:60086
accept: */*
user-agent: AHC/2.1

Response DefaultHttpResponse(decodeResult: success, version: HTTP/1.1)
HTTP/1.1 101 WebSocket Protocol Handshake
Upgrade: WebSocket
Connection: Upgrade
Sec-WebSocket-Accept: UXC3Fo9kGGmPLWjO8NwCUi9O4wM=

16:05:49.344 [Forwarding maximizeCurrentWindow on session d7293eecc3ecefbf4554f83778b11b00 to remote] DEBUG org.asynchttpclient.netty.request.NettyRequestSender - Using pooled Channel '[id: 0x7724ffa5, L:/127.0.0.1:60085 - R:localhost/127.0.0.1:55254]' for 'POST' to 'http://localhost:55254/session/d7293eecc3ecefbf4554f83778b11b00/window/maximize'
16:05:49.345 [Forwarding maximizeCurrentWindow on session d7293eecc3ecefbf4554f83778b11b00 to remote] DEBUG org.asynchttpclient.netty.request.NettyRequestSender - Using open Channel [id: 0x7724ffa5, L:/127.0.0.1:60085 - R:localhost/127.0.0.1:55254] for POST '/session/d7293eecc3ecefbf4554f83778b11b00/window/maximize'
16:05:49.642 [AsyncHttpClient-1-1] DEBUG org.asynchttpclient.netty.channel.DefaultChannelPool - Entry count for : http://localhost:60086 : 1
16:05:49.648 [AsyncHttpClient-1-3] DEBUG org.asynchttpclient.netty.handler.HttpHandler - 

Request DefaultHttpRequest(decodeResult: success, version: HTTP/1.1)
POST /session/d7293eecc3ecefbf4554f83778b11b00/window/maximize HTTP/1.1
User-Agent: selenium/4.1.2 (java windows)
Content-Length: 3
Content-Type: application/json; charset=utf-8
host: localhost:55254
accept: */*

Response DefaultHttpResponse(decodeResult: success, version: HTTP/1.1)
HTTP/1.1 200 OK
Content-Type: application/json; charset=utf-8
cache-control: no-cache
content-length: 51

16:05:49.648 [AsyncHttpClient-1-3] DEBUG org.asynchttpclient.netty.channel.ChannelManager - Adding key: http://localhost:55254 for channel [id: 0x7724ffa5, L:/127.0.0.1:60085 - R:localhost/127.0.0.1:55254]
16:05:49.652 [Forwarding get on session d7293eecc3ecefbf4554f83778b11b00 to remote] DEBUG org.asynchttpclient.netty.request.NettyRequestSender - Using pooled Channel '[id: 0x7724ffa5, L:/127.0.0.1:60085 - R:localhost/127.0.0.1:55254]' for 'POST' to 'http://localhost:55254/session/d7293eecc3ecefbf4554f83778b11b00/url'
16:05:49.652 [Forwarding get on session d7293eecc3ecefbf4554f83778b11b00 to remote] DEBUG org.asynchttpclient.netty.request.NettyRequestSender - Using open Channel [id: 0x7724ffa5, L:/127.0.0.1:60085 - R:localhost/127.0.0.1:55254] for POST '/session/d7293eecc3ecefbf4554f83778b11b00/url'
16:05:52.258 [AsyncHttpClient-1-1] DEBUG org.asynchttpclient.netty.channel.DefaultChannelPool - Entry count for : http://localhost:60086 : 1
16:05:53.406 [AsyncHttpClient-1-1] DEBUG org.asynchttpclient.netty.channel.DefaultChannelPool - Entry count for : http://localhost:60086 : 1
16:05:54.268 [AsyncHttpClient-1-3] DEBUG org.asynchttpclient.netty.handler.HttpHandler - 

Request DefaultHttpRequest(decodeResult: success, version: HTTP/1.1)
POST /session/d7293eecc3ecefbf4554f83778b11b00/url HTTP/1.1
User-Agent: selenium/4.1.2 (java windows)
Content-Length: 64
Content-Type: application/json; charset=utf-8
host: localhost:55254
accept: */*

Response DefaultHttpResponse(decodeResult: success, version: HTTP/1.1)
HTTP/1.1 200 OK
Content-Type: application/json; charset=utf-8
cache-control: no-cache
content-length: 14

16:05:54.268 [AsyncHttpClient-1-3] DEBUG org.asynchttpclient.netty.channel.ChannelManager - Adding key: http://localhost:55254 for channel [id: 0x7724ffa5, L:/127.0.0.1:60085 - R:localhost/127.0.0.1:55254]
16:05:54.272 [Forwarding setTimeout on session d7293eecc3ecefbf4554f83778b11b00 to remote] DEBUG org.asynchttpclient.netty.request.NettyRequestSender - Using pooled Channel '[id: 0x7724ffa5, L:/127.0.0.1:60085 - R:localhost/127.0.0.1:55254]' for 'POST' to 'http://localhost:55254/session/d7293eecc3ecefbf4554f83778b11b00/timeouts'
16:05:54.272 [Forwarding setTimeout on session d7293eecc3ecefbf4554f83778b11b00 to remote] DEBUG org.asynchttpclient.netty.request.NettyRequestSender - Using open Channel [id: 0x7724ffa5, L:/127.0.0.1:60085 - R:localhost/127.0.0.1:55254] for POST '/session/d7293eecc3ecefbf4554f83778b11b00/timeouts'
16:05:54.279 [AsyncHttpClient-1-3] DEBUG org.asynchttpclient.netty.handler.HttpHandler - 

Request DefaultHttpRequest(decodeResult: success, version: HTTP/1.1)
POST /session/d7293eecc3ecefbf4554f83778b11b00/timeouts HTTP/1.1
User-Agent: selenium/4.1.2 (java windows)
Content-Length: 22
Content-Type: application/json; charset=utf-8
host: localhost:55254
accept: */*

Response DefaultHttpResponse(decodeResult: success, version: HTTP/1.1)
HTTP/1.1 200 OK
Content-Type: application/json; charset=utf-8
cache-control: no-cache
content-length: 14

16:05:54.279 [AsyncHttpClient-1-3] DEBUG org.asynchttpclient.netty.channel.ChannelManager - Adding key: http://localhost:55254 for channel [id: 0x7724ffa5, L:/127.0.0.1:60085 - R:localhost/127.0.0.1:55254]
16:05:54.289 [Forwarding getCurrentUrl on session d7293eecc3ecefbf4554f83778b11b00 to remote] DEBUG org.asynchttpclient.netty.request.NettyRequestSender - Using pooled Channel '[id: 0x7724ffa5, L:/127.0.0.1:60085 - R:localhost/127.0.0.1:55254]' for 'GET' to 'http://localhost:55254/session/d7293eecc3ecefbf4554f83778b11b00/url'
16:05:54.289 [Forwarding getCurrentUrl on session d7293eecc3ecefbf4554f83778b11b00 to remote] DEBUG org.asynchttpclient.netty.request.NettyRequestSender - Using open Channel [id: 0x7724ffa5, L:/127.0.0.1:60085 - R:localhost/127.0.0.1:55254] for GET '/session/d7293eecc3ecefbf4554f83778b11b00/url'
16:05:54.300 [AsyncHttpClient-1-3] DEBUG org.asynchttpclient.netty.handler.HttpHandler - 

Request DefaultFullHttpRequest(decodeResult: success, version: HTTP/1.1, content: EmptyByteBufBE)
GET /session/d7293eecc3ecefbf4554f83778b11b00/url HTTP/1.1
User-Agent: selenium/4.1.2 (java windows)
Cache-Control: no-cache
Content-Type: application/json; charset=utf-8
host: localhost:55254
accept: */*

Response DefaultHttpResponse(decodeResult: success, version: HTTP/1.1)
HTTP/1.1 200 OK
Content-Type: application/json; charset=utf-8
cache-control: no-cache
content-length: 41

16:05:54.300 [AsyncHttpClient-1-3] DEBUG org.asynchttpclient.netty.channel.ChannelManager - Adding key: http://localhost:55254 for channel [id: 0x7724ffa5, L:/127.0.0.1:60085 - R:localhost/127.0.0.1:55254]
16:05:54.316 [Forwarding screenshot on session d7293eecc3ecefbf4554f83778b11b00 to remote] DEBUG org.asynchttpclient.netty.request.NettyRequestSender - Using pooled Channel '[id: 0x7724ffa5, L:/127.0.0.1:60085 - R:localhost/127.0.0.1:55254]' for 'GET' to 'http://localhost:55254/session/d7293eecc3ecefbf4554f83778b11b00/screenshot'
16:05:54.316 [Forwarding screenshot on session d7293eecc3ecefbf4554f83778b11b00 to remote] DEBUG org.asynchttpclient.netty.request.NettyRequestSender - Using open Channel [id: 0x7724ffa5, L:/127.0.0.1:60085 - R:localhost/127.0.0.1:55254] for GET '/session/d7293eecc3ecefbf4554f83778b11b00/screenshot'
16:05:54.448 [AsyncHttpClient-1-1] DEBUG org.asynchttpclient.netty.channel.DefaultChannelPool - Entry count for : http://localhost:60086 : 1
16:05:54.837 [AsyncHttpClient-1-3] DEBUG org.asynchttpclient.netty.handler.HttpHandler - 

Request DefaultFullHttpRequest(decodeResult: success, version: HTTP/1.1, content: EmptyByteBufBE)
GET /session/d7293eecc3ecefbf4554f83778b11b00/screenshot HTTP/1.1
User-Agent: selenium/4.1.2 (java windows)
Cache-Control: no-cache
Content-Type: application/json; charset=utf-8
host: localhost:55254
accept: */*

Response DefaultHttpResponse(decodeResult: success, version: HTTP/1.1)
HTTP/1.1 200 OK
Content-Type: application/json; charset=utf-8
cache-control: no-cache
content-length: 25384

16:05:54.839 [AsyncHttpClient-1-3] DEBUG org.asynchttpclient.netty.channel.ChannelManager - Adding key: http://localhost:55254 for channel [id: 0x7724ffa5, L:/127.0.0.1:60085 - R:localhost/127.0.0.1:55254]
16:05:54.844 [main] DEBUG net.serenitybdd.core.photography.Darkroom - Send negative for processing for target\site\serenity\6b6563c13227ef0b70a26f8a845b86304c5ded2ac83324d4bda7e0f4416b9ac5.png
16:05:54.845 [main] DEBUG net.thucydides.core.steps.StepInterceptor - STEP DONE: openUrl
  &amp#27;[32mGiven &amp#27;[0m&amp#27;[32mI am on qa.alta.id login page&amp#27;[0m           &amp#27;[90m# starter.stepdefinitions.LoginSteps.iAmOnQaAltaIdLoginPage()&amp#27;[0m
16:05:54.886 [main] DEBUG net.thucydides.core.steps.StepInterceptor - STARTING STEP: LoginSteps.inputEmail - inputEmail
16:05:54.895 [Forwarding findElement on session d7293eecc3ecefbf4554f83778b11b00 to remote] DEBUG org.asynchttpclient.netty.request.NettyRequestSender - Using pooled Channel '[id: 0x7724ffa5, L:/127.0.0.1:60085 - R:localhost/127.0.0.1:55254]' for 'POST' to 'http://localhost:55254/session/d7293eecc3ecefbf4554f83778b11b00/element'
16:05:54.895 [Forwarding findElement on session d7293eecc3ecefbf4554f83778b11b00 to remote] DEBUG org.asynchttpclient.netty.request.NettyRequestSender - Using open Channel [id: 0x7724ffa5, L:/127.0.0.1:60085 - R:localhost/127.0.0.1:55254] for POST '/session/d7293eecc3ecefbf4554f83778b11b00/element'
16:05:54.927 [AsyncHttpClient-1-3] DEBUG org.asynchttpclient.netty.handler.HttpHandler - 

Request DefaultHttpRequest(decodeResult: success, version: HTTP/1.1)
POST /session/d7293eecc3ecefbf4554f83778b11b00/element HTTP/1.1
User-Agent: selenium/4.1.2 (java windows)
Content-Length: 86
Content-Type: application/json; charset=utf-8
host: localhost:55254
accept: */*

Response DefaultHttpResponse(decodeResult: success, version: HTTP/1.1)
HTTP/1.1 200 OK
Content-Type: application/json; charset=utf-8
cache-control: no-cache
content-length: 88

16:05:54.927 [AsyncHttpClient-1-3] DEBUG org.asynchttpclient.netty.channel.ChannelManager - Adding key: http://localhost:55254 for channel [id: 0x7724ffa5, L:/127.0.0.1:60085 - R:localhost/127.0.0.1:55254]
16:05:54.932 [Forwarding clearElement on session d7293eecc3ecefbf4554f83778b11b00 to remote] DEBUG org.asynchttpclient.netty.request.NettyRequestSender - Using pooled Channel '[id: 0x7724ffa5, L:/127.0.0.1:60085 - R:localhost/127.0.0.1:55254]' for 'POST' to 'http://localhost:55254/session/d7293eecc3ecefbf4554f83778b11b00/element/5f957290-3af2-48f1-a462-64cfd9ec39b6/clear'
16:05:54.932 [Forwarding clearElement on session d7293eecc3ecefbf4554f83778b11b00 to remote] DEBUG org.asynchttpclient.netty.request.NettyRequestSender - Using open Channel [id: 0x7724ffa5, L:/127.0.0.1:60085 - R:localhost/127.0.0.1:55254] for POST '/session/d7293eecc3ecefbf4554f83778b11b00/element/5f957290-3af2-48f1-a462-64cfd9ec39b6/clear'
16:05:55.006 [AsyncHttpClient-1-3] DEBUG org.asynchttpclient.netty.handler.HttpHandler - 

Request DefaultHttpRequest(decodeResult: success, version: HTTP/1.1)
POST /session/d7293eecc3ecefbf4554f83778b11b00/element/5f957290-3af2-48f1-a462-64cfd9ec39b6/clear HTTP/1.1
User-Agent: selenium/4.1.2 (java windows)
Content-Length: 50
Content-Type: application/json; charset=utf-8
host: localhost:55254
accept: */*

Response DefaultHttpResponse(decodeResult: success, version: HTTP/1.1)
HTTP/1.1 200 OK
Content-Type: application/json; charset=utf-8
cache-control: no-cache
content-length: 14

16:05:55.006 [AsyncHttpClient-1-3] DEBUG org.asynchttpclient.netty.channel.ChannelManager - Adding key: http://localhost:55254 for channel [id: 0x7724ffa5, L:/127.0.0.1:60085 - R:localhost/127.0.0.1:55254]
16:05:55.011 [Forwarding sendKeysToElement on session d7293eecc3ecefbf4554f83778b11b00 to remote] DEBUG org.asynchttpclient.netty.request.NettyRequestSender - Using pooled Channel '[id: 0x7724ffa5, L:/127.0.0.1:60085 - R:localhost/127.0.0.1:55254]' for 'POST' to 'http://localhost:55254/session/d7293eecc3ecefbf4554f83778b11b00/element/5f957290-3af2-48f1-a462-64cfd9ec39b6/value'
16:05:55.011 [Forwarding sendKeysToElement on session d7293eecc3ecefbf4554f83778b11b00 to remote] DEBUG org.asynchttpclient.netty.request.NettyRequestSender - Using open Channel [id: 0x7724ffa5, L:/127.0.0.1:60085 - R:localhost/127.0.0.1:55254] for POST '/session/d7293eecc3ecefbf4554f83778b11b00/element/5f957290-3af2-48f1-a462-64cfd9ec39b6/value'
16:05:55.167 [AsyncHttpClient-1-3] DEBUG org.asynchttpclient.netty.handler.HttpHandler - 

Request DefaultHttpRequest(decodeResult: success, version: HTTP/1.1)
POST /session/d7293eecc3ecefbf4554f83778b11b00/element/5f957290-3af2-48f1-a462-64cfd9ec39b6/value HTTP/1.1
User-Agent: selenium/4.1.2 (java windows)
Content-Length: 82
Content-Type: application/json; charset=utf-8
host: localhost:55254
accept: */*

Response DefaultHttpResponse(decodeResult: success, version: HTTP/1.1)
HTTP/1.1 200 OK
Content-Type: application/json; charset=utf-8
cache-control: no-cache
content-length: 14

16:05:55.167 [AsyncHttpClient-1-3] DEBUG org.asynchttpclient.netty.channel.ChannelManager - Adding key: http://localhost:55254 for channel [id: 0x7724ffa5, L:/127.0.0.1:60085 - R:localhost/127.0.0.1:55254]
16:05:55.188 [Forwarding screenshot on session d7293eecc3ecefbf4554f83778b11b00 to remote] DEBUG org.asynchttpclient.netty.request.NettyRequestSender - Using pooled Channel '[id: 0x7724ffa5, L:/127.0.0.1:60085 - R:localhost/127.0.0.1:55254]' for 'GET' to 'http://localhost:55254/session/d7293eecc3ecefbf4554f83778b11b00/screenshot'
16:05:55.189 [Forwarding screenshot on session d7293eecc3ecefbf4554f83778b11b00 to remote] DEBUG org.asynchttpclient.netty.request.NettyRequestSender - Using open Channel [id: 0x7724ffa5, L:/127.0.0.1:60085 - R:localhost/127.0.0.1:55254] for GET '/session/d7293eecc3ecefbf4554f83778b11b00/screenshot'
16:05:55.472 [AsyncHttpClient-1-3] DEBUG org.asynchttpclient.netty.handler.HttpHandler - 

Request DefaultFullHttpRequest(decodeResult: success, version: HTTP/1.1, content: EmptyByteBufBE)
GET /session/d7293eecc3ecefbf4554f83778b11b00/screenshot HTTP/1.1
User-Agent: selenium/4.1.2 (java windows)
Cache-Control: no-cache
Content-Type: application/json; charset=utf-8
host: localhost:55254
accept: */*

Response DefaultHttpResponse(decodeResult: success, version: HTTP/1.1)
HTTP/1.1 200 OK
Content-Type: application/json; charset=utf-8
cache-control: no-cache
content-length: 25524

16:05:55.474 [AsyncHttpClient-1-3] DEBUG org.asynchttpclient.netty.channel.ChannelManager - Adding key: http://localhost:55254 for channel [id: 0x7724ffa5, L:/127.0.0.1:60085 - R:localhost/127.0.0.1:55254]
16:05:55.483 [main] DEBUG net.serenitybdd.core.photography.Darkroom - Send negative for processing for target\site\serenity\15234c85212788ea1a41af23371cd803d1d3b5936a5eabb1df8fabc6c75e999e.png
16:05:55.484 [Darkroom Processing Line] DEBUG net.serenitybdd.core.photography.DarkroomProcessingLine - Processing screenshot image in /var/screenshots/screenshot-8850529077650369356
16:05:55.484 [Darkroom Processing Line] DEBUG net.serenitybdd.core.photography.DarkroomProcessingLine - Saving screenshot to target\site\serenity\15234c85212788ea1a41af23371cd803d1d3b5936a5eabb1df8fabc6c75e999e.png
16:05:55.485 [main] DEBUG net.thucydides.core.steps.StepInterceptor - STEP DONE: inputEmail
  &amp#27;[32mWhen &amp#27;[0m&amp#27;[32mI input &amp#27;[0m&amp#27;[32m&amp#27;[1m""&amp#27;[0m                               &amp#27;[90m# starter.stepdefinitions.LoginSteps.inputEmail(java.lang.String)&amp#27;[0m
16:05:55.538 [AsyncHttpClient-1-1] DEBUG org.asynchttpclient.netty.channel.DefaultChannelPool - Entry count for : http://localhost:60086 : 1
16:05:55.538 [AsyncHttpClient-1-1] DEBUG org.asynchttpclient.netty.channel.DefaultChannelPool - Entry count for : http://localhost:55254 : 1
16:05:55.547 [Forwarding screenshot on session d7293eecc3ecefbf4554f83778b11b00 to remote] DEBUG org.asynchttpclient.netty.request.NettyRequestSender - Using pooled Channel '[id: 0x7724ffa5, L:/127.0.0.1:60085 - R:localhost/127.0.0.1:55254]' for 'GET' to 'http://localhost:55254/session/d7293eecc3ecefbf4554f83778b11b00/screenshot'
16:05:55.548 [Forwarding screenshot on session d7293eecc3ecefbf4554f83778b11b00 to remote] DEBUG org.asynchttpclient.netty.request.NettyRequestSender - Using open Channel [id: 0x7724ffa5, L:/127.0.0.1:60085 - R:localhost/127.0.0.1:55254] for GET '/session/d7293eecc3ecefbf4554f83778b11b00/screenshot'
16:05:55.795 [AsyncHttpClient-1-3] DEBUG org.asynchttpclient.netty.handler.HttpHandler - 

Request DefaultFullHttpRequest(decodeResult: success, version: HTTP/1.1, content: EmptyByteBufBE)
GET /session/d7293eecc3ecefbf4554f83778b11b00/screenshot HTTP/1.1
User-Agent: selenium/4.1.2 (java windows)
Cache-Control: no-cache
Content-Type: application/json; charset=utf-8
host: localhost:55254
accept: */*

Response DefaultHttpResponse(decodeResult: success, version: HTTP/1.1)
HTTP/1.1 200 OK
Content-Type: application/json; charset=utf-8
cache-control: no-cache
content-length: 25116

16:05:55.796 [AsyncHttpClient-1-3] DEBUG org.asynchttpclient.netty.channel.ChannelManager - Adding key: http://localhost:55254 for channel [id: 0x7724ffa5, L:/127.0.0.1:60085 - R:localhost/127.0.0.1:55254]
16:05:55.800 [main] DEBUG net.serenitybdd.core.photography.Darkroom - Send negative for processing for target\site\serenity\06fec2ed405d399180305116ee773c892aae00959132fcb037d586085700a23e.png
16:05:55.801 [main] DEBUG net.thucydides.core.steps.StepInterceptor - STARTING STEP: LoginSteps.input - inputPassword
16:05:55.802 [Darkroom Processing Line] DEBUG net.serenitybdd.core.photography.DarkroomProcessingLine - Processing screenshot image in /var/screenshots/screenshot-16209692792376910097
16:05:55.802 [Darkroom Processing Line] DEBUG net.serenitybdd.core.photography.DarkroomProcessingLine - Saving screenshot to target\site\serenity\06fec2ed405d399180305116ee773c892aae00959132fcb037d586085700a23e.png
16:05:55.809 [Forwarding findElement on session d7293eecc3ecefbf4554f83778b11b00 to remote] DEBUG org.asynchttpclient.netty.request.NettyRequestSender - Using pooled Channel '[id: 0x7724ffa5, L:/127.0.0.1:60085 - R:localhost/127.0.0.1:55254]' for 'POST' to 'http://localhost:55254/session/d7293eecc3ecefbf4554f83778b11b00/element'
16:05:55.809 [Forwarding findElement on session d7293eecc3ecefbf4554f83778b11b00 to remote] DEBUG org.asynchttpclient.netty.request.NettyRequestSender - Using open Channel [id: 0x7724ffa5, L:/127.0.0.1:60085 - R:localhost/127.0.0.1:55254] for POST '/session/d7293eecc3ecefbf4554f83778b11b00/element'
16:05:55.832 [AsyncHttpClient-1-3] DEBUG org.asynchttpclient.netty.handler.HttpHandler - 

Request DefaultHttpRequest(decodeResult: success, version: HTTP/1.1)
POST /session/d7293eecc3ecefbf4554f83778b11b00/element HTTP/1.1
User-Agent: selenium/4.1.2 (java windows)
Content-Length: 89
Content-Type: application/json; charset=utf-8
host: localhost:55254
accept: */*

Response DefaultHttpResponse(decodeResult: success, version: HTTP/1.1)
HTTP/1.1 200 OK
Content-Type: application/json; charset=utf-8
cache-control: no-cache
content-length: 88

16:05:55.833 [AsyncHttpClient-1-3] DEBUG org.asynchttpclient.netty.channel.ChannelManager - Adding key: http://localhost:55254 for channel [id: 0x7724ffa5, L:/127.0.0.1:60085 - R:localhost/127.0.0.1:55254]
16:05:55.837 [Forwarding clearElement on session d7293eecc3ecefbf4554f83778b11b00 to remote] DEBUG org.asynchttpclient.netty.request.NettyRequestSender - Using pooled Channel '[id: 0x7724ffa5, L:/127.0.0.1:60085 - R:localhost/127.0.0.1:55254]' for 'POST' to 'http://localhost:55254/session/d7293eecc3ecefbf4554f83778b11b00/element/50b60653-afde-4525-a8d1-2ff67d06889f/clear'
16:05:55.837 [Forwarding clearElement on session d7293eecc3ecefbf4554f83778b11b00 to remote] DEBUG org.asynchttpclient.netty.request.NettyRequestSender - Using open Channel [id: 0x7724ffa5, L:/127.0.0.1:60085 - R:localhost/127.0.0.1:55254] for POST '/session/d7293eecc3ecefbf4554f83778b11b00/element/50b60653-afde-4525-a8d1-2ff67d06889f/clear'
16:05:55.918 [AsyncHttpClient-1-3] DEBUG org.asynchttpclient.netty.handler.HttpHandler - 

Request DefaultHttpRequest(decodeResult: success, version: HTTP/1.1)
POST /session/d7293eecc3ecefbf4554f83778b11b00/element/50b60653-afde-4525-a8d1-2ff67d06889f/clear HTTP/1.1
User-Agent: selenium/4.1.2 (java windows)
Content-Length: 50
Content-Type: application/json; charset=utf-8
host: localhost:55254
accept: */*

Response DefaultHttpResponse(decodeResult: success, version: HTTP/1.1)
HTTP/1.1 200 OK
Content-Type: application/json; charset=utf-8
cache-control: no-cache
content-length: 14

16:05:55.918 [AsyncHttpClient-1-3] DEBUG org.asynchttpclient.netty.channel.ChannelManager - Adding key: http://localhost:55254 for channel [id: 0x7724ffa5, L:/127.0.0.1:60085 - R:localhost/127.0.0.1:55254]
16:05:55.924 [Forwarding sendKeysToElement on session d7293eecc3ecefbf4554f83778b11b00 to remote] DEBUG org.asynchttpclient.netty.request.NettyRequestSender - Using pooled Channel '[id: 0x7724ffa5, L:/127.0.0.1:60085 - R:localhost/127.0.0.1:55254]' for 'POST' to 'http://localhost:55254/session/d7293eecc3ecefbf4554f83778b11b00/element/50b60653-afde-4525-a8d1-2ff67d06889f/value'
16:05:55.924 [Forwarding sendKeysToElement on session d7293eecc3ecefbf4554f83778b11b00 to remote] DEBUG org.asynchttpclient.netty.request.NettyRequestSender - Using open Channel [id: 0x7724ffa5, L:/127.0.0.1:60085 - R:localhost/127.0.0.1:55254] for POST '/session/d7293eecc3ecefbf4554f83778b11b00/element/50b60653-afde-4525-a8d1-2ff67d06889f/value'
16:05:56.084 [AsyncHttpClient-1-3] DEBUG org.asynchttpclient.netty.handler.HttpHandler - 

Request DefaultHttpRequest(decodeResult: success, version: HTTP/1.1)
POST /session/d7293eecc3ecefbf4554f83778b11b00/element/50b60653-afde-4525-a8d1-2ff67d06889f/value HTTP/1.1
User-Agent: selenium/4.1.2 (java windows)
Content-Length: 82
Content-Type: application/json; charset=utf-8
host: localhost:55254
accept: */*

Response DefaultHttpResponse(decodeResult: success, version: HTTP/1.1)
HTTP/1.1 200 OK
Content-Type: application/json; charset=utf-8
cache-control: no-cache
content-length: 14

16:05:56.085 [AsyncHttpClient-1-3] DEBUG org.asynchttpclient.netty.channel.ChannelManager - Adding key: http://localhost:55254 for channel [id: 0x7724ffa5, L:/127.0.0.1:60085 - R:localhost/127.0.0.1:55254]
16:05:56.137 [Forwarding screenshot on session d7293eecc3ecefbf4554f83778b11b00 to remote] DEBUG org.asynchttpclient.netty.request.NettyRequestSender - Using pooled Channel '[id: 0x7724ffa5, L:/127.0.0.1:60085 - R:localhost/127.0.0.1:55254]' for 'GET' to 'http://localhost:55254/session/d7293eecc3ecefbf4554f83778b11b00/screenshot'
16:05:56.137 [Forwarding screenshot on session d7293eecc3ecefbf4554f83778b11b00 to remote] DEBUG org.asynchttpclient.netty.request.NettyRequestSender - Using open Channel [id: 0x7724ffa5, L:/127.0.0.1:60085 - R:localhost/127.0.0.1:55254] for GET '/session/d7293eecc3ecefbf4554f83778b11b00/screenshot'
16:05:56.614 [AsyncHttpClient-1-3] DEBUG org.asynchttpclient.netty.handler.HttpHandler - 

Request DefaultFullHttpRequest(decodeResult: success, version: HTTP/1.1, content: EmptyByteBufBE)
GET /session/d7293eecc3ecefbf4554f83778b11b00/screenshot HTTP/1.1
User-Agent: selenium/4.1.2 (java windows)
Cache-Control: no-cache
Content-Type: application/json; charset=utf-8
host: localhost:55254
accept: */*

Response DefaultHttpResponse(decodeResult: success, version: HTTP/1.1)
HTTP/1.1 200 OK
Content-Type: application/json; charset=utf-8
cache-control: no-cache
content-length: 25468

16:05:56.615 [AsyncHttpClient-1-3] DEBUG org.asynchttpclient.netty.channel.ChannelManager - Adding key: http://localhost:55254 for channel [id: 0x7724ffa5, L:/127.0.0.1:60085 - R:localhost/127.0.0.1:55254]
16:05:56.621 [main] DEBUG net.serenitybdd.core.photography.Darkroom - Send negative for processing for target\site\serenity\29254aadc0bd3f6be9cc93d35ffa2c9b54f098cb99a37d1492885c7b4a4c0c38.png
16:05:56.622 [main] DEBUG net.thucydides.core.steps.StepInterceptor - STEP DONE: inputPassword
16:05:56.622 [Darkroom Processing Line] DEBUG net.serenitybdd.core.photography.DarkroomProcessingLine - Processing screenshot image in /var/screenshots/screenshot-7137547162460663932
16:05:56.623 [Darkroom Processing Line] DEBUG net.serenitybdd.core.photography.DarkroomProcessingLine - Saving screenshot to target\site\serenity\29254aadc0bd3f6be9cc93d35ffa2c9b54f098cb99a37d1492885c7b4a4c0c38.png
  &amp#27;[32mAnd &amp#27;[0m&amp#27;[32mInput &amp#27;[0m&amp#27;[32m&amp#27;[1m""&amp#27;[0m                                  &amp#27;[90m# starter.stepdefinitions.LoginSteps.input(java.lang.String)&amp#27;[0m
16:05:56.648 [AsyncHttpClient-1-1] DEBUG org.asynchttpclient.netty.channel.DefaultChannelPool - Entry count for : http://localhost:60086 : 1
16:05:56.648 [AsyncHttpClient-1-1] DEBUG org.asynchttpclient.netty.channel.DefaultChannelPool - Entry count for : http://localhost:55254 : 1
16:05:56.690 [Forwarding screenshot on session d7293eecc3ecefbf4554f83778b11b00 to remote] DEBUG org.asynchttpclient.netty.request.NettyRequestSender - Using pooled Channel '[id: 0x7724ffa5, L:/127.0.0.1:60085 - R:localhost/127.0.0.1:55254]' for 'GET' to 'http://localhost:55254/session/d7293eecc3ecefbf4554f83778b11b00/screenshot'
16:05:56.690 [Forwarding screenshot on session d7293eecc3ecefbf4554f83778b11b00 to remote] DEBUG org.asynchttpclient.netty.request.NettyRequestSender - Using open Channel [id: 0x7724ffa5, L:/127.0.0.1:60085 - R:localhost/127.0.0.1:55254] for GET '/session/d7293eecc3ecefbf4554f83778b11b00/screenshot'
16:05:56.939 [AsyncHttpClient-1-3] DEBUG org.asynchttpclient.netty.handler.HttpHandler - 

Request DefaultFullHttpRequest(decodeResult: success, version: HTTP/1.1, content: EmptyByteBufBE)
GET /session/d7293eecc3ecefbf4554f83778b11b00/screenshot HTTP/1.1
User-Agent: selenium/4.1.2 (java windows)
Cache-Control: no-cache
Content-Type: application/json; charset=utf-8
host: localhost:55254
accept: */*

Response DefaultHttpResponse(decodeResult: success, version: HTTP/1.1)
HTTP/1.1 200 OK
Content-Type: application/json; charset=utf-8
cache-control: no-cache
content-length: 24436

16:05:56.939 [AsyncHttpClient-1-3] DEBUG org.asynchttpclient.netty.channel.ChannelManager - Adding key: http://localhost:55254 for channel [id: 0x7724ffa5, L:/127.0.0.1:60085 - R:localhost/127.0.0.1:55254]
16:05:56.946 [main] DEBUG net.serenitybdd.core.photography.Darkroom - Send negative for processing for target\site\serenity\ec437e951d8c9b32aa0e712351711379cf3dbb6652bad28a80ea700a555e5e04.png
16:05:56.947 [main] DEBUG net.thucydides.core.steps.StepInterceptor - STARTING STEP: LoginSteps.clickLoginButton - clickLoginButton
16:05:56.960 [Darkroom Processing Line] DEBUG net.serenitybdd.core.photography.DarkroomProcessingLine - Processing screenshot image in /var/screenshots/screenshot-17021185985954210914
16:05:56.960 [Darkroom Processing Line] DEBUG net.serenitybdd.core.photography.DarkroomProcessingLine - Saving screenshot to target\site\serenity\ec437e951d8c9b32aa0e712351711379cf3dbb6652bad28a80ea700a555e5e04.png
16:05:56.964 [Forwarding findElement on session d7293eecc3ecefbf4554f83778b11b00 to remote] DEBUG org.asynchttpclient.netty.request.NettyRequestSender - Using pooled Channel '[id: 0x7724ffa5, L:/127.0.0.1:60085 - R:localhost/127.0.0.1:55254]' for 'POST' to 'http://localhost:55254/session/d7293eecc3ecefbf4554f83778b11b00/element'
16:05:56.964 [Forwarding findElement on session d7293eecc3ecefbf4554f83778b11b00 to remote] DEBUG org.asynchttpclient.netty.request.NettyRequestSender - Using open Channel [id: 0x7724ffa5, L:/127.0.0.1:60085 - R:localhost/127.0.0.1:55254] for POST '/session/d7293eecc3ecefbf4554f83778b11b00/element'
16:05:56.994 [AsyncHttpClient-1-3] DEBUG org.asynchttpclient.netty.handler.HttpHandler - 

Request DefaultHttpRequest(decodeResult: success, version: HTTP/1.1)
POST /session/d7293eecc3ecefbf4554f83778b11b00/element HTTP/1.1
User-Agent: selenium/4.1.2 (java windows)
Content-Length: 136
Content-Type: application/json; charset=utf-8
host: localhost:55254
accept: */*

Response DefaultHttpResponse(decodeResult: success, version: HTTP/1.1)
HTTP/1.1 200 OK
Content-Type: application/json; charset=utf-8
cache-control: no-cache
content-length: 88

16:05:56.994 [AsyncHttpClient-1-3] DEBUG org.asynchttpclient.netty.channel.ChannelManager - Adding key: http://localhost:55254 for channel [id: 0x7724ffa5, L:/127.0.0.1:60085 - R:localhost/127.0.0.1:55254]
16:05:56.998 [Forwarding getElementTagName on session d7293eecc3ecefbf4554f83778b11b00 to remote] DEBUG org.asynchttpclient.netty.request.NettyRequestSender - Using pooled Channel '[id: 0x7724ffa5, L:/127.0.0.1:60085 - R:localhost/127.0.0.1:55254]' for 'GET' to 'http://localhost:55254/session/d7293eecc3ecefbf4554f83778b11b00/element/973a37a6-fbdb-4b64-89be-6776d566b185/name'
16:05:56.998 [Forwarding getElementTagName on session d7293eecc3ecefbf4554f83778b11b00 to remote] DEBUG org.asynchttpclient.netty.request.NettyRequestSender - Using open Channel [id: 0x7724ffa5, L:/127.0.0.1:60085 - R:localhost/127.0.0.1:55254] for GET '/session/d7293eecc3ecefbf4554f83778b11b00/element/973a37a6-fbdb-4b64-89be-6776d566b185/name'
16:05:57.011 [AsyncHttpClient-1-3] DEBUG org.asynchttpclient.netty.handler.HttpHandler - 

Request DefaultFullHttpRequest(decodeResult: success, version: HTTP/1.1, content: EmptyByteBufBE)
GET /session/d7293eecc3ecefbf4554f83778b11b00/element/973a37a6-fbdb-4b64-89be-6776d566b185/name HTTP/1.1
User-Agent: selenium/4.1.2 (java windows)
Cache-Control: no-cache
Content-Type: application/json; charset=utf-8
host: localhost:55254
accept: */*

Response DefaultHttpResponse(decodeResult: success, version: HTTP/1.1)
HTTP/1.1 200 OK
Content-Type: application/json; charset=utf-8
cache-control: no-cache
content-length: 18

16:05:57.012 [AsyncHttpClient-1-3] DEBUG org.asynchttpclient.netty.channel.ChannelManager - Adding key: http://localhost:55254 for channel [id: 0x7724ffa5, L:/127.0.0.1:60085 - R:localhost/127.0.0.1:55254]
16:05:57.018 [Forwarding getElementTagName on session d7293eecc3ecefbf4554f83778b11b00 to remote] DEBUG org.asynchttpclient.netty.request.NettyRequestSender - Using pooled Channel '[id: 0x7724ffa5, L:/127.0.0.1:60085 - R:localhost/127.0.0.1:55254]' for 'GET' to 'http://localhost:55254/session/d7293eecc3ecefbf4554f83778b11b00/element/973a37a6-fbdb-4b64-89be-6776d566b185/name'
16:05:57.019 [Forwarding getElementTagName on session d7293eecc3ecefbf4554f83778b11b00 to remote] DEBUG org.asynchttpclient.netty.request.NettyRequestSender - Using open Channel [id: 0x7724ffa5, L:/127.0.0.1:60085 - R:localhost/127.0.0.1:55254] for GET '/session/d7293eecc3ecefbf4554f83778b11b00/element/973a37a6-fbdb-4b64-89be-6776d566b185/name'
16:05:57.030 [AsyncHttpClient-1-3] DEBUG org.asynchttpclient.netty.handler.HttpHandler - 

Request DefaultFullHttpRequest(decodeResult: success, version: HTTP/1.1, content: EmptyByteBufBE)
GET /session/d7293eecc3ecefbf4554f83778b11b00/element/973a37a6-fbdb-4b64-89be-6776d566b185/name HTTP/1.1
User-Agent: selenium/4.1.2 (java windows)
Cache-Control: no-cache
Content-Type: application/json; charset=utf-8
host: localhost:55254
accept: */*

Response DefaultHttpResponse(decodeResult: success, version: HTTP/1.1)
HTTP/1.1 200 OK
Content-Type: application/json; charset=utf-8
cache-control: no-cache
content-length: 18

16:05:57.030 [AsyncHttpClient-1-3] DEBUG org.asynchttpclient.netty.channel.ChannelManager - Adding key: http://localhost:55254 for channel [id: 0x7724ffa5, L:/127.0.0.1:60085 - R:localhost/127.0.0.1:55254]
16:05:57.039 [Forwarding isElementEnabled on session d7293eecc3ecefbf4554f83778b11b00 to remote] DEBUG org.asynchttpclient.netty.request.NettyRequestSender - Using pooled Channel '[id: 0x7724ffa5, L:/127.0.0.1:60085 - R:localhost/127.0.0.1:55254]' for 'GET' to 'http://localhost:55254/session/d7293eecc3ecefbf4554f83778b11b00/element/973a37a6-fbdb-4b64-89be-6776d566b185/enabled'
16:05:57.039 [Forwarding isElementEnabled on session d7293eecc3ecefbf4554f83778b11b00 to remote] DEBUG org.asynchttpclient.netty.request.NettyRequestSender - Using open Channel [id: 0x7724ffa5, L:/127.0.0.1:60085 - R:localhost/127.0.0.1:55254] for GET '/session/d7293eecc3ecefbf4554f83778b11b00/element/973a37a6-fbdb-4b64-89be-6776d566b185/enabled'
16:05:57.072 [AsyncHttpClient-1-3] DEBUG org.asynchttpclient.netty.handler.HttpHandler - 

Request DefaultFullHttpRequest(decodeResult: success, version: HTTP/1.1, content: EmptyByteBufBE)
GET /session/d7293eecc3ecefbf4554f83778b11b00/element/973a37a6-fbdb-4b64-89be-6776d566b185/enabled HTTP/1.1
User-Agent: selenium/4.1.2 (java windows)
Cache-Control: no-cache
Content-Type: application/json; charset=utf-8
host: localhost:55254
accept: */*

Response DefaultHttpResponse(decodeResult: success, version: HTTP/1.1)
HTTP/1.1 200 OK
Content-Type: application/json; charset=utf-8
cache-control: no-cache
content-length: 14

16:05:57.072 [AsyncHttpClient-1-3] DEBUG org.asynchttpclient.netty.channel.ChannelManager - Adding key: http://localhost:55254 for channel [id: 0x7724ffa5, L:/127.0.0.1:60085 - R:localhost/127.0.0.1:55254]
16:05:57.079 [Forwarding isElementEnabled on session d7293eecc3ecefbf4554f83778b11b00 to remote] DEBUG org.asynchttpclient.netty.request.NettyRequestSender - Using pooled Channel '[id: 0x7724ffa5, L:/127.0.0.1:60085 - R:localhost/127.0.0.1:55254]' for 'GET' to 'http://localhost:55254/session/d7293eecc3ecefbf4554f83778b11b00/element/973a37a6-fbdb-4b64-89be-6776d566b185/enabled'
16:05:57.079 [Forwarding isElementEnabled on session d7293eecc3ecefbf4554f83778b11b00 to remote] DEBUG org.asynchttpclient.netty.request.NettyRequestSender - Using open Channel [id: 0x7724ffa5, L:/127.0.0.1:60085 - R:localhost/127.0.0.1:55254] for GET '/session/d7293eecc3ecefbf4554f83778b11b00/element/973a37a6-fbdb-4b64-89be-6776d566b185/enabled'
16:05:57.093 [AsyncHttpClient-1-3] DEBUG org.asynchttpclient.netty.handler.HttpHandler - 

Request DefaultFullHttpRequest(decodeResult: success, version: HTTP/1.1, content: EmptyByteBufBE)
GET /session/d7293eecc3ecefbf4554f83778b11b00/element/973a37a6-fbdb-4b64-89be-6776d566b185/enabled HTTP/1.1
User-Agent: selenium/4.1.2 (java windows)
Cache-Control: no-cache
Content-Type: application/json; charset=utf-8
host: localhost:55254
accept: */*

Response DefaultHttpResponse(decodeResult: success, version: HTTP/1.1)
HTTP/1.1 200 OK
Content-Type: application/json; charset=utf-8
cache-control: no-cache
content-length: 14

16:05:57.094 [AsyncHttpClient-1-3] DEBUG org.asynchttpclient.netty.channel.ChannelManager - Adding key: http://localhost:55254 for channel [id: 0x7724ffa5, L:/127.0.0.1:60085 - R:localhost/127.0.0.1:55254]
16:05:57.101 [Forwarding findElement on session d7293eecc3ecefbf4554f83778b11b00 to remote] DEBUG org.asynchttpclient.netty.request.NettyRequestSender - Using pooled Channel '[id: 0x7724ffa5, L:/127.0.0.1:60085 - R:localhost/127.0.0.1:55254]' for 'POST' to 'http://localhost:55254/session/d7293eecc3ecefbf4554f83778b11b00/element'
16:05:57.101 [Forwarding findElement on session d7293eecc3ecefbf4554f83778b11b00 to remote] DEBUG org.asynchttpclient.netty.request.NettyRequestSender - Using open Channel [id: 0x7724ffa5, L:/127.0.0.1:60085 - R:localhost/127.0.0.1:55254] for POST '/session/d7293eecc3ecefbf4554f83778b11b00/element'
16:05:57.126 [AsyncHttpClient-1-3] DEBUG org.asynchttpclient.netty.handler.HttpHandler - 

Request DefaultHttpRequest(decodeResult: success, version: HTTP/1.1)
POST /session/d7293eecc3ecefbf4554f83778b11b00/element HTTP/1.1
User-Agent: selenium/4.1.2 (java windows)
Content-Length: 136
Content-Type: application/json; charset=utf-8
host: localhost:55254
accept: */*

Response DefaultHttpResponse(decodeResult: success, version: HTTP/1.1)
HTTP/1.1 200 OK
Content-Type: application/json; charset=utf-8
cache-control: no-cache
content-length: 88

16:05:57.127 [AsyncHttpClient-1-3] DEBUG org.asynchttpclient.netty.channel.ChannelManager - Adding key: http://localhost:55254 for channel [id: 0x7724ffa5, L:/127.0.0.1:60085 - R:localhost/127.0.0.1:55254]
16:05:57.130 [Forwarding clickElement on session d7293eecc3ecefbf4554f83778b11b00 to remote] DEBUG org.asynchttpclient.netty.request.NettyRequestSender - Using pooled Channel '[id: 0x7724ffa5, L:/127.0.0.1:60085 - R:localhost/127.0.0.1:55254]' for 'POST' to 'http://localhost:55254/session/d7293eecc3ecefbf4554f83778b11b00/element/973a37a6-fbdb-4b64-89be-6776d566b185/click'
16:05:57.130 [Forwarding clickElement on session d7293eecc3ecefbf4554f83778b11b00 to remote] DEBUG org.asynchttpclient.netty.request.NettyRequestSender - Using open Channel [id: 0x7724ffa5, L:/127.0.0.1:60085 - R:localhost/127.0.0.1:55254] for POST '/session/d7293eecc3ecefbf4554f83778b11b00/element/973a37a6-fbdb-4b64-89be-6776d566b185/click'
16:05:57.354 [AsyncHttpClient-1-3] DEBUG org.asynchttpclient.netty.handler.HttpHandler - 

Request DefaultHttpRequest(decodeResult: success, version: HTTP/1.1)
POST /session/d7293eecc3ecefbf4554f83778b11b00/element/973a37a6-fbdb-4b64-89be-6776d566b185/click HTTP/1.1
User-Agent: selenium/4.1.2 (java windows)
Content-Length: 50
Content-Type: application/json; charset=utf-8
host: localhost:55254
accept: */*

Response DefaultHttpResponse(decodeResult: success, version: HTTP/1.1)
HTTP/1.1 200 OK
Content-Type: application/json; charset=utf-8
cache-control: no-cache
content-length: 14

16:05:57.354 [AsyncHttpClient-1-3] DEBUG org.asynchttpclient.netty.channel.ChannelManager - Adding key: http://localhost:55254 for channel [id: 0x7724ffa5, L:/127.0.0.1:60085 - R:localhost/127.0.0.1:55254]
16:05:57.389 [Forwarding screenshot on session d7293eecc3ecefbf4554f83778b11b00 to remote] DEBUG org.asynchttpclient.netty.request.NettyRequestSender - Using pooled Channel '[id: 0x7724ffa5, L:/127.0.0.1:60085 - R:localhost/127.0.0.1:55254]' for 'GET' to 'http://localhost:55254/session/d7293eecc3ecefbf4554f83778b11b00/screenshot'
16:05:57.389 [Forwarding screenshot on session d7293eecc3ecefbf4554f83778b11b00 to remote] DEBUG org.asynchttpclient.netty.request.NettyRequestSender - Using open Channel [id: 0x7724ffa5, L:/127.0.0.1:60085 - R:localhost/127.0.0.1:55254] for GET '/session/d7293eecc3ecefbf4554f83778b11b00/screenshot'
16:05:57.735 [AsyncHttpClient-1-1] DEBUG org.asynchttpclient.netty.channel.DefaultChannelPool - Entry count for : http://localhost:60086 : 1
16:05:58.044 [AsyncHttpClient-1-3] DEBUG org.asynchttpclient.netty.handler.HttpHandler - 

Request DefaultFullHttpRequest(decodeResult: success, version: HTTP/1.1, content: EmptyByteBufBE)
GET /session/d7293eecc3ecefbf4554f83778b11b00/screenshot HTTP/1.1
User-Agent: selenium/4.1.2 (java windows)
Cache-Control: no-cache
Content-Type: application/json; charset=utf-8
host: localhost:55254
accept: */*

Response DefaultHttpResponse(decodeResult: success, version: HTTP/1.1)
HTTP/1.1 200 OK
Content-Type: application/json; charset=utf-8
cache-control: no-cache
content-length: 29836

16:05:58.045 [AsyncHttpClient-1-3] DEBUG org.asynchttpclient.netty.channel.ChannelManager - Adding key: http://localhost:55254 for channel [id: 0x7724ffa5, L:/127.0.0.1:60085 - R:localhost/127.0.0.1:55254]
16:05:58.049 [main] DEBUG net.serenitybdd.core.photography.Darkroom - Send negative for processing for target\site\serenity\df27b848cd82c3b11a2f6ab9545fb58ff98b931c9af63e572b79798077fc615a.png
16:05:58.050 [main] DEBUG net.thucydides.core.steps.StepInterceptor - STEP DONE: clickLoginButton
  &amp#27;[32mAnd &amp#27;[0m&amp#27;[32mClick login button&amp#27;[0m                        &amp#27;[90m# starter.stepdefinitions.LoginSteps.clickLoginButton()&amp#27;[0m
16:05:58.051 [Darkroom Processing Line] DEBUG net.serenitybdd.core.photography.DarkroomProcessingLine - Processing screenshot image in /var/screenshots/screenshot-8553988404809292974
16:05:58.052 [Darkroom Processing Line] DEBUG net.serenitybdd.core.photography.DarkroomProcessingLine - Saving screenshot to target\site\serenity\df27b848cd82c3b11a2f6ab9545fb58ff98b931c9af63e572b79798077fc615a.png
16:05:58.087 [main] DEBUG net.thucydides.core.steps.StepInterceptor - STARTING STEP: LoginSteps.iGet - errorMessageAppears
16:05:58.101 [Forwarding findElement on session d7293eecc3ecefbf4554f83778b11b00 to remote] DEBUG org.asynchttpclient.netty.request.NettyRequestSender - Using pooled Channel '[id: 0x7724ffa5, L:/127.0.0.1:60085 - R:localhost/127.0.0.1:55254]' for 'POST' to 'http://localhost:55254/session/d7293eecc3ecefbf4554f83778b11b00/element'
16:05:58.102 [Forwarding findElement on session d7293eecc3ecefbf4554f83778b11b00 to remote] DEBUG org.asynchttpclient.netty.request.NettyRequestSender - Using open Channel [id: 0x7724ffa5, L:/127.0.0.1:60085 - R:localhost/127.0.0.1:55254] for POST '/session/d7293eecc3ecefbf4554f83778b11b00/element'
16:05:58.118 [AsyncHttpClient-1-3] DEBUG org.asynchttpclient.netty.handler.HttpHandler - 

Request DefaultHttpRequest(decodeResult: success, version: HTTP/1.1)
POST /session/d7293eecc3ecefbf4554f83778b11b00/element HTTP/1.1
User-Agent: selenium/4.1.2 (java windows)
Content-Length: 53
Content-Type: application/json; charset=utf-8
host: localhost:55254
accept: */*

Response DefaultHttpResponse(decodeResult: success, version: HTTP/1.1)
HTTP/1.1 400 Bad Request
Content-Type: application/json; charset=utf-8
cache-control: no-cache
content-length: 957

16:05:58.121 [AsyncHttpClient-1-3] DEBUG org.asynchttpclient.netty.channel.ChannelManager - Adding key: http://localhost:55254 for channel [id: 0x7724ffa5, L:/127.0.0.1:60085 - R:localhost/127.0.0.1:55254]
16:05:58.129 [Forwarding findElement on session d7293eecc3ecefbf4554f83778b11b00 to remote] DEBUG org.asynchttpclient.netty.request.NettyRequestSender - Using pooled Channel '[id: 0x7724ffa5, L:/127.0.0.1:60085 - R:localhost/127.0.0.1:55254]' for 'POST' to 'http://localhost:55254/session/d7293eecc3ecefbf4554f83778b11b00/element'
16:05:58.129 [Forwarding findElement on session d7293eecc3ecefbf4554f83778b11b00 to remote] DEBUG org.asynchttpclient.netty.request.NettyRequestSender - Using open Channel [id: 0x7724ffa5, L:/127.0.0.1:60085 - R:localhost/127.0.0.1:55254] for POST '/session/d7293eecc3ecefbf4554f83778b11b00/element'
16:05:58.155 [AsyncHttpClient-1-3] DEBUG org.asynchttpclient.netty.handler.HttpHandler - 

Request DefaultHttpRequest(decodeResult: success, version: HTTP/1.1)
POST /session/d7293eecc3ecefbf4554f83778b11b00/element HTTP/1.1
User-Agent: selenium/4.1.2 (java windows)
Content-Length: 63
Content-Type: application/json; charset=utf-8
host: localhost:55254
accept: */*

Response DefaultHttpResponse(decodeResult: success, version: HTTP/1.1)
HTTP/1.1 200 OK
Content-Type: application/json; charset=utf-8
cache-control: no-cache
content-length: 88

16:05:58.156 [AsyncHttpClient-1-3] DEBUG org.asynchttpclient.netty.channel.ChannelManager - Adding key: http://localhost:55254 for channel [id: 0x7724ffa5, L:/127.0.0.1:60085 - R:localhost/127.0.0.1:55254]
16:05:58.171 [Forwarding isElementDisplayed on session d7293eecc3ecefbf4554f83778b11b00 to remote] DEBUG org.asynchttpclient.netty.request.NettyRequestSender - Using pooled Channel '[id: 0x7724ffa5, L:/127.0.0.1:60085 - R:localhost/127.0.0.1:55254]' for 'POST' to 'http://localhost:55254/session/d7293eecc3ecefbf4554f83778b11b00/execute/sync'
16:05:58.171 [Forwarding isElementDisplayed on session d7293eecc3ecefbf4554f83778b11b00 to remote] DEBUG org.asynchttpclient.netty.request.NettyRequestSender - Using open Channel [id: 0x7724ffa5, L:/127.0.0.1:60085 - R:localhost/127.0.0.1:55254] for POST '/session/d7293eecc3ecefbf4554f83778b11b00/execute/sync'
16:05:58.204 [AsyncHttpClient-1-3] DEBUG org.asynchttpclient.netty.handler.HttpHandler - 

Request DefaultHttpRequest(decodeResult: success, version: HTTP/1.1)
POST /session/d7293eecc3ecefbf4554f83778b11b00/execute/sync HTTP/1.1
User-Agent: selenium/4.1.2 (java windows)
Content-Length: 48780
Content-Type: application/json; charset=utf-8
host: localhost:55254
accept: */*

Response DefaultHttpResponse(decodeResult: success, version: HTTP/1.1)
HTTP/1.1 200 OK
Content-Type: application/json; charset=utf-8
cache-control: no-cache
content-length: 14

16:05:58.205 [AsyncHttpClient-1-3] DEBUG org.asynchttpclient.netty.channel.ChannelManager - Adding key: http://localhost:55254 for channel [id: 0x7724ffa5, L:/127.0.0.1:60085 - R:localhost/127.0.0.1:55254]
16:05:58.218 [Forwarding screenshot on session d7293eecc3ecefbf4554f83778b11b00 to remote] DEBUG org.asynchttpclient.netty.request.NettyRequestSender - Using pooled Channel '[id: 0x7724ffa5, L:/127.0.0.1:60085 - R:localhost/127.0.0.1:55254]' for 'GET' to 'http://localhost:55254/session/d7293eecc3ecefbf4554f83778b11b00/screenshot'
16:05:58.218 [Forwarding screenshot on session d7293eecc3ecefbf4554f83778b11b00 to remote] DEBUG org.asynchttpclient.netty.request.NettyRequestSender - Using open Channel [id: 0x7724ffa5, L:/127.0.0.1:60085 - R:localhost/127.0.0.1:55254] for GET '/session/d7293eecc3ecefbf4554f83778b11b00/screenshot'
16:05:58.388 [AsyncHttpClient-1-3] DEBUG org.asynchttpclient.netty.handler.HttpHandler - 

Request DefaultFullHttpRequest(decodeResult: success, version: HTTP/1.1, content: EmptyByteBufBE)
GET /session/d7293eecc3ecefbf4554f83778b11b00/screenshot HTTP/1.1
User-Agent: selenium/4.1.2 (java windows)
Cache-Control: no-cache
Content-Type: application/json; charset=utf-8
host: localhost:55254
accept: */*

Response DefaultHttpResponse(decodeResult: success, version: HTTP/1.1)
HTTP/1.1 200 OK
Content-Type: application/json; charset=utf-8
cache-control: no-cache
content-length: 29796

16:05:58.389 [AsyncHttpClient-1-3] DEBUG org.asynchttpclient.netty.channel.ChannelManager - Adding key: http://localhost:55254 for channel [id: 0x7724ffa5, L:/127.0.0.1:60085 - R:localhost/127.0.0.1:55254]
16:05:58.394 [main] DEBUG net.serenitybdd.core.photography.Darkroom - Send negative for processing for target\site\serenity\e3f563bdc0aafc81c0b9dccad0a820738abe276d392ea24cf0aa2f5bcc7ad22e.png
16:05:58.395 [main] DEBUG net.thucydides.core.steps.StepInterceptor - STEP DONE: errorMessageAppears
16:05:58.400 [Darkroom Processing Line] DEBUG net.serenitybdd.core.photography.DarkroomProcessingLine - Processing screenshot image in /var/screenshots/screenshot-2501047413617776085
16:05:58.400 [Darkroom Processing Line] DEBUG net.serenitybdd.core.photography.DarkroomProcessingLine - Saving screenshot to target\site\serenity\e3f563bdc0aafc81c0b9dccad0a820738abe276d392ea24cf0aa2f5bcc7ad22e.png
16:05:58.409 [main] DEBUG net.thucydides.core.steps.StepInterceptor - STARTING STEP: LoginSteps.iGet - errorMessageEquals
16:05:58.415 [Forwarding findElement on session d7293eecc3ecefbf4554f83778b11b00 to remote] DEBUG org.asynchttpclient.netty.request.NettyRequestSender - Using pooled Channel '[id: 0x7724ffa5, L:/127.0.0.1:60085 - R:localhost/127.0.0.1:55254]' for 'POST' to 'http://localhost:55254/session/d7293eecc3ecefbf4554f83778b11b00/element'
16:05:58.415 [Forwarding findElement on session d7293eecc3ecefbf4554f83778b11b00 to remote] DEBUG org.asynchttpclient.netty.request.NettyRequestSender - Using open Channel [id: 0x7724ffa5, L:/127.0.0.1:60085 - R:localhost/127.0.0.1:55254] for POST '/session/d7293eecc3ecefbf4554f83778b11b00/element'
16:05:58.428 [AsyncHttpClient-1-3] DEBUG org.asynchttpclient.netty.handler.HttpHandler - 

Request DefaultHttpRequest(decodeResult: success, version: HTTP/1.1)
POST /session/d7293eecc3ecefbf4554f83778b11b00/element HTTP/1.1
User-Agent: selenium/4.1.2 (java windows)
Content-Length: 63
Content-Type: application/json; charset=utf-8
host: localhost:55254
accept: */*

Response DefaultHttpResponse(decodeResult: success, version: HTTP/1.1)
HTTP/1.1 200 OK
Content-Type: application/json; charset=utf-8
cache-control: no-cache
content-length: 88

16:05:58.429 [AsyncHttpClient-1-3] DEBUG org.asynchttpclient.netty.channel.ChannelManager - Adding key: http://localhost:55254 for channel [id: 0x7724ffa5, L:/127.0.0.1:60085 - R:localhost/127.0.0.1:55254]
16:05:58.432 [Forwarding getElementText on session d7293eecc3ecefbf4554f83778b11b00 to remote] DEBUG org.asynchttpclient.netty.request.NettyRequestSender - Using pooled Channel '[id: 0x7724ffa5, L:/127.0.0.1:60085 - R:localhost/127.0.0.1:55254]' for 'GET' to 'http://localhost:55254/session/d7293eecc3ecefbf4554f83778b11b00/element/f113e778-dff9-4db4-a569-21aab3daa9aa/text'
16:05:58.432 [Forwarding getElementText on session d7293eecc3ecefbf4554f83778b11b00 to remote] DEBUG org.asynchttpclient.netty.request.NettyRequestSender - Using open Channel [id: 0x7724ffa5, L:/127.0.0.1:60085 - R:localhost/127.0.0.1:55254] for GET '/session/d7293eecc3ecefbf4554f83778b11b00/element/f113e778-dff9-4db4-a569-21aab3daa9aa/text'
16:05:58.463 [AsyncHttpClient-1-3] DEBUG org.asynchttpclient.netty.handler.HttpHandler - 

Request DefaultFullHttpRequest(decodeResult: success, version: HTTP/1.1, content: EmptyByteBufBE)
GET /session/d7293eecc3ecefbf4554f83778b11b00/element/f113e778-dff9-4db4-a569-21aab3daa9aa/text HTTP/1.1
User-Agent: selenium/4.1.2 (java windows)
Cache-Control: no-cache
Content-Type: application/json; charset=utf-8
host: localhost:55254
accept: */*

Response DefaultHttpResponse(decodeResult: success, version: HTTP/1.1)
HTTP/1.1 200 OK
Content-Type: application/json; charset=utf-8
cache-control: no-cache
content-length: 29

16:05:58.464 [AsyncHttpClient-1-3] DEBUG org.asynchttpclient.netty.channel.ChannelManager - Adding key: http://localhost:55254 for channel [id: 0x7724ffa5, L:/127.0.0.1:60085 - R:localhost/127.0.0.1:55254]
16:05:58.473 [Forwarding screenshot on session d7293eecc3ecefbf4554f83778b11b00 to remote] DEBUG org.asynchttpclient.netty.request.NettyRequestSender - Using pooled Channel '[id: 0x7724ffa5, L:/127.0.0.1:60085 - R:localhost/127.0.0.1:55254]' for 'GET' to 'http://localhost:55254/session/d7293eecc3ecefbf4554f83778b11b00/screenshot'
16:05:58.473 [Forwarding screenshot on session d7293eecc3ecefbf4554f83778b11b00 to remote] DEBUG org.asynchttpclient.netty.request.NettyRequestSender - Using open Channel [id: 0x7724ffa5, L:/127.0.0.1:60085 - R:localhost/127.0.0.1:55254] for GET '/session/d7293eecc3ecefbf4554f83778b11b00/screenshot'
16:05:58.678 [AsyncHttpClient-1-3] DEBUG org.asynchttpclient.netty.handler.HttpHandler - 

Request DefaultFullHttpRequest(decodeResult: success, version: HTTP/1.1, content: EmptyByteBufBE)
GET /session/d7293eecc3ecefbf4554f83778b11b00/screenshot HTTP/1.1
User-Agent: selenium/4.1.2 (java windows)
Cache-Control: no-cache
Content-Type: application/json; charset=utf-8
host: localhost:55254
accept: */*

Response DefaultHttpResponse(decodeResult: success, version: HTTP/1.1)
HTTP/1.1 200 OK
Content-Type: application/json; charset=utf-8
cache-control: no-cache
content-length: 29796

16:05:58.679 [AsyncHttpClient-1-3] DEBUG org.asynchttpclient.netty.channel.ChannelManager - Adding key: http://localhost:55254 for channel [id: 0x7724ffa5, L:/127.0.0.1:60085 - R:localhost/127.0.0.1:55254]
16:05:58.683 [main] DEBUG net.serenitybdd.core.photography.Darkroom - Send negative for processing for target\site\serenity\e3f563bdc0aafc81c0b9dccad0a820738abe276d392ea24cf0aa2f5bcc7ad22e.png
16:05:58.684 [main] DEBUG net.thucydides.core.steps.StepInterceptor - STEP DONE: errorMessageEquals
  &amp#27;[32mThen &amp#27;[0m&amp#27;[32mI get &amp#27;[0m&amp#27;[32m&amp#27;[1m"Alert message: email is required"&amp#27;[0m &amp#27;[90m# starter.stepdefinitions.LoginSteps.iGet(java.lang.String)&amp#27;[0m
16:05:58.711 [AsyncHttpClient-1-5] DEBUG org.asynchttpclient.netty.handler.WebSocketHandler - Channel Closed: [id: 0x3427b6d9, L:/127.0.0.1:60094 ! R:localhost/127.0.0.1:60086] with attribute NettyResponseFuture{currentRetry=5,
	isDone=1,
	isCancelled=0,
	asyncHandler=org.asynchttpclient.ws.WebSocketUpgradeHandler@2e638b45,
	nettyRequest=org.asynchttpclient.netty.request.NettyRequest@6c7bd165,
	future=java.util.concurrent.CompletableFuture@877a513[Completed normally],
	uri=ws://localhost:60086/devtools/browser/f0cfcf8b-8e8e-4e4d-88c8-953919161491,
	keepAlive=true,
	redirectCount=0,
	timeoutsHolder=null,
	inAuth=0,
	touch=1652778349314}
16:05:58.711 [AsyncHttpClient-1-5] DEBUG org.asynchttpclient.netty.channel.ChannelManager - Closing Channel [id: 0x3427b6d9, L:/127.0.0.1:60094 ! R:localhost/127.0.0.1:60086] 
16:05:58.713 [Driver Command Executor] DEBUG org.asynchttpclient.netty.request.NettyRequestSender - Using pooled Channel '[id: 0x7724ffa5, L:/127.0.0.1:60085 - R:localhost/127.0.0.1:55254]' for 'DELETE' to 'http://localhost:55254/session/d7293eecc3ecefbf4554f83778b11b00'
16:05:58.713 [Driver Command Executor] DEBUG org.asynchttpclient.netty.request.NettyRequestSender - Using open Channel [id: 0x7724ffa5, L:/127.0.0.1:60085 - R:localhost/127.0.0.1:55254] for DELETE '/session/d7293eecc3ecefbf4554f83778b11b00'
16:05:58.860 [AsyncHttpClient-1-1] DEBUG org.asynchttpclient.netty.channel.DefaultChannelPool - Entry count for : http://localhost:60086 : 1
16:05:59.031 [AsyncHttpClient-1-4] DEBUG org.asynchttpclient.netty.handler.HttpHandler - Unexpected I/O exception on channel [id: 0xc722e9f8, L:/127.0.0.1:60093 - R:localhost/127.0.0.1:60086]
java.net.SocketException: Connection reset
	at java.base/sun.nio.ch.SocketChannelImpl.throwConnectionReset(SocketChannelImpl.java:367)
	at java.base/sun.nio.ch.SocketChannelImpl.read(SocketChannelImpl.java:398)
	at io.netty.buffer.PooledByteBuf.setBytes(PooledByteBuf.java:258)
	at io.netty.buffer.AbstractByteBuf.writeBytes(AbstractByteBuf.java:1132)
	at io.netty.channel.socket.nio.NioSocketChannel.doReadBytes(NioSocketChannel.java:350)
	at io.netty.channel.nio.AbstractNioByteChannel$NioByteUnsafe.read(AbstractNioByteChannel.java:151)
	at io.netty.channel.nio.NioEventLoop.processSelectedKey(NioEventLoop.java:722)
	at io.netty.channel.nio.NioEventLoop.processSelectedKeysOptimized(NioEventLoop.java:658)
	at io.netty.channel.nio.NioEventLoop.processSelectedKeys(NioEventLoop.java:584)
	at io.netty.channel.nio.NioEventLoop.run(NioEventLoop.java:496)
	at io.netty.util.concurrent.SingleThreadEventExecutor$4.run(SingleThreadEventExecutor.java:986)
	at io.netty.util.internal.ThreadExecutorMap$2.run(ThreadExecutorMap.java:74)
	at io.netty.util.concurrent.FastThreadLocalRunnable.run(FastThreadLocalRunnable.java:30)
	at java.base/java.lang.Thread.run(Thread.java:832)
16:05:59.031 [AsyncHttpClient-1-4] DEBUG org.asynchttpclient.netty.channel.ChannelManager - Closing Channel [id: 0xc722e9f8, L:/127.0.0.1:60093 - R:localhost/127.0.0.1:60086] 
16:05:59.031 [AsyncHttpClient-1-4] DEBUG org.asynchttpclient.netty.handler.HttpHandler - Channel Closed: [id: 0xc722e9f8, L:/127.0.0.1:60093 ! R:localhost/127.0.0.1:60086] with attribute DISCARD
16:05:59.068 [AsyncHttpClient-1-3] DEBUG org.asynchttpclient.netty.handler.HttpHandler - 

Request DefaultFullHttpRequest(decodeResult: success, version: HTTP/1.1, content: EmptyByteBufBE)
DELETE /session/d7293eecc3ecefbf4554f83778b11b00 HTTP/1.1
User-Agent: selenium/4.1.2 (java windows)
Content-Type: application/json; charset=utf-8
host: localhost:55254
accept: */*

Response DefaultHttpResponse(decodeResult: success, version: HTTP/1.1)
HTTP/1.1 200 OK
Content-Type: application/json; charset=utf-8
cache-control: no-cache
content-length: 14

16:05:59.068 [AsyncHttpClient-1-3] DEBUG org.asynchttpclient.netty.channel.ChannelManager - Adding key: http://localhost:55254 for channel [id: 0x7724ffa5, L:/127.0.0.1:60085 - R:localhost/127.0.0.1:55254]
16:05:59.938 [AsyncHttpClient-1-1] DEBUG org.asynchttpclient.netty.channel.DefaultChannelPool - Entry count for : http://localhost:60086 : 1
16:05:59.938 [AsyncHttpClient-1-1] DEBUG org.asynchttpclient.netty.channel.DefaultChannelPool - Entry count for : http://localhost:55254 : 1
16:05:59.938 [AsyncHttpClient-1-1] DEBUG org.asynchttpclient.netty.channel.DefaultChannelPool - Adding Candidate expired Channel [id: 0xc722e9f8, L:/127.0.0.1:60093 ! R:localhost/127.0.0.1:60086] isIdleTimeoutExpired=false isRemotelyClosed=true isTtlExpired=false
16:05:59.938 [AsyncHttpClient-1-1] DEBUG org.asynchttpclient.netty.channel.DefaultChannelPool - Closing Idle Channel [id: 0xc722e9f8, L:/127.0.0.1:60093 ! R:localhost/127.0.0.1:60086]
16:05:59.938 [AsyncHttpClient-1-1] DEBUG org.asynchttpclient.netty.channel.DefaultChannelPool - Closed 1 connections out of 2 in 0 ms
16:06:00.130 [AsyncHttpClient-1-3] DEBUG org.asynchttpclient.netty.handler.HttpHandler - Channel Closed: [id: 0x7724ffa5, L:/127.0.0.1:60085 ! R:localhost/127.0.0.1:55254] with attribute DISCARD
]]></system-out>
    <system-err><![CDATA[Starting ChromeDriver 100.0.4896.60 (6a5d10861ce8de5fce22564658033b43cb7de047-refs/branch-heads/4896@{#875}) on port 55254
Only local connections are allowed.
Please see https://chromedriver.chromium.org/security-considerations for suggestions on keeping ChromeDriver safe.
ChromeDriver was started successfully.
[1652778348.581][WARNING]: This version of ChromeDriver has not been tested with Chrome version 101.
May 17, 2022 4:05:49 PM org.openqa.selenium.remote.ProtocolHandshake createSession
INFO: Detected dialect: W3C
May 17, 2022 4:05:49 PM org.openqa.selenium.devtools.CdpVersionFinder findNearestMatch
WARNING: Unable to find an exact match for CDP version 101, so returning the closest version found: 97
May 17, 2022 4:05:49 PM org.openqa.selenium.devtools.CdpVersionFinder findNearestMatch
INFO: Found CDP implementation for version 101 of 97
]]></system-err>
  </testcase>
  <testcase name="Login #5" classname="Login" time="12.421">
    <system-out><![CDATA[
Scenario Outline: Login                                    &amp#27;[90m# src/test/resources/features/Login.feature:19&amp#27;[0m
16:06:00.702 [main] INFO io.cucumber.core.plugin.SerenityReporter - Running feature from file:///C:/Users/ponda/Documents/Final_Project/Final_Web/src/test/resources/features/Login.feature
16:06:00.775 [main] DEBUG net.thucydides.core.steps.StepInterceptor - STARTING STEP: LoginSteps.iAmOnQaAltaIdLoginPage - openUrl
16:06:00.783 [main] INFO net.serenitybdd.core.webdriver.driverproviders.ChromeDriverProvider - Using automatically driver download
16:06:01.090 [AsyncHttpClient-1-1] DEBUG org.asynchttpclient.netty.channel.DefaultChannelPool - Entry count for : http://localhost:55254 : 1
16:06:01.090 [AsyncHttpClient-1-1] DEBUG org.asynchttpclient.netty.channel.DefaultChannelPool - Adding Candidate expired Channel [id: 0x7724ffa5, L:/127.0.0.1:60085 ! R:localhost/127.0.0.1:55254] isIdleTimeoutExpired=false isRemotelyClosed=true isTtlExpired=false
16:06:01.090 [AsyncHttpClient-1-1] DEBUG org.asynchttpclient.netty.channel.DefaultChannelPool - Closing Idle Channel [id: 0x7724ffa5, L:/127.0.0.1:60085 ! R:localhost/127.0.0.1:55254]
16:06:01.091 [AsyncHttpClient-1-1] DEBUG org.asynchttpclient.netty.channel.DefaultChannelPool - Closed 1 connections out of 1 in 1 ms
16:06:01.222 [main] DEBUG io.github.bonigarcia.wdm.cache.ResolutionCache - Resolution chrome=101 in cache (valid until 17:04:06 17/05/2022 WIB)
16:06:01.277 [main] DEBUG io.github.bonigarcia.wdm.cache.ResolutionCache - Resolution chrome101=101.0.4951.41 in cache (valid until 16:04:06 18/05/2022 WIB)
16:06:01.290 [main] INFO io.github.bonigarcia.wdm.WebDriverManager - Using chromedriver 101.0.4951.41 (resolved driver for Chrome 101)
16:06:01.352 [main] DEBUG io.github.bonigarcia.wdm.WebDriverManager - Driver chromedriver 101.0.4951.41 found in cache
16:06:01.355 [main] INFO io.github.bonigarcia.wdm.WebDriverManager - Exporting webdriver.chrome.driver as C:\Users\ponda\.cache\selenium\chromedriver\win32\101.0.4951.41\chromedriver.exe
16:06:01.651 [main] DEBUG net.serenitybdd.core.webdriver.driverproviders.ProvideNewDriver - Instantiating driver
16:06:01.651 [main] DEBUG net.serenitybdd.core.webdriver.driverproviders.ProvideNewDriver - Driver capabilities: Capabilities {acceptInsecureCerts: false, base.url: https://qa.alta.id, browserName: chrome, chrome.driver: src/test/resources/webdrive..., driver: chrome, goog:chromeOptions: {args: [], extensions: []}}
16:06:02.220 [AsyncHttpClient-1-2] DEBUG org.asynchttpclient.netty.channel.NettyConnectListener - Using new Channel '[id: 0xc4f3bb60, L:/127.0.0.1:60117 - R:localhost/127.0.0.1:51943]' for 'POST' to '/session'
16:06:04.710 [AsyncHttpClient-1-2] DEBUG org.asynchttpclient.netty.handler.HttpHandler - 

Request DefaultHttpRequest(decodeResult: success, version: HTTP/1.1)
POST /session HTTP/1.1
User-Agent: selenium/4.1.2 (java windows)
Content-Length: 599
Content-Type: application/json; charset=utf-8
host: localhost:51943
accept: */*

Response DefaultHttpResponse(decodeResult: success, version: HTTP/1.1)
HTTP/1.1 200 OK
Content-Type: application/json; charset=utf-8
cache-control: no-cache
content-length: 790

16:06:04.710 [AsyncHttpClient-1-2] DEBUG org.asynchttpclient.netty.channel.ChannelManager - Adding key: http://localhost:51943 for channel [id: 0xc4f3bb60, L:/127.0.0.1:60117 - R:localhost/127.0.0.1:51943]
16:06:04.747 [AsyncHttpClient-1-3] DEBUG org.asynchttpclient.netty.channel.NettyConnectListener - Using new Channel '[id: 0x6e59ae3a, L:/127.0.0.1:60124 - R:localhost/127.0.0.1:60118]' for 'GET' to '/json/version'
16:06:04.749 [AsyncHttpClient-1-3] DEBUG org.asynchttpclient.netty.handler.HttpHandler - 

Request DefaultFullHttpRequest(decodeResult: success, version: HTTP/1.1, content: EmptyByteBufBE)
GET /json/version HTTP/1.1
User-Agent: selenium/4.1.2 (java windows)
host: localhost:60118
accept: */*

Response DefaultHttpResponse(decodeResult: success, version: HTTP/1.1)
HTTP/1.1 200 OK
Content-Type: application/json; charset=UTF-8
content-length: 427

16:06:04.749 [AsyncHttpClient-1-3] DEBUG org.asynchttpclient.netty.channel.ChannelManager - Adding key: http://localhost:60118 for channel [id: 0x6e59ae3a, L:/127.0.0.1:60124 - R:localhost/127.0.0.1:60118]
16:06:04.756 [AsyncHttpClient-1-4] DEBUG org.asynchttpclient.netty.channel.NettyConnectListener - Using new Channel '[id: 0xbe54a1a8, L:/127.0.0.1:60125 - R:localhost/127.0.0.1:60118]' for 'GET' to '/devtools/browser/9008762f-b27e-4915-b089-3ba67a9a22a6'
16:06:04.757 [AsyncHttpClient-1-4] DEBUG org.asynchttpclient.netty.handler.WebSocketHandler - 

Request DefaultFullHttpRequest(decodeResult: success, version: HTTP/1.1, content: EmptyByteBufBE)
GET /devtools/browser/9008762f-b27e-4915-b089-3ba67a9a22a6 HTTP/1.1
upgrade: websocket
connection: upgrade
sec-websocket-key: V9ZL2h9G/Ts/wmxJ8IKVww==
sec-websocket-version: 13
origin: http://localhost:60118
host: localhost:60118
accept: */*
user-agent: AHC/2.1

Response DefaultHttpResponse(decodeResult: success, version: HTTP/1.1)
HTTP/1.1 101 WebSocket Protocol Handshake
Upgrade: WebSocket
Connection: Upgrade
Sec-WebSocket-Accept: RZySJmWmZ5Nw7hUXAFI4hVeWgXc=

16:06:04.772 [Forwarding maximizeCurrentWindow on session 3f09a9795fa83ddbf071c2d7100c8c10 to remote] DEBUG org.asynchttpclient.netty.request.NettyRequestSender - Using pooled Channel '[id: 0xc4f3bb60, L:/127.0.0.1:60117 - R:localhost/127.0.0.1:51943]' for 'POST' to 'http://localhost:51943/session/3f09a9795fa83ddbf071c2d7100c8c10/window/maximize'
16:06:04.772 [Forwarding maximizeCurrentWindow on session 3f09a9795fa83ddbf071c2d7100c8c10 to remote] DEBUG org.asynchttpclient.netty.request.NettyRequestSender - Using open Channel [id: 0xc4f3bb60, L:/127.0.0.1:60117 - R:localhost/127.0.0.1:51943] for POST '/session/3f09a9795fa83ddbf071c2d7100c8c10/window/maximize'
16:06:05.357 [AsyncHttpClient-1-2] DEBUG org.asynchttpclient.netty.handler.HttpHandler - 

Request DefaultHttpRequest(decodeResult: success, version: HTTP/1.1)
POST /session/3f09a9795fa83ddbf071c2d7100c8c10/window/maximize HTTP/1.1
User-Agent: selenium/4.1.2 (java windows)
Content-Length: 3
Content-Type: application/json; charset=utf-8
host: localhost:51943
accept: */*

Response DefaultHttpResponse(decodeResult: success, version: HTTP/1.1)
HTTP/1.1 200 OK
Content-Type: application/json; charset=utf-8
cache-control: no-cache
content-length: 51

16:06:05.357 [AsyncHttpClient-1-2] DEBUG org.asynchttpclient.netty.channel.ChannelManager - Adding key: http://localhost:51943 for channel [id: 0xc4f3bb60, L:/127.0.0.1:60117 - R:localhost/127.0.0.1:51943]
16:06:05.360 [Forwarding get on session 3f09a9795fa83ddbf071c2d7100c8c10 to remote] DEBUG org.asynchttpclient.netty.request.NettyRequestSender - Using pooled Channel '[id: 0xc4f3bb60, L:/127.0.0.1:60117 - R:localhost/127.0.0.1:51943]' for 'POST' to 'http://localhost:51943/session/3f09a9795fa83ddbf071c2d7100c8c10/url'
16:06:05.360 [Forwarding get on session 3f09a9795fa83ddbf071c2d7100c8c10 to remote] DEBUG org.asynchttpclient.netty.request.NettyRequestSender - Using open Channel [id: 0xc4f3bb60, L:/127.0.0.1:60117 - R:localhost/127.0.0.1:51943] for POST '/session/3f09a9795fa83ddbf071c2d7100c8c10/url'
16:06:05.649 [AsyncHttpClient-1-1] DEBUG org.asynchttpclient.netty.channel.DefaultChannelPool - Entry count for : http://localhost:60118 : 1
16:06:06.737 [AsyncHttpClient-1-1] DEBUG org.asynchttpclient.netty.channel.DefaultChannelPool - Entry count for : http://localhost:60118 : 1
16:06:07.144 [AsyncHttpClient-1-2] DEBUG org.asynchttpclient.netty.handler.HttpHandler - 

Request DefaultHttpRequest(decodeResult: success, version: HTTP/1.1)
POST /session/3f09a9795fa83ddbf071c2d7100c8c10/url HTTP/1.1
User-Agent: selenium/4.1.2 (java windows)
Content-Length: 64
Content-Type: application/json; charset=utf-8
host: localhost:51943
accept: */*

Response DefaultHttpResponse(decodeResult: success, version: HTTP/1.1)
HTTP/1.1 200 OK
Content-Type: application/json; charset=utf-8
cache-control: no-cache
content-length: 14

16:06:07.145 [AsyncHttpClient-1-2] DEBUG org.asynchttpclient.netty.channel.ChannelManager - Adding key: http://localhost:51943 for channel [id: 0xc4f3bb60, L:/127.0.0.1:60117 - R:localhost/127.0.0.1:51943]
16:06:07.149 [Forwarding setTimeout on session 3f09a9795fa83ddbf071c2d7100c8c10 to remote] DEBUG org.asynchttpclient.netty.request.NettyRequestSender - Using pooled Channel '[id: 0xc4f3bb60, L:/127.0.0.1:60117 - R:localhost/127.0.0.1:51943]' for 'POST' to 'http://localhost:51943/session/3f09a9795fa83ddbf071c2d7100c8c10/timeouts'
16:06:07.149 [Forwarding setTimeout on session 3f09a9795fa83ddbf071c2d7100c8c10 to remote] DEBUG org.asynchttpclient.netty.request.NettyRequestSender - Using open Channel [id: 0xc4f3bb60, L:/127.0.0.1:60117 - R:localhost/127.0.0.1:51943] for POST '/session/3f09a9795fa83ddbf071c2d7100c8c10/timeouts'
16:06:07.153 [AsyncHttpClient-1-2] DEBUG org.asynchttpclient.netty.handler.HttpHandler - 

Request DefaultHttpRequest(decodeResult: success, version: HTTP/1.1)
POST /session/3f09a9795fa83ddbf071c2d7100c8c10/timeouts HTTP/1.1
User-Agent: selenium/4.1.2 (java windows)
Content-Length: 22
Content-Type: application/json; charset=utf-8
host: localhost:51943
accept: */*

Response DefaultHttpResponse(decodeResult: success, version: HTTP/1.1)
HTTP/1.1 200 OK
Content-Type: application/json; charset=utf-8
cache-control: no-cache
content-length: 14

16:06:07.154 [AsyncHttpClient-1-2] DEBUG org.asynchttpclient.netty.channel.ChannelManager - Adding key: http://localhost:51943 for channel [id: 0xc4f3bb60, L:/127.0.0.1:60117 - R:localhost/127.0.0.1:51943]
16:06:07.200 [Forwarding getCurrentUrl on session 3f09a9795fa83ddbf071c2d7100c8c10 to remote] DEBUG org.asynchttpclient.netty.request.NettyRequestSender - Using pooled Channel '[id: 0xc4f3bb60, L:/127.0.0.1:60117 - R:localhost/127.0.0.1:51943]' for 'GET' to 'http://localhost:51943/session/3f09a9795fa83ddbf071c2d7100c8c10/url'
16:06:07.200 [Forwarding getCurrentUrl on session 3f09a9795fa83ddbf071c2d7100c8c10 to remote] DEBUG org.asynchttpclient.netty.request.NettyRequestSender - Using open Channel [id: 0xc4f3bb60, L:/127.0.0.1:60117 - R:localhost/127.0.0.1:51943] for GET '/session/3f09a9795fa83ddbf071c2d7100c8c10/url'
16:06:07.254 [AsyncHttpClient-1-2] DEBUG org.asynchttpclient.netty.handler.HttpHandler - 

Request DefaultFullHttpRequest(decodeResult: success, version: HTTP/1.1, content: EmptyByteBufBE)
GET /session/3f09a9795fa83ddbf071c2d7100c8c10/url HTTP/1.1
User-Agent: selenium/4.1.2 (java windows)
Cache-Control: no-cache
Content-Type: application/json; charset=utf-8
host: localhost:51943
accept: */*

Response DefaultHttpResponse(decodeResult: success, version: HTTP/1.1)
HTTP/1.1 200 OK
Content-Type: application/json; charset=utf-8
cache-control: no-cache
content-length: 41

16:06:07.256 [AsyncHttpClient-1-2] DEBUG org.asynchttpclient.netty.channel.ChannelManager - Adding key: http://localhost:51943 for channel [id: 0xc4f3bb60, L:/127.0.0.1:60117 - R:localhost/127.0.0.1:51943]
16:06:07.291 [Forwarding screenshot on session 3f09a9795fa83ddbf071c2d7100c8c10 to remote] DEBUG org.asynchttpclient.netty.request.NettyRequestSender - Using pooled Channel '[id: 0xc4f3bb60, L:/127.0.0.1:60117 - R:localhost/127.0.0.1:51943]' for 'GET' to 'http://localhost:51943/session/3f09a9795fa83ddbf071c2d7100c8c10/screenshot'
16:06:07.292 [Forwarding screenshot on session 3f09a9795fa83ddbf071c2d7100c8c10 to remote] DEBUG org.asynchttpclient.netty.request.NettyRequestSender - Using open Channel [id: 0xc4f3bb60, L:/127.0.0.1:60117 - R:localhost/127.0.0.1:51943] for GET '/session/3f09a9795fa83ddbf071c2d7100c8c10/screenshot'
16:06:07.845 [AsyncHttpClient-1-1] DEBUG org.asynchttpclient.netty.channel.DefaultChannelPool - Entry count for : http://localhost:60118 : 1
16:06:07.999 [AsyncHttpClient-1-2] DEBUG org.asynchttpclient.netty.handler.HttpHandler - 

Request DefaultFullHttpRequest(decodeResult: success, version: HTTP/1.1, content: EmptyByteBufBE)
GET /session/3f09a9795fa83ddbf071c2d7100c8c10/screenshot HTTP/1.1
User-Agent: selenium/4.1.2 (java windows)
Cache-Control: no-cache
Content-Type: application/json; charset=utf-8
host: localhost:51943
accept: */*

Response DefaultHttpResponse(decodeResult: success, version: HTTP/1.1)
HTTP/1.1 200 OK
Content-Type: application/json; charset=utf-8
cache-control: no-cache
content-length: 25384

16:06:08.000 [AsyncHttpClient-1-2] DEBUG org.asynchttpclient.netty.channel.ChannelManager - Adding key: http://localhost:51943 for channel [id: 0xc4f3bb60, L:/127.0.0.1:60117 - R:localhost/127.0.0.1:51943]
16:06:08.003 [main] DEBUG net.serenitybdd.core.photography.Darkroom - Send negative for processing for target\site\serenity\6b6563c13227ef0b70a26f8a845b86304c5ded2ac83324d4bda7e0f4416b9ac5.png
16:06:08.004 [main] DEBUG net.thucydides.core.steps.StepInterceptor - STEP DONE: openUrl
  &amp#27;[32mGiven &amp#27;[0m&amp#27;[32mI am on qa.alta.id login page&amp#27;[0m                      &amp#27;[90m# starter.stepdefinitions.LoginSteps.iAmOnQaAltaIdLoginPage()&amp#27;[0m
16:06:08.034 [main] DEBUG net.thucydides.core.steps.StepInterceptor - STARTING STEP: LoginSteps.inputEmail - inputEmail
16:06:08.039 [Forwarding findElement on session 3f09a9795fa83ddbf071c2d7100c8c10 to remote] DEBUG org.asynchttpclient.netty.request.NettyRequestSender - Using pooled Channel '[id: 0xc4f3bb60, L:/127.0.0.1:60117 - R:localhost/127.0.0.1:51943]' for 'POST' to 'http://localhost:51943/session/3f09a9795fa83ddbf071c2d7100c8c10/element'
16:06:08.039 [Forwarding findElement on session 3f09a9795fa83ddbf071c2d7100c8c10 to remote] DEBUG org.asynchttpclient.netty.request.NettyRequestSender - Using open Channel [id: 0xc4f3bb60, L:/127.0.0.1:60117 - R:localhost/127.0.0.1:51943] for POST '/session/3f09a9795fa83ddbf071c2d7100c8c10/element'
16:06:08.065 [AsyncHttpClient-1-2] DEBUG org.asynchttpclient.netty.handler.HttpHandler - 

Request DefaultHttpRequest(decodeResult: success, version: HTTP/1.1)
POST /session/3f09a9795fa83ddbf071c2d7100c8c10/element HTTP/1.1
User-Agent: selenium/4.1.2 (java windows)
Content-Length: 86
Content-Type: application/json; charset=utf-8
host: localhost:51943
accept: */*

Response DefaultHttpResponse(decodeResult: success, version: HTTP/1.1)
HTTP/1.1 200 OK
Content-Type: application/json; charset=utf-8
cache-control: no-cache
content-length: 88

16:06:08.065 [AsyncHttpClient-1-2] DEBUG org.asynchttpclient.netty.channel.ChannelManager - Adding key: http://localhost:51943 for channel [id: 0xc4f3bb60, L:/127.0.0.1:60117 - R:localhost/127.0.0.1:51943]
16:06:08.068 [Forwarding clearElement on session 3f09a9795fa83ddbf071c2d7100c8c10 to remote] DEBUG org.asynchttpclient.netty.request.NettyRequestSender - Using pooled Channel '[id: 0xc4f3bb60, L:/127.0.0.1:60117 - R:localhost/127.0.0.1:51943]' for 'POST' to 'http://localhost:51943/session/3f09a9795fa83ddbf071c2d7100c8c10/element/0ce2845e-ea39-470f-925f-26a35ed30849/clear'
16:06:08.068 [Forwarding clearElement on session 3f09a9795fa83ddbf071c2d7100c8c10 to remote] DEBUG org.asynchttpclient.netty.request.NettyRequestSender - Using open Channel [id: 0xc4f3bb60, L:/127.0.0.1:60117 - R:localhost/127.0.0.1:51943] for POST '/session/3f09a9795fa83ddbf071c2d7100c8c10/element/0ce2845e-ea39-470f-925f-26a35ed30849/clear'
16:06:08.136 [AsyncHttpClient-1-2] DEBUG org.asynchttpclient.netty.handler.HttpHandler - 

Request DefaultHttpRequest(decodeResult: success, version: HTTP/1.1)
POST /session/3f09a9795fa83ddbf071c2d7100c8c10/element/0ce2845e-ea39-470f-925f-26a35ed30849/clear HTTP/1.1
User-Agent: selenium/4.1.2 (java windows)
Content-Length: 50
Content-Type: application/json; charset=utf-8
host: localhost:51943
accept: */*

Response DefaultHttpResponse(decodeResult: success, version: HTTP/1.1)
HTTP/1.1 200 OK
Content-Type: application/json; charset=utf-8
cache-control: no-cache
content-length: 14

16:06:08.136 [AsyncHttpClient-1-2] DEBUG org.asynchttpclient.netty.channel.ChannelManager - Adding key: http://localhost:51943 for channel [id: 0xc4f3bb60, L:/127.0.0.1:60117 - R:localhost/127.0.0.1:51943]
16:06:08.141 [Forwarding sendKeysToElement on session 3f09a9795fa83ddbf071c2d7100c8c10 to remote] DEBUG org.asynchttpclient.netty.request.NettyRequestSender - Using pooled Channel '[id: 0xc4f3bb60, L:/127.0.0.1:60117 - R:localhost/127.0.0.1:51943]' for 'POST' to 'http://localhost:51943/session/3f09a9795fa83ddbf071c2d7100c8c10/element/0ce2845e-ea39-470f-925f-26a35ed30849/value'
16:06:08.141 [Forwarding sendKeysToElement on session 3f09a9795fa83ddbf071c2d7100c8c10 to remote] DEBUG org.asynchttpclient.netty.request.NettyRequestSender - Using open Channel [id: 0xc4f3bb60, L:/127.0.0.1:60117 - R:localhost/127.0.0.1:51943] for POST '/session/3f09a9795fa83ddbf071c2d7100c8c10/element/0ce2845e-ea39-470f-925f-26a35ed30849/value'
16:06:08.758 [AsyncHttpClient-1-2] DEBUG org.asynchttpclient.netty.handler.HttpHandler - 

Request DefaultHttpRequest(decodeResult: success, version: HTTP/1.1)
POST /session/3f09a9795fa83ddbf071c2d7100c8c10/element/0ce2845e-ea39-470f-925f-26a35ed30849/value HTTP/1.1
User-Agent: selenium/4.1.2 (java windows)
Content-Length: 331
Content-Type: application/json; charset=utf-8
host: localhost:51943
accept: */*

Response DefaultHttpResponse(decodeResult: success, version: HTTP/1.1)
HTTP/1.1 200 OK
Content-Type: application/json; charset=utf-8
cache-control: no-cache
content-length: 14

16:06:08.759 [AsyncHttpClient-1-2] DEBUG org.asynchttpclient.netty.channel.ChannelManager - Adding key: http://localhost:51943 for channel [id: 0xc4f3bb60, L:/127.0.0.1:60117 - R:localhost/127.0.0.1:51943]
16:06:08.778 [Forwarding screenshot on session 3f09a9795fa83ddbf071c2d7100c8c10 to remote] DEBUG org.asynchttpclient.netty.request.NettyRequestSender - Using pooled Channel '[id: 0xc4f3bb60, L:/127.0.0.1:60117 - R:localhost/127.0.0.1:51943]' for 'GET' to 'http://localhost:51943/session/3f09a9795fa83ddbf071c2d7100c8c10/screenshot'
16:06:08.778 [Forwarding screenshot on session 3f09a9795fa83ddbf071c2d7100c8c10 to remote] DEBUG org.asynchttpclient.netty.request.NettyRequestSender - Using open Channel [id: 0xc4f3bb60, L:/127.0.0.1:60117 - R:localhost/127.0.0.1:51943] for GET '/session/3f09a9795fa83ddbf071c2d7100c8c10/screenshot'
16:06:08.938 [AsyncHttpClient-1-1] DEBUG org.asynchttpclient.netty.channel.DefaultChannelPool - Entry count for : http://localhost:60118 : 1
16:06:09.055 [AsyncHttpClient-1-2] DEBUG org.asynchttpclient.netty.handler.HttpHandler - 

Request DefaultFullHttpRequest(decodeResult: success, version: HTTP/1.1, content: EmptyByteBufBE)
GET /session/3f09a9795fa83ddbf071c2d7100c8c10/screenshot HTTP/1.1
User-Agent: selenium/4.1.2 (java windows)
Cache-Control: no-cache
Content-Type: application/json; charset=utf-8
host: localhost:51943
accept: */*

Response DefaultHttpResponse(decodeResult: success, version: HTTP/1.1)
HTTP/1.1 200 OK
Content-Type: application/json; charset=utf-8
cache-control: no-cache
content-length: 29908

16:06:09.056 [AsyncHttpClient-1-2] DEBUG org.asynchttpclient.netty.channel.ChannelManager - Adding key: http://localhost:51943 for channel [id: 0xc4f3bb60, L:/127.0.0.1:60117 - R:localhost/127.0.0.1:51943]
16:06:09.059 [main] DEBUG net.serenitybdd.core.photography.Darkroom - Send negative for processing for target\site\serenity\e7c83625db37892194b9249a400869bf2ff1c16372169beecb92dc04d872d4cb.png
16:06:09.059 [main] DEBUG net.thucydides.core.steps.StepInterceptor - STEP DONE: inputEmail
  &amp#27;[32mWhen &amp#27;[0m&amp#27;[32mI input &amp#27;[0m&amp#27;[32m&amp#27;[1m"pondaaginggrit1@gmail.com"&amp#27;[0m                 &amp#27;[90m# starter.stepdefinitions.LoginSteps.inputEmail(java.lang.String)&amp#27;[0m
16:06:09.060 [Darkroom Processing Line] DEBUG net.serenitybdd.core.photography.DarkroomProcessingLine - Processing screenshot image in /var/screenshots/screenshot-4147481317468072716
16:06:09.060 [Darkroom Processing Line] DEBUG net.serenitybdd.core.photography.DarkroomProcessingLine - Saving screenshot to target\site\serenity\e7c83625db37892194b9249a400869bf2ff1c16372169beecb92dc04d872d4cb.png
16:06:09.103 [main] DEBUG net.thucydides.core.steps.StepInterceptor - STARTING STEP: LoginSteps.input - inputPassword
16:06:09.109 [Forwarding findElement on session 3f09a9795fa83ddbf071c2d7100c8c10 to remote] DEBUG org.asynchttpclient.netty.request.NettyRequestSender - Using pooled Channel '[id: 0xc4f3bb60, L:/127.0.0.1:60117 - R:localhost/127.0.0.1:51943]' for 'POST' to 'http://localhost:51943/session/3f09a9795fa83ddbf071c2d7100c8c10/element'
16:06:09.109 [Forwarding findElement on session 3f09a9795fa83ddbf071c2d7100c8c10 to remote] DEBUG org.asynchttpclient.netty.request.NettyRequestSender - Using open Channel [id: 0xc4f3bb60, L:/127.0.0.1:60117 - R:localhost/127.0.0.1:51943] for POST '/session/3f09a9795fa83ddbf071c2d7100c8c10/element'
16:06:09.134 [AsyncHttpClient-1-2] DEBUG org.asynchttpclient.netty.handler.HttpHandler - 

Request DefaultHttpRequest(decodeResult: success, version: HTTP/1.1)
POST /session/3f09a9795fa83ddbf071c2d7100c8c10/element HTTP/1.1
User-Agent: selenium/4.1.2 (java windows)
Content-Length: 89
Content-Type: application/json; charset=utf-8
host: localhost:51943
accept: */*

Response DefaultHttpResponse(decodeResult: success, version: HTTP/1.1)
HTTP/1.1 200 OK
Content-Type: application/json; charset=utf-8
cache-control: no-cache
content-length: 88

16:06:09.134 [AsyncHttpClient-1-2] DEBUG org.asynchttpclient.netty.channel.ChannelManager - Adding key: http://localhost:51943 for channel [id: 0xc4f3bb60, L:/127.0.0.1:60117 - R:localhost/127.0.0.1:51943]
16:06:09.136 [Forwarding clearElement on session 3f09a9795fa83ddbf071c2d7100c8c10 to remote] DEBUG org.asynchttpclient.netty.request.NettyRequestSender - Using pooled Channel '[id: 0xc4f3bb60, L:/127.0.0.1:60117 - R:localhost/127.0.0.1:51943]' for 'POST' to 'http://localhost:51943/session/3f09a9795fa83ddbf071c2d7100c8c10/element/625a669f-fca6-4405-89d7-950adc4b1132/clear'
16:06:09.137 [Forwarding clearElement on session 3f09a9795fa83ddbf071c2d7100c8c10 to remote] DEBUG org.asynchttpclient.netty.request.NettyRequestSender - Using open Channel [id: 0xc4f3bb60, L:/127.0.0.1:60117 - R:localhost/127.0.0.1:51943] for POST '/session/3f09a9795fa83ddbf071c2d7100c8c10/element/625a669f-fca6-4405-89d7-950adc4b1132/clear'
16:06:09.194 [AsyncHttpClient-1-2] DEBUG org.asynchttpclient.netty.handler.HttpHandler - 

Request DefaultHttpRequest(decodeResult: success, version: HTTP/1.1)
POST /session/3f09a9795fa83ddbf071c2d7100c8c10/element/625a669f-fca6-4405-89d7-950adc4b1132/clear HTTP/1.1
User-Agent: selenium/4.1.2 (java windows)
Content-Length: 50
Content-Type: application/json; charset=utf-8
host: localhost:51943
accept: */*

Response DefaultHttpResponse(decodeResult: success, version: HTTP/1.1)
HTTP/1.1 200 OK
Content-Type: application/json; charset=utf-8
cache-control: no-cache
content-length: 14

16:06:09.195 [AsyncHttpClient-1-2] DEBUG org.asynchttpclient.netty.channel.ChannelManager - Adding key: http://localhost:51943 for channel [id: 0xc4f3bb60, L:/127.0.0.1:60117 - R:localhost/127.0.0.1:51943]
16:06:09.200 [Forwarding sendKeysToElement on session 3f09a9795fa83ddbf071c2d7100c8c10 to remote] DEBUG org.asynchttpclient.netty.request.NettyRequestSender - Using pooled Channel '[id: 0xc4f3bb60, L:/127.0.0.1:60117 - R:localhost/127.0.0.1:51943]' for 'POST' to 'http://localhost:51943/session/3f09a9795fa83ddbf071c2d7100c8c10/element/625a669f-fca6-4405-89d7-950adc4b1132/value'
16:06:09.200 [Forwarding sendKeysToElement on session 3f09a9795fa83ddbf071c2d7100c8c10 to remote] DEBUG org.asynchttpclient.netty.request.NettyRequestSender - Using open Channel [id: 0xc4f3bb60, L:/127.0.0.1:60117 - R:localhost/127.0.0.1:51943] for POST '/session/3f09a9795fa83ddbf071c2d7100c8c10/element/625a669f-fca6-4405-89d7-950adc4b1132/value'
16:06:09.644 [AsyncHttpClient-1-2] DEBUG org.asynchttpclient.netty.handler.HttpHandler - 

Request DefaultHttpRequest(decodeResult: success, version: HTTP/1.1)
POST /session/3f09a9795fa83ddbf071c2d7100c8c10/element/625a669f-fca6-4405-89d7-950adc4b1132/value HTTP/1.1
User-Agent: selenium/4.1.2 (java windows)
Content-Length: 201
Content-Type: application/json; charset=utf-8
host: localhost:51943
accept: */*

Response DefaultHttpResponse(decodeResult: success, version: HTTP/1.1)
HTTP/1.1 200 OK
Content-Type: application/json; charset=utf-8
cache-control: no-cache
content-length: 14

16:06:09.645 [AsyncHttpClient-1-2] DEBUG org.asynchttpclient.netty.channel.ChannelManager - Adding key: http://localhost:51943 for channel [id: 0xc4f3bb60, L:/127.0.0.1:60117 - R:localhost/127.0.0.1:51943]
16:06:09.676 [Forwarding screenshot on session 3f09a9795fa83ddbf071c2d7100c8c10 to remote] DEBUG org.asynchttpclient.netty.request.NettyRequestSender - Using pooled Channel '[id: 0xc4f3bb60, L:/127.0.0.1:60117 - R:localhost/127.0.0.1:51943]' for 'GET' to 'http://localhost:51943/session/3f09a9795fa83ddbf071c2d7100c8c10/screenshot'
16:06:09.676 [Forwarding screenshot on session 3f09a9795fa83ddbf071c2d7100c8c10 to remote] DEBUG org.asynchttpclient.netty.request.NettyRequestSender - Using open Channel [id: 0xc4f3bb60, L:/127.0.0.1:60117 - R:localhost/127.0.0.1:51943] for GET '/session/3f09a9795fa83ddbf071c2d7100c8c10/screenshot'
16:06:09.961 [AsyncHttpClient-1-2] DEBUG org.asynchttpclient.netty.handler.HttpHandler - 

Request DefaultFullHttpRequest(decodeResult: success, version: HTTP/1.1, content: EmptyByteBufBE)
GET /session/3f09a9795fa83ddbf071c2d7100c8c10/screenshot HTTP/1.1
User-Agent: selenium/4.1.2 (java windows)
Cache-Control: no-cache
Content-Type: application/json; charset=utf-8
host: localhost:51943
accept: */*

Response DefaultHttpResponse(decodeResult: success, version: HTTP/1.1)
HTTP/1.1 200 OK
Content-Type: application/json; charset=utf-8
cache-control: no-cache
content-length: 32080

16:06:09.966 [AsyncHttpClient-1-2] DEBUG org.asynchttpclient.netty.channel.ChannelManager - Adding key: http://localhost:51943 for channel [id: 0xc4f3bb60, L:/127.0.0.1:60117 - R:localhost/127.0.0.1:51943]
16:06:09.978 [main] DEBUG net.serenitybdd.core.photography.Darkroom - Send negative for processing for target\site\serenity\8939c8d25bcba9b095ffd3717a09eadc1ba3a48181cdbd613adcc6eb5810e41d.png
16:06:09.978 [main] DEBUG net.thucydides.core.steps.StepInterceptor - STEP DONE: inputPassword
16:06:09.982 [Darkroom Processing Line] DEBUG net.serenitybdd.core.photography.DarkroomProcessingLine - Processing screenshot image in /var/screenshots/screenshot-7533641503925661941
16:06:09.982 [Darkroom Processing Line] DEBUG net.serenitybdd.core.photography.DarkroomProcessingLine - Saving screenshot to target\site\serenity\8939c8d25bcba9b095ffd3717a09eadc1ba3a48181cdbd613adcc6eb5810e41d.png
  &amp#27;[32mAnd &amp#27;[0m&amp#27;[32mInput &amp#27;[0m&amp#27;[32m&amp#27;[1m"Password4444"&amp#27;[0m                                 &amp#27;[90m# starter.stepdefinitions.LoginSteps.input(java.lang.String)&amp#27;[0m
16:06:10.035 [Forwarding screenshot on session 3f09a9795fa83ddbf071c2d7100c8c10 to remote] DEBUG org.asynchttpclient.netty.request.NettyRequestSender - Using pooled Channel '[id: 0xc4f3bb60, L:/127.0.0.1:60117 - R:localhost/127.0.0.1:51943]' for 'GET' to 'http://localhost:51943/session/3f09a9795fa83ddbf071c2d7100c8c10/screenshot'
16:06:10.035 [Forwarding screenshot on session 3f09a9795fa83ddbf071c2d7100c8c10 to remote] DEBUG org.asynchttpclient.netty.request.NettyRequestSender - Using open Channel [id: 0xc4f3bb60, L:/127.0.0.1:60117 - R:localhost/127.0.0.1:51943] for GET '/session/3f09a9795fa83ddbf071c2d7100c8c10/screenshot'
16:06:10.048 [AsyncHttpClient-1-1] DEBUG org.asynchttpclient.netty.channel.DefaultChannelPool - Entry count for : http://localhost:60118 : 1
16:06:10.244 [AsyncHttpClient-1-2] DEBUG org.asynchttpclient.netty.handler.HttpHandler - 

Request DefaultFullHttpRequest(decodeResult: success, version: HTTP/1.1, content: EmptyByteBufBE)
GET /session/3f09a9795fa83ddbf071c2d7100c8c10/screenshot HTTP/1.1
User-Agent: selenium/4.1.2 (java windows)
Cache-Control: no-cache
Content-Type: application/json; charset=utf-8
host: localhost:51943
accept: */*

Response DefaultHttpResponse(decodeResult: success, version: HTTP/1.1)
HTTP/1.1 200 OK
Content-Type: application/json; charset=utf-8
cache-control: no-cache
content-length: 32080

16:06:10.245 [AsyncHttpClient-1-2] DEBUG org.asynchttpclient.netty.channel.ChannelManager - Adding key: http://localhost:51943 for channel [id: 0xc4f3bb60, L:/127.0.0.1:60117 - R:localhost/127.0.0.1:51943]
16:06:10.251 [main] DEBUG net.serenitybdd.core.photography.Darkroom - Send negative for processing for target\site\serenity\2022b2426a23bc3d5afa9617a33a469c4161baec2f028257df9006087802b34c.png
16:06:10.251 [main] DEBUG net.thucydides.core.steps.StepInterceptor - STARTING STEP: LoginSteps.clickLoginButton - clickLoginButton
16:06:10.254 [Darkroom Processing Line] DEBUG net.serenitybdd.core.photography.DarkroomProcessingLine - Processing screenshot image in /var/screenshots/screenshot-3864670614000941324
16:06:10.254 [Darkroom Processing Line] DEBUG net.serenitybdd.core.photography.DarkroomProcessingLine - Saving screenshot to target\site\serenity\2022b2426a23bc3d5afa9617a33a469c4161baec2f028257df9006087802b34c.png
16:06:10.259 [Forwarding findElement on session 3f09a9795fa83ddbf071c2d7100c8c10 to remote] DEBUG org.asynchttpclient.netty.request.NettyRequestSender - Using pooled Channel '[id: 0xc4f3bb60, L:/127.0.0.1:60117 - R:localhost/127.0.0.1:51943]' for 'POST' to 'http://localhost:51943/session/3f09a9795fa83ddbf071c2d7100c8c10/element'
16:06:10.260 [Forwarding findElement on session 3f09a9795fa83ddbf071c2d7100c8c10 to remote] DEBUG org.asynchttpclient.netty.request.NettyRequestSender - Using open Channel [id: 0xc4f3bb60, L:/127.0.0.1:60117 - R:localhost/127.0.0.1:51943] for POST '/session/3f09a9795fa83ddbf071c2d7100c8c10/element'
16:06:10.305 [AsyncHttpClient-1-2] DEBUG org.asynchttpclient.netty.handler.HttpHandler - 

Request DefaultHttpRequest(decodeResult: success, version: HTTP/1.1)
POST /session/3f09a9795fa83ddbf071c2d7100c8c10/element HTTP/1.1
User-Agent: selenium/4.1.2 (java windows)
Content-Length: 136
Content-Type: application/json; charset=utf-8
host: localhost:51943
accept: */*

Response DefaultHttpResponse(decodeResult: success, version: HTTP/1.1)
HTTP/1.1 200 OK
Content-Type: application/json; charset=utf-8
cache-control: no-cache
content-length: 88

16:06:10.305 [AsyncHttpClient-1-2] DEBUG org.asynchttpclient.netty.channel.ChannelManager - Adding key: http://localhost:51943 for channel [id: 0xc4f3bb60, L:/127.0.0.1:60117 - R:localhost/127.0.0.1:51943]
16:06:10.309 [Forwarding getElementTagName on session 3f09a9795fa83ddbf071c2d7100c8c10 to remote] DEBUG org.asynchttpclient.netty.request.NettyRequestSender - Using pooled Channel '[id: 0xc4f3bb60, L:/127.0.0.1:60117 - R:localhost/127.0.0.1:51943]' for 'GET' to 'http://localhost:51943/session/3f09a9795fa83ddbf071c2d7100c8c10/element/0ae8aa8b-b302-4ab7-b7ee-18a8cf4b5515/name'
16:06:10.309 [Forwarding getElementTagName on session 3f09a9795fa83ddbf071c2d7100c8c10 to remote] DEBUG org.asynchttpclient.netty.request.NettyRequestSender - Using open Channel [id: 0xc4f3bb60, L:/127.0.0.1:60117 - R:localhost/127.0.0.1:51943] for GET '/session/3f09a9795fa83ddbf071c2d7100c8c10/element/0ae8aa8b-b302-4ab7-b7ee-18a8cf4b5515/name'
16:06:10.320 [AsyncHttpClient-1-2] DEBUG org.asynchttpclient.netty.handler.HttpHandler - 

Request DefaultFullHttpRequest(decodeResult: success, version: HTTP/1.1, content: EmptyByteBufBE)
GET /session/3f09a9795fa83ddbf071c2d7100c8c10/element/0ae8aa8b-b302-4ab7-b7ee-18a8cf4b5515/name HTTP/1.1
User-Agent: selenium/4.1.2 (java windows)
Cache-Control: no-cache
Content-Type: application/json; charset=utf-8
host: localhost:51943
accept: */*

Response DefaultHttpResponse(decodeResult: success, version: HTTP/1.1)
HTTP/1.1 200 OK
Content-Type: application/json; charset=utf-8
cache-control: no-cache
content-length: 18

16:06:10.320 [AsyncHttpClient-1-2] DEBUG org.asynchttpclient.netty.channel.ChannelManager - Adding key: http://localhost:51943 for channel [id: 0xc4f3bb60, L:/127.0.0.1:60117 - R:localhost/127.0.0.1:51943]
16:06:10.324 [Forwarding getElementTagName on session 3f09a9795fa83ddbf071c2d7100c8c10 to remote] DEBUG org.asynchttpclient.netty.request.NettyRequestSender - Using pooled Channel '[id: 0xc4f3bb60, L:/127.0.0.1:60117 - R:localhost/127.0.0.1:51943]' for 'GET' to 'http://localhost:51943/session/3f09a9795fa83ddbf071c2d7100c8c10/element/0ae8aa8b-b302-4ab7-b7ee-18a8cf4b5515/name'
16:06:10.324 [Forwarding getElementTagName on session 3f09a9795fa83ddbf071c2d7100c8c10 to remote] DEBUG org.asynchttpclient.netty.request.NettyRequestSender - Using open Channel [id: 0xc4f3bb60, L:/127.0.0.1:60117 - R:localhost/127.0.0.1:51943] for GET '/session/3f09a9795fa83ddbf071c2d7100c8c10/element/0ae8aa8b-b302-4ab7-b7ee-18a8cf4b5515/name'
16:06:10.338 [AsyncHttpClient-1-2] DEBUG org.asynchttpclient.netty.handler.HttpHandler - 

Request DefaultFullHttpRequest(decodeResult: success, version: HTTP/1.1, content: EmptyByteBufBE)
GET /session/3f09a9795fa83ddbf071c2d7100c8c10/element/0ae8aa8b-b302-4ab7-b7ee-18a8cf4b5515/name HTTP/1.1
User-Agent: selenium/4.1.2 (java windows)
Cache-Control: no-cache
Content-Type: application/json; charset=utf-8
host: localhost:51943
accept: */*

Response DefaultHttpResponse(decodeResult: success, version: HTTP/1.1)
HTTP/1.1 200 OK
Content-Type: application/json; charset=utf-8
cache-control: no-cache
content-length: 18

16:06:10.338 [AsyncHttpClient-1-2] DEBUG org.asynchttpclient.netty.channel.ChannelManager - Adding key: http://localhost:51943 for channel [id: 0xc4f3bb60, L:/127.0.0.1:60117 - R:localhost/127.0.0.1:51943]
16:06:10.344 [Forwarding isElementEnabled on session 3f09a9795fa83ddbf071c2d7100c8c10 to remote] DEBUG org.asynchttpclient.netty.request.NettyRequestSender - Using pooled Channel '[id: 0xc4f3bb60, L:/127.0.0.1:60117 - R:localhost/127.0.0.1:51943]' for 'GET' to 'http://localhost:51943/session/3f09a9795fa83ddbf071c2d7100c8c10/element/0ae8aa8b-b302-4ab7-b7ee-18a8cf4b5515/enabled'
16:06:10.345 [Forwarding isElementEnabled on session 3f09a9795fa83ddbf071c2d7100c8c10 to remote] DEBUG org.asynchttpclient.netty.request.NettyRequestSender - Using open Channel [id: 0xc4f3bb60, L:/127.0.0.1:60117 - R:localhost/127.0.0.1:51943] for GET '/session/3f09a9795fa83ddbf071c2d7100c8c10/element/0ae8aa8b-b302-4ab7-b7ee-18a8cf4b5515/enabled'
16:06:10.365 [AsyncHttpClient-1-2] DEBUG org.asynchttpclient.netty.handler.HttpHandler - 

Request DefaultFullHttpRequest(decodeResult: success, version: HTTP/1.1, content: EmptyByteBufBE)
GET /session/3f09a9795fa83ddbf071c2d7100c8c10/element/0ae8aa8b-b302-4ab7-b7ee-18a8cf4b5515/enabled HTTP/1.1
User-Agent: selenium/4.1.2 (java windows)
Cache-Control: no-cache
Content-Type: application/json; charset=utf-8
host: localhost:51943
accept: */*

Response DefaultHttpResponse(decodeResult: success, version: HTTP/1.1)
HTTP/1.1 200 OK
Content-Type: application/json; charset=utf-8
cache-control: no-cache
content-length: 14

16:06:10.365 [AsyncHttpClient-1-2] DEBUG org.asynchttpclient.netty.channel.ChannelManager - Adding key: http://localhost:51943 for channel [id: 0xc4f3bb60, L:/127.0.0.1:60117 - R:localhost/127.0.0.1:51943]
16:06:10.368 [Forwarding isElementEnabled on session 3f09a9795fa83ddbf071c2d7100c8c10 to remote] DEBUG org.asynchttpclient.netty.request.NettyRequestSender - Using pooled Channel '[id: 0xc4f3bb60, L:/127.0.0.1:60117 - R:localhost/127.0.0.1:51943]' for 'GET' to 'http://localhost:51943/session/3f09a9795fa83ddbf071c2d7100c8c10/element/0ae8aa8b-b302-4ab7-b7ee-18a8cf4b5515/enabled'
16:06:10.369 [Forwarding isElementEnabled on session 3f09a9795fa83ddbf071c2d7100c8c10 to remote] DEBUG org.asynchttpclient.netty.request.NettyRequestSender - Using open Channel [id: 0xc4f3bb60, L:/127.0.0.1:60117 - R:localhost/127.0.0.1:51943] for GET '/session/3f09a9795fa83ddbf071c2d7100c8c10/element/0ae8aa8b-b302-4ab7-b7ee-18a8cf4b5515/enabled'
16:06:10.382 [AsyncHttpClient-1-2] DEBUG org.asynchttpclient.netty.handler.HttpHandler - 

Request DefaultFullHttpRequest(decodeResult: success, version: HTTP/1.1, content: EmptyByteBufBE)
GET /session/3f09a9795fa83ddbf071c2d7100c8c10/element/0ae8aa8b-b302-4ab7-b7ee-18a8cf4b5515/enabled HTTP/1.1
User-Agent: selenium/4.1.2 (java windows)
Cache-Control: no-cache
Content-Type: application/json; charset=utf-8
host: localhost:51943
accept: */*

Response DefaultHttpResponse(decodeResult: success, version: HTTP/1.1)
HTTP/1.1 200 OK
Content-Type: application/json; charset=utf-8
cache-control: no-cache
content-length: 14

16:06:10.383 [AsyncHttpClient-1-2] DEBUG org.asynchttpclient.netty.channel.ChannelManager - Adding key: http://localhost:51943 for channel [id: 0xc4f3bb60, L:/127.0.0.1:60117 - R:localhost/127.0.0.1:51943]
16:06:10.391 [Forwarding findElement on session 3f09a9795fa83ddbf071c2d7100c8c10 to remote] DEBUG org.asynchttpclient.netty.request.NettyRequestSender - Using pooled Channel '[id: 0xc4f3bb60, L:/127.0.0.1:60117 - R:localhost/127.0.0.1:51943]' for 'POST' to 'http://localhost:51943/session/3f09a9795fa83ddbf071c2d7100c8c10/element'
16:06:10.391 [Forwarding findElement on session 3f09a9795fa83ddbf071c2d7100c8c10 to remote] DEBUG org.asynchttpclient.netty.request.NettyRequestSender - Using open Channel [id: 0xc4f3bb60, L:/127.0.0.1:60117 - R:localhost/127.0.0.1:51943] for POST '/session/3f09a9795fa83ddbf071c2d7100c8c10/element'
16:06:10.407 [AsyncHttpClient-1-2] DEBUG org.asynchttpclient.netty.handler.HttpHandler - 

Request DefaultHttpRequest(decodeResult: success, version: HTTP/1.1)
POST /session/3f09a9795fa83ddbf071c2d7100c8c10/element HTTP/1.1
User-Agent: selenium/4.1.2 (java windows)
Content-Length: 136
Content-Type: application/json; charset=utf-8
host: localhost:51943
accept: */*

Response DefaultHttpResponse(decodeResult: success, version: HTTP/1.1)
HTTP/1.1 200 OK
Content-Type: application/json; charset=utf-8
cache-control: no-cache
content-length: 88

16:06:10.407 [AsyncHttpClient-1-2] DEBUG org.asynchttpclient.netty.channel.ChannelManager - Adding key: http://localhost:51943 for channel [id: 0xc4f3bb60, L:/127.0.0.1:60117 - R:localhost/127.0.0.1:51943]
16:06:10.410 [Forwarding clickElement on session 3f09a9795fa83ddbf071c2d7100c8c10 to remote] DEBUG org.asynchttpclient.netty.request.NettyRequestSender - Using pooled Channel '[id: 0xc4f3bb60, L:/127.0.0.1:60117 - R:localhost/127.0.0.1:51943]' for 'POST' to 'http://localhost:51943/session/3f09a9795fa83ddbf071c2d7100c8c10/element/0ae8aa8b-b302-4ab7-b7ee-18a8cf4b5515/click'
16:06:10.414 [Forwarding clickElement on session 3f09a9795fa83ddbf071c2d7100c8c10 to remote] DEBUG org.asynchttpclient.netty.request.NettyRequestSender - Using open Channel [id: 0xc4f3bb60, L:/127.0.0.1:60117 - R:localhost/127.0.0.1:51943] for POST '/session/3f09a9795fa83ddbf071c2d7100c8c10/element/0ae8aa8b-b302-4ab7-b7ee-18a8cf4b5515/click'
16:06:10.517 [AsyncHttpClient-1-2] DEBUG org.asynchttpclient.netty.handler.HttpHandler - 

Request DefaultHttpRequest(decodeResult: success, version: HTTP/1.1)
POST /session/3f09a9795fa83ddbf071c2d7100c8c10/element/0ae8aa8b-b302-4ab7-b7ee-18a8cf4b5515/click HTTP/1.1
User-Agent: selenium/4.1.2 (java windows)
Content-Length: 50
Content-Type: application/json; charset=utf-8
host: localhost:51943
accept: */*

Response DefaultHttpResponse(decodeResult: success, version: HTTP/1.1)
HTTP/1.1 200 OK
Content-Type: application/json; charset=utf-8
cache-control: no-cache
content-length: 14

16:06:10.517 [AsyncHttpClient-1-2] DEBUG org.asynchttpclient.netty.channel.ChannelManager - Adding key: http://localhost:51943 for channel [id: 0xc4f3bb60, L:/127.0.0.1:60117 - R:localhost/127.0.0.1:51943]
16:06:10.552 [Forwarding screenshot on session 3f09a9795fa83ddbf071c2d7100c8c10 to remote] DEBUG org.asynchttpclient.netty.request.NettyRequestSender - Using pooled Channel '[id: 0xc4f3bb60, L:/127.0.0.1:60117 - R:localhost/127.0.0.1:51943]' for 'GET' to 'http://localhost:51943/session/3f09a9795fa83ddbf071c2d7100c8c10/screenshot'
16:06:10.552 [Forwarding screenshot on session 3f09a9795fa83ddbf071c2d7100c8c10 to remote] DEBUG org.asynchttpclient.netty.request.NettyRequestSender - Using open Channel [id: 0xc4f3bb60, L:/127.0.0.1:60117 - R:localhost/127.0.0.1:51943] for GET '/session/3f09a9795fa83ddbf071c2d7100c8c10/screenshot'
16:06:11.034 [AsyncHttpClient-1-2] DEBUG org.asynchttpclient.netty.handler.HttpHandler - 

Request DefaultFullHttpRequest(decodeResult: success, version: HTTP/1.1, content: EmptyByteBufBE)
GET /session/3f09a9795fa83ddbf071c2d7100c8c10/screenshot HTTP/1.1
User-Agent: selenium/4.1.2 (java windows)
Cache-Control: no-cache
Content-Type: application/json; charset=utf-8
host: localhost:51943
accept: */*

Response DefaultHttpResponse(decodeResult: success, version: HTTP/1.1)
HTTP/1.1 200 OK
Content-Type: application/json; charset=utf-8
cache-control: no-cache
content-length: 38692

16:06:11.034 [AsyncHttpClient-1-2] DEBUG org.asynchttpclient.netty.channel.ChannelManager - Adding key: http://localhost:51943 for channel [id: 0xc4f3bb60, L:/127.0.0.1:60117 - R:localhost/127.0.0.1:51943]
16:06:11.037 [main] DEBUG net.serenitybdd.core.photography.Darkroom - Send negative for processing for target\site\serenity\1e112cc500ceaebe7606c34d6d9064ef661e4841c977528a3f78abfdf560d515.png
16:06:11.037 [main] DEBUG net.thucydides.core.steps.StepInterceptor - STEP DONE: clickLoginButton
  &amp#27;[32mAnd &amp#27;[0m&amp#27;[32mClick login button&amp#27;[0m                                   &amp#27;[90m# starter.stepdefinitions.LoginSteps.clickLoginButton()&amp#27;[0m
16:06:11.038 [Darkroom Processing Line] DEBUG net.serenitybdd.core.photography.DarkroomProcessingLine - Processing screenshot image in /var/screenshots/screenshot-6665332871556485670
16:06:11.038 [Darkroom Processing Line] DEBUG net.serenitybdd.core.photography.DarkroomProcessingLine - Saving screenshot to target\site\serenity\1e112cc500ceaebe7606c34d6d9064ef661e4841c977528a3f78abfdf560d515.png
16:06:11.074 [main] DEBUG net.thucydides.core.steps.StepInterceptor - STARTING STEP: LoginSteps.iGet - errorMessageAppears
16:06:11.077 [Forwarding findElement on session 3f09a9795fa83ddbf071c2d7100c8c10 to remote] DEBUG org.asynchttpclient.netty.request.NettyRequestSender - Using pooled Channel '[id: 0xc4f3bb60, L:/127.0.0.1:60117 - R:localhost/127.0.0.1:51943]' for 'POST' to 'http://localhost:51943/session/3f09a9795fa83ddbf071c2d7100c8c10/element'
16:06:11.077 [Forwarding findElement on session 3f09a9795fa83ddbf071c2d7100c8c10 to remote] DEBUG org.asynchttpclient.netty.request.NettyRequestSender - Using open Channel [id: 0xc4f3bb60, L:/127.0.0.1:60117 - R:localhost/127.0.0.1:51943] for POST '/session/3f09a9795fa83ddbf071c2d7100c8c10/element'
16:06:11.086 [AsyncHttpClient-1-2] DEBUG org.asynchttpclient.netty.handler.HttpHandler - 

Request DefaultHttpRequest(decodeResult: success, version: HTTP/1.1)
POST /session/3f09a9795fa83ddbf071c2d7100c8c10/element HTTP/1.1
User-Agent: selenium/4.1.2 (java windows)
Content-Length: 53
Content-Type: application/json; charset=utf-8
host: localhost:51943
accept: */*

Response DefaultHttpResponse(decodeResult: success, version: HTTP/1.1)
HTTP/1.1 400 Bad Request
Content-Type: application/json; charset=utf-8
cache-control: no-cache
content-length: 957

16:06:11.086 [AsyncHttpClient-1-2] DEBUG org.asynchttpclient.netty.channel.ChannelManager - Adding key: http://localhost:51943 for channel [id: 0xc4f3bb60, L:/127.0.0.1:60117 - R:localhost/127.0.0.1:51943]
16:06:11.090 [Forwarding findElement on session 3f09a9795fa83ddbf071c2d7100c8c10 to remote] DEBUG org.asynchttpclient.netty.request.NettyRequestSender - Using pooled Channel '[id: 0xc4f3bb60, L:/127.0.0.1:60117 - R:localhost/127.0.0.1:51943]' for 'POST' to 'http://localhost:51943/session/3f09a9795fa83ddbf071c2d7100c8c10/element'
16:06:11.090 [Forwarding findElement on session 3f09a9795fa83ddbf071c2d7100c8c10 to remote] DEBUG org.asynchttpclient.netty.request.NettyRequestSender - Using open Channel [id: 0xc4f3bb60, L:/127.0.0.1:60117 - R:localhost/127.0.0.1:51943] for POST '/session/3f09a9795fa83ddbf071c2d7100c8c10/element'
16:06:11.109 [AsyncHttpClient-1-2] DEBUG org.asynchttpclient.netty.handler.HttpHandler - 

Request DefaultHttpRequest(decodeResult: success, version: HTTP/1.1)
POST /session/3f09a9795fa83ddbf071c2d7100c8c10/element HTTP/1.1
User-Agent: selenium/4.1.2 (java windows)
Content-Length: 63
Content-Type: application/json; charset=utf-8
host: localhost:51943
accept: */*

Response DefaultHttpResponse(decodeResult: success, version: HTTP/1.1)
HTTP/1.1 200 OK
Content-Type: application/json; charset=utf-8
cache-control: no-cache
content-length: 88

16:06:11.109 [AsyncHttpClient-1-2] DEBUG org.asynchttpclient.netty.channel.ChannelManager - Adding key: http://localhost:51943 for channel [id: 0xc4f3bb60, L:/127.0.0.1:60117 - R:localhost/127.0.0.1:51943]
16:06:11.118 [Forwarding isElementDisplayed on session 3f09a9795fa83ddbf071c2d7100c8c10 to remote] DEBUG org.asynchttpclient.netty.request.NettyRequestSender - Using pooled Channel '[id: 0xc4f3bb60, L:/127.0.0.1:60117 - R:localhost/127.0.0.1:51943]' for 'POST' to 'http://localhost:51943/session/3f09a9795fa83ddbf071c2d7100c8c10/execute/sync'
16:06:11.118 [Forwarding isElementDisplayed on session 3f09a9795fa83ddbf071c2d7100c8c10 to remote] DEBUG org.asynchttpclient.netty.request.NettyRequestSender - Using open Channel [id: 0xc4f3bb60, L:/127.0.0.1:60117 - R:localhost/127.0.0.1:51943] for POST '/session/3f09a9795fa83ddbf071c2d7100c8c10/execute/sync'
16:06:11.137 [AsyncHttpClient-1-1] DEBUG org.asynchttpclient.netty.channel.DefaultChannelPool - Entry count for : http://localhost:60118 : 1
16:06:11.145 [AsyncHttpClient-1-2] DEBUG org.asynchttpclient.netty.handler.HttpHandler - 

Request DefaultHttpRequest(decodeResult: success, version: HTTP/1.1)
POST /session/3f09a9795fa83ddbf071c2d7100c8c10/execute/sync HTTP/1.1
User-Agent: selenium/4.1.2 (java windows)
Content-Length: 48780
Content-Type: application/json; charset=utf-8
host: localhost:51943
accept: */*

Response DefaultHttpResponse(decodeResult: success, version: HTTP/1.1)
HTTP/1.1 200 OK
Content-Type: application/json; charset=utf-8
cache-control: no-cache
content-length: 14

16:06:11.145 [AsyncHttpClient-1-2] DEBUG org.asynchttpclient.netty.channel.ChannelManager - Adding key: http://localhost:51943 for channel [id: 0xc4f3bb60, L:/127.0.0.1:60117 - R:localhost/127.0.0.1:51943]
16:06:11.154 [Forwarding screenshot on session 3f09a9795fa83ddbf071c2d7100c8c10 to remote] DEBUG org.asynchttpclient.netty.request.NettyRequestSender - Using pooled Channel '[id: 0xc4f3bb60, L:/127.0.0.1:60117 - R:localhost/127.0.0.1:51943]' for 'GET' to 'http://localhost:51943/session/3f09a9795fa83ddbf071c2d7100c8c10/screenshot'
16:06:11.154 [Forwarding screenshot on session 3f09a9795fa83ddbf071c2d7100c8c10 to remote] DEBUG org.asynchttpclient.netty.request.NettyRequestSender - Using open Channel [id: 0xc4f3bb60, L:/127.0.0.1:60117 - R:localhost/127.0.0.1:51943] for GET '/session/3f09a9795fa83ddbf071c2d7100c8c10/screenshot'
16:06:11.330 [AsyncHttpClient-1-2] DEBUG org.asynchttpclient.netty.handler.HttpHandler - 

Request DefaultFullHttpRequest(decodeResult: success, version: HTTP/1.1, content: EmptyByteBufBE)
GET /session/3f09a9795fa83ddbf071c2d7100c8c10/screenshot HTTP/1.1
User-Agent: selenium/4.1.2 (java windows)
Cache-Control: no-cache
Content-Type: application/json; charset=utf-8
host: localhost:51943
accept: */*

Response DefaultHttpResponse(decodeResult: success, version: HTTP/1.1)
HTTP/1.1 200 OK
Content-Type: application/json; charset=utf-8
cache-control: no-cache
content-length: 38640

16:06:11.330 [AsyncHttpClient-1-2] DEBUG org.asynchttpclient.netty.channel.ChannelManager - Adding key: http://localhost:51943 for channel [id: 0xc4f3bb60, L:/127.0.0.1:60117 - R:localhost/127.0.0.1:51943]
16:06:11.334 [main] DEBUG net.serenitybdd.core.photography.Darkroom - Send negative for processing for target\site\serenity\bb353f1f68cdc1b08daf7d3c8a345b7d44e484bcadf2e0297aae4cc96d629ebe.png
16:06:11.335 [main] DEBUG net.thucydides.core.steps.StepInterceptor - STEP DONE: errorMessageAppears
16:06:11.335 [Darkroom Processing Line] DEBUG net.serenitybdd.core.photography.DarkroomProcessingLine - Processing screenshot image in /var/screenshots/screenshot-2303064605507057804
16:06:11.336 [Darkroom Processing Line] DEBUG net.serenitybdd.core.photography.DarkroomProcessingLine - Saving screenshot to target\site\serenity\bb353f1f68cdc1b08daf7d3c8a345b7d44e484bcadf2e0297aae4cc96d629ebe.png
16:06:11.355 [main] DEBUG net.thucydides.core.steps.StepInterceptor - STARTING STEP: LoginSteps.iGet - errorMessageEquals
16:06:11.366 [Forwarding findElement on session 3f09a9795fa83ddbf071c2d7100c8c10 to remote] DEBUG org.asynchttpclient.netty.request.NettyRequestSender - Using pooled Channel '[id: 0xc4f3bb60, L:/127.0.0.1:60117 - R:localhost/127.0.0.1:51943]' for 'POST' to 'http://localhost:51943/session/3f09a9795fa83ddbf071c2d7100c8c10/element'
16:06:11.366 [Forwarding findElement on session 3f09a9795fa83ddbf071c2d7100c8c10 to remote] DEBUG org.asynchttpclient.netty.request.NettyRequestSender - Using open Channel [id: 0xc4f3bb60, L:/127.0.0.1:60117 - R:localhost/127.0.0.1:51943] for POST '/session/3f09a9795fa83ddbf071c2d7100c8c10/element'
16:06:11.385 [AsyncHttpClient-1-2] DEBUG org.asynchttpclient.netty.handler.HttpHandler - 

Request DefaultHttpRequest(decodeResult: success, version: HTTP/1.1)
POST /session/3f09a9795fa83ddbf071c2d7100c8c10/element HTTP/1.1
User-Agent: selenium/4.1.2 (java windows)
Content-Length: 63
Content-Type: application/json; charset=utf-8
host: localhost:51943
accept: */*

Response DefaultHttpResponse(decodeResult: success, version: HTTP/1.1)
HTTP/1.1 200 OK
Content-Type: application/json; charset=utf-8
cache-control: no-cache
content-length: 88

16:06:11.386 [AsyncHttpClient-1-2] DEBUG org.asynchttpclient.netty.channel.ChannelManager - Adding key: http://localhost:51943 for channel [id: 0xc4f3bb60, L:/127.0.0.1:60117 - R:localhost/127.0.0.1:51943]
16:06:11.387 [Forwarding getElementText on session 3f09a9795fa83ddbf071c2d7100c8c10 to remote] DEBUG org.asynchttpclient.netty.request.NettyRequestSender - Using pooled Channel '[id: 0xc4f3bb60, L:/127.0.0.1:60117 - R:localhost/127.0.0.1:51943]' for 'GET' to 'http://localhost:51943/session/3f09a9795fa83ddbf071c2d7100c8c10/element/db3ce9d8-90cd-4d56-8224-c37a89fda8a2/text'
16:06:11.388 [Forwarding getElementText on session 3f09a9795fa83ddbf071c2d7100c8c10 to remote] DEBUG org.asynchttpclient.netty.request.NettyRequestSender - Using open Channel [id: 0xc4f3bb60, L:/127.0.0.1:60117 - R:localhost/127.0.0.1:51943] for GET '/session/3f09a9795fa83ddbf071c2d7100c8c10/element/db3ce9d8-90cd-4d56-8224-c37a89fda8a2/text'
16:06:11.437 [AsyncHttpClient-1-2] DEBUG org.asynchttpclient.netty.handler.HttpHandler - 

Request DefaultFullHttpRequest(decodeResult: success, version: HTTP/1.1, content: EmptyByteBufBE)
GET /session/3f09a9795fa83ddbf071c2d7100c8c10/element/db3ce9d8-90cd-4d56-8224-c37a89fda8a2/text HTTP/1.1
User-Agent: selenium/4.1.2 (java windows)
Cache-Control: no-cache
Content-Type: application/json; charset=utf-8
host: localhost:51943
accept: */*

Response DefaultHttpResponse(decodeResult: success, version: HTTP/1.1)
HTTP/1.1 200 OK
Content-Type: application/json; charset=utf-8
cache-control: no-cache
content-length: 40

16:06:11.438 [AsyncHttpClient-1-2] DEBUG org.asynchttpclient.netty.channel.ChannelManager - Adding key: http://localhost:51943 for channel [id: 0xc4f3bb60, L:/127.0.0.1:60117 - R:localhost/127.0.0.1:51943]
16:06:11.448 [Forwarding screenshot on session 3f09a9795fa83ddbf071c2d7100c8c10 to remote] DEBUG org.asynchttpclient.netty.request.NettyRequestSender - Using pooled Channel '[id: 0xc4f3bb60, L:/127.0.0.1:60117 - R:localhost/127.0.0.1:51943]' for 'GET' to 'http://localhost:51943/session/3f09a9795fa83ddbf071c2d7100c8c10/screenshot'
16:06:11.449 [Forwarding screenshot on session 3f09a9795fa83ddbf071c2d7100c8c10 to remote] DEBUG org.asynchttpclient.netty.request.NettyRequestSender - Using open Channel [id: 0xc4f3bb60, L:/127.0.0.1:60117 - R:localhost/127.0.0.1:51943] for GET '/session/3f09a9795fa83ddbf071c2d7100c8c10/screenshot'
16:06:11.628 [AsyncHttpClient-1-2] DEBUG org.asynchttpclient.netty.handler.HttpHandler - 

Request DefaultFullHttpRequest(decodeResult: success, version: HTTP/1.1, content: EmptyByteBufBE)
GET /session/3f09a9795fa83ddbf071c2d7100c8c10/screenshot HTTP/1.1
User-Agent: selenium/4.1.2 (java windows)
Cache-Control: no-cache
Content-Type: application/json; charset=utf-8
host: localhost:51943
accept: */*

Response DefaultHttpResponse(decodeResult: success, version: HTTP/1.1)
HTTP/1.1 200 OK
Content-Type: application/json; charset=utf-8
cache-control: no-cache
content-length: 38640

16:06:11.629 [AsyncHttpClient-1-2] DEBUG org.asynchttpclient.netty.channel.ChannelManager - Adding key: http://localhost:51943 for channel [id: 0xc4f3bb60, L:/127.0.0.1:60117 - R:localhost/127.0.0.1:51943]
16:06:11.632 [main] DEBUG net.serenitybdd.core.photography.Darkroom - Send negative for processing for target\site\serenity\bb353f1f68cdc1b08daf7d3c8a345b7d44e484bcadf2e0297aae4cc96d629ebe.png
16:06:11.633 [main] DEBUG net.thucydides.core.steps.StepInterceptor - STEP DONE: errorMessageEquals
  &amp#27;[32mThen &amp#27;[0m&amp#27;[32mI get &amp#27;[0m&amp#27;[32m&amp#27;[1m"Alert message: email or password is invalid"&amp#27;[0m &amp#27;[90m# starter.stepdefinitions.LoginSteps.iGet(java.lang.String)&amp#27;[0m
16:06:11.652 [AsyncHttpClient-1-4] DEBUG org.asynchttpclient.netty.handler.WebSocketHandler - Channel Closed: [id: 0xbe54a1a8, L:/127.0.0.1:60125 ! R:localhost/127.0.0.1:60118] with attribute NettyResponseFuture{currentRetry=5,
	isDone=1,
	isCancelled=0,
	asyncHandler=org.asynchttpclient.ws.WebSocketUpgradeHandler@2d423a9,
	nettyRequest=org.asynchttpclient.netty.request.NettyRequest@28b2ad,
	future=java.util.concurrent.CompletableFuture@4b3e38d5[Completed normally],
	uri=ws://localhost:60118/devtools/browser/9008762f-b27e-4915-b089-3ba67a9a22a6,
	keepAlive=true,
	redirectCount=0,
	timeoutsHolder=null,
	inAuth=0,
	touch=1652778364758}
16:06:11.653 [AsyncHttpClient-1-4] DEBUG org.asynchttpclient.netty.channel.ChannelManager - Closing Channel [id: 0xbe54a1a8, L:/127.0.0.1:60125 ! R:localhost/127.0.0.1:60118] 
16:06:11.654 [Driver Command Executor] DEBUG org.asynchttpclient.netty.request.NettyRequestSender - Using pooled Channel '[id: 0xc4f3bb60, L:/127.0.0.1:60117 - R:localhost/127.0.0.1:51943]' for 'DELETE' to 'http://localhost:51943/session/3f09a9795fa83ddbf071c2d7100c8c10'
16:06:11.654 [Driver Command Executor] DEBUG org.asynchttpclient.netty.request.NettyRequestSender - Using open Channel [id: 0xc4f3bb60, L:/127.0.0.1:60117 - R:localhost/127.0.0.1:51943] for DELETE '/session/3f09a9795fa83ddbf071c2d7100c8c10'
16:06:12.061 [AsyncHttpClient-1-3] DEBUG org.asynchttpclient.netty.handler.HttpHandler - Unexpected I/O exception on channel [id: 0x6e59ae3a, L:/127.0.0.1:60124 - R:localhost/127.0.0.1:60118]
java.net.SocketException: Connection reset
	at java.base/sun.nio.ch.SocketChannelImpl.throwConnectionReset(SocketChannelImpl.java:367)
	at java.base/sun.nio.ch.SocketChannelImpl.read(SocketChannelImpl.java:398)
	at io.netty.buffer.PooledByteBuf.setBytes(PooledByteBuf.java:258)
	at io.netty.buffer.AbstractByteBuf.writeBytes(AbstractByteBuf.java:1132)
	at io.netty.channel.socket.nio.NioSocketChannel.doReadBytes(NioSocketChannel.java:350)
	at io.netty.channel.nio.AbstractNioByteChannel$NioByteUnsafe.read(AbstractNioByteChannel.java:151)
	at io.netty.channel.nio.NioEventLoop.processSelectedKey(NioEventLoop.java:722)
	at io.netty.channel.nio.NioEventLoop.processSelectedKeysOptimized(NioEventLoop.java:658)
	at io.netty.channel.nio.NioEventLoop.processSelectedKeys(NioEventLoop.java:584)
	at io.netty.channel.nio.NioEventLoop.run(NioEventLoop.java:496)
	at io.netty.util.concurrent.SingleThreadEventExecutor$4.run(SingleThreadEventExecutor.java:986)
	at io.netty.util.internal.ThreadExecutorMap$2.run(ThreadExecutorMap.java:74)
	at io.netty.util.concurrent.FastThreadLocalRunnable.run(FastThreadLocalRunnable.java:30)
	at java.base/java.lang.Thread.run(Thread.java:832)
16:06:12.061 [AsyncHttpClient-1-3] DEBUG org.asynchttpclient.netty.channel.ChannelManager - Closing Channel [id: 0x6e59ae3a, L:/127.0.0.1:60124 - R:localhost/127.0.0.1:60118] 
16:06:12.062 [AsyncHttpClient-1-3] DEBUG org.asynchttpclient.netty.handler.HttpHandler - Channel Closed: [id: 0x6e59ae3a, L:/127.0.0.1:60124 ! R:localhost/127.0.0.1:60118] with attribute DISCARD
16:06:12.095 [AsyncHttpClient-1-2] DEBUG org.asynchttpclient.netty.handler.HttpHandler - 

Request DefaultFullHttpRequest(decodeResult: success, version: HTTP/1.1, content: EmptyByteBufBE)
DELETE /session/3f09a9795fa83ddbf071c2d7100c8c10 HTTP/1.1
User-Agent: selenium/4.1.2 (java windows)
Content-Type: application/json; charset=utf-8
host: localhost:51943
accept: */*

Response DefaultHttpResponse(decodeResult: success, version: HTTP/1.1)
HTTP/1.1 200 OK
Content-Type: application/json; charset=utf-8
cache-control: no-cache
content-length: 14

16:06:12.096 [AsyncHttpClient-1-2] DEBUG org.asynchttpclient.netty.channel.ChannelManager - Adding key: http://localhost:51943 for channel [id: 0xc4f3bb60, L:/127.0.0.1:60117 - R:localhost/127.0.0.1:51943]
16:06:12.234 [AsyncHttpClient-1-1] DEBUG org.asynchttpclient.netty.channel.DefaultChannelPool - Entry count for : http://localhost:51943 : 1
16:06:12.235 [AsyncHttpClient-1-1] DEBUG org.asynchttpclient.netty.channel.DefaultChannelPool - Entry count for : http://localhost:60118 : 1
16:06:12.235 [AsyncHttpClient-1-1] DEBUG org.asynchttpclient.netty.channel.DefaultChannelPool - Adding Candidate expired Channel [id: 0x6e59ae3a, L:/127.0.0.1:60124 ! R:localhost/127.0.0.1:60118] isIdleTimeoutExpired=false isRemotelyClosed=true isTtlExpired=false
16:06:12.235 [AsyncHttpClient-1-1] DEBUG org.asynchttpclient.netty.channel.DefaultChannelPool - Closing Idle Channel [id: 0x6e59ae3a, L:/127.0.0.1:60124 ! R:localhost/127.0.0.1:60118]
16:06:12.235 [AsyncHttpClient-1-1] DEBUG org.asynchttpclient.netty.channel.DefaultChannelPool - Closed 1 connections out of 2 in 0 ms
16:06:12.551 [AsyncHttpClient-1-2] DEBUG org.asynchttpclient.netty.handler.HttpHandler - Channel Closed: [id: 0xc4f3bb60, L:/127.0.0.1:60117 ! R:localhost/127.0.0.1:51943] with attribute DISCARD
]]></system-out>
    <system-err><![CDATA[Starting ChromeDriver 100.0.4896.60 (6a5d10861ce8de5fce22564658033b43cb7de047-refs/branch-heads/4896@{#875}) on port 51943
Only local connections are allowed.
Please see https://chromedriver.chromium.org/security-considerations for suggestions on keeping ChromeDriver safe.
ChromeDriver was started successfully.
[1652778363.999][WARNING]: This version of ChromeDriver has not been tested with Chrome version 101.
May 17, 2022 4:06:04 PM org.openqa.selenium.remote.ProtocolHandshake createSession
INFO: Detected dialect: W3C
May 17, 2022 4:06:04 PM org.openqa.selenium.devtools.CdpVersionFinder findNearestMatch
WARNING: Unable to find an exact match for CDP version 101, so returning the closest version found: 97
May 17, 2022 4:06:04 PM org.openqa.selenium.devtools.CdpVersionFinder findNearestMatch
INFO: Found CDP implementation for version 101 of 97
]]></system-err>
  </testcase>
  <testcase name="Logout from my account" classname="As a user" time="37.119">
    <system-out><![CDATA[16:06:13.099 [main] INFO io.cucumber.core.plugin.SerenityReporter - Running feature from file:///C:/Users/ponda/Documents/Final_Project/Final_Web/src/test/resources/features/Logout.feature
16:06:13.111 [main] DEBUG net.thucydides.core.steps.StepEventBus - Test suite started for story net.thucydides.core.model.Story@30c9f540
16:06:13.112 [main] INFO  - Test Suite Started: As a user

Scenario: Logout from my account &amp#27;[90m# src/test/resources/features/Logout.feature:7&amp#27;[0m
16:06:13.298 [main] INFO io.cucumber.core.plugin.SerenityReporter - Running feature from file:///C:/Users/ponda/Documents/Final_Project/Final_Web/src/test/resources/features/Logout.feature
16:06:13.303 [main] INFO  - 
  _____   ___   ___   _____     ___   _____     _     ___   _____   ___   ___  
 |_   _| | __| / __| |_   _|   / __| |_   _|   /_\   | _ \ |_   _| | __| |   \ 
   | |   | _|  \__ \   | |     \__ \   | |    / _ \  |   /   | |   | _|  | |) |
   |_|   |___| |___/   |_|     |___/   |_|   /_/ \_\ |_|_\   |_|   |___| |___/ 

Logout from my account(as-a-user;logout-from-my-account)
--------------------------------------------------------------------------------
16:06:13.416 [AsyncHttpClient-1-1] DEBUG org.asynchttpclient.netty.channel.DefaultChannelPool - Entry count for : http://localhost:51943 : 1
16:06:13.416 [AsyncHttpClient-1-1] DEBUG org.asynchttpclient.netty.channel.DefaultChannelPool - Adding Candidate expired Channel [id: 0xc4f3bb60, L:/127.0.0.1:60117 ! R:localhost/127.0.0.1:51943] isIdleTimeoutExpired=false isRemotelyClosed=true isTtlExpired=false
16:06:13.416 [AsyncHttpClient-1-1] DEBUG org.asynchttpclient.netty.channel.DefaultChannelPool - Closing Idle Channel [id: 0xc4f3bb60, L:/127.0.0.1:60117 ! R:localhost/127.0.0.1:51943]
16:06:13.416 [AsyncHttpClient-1-1] DEBUG org.asynchttpclient.netty.channel.DefaultChannelPool - Closed 1 connections out of 1 in 0 ms
16:06:13.955 [main] DEBUG net.thucydides.core.steps.StepInterceptor - STARTING STEP: LogoutSteps.iSuccessfullyLogin - openUrl
16:06:13.957 [main] INFO net.serenitybdd.core.webdriver.driverproviders.ChromeDriverProvider - Using automatically driver download
16:06:14.380 [main] DEBUG io.github.bonigarcia.wdm.cache.ResolutionCache - Resolution chrome=101 in cache (valid until 17:04:06 17/05/2022 WIB)
16:06:14.399 [main] DEBUG io.github.bonigarcia.wdm.cache.ResolutionCache - Resolution chrome101=101.0.4951.41 in cache (valid until 16:04:06 18/05/2022 WIB)
16:06:14.406 [main] INFO io.github.bonigarcia.wdm.WebDriverManager - Using chromedriver 101.0.4951.41 (resolved driver for Chrome 101)
16:06:14.490 [main] DEBUG io.github.bonigarcia.wdm.WebDriverManager - Driver chromedriver 101.0.4951.41 found in cache
16:06:14.492 [main] INFO io.github.bonigarcia.wdm.WebDriverManager - Exporting webdriver.chrome.driver as C:\Users\ponda\.cache\selenium\chromedriver\win32\101.0.4951.41\chromedriver.exe
16:06:14.739 [main] DEBUG net.serenitybdd.core.webdriver.driverproviders.ProvideNewDriver - Instantiating driver
16:06:14.739 [main] DEBUG net.serenitybdd.core.webdriver.driverproviders.ProvideNewDriver - Driver capabilities: Capabilities {acceptInsecureCerts: false, base.url: https://qa.alta.id, browserName: chrome, chrome.driver: src/test/resources/webdrive..., driver: chrome, goog:chromeOptions: {args: [], extensions: []}}
16:06:15.301 [AsyncHttpClient-1-5] DEBUG org.asynchttpclient.netty.channel.NettyConnectListener - Using new Channel '[id: 0x2ce28fc1, L:/127.0.0.1:60147 - R:localhost/127.0.0.1:49946]' for 'POST' to '/session'
16:06:18.424 [AsyncHttpClient-1-5] DEBUG org.asynchttpclient.netty.handler.HttpHandler - 

Request DefaultHttpRequest(decodeResult: success, version: HTTP/1.1)
POST /session HTTP/1.1
User-Agent: selenium/4.1.2 (java windows)
Content-Length: 599
Content-Type: application/json; charset=utf-8
host: localhost:49946
accept: */*

Response DefaultHttpResponse(decodeResult: success, version: HTTP/1.1)
HTTP/1.1 200 OK
Content-Type: application/json; charset=utf-8
cache-control: no-cache
content-length: 789

16:06:18.424 [AsyncHttpClient-1-5] DEBUG org.asynchttpclient.netty.channel.ChannelManager - Adding key: http://localhost:49946 for channel [id: 0x2ce28fc1, L:/127.0.0.1:60147 - R:localhost/127.0.0.1:49946]
16:06:18.455 [AsyncHttpClient-1-2] DEBUG org.asynchttpclient.netty.channel.NettyConnectListener - Using new Channel '[id: 0x66d00510, L:/127.0.0.1:60154 - R:localhost/127.0.0.1:60148]' for 'GET' to '/json/version'
16:06:18.457 [AsyncHttpClient-1-2] DEBUG org.asynchttpclient.netty.handler.HttpHandler - 

Request DefaultFullHttpRequest(decodeResult: success, version: HTTP/1.1, content: EmptyByteBufBE)
GET /json/version HTTP/1.1
User-Agent: selenium/4.1.2 (java windows)
host: localhost:60148
accept: */*

Response DefaultHttpResponse(decodeResult: success, version: HTTP/1.1)
HTTP/1.1 200 OK
Content-Type: application/json; charset=UTF-8
content-length: 427

16:06:18.457 [AsyncHttpClient-1-2] DEBUG org.asynchttpclient.netty.channel.ChannelManager - Adding key: http://localhost:60148 for channel [id: 0x66d00510, L:/127.0.0.1:60154 - R:localhost/127.0.0.1:60148]
16:06:18.462 [AsyncHttpClient-1-3] DEBUG org.asynchttpclient.netty.channel.NettyConnectListener - Using new Channel '[id: 0xec7b9e8c, L:/127.0.0.1:60155 - R:localhost/127.0.0.1:60148]' for 'GET' to '/devtools/browser/1cc41238-3bb4-4ec4-aa8f-5871692c0a9a'
16:06:18.467 [AsyncHttpClient-1-3] DEBUG org.asynchttpclient.netty.handler.WebSocketHandler - 

Request DefaultFullHttpRequest(decodeResult: success, version: HTTP/1.1, content: EmptyByteBufBE)
GET /devtools/browser/1cc41238-3bb4-4ec4-aa8f-5871692c0a9a HTTP/1.1
upgrade: websocket
connection: upgrade
sec-websocket-key: Xcx837zPHd7INXhs9ADkIA==
sec-websocket-version: 13
origin: http://localhost:60148
host: localhost:60148
accept: */*
user-agent: AHC/2.1

Response DefaultHttpResponse(decodeResult: success, version: HTTP/1.1)
HTTP/1.1 101 WebSocket Protocol Handshake
Upgrade: WebSocket
Connection: Upgrade
Sec-WebSocket-Accept: ADJamuvQlU6z9KkRuLx6gK7/U9Q=

16:06:18.486 [Forwarding maximizeCurrentWindow on session 30979f63e2dfd15123408fb0b0a07536 to remote] DEBUG org.asynchttpclient.netty.request.NettyRequestSender - Using pooled Channel '[id: 0x2ce28fc1, L:/127.0.0.1:60147 - R:localhost/127.0.0.1:49946]' for 'POST' to 'http://localhost:49946/session/30979f63e2dfd15123408fb0b0a07536/window/maximize'
16:06:18.486 [Forwarding maximizeCurrentWindow on session 30979f63e2dfd15123408fb0b0a07536 to remote] DEBUG org.asynchttpclient.netty.request.NettyRequestSender - Using open Channel [id: 0x2ce28fc1, L:/127.0.0.1:60147 - R:localhost/127.0.0.1:49946] for POST '/session/30979f63e2dfd15123408fb0b0a07536/window/maximize'
16:06:18.839 [AsyncHttpClient-1-5] DEBUG org.asynchttpclient.netty.handler.HttpHandler - 

Request DefaultHttpRequest(decodeResult: success, version: HTTP/1.1)
POST /session/30979f63e2dfd15123408fb0b0a07536/window/maximize HTTP/1.1
User-Agent: selenium/4.1.2 (java windows)
Content-Length: 3
Content-Type: application/json; charset=utf-8
host: localhost:49946
accept: */*

Response DefaultHttpResponse(decodeResult: success, version: HTTP/1.1)
HTTP/1.1 200 OK
Content-Type: application/json; charset=utf-8
cache-control: no-cache
content-length: 51

16:06:18.840 [AsyncHttpClient-1-5] DEBUG org.asynchttpclient.netty.channel.ChannelManager - Adding key: http://localhost:49946 for channel [id: 0x2ce28fc1, L:/127.0.0.1:60147 - R:localhost/127.0.0.1:49946]
16:06:18.844 [Forwarding get on session 30979f63e2dfd15123408fb0b0a07536 to remote] DEBUG org.asynchttpclient.netty.request.NettyRequestSender - Using pooled Channel '[id: 0x2ce28fc1, L:/127.0.0.1:60147 - R:localhost/127.0.0.1:49946]' for 'POST' to 'http://localhost:49946/session/30979f63e2dfd15123408fb0b0a07536/url'
16:06:18.844 [Forwarding get on session 30979f63e2dfd15123408fb0b0a07536 to remote] DEBUG org.asynchttpclient.netty.request.NettyRequestSender - Using open Channel [id: 0x2ce28fc1, L:/127.0.0.1:60147 - R:localhost/127.0.0.1:49946] for POST '/session/30979f63e2dfd15123408fb0b0a07536/url'
16:06:19.138 [AsyncHttpClient-1-1] DEBUG org.asynchttpclient.netty.channel.DefaultChannelPool - Entry count for : http://localhost:60148 : 1
16:06:20.243 [AsyncHttpClient-1-1] DEBUG org.asynchttpclient.netty.channel.DefaultChannelPool - Entry count for : http://localhost:60148 : 1
16:06:20.737 [AsyncHttpClient-1-5] DEBUG org.asynchttpclient.netty.handler.HttpHandler - 

Request DefaultHttpRequest(decodeResult: success, version: HTTP/1.1)
POST /session/30979f63e2dfd15123408fb0b0a07536/url HTTP/1.1
User-Agent: selenium/4.1.2 (java windows)
Content-Length: 64
Content-Type: application/json; charset=utf-8
host: localhost:49946
accept: */*

Response DefaultHttpResponse(decodeResult: success, version: HTTP/1.1)
HTTP/1.1 200 OK
Content-Type: application/json; charset=utf-8
cache-control: no-cache
content-length: 14

16:06:20.738 [AsyncHttpClient-1-5] DEBUG org.asynchttpclient.netty.channel.ChannelManager - Adding key: http://localhost:49946 for channel [id: 0x2ce28fc1, L:/127.0.0.1:60147 - R:localhost/127.0.0.1:49946]
16:06:20.765 [Forwarding setTimeout on session 30979f63e2dfd15123408fb0b0a07536 to remote] DEBUG org.asynchttpclient.netty.request.NettyRequestSender - Using pooled Channel '[id: 0x2ce28fc1, L:/127.0.0.1:60147 - R:localhost/127.0.0.1:49946]' for 'POST' to 'http://localhost:49946/session/30979f63e2dfd15123408fb0b0a07536/timeouts'
16:06:20.765 [Forwarding setTimeout on session 30979f63e2dfd15123408fb0b0a07536 to remote] DEBUG org.asynchttpclient.netty.request.NettyRequestSender - Using open Channel [id: 0x2ce28fc1, L:/127.0.0.1:60147 - R:localhost/127.0.0.1:49946] for POST '/session/30979f63e2dfd15123408fb0b0a07536/timeouts'
16:06:20.776 [AsyncHttpClient-1-5] DEBUG org.asynchttpclient.netty.handler.HttpHandler - 

Request DefaultHttpRequest(decodeResult: success, version: HTTP/1.1)
POST /session/30979f63e2dfd15123408fb0b0a07536/timeouts HTTP/1.1
User-Agent: selenium/4.1.2 (java windows)
Content-Length: 22
Content-Type: application/json; charset=utf-8
host: localhost:49946
accept: */*

Response DefaultHttpResponse(decodeResult: success, version: HTTP/1.1)
HTTP/1.1 200 OK
Content-Type: application/json; charset=utf-8
cache-control: no-cache
content-length: 14

16:06:20.777 [AsyncHttpClient-1-5] DEBUG org.asynchttpclient.netty.channel.ChannelManager - Adding key: http://localhost:49946 for channel [id: 0x2ce28fc1, L:/127.0.0.1:60147 - R:localhost/127.0.0.1:49946]
16:06:20.784 [Forwarding getCurrentUrl on session 30979f63e2dfd15123408fb0b0a07536 to remote] DEBUG org.asynchttpclient.netty.request.NettyRequestSender - Using pooled Channel '[id: 0x2ce28fc1, L:/127.0.0.1:60147 - R:localhost/127.0.0.1:49946]' for 'GET' to 'http://localhost:49946/session/30979f63e2dfd15123408fb0b0a07536/url'
16:06:20.784 [Forwarding getCurrentUrl on session 30979f63e2dfd15123408fb0b0a07536 to remote] DEBUG org.asynchttpclient.netty.request.NettyRequestSender - Using open Channel [id: 0x2ce28fc1, L:/127.0.0.1:60147 - R:localhost/127.0.0.1:49946] for GET '/session/30979f63e2dfd15123408fb0b0a07536/url'
16:06:20.901 [AsyncHttpClient-1-5] DEBUG org.asynchttpclient.netty.handler.HttpHandler - 

Request DefaultFullHttpRequest(decodeResult: success, version: HTTP/1.1, content: EmptyByteBufBE)
GET /session/30979f63e2dfd15123408fb0b0a07536/url HTTP/1.1
User-Agent: selenium/4.1.2 (java windows)
Cache-Control: no-cache
Content-Type: application/json; charset=utf-8
host: localhost:49946
accept: */*

Response DefaultHttpResponse(decodeResult: success, version: HTTP/1.1)
HTTP/1.1 200 OK
Content-Type: application/json; charset=utf-8
cache-control: no-cache
content-length: 41

16:06:20.901 [AsyncHttpClient-1-5] DEBUG org.asynchttpclient.netty.channel.ChannelManager - Adding key: http://localhost:49946 for channel [id: 0x2ce28fc1, L:/127.0.0.1:60147 - R:localhost/127.0.0.1:49946]
16:06:20.921 [main] DEBUG net.serenitybdd.core.photography.Darkroom - Opening darkroom
16:06:20.940 [Forwarding screenshot on session 30979f63e2dfd15123408fb0b0a07536 to remote] DEBUG org.asynchttpclient.netty.request.NettyRequestSender - Using pooled Channel '[id: 0x2ce28fc1, L:/127.0.0.1:60147 - R:localhost/127.0.0.1:49946]' for 'GET' to 'http://localhost:49946/session/30979f63e2dfd15123408fb0b0a07536/screenshot'
16:06:20.940 [Forwarding screenshot on session 30979f63e2dfd15123408fb0b0a07536 to remote] DEBUG org.asynchttpclient.netty.request.NettyRequestSender - Using open Channel [id: 0x2ce28fc1, L:/127.0.0.1:60147 - R:localhost/127.0.0.1:49946] for GET '/session/30979f63e2dfd15123408fb0b0a07536/screenshot'
16:06:20.978 [Darkroom Processing Line] DEBUG net.serenitybdd.core.photography.DarkroomProcessingLine - Darkroom processing line starting up
16:06:21.348 [AsyncHttpClient-1-1] DEBUG org.asynchttpclient.netty.channel.DefaultChannelPool - Entry count for : http://localhost:60148 : 1
16:06:21.540 [AsyncHttpClient-1-5] DEBUG org.asynchttpclient.netty.handler.HttpHandler - 

Request DefaultFullHttpRequest(decodeResult: success, version: HTTP/1.1, content: EmptyByteBufBE)
GET /session/30979f63e2dfd15123408fb0b0a07536/screenshot HTTP/1.1
User-Agent: selenium/4.1.2 (java windows)
Cache-Control: no-cache
Content-Type: application/json; charset=utf-8
host: localhost:49946
accept: */*

Response DefaultHttpResponse(decodeResult: success, version: HTTP/1.1)
HTTP/1.1 200 OK
Content-Type: application/json; charset=utf-8
cache-control: no-cache
content-length: 25384

16:06:21.541 [AsyncHttpClient-1-5] DEBUG org.asynchttpclient.netty.channel.ChannelManager - Adding key: http://localhost:49946 for channel [id: 0x2ce28fc1, L:/127.0.0.1:60147 - R:localhost/127.0.0.1:49946]
16:06:21.545 [main] DEBUG net.serenitybdd.core.photography.Darkroom - Send negative for processing for target\site\serenity\6b6563c13227ef0b70a26f8a845b86304c5ded2ac83324d4bda7e0f4416b9ac5.png
16:06:21.545 [main] DEBUG net.thucydides.core.steps.StepInterceptor - STEP DONE: openUrl
16:06:21.560 [main] DEBUG net.thucydides.core.steps.StepInterceptor - STARTING STEP: LogoutSteps.iSuccessfullyLogin - inputEmail
16:06:21.568 [Forwarding findElement on session 30979f63e2dfd15123408fb0b0a07536 to remote] DEBUG org.asynchttpclient.netty.request.NettyRequestSender - Using pooled Channel '[id: 0x2ce28fc1, L:/127.0.0.1:60147 - R:localhost/127.0.0.1:49946]' for 'POST' to 'http://localhost:49946/session/30979f63e2dfd15123408fb0b0a07536/element'
16:06:21.568 [Forwarding findElement on session 30979f63e2dfd15123408fb0b0a07536 to remote] DEBUG org.asynchttpclient.netty.request.NettyRequestSender - Using open Channel [id: 0x2ce28fc1, L:/127.0.0.1:60147 - R:localhost/127.0.0.1:49946] for POST '/session/30979f63e2dfd15123408fb0b0a07536/element'
16:06:21.599 [AsyncHttpClient-1-5] DEBUG org.asynchttpclient.netty.handler.HttpHandler - 

Request DefaultHttpRequest(decodeResult: success, version: HTTP/1.1)
POST /session/30979f63e2dfd15123408fb0b0a07536/element HTTP/1.1
User-Agent: selenium/4.1.2 (java windows)
Content-Length: 86
Content-Type: application/json; charset=utf-8
host: localhost:49946
accept: */*

Response DefaultHttpResponse(decodeResult: success, version: HTTP/1.1)
HTTP/1.1 200 OK
Content-Type: application/json; charset=utf-8
cache-control: no-cache
content-length: 88

16:06:21.599 [AsyncHttpClient-1-5] DEBUG org.asynchttpclient.netty.channel.ChannelManager - Adding key: http://localhost:49946 for channel [id: 0x2ce28fc1, L:/127.0.0.1:60147 - R:localhost/127.0.0.1:49946]
16:06:21.603 [Forwarding clearElement on session 30979f63e2dfd15123408fb0b0a07536 to remote] DEBUG org.asynchttpclient.netty.request.NettyRequestSender - Using pooled Channel '[id: 0x2ce28fc1, L:/127.0.0.1:60147 - R:localhost/127.0.0.1:49946]' for 'POST' to 'http://localhost:49946/session/30979f63e2dfd15123408fb0b0a07536/element/948b49aa-29f2-4696-9589-fc5744e3ece1/clear'
16:06:21.603 [Forwarding clearElement on session 30979f63e2dfd15123408fb0b0a07536 to remote] DEBUG org.asynchttpclient.netty.request.NettyRequestSender - Using open Channel [id: 0x2ce28fc1, L:/127.0.0.1:60147 - R:localhost/127.0.0.1:49946] for POST '/session/30979f63e2dfd15123408fb0b0a07536/element/948b49aa-29f2-4696-9589-fc5744e3ece1/clear'
16:06:21.671 [AsyncHttpClient-1-5] DEBUG org.asynchttpclient.netty.handler.HttpHandler - 

Request DefaultHttpRequest(decodeResult: success, version: HTTP/1.1)
POST /session/30979f63e2dfd15123408fb0b0a07536/element/948b49aa-29f2-4696-9589-fc5744e3ece1/clear HTTP/1.1
User-Agent: selenium/4.1.2 (java windows)
Content-Length: 50
Content-Type: application/json; charset=utf-8
host: localhost:49946
accept: */*

Response DefaultHttpResponse(decodeResult: success, version: HTTP/1.1)
HTTP/1.1 200 OK
Content-Type: application/json; charset=utf-8
cache-control: no-cache
content-length: 14

16:06:21.671 [AsyncHttpClient-1-5] DEBUG org.asynchttpclient.netty.channel.ChannelManager - Adding key: http://localhost:49946 for channel [id: 0x2ce28fc1, L:/127.0.0.1:60147 - R:localhost/127.0.0.1:49946]
16:06:21.676 [Forwarding sendKeysToElement on session 30979f63e2dfd15123408fb0b0a07536 to remote] DEBUG org.asynchttpclient.netty.request.NettyRequestSender - Using pooled Channel '[id: 0x2ce28fc1, L:/127.0.0.1:60147 - R:localhost/127.0.0.1:49946]' for 'POST' to 'http://localhost:49946/session/30979f63e2dfd15123408fb0b0a07536/element/948b49aa-29f2-4696-9589-fc5744e3ece1/value'
16:06:21.676 [Forwarding sendKeysToElement on session 30979f63e2dfd15123408fb0b0a07536 to remote] DEBUG org.asynchttpclient.netty.request.NettyRequestSender - Using open Channel [id: 0x2ce28fc1, L:/127.0.0.1:60147 - R:localhost/127.0.0.1:49946] for POST '/session/30979f63e2dfd15123408fb0b0a07536/element/948b49aa-29f2-4696-9589-fc5744e3ece1/value'
16:06:22.205 [AsyncHttpClient-1-5] DEBUG org.asynchttpclient.netty.handler.HttpHandler - 

Request DefaultHttpRequest(decodeResult: success, version: HTTP/1.1)
POST /session/30979f63e2dfd15123408fb0b0a07536/element/948b49aa-29f2-4696-9589-fc5744e3ece1/value HTTP/1.1
User-Agent: selenium/4.1.2 (java windows)
Content-Length: 251
Content-Type: application/json; charset=utf-8
host: localhost:49946
accept: */*

Response DefaultHttpResponse(decodeResult: success, version: HTTP/1.1)
HTTP/1.1 200 OK
Content-Type: application/json; charset=utf-8
cache-control: no-cache
content-length: 14

16:06:22.206 [AsyncHttpClient-1-5] DEBUG org.asynchttpclient.netty.channel.ChannelManager - Adding key: http://localhost:49946 for channel [id: 0x2ce28fc1, L:/127.0.0.1:60147 - R:localhost/127.0.0.1:49946]
16:06:22.224 [Forwarding screenshot on session 30979f63e2dfd15123408fb0b0a07536 to remote] DEBUG org.asynchttpclient.netty.request.NettyRequestSender - Using pooled Channel '[id: 0x2ce28fc1, L:/127.0.0.1:60147 - R:localhost/127.0.0.1:49946]' for 'GET' to 'http://localhost:49946/session/30979f63e2dfd15123408fb0b0a07536/screenshot'
16:06:22.224 [Forwarding screenshot on session 30979f63e2dfd15123408fb0b0a07536 to remote] DEBUG org.asynchttpclient.netty.request.NettyRequestSender - Using open Channel [id: 0x2ce28fc1, L:/127.0.0.1:60147 - R:localhost/127.0.0.1:49946] for GET '/session/30979f63e2dfd15123408fb0b0a07536/screenshot'
16:06:22.443 [AsyncHttpClient-1-1] DEBUG org.asynchttpclient.netty.channel.DefaultChannelPool - Entry count for : http://localhost:60148 : 1
16:06:22.461 [AsyncHttpClient-1-5] DEBUG org.asynchttpclient.netty.handler.HttpHandler - 

Request DefaultFullHttpRequest(decodeResult: success, version: HTTP/1.1, content: EmptyByteBufBE)
GET /session/30979f63e2dfd15123408fb0b0a07536/screenshot HTTP/1.1
User-Agent: selenium/4.1.2 (java windows)
Cache-Control: no-cache
Content-Type: application/json; charset=utf-8
host: localhost:49946
accept: */*

Response DefaultHttpResponse(decodeResult: success, version: HTTP/1.1)
HTTP/1.1 200 OK
Content-Type: application/json; charset=utf-8
cache-control: no-cache
content-length: 28892

16:06:22.462 [AsyncHttpClient-1-5] DEBUG org.asynchttpclient.netty.channel.ChannelManager - Adding key: http://localhost:49946 for channel [id: 0x2ce28fc1, L:/127.0.0.1:60147 - R:localhost/127.0.0.1:49946]
16:06:22.468 [main] DEBUG net.serenitybdd.core.photography.Darkroom - Send negative for processing for target\site\serenity\3ab060451a3bdb43850936b5af3722af3ebbef4c5f794f2ba8993c9a5d31862f.png
16:06:22.469 [main] DEBUG net.thucydides.core.steps.StepInterceptor - STEP DONE: inputEmail
16:06:22.473 [Darkroom Processing Line] DEBUG net.serenitybdd.core.photography.DarkroomProcessingLine - Processing screenshot image in /var/screenshots/screenshot-5433989979086283464
16:06:22.473 [Darkroom Processing Line] DEBUG net.serenitybdd.core.photography.DarkroomProcessingLine - Saving screenshot to target\site\serenity\3ab060451a3bdb43850936b5af3722af3ebbef4c5f794f2ba8993c9a5d31862f.png
16:06:22.495 [main] DEBUG net.thucydides.core.steps.StepInterceptor - STARTING STEP: LogoutSteps.iSuccessfullyLogin - inputPassword
16:06:22.502 [Forwarding findElement on session 30979f63e2dfd15123408fb0b0a07536 to remote] DEBUG org.asynchttpclient.netty.request.NettyRequestSender - Using pooled Channel '[id: 0x2ce28fc1, L:/127.0.0.1:60147 - R:localhost/127.0.0.1:49946]' for 'POST' to 'http://localhost:49946/session/30979f63e2dfd15123408fb0b0a07536/element'
16:06:22.503 [Forwarding findElement on session 30979f63e2dfd15123408fb0b0a07536 to remote] DEBUG org.asynchttpclient.netty.request.NettyRequestSender - Using open Channel [id: 0x2ce28fc1, L:/127.0.0.1:60147 - R:localhost/127.0.0.1:49946] for POST '/session/30979f63e2dfd15123408fb0b0a07536/element'
16:06:22.528 [AsyncHttpClient-1-5] DEBUG org.asynchttpclient.netty.handler.HttpHandler - 

Request DefaultHttpRequest(decodeResult: success, version: HTTP/1.1)
POST /session/30979f63e2dfd15123408fb0b0a07536/element HTTP/1.1
User-Agent: selenium/4.1.2 (java windows)
Content-Length: 89
Content-Type: application/json; charset=utf-8
host: localhost:49946
accept: */*

Response DefaultHttpResponse(decodeResult: success, version: HTTP/1.1)
HTTP/1.1 200 OK
Content-Type: application/json; charset=utf-8
cache-control: no-cache
content-length: 88

16:06:22.529 [AsyncHttpClient-1-5] DEBUG org.asynchttpclient.netty.channel.ChannelManager - Adding key: http://localhost:49946 for channel [id: 0x2ce28fc1, L:/127.0.0.1:60147 - R:localhost/127.0.0.1:49946]
16:06:22.532 [Forwarding clearElement on session 30979f63e2dfd15123408fb0b0a07536 to remote] DEBUG org.asynchttpclient.netty.request.NettyRequestSender - Using pooled Channel '[id: 0x2ce28fc1, L:/127.0.0.1:60147 - R:localhost/127.0.0.1:49946]' for 'POST' to 'http://localhost:49946/session/30979f63e2dfd15123408fb0b0a07536/element/4ffa1023-dcfd-4270-98f5-cbd8787eeaf5/clear'
16:06:22.532 [Forwarding clearElement on session 30979f63e2dfd15123408fb0b0a07536 to remote] DEBUG org.asynchttpclient.netty.request.NettyRequestSender - Using open Channel [id: 0x2ce28fc1, L:/127.0.0.1:60147 - R:localhost/127.0.0.1:49946] for POST '/session/30979f63e2dfd15123408fb0b0a07536/element/4ffa1023-dcfd-4270-98f5-cbd8787eeaf5/clear'
16:06:22.594 [AsyncHttpClient-1-5] DEBUG org.asynchttpclient.netty.handler.HttpHandler - 

Request DefaultHttpRequest(decodeResult: success, version: HTTP/1.1)
POST /session/30979f63e2dfd15123408fb0b0a07536/element/4ffa1023-dcfd-4270-98f5-cbd8787eeaf5/clear HTTP/1.1
User-Agent: selenium/4.1.2 (java windows)
Content-Length: 50
Content-Type: application/json; charset=utf-8
host: localhost:49946
accept: */*

Response DefaultHttpResponse(decodeResult: success, version: HTTP/1.1)
HTTP/1.1 200 OK
Content-Type: application/json; charset=utf-8
cache-control: no-cache
content-length: 14

16:06:22.595 [AsyncHttpClient-1-5] DEBUG org.asynchttpclient.netty.channel.ChannelManager - Adding key: http://localhost:49946 for channel [id: 0x2ce28fc1, L:/127.0.0.1:60147 - R:localhost/127.0.0.1:49946]
16:06:22.598 [Forwarding sendKeysToElement on session 30979f63e2dfd15123408fb0b0a07536 to remote] DEBUG org.asynchttpclient.netty.request.NettyRequestSender - Using pooled Channel '[id: 0x2ce28fc1, L:/127.0.0.1:60147 - R:localhost/127.0.0.1:49946]' for 'POST' to 'http://localhost:49946/session/30979f63e2dfd15123408fb0b0a07536/element/4ffa1023-dcfd-4270-98f5-cbd8787eeaf5/value'
16:06:22.598 [Forwarding sendKeysToElement on session 30979f63e2dfd15123408fb0b0a07536 to remote] DEBUG org.asynchttpclient.netty.request.NettyRequestSender - Using open Channel [id: 0x2ce28fc1, L:/127.0.0.1:60147 - R:localhost/127.0.0.1:49946] for POST '/session/30979f63e2dfd15123408fb0b0a07536/element/4ffa1023-dcfd-4270-98f5-cbd8787eeaf5/value'
16:06:23.029 [AsyncHttpClient-1-5] DEBUG org.asynchttpclient.netty.handler.HttpHandler - 

Request DefaultHttpRequest(decodeResult: success, version: HTTP/1.1)
POST /session/30979f63e2dfd15123408fb0b0a07536/element/4ffa1023-dcfd-4270-98f5-cbd8787eeaf5/value HTTP/1.1
User-Agent: selenium/4.1.2 (java windows)
Content-Length: 231
Content-Type: application/json; charset=utf-8
host: localhost:49946
accept: */*

Response DefaultHttpResponse(decodeResult: success, version: HTTP/1.1)
HTTP/1.1 200 OK
Content-Type: application/json; charset=utf-8
cache-control: no-cache
content-length: 14

16:06:23.029 [AsyncHttpClient-1-5] DEBUG org.asynchttpclient.netty.channel.ChannelManager - Adding key: http://localhost:49946 for channel [id: 0x2ce28fc1, L:/127.0.0.1:60147 - R:localhost/127.0.0.1:49946]
16:06:23.055 [Forwarding screenshot on session 30979f63e2dfd15123408fb0b0a07536 to remote] DEBUG org.asynchttpclient.netty.request.NettyRequestSender - Using pooled Channel '[id: 0x2ce28fc1, L:/127.0.0.1:60147 - R:localhost/127.0.0.1:49946]' for 'GET' to 'http://localhost:49946/session/30979f63e2dfd15123408fb0b0a07536/screenshot'
16:06:23.055 [Forwarding screenshot on session 30979f63e2dfd15123408fb0b0a07536 to remote] DEBUG org.asynchttpclient.netty.request.NettyRequestSender - Using open Channel [id: 0x2ce28fc1, L:/127.0.0.1:60147 - R:localhost/127.0.0.1:49946] for GET '/session/30979f63e2dfd15123408fb0b0a07536/screenshot'
16:06:23.296 [AsyncHttpClient-1-5] DEBUG org.asynchttpclient.netty.handler.HttpHandler - 

Request DefaultFullHttpRequest(decodeResult: success, version: HTTP/1.1, content: EmptyByteBufBE)
GET /session/30979f63e2dfd15123408fb0b0a07536/screenshot HTTP/1.1
User-Agent: selenium/4.1.2 (java windows)
Cache-Control: no-cache
Content-Type: application/json; charset=utf-8
host: localhost:49946
accept: */*

Response DefaultHttpResponse(decodeResult: success, version: HTTP/1.1)
HTTP/1.1 200 OK
Content-Type: application/json; charset=utf-8
cache-control: no-cache
content-length: 32248

16:06:23.297 [AsyncHttpClient-1-5] DEBUG org.asynchttpclient.netty.channel.ChannelManager - Adding key: http://localhost:49946 for channel [id: 0x2ce28fc1, L:/127.0.0.1:60147 - R:localhost/127.0.0.1:49946]
16:06:23.308 [main] DEBUG net.serenitybdd.core.photography.Darkroom - Send negative for processing for target\site\serenity\e5bc23ed40c586ff664c615a970e360f160a5ea899826355eaeba6d0cc67d421.png
16:06:23.309 [main] DEBUG net.thucydides.core.steps.StepInterceptor - STEP DONE: inputPassword
16:06:23.309 [Darkroom Processing Line] DEBUG net.serenitybdd.core.photography.DarkroomProcessingLine - Processing screenshot image in /var/screenshots/screenshot-8381657674591545206
16:06:23.309 [Darkroom Processing Line] DEBUG net.serenitybdd.core.photography.DarkroomProcessingLine - Saving screenshot to target\site\serenity\e5bc23ed40c586ff664c615a970e360f160a5ea899826355eaeba6d0cc67d421.png
16:06:23.324 [main] DEBUG net.thucydides.core.steps.StepInterceptor - STARTING STEP: LogoutSteps.iSuccessfullyLogin - clickLoginButton
16:06:23.332 [Forwarding findElement on session 30979f63e2dfd15123408fb0b0a07536 to remote] DEBUG org.asynchttpclient.netty.request.NettyRequestSender - Using pooled Channel '[id: 0x2ce28fc1, L:/127.0.0.1:60147 - R:localhost/127.0.0.1:49946]' for 'POST' to 'http://localhost:49946/session/30979f63e2dfd15123408fb0b0a07536/element'
16:06:23.332 [Forwarding findElement on session 30979f63e2dfd15123408fb0b0a07536 to remote] DEBUG org.asynchttpclient.netty.request.NettyRequestSender - Using open Channel [id: 0x2ce28fc1, L:/127.0.0.1:60147 - R:localhost/127.0.0.1:49946] for POST '/session/30979f63e2dfd15123408fb0b0a07536/element'
16:06:23.383 [AsyncHttpClient-1-5] DEBUG org.asynchttpclient.netty.handler.HttpHandler - 

Request DefaultHttpRequest(decodeResult: success, version: HTTP/1.1)
POST /session/30979f63e2dfd15123408fb0b0a07536/element HTTP/1.1
User-Agent: selenium/4.1.2 (java windows)
Content-Length: 136
Content-Type: application/json; charset=utf-8
host: localhost:49946
accept: */*

Response DefaultHttpResponse(decodeResult: success, version: HTTP/1.1)
HTTP/1.1 200 OK
Content-Type: application/json; charset=utf-8
cache-control: no-cache
content-length: 88

16:06:23.383 [AsyncHttpClient-1-5] DEBUG org.asynchttpclient.netty.channel.ChannelManager - Adding key: http://localhost:49946 for channel [id: 0x2ce28fc1, L:/127.0.0.1:60147 - R:localhost/127.0.0.1:49946]
16:06:23.387 [Forwarding getElementTagName on session 30979f63e2dfd15123408fb0b0a07536 to remote] DEBUG org.asynchttpclient.netty.request.NettyRequestSender - Using pooled Channel '[id: 0x2ce28fc1, L:/127.0.0.1:60147 - R:localhost/127.0.0.1:49946]' for 'GET' to 'http://localhost:49946/session/30979f63e2dfd15123408fb0b0a07536/element/292d085e-0f2c-4bd3-b133-a05f2abbc740/name'
16:06:23.388 [Forwarding getElementTagName on session 30979f63e2dfd15123408fb0b0a07536 to remote] DEBUG org.asynchttpclient.netty.request.NettyRequestSender - Using open Channel [id: 0x2ce28fc1, L:/127.0.0.1:60147 - R:localhost/127.0.0.1:49946] for GET '/session/30979f63e2dfd15123408fb0b0a07536/element/292d085e-0f2c-4bd3-b133-a05f2abbc740/name'
16:06:23.400 [AsyncHttpClient-1-5] DEBUG org.asynchttpclient.netty.handler.HttpHandler - 

Request DefaultFullHttpRequest(decodeResult: success, version: HTTP/1.1, content: EmptyByteBufBE)
GET /session/30979f63e2dfd15123408fb0b0a07536/element/292d085e-0f2c-4bd3-b133-a05f2abbc740/name HTTP/1.1
User-Agent: selenium/4.1.2 (java windows)
Cache-Control: no-cache
Content-Type: application/json; charset=utf-8
host: localhost:49946
accept: */*

Response DefaultHttpResponse(decodeResult: success, version: HTTP/1.1)
HTTP/1.1 200 OK
Content-Type: application/json; charset=utf-8
cache-control: no-cache
content-length: 18

16:06:23.401 [AsyncHttpClient-1-5] DEBUG org.asynchttpclient.netty.channel.ChannelManager - Adding key: http://localhost:49946 for channel [id: 0x2ce28fc1, L:/127.0.0.1:60147 - R:localhost/127.0.0.1:49946]
16:06:23.406 [Forwarding getElementTagName on session 30979f63e2dfd15123408fb0b0a07536 to remote] DEBUG org.asynchttpclient.netty.request.NettyRequestSender - Using pooled Channel '[id: 0x2ce28fc1, L:/127.0.0.1:60147 - R:localhost/127.0.0.1:49946]' for 'GET' to 'http://localhost:49946/session/30979f63e2dfd15123408fb0b0a07536/element/292d085e-0f2c-4bd3-b133-a05f2abbc740/name'
16:06:23.406 [Forwarding getElementTagName on session 30979f63e2dfd15123408fb0b0a07536 to remote] DEBUG org.asynchttpclient.netty.request.NettyRequestSender - Using open Channel [id: 0x2ce28fc1, L:/127.0.0.1:60147 - R:localhost/127.0.0.1:49946] for GET '/session/30979f63e2dfd15123408fb0b0a07536/element/292d085e-0f2c-4bd3-b133-a05f2abbc740/name'
16:06:23.417 [AsyncHttpClient-1-5] DEBUG org.asynchttpclient.netty.handler.HttpHandler - 

Request DefaultFullHttpRequest(decodeResult: success, version: HTTP/1.1, content: EmptyByteBufBE)
GET /session/30979f63e2dfd15123408fb0b0a07536/element/292d085e-0f2c-4bd3-b133-a05f2abbc740/name HTTP/1.1
User-Agent: selenium/4.1.2 (java windows)
Cache-Control: no-cache
Content-Type: application/json; charset=utf-8
host: localhost:49946
accept: */*

Response DefaultHttpResponse(decodeResult: success, version: HTTP/1.1)
HTTP/1.1 200 OK
Content-Type: application/json; charset=utf-8
cache-control: no-cache
content-length: 18

16:06:23.417 [AsyncHttpClient-1-5] DEBUG org.asynchttpclient.netty.channel.ChannelManager - Adding key: http://localhost:49946 for channel [id: 0x2ce28fc1, L:/127.0.0.1:60147 - R:localhost/127.0.0.1:49946]
16:06:23.423 [Forwarding isElementEnabled on session 30979f63e2dfd15123408fb0b0a07536 to remote] DEBUG org.asynchttpclient.netty.request.NettyRequestSender - Using pooled Channel '[id: 0x2ce28fc1, L:/127.0.0.1:60147 - R:localhost/127.0.0.1:49946]' for 'GET' to 'http://localhost:49946/session/30979f63e2dfd15123408fb0b0a07536/element/292d085e-0f2c-4bd3-b133-a05f2abbc740/enabled'
16:06:23.423 [Forwarding isElementEnabled on session 30979f63e2dfd15123408fb0b0a07536 to remote] DEBUG org.asynchttpclient.netty.request.NettyRequestSender - Using open Channel [id: 0x2ce28fc1, L:/127.0.0.1:60147 - R:localhost/127.0.0.1:49946] for GET '/session/30979f63e2dfd15123408fb0b0a07536/element/292d085e-0f2c-4bd3-b133-a05f2abbc740/enabled'
16:06:23.447 [AsyncHttpClient-1-5] DEBUG org.asynchttpclient.netty.handler.HttpHandler - 

Request DefaultFullHttpRequest(decodeResult: success, version: HTTP/1.1, content: EmptyByteBufBE)
GET /session/30979f63e2dfd15123408fb0b0a07536/element/292d085e-0f2c-4bd3-b133-a05f2abbc740/enabled HTTP/1.1
User-Agent: selenium/4.1.2 (java windows)
Cache-Control: no-cache
Content-Type: application/json; charset=utf-8
host: localhost:49946
accept: */*

Response DefaultHttpResponse(decodeResult: success, version: HTTP/1.1)
HTTP/1.1 200 OK
Content-Type: application/json; charset=utf-8
cache-control: no-cache
content-length: 14

16:06:23.447 [AsyncHttpClient-1-5] DEBUG org.asynchttpclient.netty.channel.ChannelManager - Adding key: http://localhost:49946 for channel [id: 0x2ce28fc1, L:/127.0.0.1:60147 - R:localhost/127.0.0.1:49946]
16:06:23.450 [Forwarding isElementEnabled on session 30979f63e2dfd15123408fb0b0a07536 to remote] DEBUG org.asynchttpclient.netty.request.NettyRequestSender - Using pooled Channel '[id: 0x2ce28fc1, L:/127.0.0.1:60147 - R:localhost/127.0.0.1:49946]' for 'GET' to 'http://localhost:49946/session/30979f63e2dfd15123408fb0b0a07536/element/292d085e-0f2c-4bd3-b133-a05f2abbc740/enabled'
16:06:23.450 [Forwarding isElementEnabled on session 30979f63e2dfd15123408fb0b0a07536 to remote] DEBUG org.asynchttpclient.netty.request.NettyRequestSender - Using open Channel [id: 0x2ce28fc1, L:/127.0.0.1:60147 - R:localhost/127.0.0.1:49946] for GET '/session/30979f63e2dfd15123408fb0b0a07536/element/292d085e-0f2c-4bd3-b133-a05f2abbc740/enabled'
16:06:23.467 [AsyncHttpClient-1-5] DEBUG org.asynchttpclient.netty.handler.HttpHandler - 

Request DefaultFullHttpRequest(decodeResult: success, version: HTTP/1.1, content: EmptyByteBufBE)
GET /session/30979f63e2dfd15123408fb0b0a07536/element/292d085e-0f2c-4bd3-b133-a05f2abbc740/enabled HTTP/1.1
User-Agent: selenium/4.1.2 (java windows)
Cache-Control: no-cache
Content-Type: application/json; charset=utf-8
host: localhost:49946
accept: */*

Response DefaultHttpResponse(decodeResult: success, version: HTTP/1.1)
HTTP/1.1 200 OK
Content-Type: application/json; charset=utf-8
cache-control: no-cache
content-length: 14

16:06:23.468 [AsyncHttpClient-1-5] DEBUG org.asynchttpclient.netty.channel.ChannelManager - Adding key: http://localhost:49946 for channel [id: 0x2ce28fc1, L:/127.0.0.1:60147 - R:localhost/127.0.0.1:49946]
16:06:23.471 [Forwarding findElement on session 30979f63e2dfd15123408fb0b0a07536 to remote] DEBUG org.asynchttpclient.netty.request.NettyRequestSender - Using pooled Channel '[id: 0x2ce28fc1, L:/127.0.0.1:60147 - R:localhost/127.0.0.1:49946]' for 'POST' to 'http://localhost:49946/session/30979f63e2dfd15123408fb0b0a07536/element'
16:06:23.471 [Forwarding findElement on session 30979f63e2dfd15123408fb0b0a07536 to remote] DEBUG org.asynchttpclient.netty.request.NettyRequestSender - Using open Channel [id: 0x2ce28fc1, L:/127.0.0.1:60147 - R:localhost/127.0.0.1:49946] for POST '/session/30979f63e2dfd15123408fb0b0a07536/element'
16:06:23.486 [AsyncHttpClient-1-5] DEBUG org.asynchttpclient.netty.handler.HttpHandler - 

Request DefaultHttpRequest(decodeResult: success, version: HTTP/1.1)
POST /session/30979f63e2dfd15123408fb0b0a07536/element HTTP/1.1
User-Agent: selenium/4.1.2 (java windows)
Content-Length: 136
Content-Type: application/json; charset=utf-8
host: localhost:49946
accept: */*

Response DefaultHttpResponse(decodeResult: success, version: HTTP/1.1)
HTTP/1.1 200 OK
Content-Type: application/json; charset=utf-8
cache-control: no-cache
content-length: 88

16:06:23.486 [AsyncHttpClient-1-5] DEBUG org.asynchttpclient.netty.channel.ChannelManager - Adding key: http://localhost:49946 for channel [id: 0x2ce28fc1, L:/127.0.0.1:60147 - R:localhost/127.0.0.1:49946]
16:06:23.501 [Forwarding clickElement on session 30979f63e2dfd15123408fb0b0a07536 to remote] DEBUG org.asynchttpclient.netty.request.NettyRequestSender - Using pooled Channel '[id: 0x2ce28fc1, L:/127.0.0.1:60147 - R:localhost/127.0.0.1:49946]' for 'POST' to 'http://localhost:49946/session/30979f63e2dfd15123408fb0b0a07536/element/292d085e-0f2c-4bd3-b133-a05f2abbc740/click'
16:06:23.501 [Forwarding clickElement on session 30979f63e2dfd15123408fb0b0a07536 to remote] DEBUG org.asynchttpclient.netty.request.NettyRequestSender - Using open Channel [id: 0x2ce28fc1, L:/127.0.0.1:60147 - R:localhost/127.0.0.1:49946] for POST '/session/30979f63e2dfd15123408fb0b0a07536/element/292d085e-0f2c-4bd3-b133-a05f2abbc740/click'
16:06:23.541 [AsyncHttpClient-1-1] DEBUG org.asynchttpclient.netty.channel.DefaultChannelPool - Entry count for : http://localhost:60148 : 1
16:06:23.648 [AsyncHttpClient-1-5] DEBUG org.asynchttpclient.netty.handler.HttpHandler - 

Request DefaultHttpRequest(decodeResult: success, version: HTTP/1.1)
POST /session/30979f63e2dfd15123408fb0b0a07536/element/292d085e-0f2c-4bd3-b133-a05f2abbc740/click HTTP/1.1
User-Agent: selenium/4.1.2 (java windows)
Content-Length: 50
Content-Type: application/json; charset=utf-8
host: localhost:49946
accept: */*

Response DefaultHttpResponse(decodeResult: success, version: HTTP/1.1)
HTTP/1.1 200 OK
Content-Type: application/json; charset=utf-8
cache-control: no-cache
content-length: 14

16:06:23.648 [AsyncHttpClient-1-5] DEBUG org.asynchttpclient.netty.channel.ChannelManager - Adding key: http://localhost:49946 for channel [id: 0x2ce28fc1, L:/127.0.0.1:60147 - R:localhost/127.0.0.1:49946]
16:06:23.678 [Forwarding screenshot on session 30979f63e2dfd15123408fb0b0a07536 to remote] DEBUG org.asynchttpclient.netty.request.NettyRequestSender - Using pooled Channel '[id: 0x2ce28fc1, L:/127.0.0.1:60147 - R:localhost/127.0.0.1:49946]' for 'GET' to 'http://localhost:49946/session/30979f63e2dfd15123408fb0b0a07536/screenshot'
16:06:23.678 [Forwarding screenshot on session 30979f63e2dfd15123408fb0b0a07536 to remote] DEBUG org.asynchttpclient.netty.request.NettyRequestSender - Using open Channel [id: 0x2ce28fc1, L:/127.0.0.1:60147 - R:localhost/127.0.0.1:49946] for GET '/session/30979f63e2dfd15123408fb0b0a07536/screenshot'
16:06:24.698 [AsyncHttpClient-1-1] DEBUG org.asynchttpclient.netty.channel.DefaultChannelPool - Entry count for : http://localhost:60148 : 1
16:06:25.810 [AsyncHttpClient-1-1] DEBUG org.asynchttpclient.netty.channel.DefaultChannelPool - Entry count for : http://localhost:60148 : 1
16:06:26.859 [AsyncHttpClient-1-1] DEBUG org.asynchttpclient.netty.channel.DefaultChannelPool - Entry count for : http://localhost:60148 : 1
16:06:28.880 [AsyncHttpClient-1-1] DEBUG org.asynchttpclient.netty.channel.DefaultChannelPool - Entry count for : http://localhost:60148 : 1
16:06:29.941 [AsyncHttpClient-1-1] DEBUG org.asynchttpclient.netty.channel.DefaultChannelPool - Entry count for : http://localhost:60148 : 1
16:06:31.124 [AsyncHttpClient-1-1] DEBUG org.asynchttpclient.netty.channel.DefaultChannelPool - Entry count for : http://localhost:60148 : 1
16:06:32.252 [AsyncHttpClient-1-1] DEBUG org.asynchttpclient.netty.channel.DefaultChannelPool - Entry count for : http://localhost:60148 : 1
16:06:33.388 [AsyncHttpClient-1-1] DEBUG org.asynchttpclient.netty.channel.DefaultChannelPool - Entry count for : http://localhost:60148 : 1
16:06:34.458 [AsyncHttpClient-1-1] DEBUG org.asynchttpclient.netty.channel.DefaultChannelPool - Entry count for : http://localhost:60148 : 1
16:06:35.552 [AsyncHttpClient-1-1] DEBUG org.asynchttpclient.netty.channel.DefaultChannelPool - Entry count for : http://localhost:60148 : 1
16:06:36.668 [AsyncHttpClient-1-1] DEBUG org.asynchttpclient.netty.channel.DefaultChannelPool - Entry count for : http://localhost:60148 : 1
16:06:37.778 [AsyncHttpClient-1-1] DEBUG org.asynchttpclient.netty.channel.DefaultChannelPool - Entry count for : http://localhost:60148 : 1
16:06:38.949 [AsyncHttpClient-1-1] DEBUG org.asynchttpclient.netty.channel.DefaultChannelPool - Entry count for : http://localhost:60148 : 1
16:06:40.043 [AsyncHttpClient-1-1] DEBUG org.asynchttpclient.netty.channel.DefaultChannelPool - Entry count for : http://localhost:60148 : 1
16:06:41.181 [AsyncHttpClient-1-1] DEBUG org.asynchttpclient.netty.channel.DefaultChannelPool - Entry count for : http://localhost:60148 : 1
16:06:42.328 [AsyncHttpClient-1-1] DEBUG org.asynchttpclient.netty.channel.DefaultChannelPool - Entry count for : http://localhost:60148 : 1
16:06:43.461 [AsyncHttpClient-1-1] DEBUG org.asynchttpclient.netty.channel.DefaultChannelPool - Entry count for : http://localhost:60148 : 1
16:06:44.502 [AsyncHttpClient-1-5] DEBUG org.asynchttpclient.netty.handler.HttpHandler - 

Request DefaultFullHttpRequest(decodeResult: success, version: HTTP/1.1, content: EmptyByteBufBE)
GET /session/30979f63e2dfd15123408fb0b0a07536/screenshot HTTP/1.1
User-Agent: selenium/4.1.2 (java windows)
Cache-Control: no-cache
Content-Type: application/json; charset=utf-8
host: localhost:49946
accept: */*

Response DefaultHttpResponse(decodeResult: success, version: HTTP/1.1)
HTTP/1.1 200 OK
Content-Type: application/json; charset=utf-8
cache-control: no-cache
content-length: 88732

16:06:44.505 [AsyncHttpClient-1-5] DEBUG org.asynchttpclient.netty.channel.ChannelManager - Adding key: http://localhost:49946 for channel [id: 0x2ce28fc1, L:/127.0.0.1:60147 - R:localhost/127.0.0.1:49946]
16:06:44.511 [main] DEBUG net.serenitybdd.core.photography.Darkroom - Send negative for processing for target\site\serenity\5cf5365b44de1eb7e25e8bfd684acd469df441bfc9ffa6df5d63ef113f1f88e8.png
16:06:44.511 [main] DEBUG net.thucydides.core.steps.StepInterceptor - STEP DONE: clickLoginButton
  &amp#27;[32mGiven &amp#27;[0m&amp#27;[32mI successfully login&amp#27;[0m     &amp#27;[90m# starter.stepdefinitions.LogoutSteps.iSuccessfullyLogin()&amp#27;[0m
16:06:44.543 [AsyncHttpClient-1-1] DEBUG org.asynchttpclient.netty.channel.DefaultChannelPool - Entry count for : http://localhost:49946 : 1
16:06:44.543 [AsyncHttpClient-1-1] DEBUG org.asynchttpclient.netty.channel.DefaultChannelPool - Entry count for : http://localhost:60148 : 1
16:06:44.546 [main] DEBUG net.thucydides.core.steps.StepInterceptor - STARTING STEP: LogoutSteps.iDirectedToProductPage - firstProudctIsDisplayed
16:06:44.552 [Forwarding findElement on session 30979f63e2dfd15123408fb0b0a07536 to remote] DEBUG org.asynchttpclient.netty.request.NettyRequestSender - Using pooled Channel '[id: 0x2ce28fc1, L:/127.0.0.1:60147 - R:localhost/127.0.0.1:49946]' for 'POST' to 'http://localhost:49946/session/30979f63e2dfd15123408fb0b0a07536/element'
16:06:44.552 [Forwarding findElement on session 30979f63e2dfd15123408fb0b0a07536 to remote] DEBUG org.asynchttpclient.netty.request.NettyRequestSender - Using open Channel [id: 0x2ce28fc1, L:/127.0.0.1:60147 - R:localhost/127.0.0.1:49946] for POST '/session/30979f63e2dfd15123408fb0b0a07536/element'
16:06:44.602 [AsyncHttpClient-1-5] DEBUG org.asynchttpclient.netty.handler.HttpHandler - 

Request DefaultHttpRequest(decodeResult: success, version: HTTP/1.1)
POST /session/30979f63e2dfd15123408fb0b0a07536/element HTTP/1.1
User-Agent: selenium/4.1.2 (java windows)
Content-Length: 122
Content-Type: application/json; charset=utf-8
host: localhost:49946
accept: */*

Response DefaultHttpResponse(decodeResult: success, version: HTTP/1.1)
HTTP/1.1 200 OK
Content-Type: application/json; charset=utf-8
cache-control: no-cache
content-length: 88

16:06:44.602 [AsyncHttpClient-1-5] DEBUG org.asynchttpclient.netty.channel.ChannelManager - Adding key: http://localhost:49946 for channel [id: 0x2ce28fc1, L:/127.0.0.1:60147 - R:localhost/127.0.0.1:49946]
16:06:44.610 [Forwarding isElementDisplayed on session 30979f63e2dfd15123408fb0b0a07536 to remote] DEBUG org.asynchttpclient.netty.request.NettyRequestSender - Using pooled Channel '[id: 0x2ce28fc1, L:/127.0.0.1:60147 - R:localhost/127.0.0.1:49946]' for 'POST' to 'http://localhost:49946/session/30979f63e2dfd15123408fb0b0a07536/execute/sync'
16:06:44.610 [Forwarding isElementDisplayed on session 30979f63e2dfd15123408fb0b0a07536 to remote] DEBUG org.asynchttpclient.netty.request.NettyRequestSender - Using open Channel [id: 0x2ce28fc1, L:/127.0.0.1:60147 - R:localhost/127.0.0.1:49946] for POST '/session/30979f63e2dfd15123408fb0b0a07536/execute/sync'
16:06:44.700 [AsyncHttpClient-1-5] DEBUG org.asynchttpclient.netty.handler.HttpHandler - 

Request DefaultHttpRequest(decodeResult: success, version: HTTP/1.1)
POST /session/30979f63e2dfd15123408fb0b0a07536/execute/sync HTTP/1.1
User-Agent: selenium/4.1.2 (java windows)
Content-Length: 48780
Content-Type: application/json; charset=utf-8
host: localhost:49946
accept: */*

Response DefaultHttpResponse(decodeResult: success, version: HTTP/1.1)
HTTP/1.1 200 OK
Content-Type: application/json; charset=utf-8
cache-control: no-cache
content-length: 14

16:06:44.700 [AsyncHttpClient-1-5] DEBUG org.asynchttpclient.netty.channel.ChannelManager - Adding key: http://localhost:49946 for channel [id: 0x2ce28fc1, L:/127.0.0.1:60147 - R:localhost/127.0.0.1:49946]
16:06:44.720 [Forwarding screenshot on session 30979f63e2dfd15123408fb0b0a07536 to remote] DEBUG org.asynchttpclient.netty.request.NettyRequestSender - Using pooled Channel '[id: 0x2ce28fc1, L:/127.0.0.1:60147 - R:localhost/127.0.0.1:49946]' for 'GET' to 'http://localhost:49946/session/30979f63e2dfd15123408fb0b0a07536/screenshot'
16:06:44.720 [Forwarding screenshot on session 30979f63e2dfd15123408fb0b0a07536 to remote] DEBUG org.asynchttpclient.netty.request.NettyRequestSender - Using open Channel [id: 0x2ce28fc1, L:/127.0.0.1:60147 - R:localhost/127.0.0.1:49946] for GET '/session/30979f63e2dfd15123408fb0b0a07536/screenshot'
16:06:44.930 [AsyncHttpClient-1-5] DEBUG org.asynchttpclient.netty.handler.HttpHandler - 

Request DefaultFullHttpRequest(decodeResult: success, version: HTTP/1.1, content: EmptyByteBufBE)
GET /session/30979f63e2dfd15123408fb0b0a07536/screenshot HTTP/1.1
User-Agent: selenium/4.1.2 (java windows)
Cache-Control: no-cache
Content-Type: application/json; charset=utf-8
host: localhost:49946
accept: */*

Response DefaultHttpResponse(decodeResult: success, version: HTTP/1.1)
HTTP/1.1 200 OK
Content-Type: application/json; charset=utf-8
cache-control: no-cache
content-length: 88732

16:06:44.932 [AsyncHttpClient-1-5] DEBUG org.asynchttpclient.netty.channel.ChannelManager - Adding key: http://localhost:49946 for channel [id: 0x2ce28fc1, L:/127.0.0.1:60147 - R:localhost/127.0.0.1:49946]
16:06:44.939 [main] DEBUG net.serenitybdd.core.photography.Darkroom - Send negative for processing for target\site\serenity\5cf5365b44de1eb7e25e8bfd684acd469df441bfc9ffa6df5d63ef113f1f88e8.png
16:06:44.939 [main] DEBUG net.thucydides.core.steps.StepInterceptor - STEP DONE: firstProudctIsDisplayed
  &amp#27;[32mAnd &amp#27;[0m&amp#27;[32mI directed to product page&amp#27;[0m &amp#27;[90m# starter.stepdefinitions.LogoutSteps.iDirectedToProductPage()&amp#27;[0m
16:06:44.983 [main] DEBUG net.thucydides.core.steps.StepInterceptor - STARTING STEP: LogoutSteps.iClickMenuButton - clickIconForLogout
16:06:45.006 [Forwarding findElement on session 30979f63e2dfd15123408fb0b0a07536 to remote] DEBUG org.asynchttpclient.netty.request.NettyRequestSender - Using pooled Channel '[id: 0x2ce28fc1, L:/127.0.0.1:60147 - R:localhost/127.0.0.1:49946]' for 'POST' to 'http://localhost:49946/session/30979f63e2dfd15123408fb0b0a07536/element'
16:06:45.006 [Forwarding findElement on session 30979f63e2dfd15123408fb0b0a07536 to remote] DEBUG org.asynchttpclient.netty.request.NettyRequestSender - Using open Channel [id: 0x2ce28fc1, L:/127.0.0.1:60147 - R:localhost/127.0.0.1:49946] for POST '/session/30979f63e2dfd15123408fb0b0a07536/element'
16:06:45.047 [AsyncHttpClient-1-5] DEBUG org.asynchttpclient.netty.handler.HttpHandler - 

Request DefaultHttpRequest(decodeResult: success, version: HTTP/1.1)
POST /session/30979f63e2dfd15123408fb0b0a07536/element HTTP/1.1
User-Agent: selenium/4.1.2 (java windows)
Content-Length: 124
Content-Type: application/json; charset=utf-8
host: localhost:49946
accept: */*

Response DefaultHttpResponse(decodeResult: success, version: HTTP/1.1)
HTTP/1.1 200 OK
Content-Type: application/json; charset=utf-8
cache-control: no-cache
content-length: 88

16:06:45.047 [AsyncHttpClient-1-5] DEBUG org.asynchttpclient.netty.channel.ChannelManager - Adding key: http://localhost:49946 for channel [id: 0x2ce28fc1, L:/127.0.0.1:60147 - R:localhost/127.0.0.1:49946]
16:06:45.050 [Forwarding getElementTagName on session 30979f63e2dfd15123408fb0b0a07536 to remote] DEBUG org.asynchttpclient.netty.request.NettyRequestSender - Using pooled Channel '[id: 0x2ce28fc1, L:/127.0.0.1:60147 - R:localhost/127.0.0.1:49946]' for 'GET' to 'http://localhost:49946/session/30979f63e2dfd15123408fb0b0a07536/element/9e38d40a-0f78-4890-b455-9943e10a93b0/name'
16:06:45.051 [Forwarding getElementTagName on session 30979f63e2dfd15123408fb0b0a07536 to remote] DEBUG org.asynchttpclient.netty.request.NettyRequestSender - Using open Channel [id: 0x2ce28fc1, L:/127.0.0.1:60147 - R:localhost/127.0.0.1:49946] for GET '/session/30979f63e2dfd15123408fb0b0a07536/element/9e38d40a-0f78-4890-b455-9943e10a93b0/name'
16:06:45.060 [AsyncHttpClient-1-5] DEBUG org.asynchttpclient.netty.handler.HttpHandler - 

Request DefaultFullHttpRequest(decodeResult: success, version: HTTP/1.1, content: EmptyByteBufBE)
GET /session/30979f63e2dfd15123408fb0b0a07536/element/9e38d40a-0f78-4890-b455-9943e10a93b0/name HTTP/1.1
User-Agent: selenium/4.1.2 (java windows)
Cache-Control: no-cache
Content-Type: application/json; charset=utf-8
host: localhost:49946
accept: */*

Response DefaultHttpResponse(decodeResult: success, version: HTTP/1.1)
HTTP/1.1 200 OK
Content-Type: application/json; charset=utf-8
cache-control: no-cache
content-length: 18

16:06:45.061 [AsyncHttpClient-1-5] DEBUG org.asynchttpclient.netty.channel.ChannelManager - Adding key: http://localhost:49946 for channel [id: 0x2ce28fc1, L:/127.0.0.1:60147 - R:localhost/127.0.0.1:49946]
16:06:45.064 [Forwarding getElementTagName on session 30979f63e2dfd15123408fb0b0a07536 to remote] DEBUG org.asynchttpclient.netty.request.NettyRequestSender - Using pooled Channel '[id: 0x2ce28fc1, L:/127.0.0.1:60147 - R:localhost/127.0.0.1:49946]' for 'GET' to 'http://localhost:49946/session/30979f63e2dfd15123408fb0b0a07536/element/9e38d40a-0f78-4890-b455-9943e10a93b0/name'
16:06:45.064 [Forwarding getElementTagName on session 30979f63e2dfd15123408fb0b0a07536 to remote] DEBUG org.asynchttpclient.netty.request.NettyRequestSender - Using open Channel [id: 0x2ce28fc1, L:/127.0.0.1:60147 - R:localhost/127.0.0.1:49946] for GET '/session/30979f63e2dfd15123408fb0b0a07536/element/9e38d40a-0f78-4890-b455-9943e10a93b0/name'
16:06:45.074 [AsyncHttpClient-1-5] DEBUG org.asynchttpclient.netty.handler.HttpHandler - 

Request DefaultFullHttpRequest(decodeResult: success, version: HTTP/1.1, content: EmptyByteBufBE)
GET /session/30979f63e2dfd15123408fb0b0a07536/element/9e38d40a-0f78-4890-b455-9943e10a93b0/name HTTP/1.1
User-Agent: selenium/4.1.2 (java windows)
Cache-Control: no-cache
Content-Type: application/json; charset=utf-8
host: localhost:49946
accept: */*

Response DefaultHttpResponse(decodeResult: success, version: HTTP/1.1)
HTTP/1.1 200 OK
Content-Type: application/json; charset=utf-8
cache-control: no-cache
content-length: 18

16:06:45.074 [AsyncHttpClient-1-5] DEBUG org.asynchttpclient.netty.channel.ChannelManager - Adding key: http://localhost:49946 for channel [id: 0x2ce28fc1, L:/127.0.0.1:60147 - R:localhost/127.0.0.1:49946]
16:06:45.081 [Forwarding isElementEnabled on session 30979f63e2dfd15123408fb0b0a07536 to remote] DEBUG org.asynchttpclient.netty.request.NettyRequestSender - Using pooled Channel '[id: 0x2ce28fc1, L:/127.0.0.1:60147 - R:localhost/127.0.0.1:49946]' for 'GET' to 'http://localhost:49946/session/30979f63e2dfd15123408fb0b0a07536/element/9e38d40a-0f78-4890-b455-9943e10a93b0/enabled'
16:06:45.081 [Forwarding isElementEnabled on session 30979f63e2dfd15123408fb0b0a07536 to remote] DEBUG org.asynchttpclient.netty.request.NettyRequestSender - Using open Channel [id: 0x2ce28fc1, L:/127.0.0.1:60147 - R:localhost/127.0.0.1:49946] for GET '/session/30979f63e2dfd15123408fb0b0a07536/element/9e38d40a-0f78-4890-b455-9943e10a93b0/enabled'
16:06:45.102 [AsyncHttpClient-1-5] DEBUG org.asynchttpclient.netty.handler.HttpHandler - 

Request DefaultFullHttpRequest(decodeResult: success, version: HTTP/1.1, content: EmptyByteBufBE)
GET /session/30979f63e2dfd15123408fb0b0a07536/element/9e38d40a-0f78-4890-b455-9943e10a93b0/enabled HTTP/1.1
User-Agent: selenium/4.1.2 (java windows)
Cache-Control: no-cache
Content-Type: application/json; charset=utf-8
host: localhost:49946
accept: */*

Response DefaultHttpResponse(decodeResult: success, version: HTTP/1.1)
HTTP/1.1 200 OK
Content-Type: application/json; charset=utf-8
cache-control: no-cache
content-length: 14

16:06:45.102 [AsyncHttpClient-1-5] DEBUG org.asynchttpclient.netty.channel.ChannelManager - Adding key: http://localhost:49946 for channel [id: 0x2ce28fc1, L:/127.0.0.1:60147 - R:localhost/127.0.0.1:49946]
16:06:45.106 [Forwarding isElementEnabled on session 30979f63e2dfd15123408fb0b0a07536 to remote] DEBUG org.asynchttpclient.netty.request.NettyRequestSender - Using pooled Channel '[id: 0x2ce28fc1, L:/127.0.0.1:60147 - R:localhost/127.0.0.1:49946]' for 'GET' to 'http://localhost:49946/session/30979f63e2dfd15123408fb0b0a07536/element/9e38d40a-0f78-4890-b455-9943e10a93b0/enabled'
16:06:45.107 [Forwarding isElementEnabled on session 30979f63e2dfd15123408fb0b0a07536 to remote] DEBUG org.asynchttpclient.netty.request.NettyRequestSender - Using open Channel [id: 0x2ce28fc1, L:/127.0.0.1:60147 - R:localhost/127.0.0.1:49946] for GET '/session/30979f63e2dfd15123408fb0b0a07536/element/9e38d40a-0f78-4890-b455-9943e10a93b0/enabled'
16:06:45.119 [AsyncHttpClient-1-5] DEBUG org.asynchttpclient.netty.handler.HttpHandler - 

Request DefaultFullHttpRequest(decodeResult: success, version: HTTP/1.1, content: EmptyByteBufBE)
GET /session/30979f63e2dfd15123408fb0b0a07536/element/9e38d40a-0f78-4890-b455-9943e10a93b0/enabled HTTP/1.1
User-Agent: selenium/4.1.2 (java windows)
Cache-Control: no-cache
Content-Type: application/json; charset=utf-8
host: localhost:49946
accept: */*

Response DefaultHttpResponse(decodeResult: success, version: HTTP/1.1)
HTTP/1.1 200 OK
Content-Type: application/json; charset=utf-8
cache-control: no-cache
content-length: 14

16:06:45.119 [AsyncHttpClient-1-5] DEBUG org.asynchttpclient.netty.channel.ChannelManager - Adding key: http://localhost:49946 for channel [id: 0x2ce28fc1, L:/127.0.0.1:60147 - R:localhost/127.0.0.1:49946]
16:06:45.123 [Forwarding findElement on session 30979f63e2dfd15123408fb0b0a07536 to remote] DEBUG org.asynchttpclient.netty.request.NettyRequestSender - Using pooled Channel '[id: 0x2ce28fc1, L:/127.0.0.1:60147 - R:localhost/127.0.0.1:49946]' for 'POST' to 'http://localhost:49946/session/30979f63e2dfd15123408fb0b0a07536/element'
16:06:45.124 [Forwarding findElement on session 30979f63e2dfd15123408fb0b0a07536 to remote] DEBUG org.asynchttpclient.netty.request.NettyRequestSender - Using open Channel [id: 0x2ce28fc1, L:/127.0.0.1:60147 - R:localhost/127.0.0.1:49946] for POST '/session/30979f63e2dfd15123408fb0b0a07536/element'
16:06:45.153 [AsyncHttpClient-1-5] DEBUG org.asynchttpclient.netty.handler.HttpHandler - 

Request DefaultHttpRequest(decodeResult: success, version: HTTP/1.1)
POST /session/30979f63e2dfd15123408fb0b0a07536/element HTTP/1.1
User-Agent: selenium/4.1.2 (java windows)
Content-Length: 124
Content-Type: application/json; charset=utf-8
host: localhost:49946
accept: */*

Response DefaultHttpResponse(decodeResult: success, version: HTTP/1.1)
HTTP/1.1 200 OK
Content-Type: application/json; charset=utf-8
cache-control: no-cache
content-length: 88

16:06:45.154 [AsyncHttpClient-1-5] DEBUG org.asynchttpclient.netty.channel.ChannelManager - Adding key: http://localhost:49946 for channel [id: 0x2ce28fc1, L:/127.0.0.1:60147 - R:localhost/127.0.0.1:49946]
16:06:45.158 [Forwarding clickElement on session 30979f63e2dfd15123408fb0b0a07536 to remote] DEBUG org.asynchttpclient.netty.request.NettyRequestSender - Using pooled Channel '[id: 0x2ce28fc1, L:/127.0.0.1:60147 - R:localhost/127.0.0.1:49946]' for 'POST' to 'http://localhost:49946/session/30979f63e2dfd15123408fb0b0a07536/element/9e38d40a-0f78-4890-b455-9943e10a93b0/click'
16:06:45.158 [Forwarding clickElement on session 30979f63e2dfd15123408fb0b0a07536 to remote] DEBUG org.asynchttpclient.netty.request.NettyRequestSender - Using open Channel [id: 0x2ce28fc1, L:/127.0.0.1:60147 - R:localhost/127.0.0.1:49946] for POST '/session/30979f63e2dfd15123408fb0b0a07536/element/9e38d40a-0f78-4890-b455-9943e10a93b0/click'
16:06:45.353 [AsyncHttpClient-1-5] DEBUG org.asynchttpclient.netty.handler.HttpHandler - 

Request DefaultHttpRequest(decodeResult: success, version: HTTP/1.1)
POST /session/30979f63e2dfd15123408fb0b0a07536/element/9e38d40a-0f78-4890-b455-9943e10a93b0/click HTTP/1.1
User-Agent: selenium/4.1.2 (java windows)
Content-Length: 50
Content-Type: application/json; charset=utf-8
host: localhost:49946
accept: */*

Response DefaultHttpResponse(decodeResult: success, version: HTTP/1.1)
HTTP/1.1 200 OK
Content-Type: application/json; charset=utf-8
cache-control: no-cache
content-length: 14

16:06:45.353 [AsyncHttpClient-1-5] DEBUG org.asynchttpclient.netty.channel.ChannelManager - Adding key: http://localhost:49946 for channel [id: 0x2ce28fc1, L:/127.0.0.1:60147 - R:localhost/127.0.0.1:49946]
16:06:45.370 [Forwarding screenshot on session 30979f63e2dfd15123408fb0b0a07536 to remote] DEBUG org.asynchttpclient.netty.request.NettyRequestSender - Using pooled Channel '[id: 0x2ce28fc1, L:/127.0.0.1:60147 - R:localhost/127.0.0.1:49946]' for 'GET' to 'http://localhost:49946/session/30979f63e2dfd15123408fb0b0a07536/screenshot'
16:06:45.371 [Forwarding screenshot on session 30979f63e2dfd15123408fb0b0a07536 to remote] DEBUG org.asynchttpclient.netty.request.NettyRequestSender - Using open Channel [id: 0x2ce28fc1, L:/127.0.0.1:60147 - R:localhost/127.0.0.1:49946] for GET '/session/30979f63e2dfd15123408fb0b0a07536/screenshot'
16:06:45.662 [AsyncHttpClient-1-1] DEBUG org.asynchttpclient.netty.channel.DefaultChannelPool - Entry count for : http://localhost:60148 : 1
16:06:46.122 [AsyncHttpClient-1-5] DEBUG org.asynchttpclient.netty.handler.HttpHandler - 

Request DefaultFullHttpRequest(decodeResult: success, version: HTTP/1.1, content: EmptyByteBufBE)
GET /session/30979f63e2dfd15123408fb0b0a07536/screenshot HTTP/1.1
User-Agent: selenium/4.1.2 (java windows)
Cache-Control: no-cache
Content-Type: application/json; charset=utf-8
host: localhost:49946
accept: */*

Response DefaultHttpResponse(decodeResult: success, version: HTTP/1.1)
HTTP/1.1 200 OK
Content-Type: application/json; charset=utf-8
cache-control: no-cache
content-length: 95356

16:06:46.124 [AsyncHttpClient-1-5] DEBUG org.asynchttpclient.netty.channel.ChannelManager - Adding key: http://localhost:49946 for channel [id: 0x2ce28fc1, L:/127.0.0.1:60147 - R:localhost/127.0.0.1:49946]
16:06:46.134 [main] DEBUG net.serenitybdd.core.photography.Darkroom - Send negative for processing for target\site\serenity\9fa52580dfb3c67feb76507394818c458f31b6c25fd1c31197e8402b1b0be48d.png
16:06:46.135 [main] DEBUG net.thucydides.core.steps.StepInterceptor - STEP DONE: clickIconForLogout
  &amp#27;[32mWhen &amp#27;[0m&amp#27;[32mI click menu button&amp#27;[0m       &amp#27;[90m# starter.stepdefinitions.LogoutSteps.iClickMenuButton()&amp#27;[0m
16:06:46.167 [Darkroom Processing Line] DEBUG net.serenitybdd.core.photography.DarkroomProcessingLine - Processing screenshot image in /var/screenshots/screenshot-7806605413474254611
16:06:46.168 [Darkroom Processing Line] DEBUG net.serenitybdd.core.photography.DarkroomProcessingLine - Saving screenshot to target\site\serenity\9fa52580dfb3c67feb76507394818c458f31b6c25fd1c31197e8402b1b0be48d.png
16:06:47.000 [AsyncHttpClient-1-1] DEBUG org.asynchttpclient.netty.channel.DefaultChannelPool - Entry count for : http://localhost:49946 : 1
16:06:47.000 [AsyncHttpClient-1-1] DEBUG org.asynchttpclient.netty.channel.DefaultChannelPool - Entry count for : http://localhost:60148 : 1
16:06:47.108 [Forwarding screenshot on session 30979f63e2dfd15123408fb0b0a07536 to remote] DEBUG org.asynchttpclient.netty.request.NettyRequestSender - Using pooled Channel '[id: 0x2ce28fc1, L:/127.0.0.1:60147 - R:localhost/127.0.0.1:49946]' for 'GET' to 'http://localhost:49946/session/30979f63e2dfd15123408fb0b0a07536/screenshot'
16:06:47.108 [Forwarding screenshot on session 30979f63e2dfd15123408fb0b0a07536 to remote] DEBUG org.asynchttpclient.netty.request.NettyRequestSender - Using open Channel [id: 0x2ce28fc1, L:/127.0.0.1:60147 - R:localhost/127.0.0.1:49946] for GET '/session/30979f63e2dfd15123408fb0b0a07536/screenshot'
16:06:47.397 [AsyncHttpClient-1-5] DEBUG org.asynchttpclient.netty.handler.HttpHandler - 

Request DefaultFullHttpRequest(decodeResult: success, version: HTTP/1.1, content: EmptyByteBufBE)
GET /session/30979f63e2dfd15123408fb0b0a07536/screenshot HTTP/1.1
User-Agent: selenium/4.1.2 (java windows)
Cache-Control: no-cache
Content-Type: application/json; charset=utf-8
host: localhost:49946
accept: */*

Response DefaultHttpResponse(decodeResult: success, version: HTTP/1.1)
HTTP/1.1 200 OK
Content-Type: application/json; charset=utf-8
cache-control: no-cache
content-length: 95336

16:06:47.400 [AsyncHttpClient-1-5] DEBUG org.asynchttpclient.netty.channel.ChannelManager - Adding key: http://localhost:49946 for channel [id: 0x2ce28fc1, L:/127.0.0.1:60147 - R:localhost/127.0.0.1:49946]
16:06:47.414 [main] DEBUG net.serenitybdd.core.photography.Darkroom - Send negative for processing for target\site\serenity\6b03833f89cf499ae68684a918f370545c16546e489bb9e7aab162048817446b.png
16:06:47.415 [main] DEBUG net.thucydides.core.steps.StepInterceptor - STARTING STEP: LogoutSteps.iClickLogoutButton - clickLogoutButton
16:06:47.421 [Forwarding findElement on session 30979f63e2dfd15123408fb0b0a07536 to remote] DEBUG org.asynchttpclient.netty.request.NettyRequestSender - Using pooled Channel '[id: 0x2ce28fc1, L:/127.0.0.1:60147 - R:localhost/127.0.0.1:49946]' for 'POST' to 'http://localhost:49946/session/30979f63e2dfd15123408fb0b0a07536/element'
16:06:47.421 [Forwarding findElement on session 30979f63e2dfd15123408fb0b0a07536 to remote] DEBUG org.asynchttpclient.netty.request.NettyRequestSender - Using open Channel [id: 0x2ce28fc1, L:/127.0.0.1:60147 - R:localhost/127.0.0.1:49946] for POST '/session/30979f63e2dfd15123408fb0b0a07536/element'
16:06:47.424 [Darkroom Processing Line] DEBUG net.serenitybdd.core.photography.DarkroomProcessingLine - Processing screenshot image in /var/screenshots/screenshot-3045503898918632892
16:06:47.424 [Darkroom Processing Line] DEBUG net.serenitybdd.core.photography.DarkroomProcessingLine - Saving screenshot to target\site\serenity\6b03833f89cf499ae68684a918f370545c16546e489bb9e7aab162048817446b.png
16:06:47.460 [AsyncHttpClient-1-5] DEBUG org.asynchttpclient.netty.handler.HttpHandler - 

Request DefaultHttpRequest(decodeResult: success, version: HTTP/1.1)
POST /session/30979f63e2dfd15123408fb0b0a07536/element HTTP/1.1
User-Agent: selenium/4.1.2 (java windows)
Content-Length: 70
Content-Type: application/json; charset=utf-8
host: localhost:49946
accept: */*

Response DefaultHttpResponse(decodeResult: success, version: HTTP/1.1)
HTTP/1.1 200 OK
Content-Type: application/json; charset=utf-8
cache-control: no-cache
content-length: 88

16:06:47.460 [AsyncHttpClient-1-5] DEBUG org.asynchttpclient.netty.channel.ChannelManager - Adding key: http://localhost:49946 for channel [id: 0x2ce28fc1, L:/127.0.0.1:60147 - R:localhost/127.0.0.1:49946]
16:06:47.465 [Forwarding getElementTagName on session 30979f63e2dfd15123408fb0b0a07536 to remote] DEBUG org.asynchttpclient.netty.request.NettyRequestSender - Using pooled Channel '[id: 0x2ce28fc1, L:/127.0.0.1:60147 - R:localhost/127.0.0.1:49946]' for 'GET' to 'http://localhost:49946/session/30979f63e2dfd15123408fb0b0a07536/element/7ba1a174-8303-4d82-bb03-af3a71ad1e95/name'
16:06:47.465 [Forwarding getElementTagName on session 30979f63e2dfd15123408fb0b0a07536 to remote] DEBUG org.asynchttpclient.netty.request.NettyRequestSender - Using open Channel [id: 0x2ce28fc1, L:/127.0.0.1:60147 - R:localhost/127.0.0.1:49946] for GET '/session/30979f63e2dfd15123408fb0b0a07536/element/7ba1a174-8303-4d82-bb03-af3a71ad1e95/name'
16:06:47.488 [AsyncHttpClient-1-5] DEBUG org.asynchttpclient.netty.handler.HttpHandler - 

Request DefaultFullHttpRequest(decodeResult: success, version: HTTP/1.1, content: EmptyByteBufBE)
GET /session/30979f63e2dfd15123408fb0b0a07536/element/7ba1a174-8303-4d82-bb03-af3a71ad1e95/name HTTP/1.1
User-Agent: selenium/4.1.2 (java windows)
Cache-Control: no-cache
Content-Type: application/json; charset=utf-8
host: localhost:49946
accept: */*

Response DefaultHttpResponse(decodeResult: success, version: HTTP/1.1)
HTTP/1.1 200 OK
Content-Type: application/json; charset=utf-8
cache-control: no-cache
content-length: 15

16:06:47.489 [AsyncHttpClient-1-5] DEBUG org.asynchttpclient.netty.channel.ChannelManager - Adding key: http://localhost:49946 for channel [id: 0x2ce28fc1, L:/127.0.0.1:60147 - R:localhost/127.0.0.1:49946]
16:06:47.491 [Forwarding getElementTagName on session 30979f63e2dfd15123408fb0b0a07536 to remote] DEBUG org.asynchttpclient.netty.request.NettyRequestSender - Using pooled Channel '[id: 0x2ce28fc1, L:/127.0.0.1:60147 - R:localhost/127.0.0.1:49946]' for 'GET' to 'http://localhost:49946/session/30979f63e2dfd15123408fb0b0a07536/element/7ba1a174-8303-4d82-bb03-af3a71ad1e95/name'
16:06:47.491 [Forwarding getElementTagName on session 30979f63e2dfd15123408fb0b0a07536 to remote] DEBUG org.asynchttpclient.netty.request.NettyRequestSender - Using open Channel [id: 0x2ce28fc1, L:/127.0.0.1:60147 - R:localhost/127.0.0.1:49946] for GET '/session/30979f63e2dfd15123408fb0b0a07536/element/7ba1a174-8303-4d82-bb03-af3a71ad1e95/name'
16:06:47.509 [AsyncHttpClient-1-5] DEBUG org.asynchttpclient.netty.handler.HttpHandler - 

Request DefaultFullHttpRequest(decodeResult: success, version: HTTP/1.1, content: EmptyByteBufBE)
GET /session/30979f63e2dfd15123408fb0b0a07536/element/7ba1a174-8303-4d82-bb03-af3a71ad1e95/name HTTP/1.1
User-Agent: selenium/4.1.2 (java windows)
Cache-Control: no-cache
Content-Type: application/json; charset=utf-8
host: localhost:49946
accept: */*

Response DefaultHttpResponse(decodeResult: success, version: HTTP/1.1)
HTTP/1.1 200 OK
Content-Type: application/json; charset=utf-8
cache-control: no-cache
content-length: 15

16:06:47.509 [AsyncHttpClient-1-5] DEBUG org.asynchttpclient.netty.channel.ChannelManager - Adding key: http://localhost:49946 for channel [id: 0x2ce28fc1, L:/127.0.0.1:60147 - R:localhost/127.0.0.1:49946]
16:06:47.516 [Forwarding findElement on session 30979f63e2dfd15123408fb0b0a07536 to remote] DEBUG org.asynchttpclient.netty.request.NettyRequestSender - Using pooled Channel '[id: 0x2ce28fc1, L:/127.0.0.1:60147 - R:localhost/127.0.0.1:49946]' for 'POST' to 'http://localhost:49946/session/30979f63e2dfd15123408fb0b0a07536/element'
16:06:47.516 [Forwarding findElement on session 30979f63e2dfd15123408fb0b0a07536 to remote] DEBUG org.asynchttpclient.netty.request.NettyRequestSender - Using open Channel [id: 0x2ce28fc1, L:/127.0.0.1:60147 - R:localhost/127.0.0.1:49946] for POST '/session/30979f63e2dfd15123408fb0b0a07536/element'
16:06:47.541 [AsyncHttpClient-1-5] DEBUG org.asynchttpclient.netty.handler.HttpHandler - 

Request DefaultHttpRequest(decodeResult: success, version: HTTP/1.1)
POST /session/30979f63e2dfd15123408fb0b0a07536/element HTTP/1.1
User-Agent: selenium/4.1.2 (java windows)
Content-Length: 70
Content-Type: application/json; charset=utf-8
host: localhost:49946
accept: */*

Response DefaultHttpResponse(decodeResult: success, version: HTTP/1.1)
HTTP/1.1 200 OK
Content-Type: application/json; charset=utf-8
cache-control: no-cache
content-length: 88

16:06:47.542 [AsyncHttpClient-1-5] DEBUG org.asynchttpclient.netty.channel.ChannelManager - Adding key: http://localhost:49946 for channel [id: 0x2ce28fc1, L:/127.0.0.1:60147 - R:localhost/127.0.0.1:49946]
16:06:47.546 [Forwarding clickElement on session 30979f63e2dfd15123408fb0b0a07536 to remote] DEBUG org.asynchttpclient.netty.request.NettyRequestSender - Using pooled Channel '[id: 0x2ce28fc1, L:/127.0.0.1:60147 - R:localhost/127.0.0.1:49946]' for 'POST' to 'http://localhost:49946/session/30979f63e2dfd15123408fb0b0a07536/element/7ba1a174-8303-4d82-bb03-af3a71ad1e95/click'
16:06:47.547 [Forwarding clickElement on session 30979f63e2dfd15123408fb0b0a07536 to remote] DEBUG org.asynchttpclient.netty.request.NettyRequestSender - Using open Channel [id: 0x2ce28fc1, L:/127.0.0.1:60147 - R:localhost/127.0.0.1:49946] for POST '/session/30979f63e2dfd15123408fb0b0a07536/element/7ba1a174-8303-4d82-bb03-af3a71ad1e95/click'
16:06:48.049 [AsyncHttpClient-1-1] DEBUG org.asynchttpclient.netty.channel.DefaultChannelPool - Entry count for : http://localhost:60148 : 1
16:06:48.213 [AsyncHttpClient-1-5] DEBUG org.asynchttpclient.netty.handler.HttpHandler - 

Request DefaultHttpRequest(decodeResult: success, version: HTTP/1.1)
POST /session/30979f63e2dfd15123408fb0b0a07536/element/7ba1a174-8303-4d82-bb03-af3a71ad1e95/click HTTP/1.1
User-Agent: selenium/4.1.2 (java windows)
Content-Length: 50
Content-Type: application/json; charset=utf-8
host: localhost:49946
accept: */*

Response DefaultHttpResponse(decodeResult: success, version: HTTP/1.1)
HTTP/1.1 200 OK
Content-Type: application/json; charset=utf-8
cache-control: no-cache
content-length: 14

16:06:48.213 [AsyncHttpClient-1-5] DEBUG org.asynchttpclient.netty.channel.ChannelManager - Adding key: http://localhost:49946 for channel [id: 0x2ce28fc1, L:/127.0.0.1:60147 - R:localhost/127.0.0.1:49946]
16:06:48.229 [Forwarding screenshot on session 30979f63e2dfd15123408fb0b0a07536 to remote] DEBUG org.asynchttpclient.netty.request.NettyRequestSender - Using pooled Channel '[id: 0x2ce28fc1, L:/127.0.0.1:60147 - R:localhost/127.0.0.1:49946]' for 'GET' to 'http://localhost:49946/session/30979f63e2dfd15123408fb0b0a07536/screenshot'
16:06:48.229 [Forwarding screenshot on session 30979f63e2dfd15123408fb0b0a07536 to remote] DEBUG org.asynchttpclient.netty.request.NettyRequestSender - Using open Channel [id: 0x2ce28fc1, L:/127.0.0.1:60147 - R:localhost/127.0.0.1:49946] for GET '/session/30979f63e2dfd15123408fb0b0a07536/screenshot'
16:06:48.417 [AsyncHttpClient-1-5] DEBUG org.asynchttpclient.netty.handler.HttpHandler - 

Request DefaultFullHttpRequest(decodeResult: success, version: HTTP/1.1, content: EmptyByteBufBE)
GET /session/30979f63e2dfd15123408fb0b0a07536/screenshot HTTP/1.1
User-Agent: selenium/4.1.2 (java windows)
Cache-Control: no-cache
Content-Type: application/json; charset=utf-8
host: localhost:49946
accept: */*

Response DefaultHttpResponse(decodeResult: success, version: HTTP/1.1)
HTTP/1.1 200 OK
Content-Type: application/json; charset=utf-8
cache-control: no-cache
content-length: 25384

16:06:48.418 [AsyncHttpClient-1-5] DEBUG org.asynchttpclient.netty.channel.ChannelManager - Adding key: http://localhost:49946 for channel [id: 0x2ce28fc1, L:/127.0.0.1:60147 - R:localhost/127.0.0.1:49946]
16:06:48.421 [main] DEBUG net.serenitybdd.core.photography.Darkroom - Send negative for processing for target\site\serenity\49a3ec3fe6e588bb357024d38ea075b8250cb5f32bd132770e4d40bc98d606c0.png
16:06:48.422 [main] DEBUG net.thucydides.core.steps.StepInterceptor - STEP DONE: clickLogoutButton
  &amp#27;[32mAnd &amp#27;[0m&amp#27;[32mI click logout button&amp#27;[0m      &amp#27;[90m# starter.stepdefinitions.LogoutSteps.iClickLogoutButton()&amp#27;[0m
16:06:48.424 [Darkroom Processing Line] DEBUG net.serenitybdd.core.photography.DarkroomProcessingLine - Processing screenshot image in /var/screenshots/screenshot-18013093728327666977
16:06:48.424 [Darkroom Processing Line] DEBUG net.serenitybdd.core.photography.DarkroomProcessingLine - Saving screenshot to target\site\serenity\49a3ec3fe6e588bb357024d38ea075b8250cb5f32bd132770e4d40bc98d606c0.png
16:06:48.457 [main] DEBUG net.thucydides.core.steps.StepInterceptor - STARTING STEP: LogoutSteps.iDirectedToLoginPage - loginButtonIsDisplayed
16:06:48.462 [Forwarding findElement on session 30979f63e2dfd15123408fb0b0a07536 to remote] DEBUG org.asynchttpclient.netty.request.NettyRequestSender - Using pooled Channel '[id: 0x2ce28fc1, L:/127.0.0.1:60147 - R:localhost/127.0.0.1:49946]' for 'POST' to 'http://localhost:49946/session/30979f63e2dfd15123408fb0b0a07536/element'
16:06:48.462 [Forwarding findElement on session 30979f63e2dfd15123408fb0b0a07536 to remote] DEBUG org.asynchttpclient.netty.request.NettyRequestSender - Using open Channel [id: 0x2ce28fc1, L:/127.0.0.1:60147 - R:localhost/127.0.0.1:49946] for POST '/session/30979f63e2dfd15123408fb0b0a07536/element'
16:06:48.480 [AsyncHttpClient-1-5] DEBUG org.asynchttpclient.netty.handler.HttpHandler - 

Request DefaultHttpRequest(decodeResult: success, version: HTTP/1.1)
POST /session/30979f63e2dfd15123408fb0b0a07536/element HTTP/1.1
User-Agent: selenium/4.1.2 (java windows)
Content-Length: 136
Content-Type: application/json; charset=utf-8
host: localhost:49946
accept: */*

Response DefaultHttpResponse(decodeResult: success, version: HTTP/1.1)
HTTP/1.1 200 OK
Content-Type: application/json; charset=utf-8
cache-control: no-cache
content-length: 88

16:06:48.480 [AsyncHttpClient-1-5] DEBUG org.asynchttpclient.netty.channel.ChannelManager - Adding key: http://localhost:49946 for channel [id: 0x2ce28fc1, L:/127.0.0.1:60147 - R:localhost/127.0.0.1:49946]
16:06:48.486 [Forwarding isElementDisplayed on session 30979f63e2dfd15123408fb0b0a07536 to remote] DEBUG org.asynchttpclient.netty.request.NettyRequestSender - Using pooled Channel '[id: 0x2ce28fc1, L:/127.0.0.1:60147 - R:localhost/127.0.0.1:49946]' for 'POST' to 'http://localhost:49946/session/30979f63e2dfd15123408fb0b0a07536/execute/sync'
16:06:48.486 [Forwarding isElementDisplayed on session 30979f63e2dfd15123408fb0b0a07536 to remote] DEBUG org.asynchttpclient.netty.request.NettyRequestSender - Using open Channel [id: 0x2ce28fc1, L:/127.0.0.1:60147 - R:localhost/127.0.0.1:49946] for POST '/session/30979f63e2dfd15123408fb0b0a07536/execute/sync'
16:06:48.520 [AsyncHttpClient-1-5] DEBUG org.asynchttpclient.netty.handler.HttpHandler - 

Request DefaultHttpRequest(decodeResult: success, version: HTTP/1.1)
POST /session/30979f63e2dfd15123408fb0b0a07536/execute/sync HTTP/1.1
User-Agent: selenium/4.1.2 (java windows)
Content-Length: 48780
Content-Type: application/json; charset=utf-8
host: localhost:49946
accept: */*

Response DefaultHttpResponse(decodeResult: success, version: HTTP/1.1)
HTTP/1.1 200 OK
Content-Type: application/json; charset=utf-8
cache-control: no-cache
content-length: 14

16:06:48.520 [AsyncHttpClient-1-5] DEBUG org.asynchttpclient.netty.channel.ChannelManager - Adding key: http://localhost:49946 for channel [id: 0x2ce28fc1, L:/127.0.0.1:60147 - R:localhost/127.0.0.1:49946]
16:06:48.531 [Forwarding screenshot on session 30979f63e2dfd15123408fb0b0a07536 to remote] DEBUG org.asynchttpclient.netty.request.NettyRequestSender - Using pooled Channel '[id: 0x2ce28fc1, L:/127.0.0.1:60147 - R:localhost/127.0.0.1:49946]' for 'GET' to 'http://localhost:49946/session/30979f63e2dfd15123408fb0b0a07536/screenshot'
16:06:48.531 [Forwarding screenshot on session 30979f63e2dfd15123408fb0b0a07536 to remote] DEBUG org.asynchttpclient.netty.request.NettyRequestSender - Using open Channel [id: 0x2ce28fc1, L:/127.0.0.1:60147 - R:localhost/127.0.0.1:49946] for GET '/session/30979f63e2dfd15123408fb0b0a07536/screenshot'
16:06:48.735 [AsyncHttpClient-1-5] DEBUG org.asynchttpclient.netty.handler.HttpHandler - 

Request DefaultFullHttpRequest(decodeResult: success, version: HTTP/1.1, content: EmptyByteBufBE)
GET /session/30979f63e2dfd15123408fb0b0a07536/screenshot HTTP/1.1
User-Agent: selenium/4.1.2 (java windows)
Cache-Control: no-cache
Content-Type: application/json; charset=utf-8
host: localhost:49946
accept: */*

Response DefaultHttpResponse(decodeResult: success, version: HTTP/1.1)
HTTP/1.1 200 OK
Content-Type: application/json; charset=utf-8
cache-control: no-cache
content-length: 25384

16:06:48.736 [AsyncHttpClient-1-5] DEBUG org.asynchttpclient.netty.channel.ChannelManager - Adding key: http://localhost:49946 for channel [id: 0x2ce28fc1, L:/127.0.0.1:60147 - R:localhost/127.0.0.1:49946]
16:06:48.740 [main] DEBUG net.serenitybdd.core.photography.Darkroom - Send negative for processing for target\site\serenity\49a3ec3fe6e588bb357024d38ea075b8250cb5f32bd132770e4d40bc98d606c0.png
16:06:48.740 [main] DEBUG net.thucydides.core.steps.StepInterceptor - STEP DONE: loginButtonIsDisplayed
  &amp#27;[32mThen &amp#27;[0m&amp#27;[32mI directed to login page&amp#27;[0m  &amp#27;[90m# starter.stepdefinitions.LogoutSteps.iDirectedToLoginPage()&amp#27;[0m
16:06:48.754 [main] INFO  - 
  _____   ___   ___   _____     ___     _     ___   ___   ___   ___  
 |_   _| | __| / __| |_   _|   | _ \   /_\   / __| / __| | __| |   \ 
   | |   | _|  \__ \   | |     |  _/  / _ \  \__ \ \__ \ | _|  | |) |
   |_|   |___| |___/   |_|     |_|   /_/ \_\ |___/ |___/ |___| |___/ 

Logout from my account
----------------------------------------------------------------------
16:06:48.757 [AsyncHttpClient-1-3] DEBUG org.asynchttpclient.netty.handler.WebSocketHandler - Channel Closed: [id: 0xec7b9e8c, L:/127.0.0.1:60155 ! R:localhost/127.0.0.1:60148] with attribute NettyResponseFuture{currentRetry=5,
	isDone=1,
	isCancelled=0,
	asyncHandler=org.asynchttpclient.ws.WebSocketUpgradeHandler@3d69b725,
	nettyRequest=org.asynchttpclient.netty.request.NettyRequest@6aa35f44,
	future=java.util.concurrent.CompletableFuture@4bfc6e45[Completed normally],
	uri=ws://localhost:60148/devtools/browser/1cc41238-3bb4-4ec4-aa8f-5871692c0a9a,
	keepAlive=true,
	redirectCount=0,
	timeoutsHolder=null,
	inAuth=0,
	touch=1652778378469}
16:06:48.758 [AsyncHttpClient-1-3] DEBUG org.asynchttpclient.netty.channel.ChannelManager - Closing Channel [id: 0xec7b9e8c, L:/127.0.0.1:60155 ! R:localhost/127.0.0.1:60148] 
16:06:48.759 [Driver Command Executor] DEBUG org.asynchttpclient.netty.request.NettyRequestSender - Using pooled Channel '[id: 0x2ce28fc1, L:/127.0.0.1:60147 - R:localhost/127.0.0.1:49946]' for 'DELETE' to 'http://localhost:49946/session/30979f63e2dfd15123408fb0b0a07536'
16:06:48.760 [Driver Command Executor] DEBUG org.asynchttpclient.netty.request.NettyRequestSender - Using open Channel [id: 0x2ce28fc1, L:/127.0.0.1:60147 - R:localhost/127.0.0.1:49946] for DELETE '/session/30979f63e2dfd15123408fb0b0a07536'
16:06:49.136 [AsyncHttpClient-1-1] DEBUG org.asynchttpclient.netty.channel.DefaultChannelPool - Entry count for : http://localhost:60148 : 1
16:06:49.142 [AsyncHttpClient-1-2] DEBUG org.asynchttpclient.netty.handler.HttpHandler - Unexpected I/O exception on channel [id: 0x66d00510, L:/127.0.0.1:60154 - R:localhost/127.0.0.1:60148]
java.net.SocketException: Connection reset
	at java.base/sun.nio.ch.SocketChannelImpl.throwConnectionReset(SocketChannelImpl.java:367)
	at java.base/sun.nio.ch.SocketChannelImpl.read(SocketChannelImpl.java:398)
	at io.netty.buffer.PooledByteBuf.setBytes(PooledByteBuf.java:258)
	at io.netty.buffer.AbstractByteBuf.writeBytes(AbstractByteBuf.java:1132)
	at io.netty.channel.socket.nio.NioSocketChannel.doReadBytes(NioSocketChannel.java:350)
	at io.netty.channel.nio.AbstractNioByteChannel$NioByteUnsafe.read(AbstractNioByteChannel.java:151)
	at io.netty.channel.nio.NioEventLoop.processSelectedKey(NioEventLoop.java:722)
	at io.netty.channel.nio.NioEventLoop.processSelectedKeysOptimized(NioEventLoop.java:658)
	at io.netty.channel.nio.NioEventLoop.processSelectedKeys(NioEventLoop.java:584)
	at io.netty.channel.nio.NioEventLoop.run(NioEventLoop.java:496)
	at io.netty.util.concurrent.SingleThreadEventExecutor$4.run(SingleThreadEventExecutor.java:986)
	at io.netty.util.internal.ThreadExecutorMap$2.run(ThreadExecutorMap.java:74)
	at io.netty.util.concurrent.FastThreadLocalRunnable.run(FastThreadLocalRunnable.java:30)
	at java.base/java.lang.Thread.run(Thread.java:832)
16:06:49.142 [AsyncHttpClient-1-2] DEBUG org.asynchttpclient.netty.channel.ChannelManager - Closing Channel [id: 0x66d00510, L:/127.0.0.1:60154 - R:localhost/127.0.0.1:60148] 
16:06:49.143 [AsyncHttpClient-1-2] DEBUG org.asynchttpclient.netty.handler.HttpHandler - Channel Closed: [id: 0x66d00510, L:/127.0.0.1:60154 ! R:localhost/127.0.0.1:60148] with attribute DISCARD
16:06:49.180 [AsyncHttpClient-1-5] DEBUG org.asynchttpclient.netty.handler.HttpHandler - 

Request DefaultFullHttpRequest(decodeResult: success, version: HTTP/1.1, content: EmptyByteBufBE)
DELETE /session/30979f63e2dfd15123408fb0b0a07536 HTTP/1.1
User-Agent: selenium/4.1.2 (java windows)
Content-Type: application/json; charset=utf-8
host: localhost:49946
accept: */*

Response DefaultHttpResponse(decodeResult: success, version: HTTP/1.1)
HTTP/1.1 200 OK
Content-Type: application/json; charset=utf-8
cache-control: no-cache
content-length: 14

16:06:49.180 [AsyncHttpClient-1-5] DEBUG org.asynchttpclient.netty.channel.ChannelManager - Adding key: http://localhost:49946 for channel [id: 0x2ce28fc1, L:/127.0.0.1:60147 - R:localhost/127.0.0.1:49946]
16:06:49.716 [AsyncHttpClient-1-5] DEBUG org.asynchttpclient.netty.handler.HttpHandler - Channel Closed: [id: 0x2ce28fc1, L:/127.0.0.1:60147 ! R:localhost/127.0.0.1:49946] with attribute DISCARD
]]></system-out>
    <system-err><![CDATA[Starting ChromeDriver 100.0.4896.60 (6a5d10861ce8de5fce22564658033b43cb7de047-refs/branch-heads/4896@{#875}) on port 49946
Only local connections are allowed.
Please see https://chromedriver.chromium.org/security-considerations for suggestions on keeping ChromeDriver safe.
ChromeDriver was started successfully.
[1652778377.799][WARNING]: This version of ChromeDriver has not been tested with Chrome version 101.
May 17, 2022 4:06:18 PM org.openqa.selenium.remote.ProtocolHandshake createSession
INFO: Detected dialect: W3C
May 17, 2022 4:06:18 PM org.openqa.selenium.devtools.CdpVersionFinder findNearestMatch
WARNING: Unable to find an exact match for CDP version 101, so returning the closest version found: 97
May 17, 2022 4:06:18 PM org.openqa.selenium.devtools.CdpVersionFinder findNearestMatch
INFO: Found CDP implementation for version 101 of 97
[1652778393.771][SEVERE]: Timed out receiving message from renderer: 10.000
[1652778393.771][WARNING]: screenshot failed, retrying timeout: Timed out receiving message from renderer: 10.000
[1652778403.858][SEVERE]: Timed out receiving message from renderer: 10.000
]]></system-err>
  </testcase>
  <testcase name="I add quantity of an item" classname="Change item&apos;s quantity on my shopping cart" time="31.352">
    <system-out><![CDATA[16:06:50.236 [main] INFO io.cucumber.core.plugin.SerenityReporter - Running feature from file:///C:/Users/ponda/Documents/Final_Project/Final_Web/src/test/resources/features/Order.feature
16:06:50.239 [AsyncHttpClient-1-1] DEBUG org.asynchttpclient.netty.channel.DefaultChannelPool - Entry count for : http://localhost:49946 : 1
16:06:50.239 [AsyncHttpClient-1-1] DEBUG org.asynchttpclient.netty.channel.DefaultChannelPool - Entry count for : http://localhost:60148 : 1
16:06:50.239 [AsyncHttpClient-1-1] DEBUG org.asynchttpclient.netty.channel.DefaultChannelPool - Adding Candidate expired Channel [id: 0x2ce28fc1, L:/127.0.0.1:60147 ! R:localhost/127.0.0.1:49946] isIdleTimeoutExpired=false isRemotelyClosed=true isTtlExpired=false
16:06:50.239 [AsyncHttpClient-1-1] DEBUG org.asynchttpclient.netty.channel.DefaultChannelPool - Closing Idle Channel [id: 0x2ce28fc1, L:/127.0.0.1:60147 ! R:localhost/127.0.0.1:49946]
16:06:50.239 [AsyncHttpClient-1-1] DEBUG org.asynchttpclient.netty.channel.DefaultChannelPool - Adding Candidate expired Channel [id: 0x66d00510, L:/127.0.0.1:60154 ! R:localhost/127.0.0.1:60148] isIdleTimeoutExpired=false isRemotelyClosed=true isTtlExpired=false
16:06:50.239 [AsyncHttpClient-1-1] DEBUG org.asynchttpclient.netty.channel.DefaultChannelPool - Closing Idle Channel [id: 0x66d00510, L:/127.0.0.1:60154 ! R:localhost/127.0.0.1:60148]
16:06:50.239 [AsyncHttpClient-1-1] DEBUG org.asynchttpclient.netty.channel.DefaultChannelPool - Closed 2 connections out of 2 in 0 ms
16:06:50.243 [main] DEBUG net.thucydides.core.steps.StepEventBus - Test suite started for story net.thucydides.core.model.Story@ee9e23af
16:06:50.244 [main] INFO  - Test Suite Started: Change item's quantity on my shopping cart

Scenario: I add quantity of an item                     &amp#27;[90m# src/test/resources/features/Order.feature:7&amp#27;[0m
16:06:50.269 [main] INFO io.cucumber.core.plugin.SerenityReporter - Running feature from file:///C:/Users/ponda/Documents/Final_Project/Final_Web/src/test/resources/features/Order.feature
16:06:50.276 [main] INFO  - 
  _____   ___   ___   _____     ___   _____     _     ___   _____   ___   ___  
 |_   _| | __| / __| |_   _|   / __| |_   _|   /_\   | _ \ |_   _| | __| |   \ 
   | |   | _|  \__ \   | |     \__ \   | |    / _ \  |   /   | |   | _|  | |) |
   |_|   |___| |___/   |_|     |___/   |_|   /_/ \_\ |_|_\   |_|   |___| |___/ 

I add quantity of an item(change-item-s-quantity-on-my-shopping-cart;i-add-quantity-of-an-item)
--------------------------------------------------------------------------------
16:06:51.087 [main] DEBUG net.thucydides.core.steps.StepInterceptor - STARTING STEP: OrderSteps.onProductPageForOrder - openUrl
16:06:51.118 [main] INFO net.serenitybdd.core.webdriver.driverproviders.ChromeDriverProvider - Using automatically driver download
16:06:51.449 [main] DEBUG io.github.bonigarcia.wdm.cache.ResolutionCache - Resolution chrome=101 in cache (valid until 17:04:06 17/05/2022 WIB)
16:06:51.463 [main] DEBUG io.github.bonigarcia.wdm.cache.ResolutionCache - Resolution chrome101=101.0.4951.41 in cache (valid until 16:04:06 18/05/2022 WIB)
16:06:51.468 [main] INFO io.github.bonigarcia.wdm.WebDriverManager - Using chromedriver 101.0.4951.41 (resolved driver for Chrome 101)
16:06:51.493 [main] DEBUG io.github.bonigarcia.wdm.WebDriverManager - Driver chromedriver 101.0.4951.41 found in cache
16:06:51.495 [main] INFO io.github.bonigarcia.wdm.WebDriverManager - Exporting webdriver.chrome.driver as C:\Users\ponda\.cache\selenium\chromedriver\win32\101.0.4951.41\chromedriver.exe
16:06:51.702 [main] DEBUG net.serenitybdd.core.webdriver.driverproviders.ProvideNewDriver - Instantiating driver
16:06:51.702 [main] DEBUG net.serenitybdd.core.webdriver.driverproviders.ProvideNewDriver - Driver capabilities: Capabilities {acceptInsecureCerts: false, base.url: https://qa.alta.id, browserName: chrome, chrome.driver: src/test/resources/webdrive..., driver: chrome, goog:chromeOptions: {args: [], extensions: []}}
16:06:52.257 [AsyncHttpClient-1-4] DEBUG org.asynchttpclient.netty.channel.NettyConnectListener - Using new Channel '[id: 0x4c7f516b, L:/127.0.0.1:60182 - R:localhost/127.0.0.1:63813]' for 'POST' to '/session'
16:06:55.219 [AsyncHttpClient-1-4] DEBUG org.asynchttpclient.netty.handler.HttpHandler - 

Request DefaultHttpRequest(decodeResult: success, version: HTTP/1.1)
POST /session HTTP/1.1
User-Agent: selenium/4.1.2 (java windows)
Content-Length: 599
Content-Type: application/json; charset=utf-8
host: localhost:63813
accept: */*

Response DefaultHttpResponse(decodeResult: success, version: HTTP/1.1)
HTTP/1.1 200 OK
Content-Type: application/json; charset=utf-8
cache-control: no-cache
content-length: 790

16:06:55.219 [AsyncHttpClient-1-4] DEBUG org.asynchttpclient.netty.channel.ChannelManager - Adding key: http://localhost:63813 for channel [id: 0x4c7f516b, L:/127.0.0.1:60182 - R:localhost/127.0.0.1:63813]
16:06:55.241 [AsyncHttpClient-1-5] DEBUG org.asynchttpclient.netty.channel.NettyConnectListener - Using new Channel '[id: 0xb6bf4415, L:/127.0.0.1:60189 - R:localhost/127.0.0.1:60183]' for 'GET' to '/json/version'
16:06:55.242 [AsyncHttpClient-1-5] DEBUG org.asynchttpclient.netty.handler.HttpHandler - 

Request DefaultFullHttpRequest(decodeResult: success, version: HTTP/1.1, content: EmptyByteBufBE)
GET /json/version HTTP/1.1
User-Agent: selenium/4.1.2 (java windows)
host: localhost:60183
accept: */*

Response DefaultHttpResponse(decodeResult: success, version: HTTP/1.1)
HTTP/1.1 200 OK
Content-Type: application/json; charset=UTF-8
content-length: 427

16:06:55.243 [AsyncHttpClient-1-5] DEBUG org.asynchttpclient.netty.channel.ChannelManager - Adding key: http://localhost:60183 for channel [id: 0xb6bf4415, L:/127.0.0.1:60189 - R:localhost/127.0.0.1:60183]
16:06:55.247 [AsyncHttpClient-1-2] DEBUG org.asynchttpclient.netty.channel.NettyConnectListener - Using new Channel '[id: 0x04a30c47, L:/127.0.0.1:60190 - R:localhost/127.0.0.1:60183]' for 'GET' to '/devtools/browser/e9cb4e64-0df5-48a1-911e-0e66c8984484'
16:06:55.249 [AsyncHttpClient-1-2] DEBUG org.asynchttpclient.netty.handler.WebSocketHandler - 

Request DefaultFullHttpRequest(decodeResult: success, version: HTTP/1.1, content: EmptyByteBufBE)
GET /devtools/browser/e9cb4e64-0df5-48a1-911e-0e66c8984484 HTTP/1.1
upgrade: websocket
connection: upgrade
sec-websocket-key: ZRmPlgEK+0ShZdfLOzaXuA==
sec-websocket-version: 13
origin: http://localhost:60183
host: localhost:60183
accept: */*
user-agent: AHC/2.1

Response DefaultHttpResponse(decodeResult: success, version: HTTP/1.1)
HTTP/1.1 101 WebSocket Protocol Handshake
Upgrade: WebSocket
Connection: Upgrade
Sec-WebSocket-Accept: 1++h0MvGVQFFUE5dAvXKPQIlGUw=

16:06:55.263 [Forwarding maximizeCurrentWindow on session ffaefc48fde3a68005e55322ec795304 to remote] DEBUG org.asynchttpclient.netty.request.NettyRequestSender - Using pooled Channel '[id: 0x4c7f516b, L:/127.0.0.1:60182 - R:localhost/127.0.0.1:63813]' for 'POST' to 'http://localhost:63813/session/ffaefc48fde3a68005e55322ec795304/window/maximize'
16:06:55.263 [Forwarding maximizeCurrentWindow on session ffaefc48fde3a68005e55322ec795304 to remote] DEBUG org.asynchttpclient.netty.request.NettyRequestSender - Using open Channel [id: 0x4c7f516b, L:/127.0.0.1:60182 - R:localhost/127.0.0.1:63813] for POST '/session/ffaefc48fde3a68005e55322ec795304/window/maximize'
16:06:55.791 [AsyncHttpClient-1-4] DEBUG org.asynchttpclient.netty.handler.HttpHandler - 

Request DefaultHttpRequest(decodeResult: success, version: HTTP/1.1)
POST /session/ffaefc48fde3a68005e55322ec795304/window/maximize HTTP/1.1
User-Agent: selenium/4.1.2 (java windows)
Content-Length: 3
Content-Type: application/json; charset=utf-8
host: localhost:63813
accept: */*

Response DefaultHttpResponse(decodeResult: success, version: HTTP/1.1)
HTTP/1.1 200 OK
Content-Type: application/json; charset=utf-8
cache-control: no-cache
content-length: 51

16:06:55.792 [AsyncHttpClient-1-4] DEBUG org.asynchttpclient.netty.channel.ChannelManager - Adding key: http://localhost:63813 for channel [id: 0x4c7f516b, L:/127.0.0.1:60182 - R:localhost/127.0.0.1:63813]
16:06:55.796 [Forwarding get on session ffaefc48fde3a68005e55322ec795304 to remote] DEBUG org.asynchttpclient.netty.request.NettyRequestSender - Using pooled Channel '[id: 0x4c7f516b, L:/127.0.0.1:60182 - R:localhost/127.0.0.1:63813]' for 'POST' to 'http://localhost:63813/session/ffaefc48fde3a68005e55322ec795304/url'
16:06:55.796 [Forwarding get on session ffaefc48fde3a68005e55322ec795304 to remote] DEBUG org.asynchttpclient.netty.request.NettyRequestSender - Using open Channel [id: 0x4c7f516b, L:/127.0.0.1:60182 - R:localhost/127.0.0.1:63813] for POST '/session/ffaefc48fde3a68005e55322ec795304/url'
16:06:56.239 [AsyncHttpClient-1-1] DEBUG org.asynchttpclient.netty.channel.DefaultChannelPool - Entry count for : http://localhost:60183 : 1
16:06:57.342 [AsyncHttpClient-1-1] DEBUG org.asynchttpclient.netty.channel.DefaultChannelPool - Entry count for : http://localhost:60183 : 1
16:06:57.687 [AsyncHttpClient-1-4] DEBUG org.asynchttpclient.netty.handler.HttpHandler - 

Request DefaultHttpRequest(decodeResult: success, version: HTTP/1.1)
POST /session/ffaefc48fde3a68005e55322ec795304/url HTTP/1.1
User-Agent: selenium/4.1.2 (java windows)
Content-Length: 64
Content-Type: application/json; charset=utf-8
host: localhost:63813
accept: */*

Response DefaultHttpResponse(decodeResult: success, version: HTTP/1.1)
HTTP/1.1 200 OK
Content-Type: application/json; charset=utf-8
cache-control: no-cache
content-length: 14

16:06:57.688 [AsyncHttpClient-1-4] DEBUG org.asynchttpclient.netty.channel.ChannelManager - Adding key: http://localhost:63813 for channel [id: 0x4c7f516b, L:/127.0.0.1:60182 - R:localhost/127.0.0.1:63813]
16:06:57.690 [Forwarding setTimeout on session ffaefc48fde3a68005e55322ec795304 to remote] DEBUG org.asynchttpclient.netty.request.NettyRequestSender - Using pooled Channel '[id: 0x4c7f516b, L:/127.0.0.1:60182 - R:localhost/127.0.0.1:63813]' for 'POST' to 'http://localhost:63813/session/ffaefc48fde3a68005e55322ec795304/timeouts'
16:06:57.691 [Forwarding setTimeout on session ffaefc48fde3a68005e55322ec795304 to remote] DEBUG org.asynchttpclient.netty.request.NettyRequestSender - Using open Channel [id: 0x4c7f516b, L:/127.0.0.1:60182 - R:localhost/127.0.0.1:63813] for POST '/session/ffaefc48fde3a68005e55322ec795304/timeouts'
16:06:57.692 [AsyncHttpClient-1-4] DEBUG org.asynchttpclient.netty.handler.HttpHandler - 

Request DefaultHttpRequest(decodeResult: success, version: HTTP/1.1)
POST /session/ffaefc48fde3a68005e55322ec795304/timeouts HTTP/1.1
User-Agent: selenium/4.1.2 (java windows)
Content-Length: 22
Content-Type: application/json; charset=utf-8
host: localhost:63813
accept: */*

Response DefaultHttpResponse(decodeResult: success, version: HTTP/1.1)
HTTP/1.1 200 OK
Content-Type: application/json; charset=utf-8
cache-control: no-cache
content-length: 14

16:06:57.693 [AsyncHttpClient-1-4] DEBUG org.asynchttpclient.netty.channel.ChannelManager - Adding key: http://localhost:63813 for channel [id: 0x4c7f516b, L:/127.0.0.1:60182 - R:localhost/127.0.0.1:63813]
16:06:57.714 [Forwarding getCurrentUrl on session ffaefc48fde3a68005e55322ec795304 to remote] DEBUG org.asynchttpclient.netty.request.NettyRequestSender - Using pooled Channel '[id: 0x4c7f516b, L:/127.0.0.1:60182 - R:localhost/127.0.0.1:63813]' for 'GET' to 'http://localhost:63813/session/ffaefc48fde3a68005e55322ec795304/url'
16:06:57.715 [Forwarding getCurrentUrl on session ffaefc48fde3a68005e55322ec795304 to remote] DEBUG org.asynchttpclient.netty.request.NettyRequestSender - Using open Channel [id: 0x4c7f516b, L:/127.0.0.1:60182 - R:localhost/127.0.0.1:63813] for GET '/session/ffaefc48fde3a68005e55322ec795304/url'
16:06:57.835 [AsyncHttpClient-1-4] DEBUG org.asynchttpclient.netty.handler.HttpHandler - 

Request DefaultFullHttpRequest(decodeResult: success, version: HTTP/1.1, content: EmptyByteBufBE)
GET /session/ffaefc48fde3a68005e55322ec795304/url HTTP/1.1
User-Agent: selenium/4.1.2 (java windows)
Cache-Control: no-cache
Content-Type: application/json; charset=utf-8
host: localhost:63813
accept: */*

Response DefaultHttpResponse(decodeResult: success, version: HTTP/1.1)
HTTP/1.1 200 OK
Content-Type: application/json; charset=utf-8
cache-control: no-cache
content-length: 41

16:06:57.836 [AsyncHttpClient-1-4] DEBUG org.asynchttpclient.netty.channel.ChannelManager - Adding key: http://localhost:63813 for channel [id: 0x4c7f516b, L:/127.0.0.1:60182 - R:localhost/127.0.0.1:63813]
16:06:57.855 [main] DEBUG net.serenitybdd.core.photography.Darkroom - Opening darkroom
16:06:57.856 [Forwarding screenshot on session ffaefc48fde3a68005e55322ec795304 to remote] DEBUG org.asynchttpclient.netty.request.NettyRequestSender - Using pooled Channel '[id: 0x4c7f516b, L:/127.0.0.1:60182 - R:localhost/127.0.0.1:63813]' for 'GET' to 'http://localhost:63813/session/ffaefc48fde3a68005e55322ec795304/screenshot'
16:06:57.862 [Forwarding screenshot on session ffaefc48fde3a68005e55322ec795304 to remote] DEBUG org.asynchttpclient.netty.request.NettyRequestSender - Using open Channel [id: 0x4c7f516b, L:/127.0.0.1:60182 - R:localhost/127.0.0.1:63813] for GET '/session/ffaefc48fde3a68005e55322ec795304/screenshot'
16:06:57.956 [Darkroom Processing Line] DEBUG net.serenitybdd.core.photography.DarkroomProcessingLine - Darkroom processing line starting up
16:06:58.443 [AsyncHttpClient-1-1] DEBUG org.asynchttpclient.netty.channel.DefaultChannelPool - Entry count for : http://localhost:60183 : 1
16:06:58.469 [AsyncHttpClient-1-4] DEBUG org.asynchttpclient.netty.handler.HttpHandler - 

Request DefaultFullHttpRequest(decodeResult: success, version: HTTP/1.1, content: EmptyByteBufBE)
GET /session/ffaefc48fde3a68005e55322ec795304/screenshot HTTP/1.1
User-Agent: selenium/4.1.2 (java windows)
Cache-Control: no-cache
Content-Type: application/json; charset=utf-8
host: localhost:63813
accept: */*

Response DefaultHttpResponse(decodeResult: success, version: HTTP/1.1)
HTTP/1.1 200 OK
Content-Type: application/json; charset=utf-8
cache-control: no-cache
content-length: 25384

16:06:58.471 [AsyncHttpClient-1-4] DEBUG org.asynchttpclient.netty.channel.ChannelManager - Adding key: http://localhost:63813 for channel [id: 0x4c7f516b, L:/127.0.0.1:60182 - R:localhost/127.0.0.1:63813]
16:06:58.479 [main] DEBUG net.serenitybdd.core.photography.Darkroom - Send negative for processing for target\site\serenity\6b6563c13227ef0b70a26f8a845b86304c5ded2ac83324d4bda7e0f4416b9ac5.png
16:06:58.480 [main] DEBUG net.thucydides.core.steps.StepInterceptor - STEP DONE: openUrl
16:06:58.490 [main] DEBUG net.thucydides.core.steps.StepInterceptor - STARTING STEP: OrderSteps.onProductPageForOrder - inputEmail
16:06:58.504 [Forwarding findElement on session ffaefc48fde3a68005e55322ec795304 to remote] DEBUG org.asynchttpclient.netty.request.NettyRequestSender - Using pooled Channel '[id: 0x4c7f516b, L:/127.0.0.1:60182 - R:localhost/127.0.0.1:63813]' for 'POST' to 'http://localhost:63813/session/ffaefc48fde3a68005e55322ec795304/element'
16:06:58.504 [Forwarding findElement on session ffaefc48fde3a68005e55322ec795304 to remote] DEBUG org.asynchttpclient.netty.request.NettyRequestSender - Using open Channel [id: 0x4c7f516b, L:/127.0.0.1:60182 - R:localhost/127.0.0.1:63813] for POST '/session/ffaefc48fde3a68005e55322ec795304/element'
16:06:58.535 [AsyncHttpClient-1-4] DEBUG org.asynchttpclient.netty.handler.HttpHandler - 

Request DefaultHttpRequest(decodeResult: success, version: HTTP/1.1)
POST /session/ffaefc48fde3a68005e55322ec795304/element HTTP/1.1
User-Agent: selenium/4.1.2 (java windows)
Content-Length: 86
Content-Type: application/json; charset=utf-8
host: localhost:63813
accept: */*

Response DefaultHttpResponse(decodeResult: success, version: HTTP/1.1)
HTTP/1.1 200 OK
Content-Type: application/json; charset=utf-8
cache-control: no-cache
content-length: 88

16:06:58.535 [AsyncHttpClient-1-4] DEBUG org.asynchttpclient.netty.channel.ChannelManager - Adding key: http://localhost:63813 for channel [id: 0x4c7f516b, L:/127.0.0.1:60182 - R:localhost/127.0.0.1:63813]
16:06:58.538 [Forwarding clearElement on session ffaefc48fde3a68005e55322ec795304 to remote] DEBUG org.asynchttpclient.netty.request.NettyRequestSender - Using pooled Channel '[id: 0x4c7f516b, L:/127.0.0.1:60182 - R:localhost/127.0.0.1:63813]' for 'POST' to 'http://localhost:63813/session/ffaefc48fde3a68005e55322ec795304/element/3b3c05c9-872b-4b94-943e-8d0be58ec1b7/clear'
16:06:58.538 [Forwarding clearElement on session ffaefc48fde3a68005e55322ec795304 to remote] DEBUG org.asynchttpclient.netty.request.NettyRequestSender - Using open Channel [id: 0x4c7f516b, L:/127.0.0.1:60182 - R:localhost/127.0.0.1:63813] for POST '/session/ffaefc48fde3a68005e55322ec795304/element/3b3c05c9-872b-4b94-943e-8d0be58ec1b7/clear'
16:06:58.606 [AsyncHttpClient-1-4] DEBUG org.asynchttpclient.netty.handler.HttpHandler - 

Request DefaultHttpRequest(decodeResult: success, version: HTTP/1.1)
POST /session/ffaefc48fde3a68005e55322ec795304/element/3b3c05c9-872b-4b94-943e-8d0be58ec1b7/clear HTTP/1.1
User-Agent: selenium/4.1.2 (java windows)
Content-Length: 50
Content-Type: application/json; charset=utf-8
host: localhost:63813
accept: */*

Response DefaultHttpResponse(decodeResult: success, version: HTTP/1.1)
HTTP/1.1 200 OK
Content-Type: application/json; charset=utf-8
cache-control: no-cache
content-length: 14

16:06:58.606 [AsyncHttpClient-1-4] DEBUG org.asynchttpclient.netty.channel.ChannelManager - Adding key: http://localhost:63813 for channel [id: 0x4c7f516b, L:/127.0.0.1:60182 - R:localhost/127.0.0.1:63813]
16:06:58.609 [Forwarding sendKeysToElement on session ffaefc48fde3a68005e55322ec795304 to remote] DEBUG org.asynchttpclient.netty.request.NettyRequestSender - Using pooled Channel '[id: 0x4c7f516b, L:/127.0.0.1:60182 - R:localhost/127.0.0.1:63813]' for 'POST' to 'http://localhost:63813/session/ffaefc48fde3a68005e55322ec795304/element/3b3c05c9-872b-4b94-943e-8d0be58ec1b7/value'
16:06:58.610 [Forwarding sendKeysToElement on session ffaefc48fde3a68005e55322ec795304 to remote] DEBUG org.asynchttpclient.netty.request.NettyRequestSender - Using open Channel [id: 0x4c7f516b, L:/127.0.0.1:60182 - R:localhost/127.0.0.1:63813] for POST '/session/ffaefc48fde3a68005e55322ec795304/element/3b3c05c9-872b-4b94-943e-8d0be58ec1b7/value'
16:06:59.122 [AsyncHttpClient-1-4] DEBUG org.asynchttpclient.netty.handler.HttpHandler - 

Request DefaultHttpRequest(decodeResult: success, version: HTTP/1.1)
POST /session/ffaefc48fde3a68005e55322ec795304/element/3b3c05c9-872b-4b94-943e-8d0be58ec1b7/value HTTP/1.1
User-Agent: selenium/4.1.2 (java windows)
Content-Length: 251
Content-Type: application/json; charset=utf-8
host: localhost:63813
accept: */*

Response DefaultHttpResponse(decodeResult: success, version: HTTP/1.1)
HTTP/1.1 200 OK
Content-Type: application/json; charset=utf-8
cache-control: no-cache
content-length: 14

16:06:59.123 [AsyncHttpClient-1-4] DEBUG org.asynchttpclient.netty.channel.ChannelManager - Adding key: http://localhost:63813 for channel [id: 0x4c7f516b, L:/127.0.0.1:60182 - R:localhost/127.0.0.1:63813]
16:06:59.141 [Forwarding screenshot on session ffaefc48fde3a68005e55322ec795304 to remote] DEBUG org.asynchttpclient.netty.request.NettyRequestSender - Using pooled Channel '[id: 0x4c7f516b, L:/127.0.0.1:60182 - R:localhost/127.0.0.1:63813]' for 'GET' to 'http://localhost:63813/session/ffaefc48fde3a68005e55322ec795304/screenshot'
16:06:59.141 [Forwarding screenshot on session ffaefc48fde3a68005e55322ec795304 to remote] DEBUG org.asynchttpclient.netty.request.NettyRequestSender - Using open Channel [id: 0x4c7f516b, L:/127.0.0.1:60182 - R:localhost/127.0.0.1:63813] for GET '/session/ffaefc48fde3a68005e55322ec795304/screenshot'
16:06:59.385 [AsyncHttpClient-1-4] DEBUG org.asynchttpclient.netty.handler.HttpHandler - 

Request DefaultFullHttpRequest(decodeResult: success, version: HTTP/1.1, content: EmptyByteBufBE)
GET /session/ffaefc48fde3a68005e55322ec795304/screenshot HTTP/1.1
User-Agent: selenium/4.1.2 (java windows)
Cache-Control: no-cache
Content-Type: application/json; charset=utf-8
host: localhost:63813
accept: */*

Response DefaultHttpResponse(decodeResult: success, version: HTTP/1.1)
HTTP/1.1 200 OK
Content-Type: application/json; charset=utf-8
cache-control: no-cache
content-length: 28892

16:06:59.386 [AsyncHttpClient-1-4] DEBUG org.asynchttpclient.netty.channel.ChannelManager - Adding key: http://localhost:63813 for channel [id: 0x4c7f516b, L:/127.0.0.1:60182 - R:localhost/127.0.0.1:63813]
16:06:59.388 [main] DEBUG net.serenitybdd.core.photography.Darkroom - Send negative for processing for target\site\serenity\3ab060451a3bdb43850936b5af3722af3ebbef4c5f794f2ba8993c9a5d31862f.png
16:06:59.389 [main] DEBUG net.thucydides.core.steps.StepInterceptor - STEP DONE: inputEmail
16:06:59.405 [main] DEBUG net.thucydides.core.steps.StepInterceptor - STARTING STEP: OrderSteps.onProductPageForOrder - inputPassword
16:06:59.410 [Forwarding findElement on session ffaefc48fde3a68005e55322ec795304 to remote] DEBUG org.asynchttpclient.netty.request.NettyRequestSender - Using pooled Channel '[id: 0x4c7f516b, L:/127.0.0.1:60182 - R:localhost/127.0.0.1:63813]' for 'POST' to 'http://localhost:63813/session/ffaefc48fde3a68005e55322ec795304/element'
16:06:59.410 [Forwarding findElement on session ffaefc48fde3a68005e55322ec795304 to remote] DEBUG org.asynchttpclient.netty.request.NettyRequestSender - Using open Channel [id: 0x4c7f516b, L:/127.0.0.1:60182 - R:localhost/127.0.0.1:63813] for POST '/session/ffaefc48fde3a68005e55322ec795304/element'
16:06:59.436 [AsyncHttpClient-1-4] DEBUG org.asynchttpclient.netty.handler.HttpHandler - 

Request DefaultHttpRequest(decodeResult: success, version: HTTP/1.1)
POST /session/ffaefc48fde3a68005e55322ec795304/element HTTP/1.1
User-Agent: selenium/4.1.2 (java windows)
Content-Length: 89
Content-Type: application/json; charset=utf-8
host: localhost:63813
accept: */*

Response DefaultHttpResponse(decodeResult: success, version: HTTP/1.1)
HTTP/1.1 200 OK
Content-Type: application/json; charset=utf-8
cache-control: no-cache
content-length: 88

16:06:59.436 [AsyncHttpClient-1-4] DEBUG org.asynchttpclient.netty.channel.ChannelManager - Adding key: http://localhost:63813 for channel [id: 0x4c7f516b, L:/127.0.0.1:60182 - R:localhost/127.0.0.1:63813]
16:06:59.439 [Forwarding clearElement on session ffaefc48fde3a68005e55322ec795304 to remote] DEBUG org.asynchttpclient.netty.request.NettyRequestSender - Using pooled Channel '[id: 0x4c7f516b, L:/127.0.0.1:60182 - R:localhost/127.0.0.1:63813]' for 'POST' to 'http://localhost:63813/session/ffaefc48fde3a68005e55322ec795304/element/e2546a68-f7e4-4818-968c-9f4c7da64b68/clear'
16:06:59.439 [Forwarding clearElement on session ffaefc48fde3a68005e55322ec795304 to remote] DEBUG org.asynchttpclient.netty.request.NettyRequestSender - Using open Channel [id: 0x4c7f516b, L:/127.0.0.1:60182 - R:localhost/127.0.0.1:63813] for POST '/session/ffaefc48fde3a68005e55322ec795304/element/e2546a68-f7e4-4818-968c-9f4c7da64b68/clear'
16:06:59.507 [AsyncHttpClient-1-4] DEBUG org.asynchttpclient.netty.handler.HttpHandler - 

Request DefaultHttpRequest(decodeResult: success, version: HTTP/1.1)
POST /session/ffaefc48fde3a68005e55322ec795304/element/e2546a68-f7e4-4818-968c-9f4c7da64b68/clear HTTP/1.1
User-Agent: selenium/4.1.2 (java windows)
Content-Length: 50
Content-Type: application/json; charset=utf-8
host: localhost:63813
accept: */*

Response DefaultHttpResponse(decodeResult: success, version: HTTP/1.1)
HTTP/1.1 200 OK
Content-Type: application/json; charset=utf-8
cache-control: no-cache
content-length: 14

16:06:59.507 [AsyncHttpClient-1-4] DEBUG org.asynchttpclient.netty.channel.ChannelManager - Adding key: http://localhost:63813 for channel [id: 0x4c7f516b, L:/127.0.0.1:60182 - R:localhost/127.0.0.1:63813]
16:06:59.512 [Forwarding sendKeysToElement on session ffaefc48fde3a68005e55322ec795304 to remote] DEBUG org.asynchttpclient.netty.request.NettyRequestSender - Using pooled Channel '[id: 0x4c7f516b, L:/127.0.0.1:60182 - R:localhost/127.0.0.1:63813]' for 'POST' to 'http://localhost:63813/session/ffaefc48fde3a68005e55322ec795304/element/e2546a68-f7e4-4818-968c-9f4c7da64b68/value'
16:06:59.512 [Forwarding sendKeysToElement on session ffaefc48fde3a68005e55322ec795304 to remote] DEBUG org.asynchttpclient.netty.request.NettyRequestSender - Using open Channel [id: 0x4c7f516b, L:/127.0.0.1:60182 - R:localhost/127.0.0.1:63813] for POST '/session/ffaefc48fde3a68005e55322ec795304/element/e2546a68-f7e4-4818-968c-9f4c7da64b68/value'
16:06:59.536 [AsyncHttpClient-1-1] DEBUG org.asynchttpclient.netty.channel.DefaultChannelPool - Entry count for : http://localhost:60183 : 1
16:06:59.937 [AsyncHttpClient-1-4] DEBUG org.asynchttpclient.netty.handler.HttpHandler - 

Request DefaultHttpRequest(decodeResult: success, version: HTTP/1.1)
POST /session/ffaefc48fde3a68005e55322ec795304/element/e2546a68-f7e4-4818-968c-9f4c7da64b68/value HTTP/1.1
User-Agent: selenium/4.1.2 (java windows)
Content-Length: 231
Content-Type: application/json; charset=utf-8
host: localhost:63813
accept: */*

Response DefaultHttpResponse(decodeResult: success, version: HTTP/1.1)
HTTP/1.1 200 OK
Content-Type: application/json; charset=utf-8
cache-control: no-cache
content-length: 14

16:06:59.938 [AsyncHttpClient-1-4] DEBUG org.asynchttpclient.netty.channel.ChannelManager - Adding key: http://localhost:63813 for channel [id: 0x4c7f516b, L:/127.0.0.1:60182 - R:localhost/127.0.0.1:63813]
16:06:59.954 [Forwarding screenshot on session ffaefc48fde3a68005e55322ec795304 to remote] DEBUG org.asynchttpclient.netty.request.NettyRequestSender - Using pooled Channel '[id: 0x4c7f516b, L:/127.0.0.1:60182 - R:localhost/127.0.0.1:63813]' for 'GET' to 'http://localhost:63813/session/ffaefc48fde3a68005e55322ec795304/screenshot'
16:06:59.955 [Forwarding screenshot on session ffaefc48fde3a68005e55322ec795304 to remote] DEBUG org.asynchttpclient.netty.request.NettyRequestSender - Using open Channel [id: 0x4c7f516b, L:/127.0.0.1:60182 - R:localhost/127.0.0.1:63813] for GET '/session/ffaefc48fde3a68005e55322ec795304/screenshot'
16:07:00.212 [AsyncHttpClient-1-4] DEBUG org.asynchttpclient.netty.handler.HttpHandler - 

Request DefaultFullHttpRequest(decodeResult: success, version: HTTP/1.1, content: EmptyByteBufBE)
GET /session/ffaefc48fde3a68005e55322ec795304/screenshot HTTP/1.1
User-Agent: selenium/4.1.2 (java windows)
Cache-Control: no-cache
Content-Type: application/json; charset=utf-8
host: localhost:63813
accept: */*

Response DefaultHttpResponse(decodeResult: success, version: HTTP/1.1)
HTTP/1.1 200 OK
Content-Type: application/json; charset=utf-8
cache-control: no-cache
content-length: 32248

16:07:00.216 [AsyncHttpClient-1-4] DEBUG org.asynchttpclient.netty.channel.ChannelManager - Adding key: http://localhost:63813 for channel [id: 0x4c7f516b, L:/127.0.0.1:60182 - R:localhost/127.0.0.1:63813]
16:07:00.230 [main] DEBUG net.serenitybdd.core.photography.Darkroom - Send negative for processing for target\site\serenity\a0398bb6cd0ba7479991f9e1bc6322948c7620d592c5f8875663a5e835c2b1b9.png
16:07:00.231 [main] DEBUG net.thucydides.core.steps.StepInterceptor - STEP DONE: inputPassword
16:07:00.233 [Darkroom Processing Line] DEBUG net.serenitybdd.core.photography.DarkroomProcessingLine - Processing screenshot image in /var/screenshots/screenshot-14335298911677293274
16:07:00.233 [Darkroom Processing Line] DEBUG net.serenitybdd.core.photography.DarkroomProcessingLine - Saving screenshot to target\site\serenity\a0398bb6cd0ba7479991f9e1bc6322948c7620d592c5f8875663a5e835c2b1b9.png
16:07:00.252 [main] DEBUG net.thucydides.core.steps.StepInterceptor - STARTING STEP: OrderSteps.onProductPageForOrder - clickLoginButton
16:07:00.259 [Forwarding findElement on session ffaefc48fde3a68005e55322ec795304 to remote] DEBUG org.asynchttpclient.netty.request.NettyRequestSender - Using pooled Channel '[id: 0x4c7f516b, L:/127.0.0.1:60182 - R:localhost/127.0.0.1:63813]' for 'POST' to 'http://localhost:63813/session/ffaefc48fde3a68005e55322ec795304/element'
16:07:00.259 [Forwarding findElement on session ffaefc48fde3a68005e55322ec795304 to remote] DEBUG org.asynchttpclient.netty.request.NettyRequestSender - Using open Channel [id: 0x4c7f516b, L:/127.0.0.1:60182 - R:localhost/127.0.0.1:63813] for POST '/session/ffaefc48fde3a68005e55322ec795304/element'
16:07:00.290 [AsyncHttpClient-1-4] DEBUG org.asynchttpclient.netty.handler.HttpHandler - 

Request DefaultHttpRequest(decodeResult: success, version: HTTP/1.1)
POST /session/ffaefc48fde3a68005e55322ec795304/element HTTP/1.1
User-Agent: selenium/4.1.2 (java windows)
Content-Length: 136
Content-Type: application/json; charset=utf-8
host: localhost:63813
accept: */*

Response DefaultHttpResponse(decodeResult: success, version: HTTP/1.1)
HTTP/1.1 200 OK
Content-Type: application/json; charset=utf-8
cache-control: no-cache
content-length: 88

16:07:00.290 [AsyncHttpClient-1-4] DEBUG org.asynchttpclient.netty.channel.ChannelManager - Adding key: http://localhost:63813 for channel [id: 0x4c7f516b, L:/127.0.0.1:60182 - R:localhost/127.0.0.1:63813]
16:07:00.293 [Forwarding getElementTagName on session ffaefc48fde3a68005e55322ec795304 to remote] DEBUG org.asynchttpclient.netty.request.NettyRequestSender - Using pooled Channel '[id: 0x4c7f516b, L:/127.0.0.1:60182 - R:localhost/127.0.0.1:63813]' for 'GET' to 'http://localhost:63813/session/ffaefc48fde3a68005e55322ec795304/element/89291eab-601c-4c2f-9147-3922f7b0787c/name'
16:07:00.294 [Forwarding getElementTagName on session ffaefc48fde3a68005e55322ec795304 to remote] DEBUG org.asynchttpclient.netty.request.NettyRequestSender - Using open Channel [id: 0x4c7f516b, L:/127.0.0.1:60182 - R:localhost/127.0.0.1:63813] for GET '/session/ffaefc48fde3a68005e55322ec795304/element/89291eab-601c-4c2f-9147-3922f7b0787c/name'
16:07:00.369 [AsyncHttpClient-1-4] DEBUG org.asynchttpclient.netty.handler.HttpHandler - 

Request DefaultFullHttpRequest(decodeResult: success, version: HTTP/1.1, content: EmptyByteBufBE)
GET /session/ffaefc48fde3a68005e55322ec795304/element/89291eab-601c-4c2f-9147-3922f7b0787c/name HTTP/1.1
User-Agent: selenium/4.1.2 (java windows)
Cache-Control: no-cache
Content-Type: application/json; charset=utf-8
host: localhost:63813
accept: */*

Response DefaultHttpResponse(decodeResult: success, version: HTTP/1.1)
HTTP/1.1 200 OK
Content-Type: application/json; charset=utf-8
cache-control: no-cache
content-length: 18

16:07:00.369 [AsyncHttpClient-1-4] DEBUG org.asynchttpclient.netty.channel.ChannelManager - Adding key: http://localhost:63813 for channel [id: 0x4c7f516b, L:/127.0.0.1:60182 - R:localhost/127.0.0.1:63813]
16:07:00.371 [Forwarding getElementTagName on session ffaefc48fde3a68005e55322ec795304 to remote] DEBUG org.asynchttpclient.netty.request.NettyRequestSender - Using pooled Channel '[id: 0x4c7f516b, L:/127.0.0.1:60182 - R:localhost/127.0.0.1:63813]' for 'GET' to 'http://localhost:63813/session/ffaefc48fde3a68005e55322ec795304/element/89291eab-601c-4c2f-9147-3922f7b0787c/name'
16:07:00.372 [Forwarding getElementTagName on session ffaefc48fde3a68005e55322ec795304 to remote] DEBUG org.asynchttpclient.netty.request.NettyRequestSender - Using open Channel [id: 0x4c7f516b, L:/127.0.0.1:60182 - R:localhost/127.0.0.1:63813] for GET '/session/ffaefc48fde3a68005e55322ec795304/element/89291eab-601c-4c2f-9147-3922f7b0787c/name'
16:07:00.381 [AsyncHttpClient-1-4] DEBUG org.asynchttpclient.netty.handler.HttpHandler - 

Request DefaultFullHttpRequest(decodeResult: success, version: HTTP/1.1, content: EmptyByteBufBE)
GET /session/ffaefc48fde3a68005e55322ec795304/element/89291eab-601c-4c2f-9147-3922f7b0787c/name HTTP/1.1
User-Agent: selenium/4.1.2 (java windows)
Cache-Control: no-cache
Content-Type: application/json; charset=utf-8
host: localhost:63813
accept: */*

Response DefaultHttpResponse(decodeResult: success, version: HTTP/1.1)
HTTP/1.1 200 OK
Content-Type: application/json; charset=utf-8
cache-control: no-cache
content-length: 18

16:07:00.381 [AsyncHttpClient-1-4] DEBUG org.asynchttpclient.netty.channel.ChannelManager - Adding key: http://localhost:63813 for channel [id: 0x4c7f516b, L:/127.0.0.1:60182 - R:localhost/127.0.0.1:63813]
16:07:00.387 [Forwarding isElementEnabled on session ffaefc48fde3a68005e55322ec795304 to remote] DEBUG org.asynchttpclient.netty.request.NettyRequestSender - Using pooled Channel '[id: 0x4c7f516b, L:/127.0.0.1:60182 - R:localhost/127.0.0.1:63813]' for 'GET' to 'http://localhost:63813/session/ffaefc48fde3a68005e55322ec795304/element/89291eab-601c-4c2f-9147-3922f7b0787c/enabled'
16:07:00.387 [Forwarding isElementEnabled on session ffaefc48fde3a68005e55322ec795304 to remote] DEBUG org.asynchttpclient.netty.request.NettyRequestSender - Using open Channel [id: 0x4c7f516b, L:/127.0.0.1:60182 - R:localhost/127.0.0.1:63813] for GET '/session/ffaefc48fde3a68005e55322ec795304/element/89291eab-601c-4c2f-9147-3922f7b0787c/enabled'
16:07:00.417 [AsyncHttpClient-1-4] DEBUG org.asynchttpclient.netty.handler.HttpHandler - 

Request DefaultFullHttpRequest(decodeResult: success, version: HTTP/1.1, content: EmptyByteBufBE)
GET /session/ffaefc48fde3a68005e55322ec795304/element/89291eab-601c-4c2f-9147-3922f7b0787c/enabled HTTP/1.1
User-Agent: selenium/4.1.2 (java windows)
Cache-Control: no-cache
Content-Type: application/json; charset=utf-8
host: localhost:63813
accept: */*

Response DefaultHttpResponse(decodeResult: success, version: HTTP/1.1)
HTTP/1.1 200 OK
Content-Type: application/json; charset=utf-8
cache-control: no-cache
content-length: 14

16:07:00.417 [AsyncHttpClient-1-4] DEBUG org.asynchttpclient.netty.channel.ChannelManager - Adding key: http://localhost:63813 for channel [id: 0x4c7f516b, L:/127.0.0.1:60182 - R:localhost/127.0.0.1:63813]
16:07:00.421 [Forwarding isElementEnabled on session ffaefc48fde3a68005e55322ec795304 to remote] DEBUG org.asynchttpclient.netty.request.NettyRequestSender - Using pooled Channel '[id: 0x4c7f516b, L:/127.0.0.1:60182 - R:localhost/127.0.0.1:63813]' for 'GET' to 'http://localhost:63813/session/ffaefc48fde3a68005e55322ec795304/element/89291eab-601c-4c2f-9147-3922f7b0787c/enabled'
16:07:00.421 [Forwarding isElementEnabled on session ffaefc48fde3a68005e55322ec795304 to remote] DEBUG org.asynchttpclient.netty.request.NettyRequestSender - Using open Channel [id: 0x4c7f516b, L:/127.0.0.1:60182 - R:localhost/127.0.0.1:63813] for GET '/session/ffaefc48fde3a68005e55322ec795304/element/89291eab-601c-4c2f-9147-3922f7b0787c/enabled'
16:07:00.437 [AsyncHttpClient-1-4] DEBUG org.asynchttpclient.netty.handler.HttpHandler - 

Request DefaultFullHttpRequest(decodeResult: success, version: HTTP/1.1, content: EmptyByteBufBE)
GET /session/ffaefc48fde3a68005e55322ec795304/element/89291eab-601c-4c2f-9147-3922f7b0787c/enabled HTTP/1.1
User-Agent: selenium/4.1.2 (java windows)
Cache-Control: no-cache
Content-Type: application/json; charset=utf-8
host: localhost:63813
accept: */*

Response DefaultHttpResponse(decodeResult: success, version: HTTP/1.1)
HTTP/1.1 200 OK
Content-Type: application/json; charset=utf-8
cache-control: no-cache
content-length: 14

16:07:00.437 [AsyncHttpClient-1-4] DEBUG org.asynchttpclient.netty.channel.ChannelManager - Adding key: http://localhost:63813 for channel [id: 0x4c7f516b, L:/127.0.0.1:60182 - R:localhost/127.0.0.1:63813]
16:07:00.441 [Forwarding findElement on session ffaefc48fde3a68005e55322ec795304 to remote] DEBUG org.asynchttpclient.netty.request.NettyRequestSender - Using pooled Channel '[id: 0x4c7f516b, L:/127.0.0.1:60182 - R:localhost/127.0.0.1:63813]' for 'POST' to 'http://localhost:63813/session/ffaefc48fde3a68005e55322ec795304/element'
16:07:00.441 [Forwarding findElement on session ffaefc48fde3a68005e55322ec795304 to remote] DEBUG org.asynchttpclient.netty.request.NettyRequestSender - Using open Channel [id: 0x4c7f516b, L:/127.0.0.1:60182 - R:localhost/127.0.0.1:63813] for POST '/session/ffaefc48fde3a68005e55322ec795304/element'
16:07:00.467 [AsyncHttpClient-1-4] DEBUG org.asynchttpclient.netty.handler.HttpHandler - 

Request DefaultHttpRequest(decodeResult: success, version: HTTP/1.1)
POST /session/ffaefc48fde3a68005e55322ec795304/element HTTP/1.1
User-Agent: selenium/4.1.2 (java windows)
Content-Length: 136
Content-Type: application/json; charset=utf-8
host: localhost:63813
accept: */*

Response DefaultHttpResponse(decodeResult: success, version: HTTP/1.1)
HTTP/1.1 200 OK
Content-Type: application/json; charset=utf-8
cache-control: no-cache
content-length: 88

16:07:00.467 [AsyncHttpClient-1-4] DEBUG org.asynchttpclient.netty.channel.ChannelManager - Adding key: http://localhost:63813 for channel [id: 0x4c7f516b, L:/127.0.0.1:60182 - R:localhost/127.0.0.1:63813]
16:07:00.470 [Forwarding clickElement on session ffaefc48fde3a68005e55322ec795304 to remote] DEBUG org.asynchttpclient.netty.request.NettyRequestSender - Using pooled Channel '[id: 0x4c7f516b, L:/127.0.0.1:60182 - R:localhost/127.0.0.1:63813]' for 'POST' to 'http://localhost:63813/session/ffaefc48fde3a68005e55322ec795304/element/89291eab-601c-4c2f-9147-3922f7b0787c/click'
16:07:00.470 [Forwarding clickElement on session ffaefc48fde3a68005e55322ec795304 to remote] DEBUG org.asynchttpclient.netty.request.NettyRequestSender - Using open Channel [id: 0x4c7f516b, L:/127.0.0.1:60182 - R:localhost/127.0.0.1:63813] for POST '/session/ffaefc48fde3a68005e55322ec795304/element/89291eab-601c-4c2f-9147-3922f7b0787c/click'
16:07:00.636 [AsyncHttpClient-1-1] DEBUG org.asynchttpclient.netty.channel.DefaultChannelPool - Entry count for : http://localhost:60183 : 1
16:07:00.711 [AsyncHttpClient-1-4] DEBUG org.asynchttpclient.netty.handler.HttpHandler - 

Request DefaultHttpRequest(decodeResult: success, version: HTTP/1.1)
POST /session/ffaefc48fde3a68005e55322ec795304/element/89291eab-601c-4c2f-9147-3922f7b0787c/click HTTP/1.1
User-Agent: selenium/4.1.2 (java windows)
Content-Length: 50
Content-Type: application/json; charset=utf-8
host: localhost:63813
accept: */*

Response DefaultHttpResponse(decodeResult: success, version: HTTP/1.1)
HTTP/1.1 200 OK
Content-Type: application/json; charset=utf-8
cache-control: no-cache
content-length: 14

16:07:00.711 [AsyncHttpClient-1-4] DEBUG org.asynchttpclient.netty.channel.ChannelManager - Adding key: http://localhost:63813 for channel [id: 0x4c7f516b, L:/127.0.0.1:60182 - R:localhost/127.0.0.1:63813]
16:07:00.764 [Forwarding screenshot on session ffaefc48fde3a68005e55322ec795304 to remote] DEBUG org.asynchttpclient.netty.request.NettyRequestSender - Using pooled Channel '[id: 0x4c7f516b, L:/127.0.0.1:60182 - R:localhost/127.0.0.1:63813]' for 'GET' to 'http://localhost:63813/session/ffaefc48fde3a68005e55322ec795304/screenshot'
16:07:00.764 [Forwarding screenshot on session ffaefc48fde3a68005e55322ec795304 to remote] DEBUG org.asynchttpclient.netty.request.NettyRequestSender - Using open Channel [id: 0x4c7f516b, L:/127.0.0.1:60182 - R:localhost/127.0.0.1:63813] for GET '/session/ffaefc48fde3a68005e55322ec795304/screenshot'
16:07:01.857 [AsyncHttpClient-1-1] DEBUG org.asynchttpclient.netty.channel.DefaultChannelPool - Entry count for : http://localhost:60183 : 1
16:07:02.976 [AsyncHttpClient-1-1] DEBUG org.asynchttpclient.netty.channel.DefaultChannelPool - Entry count for : http://localhost:60183 : 1
16:07:04.040 [AsyncHttpClient-1-1] DEBUG org.asynchttpclient.netty.channel.DefaultChannelPool - Entry count for : http://localhost:60183 : 1
16:07:05.190 [AsyncHttpClient-1-1] DEBUG org.asynchttpclient.netty.channel.DefaultChannelPool - Entry count for : http://localhost:60183 : 1
16:07:06.306 [AsyncHttpClient-1-1] DEBUG org.asynchttpclient.netty.channel.DefaultChannelPool - Entry count for : http://localhost:60183 : 1
16:07:07.386 [AsyncHttpClient-1-1] DEBUG org.asynchttpclient.netty.channel.DefaultChannelPool - Entry count for : http://localhost:60183 : 1
16:07:08.450 [AsyncHttpClient-1-1] DEBUG org.asynchttpclient.netty.channel.DefaultChannelPool - Entry count for : http://localhost:60183 : 1
16:07:09.581 [AsyncHttpClient-1-1] DEBUG org.asynchttpclient.netty.channel.DefaultChannelPool - Entry count for : http://localhost:60183 : 1
16:07:10.685 [AsyncHttpClient-1-1] DEBUG org.asynchttpclient.netty.channel.DefaultChannelPool - Entry count for : http://localhost:60183 : 1
16:07:11.781 [AsyncHttpClient-1-1] DEBUG org.asynchttpclient.netty.channel.DefaultChannelPool - Entry count for : http://localhost:60183 : 1
16:07:13.022 [AsyncHttpClient-1-1] DEBUG org.asynchttpclient.netty.channel.DefaultChannelPool - Entry count for : http://localhost:60183 : 1
16:07:14.097 [AsyncHttpClient-1-1] DEBUG org.asynchttpclient.netty.channel.DefaultChannelPool - Entry count for : http://localhost:60183 : 1
16:07:15.147 [AsyncHttpClient-1-1] DEBUG org.asynchttpclient.netty.channel.DefaultChannelPool - Entry count for : http://localhost:60183 : 1
16:07:16.100 [AsyncHttpClient-1-4] DEBUG org.asynchttpclient.netty.handler.HttpHandler - 

Request DefaultFullHttpRequest(decodeResult: success, version: HTTP/1.1, content: EmptyByteBufBE)
GET /session/ffaefc48fde3a68005e55322ec795304/screenshot HTTP/1.1
User-Agent: selenium/4.1.2 (java windows)
Cache-Control: no-cache
Content-Type: application/json; charset=utf-8
host: localhost:63813
accept: */*

Response DefaultHttpResponse(decodeResult: success, version: HTTP/1.1)
HTTP/1.1 200 OK
Content-Type: application/json; charset=utf-8
cache-control: no-cache
content-length: 88732

16:07:16.101 [AsyncHttpClient-1-4] DEBUG org.asynchttpclient.netty.channel.ChannelManager - Adding key: http://localhost:63813 for channel [id: 0x4c7f516b, L:/127.0.0.1:60182 - R:localhost/127.0.0.1:63813]
16:07:16.110 [main] DEBUG net.serenitybdd.core.photography.Darkroom - Send negative for processing for target\site\serenity\5cf5365b44de1eb7e25e8bfd684acd469df441bfc9ffa6df5d63ef113f1f88e8.png
16:07:16.110 [main] DEBUG net.thucydides.core.steps.StepInterceptor - STEP DONE: clickLoginButton
  &amp#27;[32mGiven &amp#27;[0m&amp#27;[32mI am already on product page&amp#27;[0m                    &amp#27;[90m# starter.stepdefinitions.OrderSteps.onProductPageForOrder()&amp#27;[0m
16:07:16.135 [main] DEBUG net.thucydides.core.steps.StepInterceptor - STARTING STEP: OrderSteps.iClickBuyFirstProductButtonOnProductPage - clickFirstProduct
16:07:16.142 [Forwarding findElement on session ffaefc48fde3a68005e55322ec795304 to remote] DEBUG org.asynchttpclient.netty.request.NettyRequestSender - Using pooled Channel '[id: 0x4c7f516b, L:/127.0.0.1:60182 - R:localhost/127.0.0.1:63813]' for 'POST' to 'http://localhost:63813/session/ffaefc48fde3a68005e55322ec795304/element'
16:07:16.142 [Forwarding findElement on session ffaefc48fde3a68005e55322ec795304 to remote] DEBUG org.asynchttpclient.netty.request.NettyRequestSender - Using open Channel [id: 0x4c7f516b, L:/127.0.0.1:60182 - R:localhost/127.0.0.1:63813] for POST '/session/ffaefc48fde3a68005e55322ec795304/element'
16:07:16.178 [AsyncHttpClient-1-4] DEBUG org.asynchttpclient.netty.handler.HttpHandler - 

Request DefaultHttpRequest(decodeResult: success, version: HTTP/1.1)
POST /session/ffaefc48fde3a68005e55322ec795304/element HTTP/1.1
User-Agent: selenium/4.1.2 (java windows)
Content-Length: 122
Content-Type: application/json; charset=utf-8
host: localhost:63813
accept: */*

Response DefaultHttpResponse(decodeResult: success, version: HTTP/1.1)
HTTP/1.1 200 OK
Content-Type: application/json; charset=utf-8
cache-control: no-cache
content-length: 88

16:07:16.179 [AsyncHttpClient-1-4] DEBUG org.asynchttpclient.netty.channel.ChannelManager - Adding key: http://localhost:63813 for channel [id: 0x4c7f516b, L:/127.0.0.1:60182 - R:localhost/127.0.0.1:63813]
16:07:16.181 [Forwarding getElementTagName on session ffaefc48fde3a68005e55322ec795304 to remote] DEBUG org.asynchttpclient.netty.request.NettyRequestSender - Using pooled Channel '[id: 0x4c7f516b, L:/127.0.0.1:60182 - R:localhost/127.0.0.1:63813]' for 'GET' to 'http://localhost:63813/session/ffaefc48fde3a68005e55322ec795304/element/4a9e6dce-faf5-4c08-8789-6d7863c2347d/name'
16:07:16.181 [Forwarding getElementTagName on session ffaefc48fde3a68005e55322ec795304 to remote] DEBUG org.asynchttpclient.netty.request.NettyRequestSender - Using open Channel [id: 0x4c7f516b, L:/127.0.0.1:60182 - R:localhost/127.0.0.1:63813] for GET '/session/ffaefc48fde3a68005e55322ec795304/element/4a9e6dce-faf5-4c08-8789-6d7863c2347d/name'
16:07:16.188 [AsyncHttpClient-1-4] DEBUG org.asynchttpclient.netty.handler.HttpHandler - 

Request DefaultFullHttpRequest(decodeResult: success, version: HTTP/1.1, content: EmptyByteBufBE)
GET /session/ffaefc48fde3a68005e55322ec795304/element/4a9e6dce-faf5-4c08-8789-6d7863c2347d/name HTTP/1.1
User-Agent: selenium/4.1.2 (java windows)
Cache-Control: no-cache
Content-Type: application/json; charset=utf-8
host: localhost:63813
accept: */*

Response DefaultHttpResponse(decodeResult: success, version: HTTP/1.1)
HTTP/1.1 200 OK
Content-Type: application/json; charset=utf-8
cache-control: no-cache
content-length: 16

16:07:16.188 [AsyncHttpClient-1-4] DEBUG org.asynchttpclient.netty.channel.ChannelManager - Adding key: http://localhost:63813 for channel [id: 0x4c7f516b, L:/127.0.0.1:60182 - R:localhost/127.0.0.1:63813]
16:07:16.191 [Forwarding getElementTagName on session ffaefc48fde3a68005e55322ec795304 to remote] DEBUG org.asynchttpclient.netty.request.NettyRequestSender - Using pooled Channel '[id: 0x4c7f516b, L:/127.0.0.1:60182 - R:localhost/127.0.0.1:63813]' for 'GET' to 'http://localhost:63813/session/ffaefc48fde3a68005e55322ec795304/element/4a9e6dce-faf5-4c08-8789-6d7863c2347d/name'
16:07:16.191 [Forwarding getElementTagName on session ffaefc48fde3a68005e55322ec795304 to remote] DEBUG org.asynchttpclient.netty.request.NettyRequestSender - Using open Channel [id: 0x4c7f516b, L:/127.0.0.1:60182 - R:localhost/127.0.0.1:63813] for GET '/session/ffaefc48fde3a68005e55322ec795304/element/4a9e6dce-faf5-4c08-8789-6d7863c2347d/name'
16:07:16.199 [AsyncHttpClient-1-4] DEBUG org.asynchttpclient.netty.handler.HttpHandler - 

Request DefaultFullHttpRequest(decodeResult: success, version: HTTP/1.1, content: EmptyByteBufBE)
GET /session/ffaefc48fde3a68005e55322ec795304/element/4a9e6dce-faf5-4c08-8789-6d7863c2347d/name HTTP/1.1
User-Agent: selenium/4.1.2 (java windows)
Cache-Control: no-cache
Content-Type: application/json; charset=utf-8
host: localhost:63813
accept: */*

Response DefaultHttpResponse(decodeResult: success, version: HTTP/1.1)
HTTP/1.1 200 OK
Content-Type: application/json; charset=utf-8
cache-control: no-cache
content-length: 16

16:07:16.200 [AsyncHttpClient-1-4] DEBUG org.asynchttpclient.netty.channel.ChannelManager - Adding key: http://localhost:63813 for channel [id: 0x4c7f516b, L:/127.0.0.1:60182 - R:localhost/127.0.0.1:63813]
16:07:16.203 [Forwarding findElement on session ffaefc48fde3a68005e55322ec795304 to remote] DEBUG org.asynchttpclient.netty.request.NettyRequestSender - Using pooled Channel '[id: 0x4c7f516b, L:/127.0.0.1:60182 - R:localhost/127.0.0.1:63813]' for 'POST' to 'http://localhost:63813/session/ffaefc48fde3a68005e55322ec795304/element'
16:07:16.203 [Forwarding findElement on session ffaefc48fde3a68005e55322ec795304 to remote] DEBUG org.asynchttpclient.netty.request.NettyRequestSender - Using open Channel [id: 0x4c7f516b, L:/127.0.0.1:60182 - R:localhost/127.0.0.1:63813] for POST '/session/ffaefc48fde3a68005e55322ec795304/element'
16:07:16.224 [AsyncHttpClient-1-4] DEBUG org.asynchttpclient.netty.handler.HttpHandler - 

Request DefaultHttpRequest(decodeResult: success, version: HTTP/1.1)
POST /session/ffaefc48fde3a68005e55322ec795304/element HTTP/1.1
User-Agent: selenium/4.1.2 (java windows)
Content-Length: 122
Content-Type: application/json; charset=utf-8
host: localhost:63813
accept: */*

Response DefaultHttpResponse(decodeResult: success, version: HTTP/1.1)
HTTP/1.1 200 OK
Content-Type: application/json; charset=utf-8
cache-control: no-cache
content-length: 88

16:07:16.224 [AsyncHttpClient-1-4] DEBUG org.asynchttpclient.netty.channel.ChannelManager - Adding key: http://localhost:63813 for channel [id: 0x4c7f516b, L:/127.0.0.1:60182 - R:localhost/127.0.0.1:63813]
16:07:16.227 [Forwarding clickElement on session ffaefc48fde3a68005e55322ec795304 to remote] DEBUG org.asynchttpclient.netty.request.NettyRequestSender - Using pooled Channel '[id: 0x4c7f516b, L:/127.0.0.1:60182 - R:localhost/127.0.0.1:63813]' for 'POST' to 'http://localhost:63813/session/ffaefc48fde3a68005e55322ec795304/element/4a9e6dce-faf5-4c08-8789-6d7863c2347d/click'
16:07:16.227 [Forwarding clickElement on session ffaefc48fde3a68005e55322ec795304 to remote] DEBUG org.asynchttpclient.netty.request.NettyRequestSender - Using open Channel [id: 0x4c7f516b, L:/127.0.0.1:60182 - R:localhost/127.0.0.1:63813] for POST '/session/ffaefc48fde3a68005e55322ec795304/element/4a9e6dce-faf5-4c08-8789-6d7863c2347d/click'
16:07:16.237 [AsyncHttpClient-1-1] DEBUG org.asynchttpclient.netty.channel.DefaultChannelPool - Entry count for : http://localhost:60183 : 1
16:07:16.349 [AsyncHttpClient-1-4] DEBUG org.asynchttpclient.netty.handler.HttpHandler - 

Request DefaultHttpRequest(decodeResult: success, version: HTTP/1.1)
POST /session/ffaefc48fde3a68005e55322ec795304/element/4a9e6dce-faf5-4c08-8789-6d7863c2347d/click HTTP/1.1
User-Agent: selenium/4.1.2 (java windows)
Content-Length: 50
Content-Type: application/json; charset=utf-8
host: localhost:63813
accept: */*

Response DefaultHttpResponse(decodeResult: success, version: HTTP/1.1)
HTTP/1.1 200 OK
Content-Type: application/json; charset=utf-8
cache-control: no-cache
content-length: 14

16:07:16.350 [AsyncHttpClient-1-4] DEBUG org.asynchttpclient.netty.channel.ChannelManager - Adding key: http://localhost:63813 for channel [id: 0x4c7f516b, L:/127.0.0.1:60182 - R:localhost/127.0.0.1:63813]
16:07:16.362 [Forwarding screenshot on session ffaefc48fde3a68005e55322ec795304 to remote] DEBUG org.asynchttpclient.netty.request.NettyRequestSender - Using pooled Channel '[id: 0x4c7f516b, L:/127.0.0.1:60182 - R:localhost/127.0.0.1:63813]' for 'GET' to 'http://localhost:63813/session/ffaefc48fde3a68005e55322ec795304/screenshot'
16:07:16.362 [Forwarding screenshot on session ffaefc48fde3a68005e55322ec795304 to remote] DEBUG org.asynchttpclient.netty.request.NettyRequestSender - Using open Channel [id: 0x4c7f516b, L:/127.0.0.1:60182 - R:localhost/127.0.0.1:63813] for GET '/session/ffaefc48fde3a68005e55322ec795304/screenshot'
16:07:16.630 [AsyncHttpClient-1-4] DEBUG org.asynchttpclient.netty.handler.HttpHandler - 

Request DefaultFullHttpRequest(decodeResult: success, version: HTTP/1.1, content: EmptyByteBufBE)
GET /session/ffaefc48fde3a68005e55322ec795304/screenshot HTTP/1.1
User-Agent: selenium/4.1.2 (java windows)
Cache-Control: no-cache
Content-Type: application/json; charset=utf-8
host: localhost:63813
accept: */*

Response DefaultHttpResponse(decodeResult: success, version: HTTP/1.1)
HTTP/1.1 200 OK
Content-Type: application/json; charset=utf-8
cache-control: no-cache
content-length: 90452

16:07:16.636 [AsyncHttpClient-1-4] DEBUG org.asynchttpclient.netty.channel.ChannelManager - Adding key: http://localhost:63813 for channel [id: 0x4c7f516b, L:/127.0.0.1:60182 - R:localhost/127.0.0.1:63813]
16:07:16.641 [main] DEBUG net.serenitybdd.core.photography.Darkroom - Send negative for processing for target\site\serenity\09692e149e035c772d257fba718c092499f210094ca2174d1f6cf258c79ae8fa.png
16:07:16.641 [main] DEBUG net.thucydides.core.steps.StepInterceptor - STEP DONE: clickFirstProduct
  &amp#27;[32mWhen &amp#27;[0m&amp#27;[32mI click buy first product button on product page&amp#27;[0m &amp#27;[90m# starter.stepdefinitions.OrderSteps.iClickBuyFirstProductButtonOnProductPage()&amp#27;[0m
16:07:16.650 [Darkroom Processing Line] DEBUG net.serenitybdd.core.photography.DarkroomProcessingLine - Processing screenshot image in /var/screenshots/screenshot-12050378123751929005
16:07:16.650 [Darkroom Processing Line] DEBUG net.serenitybdd.core.photography.DarkroomProcessingLine - Saving screenshot to target\site\serenity\09692e149e035c772d257fba718c092499f210094ca2174d1f6cf258c79ae8fa.png
16:07:16.684 [main] DEBUG net.thucydides.core.steps.StepInterceptor - STARTING STEP: OrderSteps.iClickShoppingCartButton - clickShoppingCart
16:07:16.691 [Forwarding findElement on session ffaefc48fde3a68005e55322ec795304 to remote] DEBUG org.asynchttpclient.netty.request.NettyRequestSender - Using pooled Channel '[id: 0x4c7f516b, L:/127.0.0.1:60182 - R:localhost/127.0.0.1:63813]' for 'POST' to 'http://localhost:63813/session/ffaefc48fde3a68005e55322ec795304/element'
16:07:16.691 [Forwarding findElement on session ffaefc48fde3a68005e55322ec795304 to remote] DEBUG org.asynchttpclient.netty.request.NettyRequestSender - Using open Channel [id: 0x4c7f516b, L:/127.0.0.1:60182 - R:localhost/127.0.0.1:63813] for POST '/session/ffaefc48fde3a68005e55322ec795304/element'
16:07:16.789 [AsyncHttpClient-1-4] DEBUG org.asynchttpclient.netty.handler.HttpHandler - 

Request DefaultHttpRequest(decodeResult: success, version: HTTP/1.1)
POST /session/ffaefc48fde3a68005e55322ec795304/element HTTP/1.1
User-Agent: selenium/4.1.2 (java windows)
Content-Length: 213
Content-Type: application/json; charset=utf-8
host: localhost:63813
accept: */*

Response DefaultHttpResponse(decodeResult: success, version: HTTP/1.1)
HTTP/1.1 200 OK
Content-Type: application/json; charset=utf-8
cache-control: no-cache
content-length: 88

16:07:16.789 [AsyncHttpClient-1-4] DEBUG org.asynchttpclient.netty.channel.ChannelManager - Adding key: http://localhost:63813 for channel [id: 0x4c7f516b, L:/127.0.0.1:60182 - R:localhost/127.0.0.1:63813]
16:07:16.791 [Forwarding getElementTagName on session ffaefc48fde3a68005e55322ec795304 to remote] DEBUG org.asynchttpclient.netty.request.NettyRequestSender - Using pooled Channel '[id: 0x4c7f516b, L:/127.0.0.1:60182 - R:localhost/127.0.0.1:63813]' for 'GET' to 'http://localhost:63813/session/ffaefc48fde3a68005e55322ec795304/element/6a8a7f69-f483-4dc3-9a64-6134078a27bb/name'
16:07:16.791 [Forwarding getElementTagName on session ffaefc48fde3a68005e55322ec795304 to remote] DEBUG org.asynchttpclient.netty.request.NettyRequestSender - Using open Channel [id: 0x4c7f516b, L:/127.0.0.1:60182 - R:localhost/127.0.0.1:63813] for GET '/session/ffaefc48fde3a68005e55322ec795304/element/6a8a7f69-f483-4dc3-9a64-6134078a27bb/name'
16:07:16.803 [AsyncHttpClient-1-4] DEBUG org.asynchttpclient.netty.handler.HttpHandler - 

Request DefaultFullHttpRequest(decodeResult: success, version: HTTP/1.1, content: EmptyByteBufBE)
GET /session/ffaefc48fde3a68005e55322ec795304/element/6a8a7f69-f483-4dc3-9a64-6134078a27bb/name HTTP/1.1
User-Agent: selenium/4.1.2 (java windows)
Cache-Control: no-cache
Content-Type: application/json; charset=utf-8
host: localhost:63813
accept: */*

Response DefaultHttpResponse(decodeResult: success, version: HTTP/1.1)
HTTP/1.1 200 OK
Content-Type: application/json; charset=utf-8
cache-control: no-cache
content-length: 16

16:07:16.803 [AsyncHttpClient-1-4] DEBUG org.asynchttpclient.netty.channel.ChannelManager - Adding key: http://localhost:63813 for channel [id: 0x4c7f516b, L:/127.0.0.1:60182 - R:localhost/127.0.0.1:63813]
16:07:16.805 [Forwarding getElementTagName on session ffaefc48fde3a68005e55322ec795304 to remote] DEBUG org.asynchttpclient.netty.request.NettyRequestSender - Using pooled Channel '[id: 0x4c7f516b, L:/127.0.0.1:60182 - R:localhost/127.0.0.1:63813]' for 'GET' to 'http://localhost:63813/session/ffaefc48fde3a68005e55322ec795304/element/6a8a7f69-f483-4dc3-9a64-6134078a27bb/name'
16:07:16.805 [Forwarding getElementTagName on session ffaefc48fde3a68005e55322ec795304 to remote] DEBUG org.asynchttpclient.netty.request.NettyRequestSender - Using open Channel [id: 0x4c7f516b, L:/127.0.0.1:60182 - R:localhost/127.0.0.1:63813] for GET '/session/ffaefc48fde3a68005e55322ec795304/element/6a8a7f69-f483-4dc3-9a64-6134078a27bb/name'
16:07:16.811 [AsyncHttpClient-1-4] DEBUG org.asynchttpclient.netty.handler.HttpHandler - 

Request DefaultFullHttpRequest(decodeResult: success, version: HTTP/1.1, content: EmptyByteBufBE)
GET /session/ffaefc48fde3a68005e55322ec795304/element/6a8a7f69-f483-4dc3-9a64-6134078a27bb/name HTTP/1.1
User-Agent: selenium/4.1.2 (java windows)
Cache-Control: no-cache
Content-Type: application/json; charset=utf-8
host: localhost:63813
accept: */*

Response DefaultHttpResponse(decodeResult: success, version: HTTP/1.1)
HTTP/1.1 200 OK
Content-Type: application/json; charset=utf-8
cache-control: no-cache
content-length: 16

16:07:16.811 [AsyncHttpClient-1-4] DEBUG org.asynchttpclient.netty.channel.ChannelManager - Adding key: http://localhost:63813 for channel [id: 0x4c7f516b, L:/127.0.0.1:60182 - R:localhost/127.0.0.1:63813]
16:07:16.820 [Forwarding findElement on session ffaefc48fde3a68005e55322ec795304 to remote] DEBUG org.asynchttpclient.netty.request.NettyRequestSender - Using pooled Channel '[id: 0x4c7f516b, L:/127.0.0.1:60182 - R:localhost/127.0.0.1:63813]' for 'POST' to 'http://localhost:63813/session/ffaefc48fde3a68005e55322ec795304/element'
16:07:16.820 [Forwarding findElement on session ffaefc48fde3a68005e55322ec795304 to remote] DEBUG org.asynchttpclient.netty.request.NettyRequestSender - Using open Channel [id: 0x4c7f516b, L:/127.0.0.1:60182 - R:localhost/127.0.0.1:63813] for POST '/session/ffaefc48fde3a68005e55322ec795304/element'
16:07:16.885 [AsyncHttpClient-1-4] DEBUG org.asynchttpclient.netty.handler.HttpHandler - 

Request DefaultHttpRequest(decodeResult: success, version: HTTP/1.1)
POST /session/ffaefc48fde3a68005e55322ec795304/element HTTP/1.1
User-Agent: selenium/4.1.2 (java windows)
Content-Length: 213
Content-Type: application/json; charset=utf-8
host: localhost:63813
accept: */*

Response DefaultHttpResponse(decodeResult: success, version: HTTP/1.1)
HTTP/1.1 200 OK
Content-Type: application/json; charset=utf-8
cache-control: no-cache
content-length: 88

16:07:16.885 [AsyncHttpClient-1-4] DEBUG org.asynchttpclient.netty.channel.ChannelManager - Adding key: http://localhost:63813 for channel [id: 0x4c7f516b, L:/127.0.0.1:60182 - R:localhost/127.0.0.1:63813]
16:07:16.888 [Forwarding clickElement on session ffaefc48fde3a68005e55322ec795304 to remote] DEBUG org.asynchttpclient.netty.request.NettyRequestSender - Using pooled Channel '[id: 0x4c7f516b, L:/127.0.0.1:60182 - R:localhost/127.0.0.1:63813]' for 'POST' to 'http://localhost:63813/session/ffaefc48fde3a68005e55322ec795304/element/6a8a7f69-f483-4dc3-9a64-6134078a27bb/click'
16:07:16.888 [Forwarding clickElement on session ffaefc48fde3a68005e55322ec795304 to remote] DEBUG org.asynchttpclient.netty.request.NettyRequestSender - Using open Channel [id: 0x4c7f516b, L:/127.0.0.1:60182 - R:localhost/127.0.0.1:63813] for POST '/session/ffaefc48fde3a68005e55322ec795304/element/6a8a7f69-f483-4dc3-9a64-6134078a27bb/click'
16:07:16.992 [AsyncHttpClient-1-4] DEBUG org.asynchttpclient.netty.handler.HttpHandler - 

Request DefaultHttpRequest(decodeResult: success, version: HTTP/1.1)
POST /session/ffaefc48fde3a68005e55322ec795304/element/6a8a7f69-f483-4dc3-9a64-6134078a27bb/click HTTP/1.1
User-Agent: selenium/4.1.2 (java windows)
Content-Length: 50
Content-Type: application/json; charset=utf-8
host: localhost:63813
accept: */*

Response DefaultHttpResponse(decodeResult: success, version: HTTP/1.1)
HTTP/1.1 200 OK
Content-Type: application/json; charset=utf-8
cache-control: no-cache
content-length: 14

16:07:16.992 [AsyncHttpClient-1-4] DEBUG org.asynchttpclient.netty.channel.ChannelManager - Adding key: http://localhost:63813 for channel [id: 0x4c7f516b, L:/127.0.0.1:60182 - R:localhost/127.0.0.1:63813]
16:07:17.016 [Forwarding screenshot on session ffaefc48fde3a68005e55322ec795304 to remote] DEBUG org.asynchttpclient.netty.request.NettyRequestSender - Using pooled Channel '[id: 0x4c7f516b, L:/127.0.0.1:60182 - R:localhost/127.0.0.1:63813]' for 'GET' to 'http://localhost:63813/session/ffaefc48fde3a68005e55322ec795304/screenshot'
16:07:17.017 [Forwarding screenshot on session ffaefc48fde3a68005e55322ec795304 to remote] DEBUG org.asynchttpclient.netty.request.NettyRequestSender - Using open Channel [id: 0x4c7f516b, L:/127.0.0.1:60182 - R:localhost/127.0.0.1:63813] for GET '/session/ffaefc48fde3a68005e55322ec795304/screenshot'
16:07:17.349 [AsyncHttpClient-1-1] DEBUG org.asynchttpclient.netty.channel.DefaultChannelPool - Entry count for : http://localhost:60183 : 1
16:07:17.637 [AsyncHttpClient-1-4] DEBUG org.asynchttpclient.netty.handler.HttpHandler - 

Request DefaultFullHttpRequest(decodeResult: success, version: HTTP/1.1, content: EmptyByteBufBE)
GET /session/ffaefc48fde3a68005e55322ec795304/screenshot HTTP/1.1
User-Agent: selenium/4.1.2 (java windows)
Cache-Control: no-cache
Content-Type: application/json; charset=utf-8
host: localhost:63813
accept: */*

Response DefaultHttpResponse(decodeResult: success, version: HTTP/1.1)
HTTP/1.1 200 OK
Content-Type: application/json; charset=utf-8
cache-control: no-cache
content-length: 33156

16:07:17.638 [AsyncHttpClient-1-4] DEBUG org.asynchttpclient.netty.channel.ChannelManager - Adding key: http://localhost:63813 for channel [id: 0x4c7f516b, L:/127.0.0.1:60182 - R:localhost/127.0.0.1:63813]
16:07:17.640 [main] DEBUG net.serenitybdd.core.photography.Darkroom - Send negative for processing for target\site\serenity\878b7a63a4a80f8a684ea7b705ef7b27c5e3be93a2d2cef43e3f32c23075df71.png
16:07:17.640 [main] DEBUG net.thucydides.core.steps.StepInterceptor - STEP DONE: clickShoppingCart
16:07:17.641 [Darkroom Processing Line] DEBUG net.serenitybdd.core.photography.DarkroomProcessingLine - Processing screenshot image in /var/screenshots/screenshot-14630267479359987632
16:07:17.641 [Darkroom Processing Line] DEBUG net.serenitybdd.core.photography.DarkroomProcessingLine - Saving screenshot to target\site\serenity\878b7a63a4a80f8a684ea7b705ef7b27c5e3be93a2d2cef43e3f32c23075df71.png
  &amp#27;[32mAnd &amp#27;[0m&amp#27;[32mI click shopping cart button&amp#27;[0m                      &amp#27;[90m# starter.stepdefinitions.OrderSteps.iClickShoppingCartButton()&amp#27;[0m
16:07:17.678 [main] DEBUG net.thucydides.core.steps.StepInterceptor - STARTING STEP: OrderSteps.iClickAddSignOnTheProduct - clickAddButton
16:07:17.687 [Forwarding findElement on session ffaefc48fde3a68005e55322ec795304 to remote] DEBUG org.asynchttpclient.netty.request.NettyRequestSender - Using pooled Channel '[id: 0x4c7f516b, L:/127.0.0.1:60182 - R:localhost/127.0.0.1:63813]' for 'POST' to 'http://localhost:63813/session/ffaefc48fde3a68005e55322ec795304/element'
16:07:17.687 [Forwarding findElement on session ffaefc48fde3a68005e55322ec795304 to remote] DEBUG org.asynchttpclient.netty.request.NettyRequestSender - Using open Channel [id: 0x4c7f516b, L:/127.0.0.1:60182 - R:localhost/127.0.0.1:63813] for POST '/session/ffaefc48fde3a68005e55322ec795304/element'
16:07:17.769 [AsyncHttpClient-1-4] DEBUG org.asynchttpclient.netty.handler.HttpHandler - 

Request DefaultHttpRequest(decodeResult: success, version: HTTP/1.1)
POST /session/ffaefc48fde3a68005e55322ec795304/element HTTP/1.1
User-Agent: selenium/4.1.2 (java windows)
Content-Length: 94
Content-Type: application/json; charset=utf-8
host: localhost:63813
accept: */*

Response DefaultHttpResponse(decodeResult: success, version: HTTP/1.1)
HTTP/1.1 200 OK
Content-Type: application/json; charset=utf-8
cache-control: no-cache
content-length: 88

16:07:17.769 [AsyncHttpClient-1-4] DEBUG org.asynchttpclient.netty.channel.ChannelManager - Adding key: http://localhost:63813 for channel [id: 0x4c7f516b, L:/127.0.0.1:60182 - R:localhost/127.0.0.1:63813]
16:07:17.774 [Forwarding getElementTagName on session ffaefc48fde3a68005e55322ec795304 to remote] DEBUG org.asynchttpclient.netty.request.NettyRequestSender - Using pooled Channel '[id: 0x4c7f516b, L:/127.0.0.1:60182 - R:localhost/127.0.0.1:63813]' for 'GET' to 'http://localhost:63813/session/ffaefc48fde3a68005e55322ec795304/element/a759678e-3197-4f80-9e04-763f212678c9/name'
16:07:17.774 [Forwarding getElementTagName on session ffaefc48fde3a68005e55322ec795304 to remote] DEBUG org.asynchttpclient.netty.request.NettyRequestSender - Using open Channel [id: 0x4c7f516b, L:/127.0.0.1:60182 - R:localhost/127.0.0.1:63813] for GET '/session/ffaefc48fde3a68005e55322ec795304/element/a759678e-3197-4f80-9e04-763f212678c9/name'
16:07:17.785 [AsyncHttpClient-1-4] DEBUG org.asynchttpclient.netty.handler.HttpHandler - 

Request DefaultFullHttpRequest(decodeResult: success, version: HTTP/1.1, content: EmptyByteBufBE)
GET /session/ffaefc48fde3a68005e55322ec795304/element/a759678e-3197-4f80-9e04-763f212678c9/name HTTP/1.1
User-Agent: selenium/4.1.2 (java windows)
Cache-Control: no-cache
Content-Type: application/json; charset=utf-8
host: localhost:63813
accept: */*

Response DefaultHttpResponse(decodeResult: success, version: HTTP/1.1)
HTTP/1.1 200 OK
Content-Type: application/json; charset=utf-8
cache-control: no-cache
content-length: 16

16:07:17.787 [AsyncHttpClient-1-4] DEBUG org.asynchttpclient.netty.channel.ChannelManager - Adding key: http://localhost:63813 for channel [id: 0x4c7f516b, L:/127.0.0.1:60182 - R:localhost/127.0.0.1:63813]
16:07:17.791 [Forwarding getElementTagName on session ffaefc48fde3a68005e55322ec795304 to remote] DEBUG org.asynchttpclient.netty.request.NettyRequestSender - Using pooled Channel '[id: 0x4c7f516b, L:/127.0.0.1:60182 - R:localhost/127.0.0.1:63813]' for 'GET' to 'http://localhost:63813/session/ffaefc48fde3a68005e55322ec795304/element/a759678e-3197-4f80-9e04-763f212678c9/name'
16:07:17.792 [Forwarding getElementTagName on session ffaefc48fde3a68005e55322ec795304 to remote] DEBUG org.asynchttpclient.netty.request.NettyRequestSender - Using open Channel [id: 0x4c7f516b, L:/127.0.0.1:60182 - R:localhost/127.0.0.1:63813] for GET '/session/ffaefc48fde3a68005e55322ec795304/element/a759678e-3197-4f80-9e04-763f212678c9/name'
16:07:17.800 [AsyncHttpClient-1-4] DEBUG org.asynchttpclient.netty.handler.HttpHandler - 

Request DefaultFullHttpRequest(decodeResult: success, version: HTTP/1.1, content: EmptyByteBufBE)
GET /session/ffaefc48fde3a68005e55322ec795304/element/a759678e-3197-4f80-9e04-763f212678c9/name HTTP/1.1
User-Agent: selenium/4.1.2 (java windows)
Cache-Control: no-cache
Content-Type: application/json; charset=utf-8
host: localhost:63813
accept: */*

Response DefaultHttpResponse(decodeResult: success, version: HTTP/1.1)
HTTP/1.1 200 OK
Content-Type: application/json; charset=utf-8
cache-control: no-cache
content-length: 16

16:07:17.800 [AsyncHttpClient-1-4] DEBUG org.asynchttpclient.netty.channel.ChannelManager - Adding key: http://localhost:63813 for channel [id: 0x4c7f516b, L:/127.0.0.1:60182 - R:localhost/127.0.0.1:63813]
16:07:17.809 [Forwarding findElement on session ffaefc48fde3a68005e55322ec795304 to remote] DEBUG org.asynchttpclient.netty.request.NettyRequestSender - Using pooled Channel '[id: 0x4c7f516b, L:/127.0.0.1:60182 - R:localhost/127.0.0.1:63813]' for 'POST' to 'http://localhost:63813/session/ffaefc48fde3a68005e55322ec795304/element'
16:07:17.809 [Forwarding findElement on session ffaefc48fde3a68005e55322ec795304 to remote] DEBUG org.asynchttpclient.netty.request.NettyRequestSender - Using open Channel [id: 0x4c7f516b, L:/127.0.0.1:60182 - R:localhost/127.0.0.1:63813] for POST '/session/ffaefc48fde3a68005e55322ec795304/element'
16:07:17.829 [AsyncHttpClient-1-4] DEBUG org.asynchttpclient.netty.handler.HttpHandler - 

Request DefaultHttpRequest(decodeResult: success, version: HTTP/1.1)
POST /session/ffaefc48fde3a68005e55322ec795304/element HTTP/1.1
User-Agent: selenium/4.1.2 (java windows)
Content-Length: 94
Content-Type: application/json; charset=utf-8
host: localhost:63813
accept: */*

Response DefaultHttpResponse(decodeResult: success, version: HTTP/1.1)
HTTP/1.1 200 OK
Content-Type: application/json; charset=utf-8
cache-control: no-cache
content-length: 88

16:07:17.829 [AsyncHttpClient-1-4] DEBUG org.asynchttpclient.netty.channel.ChannelManager - Adding key: http://localhost:63813 for channel [id: 0x4c7f516b, L:/127.0.0.1:60182 - R:localhost/127.0.0.1:63813]
16:07:17.834 [Forwarding clickElement on session ffaefc48fde3a68005e55322ec795304 to remote] DEBUG org.asynchttpclient.netty.request.NettyRequestSender - Using pooled Channel '[id: 0x4c7f516b, L:/127.0.0.1:60182 - R:localhost/127.0.0.1:63813]' for 'POST' to 'http://localhost:63813/session/ffaefc48fde3a68005e55322ec795304/element/a759678e-3197-4f80-9e04-763f212678c9/click'
16:07:17.834 [Forwarding clickElement on session ffaefc48fde3a68005e55322ec795304 to remote] DEBUG org.asynchttpclient.netty.request.NettyRequestSender - Using open Channel [id: 0x4c7f516b, L:/127.0.0.1:60182 - R:localhost/127.0.0.1:63813] for POST '/session/ffaefc48fde3a68005e55322ec795304/element/a759678e-3197-4f80-9e04-763f212678c9/click'
16:07:17.974 [AsyncHttpClient-1-4] DEBUG org.asynchttpclient.netty.handler.HttpHandler - 

Request DefaultHttpRequest(decodeResult: success, version: HTTP/1.1)
POST /session/ffaefc48fde3a68005e55322ec795304/element/a759678e-3197-4f80-9e04-763f212678c9/click HTTP/1.1
User-Agent: selenium/4.1.2 (java windows)
Content-Length: 50
Content-Type: application/json; charset=utf-8
host: localhost:63813
accept: */*

Response DefaultHttpResponse(decodeResult: success, version: HTTP/1.1)
HTTP/1.1 200 OK
Content-Type: application/json; charset=utf-8
cache-control: no-cache
content-length: 14

16:07:17.974 [AsyncHttpClient-1-4] DEBUG org.asynchttpclient.netty.channel.ChannelManager - Adding key: http://localhost:63813 for channel [id: 0x4c7f516b, L:/127.0.0.1:60182 - R:localhost/127.0.0.1:63813]
16:07:18.001 [Forwarding screenshot on session ffaefc48fde3a68005e55322ec795304 to remote] DEBUG org.asynchttpclient.netty.request.NettyRequestSender - Using pooled Channel '[id: 0x4c7f516b, L:/127.0.0.1:60182 - R:localhost/127.0.0.1:63813]' for 'GET' to 'http://localhost:63813/session/ffaefc48fde3a68005e55322ec795304/screenshot'
16:07:18.001 [Forwarding screenshot on session ffaefc48fde3a68005e55322ec795304 to remote] DEBUG org.asynchttpclient.netty.request.NettyRequestSender - Using open Channel [id: 0x4c7f516b, L:/127.0.0.1:60182 - R:localhost/127.0.0.1:63813] for GET '/session/ffaefc48fde3a68005e55322ec795304/screenshot'
16:07:18.377 [AsyncHttpClient-1-4] DEBUG org.asynchttpclient.netty.handler.HttpHandler - 

Request DefaultFullHttpRequest(decodeResult: success, version: HTTP/1.1, content: EmptyByteBufBE)
GET /session/ffaefc48fde3a68005e55322ec795304/screenshot HTTP/1.1
User-Agent: selenium/4.1.2 (java windows)
Cache-Control: no-cache
Content-Type: application/json; charset=utf-8
host: localhost:63813
accept: */*

Response DefaultHttpResponse(decodeResult: success, version: HTTP/1.1)
HTTP/1.1 200 OK
Content-Type: application/json; charset=utf-8
cache-control: no-cache
content-length: 35592

16:07:18.380 [AsyncHttpClient-1-4] DEBUG org.asynchttpclient.netty.channel.ChannelManager - Adding key: http://localhost:63813 for channel [id: 0x4c7f516b, L:/127.0.0.1:60182 - R:localhost/127.0.0.1:63813]
16:07:18.399 [main] DEBUG net.serenitybdd.core.photography.Darkroom - Send negative for processing for target\site\serenity\54f5a3c77e9be09186aad90885a133eb75e87bf0501eb01d89ae74d467e397a8.png
16:07:18.400 [main] DEBUG net.thucydides.core.steps.StepInterceptor - STEP DONE: clickAddButton
  &amp#27;[32mAnd &amp#27;[0m&amp#27;[32mI click + sign on the product&amp#27;[0m                     &amp#27;[90m# starter.stepdefinitions.OrderSteps.iClickAddSignOnTheProduct()&amp#27;[0m
16:07:19.073 [Forwarding screenshot on session ffaefc48fde3a68005e55322ec795304 to remote] DEBUG org.asynchttpclient.netty.request.NettyRequestSender - Using pooled Channel '[id: 0x4c7f516b, L:/127.0.0.1:60182 - R:localhost/127.0.0.1:63813]' for 'GET' to 'http://localhost:63813/session/ffaefc48fde3a68005e55322ec795304/screenshot'
16:07:19.073 [Forwarding screenshot on session ffaefc48fde3a68005e55322ec795304 to remote] DEBUG org.asynchttpclient.netty.request.NettyRequestSender - Using open Channel [id: 0x4c7f516b, L:/127.0.0.1:60182 - R:localhost/127.0.0.1:63813] for GET '/session/ffaefc48fde3a68005e55322ec795304/screenshot'
16:07:19.075 [Darkroom Processing Line] DEBUG net.serenitybdd.core.photography.DarkroomProcessingLine - Processing screenshot image in /var/screenshots/screenshot-1385611043331219045
16:07:19.075 [Darkroom Processing Line] DEBUG net.serenitybdd.core.photography.DarkroomProcessingLine - Saving screenshot to target\site\serenity\54f5a3c77e9be09186aad90885a133eb75e87bf0501eb01d89ae74d467e397a8.png
16:07:19.096 [AsyncHttpClient-1-1] DEBUG org.asynchttpclient.netty.channel.DefaultChannelPool - Entry count for : http://localhost:60183 : 1
16:07:19.438 [AsyncHttpClient-1-4] DEBUG org.asynchttpclient.netty.handler.HttpHandler - 

Request DefaultFullHttpRequest(decodeResult: success, version: HTTP/1.1, content: EmptyByteBufBE)
GET /session/ffaefc48fde3a68005e55322ec795304/screenshot HTTP/1.1
User-Agent: selenium/4.1.2 (java windows)
Cache-Control: no-cache
Content-Type: application/json; charset=utf-8
host: localhost:63813
accept: */*

Response DefaultHttpResponse(decodeResult: success, version: HTTP/1.1)
HTTP/1.1 200 OK
Content-Type: application/json; charset=utf-8
cache-control: no-cache
content-length: 34440

16:07:19.444 [AsyncHttpClient-1-4] DEBUG org.asynchttpclient.netty.channel.ChannelManager - Adding key: http://localhost:63813 for channel [id: 0x4c7f516b, L:/127.0.0.1:60182 - R:localhost/127.0.0.1:63813]
16:07:19.448 [main] DEBUG net.serenitybdd.core.photography.Darkroom - Send negative for processing for target\site\serenity\55510b27866c0027190882a4a1eaf5c5f7c660e2bcea20ec32a55079c267f27d.png
16:07:19.471 [main] DEBUG net.thucydides.core.steps.StepInterceptor - STARTING STEP: OrderSteps.theTotalQuantityOfTheProductIncreases - totalAfterAddIsEqual
16:07:19.475 [Forwarding findElement on session ffaefc48fde3a68005e55322ec795304 to remote] DEBUG org.asynchttpclient.netty.request.NettyRequestSender - Using pooled Channel '[id: 0x4c7f516b, L:/127.0.0.1:60182 - R:localhost/127.0.0.1:63813]' for 'POST' to 'http://localhost:63813/session/ffaefc48fde3a68005e55322ec795304/element'
16:07:19.475 [Forwarding findElement on session ffaefc48fde3a68005e55322ec795304 to remote] DEBUG org.asynchttpclient.netty.request.NettyRequestSender - Using open Channel [id: 0x4c7f516b, L:/127.0.0.1:60182 - R:localhost/127.0.0.1:63813] for POST '/session/ffaefc48fde3a68005e55322ec795304/element'
16:07:19.477 [Darkroom Processing Line] DEBUG net.serenitybdd.core.photography.DarkroomProcessingLine - Processing screenshot image in /var/screenshots/screenshot-4408531645926572425
16:07:19.477 [Darkroom Processing Line] DEBUG net.serenitybdd.core.photography.DarkroomProcessingLine - Saving screenshot to target\site\serenity\55510b27866c0027190882a4a1eaf5c5f7c660e2bcea20ec32a55079c267f27d.png
16:07:19.502 [AsyncHttpClient-1-4] DEBUG org.asynchttpclient.netty.handler.HttpHandler - 

Request DefaultHttpRequest(decodeResult: success, version: HTTP/1.1)
POST /session/ffaefc48fde3a68005e55322ec795304/element HTTP/1.1
User-Agent: selenium/4.1.2 (java windows)
Content-Length: 96
Content-Type: application/json; charset=utf-8
host: localhost:63813
accept: */*

Response DefaultHttpResponse(decodeResult: success, version: HTTP/1.1)
HTTP/1.1 200 OK
Content-Type: application/json; charset=utf-8
cache-control: no-cache
content-length: 88

16:07:19.502 [AsyncHttpClient-1-4] DEBUG org.asynchttpclient.netty.channel.ChannelManager - Adding key: http://localhost:63813 for channel [id: 0x4c7f516b, L:/127.0.0.1:60182 - R:localhost/127.0.0.1:63813]
16:07:19.535 [Forwarding isElementDisplayed on session ffaefc48fde3a68005e55322ec795304 to remote] DEBUG org.asynchttpclient.netty.request.NettyRequestSender - Using pooled Channel '[id: 0x4c7f516b, L:/127.0.0.1:60182 - R:localhost/127.0.0.1:63813]' for 'POST' to 'http://localhost:63813/session/ffaefc48fde3a68005e55322ec795304/execute/sync'
16:07:19.535 [Forwarding isElementDisplayed on session ffaefc48fde3a68005e55322ec795304 to remote] DEBUG org.asynchttpclient.netty.request.NettyRequestSender - Using open Channel [id: 0x4c7f516b, L:/127.0.0.1:60182 - R:localhost/127.0.0.1:63813] for POST '/session/ffaefc48fde3a68005e55322ec795304/execute/sync'
16:07:19.573 [AsyncHttpClient-1-4] DEBUG org.asynchttpclient.netty.handler.HttpHandler - 

Request DefaultHttpRequest(decodeResult: success, version: HTTP/1.1)
POST /session/ffaefc48fde3a68005e55322ec795304/execute/sync HTTP/1.1
User-Agent: selenium/4.1.2 (java windows)
Content-Length: 48780
Content-Type: application/json; charset=utf-8
host: localhost:63813
accept: */*

Response DefaultHttpResponse(decodeResult: success, version: HTTP/1.1)
HTTP/1.1 200 OK
Content-Type: application/json; charset=utf-8
cache-control: no-cache
content-length: 14

16:07:19.574 [AsyncHttpClient-1-4] DEBUG org.asynchttpclient.netty.channel.ChannelManager - Adding key: http://localhost:63813 for channel [id: 0x4c7f516b, L:/127.0.0.1:60182 - R:localhost/127.0.0.1:63813]
16:07:19.584 [Forwarding screenshot on session ffaefc48fde3a68005e55322ec795304 to remote] DEBUG org.asynchttpclient.netty.request.NettyRequestSender - Using pooled Channel '[id: 0x4c7f516b, L:/127.0.0.1:60182 - R:localhost/127.0.0.1:63813]' for 'GET' to 'http://localhost:63813/session/ffaefc48fde3a68005e55322ec795304/screenshot'
16:07:19.584 [Forwarding screenshot on session ffaefc48fde3a68005e55322ec795304 to remote] DEBUG org.asynchttpclient.netty.request.NettyRequestSender - Using open Channel [id: 0x4c7f516b, L:/127.0.0.1:60182 - R:localhost/127.0.0.1:63813] for GET '/session/ffaefc48fde3a68005e55322ec795304/screenshot'
16:07:19.820 [AsyncHttpClient-1-4] DEBUG org.asynchttpclient.netty.handler.HttpHandler - 

Request DefaultFullHttpRequest(decodeResult: success, version: HTTP/1.1, content: EmptyByteBufBE)
GET /session/ffaefc48fde3a68005e55322ec795304/screenshot HTTP/1.1
User-Agent: selenium/4.1.2 (java windows)
Cache-Control: no-cache
Content-Type: application/json; charset=utf-8
host: localhost:63813
accept: */*

Response DefaultHttpResponse(decodeResult: success, version: HTTP/1.1)
HTTP/1.1 200 OK
Content-Type: application/json; charset=utf-8
cache-control: no-cache
content-length: 34440

16:07:19.821 [AsyncHttpClient-1-4] DEBUG org.asynchttpclient.netty.channel.ChannelManager - Adding key: http://localhost:63813 for channel [id: 0x4c7f516b, L:/127.0.0.1:60182 - R:localhost/127.0.0.1:63813]
16:07:19.828 [main] DEBUG net.serenitybdd.core.photography.Darkroom - Send negative for processing for target\site\serenity\55510b27866c0027190882a4a1eaf5c5f7c660e2bcea20ec32a55079c267f27d.png
16:07:19.829 [main] DEBUG net.thucydides.core.steps.StepInterceptor - STEP DONE: totalAfterAddIsEqual
  &amp#27;[32mThen &amp#27;[0m&amp#27;[32mThe total quantity of the product is equal to 2&amp#27;[0m  &amp#27;[90m# starter.stepdefinitions.OrderSteps.theTotalQuantityOfTheProductIncreases()&amp#27;[0m
16:07:19.839 [main] INFO  - 
  _____   ___   ___   _____     ___     _     ___   ___   ___   ___  
 |_   _| | __| / __| |_   _|   | _ \   /_\   / __| / __| | __| |   \ 
   | |   | _|  \__ \   | |     |  _/  / _ \  \__ \ \__ \ | _|  | |) |
   |_|   |___| |___/   |_|     |_|   /_/ \_\ |___/ |___/ |___| |___/ 

I add quantity of an item
----------------------------------------------------------------------
16:07:19.842 [AsyncHttpClient-1-2] DEBUG org.asynchttpclient.netty.handler.WebSocketHandler - Channel Closed: [id: 0x04a30c47, L:/127.0.0.1:60190 ! R:localhost/127.0.0.1:60183] with attribute NettyResponseFuture{currentRetry=5,
	isDone=1,
	isCancelled=0,
	asyncHandler=org.asynchttpclient.ws.WebSocketUpgradeHandler@627a66f,
	nettyRequest=org.asynchttpclient.netty.request.NettyRequest@705bbd62,
	future=java.util.concurrent.CompletableFuture@47ec4f0e[Completed normally],
	uri=ws://localhost:60183/devtools/browser/e9cb4e64-0df5-48a1-911e-0e66c8984484,
	keepAlive=true,
	redirectCount=0,
	timeoutsHolder=null,
	inAuth=0,
	touch=1652778415249}
16:07:19.842 [AsyncHttpClient-1-2] DEBUG org.asynchttpclient.netty.channel.ChannelManager - Closing Channel [id: 0x04a30c47, L:/127.0.0.1:60190 ! R:localhost/127.0.0.1:60183] 
16:07:19.861 [Driver Command Executor] DEBUG org.asynchttpclient.netty.request.NettyRequestSender - Using pooled Channel '[id: 0x4c7f516b, L:/127.0.0.1:60182 - R:localhost/127.0.0.1:63813]' for 'DELETE' to 'http://localhost:63813/session/ffaefc48fde3a68005e55322ec795304'
16:07:19.861 [Driver Command Executor] DEBUG org.asynchttpclient.netty.request.NettyRequestSender - Using open Channel [id: 0x4c7f516b, L:/127.0.0.1:60182 - R:localhost/127.0.0.1:63813] for DELETE '/session/ffaefc48fde3a68005e55322ec795304'
16:07:20.162 [AsyncHttpClient-1-1] DEBUG org.asynchttpclient.netty.channel.DefaultChannelPool - Entry count for : http://localhost:60183 : 1
16:07:20.623 [AsyncHttpClient-1-5] DEBUG org.asynchttpclient.netty.handler.HttpHandler - Unexpected I/O exception on channel [id: 0xb6bf4415, L:/127.0.0.1:60189 - R:localhost/127.0.0.1:60183]
java.net.SocketException: Connection reset
	at java.base/sun.nio.ch.SocketChannelImpl.throwConnectionReset(SocketChannelImpl.java:367)
	at java.base/sun.nio.ch.SocketChannelImpl.read(SocketChannelImpl.java:398)
	at io.netty.buffer.PooledByteBuf.setBytes(PooledByteBuf.java:258)
	at io.netty.buffer.AbstractByteBuf.writeBytes(AbstractByteBuf.java:1132)
	at io.netty.channel.socket.nio.NioSocketChannel.doReadBytes(NioSocketChannel.java:350)
	at io.netty.channel.nio.AbstractNioByteChannel$NioByteUnsafe.read(AbstractNioByteChannel.java:151)
	at io.netty.channel.nio.NioEventLoop.processSelectedKey(NioEventLoop.java:722)
	at io.netty.channel.nio.NioEventLoop.processSelectedKeysOptimized(NioEventLoop.java:658)
	at io.netty.channel.nio.NioEventLoop.processSelectedKeys(NioEventLoop.java:584)
	at io.netty.channel.nio.NioEventLoop.run(NioEventLoop.java:496)
	at io.netty.util.concurrent.SingleThreadEventExecutor$4.run(SingleThreadEventExecutor.java:986)
	at io.netty.util.internal.ThreadExecutorMap$2.run(ThreadExecutorMap.java:74)
	at io.netty.util.concurrent.FastThreadLocalRunnable.run(FastThreadLocalRunnable.java:30)
	at java.base/java.lang.Thread.run(Thread.java:832)
16:07:20.623 [AsyncHttpClient-1-5] DEBUG org.asynchttpclient.netty.channel.ChannelManager - Closing Channel [id: 0xb6bf4415, L:/127.0.0.1:60189 - R:localhost/127.0.0.1:60183] 
16:07:20.624 [AsyncHttpClient-1-5] DEBUG org.asynchttpclient.netty.handler.HttpHandler - Channel Closed: [id: 0xb6bf4415, L:/127.0.0.1:60189 ! R:localhost/127.0.0.1:60183] with attribute DISCARD
16:07:20.653 [AsyncHttpClient-1-4] DEBUG org.asynchttpclient.netty.handler.HttpHandler - 

Request DefaultFullHttpRequest(decodeResult: success, version: HTTP/1.1, content: EmptyByteBufBE)
DELETE /session/ffaefc48fde3a68005e55322ec795304 HTTP/1.1
User-Agent: selenium/4.1.2 (java windows)
Content-Type: application/json; charset=utf-8
host: localhost:63813
accept: */*

Response DefaultHttpResponse(decodeResult: success, version: HTTP/1.1)
HTTP/1.1 200 OK
Content-Type: application/json; charset=utf-8
cache-control: no-cache
content-length: 14

16:07:20.653 [AsyncHttpClient-1-4] DEBUG org.asynchttpclient.netty.channel.ChannelManager - Adding key: http://localhost:63813 for channel [id: 0x4c7f516b, L:/127.0.0.1:60182 - R:localhost/127.0.0.1:63813]
16:07:21.080 [AsyncHttpClient-1-4] DEBUG org.asynchttpclient.netty.handler.HttpHandler - Channel Closed: [id: 0x4c7f516b, L:/127.0.0.1:60182 ! R:localhost/127.0.0.1:63813] with attribute DISCARD
16:07:21.235 [AsyncHttpClient-1-1] DEBUG org.asynchttpclient.netty.channel.DefaultChannelPool - Entry count for : http://localhost:60183 : 1
16:07:21.235 [AsyncHttpClient-1-1] DEBUG org.asynchttpclient.netty.channel.DefaultChannelPool - Entry count for : http://localhost:63813 : 1
16:07:21.235 [AsyncHttpClient-1-1] DEBUG org.asynchttpclient.netty.channel.DefaultChannelPool - Adding Candidate expired Channel [id: 0xb6bf4415, L:/127.0.0.1:60189 ! R:localhost/127.0.0.1:60183] isIdleTimeoutExpired=false isRemotelyClosed=true isTtlExpired=false
16:07:21.235 [AsyncHttpClient-1-1] DEBUG org.asynchttpclient.netty.channel.DefaultChannelPool - Closing Idle Channel [id: 0xb6bf4415, L:/127.0.0.1:60189 ! R:localhost/127.0.0.1:60183]
16:07:21.236 [AsyncHttpClient-1-1] DEBUG org.asynchttpclient.netty.channel.DefaultChannelPool - Adding Candidate expired Channel [id: 0x4c7f516b, L:/127.0.0.1:60182 ! R:localhost/127.0.0.1:63813] isIdleTimeoutExpired=false isRemotelyClosed=true isTtlExpired=false
16:07:21.236 [AsyncHttpClient-1-1] DEBUG org.asynchttpclient.netty.channel.DefaultChannelPool - Closing Idle Channel [id: 0x4c7f516b, L:/127.0.0.1:60182 ! R:localhost/127.0.0.1:63813]
16:07:21.236 [AsyncHttpClient-1-1] DEBUG org.asynchttpclient.netty.channel.DefaultChannelPool - Closed 2 connections out of 2 in 1 ms
]]></system-out>
    <system-err><![CDATA[Starting ChromeDriver 100.0.4896.60 (6a5d10861ce8de5fce22564658033b43cb7de047-refs/branch-heads/4896@{#875}) on port 63813
Only local connections are allowed.
Please see https://chromedriver.chromium.org/security-considerations for suggestions on keeping ChromeDriver safe.
ChromeDriver was started successfully.
[1652778413.878][WARNING]: This version of ChromeDriver has not been tested with Chrome version 101.
May 17, 2022 4:06:55 PM org.openqa.selenium.remote.ProtocolHandshake createSession
INFO: Detected dialect: W3C
May 17, 2022 4:06:55 PM org.openqa.selenium.devtools.CdpVersionFinder findNearestMatch
WARNING: Unable to find an exact match for CDP version 101, so returning the closest version found: 97
May 17, 2022 4:06:55 PM org.openqa.selenium.devtools.CdpVersionFinder findNearestMatch
INFO: Found CDP implementation for version 101 of 97
[1652778431.335][SEVERE]: Timed out receiving message from renderer: 10.000
[1652778431.351][WARNING]: screenshot failed, retrying timeout: Timed out receiving message from renderer: 10.000
]]></system-err>
  </testcase>
  <testcase name="I reduce quantity of an item" classname="Change item&apos;s quantity on my shopping cart" time="33.007">
    <system-out><![CDATA[
Scenario: I reduce quantity of an item                   &amp#27;[90m# src/test/resources/features/Order.feature:14&amp#27;[0m
16:07:21.641 [main] INFO io.cucumber.core.plugin.SerenityReporter - Running feature from file:///C:/Users/ponda/Documents/Final_Project/Final_Web/src/test/resources/features/Order.feature
16:07:21.647 [main] INFO  - 
  _____   ___   ___   _____     ___   _____     _     ___   _____   ___   ___  
 |_   _| | __| / __| |_   _|   / __| |_   _|   /_\   | _ \ |_   _| | __| |   \ 
   | |   | _|  \__ \   | |     \__ \   | |    / _ \  |   /   | |   | _|  | |) |
   |_|   |___| |___/   |_|     |___/   |_|   /_/ \_\ |_|_\   |_|   |___| |___/ 

I reduce quantity of an item(change-item-s-quantity-on-my-shopping-cart;i-reduce-quantity-of-an-item)
--------------------------------------------------------------------------------
16:07:21.730 [main] DEBUG net.thucydides.core.steps.StepInterceptor - STARTING STEP: ProductSteps.iAmOnProductPage - openUrl
16:07:21.733 [main] INFO net.serenitybdd.core.webdriver.driverproviders.ChromeDriverProvider - Using automatically driver download
16:07:22.042 [main] DEBUG io.github.bonigarcia.wdm.cache.ResolutionCache - Resolution chrome=101 in cache (valid until 17:04:06 17/05/2022 WIB)
16:07:22.052 [main] DEBUG io.github.bonigarcia.wdm.cache.ResolutionCache - Resolution chrome101=101.0.4951.41 in cache (valid until 16:04:06 18/05/2022 WIB)
16:07:22.057 [main] INFO io.github.bonigarcia.wdm.WebDriverManager - Using chromedriver 101.0.4951.41 (resolved driver for Chrome 101)
16:07:22.089 [main] DEBUG io.github.bonigarcia.wdm.WebDriverManager - Driver chromedriver 101.0.4951.41 found in cache
16:07:22.091 [main] INFO io.github.bonigarcia.wdm.WebDriverManager - Exporting webdriver.chrome.driver as C:\Users\ponda\.cache\selenium\chromedriver\win32\101.0.4951.41\chromedriver.exe
16:07:22.330 [main] DEBUG net.serenitybdd.core.webdriver.driverproviders.ProvideNewDriver - Instantiating driver
16:07:22.330 [main] DEBUG net.serenitybdd.core.webdriver.driverproviders.ProvideNewDriver - Driver capabilities: Capabilities {acceptInsecureCerts: false, base.url: https://qa.alta.id, browserName: chrome, chrome.driver: src/test/resources/webdrive..., driver: chrome, goog:chromeOptions: {args: [], extensions: []}}
16:07:22.922 [AsyncHttpClient-1-3] DEBUG org.asynchttpclient.netty.channel.NettyConnectListener - Using new Channel '[id: 0x53f52c6f, L:/127.0.0.1:60215 - R:localhost/127.0.0.1:56747]' for 'POST' to '/session'
16:07:25.259 [AsyncHttpClient-1-3] DEBUG org.asynchttpclient.netty.handler.HttpHandler - 

Request DefaultHttpRequest(decodeResult: success, version: HTTP/1.1)
POST /session HTTP/1.1
User-Agent: selenium/4.1.2 (java windows)
Content-Length: 599
Content-Type: application/json; charset=utf-8
host: localhost:56747
accept: */*

Response DefaultHttpResponse(decodeResult: success, version: HTTP/1.1)
HTTP/1.1 200 OK
Content-Type: application/json; charset=utf-8
cache-control: no-cache
content-length: 788

16:07:25.259 [AsyncHttpClient-1-3] DEBUG org.asynchttpclient.netty.channel.ChannelManager - Adding key: http://localhost:56747 for channel [id: 0x53f52c6f, L:/127.0.0.1:60215 - R:localhost/127.0.0.1:56747]
16:07:25.302 [AsyncHttpClient-1-4] DEBUG org.asynchttpclient.netty.channel.NettyConnectListener - Using new Channel '[id: 0x49b9b597, L:/127.0.0.1:60222 - R:localhost/127.0.0.1:60216]' for 'GET' to '/json/version'
16:07:25.307 [AsyncHttpClient-1-4] DEBUG org.asynchttpclient.netty.handler.HttpHandler - 

Request DefaultFullHttpRequest(decodeResult: success, version: HTTP/1.1, content: EmptyByteBufBE)
GET /json/version HTTP/1.1
User-Agent: selenium/4.1.2 (java windows)
host: localhost:60216
accept: */*

Response DefaultHttpResponse(decodeResult: success, version: HTTP/1.1)
HTTP/1.1 200 OK
Content-Type: application/json; charset=UTF-8
content-length: 427

16:07:25.307 [AsyncHttpClient-1-4] DEBUG org.asynchttpclient.netty.channel.ChannelManager - Adding key: http://localhost:60216 for channel [id: 0x49b9b597, L:/127.0.0.1:60222 - R:localhost/127.0.0.1:60216]
16:07:25.319 [AsyncHttpClient-1-5] DEBUG org.asynchttpclient.netty.channel.NettyConnectListener - Using new Channel '[id: 0x47b55bd6, L:/127.0.0.1:60223 - R:localhost/127.0.0.1:60216]' for 'GET' to '/devtools/browser/dc3d51e5-e542-4e0f-bb50-ed110000279f'
16:07:25.322 [AsyncHttpClient-1-5] DEBUG org.asynchttpclient.netty.handler.WebSocketHandler - 

Request DefaultFullHttpRequest(decodeResult: success, version: HTTP/1.1, content: EmptyByteBufBE)
GET /devtools/browser/dc3d51e5-e542-4e0f-bb50-ed110000279f HTTP/1.1
upgrade: websocket
connection: upgrade
sec-websocket-key: m4Y4Gt7XwsUqWNzMd+soZA==
sec-websocket-version: 13
origin: http://localhost:60216
host: localhost:60216
accept: */*
user-agent: AHC/2.1

Response DefaultHttpResponse(decodeResult: success, version: HTTP/1.1)
HTTP/1.1 101 WebSocket Protocol Handshake
Upgrade: WebSocket
Connection: Upgrade
Sec-WebSocket-Accept: CrNaLNYq7s7JH7WK/N9z9y13iV8=

16:07:25.336 [Forwarding maximizeCurrentWindow on session 5979f16a7b5164a86af58d54cfcca8f9 to remote] DEBUG org.asynchttpclient.netty.request.NettyRequestSender - Using pooled Channel '[id: 0x53f52c6f, L:/127.0.0.1:60215 - R:localhost/127.0.0.1:56747]' for 'POST' to 'http://localhost:56747/session/5979f16a7b5164a86af58d54cfcca8f9/window/maximize'
16:07:25.336 [Forwarding maximizeCurrentWindow on session 5979f16a7b5164a86af58d54cfcca8f9 to remote] DEBUG org.asynchttpclient.netty.request.NettyRequestSender - Using open Channel [id: 0x53f52c6f, L:/127.0.0.1:60215 - R:localhost/127.0.0.1:56747] for POST '/session/5979f16a7b5164a86af58d54cfcca8f9/window/maximize'
16:07:25.657 [AsyncHttpClient-1-1] DEBUG org.asynchttpclient.netty.channel.DefaultChannelPool - Entry count for : http://localhost:60216 : 1
16:07:25.918 [AsyncHttpClient-1-3] DEBUG org.asynchttpclient.netty.handler.HttpHandler - 

Request DefaultHttpRequest(decodeResult: success, version: HTTP/1.1)
POST /session/5979f16a7b5164a86af58d54cfcca8f9/window/maximize HTTP/1.1
User-Agent: selenium/4.1.2 (java windows)
Content-Length: 3
Content-Type: application/json; charset=utf-8
host: localhost:56747
accept: */*

Response DefaultHttpResponse(decodeResult: success, version: HTTP/1.1)
HTTP/1.1 200 OK
Content-Type: application/json; charset=utf-8
cache-control: no-cache
content-length: 51

16:07:25.918 [AsyncHttpClient-1-3] DEBUG org.asynchttpclient.netty.channel.ChannelManager - Adding key: http://localhost:56747 for channel [id: 0x53f52c6f, L:/127.0.0.1:60215 - R:localhost/127.0.0.1:56747]
16:07:25.930 [Forwarding get on session 5979f16a7b5164a86af58d54cfcca8f9 to remote] DEBUG org.asynchttpclient.netty.request.NettyRequestSender - Using pooled Channel '[id: 0x53f52c6f, L:/127.0.0.1:60215 - R:localhost/127.0.0.1:56747]' for 'POST' to 'http://localhost:56747/session/5979f16a7b5164a86af58d54cfcca8f9/url'
16:07:25.930 [Forwarding get on session 5979f16a7b5164a86af58d54cfcca8f9 to remote] DEBUG org.asynchttpclient.netty.request.NettyRequestSender - Using open Channel [id: 0x53f52c6f, L:/127.0.0.1:60215 - R:localhost/127.0.0.1:56747] for POST '/session/5979f16a7b5164a86af58d54cfcca8f9/url'
16:07:26.771 [AsyncHttpClient-1-1] DEBUG org.asynchttpclient.netty.channel.DefaultChannelPool - Entry count for : http://localhost:60216 : 1
16:07:27.645 [AsyncHttpClient-1-3] DEBUG org.asynchttpclient.netty.handler.HttpHandler - 

Request DefaultHttpRequest(decodeResult: success, version: HTTP/1.1)
POST /session/5979f16a7b5164a86af58d54cfcca8f9/url HTTP/1.1
User-Agent: selenium/4.1.2 (java windows)
Content-Length: 64
Content-Type: application/json; charset=utf-8
host: localhost:56747
accept: */*

Response DefaultHttpResponse(decodeResult: success, version: HTTP/1.1)
HTTP/1.1 200 OK
Content-Type: application/json; charset=utf-8
cache-control: no-cache
content-length: 14

16:07:27.645 [AsyncHttpClient-1-3] DEBUG org.asynchttpclient.netty.channel.ChannelManager - Adding key: http://localhost:56747 for channel [id: 0x53f52c6f, L:/127.0.0.1:60215 - R:localhost/127.0.0.1:56747]
16:07:27.648 [Forwarding setTimeout on session 5979f16a7b5164a86af58d54cfcca8f9 to remote] DEBUG org.asynchttpclient.netty.request.NettyRequestSender - Using pooled Channel '[id: 0x53f52c6f, L:/127.0.0.1:60215 - R:localhost/127.0.0.1:56747]' for 'POST' to 'http://localhost:56747/session/5979f16a7b5164a86af58d54cfcca8f9/timeouts'
16:07:27.648 [Forwarding setTimeout on session 5979f16a7b5164a86af58d54cfcca8f9 to remote] DEBUG org.asynchttpclient.netty.request.NettyRequestSender - Using open Channel [id: 0x53f52c6f, L:/127.0.0.1:60215 - R:localhost/127.0.0.1:56747] for POST '/session/5979f16a7b5164a86af58d54cfcca8f9/timeouts'
16:07:27.651 [AsyncHttpClient-1-3] DEBUG org.asynchttpclient.netty.handler.HttpHandler - 

Request DefaultHttpRequest(decodeResult: success, version: HTTP/1.1)
POST /session/5979f16a7b5164a86af58d54cfcca8f9/timeouts HTTP/1.1
User-Agent: selenium/4.1.2 (java windows)
Content-Length: 22
Content-Type: application/json; charset=utf-8
host: localhost:56747
accept: */*

Response DefaultHttpResponse(decodeResult: success, version: HTTP/1.1)
HTTP/1.1 200 OK
Content-Type: application/json; charset=utf-8
cache-control: no-cache
content-length: 14

16:07:27.651 [AsyncHttpClient-1-3] DEBUG org.asynchttpclient.netty.channel.ChannelManager - Adding key: http://localhost:56747 for channel [id: 0x53f52c6f, L:/127.0.0.1:60215 - R:localhost/127.0.0.1:56747]
16:07:27.681 [Forwarding getCurrentUrl on session 5979f16a7b5164a86af58d54cfcca8f9 to remote] DEBUG org.asynchttpclient.netty.request.NettyRequestSender - Using pooled Channel '[id: 0x53f52c6f, L:/127.0.0.1:60215 - R:localhost/127.0.0.1:56747]' for 'GET' to 'http://localhost:56747/session/5979f16a7b5164a86af58d54cfcca8f9/url'
16:07:27.681 [Forwarding getCurrentUrl on session 5979f16a7b5164a86af58d54cfcca8f9 to remote] DEBUG org.asynchttpclient.netty.request.NettyRequestSender - Using open Channel [id: 0x53f52c6f, L:/127.0.0.1:60215 - R:localhost/127.0.0.1:56747] for GET '/session/5979f16a7b5164a86af58d54cfcca8f9/url'
16:07:27.699 [AsyncHttpClient-1-3] DEBUG org.asynchttpclient.netty.handler.HttpHandler - 

Request DefaultFullHttpRequest(decodeResult: success, version: HTTP/1.1, content: EmptyByteBufBE)
GET /session/5979f16a7b5164a86af58d54cfcca8f9/url HTTP/1.1
User-Agent: selenium/4.1.2 (java windows)
Cache-Control: no-cache
Content-Type: application/json; charset=utf-8
host: localhost:56747
accept: */*

Response DefaultHttpResponse(decodeResult: success, version: HTTP/1.1)
HTTP/1.1 200 OK
Content-Type: application/json; charset=utf-8
cache-control: no-cache
content-length: 41

16:07:27.700 [AsyncHttpClient-1-3] DEBUG org.asynchttpclient.netty.channel.ChannelManager - Adding key: http://localhost:56747 for channel [id: 0x53f52c6f, L:/127.0.0.1:60215 - R:localhost/127.0.0.1:56747]
16:07:27.714 [Forwarding screenshot on session 5979f16a7b5164a86af58d54cfcca8f9 to remote] DEBUG org.asynchttpclient.netty.request.NettyRequestSender - Using pooled Channel '[id: 0x53f52c6f, L:/127.0.0.1:60215 - R:localhost/127.0.0.1:56747]' for 'GET' to 'http://localhost:56747/session/5979f16a7b5164a86af58d54cfcca8f9/screenshot'
16:07:27.714 [Forwarding screenshot on session 5979f16a7b5164a86af58d54cfcca8f9 to remote] DEBUG org.asynchttpclient.netty.request.NettyRequestSender - Using open Channel [id: 0x53f52c6f, L:/127.0.0.1:60215 - R:localhost/127.0.0.1:56747] for GET '/session/5979f16a7b5164a86af58d54cfcca8f9/screenshot'
16:07:27.858 [AsyncHttpClient-1-1] DEBUG org.asynchttpclient.netty.channel.DefaultChannelPool - Entry count for : http://localhost:60216 : 1
16:07:28.456 [AsyncHttpClient-1-3] DEBUG org.asynchttpclient.netty.handler.HttpHandler - 

Request DefaultFullHttpRequest(decodeResult: success, version: HTTP/1.1, content: EmptyByteBufBE)
GET /session/5979f16a7b5164a86af58d54cfcca8f9/screenshot HTTP/1.1
User-Agent: selenium/4.1.2 (java windows)
Cache-Control: no-cache
Content-Type: application/json; charset=utf-8
host: localhost:56747
accept: */*

Response DefaultHttpResponse(decodeResult: success, version: HTTP/1.1)
HTTP/1.1 200 OK
Content-Type: application/json; charset=utf-8
cache-control: no-cache
content-length: 25384

16:07:28.457 [AsyncHttpClient-1-3] DEBUG org.asynchttpclient.netty.channel.ChannelManager - Adding key: http://localhost:56747 for channel [id: 0x53f52c6f, L:/127.0.0.1:60215 - R:localhost/127.0.0.1:56747]
16:07:28.461 [main] DEBUG net.serenitybdd.core.photography.Darkroom - Send negative for processing for target\site\serenity\6b6563c13227ef0b70a26f8a845b86304c5ded2ac83324d4bda7e0f4416b9ac5.png
16:07:28.462 [main] DEBUG net.thucydides.core.steps.StepInterceptor - STEP DONE: openUrl
16:07:28.472 [main] DEBUG net.thucydides.core.steps.StepInterceptor - STARTING STEP: ProductSteps.iAmOnProductPage - inputEmail
16:07:28.477 [Forwarding findElement on session 5979f16a7b5164a86af58d54cfcca8f9 to remote] DEBUG org.asynchttpclient.netty.request.NettyRequestSender - Using pooled Channel '[id: 0x53f52c6f, L:/127.0.0.1:60215 - R:localhost/127.0.0.1:56747]' for 'POST' to 'http://localhost:56747/session/5979f16a7b5164a86af58d54cfcca8f9/element'
16:07:28.478 [Forwarding findElement on session 5979f16a7b5164a86af58d54cfcca8f9 to remote] DEBUG org.asynchttpclient.netty.request.NettyRequestSender - Using open Channel [id: 0x53f52c6f, L:/127.0.0.1:60215 - R:localhost/127.0.0.1:56747] for POST '/session/5979f16a7b5164a86af58d54cfcca8f9/element'
16:07:28.502 [AsyncHttpClient-1-3] DEBUG org.asynchttpclient.netty.handler.HttpHandler - 

Request DefaultHttpRequest(decodeResult: success, version: HTTP/1.1)
POST /session/5979f16a7b5164a86af58d54cfcca8f9/element HTTP/1.1
User-Agent: selenium/4.1.2 (java windows)
Content-Length: 86
Content-Type: application/json; charset=utf-8
host: localhost:56747
accept: */*

Response DefaultHttpResponse(decodeResult: success, version: HTTP/1.1)
HTTP/1.1 200 OK
Content-Type: application/json; charset=utf-8
cache-control: no-cache
content-length: 88

16:07:28.503 [AsyncHttpClient-1-3] DEBUG org.asynchttpclient.netty.channel.ChannelManager - Adding key: http://localhost:56747 for channel [id: 0x53f52c6f, L:/127.0.0.1:60215 - R:localhost/127.0.0.1:56747]
16:07:28.505 [Forwarding clearElement on session 5979f16a7b5164a86af58d54cfcca8f9 to remote] DEBUG org.asynchttpclient.netty.request.NettyRequestSender - Using pooled Channel '[id: 0x53f52c6f, L:/127.0.0.1:60215 - R:localhost/127.0.0.1:56747]' for 'POST' to 'http://localhost:56747/session/5979f16a7b5164a86af58d54cfcca8f9/element/32094cb3-af3e-4ded-95bd-0fdb5b699a94/clear'
16:07:28.505 [Forwarding clearElement on session 5979f16a7b5164a86af58d54cfcca8f9 to remote] DEBUG org.asynchttpclient.netty.request.NettyRequestSender - Using open Channel [id: 0x53f52c6f, L:/127.0.0.1:60215 - R:localhost/127.0.0.1:56747] for POST '/session/5979f16a7b5164a86af58d54cfcca8f9/element/32094cb3-af3e-4ded-95bd-0fdb5b699a94/clear'
16:07:28.573 [AsyncHttpClient-1-3] DEBUG org.asynchttpclient.netty.handler.HttpHandler - 

Request DefaultHttpRequest(decodeResult: success, version: HTTP/1.1)
POST /session/5979f16a7b5164a86af58d54cfcca8f9/element/32094cb3-af3e-4ded-95bd-0fdb5b699a94/clear HTTP/1.1
User-Agent: selenium/4.1.2 (java windows)
Content-Length: 50
Content-Type: application/json; charset=utf-8
host: localhost:56747
accept: */*

Response DefaultHttpResponse(decodeResult: success, version: HTTP/1.1)
HTTP/1.1 200 OK
Content-Type: application/json; charset=utf-8
cache-control: no-cache
content-length: 14

16:07:28.573 [AsyncHttpClient-1-3] DEBUG org.asynchttpclient.netty.channel.ChannelManager - Adding key: http://localhost:56747 for channel [id: 0x53f52c6f, L:/127.0.0.1:60215 - R:localhost/127.0.0.1:56747]
16:07:28.577 [Forwarding sendKeysToElement on session 5979f16a7b5164a86af58d54cfcca8f9 to remote] DEBUG org.asynchttpclient.netty.request.NettyRequestSender - Using pooled Channel '[id: 0x53f52c6f, L:/127.0.0.1:60215 - R:localhost/127.0.0.1:56747]' for 'POST' to 'http://localhost:56747/session/5979f16a7b5164a86af58d54cfcca8f9/element/32094cb3-af3e-4ded-95bd-0fdb5b699a94/value'
16:07:28.578 [Forwarding sendKeysToElement on session 5979f16a7b5164a86af58d54cfcca8f9 to remote] DEBUG org.asynchttpclient.netty.request.NettyRequestSender - Using open Channel [id: 0x53f52c6f, L:/127.0.0.1:60215 - R:localhost/127.0.0.1:56747] for POST '/session/5979f16a7b5164a86af58d54cfcca8f9/element/32094cb3-af3e-4ded-95bd-0fdb5b699a94/value'
16:07:28.938 [AsyncHttpClient-1-1] DEBUG org.asynchttpclient.netty.channel.DefaultChannelPool - Entry count for : http://localhost:60216 : 1
16:07:29.095 [AsyncHttpClient-1-3] DEBUG org.asynchttpclient.netty.handler.HttpHandler - 

Request DefaultHttpRequest(decodeResult: success, version: HTTP/1.1)
POST /session/5979f16a7b5164a86af58d54cfcca8f9/element/32094cb3-af3e-4ded-95bd-0fdb5b699a94/value HTTP/1.1
User-Agent: selenium/4.1.2 (java windows)
Content-Length: 251
Content-Type: application/json; charset=utf-8
host: localhost:56747
accept: */*

Response DefaultHttpResponse(decodeResult: success, version: HTTP/1.1)
HTTP/1.1 200 OK
Content-Type: application/json; charset=utf-8
cache-control: no-cache
content-length: 14

16:07:29.096 [AsyncHttpClient-1-3] DEBUG org.asynchttpclient.netty.channel.ChannelManager - Adding key: http://localhost:56747 for channel [id: 0x53f52c6f, L:/127.0.0.1:60215 - R:localhost/127.0.0.1:56747]
16:07:29.113 [Forwarding screenshot on session 5979f16a7b5164a86af58d54cfcca8f9 to remote] DEBUG org.asynchttpclient.netty.request.NettyRequestSender - Using pooled Channel '[id: 0x53f52c6f, L:/127.0.0.1:60215 - R:localhost/127.0.0.1:56747]' for 'GET' to 'http://localhost:56747/session/5979f16a7b5164a86af58d54cfcca8f9/screenshot'
16:07:29.114 [Forwarding screenshot on session 5979f16a7b5164a86af58d54cfcca8f9 to remote] DEBUG org.asynchttpclient.netty.request.NettyRequestSender - Using open Channel [id: 0x53f52c6f, L:/127.0.0.1:60215 - R:localhost/127.0.0.1:56747] for GET '/session/5979f16a7b5164a86af58d54cfcca8f9/screenshot'
16:07:29.336 [AsyncHttpClient-1-3] DEBUG org.asynchttpclient.netty.handler.HttpHandler - 

Request DefaultFullHttpRequest(decodeResult: success, version: HTTP/1.1, content: EmptyByteBufBE)
GET /session/5979f16a7b5164a86af58d54cfcca8f9/screenshot HTTP/1.1
User-Agent: selenium/4.1.2 (java windows)
Cache-Control: no-cache
Content-Type: application/json; charset=utf-8
host: localhost:56747
accept: */*

Response DefaultHttpResponse(decodeResult: success, version: HTTP/1.1)
HTTP/1.1 200 OK
Content-Type: application/json; charset=utf-8
cache-control: no-cache
content-length: 28892

16:07:29.337 [AsyncHttpClient-1-3] DEBUG org.asynchttpclient.netty.channel.ChannelManager - Adding key: http://localhost:56747 for channel [id: 0x53f52c6f, L:/127.0.0.1:60215 - R:localhost/127.0.0.1:56747]
16:07:29.340 [main] DEBUG net.serenitybdd.core.photography.Darkroom - Send negative for processing for target\site\serenity\345716ff04c5399b7b1f62d969e1eb706be358df99f46949f7aaca6e8fbc7731.png
16:07:29.341 [main] DEBUG net.thucydides.core.steps.StepInterceptor - STEP DONE: inputEmail
16:07:29.343 [Darkroom Processing Line] DEBUG net.serenitybdd.core.photography.DarkroomProcessingLine - Processing screenshot image in /var/screenshots/screenshot-15008635487090167547
16:07:29.343 [Darkroom Processing Line] DEBUG net.serenitybdd.core.photography.DarkroomProcessingLine - Saving screenshot to target\site\serenity\345716ff04c5399b7b1f62d969e1eb706be358df99f46949f7aaca6e8fbc7731.png
16:07:29.357 [main] DEBUG net.thucydides.core.steps.StepInterceptor - STARTING STEP: ProductSteps.iAmOnProductPage - inputPassword
16:07:29.362 [Forwarding findElement on session 5979f16a7b5164a86af58d54cfcca8f9 to remote] DEBUG org.asynchttpclient.netty.request.NettyRequestSender - Using pooled Channel '[id: 0x53f52c6f, L:/127.0.0.1:60215 - R:localhost/127.0.0.1:56747]' for 'POST' to 'http://localhost:56747/session/5979f16a7b5164a86af58d54cfcca8f9/element'
16:07:29.362 [Forwarding findElement on session 5979f16a7b5164a86af58d54cfcca8f9 to remote] DEBUG org.asynchttpclient.netty.request.NettyRequestSender - Using open Channel [id: 0x53f52c6f, L:/127.0.0.1:60215 - R:localhost/127.0.0.1:56747] for POST '/session/5979f16a7b5164a86af58d54cfcca8f9/element'
16:07:29.396 [AsyncHttpClient-1-3] DEBUG org.asynchttpclient.netty.handler.HttpHandler - 

Request DefaultHttpRequest(decodeResult: success, version: HTTP/1.1)
POST /session/5979f16a7b5164a86af58d54cfcca8f9/element HTTP/1.1
User-Agent: selenium/4.1.2 (java windows)
Content-Length: 89
Content-Type: application/json; charset=utf-8
host: localhost:56747
accept: */*

Response DefaultHttpResponse(decodeResult: success, version: HTTP/1.1)
HTTP/1.1 200 OK
Content-Type: application/json; charset=utf-8
cache-control: no-cache
content-length: 88

16:07:29.397 [AsyncHttpClient-1-3] DEBUG org.asynchttpclient.netty.channel.ChannelManager - Adding key: http://localhost:56747 for channel [id: 0x53f52c6f, L:/127.0.0.1:60215 - R:localhost/127.0.0.1:56747]
16:07:29.399 [Forwarding clearElement on session 5979f16a7b5164a86af58d54cfcca8f9 to remote] DEBUG org.asynchttpclient.netty.request.NettyRequestSender - Using pooled Channel '[id: 0x53f52c6f, L:/127.0.0.1:60215 - R:localhost/127.0.0.1:56747]' for 'POST' to 'http://localhost:56747/session/5979f16a7b5164a86af58d54cfcca8f9/element/2e909be5-4cef-43ac-9c20-f67a560a5ad5/clear'
16:07:29.399 [Forwarding clearElement on session 5979f16a7b5164a86af58d54cfcca8f9 to remote] DEBUG org.asynchttpclient.netty.request.NettyRequestSender - Using open Channel [id: 0x53f52c6f, L:/127.0.0.1:60215 - R:localhost/127.0.0.1:56747] for POST '/session/5979f16a7b5164a86af58d54cfcca8f9/element/2e909be5-4cef-43ac-9c20-f67a560a5ad5/clear'
16:07:29.487 [AsyncHttpClient-1-3] DEBUG org.asynchttpclient.netty.handler.HttpHandler - 

Request DefaultHttpRequest(decodeResult: success, version: HTTP/1.1)
POST /session/5979f16a7b5164a86af58d54cfcca8f9/element/2e909be5-4cef-43ac-9c20-f67a560a5ad5/clear HTTP/1.1
User-Agent: selenium/4.1.2 (java windows)
Content-Length: 50
Content-Type: application/json; charset=utf-8
host: localhost:56747
accept: */*

Response DefaultHttpResponse(decodeResult: success, version: HTTP/1.1)
HTTP/1.1 200 OK
Content-Type: application/json; charset=utf-8
cache-control: no-cache
content-length: 14

16:07:29.487 [AsyncHttpClient-1-3] DEBUG org.asynchttpclient.netty.channel.ChannelManager - Adding key: http://localhost:56747 for channel [id: 0x53f52c6f, L:/127.0.0.1:60215 - R:localhost/127.0.0.1:56747]
16:07:29.491 [Forwarding sendKeysToElement on session 5979f16a7b5164a86af58d54cfcca8f9 to remote] DEBUG org.asynchttpclient.netty.request.NettyRequestSender - Using pooled Channel '[id: 0x53f52c6f, L:/127.0.0.1:60215 - R:localhost/127.0.0.1:56747]' for 'POST' to 'http://localhost:56747/session/5979f16a7b5164a86af58d54cfcca8f9/element/2e909be5-4cef-43ac-9c20-f67a560a5ad5/value'
16:07:29.491 [Forwarding sendKeysToElement on session 5979f16a7b5164a86af58d54cfcca8f9 to remote] DEBUG org.asynchttpclient.netty.request.NettyRequestSender - Using open Channel [id: 0x53f52c6f, L:/127.0.0.1:60215 - R:localhost/127.0.0.1:56747] for POST '/session/5979f16a7b5164a86af58d54cfcca8f9/element/2e909be5-4cef-43ac-9c20-f67a560a5ad5/value'
16:07:29.939 [AsyncHttpClient-1-3] DEBUG org.asynchttpclient.netty.handler.HttpHandler - 

Request DefaultHttpRequest(decodeResult: success, version: HTTP/1.1)
POST /session/5979f16a7b5164a86af58d54cfcca8f9/element/2e909be5-4cef-43ac-9c20-f67a560a5ad5/value HTTP/1.1
User-Agent: selenium/4.1.2 (java windows)
Content-Length: 231
Content-Type: application/json; charset=utf-8
host: localhost:56747
accept: */*

Response DefaultHttpResponse(decodeResult: success, version: HTTP/1.1)
HTTP/1.1 200 OK
Content-Type: application/json; charset=utf-8
cache-control: no-cache
content-length: 14

16:07:29.939 [AsyncHttpClient-1-3] DEBUG org.asynchttpclient.netty.channel.ChannelManager - Adding key: http://localhost:56747 for channel [id: 0x53f52c6f, L:/127.0.0.1:60215 - R:localhost/127.0.0.1:56747]
16:07:29.960 [Forwarding screenshot on session 5979f16a7b5164a86af58d54cfcca8f9 to remote] DEBUG org.asynchttpclient.netty.request.NettyRequestSender - Using pooled Channel '[id: 0x53f52c6f, L:/127.0.0.1:60215 - R:localhost/127.0.0.1:56747]' for 'GET' to 'http://localhost:56747/session/5979f16a7b5164a86af58d54cfcca8f9/screenshot'
16:07:29.960 [Forwarding screenshot on session 5979f16a7b5164a86af58d54cfcca8f9 to remote] DEBUG org.asynchttpclient.netty.request.NettyRequestSender - Using open Channel [id: 0x53f52c6f, L:/127.0.0.1:60215 - R:localhost/127.0.0.1:56747] for GET '/session/5979f16a7b5164a86af58d54cfcca8f9/screenshot'
16:07:30.064 [AsyncHttpClient-1-1] DEBUG org.asynchttpclient.netty.channel.DefaultChannelPool - Entry count for : http://localhost:60216 : 1
16:07:30.199 [AsyncHttpClient-1-3] DEBUG org.asynchttpclient.netty.handler.HttpHandler - 

Request DefaultFullHttpRequest(decodeResult: success, version: HTTP/1.1, content: EmptyByteBufBE)
GET /session/5979f16a7b5164a86af58d54cfcca8f9/screenshot HTTP/1.1
User-Agent: selenium/4.1.2 (java windows)
Cache-Control: no-cache
Content-Type: application/json; charset=utf-8
host: localhost:56747
accept: */*

Response DefaultHttpResponse(decodeResult: success, version: HTTP/1.1)
HTTP/1.1 200 OK
Content-Type: application/json; charset=utf-8
cache-control: no-cache
content-length: 32248

16:07:30.201 [AsyncHttpClient-1-3] DEBUG org.asynchttpclient.netty.channel.ChannelManager - Adding key: http://localhost:56747 for channel [id: 0x53f52c6f, L:/127.0.0.1:60215 - R:localhost/127.0.0.1:56747]
16:07:30.207 [main] DEBUG net.serenitybdd.core.photography.Darkroom - Send negative for processing for target\site\serenity\20be2507591f2c6468d6540adf31e9ad805ad0bf94dab28a1ca34c33202f2dac.png
16:07:30.207 [main] DEBUG net.thucydides.core.steps.StepInterceptor - STEP DONE: inputPassword
16:07:30.211 [Darkroom Processing Line] DEBUG net.serenitybdd.core.photography.DarkroomProcessingLine - Processing screenshot image in /var/screenshots/screenshot-3694896662537151563
16:07:30.211 [Darkroom Processing Line] DEBUG net.serenitybdd.core.photography.DarkroomProcessingLine - Saving screenshot to target\site\serenity\20be2507591f2c6468d6540adf31e9ad805ad0bf94dab28a1ca34c33202f2dac.png
16:07:30.225 [main] DEBUG net.thucydides.core.steps.StepInterceptor - STARTING STEP: ProductSteps.iAmOnProductPage - clickLoginButton
16:07:30.231 [Forwarding findElement on session 5979f16a7b5164a86af58d54cfcca8f9 to remote] DEBUG org.asynchttpclient.netty.request.NettyRequestSender - Using pooled Channel '[id: 0x53f52c6f, L:/127.0.0.1:60215 - R:localhost/127.0.0.1:56747]' for 'POST' to 'http://localhost:56747/session/5979f16a7b5164a86af58d54cfcca8f9/element'
16:07:30.231 [Forwarding findElement on session 5979f16a7b5164a86af58d54cfcca8f9 to remote] DEBUG org.asynchttpclient.netty.request.NettyRequestSender - Using open Channel [id: 0x53f52c6f, L:/127.0.0.1:60215 - R:localhost/127.0.0.1:56747] for POST '/session/5979f16a7b5164a86af58d54cfcca8f9/element'
16:07:30.275 [AsyncHttpClient-1-3] DEBUG org.asynchttpclient.netty.handler.HttpHandler - 

Request DefaultHttpRequest(decodeResult: success, version: HTTP/1.1)
POST /session/5979f16a7b5164a86af58d54cfcca8f9/element HTTP/1.1
User-Agent: selenium/4.1.2 (java windows)
Content-Length: 136
Content-Type: application/json; charset=utf-8
host: localhost:56747
accept: */*

Response DefaultHttpResponse(decodeResult: success, version: HTTP/1.1)
HTTP/1.1 200 OK
Content-Type: application/json; charset=utf-8
cache-control: no-cache
content-length: 88

16:07:30.276 [AsyncHttpClient-1-3] DEBUG org.asynchttpclient.netty.channel.ChannelManager - Adding key: http://localhost:56747 for channel [id: 0x53f52c6f, L:/127.0.0.1:60215 - R:localhost/127.0.0.1:56747]
16:07:30.278 [Forwarding getElementTagName on session 5979f16a7b5164a86af58d54cfcca8f9 to remote] DEBUG org.asynchttpclient.netty.request.NettyRequestSender - Using pooled Channel '[id: 0x53f52c6f, L:/127.0.0.1:60215 - R:localhost/127.0.0.1:56747]' for 'GET' to 'http://localhost:56747/session/5979f16a7b5164a86af58d54cfcca8f9/element/c127f337-e137-4983-8cdc-3e98401cc73d/name'
16:07:30.279 [Forwarding getElementTagName on session 5979f16a7b5164a86af58d54cfcca8f9 to remote] DEBUG org.asynchttpclient.netty.request.NettyRequestSender - Using open Channel [id: 0x53f52c6f, L:/127.0.0.1:60215 - R:localhost/127.0.0.1:56747] for GET '/session/5979f16a7b5164a86af58d54cfcca8f9/element/c127f337-e137-4983-8cdc-3e98401cc73d/name'
16:07:30.289 [AsyncHttpClient-1-3] DEBUG org.asynchttpclient.netty.handler.HttpHandler - 

Request DefaultFullHttpRequest(decodeResult: success, version: HTTP/1.1, content: EmptyByteBufBE)
GET /session/5979f16a7b5164a86af58d54cfcca8f9/element/c127f337-e137-4983-8cdc-3e98401cc73d/name HTTP/1.1
User-Agent: selenium/4.1.2 (java windows)
Cache-Control: no-cache
Content-Type: application/json; charset=utf-8
host: localhost:56747
accept: */*

Response DefaultHttpResponse(decodeResult: success, version: HTTP/1.1)
HTTP/1.1 200 OK
Content-Type: application/json; charset=utf-8
cache-control: no-cache
content-length: 18

16:07:30.289 [AsyncHttpClient-1-3] DEBUG org.asynchttpclient.netty.channel.ChannelManager - Adding key: http://localhost:56747 for channel [id: 0x53f52c6f, L:/127.0.0.1:60215 - R:localhost/127.0.0.1:56747]
16:07:30.291 [Forwarding getElementTagName on session 5979f16a7b5164a86af58d54cfcca8f9 to remote] DEBUG org.asynchttpclient.netty.request.NettyRequestSender - Using pooled Channel '[id: 0x53f52c6f, L:/127.0.0.1:60215 - R:localhost/127.0.0.1:56747]' for 'GET' to 'http://localhost:56747/session/5979f16a7b5164a86af58d54cfcca8f9/element/c127f337-e137-4983-8cdc-3e98401cc73d/name'
16:07:30.292 [Forwarding getElementTagName on session 5979f16a7b5164a86af58d54cfcca8f9 to remote] DEBUG org.asynchttpclient.netty.request.NettyRequestSender - Using open Channel [id: 0x53f52c6f, L:/127.0.0.1:60215 - R:localhost/127.0.0.1:56747] for GET '/session/5979f16a7b5164a86af58d54cfcca8f9/element/c127f337-e137-4983-8cdc-3e98401cc73d/name'
16:07:30.356 [AsyncHttpClient-1-3] DEBUG org.asynchttpclient.netty.handler.HttpHandler - 

Request DefaultFullHttpRequest(decodeResult: success, version: HTTP/1.1, content: EmptyByteBufBE)
GET /session/5979f16a7b5164a86af58d54cfcca8f9/element/c127f337-e137-4983-8cdc-3e98401cc73d/name HTTP/1.1
User-Agent: selenium/4.1.2 (java windows)
Cache-Control: no-cache
Content-Type: application/json; charset=utf-8
host: localhost:56747
accept: */*

Response DefaultHttpResponse(decodeResult: success, version: HTTP/1.1)
HTTP/1.1 200 OK
Content-Type: application/json; charset=utf-8
cache-control: no-cache
content-length: 18

16:07:30.356 [AsyncHttpClient-1-3] DEBUG org.asynchttpclient.netty.channel.ChannelManager - Adding key: http://localhost:56747 for channel [id: 0x53f52c6f, L:/127.0.0.1:60215 - R:localhost/127.0.0.1:56747]
16:07:30.362 [Forwarding isElementEnabled on session 5979f16a7b5164a86af58d54cfcca8f9 to remote] DEBUG org.asynchttpclient.netty.request.NettyRequestSender - Using pooled Channel '[id: 0x53f52c6f, L:/127.0.0.1:60215 - R:localhost/127.0.0.1:56747]' for 'GET' to 'http://localhost:56747/session/5979f16a7b5164a86af58d54cfcca8f9/element/c127f337-e137-4983-8cdc-3e98401cc73d/enabled'
16:07:30.363 [Forwarding isElementEnabled on session 5979f16a7b5164a86af58d54cfcca8f9 to remote] DEBUG org.asynchttpclient.netty.request.NettyRequestSender - Using open Channel [id: 0x53f52c6f, L:/127.0.0.1:60215 - R:localhost/127.0.0.1:56747] for GET '/session/5979f16a7b5164a86af58d54cfcca8f9/element/c127f337-e137-4983-8cdc-3e98401cc73d/enabled'
16:07:30.391 [AsyncHttpClient-1-3] DEBUG org.asynchttpclient.netty.handler.HttpHandler - 

Request DefaultFullHttpRequest(decodeResult: success, version: HTTP/1.1, content: EmptyByteBufBE)
GET /session/5979f16a7b5164a86af58d54cfcca8f9/element/c127f337-e137-4983-8cdc-3e98401cc73d/enabled HTTP/1.1
User-Agent: selenium/4.1.2 (java windows)
Cache-Control: no-cache
Content-Type: application/json; charset=utf-8
host: localhost:56747
accept: */*

Response DefaultHttpResponse(decodeResult: success, version: HTTP/1.1)
HTTP/1.1 200 OK
Content-Type: application/json; charset=utf-8
cache-control: no-cache
content-length: 14

16:07:30.392 [AsyncHttpClient-1-3] DEBUG org.asynchttpclient.netty.channel.ChannelManager - Adding key: http://localhost:56747 for channel [id: 0x53f52c6f, L:/127.0.0.1:60215 - R:localhost/127.0.0.1:56747]
16:07:30.395 [Forwarding isElementEnabled on session 5979f16a7b5164a86af58d54cfcca8f9 to remote] DEBUG org.asynchttpclient.netty.request.NettyRequestSender - Using pooled Channel '[id: 0x53f52c6f, L:/127.0.0.1:60215 - R:localhost/127.0.0.1:56747]' for 'GET' to 'http://localhost:56747/session/5979f16a7b5164a86af58d54cfcca8f9/element/c127f337-e137-4983-8cdc-3e98401cc73d/enabled'
16:07:30.395 [Forwarding isElementEnabled on session 5979f16a7b5164a86af58d54cfcca8f9 to remote] DEBUG org.asynchttpclient.netty.request.NettyRequestSender - Using open Channel [id: 0x53f52c6f, L:/127.0.0.1:60215 - R:localhost/127.0.0.1:56747] for GET '/session/5979f16a7b5164a86af58d54cfcca8f9/element/c127f337-e137-4983-8cdc-3e98401cc73d/enabled'
16:07:30.425 [AsyncHttpClient-1-3] DEBUG org.asynchttpclient.netty.handler.HttpHandler - 

Request DefaultFullHttpRequest(decodeResult: success, version: HTTP/1.1, content: EmptyByteBufBE)
GET /session/5979f16a7b5164a86af58d54cfcca8f9/element/c127f337-e137-4983-8cdc-3e98401cc73d/enabled HTTP/1.1
User-Agent: selenium/4.1.2 (java windows)
Cache-Control: no-cache
Content-Type: application/json; charset=utf-8
host: localhost:56747
accept: */*

Response DefaultHttpResponse(decodeResult: success, version: HTTP/1.1)
HTTP/1.1 200 OK
Content-Type: application/json; charset=utf-8
cache-control: no-cache
content-length: 14

16:07:30.425 [AsyncHttpClient-1-3] DEBUG org.asynchttpclient.netty.channel.ChannelManager - Adding key: http://localhost:56747 for channel [id: 0x53f52c6f, L:/127.0.0.1:60215 - R:localhost/127.0.0.1:56747]
16:07:30.429 [Forwarding findElement on session 5979f16a7b5164a86af58d54cfcca8f9 to remote] DEBUG org.asynchttpclient.netty.request.NettyRequestSender - Using pooled Channel '[id: 0x53f52c6f, L:/127.0.0.1:60215 - R:localhost/127.0.0.1:56747]' for 'POST' to 'http://localhost:56747/session/5979f16a7b5164a86af58d54cfcca8f9/element'
16:07:30.429 [Forwarding findElement on session 5979f16a7b5164a86af58d54cfcca8f9 to remote] DEBUG org.asynchttpclient.netty.request.NettyRequestSender - Using open Channel [id: 0x53f52c6f, L:/127.0.0.1:60215 - R:localhost/127.0.0.1:56747] for POST '/session/5979f16a7b5164a86af58d54cfcca8f9/element'
16:07:30.446 [AsyncHttpClient-1-3] DEBUG org.asynchttpclient.netty.handler.HttpHandler - 

Request DefaultHttpRequest(decodeResult: success, version: HTTP/1.1)
POST /session/5979f16a7b5164a86af58d54cfcca8f9/element HTTP/1.1
User-Agent: selenium/4.1.2 (java windows)
Content-Length: 136
Content-Type: application/json; charset=utf-8
host: localhost:56747
accept: */*

Response DefaultHttpResponse(decodeResult: success, version: HTTP/1.1)
HTTP/1.1 200 OK
Content-Type: application/json; charset=utf-8
cache-control: no-cache
content-length: 88

16:07:30.447 [AsyncHttpClient-1-3] DEBUG org.asynchttpclient.netty.channel.ChannelManager - Adding key: http://localhost:56747 for channel [id: 0x53f52c6f, L:/127.0.0.1:60215 - R:localhost/127.0.0.1:56747]
16:07:30.451 [Forwarding clickElement on session 5979f16a7b5164a86af58d54cfcca8f9 to remote] DEBUG org.asynchttpclient.netty.request.NettyRequestSender - Using pooled Channel '[id: 0x53f52c6f, L:/127.0.0.1:60215 - R:localhost/127.0.0.1:56747]' for 'POST' to 'http://localhost:56747/session/5979f16a7b5164a86af58d54cfcca8f9/element/c127f337-e137-4983-8cdc-3e98401cc73d/click'
16:07:30.451 [Forwarding clickElement on session 5979f16a7b5164a86af58d54cfcca8f9 to remote] DEBUG org.asynchttpclient.netty.request.NettyRequestSender - Using open Channel [id: 0x53f52c6f, L:/127.0.0.1:60215 - R:localhost/127.0.0.1:56747] for POST '/session/5979f16a7b5164a86af58d54cfcca8f9/element/c127f337-e137-4983-8cdc-3e98401cc73d/click'
16:07:30.679 [AsyncHttpClient-1-3] DEBUG org.asynchttpclient.netty.handler.HttpHandler - 

Request DefaultHttpRequest(decodeResult: success, version: HTTP/1.1)
POST /session/5979f16a7b5164a86af58d54cfcca8f9/element/c127f337-e137-4983-8cdc-3e98401cc73d/click HTTP/1.1
User-Agent: selenium/4.1.2 (java windows)
Content-Length: 50
Content-Type: application/json; charset=utf-8
host: localhost:56747
accept: */*

Response DefaultHttpResponse(decodeResult: success, version: HTTP/1.1)
HTTP/1.1 200 OK
Content-Type: application/json; charset=utf-8
cache-control: no-cache
content-length: 14

16:07:30.680 [AsyncHttpClient-1-3] DEBUG org.asynchttpclient.netty.channel.ChannelManager - Adding key: http://localhost:56747 for channel [id: 0x53f52c6f, L:/127.0.0.1:60215 - R:localhost/127.0.0.1:56747]
16:07:30.711 [Forwarding screenshot on session 5979f16a7b5164a86af58d54cfcca8f9 to remote] DEBUG org.asynchttpclient.netty.request.NettyRequestSender - Using pooled Channel '[id: 0x53f52c6f, L:/127.0.0.1:60215 - R:localhost/127.0.0.1:56747]' for 'GET' to 'http://localhost:56747/session/5979f16a7b5164a86af58d54cfcca8f9/screenshot'
16:07:30.711 [Forwarding screenshot on session 5979f16a7b5164a86af58d54cfcca8f9 to remote] DEBUG org.asynchttpclient.netty.request.NettyRequestSender - Using open Channel [id: 0x53f52c6f, L:/127.0.0.1:60215 - R:localhost/127.0.0.1:56747] for GET '/session/5979f16a7b5164a86af58d54cfcca8f9/screenshot'
16:07:31.159 [AsyncHttpClient-1-1] DEBUG org.asynchttpclient.netty.channel.DefaultChannelPool - Entry count for : http://localhost:60216 : 1
16:07:32.276 [AsyncHttpClient-1-1] DEBUG org.asynchttpclient.netty.channel.DefaultChannelPool - Entry count for : http://localhost:60216 : 1
16:07:33.343 [AsyncHttpClient-1-1] DEBUG org.asynchttpclient.netty.channel.DefaultChannelPool - Entry count for : http://localhost:60216 : 1
16:07:34.561 [AsyncHttpClient-1-1] DEBUG org.asynchttpclient.netty.channel.DefaultChannelPool - Entry count for : http://localhost:60216 : 1
16:07:35.666 [AsyncHttpClient-1-1] DEBUG org.asynchttpclient.netty.channel.DefaultChannelPool - Entry count for : http://localhost:60216 : 1
16:07:36.758 [AsyncHttpClient-1-1] DEBUG org.asynchttpclient.netty.channel.DefaultChannelPool - Entry count for : http://localhost:60216 : 1
16:07:37.875 [AsyncHttpClient-1-1] DEBUG org.asynchttpclient.netty.channel.DefaultChannelPool - Entry count for : http://localhost:60216 : 1
16:07:38.936 [AsyncHttpClient-1-1] DEBUG org.asynchttpclient.netty.channel.DefaultChannelPool - Entry count for : http://localhost:60216 : 1
16:07:40.052 [AsyncHttpClient-1-1] DEBUG org.asynchttpclient.netty.channel.DefaultChannelPool - Entry count for : http://localhost:60216 : 1
16:07:41.138 [AsyncHttpClient-1-1] DEBUG org.asynchttpclient.netty.channel.DefaultChannelPool - Entry count for : http://localhost:60216 : 1
16:07:42.253 [AsyncHttpClient-1-1] DEBUG org.asynchttpclient.netty.channel.DefaultChannelPool - Entry count for : http://localhost:60216 : 1
16:07:43.335 [AsyncHttpClient-1-1] DEBUG org.asynchttpclient.netty.channel.DefaultChannelPool - Entry count for : http://localhost:60216 : 1
16:07:44.451 [AsyncHttpClient-1-1] DEBUG org.asynchttpclient.netty.channel.DefaultChannelPool - Entry count for : http://localhost:60216 : 1
16:07:45.545 [AsyncHttpClient-1-1] DEBUG org.asynchttpclient.netty.channel.DefaultChannelPool - Entry count for : http://localhost:60216 : 1
16:07:46.640 [AsyncHttpClient-1-1] DEBUG org.asynchttpclient.netty.channel.DefaultChannelPool - Entry count for : http://localhost:60216 : 1
16:07:46.788 [AsyncHttpClient-1-3] DEBUG org.asynchttpclient.netty.handler.HttpHandler - 

Request DefaultFullHttpRequest(decodeResult: success, version: HTTP/1.1, content: EmptyByteBufBE)
GET /session/5979f16a7b5164a86af58d54cfcca8f9/screenshot HTTP/1.1
User-Agent: selenium/4.1.2 (java windows)
Cache-Control: no-cache
Content-Type: application/json; charset=utf-8
host: localhost:56747
accept: */*

Response DefaultHttpResponse(decodeResult: success, version: HTTP/1.1)
HTTP/1.1 200 OK
Content-Type: application/json; charset=utf-8
cache-control: no-cache
content-length: 88732

16:07:46.790 [AsyncHttpClient-1-3] DEBUG org.asynchttpclient.netty.channel.ChannelManager - Adding key: http://localhost:56747 for channel [id: 0x53f52c6f, L:/127.0.0.1:60215 - R:localhost/127.0.0.1:56747]
16:07:46.795 [main] DEBUG net.serenitybdd.core.photography.Darkroom - Send negative for processing for target\site\serenity\5cf5365b44de1eb7e25e8bfd684acd469df441bfc9ffa6df5d63ef113f1f88e8.png
16:07:46.795 [main] DEBUG net.thucydides.core.steps.StepInterceptor - STEP DONE: clickLoginButton
  &amp#27;[32mGiven &amp#27;[0m&amp#27;[32mI am on product page&amp#27;[0m                             &amp#27;[90m# starter.stepdefinitions.ProductSteps.iAmOnProductPage()&amp#27;[0m
16:07:46.871 [Forwarding screenshot on session 5979f16a7b5164a86af58d54cfcca8f9 to remote] DEBUG org.asynchttpclient.netty.request.NettyRequestSender - Using pooled Channel '[id: 0x53f52c6f, L:/127.0.0.1:60215 - R:localhost/127.0.0.1:56747]' for 'GET' to 'http://localhost:56747/session/5979f16a7b5164a86af58d54cfcca8f9/screenshot'
16:07:46.871 [Forwarding screenshot on session 5979f16a7b5164a86af58d54cfcca8f9 to remote] DEBUG org.asynchttpclient.netty.request.NettyRequestSender - Using open Channel [id: 0x53f52c6f, L:/127.0.0.1:60215 - R:localhost/127.0.0.1:56747] for GET '/session/5979f16a7b5164a86af58d54cfcca8f9/screenshot'
16:07:47.050 [AsyncHttpClient-1-3] DEBUG org.asynchttpclient.netty.handler.HttpHandler - 

Request DefaultFullHttpRequest(decodeResult: success, version: HTTP/1.1, content: EmptyByteBufBE)
GET /session/5979f16a7b5164a86af58d54cfcca8f9/screenshot HTTP/1.1
User-Agent: selenium/4.1.2 (java windows)
Cache-Control: no-cache
Content-Type: application/json; charset=utf-8
host: localhost:56747
accept: */*

Response DefaultHttpResponse(decodeResult: success, version: HTTP/1.1)
HTTP/1.1 200 OK
Content-Type: application/json; charset=utf-8
cache-control: no-cache
content-length: 88732

16:07:47.051 [AsyncHttpClient-1-3] DEBUG org.asynchttpclient.netty.channel.ChannelManager - Adding key: http://localhost:56747 for channel [id: 0x53f52c6f, L:/127.0.0.1:60215 - R:localhost/127.0.0.1:56747]
16:07:47.057 [main] DEBUG net.serenitybdd.core.photography.Darkroom - Send negative for processing for target\site\serenity\5cf5365b44de1eb7e25e8bfd684acd469df441bfc9ffa6df5d63ef113f1f88e8.png
16:07:47.057 [main] DEBUG net.thucydides.core.steps.StepInterceptor - STARTING STEP: OrderSteps.iClickBuySecondProductButton - clickSecondPRoduct
16:07:47.063 [Forwarding findElement on session 5979f16a7b5164a86af58d54cfcca8f9 to remote] DEBUG org.asynchttpclient.netty.request.NettyRequestSender - Using pooled Channel '[id: 0x53f52c6f, L:/127.0.0.1:60215 - R:localhost/127.0.0.1:56747]' for 'POST' to 'http://localhost:56747/session/5979f16a7b5164a86af58d54cfcca8f9/element'
16:07:47.064 [Forwarding findElement on session 5979f16a7b5164a86af58d54cfcca8f9 to remote] DEBUG org.asynchttpclient.netty.request.NettyRequestSender - Using open Channel [id: 0x53f52c6f, L:/127.0.0.1:60215 - R:localhost/127.0.0.1:56747] for POST '/session/5979f16a7b5164a86af58d54cfcca8f9/element'
16:07:47.100 [AsyncHttpClient-1-3] DEBUG org.asynchttpclient.netty.handler.HttpHandler - 

Request DefaultHttpRequest(decodeResult: success, version: HTTP/1.1)
POST /session/5979f16a7b5164a86af58d54cfcca8f9/element HTTP/1.1
User-Agent: selenium/4.1.2 (java windows)
Content-Length: 122
Content-Type: application/json; charset=utf-8
host: localhost:56747
accept: */*

Response DefaultHttpResponse(decodeResult: success, version: HTTP/1.1)
HTTP/1.1 200 OK
Content-Type: application/json; charset=utf-8
cache-control: no-cache
content-length: 88

16:07:47.100 [AsyncHttpClient-1-3] DEBUG org.asynchttpclient.netty.channel.ChannelManager - Adding key: http://localhost:56747 for channel [id: 0x53f52c6f, L:/127.0.0.1:60215 - R:localhost/127.0.0.1:56747]
16:07:47.103 [Forwarding getElementTagName on session 5979f16a7b5164a86af58d54cfcca8f9 to remote] DEBUG org.asynchttpclient.netty.request.NettyRequestSender - Using pooled Channel '[id: 0x53f52c6f, L:/127.0.0.1:60215 - R:localhost/127.0.0.1:56747]' for 'GET' to 'http://localhost:56747/session/5979f16a7b5164a86af58d54cfcca8f9/element/e1281f7a-ea1d-4eeb-83dd-294be92106fb/name'
16:07:47.103 [Forwarding getElementTagName on session 5979f16a7b5164a86af58d54cfcca8f9 to remote] DEBUG org.asynchttpclient.netty.request.NettyRequestSender - Using open Channel [id: 0x53f52c6f, L:/127.0.0.1:60215 - R:localhost/127.0.0.1:56747] for GET '/session/5979f16a7b5164a86af58d54cfcca8f9/element/e1281f7a-ea1d-4eeb-83dd-294be92106fb/name'
16:07:47.111 [AsyncHttpClient-1-3] DEBUG org.asynchttpclient.netty.handler.HttpHandler - 

Request DefaultFullHttpRequest(decodeResult: success, version: HTTP/1.1, content: EmptyByteBufBE)
GET /session/5979f16a7b5164a86af58d54cfcca8f9/element/e1281f7a-ea1d-4eeb-83dd-294be92106fb/name HTTP/1.1
User-Agent: selenium/4.1.2 (java windows)
Cache-Control: no-cache
Content-Type: application/json; charset=utf-8
host: localhost:56747
accept: */*

Response DefaultHttpResponse(decodeResult: success, version: HTTP/1.1)
HTTP/1.1 200 OK
Content-Type: application/json; charset=utf-8
cache-control: no-cache
content-length: 16

16:07:47.111 [AsyncHttpClient-1-3] DEBUG org.asynchttpclient.netty.channel.ChannelManager - Adding key: http://localhost:56747 for channel [id: 0x53f52c6f, L:/127.0.0.1:60215 - R:localhost/127.0.0.1:56747]
16:07:47.113 [Forwarding getElementTagName on session 5979f16a7b5164a86af58d54cfcca8f9 to remote] DEBUG org.asynchttpclient.netty.request.NettyRequestSender - Using pooled Channel '[id: 0x53f52c6f, L:/127.0.0.1:60215 - R:localhost/127.0.0.1:56747]' for 'GET' to 'http://localhost:56747/session/5979f16a7b5164a86af58d54cfcca8f9/element/e1281f7a-ea1d-4eeb-83dd-294be92106fb/name'
16:07:47.113 [Forwarding getElementTagName on session 5979f16a7b5164a86af58d54cfcca8f9 to remote] DEBUG org.asynchttpclient.netty.request.NettyRequestSender - Using open Channel [id: 0x53f52c6f, L:/127.0.0.1:60215 - R:localhost/127.0.0.1:56747] for GET '/session/5979f16a7b5164a86af58d54cfcca8f9/element/e1281f7a-ea1d-4eeb-83dd-294be92106fb/name'
16:07:47.119 [AsyncHttpClient-1-3] DEBUG org.asynchttpclient.netty.handler.HttpHandler - 

Request DefaultFullHttpRequest(decodeResult: success, version: HTTP/1.1, content: EmptyByteBufBE)
GET /session/5979f16a7b5164a86af58d54cfcca8f9/element/e1281f7a-ea1d-4eeb-83dd-294be92106fb/name HTTP/1.1
User-Agent: selenium/4.1.2 (java windows)
Cache-Control: no-cache
Content-Type: application/json; charset=utf-8
host: localhost:56747
accept: */*

Response DefaultHttpResponse(decodeResult: success, version: HTTP/1.1)
HTTP/1.1 200 OK
Content-Type: application/json; charset=utf-8
cache-control: no-cache
content-length: 16

16:07:47.119 [AsyncHttpClient-1-3] DEBUG org.asynchttpclient.netty.channel.ChannelManager - Adding key: http://localhost:56747 for channel [id: 0x53f52c6f, L:/127.0.0.1:60215 - R:localhost/127.0.0.1:56747]
16:07:47.122 [Forwarding findElement on session 5979f16a7b5164a86af58d54cfcca8f9 to remote] DEBUG org.asynchttpclient.netty.request.NettyRequestSender - Using pooled Channel '[id: 0x53f52c6f, L:/127.0.0.1:60215 - R:localhost/127.0.0.1:56747]' for 'POST' to 'http://localhost:56747/session/5979f16a7b5164a86af58d54cfcca8f9/element'
16:07:47.122 [Forwarding findElement on session 5979f16a7b5164a86af58d54cfcca8f9 to remote] DEBUG org.asynchttpclient.netty.request.NettyRequestSender - Using open Channel [id: 0x53f52c6f, L:/127.0.0.1:60215 - R:localhost/127.0.0.1:56747] for POST '/session/5979f16a7b5164a86af58d54cfcca8f9/element'
16:07:47.146 [AsyncHttpClient-1-3] DEBUG org.asynchttpclient.netty.handler.HttpHandler - 

Request DefaultHttpRequest(decodeResult: success, version: HTTP/1.1)
POST /session/5979f16a7b5164a86af58d54cfcca8f9/element HTTP/1.1
User-Agent: selenium/4.1.2 (java windows)
Content-Length: 122
Content-Type: application/json; charset=utf-8
host: localhost:56747
accept: */*

Response DefaultHttpResponse(decodeResult: success, version: HTTP/1.1)
HTTP/1.1 200 OK
Content-Type: application/json; charset=utf-8
cache-control: no-cache
content-length: 88

16:07:47.146 [AsyncHttpClient-1-3] DEBUG org.asynchttpclient.netty.channel.ChannelManager - Adding key: http://localhost:56747 for channel [id: 0x53f52c6f, L:/127.0.0.1:60215 - R:localhost/127.0.0.1:56747]
16:07:47.148 [Forwarding clickElement on session 5979f16a7b5164a86af58d54cfcca8f9 to remote] DEBUG org.asynchttpclient.netty.request.NettyRequestSender - Using pooled Channel '[id: 0x53f52c6f, L:/127.0.0.1:60215 - R:localhost/127.0.0.1:56747]' for 'POST' to 'http://localhost:56747/session/5979f16a7b5164a86af58d54cfcca8f9/element/e1281f7a-ea1d-4eeb-83dd-294be92106fb/click'
16:07:47.149 [Forwarding clickElement on session 5979f16a7b5164a86af58d54cfcca8f9 to remote] DEBUG org.asynchttpclient.netty.request.NettyRequestSender - Using open Channel [id: 0x53f52c6f, L:/127.0.0.1:60215 - R:localhost/127.0.0.1:56747] for POST '/session/5979f16a7b5164a86af58d54cfcca8f9/element/e1281f7a-ea1d-4eeb-83dd-294be92106fb/click'
16:07:47.326 [AsyncHttpClient-1-3] DEBUG org.asynchttpclient.netty.handler.HttpHandler - 

Request DefaultHttpRequest(decodeResult: success, version: HTTP/1.1)
POST /session/5979f16a7b5164a86af58d54cfcca8f9/element/e1281f7a-ea1d-4eeb-83dd-294be92106fb/click HTTP/1.1
User-Agent: selenium/4.1.2 (java windows)
Content-Length: 50
Content-Type: application/json; charset=utf-8
host: localhost:56747
accept: */*

Response DefaultHttpResponse(decodeResult: success, version: HTTP/1.1)
HTTP/1.1 200 OK
Content-Type: application/json; charset=utf-8
cache-control: no-cache
content-length: 14

16:07:47.326 [AsyncHttpClient-1-3] DEBUG org.asynchttpclient.netty.channel.ChannelManager - Adding key: http://localhost:56747 for channel [id: 0x53f52c6f, L:/127.0.0.1:60215 - R:localhost/127.0.0.1:56747]
16:07:47.342 [Forwarding screenshot on session 5979f16a7b5164a86af58d54cfcca8f9 to remote] DEBUG org.asynchttpclient.netty.request.NettyRequestSender - Using pooled Channel '[id: 0x53f52c6f, L:/127.0.0.1:60215 - R:localhost/127.0.0.1:56747]' for 'GET' to 'http://localhost:56747/session/5979f16a7b5164a86af58d54cfcca8f9/screenshot'
16:07:47.342 [Forwarding screenshot on session 5979f16a7b5164a86af58d54cfcca8f9 to remote] DEBUG org.asynchttpclient.netty.request.NettyRequestSender - Using open Channel [id: 0x53f52c6f, L:/127.0.0.1:60215 - R:localhost/127.0.0.1:56747] for GET '/session/5979f16a7b5164a86af58d54cfcca8f9/screenshot'
16:07:47.647 [AsyncHttpClient-1-3] DEBUG org.asynchttpclient.netty.handler.HttpHandler - 

Request DefaultFullHttpRequest(decodeResult: success, version: HTTP/1.1, content: EmptyByteBufBE)
GET /session/5979f16a7b5164a86af58d54cfcca8f9/screenshot HTTP/1.1
User-Agent: selenium/4.1.2 (java windows)
Cache-Control: no-cache
Content-Type: application/json; charset=utf-8
host: localhost:56747
accept: */*

Response DefaultHttpResponse(decodeResult: success, version: HTTP/1.1)
HTTP/1.1 200 OK
Content-Type: application/json; charset=utf-8
cache-control: no-cache
content-length: 90552

16:07:47.711 [AsyncHttpClient-1-3] DEBUG org.asynchttpclient.netty.channel.ChannelManager - Adding key: http://localhost:56747 for channel [id: 0x53f52c6f, L:/127.0.0.1:60215 - R:localhost/127.0.0.1:56747]
16:07:47.741 [main] DEBUG net.serenitybdd.core.photography.Darkroom - Send negative for processing for target\site\serenity\684dd4bf0f2ad403abb9b5008d8fc9dcea0696d82c69c6b1d032b59387ddd284.png
16:07:47.742 [main] DEBUG net.thucydides.core.steps.StepInterceptor - STEP DONE: clickSecondPRoduct
  &amp#27;[32mWhen &amp#27;[0m&amp#27;[32mI click buy second product button on product page&amp#27;[0m &amp#27;[90m# starter.stepdefinitions.OrderSteps.iClickBuySecondProductButton()&amp#27;[0m
16:07:47.775 [Darkroom Processing Line] DEBUG net.serenitybdd.core.photography.DarkroomProcessingLine - Processing screenshot image in /var/screenshots/screenshot-3073231720778623097
16:07:47.775 [Darkroom Processing Line] DEBUG net.serenitybdd.core.photography.DarkroomProcessingLine - Saving screenshot to target\site\serenity\684dd4bf0f2ad403abb9b5008d8fc9dcea0696d82c69c6b1d032b59387ddd284.png
16:07:47.787 [AsyncHttpClient-1-1] DEBUG org.asynchttpclient.netty.channel.DefaultChannelPool - Entry count for : http://localhost:56747 : 1
16:07:47.787 [AsyncHttpClient-1-1] DEBUG org.asynchttpclient.netty.channel.DefaultChannelPool - Entry count for : http://localhost:60216 : 1
16:07:47.789 [main] DEBUG net.thucydides.core.steps.StepInterceptor - STARTING STEP: OrderSteps.iClickShoppingCartButton - clickShoppingCart
16:07:47.796 [Forwarding findElement on session 5979f16a7b5164a86af58d54cfcca8f9 to remote] DEBUG org.asynchttpclient.netty.request.NettyRequestSender - Using pooled Channel '[id: 0x53f52c6f, L:/127.0.0.1:60215 - R:localhost/127.0.0.1:56747]' for 'POST' to 'http://localhost:56747/session/5979f16a7b5164a86af58d54cfcca8f9/element'
16:07:47.796 [Forwarding findElement on session 5979f16a7b5164a86af58d54cfcca8f9 to remote] DEBUG org.asynchttpclient.netty.request.NettyRequestSender - Using open Channel [id: 0x53f52c6f, L:/127.0.0.1:60215 - R:localhost/127.0.0.1:56747] for POST '/session/5979f16a7b5164a86af58d54cfcca8f9/element'
16:07:47.870 [AsyncHttpClient-1-3] DEBUG org.asynchttpclient.netty.handler.HttpHandler - 

Request DefaultHttpRequest(decodeResult: success, version: HTTP/1.1)
POST /session/5979f16a7b5164a86af58d54cfcca8f9/element HTTP/1.1
User-Agent: selenium/4.1.2 (java windows)
Content-Length: 213
Content-Type: application/json; charset=utf-8
host: localhost:56747
accept: */*

Response DefaultHttpResponse(decodeResult: success, version: HTTP/1.1)
HTTP/1.1 200 OK
Content-Type: application/json; charset=utf-8
cache-control: no-cache
content-length: 88

16:07:47.870 [AsyncHttpClient-1-3] DEBUG org.asynchttpclient.netty.channel.ChannelManager - Adding key: http://localhost:56747 for channel [id: 0x53f52c6f, L:/127.0.0.1:60215 - R:localhost/127.0.0.1:56747]
16:07:47.874 [Forwarding getElementTagName on session 5979f16a7b5164a86af58d54cfcca8f9 to remote] DEBUG org.asynchttpclient.netty.request.NettyRequestSender - Using pooled Channel '[id: 0x53f52c6f, L:/127.0.0.1:60215 - R:localhost/127.0.0.1:56747]' for 'GET' to 'http://localhost:56747/session/5979f16a7b5164a86af58d54cfcca8f9/element/26dd2489-f445-491b-a448-e1d87d48b809/name'
16:07:47.874 [Forwarding getElementTagName on session 5979f16a7b5164a86af58d54cfcca8f9 to remote] DEBUG org.asynchttpclient.netty.request.NettyRequestSender - Using open Channel [id: 0x53f52c6f, L:/127.0.0.1:60215 - R:localhost/127.0.0.1:56747] for GET '/session/5979f16a7b5164a86af58d54cfcca8f9/element/26dd2489-f445-491b-a448-e1d87d48b809/name'
16:07:47.886 [AsyncHttpClient-1-3] DEBUG org.asynchttpclient.netty.handler.HttpHandler - 

Request DefaultFullHttpRequest(decodeResult: success, version: HTTP/1.1, content: EmptyByteBufBE)
GET /session/5979f16a7b5164a86af58d54cfcca8f9/element/26dd2489-f445-491b-a448-e1d87d48b809/name HTTP/1.1
User-Agent: selenium/4.1.2 (java windows)
Cache-Control: no-cache
Content-Type: application/json; charset=utf-8
host: localhost:56747
accept: */*

Response DefaultHttpResponse(decodeResult: success, version: HTTP/1.1)
HTTP/1.1 200 OK
Content-Type: application/json; charset=utf-8
cache-control: no-cache
content-length: 16

16:07:47.887 [AsyncHttpClient-1-3] DEBUG org.asynchttpclient.netty.channel.ChannelManager - Adding key: http://localhost:56747 for channel [id: 0x53f52c6f, L:/127.0.0.1:60215 - R:localhost/127.0.0.1:56747]
16:07:47.890 [Forwarding getElementTagName on session 5979f16a7b5164a86af58d54cfcca8f9 to remote] DEBUG org.asynchttpclient.netty.request.NettyRequestSender - Using pooled Channel '[id: 0x53f52c6f, L:/127.0.0.1:60215 - R:localhost/127.0.0.1:56747]' for 'GET' to 'http://localhost:56747/session/5979f16a7b5164a86af58d54cfcca8f9/element/26dd2489-f445-491b-a448-e1d87d48b809/name'
16:07:47.890 [Forwarding getElementTagName on session 5979f16a7b5164a86af58d54cfcca8f9 to remote] DEBUG org.asynchttpclient.netty.request.NettyRequestSender - Using open Channel [id: 0x53f52c6f, L:/127.0.0.1:60215 - R:localhost/127.0.0.1:56747] for GET '/session/5979f16a7b5164a86af58d54cfcca8f9/element/26dd2489-f445-491b-a448-e1d87d48b809/name'
16:07:47.901 [AsyncHttpClient-1-3] DEBUG org.asynchttpclient.netty.handler.HttpHandler - 

Request DefaultFullHttpRequest(decodeResult: success, version: HTTP/1.1, content: EmptyByteBufBE)
GET /session/5979f16a7b5164a86af58d54cfcca8f9/element/26dd2489-f445-491b-a448-e1d87d48b809/name HTTP/1.1
User-Agent: selenium/4.1.2 (java windows)
Cache-Control: no-cache
Content-Type: application/json; charset=utf-8
host: localhost:56747
accept: */*

Response DefaultHttpResponse(decodeResult: success, version: HTTP/1.1)
HTTP/1.1 200 OK
Content-Type: application/json; charset=utf-8
cache-control: no-cache
content-length: 16

16:07:47.902 [AsyncHttpClient-1-3] DEBUG org.asynchttpclient.netty.channel.ChannelManager - Adding key: http://localhost:56747 for channel [id: 0x53f52c6f, L:/127.0.0.1:60215 - R:localhost/127.0.0.1:56747]
16:07:47.906 [Forwarding findElement on session 5979f16a7b5164a86af58d54cfcca8f9 to remote] DEBUG org.asynchttpclient.netty.request.NettyRequestSender - Using pooled Channel '[id: 0x53f52c6f, L:/127.0.0.1:60215 - R:localhost/127.0.0.1:56747]' for 'POST' to 'http://localhost:56747/session/5979f16a7b5164a86af58d54cfcca8f9/element'
16:07:47.906 [Forwarding findElement on session 5979f16a7b5164a86af58d54cfcca8f9 to remote] DEBUG org.asynchttpclient.netty.request.NettyRequestSender - Using open Channel [id: 0x53f52c6f, L:/127.0.0.1:60215 - R:localhost/127.0.0.1:56747] for POST '/session/5979f16a7b5164a86af58d54cfcca8f9/element'
16:07:47.935 [AsyncHttpClient-1-3] DEBUG org.asynchttpclient.netty.handler.HttpHandler - 

Request DefaultHttpRequest(decodeResult: success, version: HTTP/1.1)
POST /session/5979f16a7b5164a86af58d54cfcca8f9/element HTTP/1.1
User-Agent: selenium/4.1.2 (java windows)
Content-Length: 213
Content-Type: application/json; charset=utf-8
host: localhost:56747
accept: */*

Response DefaultHttpResponse(decodeResult: success, version: HTTP/1.1)
HTTP/1.1 200 OK
Content-Type: application/json; charset=utf-8
cache-control: no-cache
content-length: 88

16:07:47.936 [AsyncHttpClient-1-3] DEBUG org.asynchttpclient.netty.channel.ChannelManager - Adding key: http://localhost:56747 for channel [id: 0x53f52c6f, L:/127.0.0.1:60215 - R:localhost/127.0.0.1:56747]
16:07:47.939 [Forwarding clickElement on session 5979f16a7b5164a86af58d54cfcca8f9 to remote] DEBUG org.asynchttpclient.netty.request.NettyRequestSender - Using pooled Channel '[id: 0x53f52c6f, L:/127.0.0.1:60215 - R:localhost/127.0.0.1:56747]' for 'POST' to 'http://localhost:56747/session/5979f16a7b5164a86af58d54cfcca8f9/element/26dd2489-f445-491b-a448-e1d87d48b809/click'
16:07:47.939 [Forwarding clickElement on session 5979f16a7b5164a86af58d54cfcca8f9 to remote] DEBUG org.asynchttpclient.netty.request.NettyRequestSender - Using open Channel [id: 0x53f52c6f, L:/127.0.0.1:60215 - R:localhost/127.0.0.1:56747] for POST '/session/5979f16a7b5164a86af58d54cfcca8f9/element/26dd2489-f445-491b-a448-e1d87d48b809/click'
16:07:48.203 [AsyncHttpClient-1-3] DEBUG org.asynchttpclient.netty.handler.HttpHandler - 

Request DefaultHttpRequest(decodeResult: success, version: HTTP/1.1)
POST /session/5979f16a7b5164a86af58d54cfcca8f9/element/26dd2489-f445-491b-a448-e1d87d48b809/click HTTP/1.1
User-Agent: selenium/4.1.2 (java windows)
Content-Length: 50
Content-Type: application/json; charset=utf-8
host: localhost:56747
accept: */*

Response DefaultHttpResponse(decodeResult: success, version: HTTP/1.1)
HTTP/1.1 200 OK
Content-Type: application/json; charset=utf-8
cache-control: no-cache
content-length: 14

16:07:48.203 [AsyncHttpClient-1-3] DEBUG org.asynchttpclient.netty.channel.ChannelManager - Adding key: http://localhost:56747 for channel [id: 0x53f52c6f, L:/127.0.0.1:60215 - R:localhost/127.0.0.1:56747]
16:07:48.219 [Forwarding screenshot on session 5979f16a7b5164a86af58d54cfcca8f9 to remote] DEBUG org.asynchttpclient.netty.request.NettyRequestSender - Using pooled Channel '[id: 0x53f52c6f, L:/127.0.0.1:60215 - R:localhost/127.0.0.1:56747]' for 'GET' to 'http://localhost:56747/session/5979f16a7b5164a86af58d54cfcca8f9/screenshot'
16:07:48.219 [Forwarding screenshot on session 5979f16a7b5164a86af58d54cfcca8f9 to remote] DEBUG org.asynchttpclient.netty.request.NettyRequestSender - Using open Channel [id: 0x53f52c6f, L:/127.0.0.1:60215 - R:localhost/127.0.0.1:56747] for GET '/session/5979f16a7b5164a86af58d54cfcca8f9/screenshot'
16:07:48.676 [AsyncHttpClient-1-3] DEBUG org.asynchttpclient.netty.handler.HttpHandler - 

Request DefaultFullHttpRequest(decodeResult: success, version: HTTP/1.1, content: EmptyByteBufBE)
GET /session/5979f16a7b5164a86af58d54cfcca8f9/screenshot HTTP/1.1
User-Agent: selenium/4.1.2 (java windows)
Cache-Control: no-cache
Content-Type: application/json; charset=utf-8
host: localhost:56747
accept: */*

Response DefaultHttpResponse(decodeResult: success, version: HTTP/1.1)
HTTP/1.1 200 OK
Content-Type: application/json; charset=utf-8
cache-control: no-cache
content-length: 33072

16:07:48.677 [AsyncHttpClient-1-3] DEBUG org.asynchttpclient.netty.channel.ChannelManager - Adding key: http://localhost:56747 for channel [id: 0x53f52c6f, L:/127.0.0.1:60215 - R:localhost/127.0.0.1:56747]
16:07:48.685 [main] DEBUG net.serenitybdd.core.photography.Darkroom - Send negative for processing for target\site\serenity\41c5718b9e8a70b6d31a923793f5e3afa11684dabf3bd9d2c5e50bb86867e1a4.png
16:07:48.686 [main] DEBUG net.thucydides.core.steps.StepInterceptor - STEP DONE: clickShoppingCart
  &amp#27;[32mAnd &amp#27;[0m&amp#27;[32mI click shopping cart button&amp#27;[0m                       &amp#27;[90m# starter.stepdefinitions.OrderSteps.iClickShoppingCartButton()&amp#27;[0m
16:07:48.692 [Darkroom Processing Line] DEBUG net.serenitybdd.core.photography.DarkroomProcessingLine - Processing screenshot image in /var/screenshots/screenshot-13451228024979464913
16:07:48.692 [Darkroom Processing Line] DEBUG net.serenitybdd.core.photography.DarkroomProcessingLine - Saving screenshot to target\site\serenity\41c5718b9e8a70b6d31a923793f5e3afa11684dabf3bd9d2c5e50bb86867e1a4.png
16:07:48.716 [main] DEBUG net.thucydides.core.steps.StepInterceptor - STARTING STEP: OrderSteps.iClickAddSignOnTheProduct - clickAddButton
16:07:48.738 [Forwarding findElement on session 5979f16a7b5164a86af58d54cfcca8f9 to remote] DEBUG org.asynchttpclient.netty.request.NettyRequestSender - Using pooled Channel '[id: 0x53f52c6f, L:/127.0.0.1:60215 - R:localhost/127.0.0.1:56747]' for 'POST' to 'http://localhost:56747/session/5979f16a7b5164a86af58d54cfcca8f9/element'
16:07:48.738 [Forwarding findElement on session 5979f16a7b5164a86af58d54cfcca8f9 to remote] DEBUG org.asynchttpclient.netty.request.NettyRequestSender - Using open Channel [id: 0x53f52c6f, L:/127.0.0.1:60215 - R:localhost/127.0.0.1:56747] for POST '/session/5979f16a7b5164a86af58d54cfcca8f9/element'
16:07:48.861 [AsyncHttpClient-1-3] DEBUG org.asynchttpclient.netty.handler.HttpHandler - 

Request DefaultHttpRequest(decodeResult: success, version: HTTP/1.1)
POST /session/5979f16a7b5164a86af58d54cfcca8f9/element HTTP/1.1
User-Agent: selenium/4.1.2 (java windows)
Content-Length: 94
Content-Type: application/json; charset=utf-8
host: localhost:56747
accept: */*

Response DefaultHttpResponse(decodeResult: success, version: HTTP/1.1)
HTTP/1.1 200 OK
Content-Type: application/json; charset=utf-8
cache-control: no-cache
content-length: 88

16:07:48.862 [AsyncHttpClient-1-3] DEBUG org.asynchttpclient.netty.channel.ChannelManager - Adding key: http://localhost:56747 for channel [id: 0x53f52c6f, L:/127.0.0.1:60215 - R:localhost/127.0.0.1:56747]
16:07:48.866 [Forwarding getElementTagName on session 5979f16a7b5164a86af58d54cfcca8f9 to remote] DEBUG org.asynchttpclient.netty.request.NettyRequestSender - Using pooled Channel '[id: 0x53f52c6f, L:/127.0.0.1:60215 - R:localhost/127.0.0.1:56747]' for 'GET' to 'http://localhost:56747/session/5979f16a7b5164a86af58d54cfcca8f9/element/780dd65a-fa1e-480a-b0a6-35e8272abb29/name'
16:07:48.866 [Forwarding getElementTagName on session 5979f16a7b5164a86af58d54cfcca8f9 to remote] DEBUG org.asynchttpclient.netty.request.NettyRequestSender - Using open Channel [id: 0x53f52c6f, L:/127.0.0.1:60215 - R:localhost/127.0.0.1:56747] for GET '/session/5979f16a7b5164a86af58d54cfcca8f9/element/780dd65a-fa1e-480a-b0a6-35e8272abb29/name'
16:07:48.878 [AsyncHttpClient-1-3] DEBUG org.asynchttpclient.netty.handler.HttpHandler - 

Request DefaultFullHttpRequest(decodeResult: success, version: HTTP/1.1, content: EmptyByteBufBE)
GET /session/5979f16a7b5164a86af58d54cfcca8f9/element/780dd65a-fa1e-480a-b0a6-35e8272abb29/name HTTP/1.1
User-Agent: selenium/4.1.2 (java windows)
Cache-Control: no-cache
Content-Type: application/json; charset=utf-8
host: localhost:56747
accept: */*

Response DefaultHttpResponse(decodeResult: success, version: HTTP/1.1)
HTTP/1.1 200 OK
Content-Type: application/json; charset=utf-8
cache-control: no-cache
content-length: 16

16:07:48.878 [AsyncHttpClient-1-3] DEBUG org.asynchttpclient.netty.channel.ChannelManager - Adding key: http://localhost:56747 for channel [id: 0x53f52c6f, L:/127.0.0.1:60215 - R:localhost/127.0.0.1:56747]
16:07:48.881 [Forwarding getElementTagName on session 5979f16a7b5164a86af58d54cfcca8f9 to remote] DEBUG org.asynchttpclient.netty.request.NettyRequestSender - Using pooled Channel '[id: 0x53f52c6f, L:/127.0.0.1:60215 - R:localhost/127.0.0.1:56747]' for 'GET' to 'http://localhost:56747/session/5979f16a7b5164a86af58d54cfcca8f9/element/780dd65a-fa1e-480a-b0a6-35e8272abb29/name'
16:07:48.881 [Forwarding getElementTagName on session 5979f16a7b5164a86af58d54cfcca8f9 to remote] DEBUG org.asynchttpclient.netty.request.NettyRequestSender - Using open Channel [id: 0x53f52c6f, L:/127.0.0.1:60215 - R:localhost/127.0.0.1:56747] for GET '/session/5979f16a7b5164a86af58d54cfcca8f9/element/780dd65a-fa1e-480a-b0a6-35e8272abb29/name'
16:07:48.890 [AsyncHttpClient-1-3] DEBUG org.asynchttpclient.netty.handler.HttpHandler - 

Request DefaultFullHttpRequest(decodeResult: success, version: HTTP/1.1, content: EmptyByteBufBE)
GET /session/5979f16a7b5164a86af58d54cfcca8f9/element/780dd65a-fa1e-480a-b0a6-35e8272abb29/name HTTP/1.1
User-Agent: selenium/4.1.2 (java windows)
Cache-Control: no-cache
Content-Type: application/json; charset=utf-8
host: localhost:56747
accept: */*

Response DefaultHttpResponse(decodeResult: success, version: HTTP/1.1)
HTTP/1.1 200 OK
Content-Type: application/json; charset=utf-8
cache-control: no-cache
content-length: 16

16:07:48.890 [AsyncHttpClient-1-3] DEBUG org.asynchttpclient.netty.channel.ChannelManager - Adding key: http://localhost:56747 for channel [id: 0x53f52c6f, L:/127.0.0.1:60215 - R:localhost/127.0.0.1:56747]
16:07:48.896 [Forwarding findElement on session 5979f16a7b5164a86af58d54cfcca8f9 to remote] DEBUG org.asynchttpclient.netty.request.NettyRequestSender - Using pooled Channel '[id: 0x53f52c6f, L:/127.0.0.1:60215 - R:localhost/127.0.0.1:56747]' for 'POST' to 'http://localhost:56747/session/5979f16a7b5164a86af58d54cfcca8f9/element'
16:07:48.896 [Forwarding findElement on session 5979f16a7b5164a86af58d54cfcca8f9 to remote] DEBUG org.asynchttpclient.netty.request.NettyRequestSender - Using open Channel [id: 0x53f52c6f, L:/127.0.0.1:60215 - R:localhost/127.0.0.1:56747] for POST '/session/5979f16a7b5164a86af58d54cfcca8f9/element'
16:07:48.912 [AsyncHttpClient-1-3] DEBUG org.asynchttpclient.netty.handler.HttpHandler - 

Request DefaultHttpRequest(decodeResult: success, version: HTTP/1.1)
POST /session/5979f16a7b5164a86af58d54cfcca8f9/element HTTP/1.1
User-Agent: selenium/4.1.2 (java windows)
Content-Length: 94
Content-Type: application/json; charset=utf-8
host: localhost:56747
accept: */*

Response DefaultHttpResponse(decodeResult: success, version: HTTP/1.1)
HTTP/1.1 200 OK
Content-Type: application/json; charset=utf-8
cache-control: no-cache
content-length: 88

16:07:48.912 [AsyncHttpClient-1-3] DEBUG org.asynchttpclient.netty.channel.ChannelManager - Adding key: http://localhost:56747 for channel [id: 0x53f52c6f, L:/127.0.0.1:60215 - R:localhost/127.0.0.1:56747]
16:07:48.916 [Forwarding clickElement on session 5979f16a7b5164a86af58d54cfcca8f9 to remote] DEBUG org.asynchttpclient.netty.request.NettyRequestSender - Using pooled Channel '[id: 0x53f52c6f, L:/127.0.0.1:60215 - R:localhost/127.0.0.1:56747]' for 'POST' to 'http://localhost:56747/session/5979f16a7b5164a86af58d54cfcca8f9/element/780dd65a-fa1e-480a-b0a6-35e8272abb29/click'
16:07:48.916 [Forwarding clickElement on session 5979f16a7b5164a86af58d54cfcca8f9 to remote] DEBUG org.asynchttpclient.netty.request.NettyRequestSender - Using open Channel [id: 0x53f52c6f, L:/127.0.0.1:60215 - R:localhost/127.0.0.1:56747] for POST '/session/5979f16a7b5164a86af58d54cfcca8f9/element/780dd65a-fa1e-480a-b0a6-35e8272abb29/click'
16:07:48.964 [AsyncHttpClient-1-1] DEBUG org.asynchttpclient.netty.channel.DefaultChannelPool - Entry count for : http://localhost:60216 : 1
16:07:49.542 [AsyncHttpClient-1-3] DEBUG org.asynchttpclient.netty.handler.HttpHandler - 

Request DefaultHttpRequest(decodeResult: success, version: HTTP/1.1)
POST /session/5979f16a7b5164a86af58d54cfcca8f9/element/780dd65a-fa1e-480a-b0a6-35e8272abb29/click HTTP/1.1
User-Agent: selenium/4.1.2 (java windows)
Content-Length: 50
Content-Type: application/json; charset=utf-8
host: localhost:56747
accept: */*

Response DefaultHttpResponse(decodeResult: success, version: HTTP/1.1)
HTTP/1.1 200 OK
Content-Type: application/json; charset=utf-8
cache-control: no-cache
content-length: 14

16:07:49.542 [AsyncHttpClient-1-3] DEBUG org.asynchttpclient.netty.channel.ChannelManager - Adding key: http://localhost:56747 for channel [id: 0x53f52c6f, L:/127.0.0.1:60215 - R:localhost/127.0.0.1:56747]
16:07:49.579 [Forwarding screenshot on session 5979f16a7b5164a86af58d54cfcca8f9 to remote] DEBUG org.asynchttpclient.netty.request.NettyRequestSender - Using pooled Channel '[id: 0x53f52c6f, L:/127.0.0.1:60215 - R:localhost/127.0.0.1:56747]' for 'GET' to 'http://localhost:56747/session/5979f16a7b5164a86af58d54cfcca8f9/screenshot'
16:07:49.579 [Forwarding screenshot on session 5979f16a7b5164a86af58d54cfcca8f9 to remote] DEBUG org.asynchttpclient.netty.request.NettyRequestSender - Using open Channel [id: 0x53f52c6f, L:/127.0.0.1:60215 - R:localhost/127.0.0.1:56747] for GET '/session/5979f16a7b5164a86af58d54cfcca8f9/screenshot'
16:07:49.900 [AsyncHttpClient-1-3] DEBUG org.asynchttpclient.netty.handler.HttpHandler - 

Request DefaultFullHttpRequest(decodeResult: success, version: HTTP/1.1, content: EmptyByteBufBE)
GET /session/5979f16a7b5164a86af58d54cfcca8f9/screenshot HTTP/1.1
User-Agent: selenium/4.1.2 (java windows)
Cache-Control: no-cache
Content-Type: application/json; charset=utf-8
host: localhost:56747
accept: */*

Response DefaultHttpResponse(decodeResult: success, version: HTTP/1.1)
HTTP/1.1 200 OK
Content-Type: application/json; charset=utf-8
cache-control: no-cache
content-length: 34452

16:07:49.901 [AsyncHttpClient-1-3] DEBUG org.asynchttpclient.netty.channel.ChannelManager - Adding key: http://localhost:56747 for channel [id: 0x53f52c6f, L:/127.0.0.1:60215 - R:localhost/127.0.0.1:56747]
16:07:49.905 [main] DEBUG net.serenitybdd.core.photography.Darkroom - Send negative for processing for target\site\serenity\1e24aa279f97ef24ce4f8eab7de30d2065e4f3fd738c8285807d4e525c200854.png
16:07:49.905 [main] DEBUG net.thucydides.core.steps.StepInterceptor - STEP DONE: clickAddButton
  &amp#27;[32mAnd &amp#27;[0m&amp#27;[32mI click + sign on the product&amp#27;[0m                      &amp#27;[90m# starter.stepdefinitions.OrderSteps.iClickAddSignOnTheProduct()&amp#27;[0m
16:07:49.914 [Darkroom Processing Line] DEBUG net.serenitybdd.core.photography.DarkroomProcessingLine - Processing screenshot image in /var/screenshots/screenshot-15984117981398193711
16:07:49.914 [Darkroom Processing Line] DEBUG net.serenitybdd.core.photography.DarkroomProcessingLine - Saving screenshot to target\site\serenity\1e24aa279f97ef24ce4f8eab7de30d2065e4f3fd738c8285807d4e525c200854.png
16:07:49.947 [main] DEBUG net.thucydides.core.steps.StepInterceptor - STARTING STEP: OrderSteps.iClickReduceSignOnTheProduct - clickReduceButton
16:07:49.954 [Forwarding findElement on session 5979f16a7b5164a86af58d54cfcca8f9 to remote] DEBUG org.asynchttpclient.netty.request.NettyRequestSender - Using pooled Channel '[id: 0x53f52c6f, L:/127.0.0.1:60215 - R:localhost/127.0.0.1:56747]' for 'POST' to 'http://localhost:56747/session/5979f16a7b5164a86af58d54cfcca8f9/element'
16:07:49.954 [Forwarding findElement on session 5979f16a7b5164a86af58d54cfcca8f9 to remote] DEBUG org.asynchttpclient.netty.request.NettyRequestSender - Using open Channel [id: 0x53f52c6f, L:/127.0.0.1:60215 - R:localhost/127.0.0.1:56747] for POST '/session/5979f16a7b5164a86af58d54cfcca8f9/element'
16:07:50.001 [AsyncHttpClient-1-3] DEBUG org.asynchttpclient.netty.handler.HttpHandler - 

Request DefaultHttpRequest(decodeResult: success, version: HTTP/1.1)
POST /session/5979f16a7b5164a86af58d54cfcca8f9/element HTTP/1.1
User-Agent: selenium/4.1.2 (java windows)
Content-Length: 94
Content-Type: application/json; charset=utf-8
host: localhost:56747
accept: */*

Response DefaultHttpResponse(decodeResult: success, version: HTTP/1.1)
HTTP/1.1 200 OK
Content-Type: application/json; charset=utf-8
cache-control: no-cache
content-length: 88

16:07:50.001 [AsyncHttpClient-1-3] DEBUG org.asynchttpclient.netty.channel.ChannelManager - Adding key: http://localhost:56747 for channel [id: 0x53f52c6f, L:/127.0.0.1:60215 - R:localhost/127.0.0.1:56747]
16:07:50.005 [Forwarding getElementTagName on session 5979f16a7b5164a86af58d54cfcca8f9 to remote] DEBUG org.asynchttpclient.netty.request.NettyRequestSender - Using pooled Channel '[id: 0x53f52c6f, L:/127.0.0.1:60215 - R:localhost/127.0.0.1:56747]' for 'GET' to 'http://localhost:56747/session/5979f16a7b5164a86af58d54cfcca8f9/element/cee1a21a-2269-4fd8-83eb-bc73e5e995c4/name'
16:07:50.005 [Forwarding getElementTagName on session 5979f16a7b5164a86af58d54cfcca8f9 to remote] DEBUG org.asynchttpclient.netty.request.NettyRequestSender - Using open Channel [id: 0x53f52c6f, L:/127.0.0.1:60215 - R:localhost/127.0.0.1:56747] for GET '/session/5979f16a7b5164a86af58d54cfcca8f9/element/cee1a21a-2269-4fd8-83eb-bc73e5e995c4/name'
16:07:50.016 [AsyncHttpClient-1-3] DEBUG org.asynchttpclient.netty.handler.HttpHandler - 

Request DefaultFullHttpRequest(decodeResult: success, version: HTTP/1.1, content: EmptyByteBufBE)
GET /session/5979f16a7b5164a86af58d54cfcca8f9/element/cee1a21a-2269-4fd8-83eb-bc73e5e995c4/name HTTP/1.1
User-Agent: selenium/4.1.2 (java windows)
Cache-Control: no-cache
Content-Type: application/json; charset=utf-8
host: localhost:56747
accept: */*

Response DefaultHttpResponse(decodeResult: success, version: HTTP/1.1)
HTTP/1.1 200 OK
Content-Type: application/json; charset=utf-8
cache-control: no-cache
content-length: 16

16:07:50.016 [AsyncHttpClient-1-3] DEBUG org.asynchttpclient.netty.channel.ChannelManager - Adding key: http://localhost:56747 for channel [id: 0x53f52c6f, L:/127.0.0.1:60215 - R:localhost/127.0.0.1:56747]
16:07:50.020 [Forwarding getElementTagName on session 5979f16a7b5164a86af58d54cfcca8f9 to remote] DEBUG org.asynchttpclient.netty.request.NettyRequestSender - Using pooled Channel '[id: 0x53f52c6f, L:/127.0.0.1:60215 - R:localhost/127.0.0.1:56747]' for 'GET' to 'http://localhost:56747/session/5979f16a7b5164a86af58d54cfcca8f9/element/cee1a21a-2269-4fd8-83eb-bc73e5e995c4/name'
16:07:50.020 [Forwarding getElementTagName on session 5979f16a7b5164a86af58d54cfcca8f9 to remote] DEBUG org.asynchttpclient.netty.request.NettyRequestSender - Using open Channel [id: 0x53f52c6f, L:/127.0.0.1:60215 - R:localhost/127.0.0.1:56747] for GET '/session/5979f16a7b5164a86af58d54cfcca8f9/element/cee1a21a-2269-4fd8-83eb-bc73e5e995c4/name'
16:07:50.032 [AsyncHttpClient-1-3] DEBUG org.asynchttpclient.netty.handler.HttpHandler - 

Request DefaultFullHttpRequest(decodeResult: success, version: HTTP/1.1, content: EmptyByteBufBE)
GET /session/5979f16a7b5164a86af58d54cfcca8f9/element/cee1a21a-2269-4fd8-83eb-bc73e5e995c4/name HTTP/1.1
User-Agent: selenium/4.1.2 (java windows)
Cache-Control: no-cache
Content-Type: application/json; charset=utf-8
host: localhost:56747
accept: */*

Response DefaultHttpResponse(decodeResult: success, version: HTTP/1.1)
HTTP/1.1 200 OK
Content-Type: application/json; charset=utf-8
cache-control: no-cache
content-length: 16

16:07:50.032 [AsyncHttpClient-1-3] DEBUG org.asynchttpclient.netty.channel.ChannelManager - Adding key: http://localhost:56747 for channel [id: 0x53f52c6f, L:/127.0.0.1:60215 - R:localhost/127.0.0.1:56747]
16:07:50.036 [Forwarding findElement on session 5979f16a7b5164a86af58d54cfcca8f9 to remote] DEBUG org.asynchttpclient.netty.request.NettyRequestSender - Using pooled Channel '[id: 0x53f52c6f, L:/127.0.0.1:60215 - R:localhost/127.0.0.1:56747]' for 'POST' to 'http://localhost:56747/session/5979f16a7b5164a86af58d54cfcca8f9/element'
16:07:50.036 [Forwarding findElement on session 5979f16a7b5164a86af58d54cfcca8f9 to remote] DEBUG org.asynchttpclient.netty.request.NettyRequestSender - Using open Channel [id: 0x53f52c6f, L:/127.0.0.1:60215 - R:localhost/127.0.0.1:56747] for POST '/session/5979f16a7b5164a86af58d54cfcca8f9/element'
16:07:50.065 [AsyncHttpClient-1-1] DEBUG org.asynchttpclient.netty.channel.DefaultChannelPool - Entry count for : http://localhost:60216 : 1
16:07:50.087 [AsyncHttpClient-1-3] DEBUG org.asynchttpclient.netty.handler.HttpHandler - 

Request DefaultHttpRequest(decodeResult: success, version: HTTP/1.1)
POST /session/5979f16a7b5164a86af58d54cfcca8f9/element HTTP/1.1
User-Agent: selenium/4.1.2 (java windows)
Content-Length: 94
Content-Type: application/json; charset=utf-8
host: localhost:56747
accept: */*

Response DefaultHttpResponse(decodeResult: success, version: HTTP/1.1)
HTTP/1.1 200 OK
Content-Type: application/json; charset=utf-8
cache-control: no-cache
content-length: 88

16:07:50.087 [AsyncHttpClient-1-3] DEBUG org.asynchttpclient.netty.channel.ChannelManager - Adding key: http://localhost:56747 for channel [id: 0x53f52c6f, L:/127.0.0.1:60215 - R:localhost/127.0.0.1:56747]
16:07:50.092 [Forwarding clickElement on session 5979f16a7b5164a86af58d54cfcca8f9 to remote] DEBUG org.asynchttpclient.netty.request.NettyRequestSender - Using pooled Channel '[id: 0x53f52c6f, L:/127.0.0.1:60215 - R:localhost/127.0.0.1:56747]' for 'POST' to 'http://localhost:56747/session/5979f16a7b5164a86af58d54cfcca8f9/element/cee1a21a-2269-4fd8-83eb-bc73e5e995c4/click'
16:07:50.092 [Forwarding clickElement on session 5979f16a7b5164a86af58d54cfcca8f9 to remote] DEBUG org.asynchttpclient.netty.request.NettyRequestSender - Using open Channel [id: 0x53f52c6f, L:/127.0.0.1:60215 - R:localhost/127.0.0.1:56747] for POST '/session/5979f16a7b5164a86af58d54cfcca8f9/element/cee1a21a-2269-4fd8-83eb-bc73e5e995c4/click'
16:07:50.285 [AsyncHttpClient-1-3] DEBUG org.asynchttpclient.netty.handler.HttpHandler - 

Request DefaultHttpRequest(decodeResult: success, version: HTTP/1.1)
POST /session/5979f16a7b5164a86af58d54cfcca8f9/element/cee1a21a-2269-4fd8-83eb-bc73e5e995c4/click HTTP/1.1
User-Agent: selenium/4.1.2 (java windows)
Content-Length: 50
Content-Type: application/json; charset=utf-8
host: localhost:56747
accept: */*

Response DefaultHttpResponse(decodeResult: success, version: HTTP/1.1)
HTTP/1.1 200 OK
Content-Type: application/json; charset=utf-8
cache-control: no-cache
content-length: 14

16:07:50.286 [AsyncHttpClient-1-3] DEBUG org.asynchttpclient.netty.channel.ChannelManager - Adding key: http://localhost:56747 for channel [id: 0x53f52c6f, L:/127.0.0.1:60215 - R:localhost/127.0.0.1:56747]
16:07:50.302 [Forwarding screenshot on session 5979f16a7b5164a86af58d54cfcca8f9 to remote] DEBUG org.asynchttpclient.netty.request.NettyRequestSender - Using pooled Channel '[id: 0x53f52c6f, L:/127.0.0.1:60215 - R:localhost/127.0.0.1:56747]' for 'GET' to 'http://localhost:56747/session/5979f16a7b5164a86af58d54cfcca8f9/screenshot'
16:07:50.303 [Forwarding screenshot on session 5979f16a7b5164a86af58d54cfcca8f9 to remote] DEBUG org.asynchttpclient.netty.request.NettyRequestSender - Using open Channel [id: 0x53f52c6f, L:/127.0.0.1:60215 - R:localhost/127.0.0.1:56747] for GET '/session/5979f16a7b5164a86af58d54cfcca8f9/screenshot'
16:07:50.878 [AsyncHttpClient-1-3] DEBUG org.asynchttpclient.netty.handler.HttpHandler - 

Request DefaultFullHttpRequest(decodeResult: success, version: HTTP/1.1, content: EmptyByteBufBE)
GET /session/5979f16a7b5164a86af58d54cfcca8f9/screenshot HTTP/1.1
User-Agent: selenium/4.1.2 (java windows)
Cache-Control: no-cache
Content-Type: application/json; charset=utf-8
host: localhost:56747
accept: */*

Response DefaultHttpResponse(decodeResult: success, version: HTTP/1.1)
HTTP/1.1 200 OK
Content-Type: application/json; charset=utf-8
cache-control: no-cache
content-length: 33628

16:07:50.879 [AsyncHttpClient-1-3] DEBUG org.asynchttpclient.netty.channel.ChannelManager - Adding key: http://localhost:56747 for channel [id: 0x53f52c6f, L:/127.0.0.1:60215 - R:localhost/127.0.0.1:56747]
16:07:50.890 [main] DEBUG net.serenitybdd.core.photography.Darkroom - Send negative for processing for target\site\serenity\06fcd6fbdbc4d8148e10f4436cf0b8d7e37b0cf048216aad5cecf2fd81882b5c.png
16:07:50.890 [main] DEBUG net.thucydides.core.steps.StepInterceptor - STEP DONE: clickReduceButton
  &amp#27;[32mAnd &amp#27;[0m&amp#27;[32mI click - sign on the product&amp#27;[0m                      &amp#27;[90m# starter.stepdefinitions.OrderSteps.iClickReduceSignOnTheProduct()&amp#27;[0m
16:07:50.908 [Darkroom Processing Line] DEBUG net.serenitybdd.core.photography.DarkroomProcessingLine - Processing screenshot image in /var/screenshots/screenshot-12336170645189804250
16:07:50.908 [Darkroom Processing Line] DEBUG net.serenitybdd.core.photography.DarkroomProcessingLine - Saving screenshot to target\site\serenity\06fcd6fbdbc4d8148e10f4436cf0b8d7e37b0cf048216aad5cecf2fd81882b5c.png
16:07:50.975 [Forwarding screenshot on session 5979f16a7b5164a86af58d54cfcca8f9 to remote] DEBUG org.asynchttpclient.netty.request.NettyRequestSender - Using pooled Channel '[id: 0x53f52c6f, L:/127.0.0.1:60215 - R:localhost/127.0.0.1:56747]' for 'GET' to 'http://localhost:56747/session/5979f16a7b5164a86af58d54cfcca8f9/screenshot'
16:07:50.975 [Forwarding screenshot on session 5979f16a7b5164a86af58d54cfcca8f9 to remote] DEBUG org.asynchttpclient.netty.request.NettyRequestSender - Using open Channel [id: 0x53f52c6f, L:/127.0.0.1:60215 - R:localhost/127.0.0.1:56747] for GET '/session/5979f16a7b5164a86af58d54cfcca8f9/screenshot'
16:07:51.168 [AsyncHttpClient-1-1] DEBUG org.asynchttpclient.netty.channel.DefaultChannelPool - Entry count for : http://localhost:60216 : 1
16:07:51.306 [AsyncHttpClient-1-3] DEBUG org.asynchttpclient.netty.handler.HttpHandler - 

Request DefaultFullHttpRequest(decodeResult: success, version: HTTP/1.1, content: EmptyByteBufBE)
GET /session/5979f16a7b5164a86af58d54cfcca8f9/screenshot HTTP/1.1
User-Agent: selenium/4.1.2 (java windows)
Cache-Control: no-cache
Content-Type: application/json; charset=utf-8
host: localhost:56747
accept: */*

Response DefaultHttpResponse(decodeResult: success, version: HTTP/1.1)
HTTP/1.1 200 OK
Content-Type: application/json; charset=utf-8
cache-control: no-cache
content-length: 32948

16:07:51.307 [AsyncHttpClient-1-3] DEBUG org.asynchttpclient.netty.channel.ChannelManager - Adding key: http://localhost:56747 for channel [id: 0x53f52c6f, L:/127.0.0.1:60215 - R:localhost/127.0.0.1:56747]
16:07:51.311 [main] DEBUG net.serenitybdd.core.photography.Darkroom - Send negative for processing for target\site\serenity\d460130c6a177e74d3e4cecb352f4d3a697beb818815d4c3a057a44afb98a1cb.png
16:07:51.314 [main] DEBUG net.thucydides.core.steps.StepInterceptor - STARTING STEP: OrderSteps.theTotalQuantityOfTheProductIsReduced - totalAfterReduceIsEqual
16:07:51.319 [Forwarding findElement on session 5979f16a7b5164a86af58d54cfcca8f9 to remote] DEBUG org.asynchttpclient.netty.request.NettyRequestSender - Using pooled Channel '[id: 0x53f52c6f, L:/127.0.0.1:60215 - R:localhost/127.0.0.1:56747]' for 'POST' to 'http://localhost:56747/session/5979f16a7b5164a86af58d54cfcca8f9/element'
16:07:51.320 [Forwarding findElement on session 5979f16a7b5164a86af58d54cfcca8f9 to remote] DEBUG org.asynchttpclient.netty.request.NettyRequestSender - Using open Channel [id: 0x53f52c6f, L:/127.0.0.1:60215 - R:localhost/127.0.0.1:56747] for POST '/session/5979f16a7b5164a86af58d54cfcca8f9/element'
16:07:51.321 [Darkroom Processing Line] DEBUG net.serenitybdd.core.photography.DarkroomProcessingLine - Processing screenshot image in /var/screenshots/screenshot-9007120748400418155
16:07:51.321 [Darkroom Processing Line] DEBUG net.serenitybdd.core.photography.DarkroomProcessingLine - Saving screenshot to target\site\serenity\d460130c6a177e74d3e4cecb352f4d3a697beb818815d4c3a057a44afb98a1cb.png
16:07:51.347 [AsyncHttpClient-1-3] DEBUG org.asynchttpclient.netty.handler.HttpHandler - 

Request DefaultHttpRequest(decodeResult: success, version: HTTP/1.1)
POST /session/5979f16a7b5164a86af58d54cfcca8f9/element HTTP/1.1
User-Agent: selenium/4.1.2 (java windows)
Content-Length: 96
Content-Type: application/json; charset=utf-8
host: localhost:56747
accept: */*

Response DefaultHttpResponse(decodeResult: success, version: HTTP/1.1)
HTTP/1.1 200 OK
Content-Type: application/json; charset=utf-8
cache-control: no-cache
content-length: 88

16:07:51.347 [AsyncHttpClient-1-3] DEBUG org.asynchttpclient.netty.channel.ChannelManager - Adding key: http://localhost:56747 for channel [id: 0x53f52c6f, L:/127.0.0.1:60215 - R:localhost/127.0.0.1:56747]
16:07:51.355 [Forwarding isElementDisplayed on session 5979f16a7b5164a86af58d54cfcca8f9 to remote] DEBUG org.asynchttpclient.netty.request.NettyRequestSender - Using pooled Channel '[id: 0x53f52c6f, L:/127.0.0.1:60215 - R:localhost/127.0.0.1:56747]' for 'POST' to 'http://localhost:56747/session/5979f16a7b5164a86af58d54cfcca8f9/execute/sync'
16:07:51.355 [Forwarding isElementDisplayed on session 5979f16a7b5164a86af58d54cfcca8f9 to remote] DEBUG org.asynchttpclient.netty.request.NettyRequestSender - Using open Channel [id: 0x53f52c6f, L:/127.0.0.1:60215 - R:localhost/127.0.0.1:56747] for POST '/session/5979f16a7b5164a86af58d54cfcca8f9/execute/sync'
16:07:51.386 [AsyncHttpClient-1-3] DEBUG org.asynchttpclient.netty.handler.HttpHandler - 

Request DefaultHttpRequest(decodeResult: success, version: HTTP/1.1)
POST /session/5979f16a7b5164a86af58d54cfcca8f9/execute/sync HTTP/1.1
User-Agent: selenium/4.1.2 (java windows)
Content-Length: 48780
Content-Type: application/json; charset=utf-8
host: localhost:56747
accept: */*

Response DefaultHttpResponse(decodeResult: success, version: HTTP/1.1)
HTTP/1.1 200 OK
Content-Type: application/json; charset=utf-8
cache-control: no-cache
content-length: 14

16:07:51.386 [AsyncHttpClient-1-3] DEBUG org.asynchttpclient.netty.channel.ChannelManager - Adding key: http://localhost:56747 for channel [id: 0x53f52c6f, L:/127.0.0.1:60215 - R:localhost/127.0.0.1:56747]
16:07:51.396 [Forwarding screenshot on session 5979f16a7b5164a86af58d54cfcca8f9 to remote] DEBUG org.asynchttpclient.netty.request.NettyRequestSender - Using pooled Channel '[id: 0x53f52c6f, L:/127.0.0.1:60215 - R:localhost/127.0.0.1:56747]' for 'GET' to 'http://localhost:56747/session/5979f16a7b5164a86af58d54cfcca8f9/screenshot'
16:07:51.396 [Forwarding screenshot on session 5979f16a7b5164a86af58d54cfcca8f9 to remote] DEBUG org.asynchttpclient.netty.request.NettyRequestSender - Using open Channel [id: 0x53f52c6f, L:/127.0.0.1:60215 - R:localhost/127.0.0.1:56747] for GET '/session/5979f16a7b5164a86af58d54cfcca8f9/screenshot'
16:07:51.791 [AsyncHttpClient-1-3] DEBUG org.asynchttpclient.netty.handler.HttpHandler - 

Request DefaultFullHttpRequest(decodeResult: success, version: HTTP/1.1, content: EmptyByteBufBE)
GET /session/5979f16a7b5164a86af58d54cfcca8f9/screenshot HTTP/1.1
User-Agent: selenium/4.1.2 (java windows)
Cache-Control: no-cache
Content-Type: application/json; charset=utf-8
host: localhost:56747
accept: */*

Response DefaultHttpResponse(decodeResult: success, version: HTTP/1.1)
HTTP/1.1 200 OK
Content-Type: application/json; charset=utf-8
cache-control: no-cache
content-length: 32948

16:07:51.792 [AsyncHttpClient-1-3] DEBUG org.asynchttpclient.netty.channel.ChannelManager - Adding key: http://localhost:56747 for channel [id: 0x53f52c6f, L:/127.0.0.1:60215 - R:localhost/127.0.0.1:56747]
16:07:51.795 [main] DEBUG net.serenitybdd.core.photography.Darkroom - Send negative for processing for target\site\serenity\d460130c6a177e74d3e4cecb352f4d3a697beb818815d4c3a057a44afb98a1cb.png
16:07:51.801 [main] DEBUG net.thucydides.core.steps.StepInterceptor - STEP DONE: totalAfterReduceIsEqual
  &amp#27;[32mThen &amp#27;[0m&amp#27;[32mThe total quantity of the product is equal to 1&amp#27;[0m   &amp#27;[90m# starter.stepdefinitions.OrderSteps.theTotalQuantityOfTheProductIsReduced()&amp#27;[0m
16:07:51.813 [main] INFO  - 
  _____   ___   ___   _____     ___     _     ___   ___   ___   ___  
 |_   _| | __| / __| |_   _|   | _ \   /_\   / __| / __| | __| |   \ 
   | |   | _|  \__ \   | |     |  _/  / _ \  \__ \ \__ \ | _|  | |) |
   |_|   |___| |___/   |_|     |_|   /_/ \_\ |___/ |___/ |___| |___/ 

I reduce quantity of an item
----------------------------------------------------------------------
16:07:51.816 [AsyncHttpClient-1-5] DEBUG org.asynchttpclient.netty.handler.WebSocketHandler - Channel Closed: [id: 0x47b55bd6, L:/127.0.0.1:60223 ! R:localhost/127.0.0.1:60216] with attribute NettyResponseFuture{currentRetry=5,
	isDone=1,
	isCancelled=0,
	asyncHandler=org.asynchttpclient.ws.WebSocketUpgradeHandler@508c6fb5,
	nettyRequest=org.asynchttpclient.netty.request.NettyRequest@4da45c23,
	future=java.util.concurrent.CompletableFuture@1e5ff71b[Completed normally],
	uri=ws://localhost:60216/devtools/browser/dc3d51e5-e542-4e0f-bb50-ed110000279f,
	keepAlive=true,
	redirectCount=0,
	timeoutsHolder=null,
	inAuth=0,
	touch=1652778445323}
16:07:51.817 [AsyncHttpClient-1-5] DEBUG org.asynchttpclient.netty.channel.ChannelManager - Closing Channel [id: 0x47b55bd6, L:/127.0.0.1:60223 ! R:localhost/127.0.0.1:60216] 
16:07:51.940 [Driver Command Executor] DEBUG org.asynchttpclient.netty.request.NettyRequestSender - Using pooled Channel '[id: 0x53f52c6f, L:/127.0.0.1:60215 - R:localhost/127.0.0.1:56747]' for 'DELETE' to 'http://localhost:56747/session/5979f16a7b5164a86af58d54cfcca8f9'
16:07:51.940 [Driver Command Executor] DEBUG org.asynchttpclient.netty.request.NettyRequestSender - Using open Channel [id: 0x53f52c6f, L:/127.0.0.1:60215 - R:localhost/127.0.0.1:56747] for DELETE '/session/5979f16a7b5164a86af58d54cfcca8f9'
16:07:52.272 [AsyncHttpClient-1-1] DEBUG org.asynchttpclient.netty.channel.DefaultChannelPool - Entry count for : http://localhost:60216 : 1
16:07:53.351 [AsyncHttpClient-1-1] DEBUG org.asynchttpclient.netty.channel.DefaultChannelPool - Entry count for : http://localhost:60216 : 1
16:07:53.641 [AsyncHttpClient-1-4] DEBUG org.asynchttpclient.netty.handler.HttpHandler - Unexpected I/O exception on channel [id: 0x49b9b597, L:/127.0.0.1:60222 - R:localhost/127.0.0.1:60216]
java.net.SocketException: Connection reset
	at java.base/sun.nio.ch.SocketChannelImpl.throwConnectionReset(SocketChannelImpl.java:367)
	at java.base/sun.nio.ch.SocketChannelImpl.read(SocketChannelImpl.java:398)
	at io.netty.buffer.PooledByteBuf.setBytes(PooledByteBuf.java:258)
	at io.netty.buffer.AbstractByteBuf.writeBytes(AbstractByteBuf.java:1132)
	at io.netty.channel.socket.nio.NioSocketChannel.doReadBytes(NioSocketChannel.java:350)
	at io.netty.channel.nio.AbstractNioByteChannel$NioByteUnsafe.read(AbstractNioByteChannel.java:151)
	at io.netty.channel.nio.NioEventLoop.processSelectedKey(NioEventLoop.java:722)
	at io.netty.channel.nio.NioEventLoop.processSelectedKeysOptimized(NioEventLoop.java:658)
	at io.netty.channel.nio.NioEventLoop.processSelectedKeys(NioEventLoop.java:584)
	at io.netty.channel.nio.NioEventLoop.run(NioEventLoop.java:496)
	at io.netty.util.concurrent.SingleThreadEventExecutor$4.run(SingleThreadEventExecutor.java:986)
	at io.netty.util.internal.ThreadExecutorMap$2.run(ThreadExecutorMap.java:74)
	at io.netty.util.concurrent.FastThreadLocalRunnable.run(FastThreadLocalRunnable.java:30)
	at java.base/java.lang.Thread.run(Thread.java:832)
16:07:53.641 [AsyncHttpClient-1-4] DEBUG org.asynchttpclient.netty.channel.ChannelManager - Closing Channel [id: 0x49b9b597, L:/127.0.0.1:60222 - R:localhost/127.0.0.1:60216] 
16:07:53.641 [AsyncHttpClient-1-4] DEBUG org.asynchttpclient.netty.handler.HttpHandler - Channel Closed: [id: 0x49b9b597, L:/127.0.0.1:60222 ! R:localhost/127.0.0.1:60216] with attribute DISCARD
16:07:53.674 [AsyncHttpClient-1-3] DEBUG org.asynchttpclient.netty.handler.HttpHandler - 

Request DefaultFullHttpRequest(decodeResult: success, version: HTTP/1.1, content: EmptyByteBufBE)
DELETE /session/5979f16a7b5164a86af58d54cfcca8f9 HTTP/1.1
User-Agent: selenium/4.1.2 (java windows)
Content-Type: application/json; charset=utf-8
host: localhost:56747
accept: */*

Response DefaultHttpResponse(decodeResult: success, version: HTTP/1.1)
HTTP/1.1 200 OK
Content-Type: application/json; charset=utf-8
cache-control: no-cache
content-length: 14

16:07:53.675 [AsyncHttpClient-1-3] DEBUG org.asynchttpclient.netty.channel.ChannelManager - Adding key: http://localhost:56747 for channel [id: 0x53f52c6f, L:/127.0.0.1:60215 - R:localhost/127.0.0.1:56747]
16:07:54.077 [AsyncHttpClient-1-3] DEBUG org.asynchttpclient.netty.handler.HttpHandler - Channel Closed: [id: 0x53f52c6f, L:/127.0.0.1:60215 ! R:localhost/127.0.0.1:56747] with attribute DISCARD
16:07:54.435 [AsyncHttpClient-1-1] DEBUG org.asynchttpclient.netty.channel.DefaultChannelPool - Entry count for : http://localhost:56747 : 1
16:07:54.435 [AsyncHttpClient-1-1] DEBUG org.asynchttpclient.netty.channel.DefaultChannelPool - Entry count for : http://localhost:60216 : 1
16:07:54.435 [AsyncHttpClient-1-1] DEBUG org.asynchttpclient.netty.channel.DefaultChannelPool - Adding Candidate expired Channel [id: 0x53f52c6f, L:/127.0.0.1:60215 ! R:localhost/127.0.0.1:56747] isIdleTimeoutExpired=false isRemotelyClosed=true isTtlExpired=false
16:07:54.435 [AsyncHttpClient-1-1] DEBUG org.asynchttpclient.netty.channel.DefaultChannelPool - Closing Idle Channel [id: 0x53f52c6f, L:/127.0.0.1:60215 ! R:localhost/127.0.0.1:56747]
16:07:54.435 [AsyncHttpClient-1-1] DEBUG org.asynchttpclient.netty.channel.DefaultChannelPool - Adding Candidate expired Channel [id: 0x49b9b597, L:/127.0.0.1:60222 ! R:localhost/127.0.0.1:60216] isIdleTimeoutExpired=false isRemotelyClosed=true isTtlExpired=false
16:07:54.435 [AsyncHttpClient-1-1] DEBUG org.asynchttpclient.netty.channel.DefaultChannelPool - Closing Idle Channel [id: 0x49b9b597, L:/127.0.0.1:60222 ! R:localhost/127.0.0.1:60216]
16:07:54.435 [AsyncHttpClient-1-1] DEBUG org.asynchttpclient.netty.channel.DefaultChannelPool - Closed 2 connections out of 2 in 0 ms
]]></system-out>
    <system-err><![CDATA[Starting ChromeDriver 100.0.4896.60 (6a5d10861ce8de5fce22564658033b43cb7de047-refs/branch-heads/4896@{#875}) on port 56747
Only local connections are allowed.
Please see https://chromedriver.chromium.org/security-considerations for suggestions on keeping ChromeDriver safe.
ChromeDriver was started successfully.
[1652778444.273][WARNING]: This version of ChromeDriver has not been tested with Chrome version 101.
May 17, 2022 4:07:25 PM org.openqa.selenium.remote.ProtocolHandshake createSession
INFO: Detected dialect: W3C
May 17, 2022 4:07:25 PM org.openqa.selenium.devtools.CdpVersionFinder findNearestMatch
WARNING: Unable to find an exact match for CDP version 101, so returning the closest version found: 97
May 17, 2022 4:07:25 PM org.openqa.selenium.devtools.CdpVersionFinder findNearestMatch
INFO: Found CDP implementation for version 101 of 97
[1652778461.287][SEVERE]: Timed out receiving message from renderer: 10.000
[1652778461.288][WARNING]: screenshot failed, retrying timeout: Timed out receiving message from renderer: 10.000
]]></system-err>
  </testcase>
  <testcase name="I remove the item in my shopping cart" classname="Change item&apos;s quantity on my shopping cart" time="39.982">
    <system-out><![CDATA[
Scenario: I remove the item in my shopping cart         &amp#27;[90m# src/test/resources/features/Order.feature:22&amp#27;[0m
16:07:54.637 [main] INFO io.cucumber.core.plugin.SerenityReporter - Running feature from file:///C:/Users/ponda/Documents/Final_Project/Final_Web/src/test/resources/features/Order.feature
16:07:54.641 [main] INFO  - 
  _____   ___   ___   _____     ___   _____     _     ___   _____   ___   ___  
 |_   _| | __| / __| |_   _|   / __| |_   _|   /_\   | _ \ |_   _| | __| |   \ 
   | |   | _|  \__ \   | |     \__ \   | |    / _ \  |   /   | |   | _|  | |) |
   |_|   |___| |___/   |_|     |___/   |_|   /_/ \_\ |_|_\   |_|   |___| |___/ 

I remove the item in my shopping cart(change-item-s-quantity-on-my-shopping-cart;i-remove-the-item-in-my-shopping-cart)
--------------------------------------------------------------------------------
16:07:54.980 [main] DEBUG net.thucydides.core.steps.StepInterceptor - STARTING STEP: ProductSteps.iAmOnProductPage - openUrl
16:07:54.983 [main] INFO net.serenitybdd.core.webdriver.driverproviders.ChromeDriverProvider - Using automatically driver download
16:07:55.522 [main] DEBUG io.github.bonigarcia.wdm.cache.ResolutionCache - Resolution chrome=101 in cache (valid until 17:04:06 17/05/2022 WIB)
16:07:55.540 [main] DEBUG io.github.bonigarcia.wdm.cache.ResolutionCache - Resolution chrome101=101.0.4951.41 in cache (valid until 16:04:06 18/05/2022 WIB)
16:07:55.546 [main] INFO io.github.bonigarcia.wdm.WebDriverManager - Using chromedriver 101.0.4951.41 (resolved driver for Chrome 101)
16:07:55.588 [main] DEBUG io.github.bonigarcia.wdm.WebDriverManager - Driver chromedriver 101.0.4951.41 found in cache
16:07:55.591 [main] INFO io.github.bonigarcia.wdm.WebDriverManager - Exporting webdriver.chrome.driver as C:\Users\ponda\.cache\selenium\chromedriver\win32\101.0.4951.41\chromedriver.exe
16:07:56.006 [main] DEBUG net.serenitybdd.core.webdriver.driverproviders.ProvideNewDriver - Instantiating driver
16:07:56.006 [main] DEBUG net.serenitybdd.core.webdriver.driverproviders.ProvideNewDriver - Driver capabilities: Capabilities {acceptInsecureCerts: false, base.url: https://qa.alta.id, browserName: chrome, chrome.driver: src/test/resources/webdrive..., driver: chrome, goog:chromeOptions: {args: [], extensions: []}}
16:07:56.580 [AsyncHttpClient-1-2] DEBUG org.asynchttpclient.netty.channel.NettyConnectListener - Using new Channel '[id: 0x68316058, L:/127.0.0.1:60247 - R:localhost/127.0.0.1:54649]' for 'POST' to '/session'
16:07:59.024 [AsyncHttpClient-1-2] DEBUG org.asynchttpclient.netty.handler.HttpHandler - 

Request DefaultHttpRequest(decodeResult: success, version: HTTP/1.1)
POST /session HTTP/1.1
User-Agent: selenium/4.1.2 (java windows)
Content-Length: 599
Content-Type: application/json; charset=utf-8
host: localhost:54649
accept: */*

Response DefaultHttpResponse(decodeResult: success, version: HTTP/1.1)
HTTP/1.1 200 OK
Content-Type: application/json; charset=utf-8
cache-control: no-cache
content-length: 790

16:07:59.024 [AsyncHttpClient-1-2] DEBUG org.asynchttpclient.netty.channel.ChannelManager - Adding key: http://localhost:54649 for channel [id: 0x68316058, L:/127.0.0.1:60247 - R:localhost/127.0.0.1:54649]
16:07:59.076 [AsyncHttpClient-1-3] DEBUG org.asynchttpclient.netty.channel.NettyConnectListener - Using new Channel '[id: 0xe2c24564, L:/127.0.0.1:60254 - R:localhost/127.0.0.1:60248]' for 'GET' to '/json/version'
16:07:59.078 [AsyncHttpClient-1-3] DEBUG org.asynchttpclient.netty.handler.HttpHandler - 

Request DefaultFullHttpRequest(decodeResult: success, version: HTTP/1.1, content: EmptyByteBufBE)
GET /json/version HTTP/1.1
User-Agent: selenium/4.1.2 (java windows)
host: localhost:60248
accept: */*

Response DefaultHttpResponse(decodeResult: success, version: HTTP/1.1)
HTTP/1.1 200 OK
Content-Type: application/json; charset=UTF-8
content-length: 427

16:07:59.078 [AsyncHttpClient-1-3] DEBUG org.asynchttpclient.netty.channel.ChannelManager - Adding key: http://localhost:60248 for channel [id: 0xe2c24564, L:/127.0.0.1:60254 - R:localhost/127.0.0.1:60248]
16:07:59.084 [AsyncHttpClient-1-4] DEBUG org.asynchttpclient.netty.channel.NettyConnectListener - Using new Channel '[id: 0x4df69d10, L:/127.0.0.1:60255 - R:localhost/127.0.0.1:60248]' for 'GET' to '/devtools/browser/0db51f18-5061-4622-a8ea-99610c986cef'
16:07:59.086 [AsyncHttpClient-1-4] DEBUG org.asynchttpclient.netty.handler.WebSocketHandler - 

Request DefaultFullHttpRequest(decodeResult: success, version: HTTP/1.1, content: EmptyByteBufBE)
GET /devtools/browser/0db51f18-5061-4622-a8ea-99610c986cef HTTP/1.1
upgrade: websocket
connection: upgrade
sec-websocket-key: V632iSYsSPzUdn81W4dp0g==
sec-websocket-version: 13
origin: http://localhost:60248
host: localhost:60248
accept: */*
user-agent: AHC/2.1

Response DefaultHttpResponse(decodeResult: success, version: HTTP/1.1)
HTTP/1.1 101 WebSocket Protocol Handshake
Upgrade: WebSocket
Connection: Upgrade
Sec-WebSocket-Accept: T5v90mAty3DdOM85PhO2kA9v26E=

16:07:59.100 [Forwarding maximizeCurrentWindow on session a0c3a5b2857f7d5d108e2d674aa7e816 to remote] DEBUG org.asynchttpclient.netty.request.NettyRequestSender - Using pooled Channel '[id: 0x68316058, L:/127.0.0.1:60247 - R:localhost/127.0.0.1:54649]' for 'POST' to 'http://localhost:54649/session/a0c3a5b2857f7d5d108e2d674aa7e816/window/maximize'
16:07:59.100 [Forwarding maximizeCurrentWindow on session a0c3a5b2857f7d5d108e2d674aa7e816 to remote] DEBUG org.asynchttpclient.netty.request.NettyRequestSender - Using open Channel [id: 0x68316058, L:/127.0.0.1:60247 - R:localhost/127.0.0.1:54649] for POST '/session/a0c3a5b2857f7d5d108e2d674aa7e816/window/maximize'
16:07:59.955 [AsyncHttpClient-1-1] DEBUG org.asynchttpclient.netty.channel.DefaultChannelPool - Entry count for : http://localhost:60248 : 1
16:07:59.994 [AsyncHttpClient-1-2] DEBUG org.asynchttpclient.netty.handler.HttpHandler - 

Request DefaultHttpRequest(decodeResult: success, version: HTTP/1.1)
POST /session/a0c3a5b2857f7d5d108e2d674aa7e816/window/maximize HTTP/1.1
User-Agent: selenium/4.1.2 (java windows)
Content-Length: 3
Content-Type: application/json; charset=utf-8
host: localhost:54649
accept: */*

Response DefaultHttpResponse(decodeResult: success, version: HTTP/1.1)
HTTP/1.1 200 OK
Content-Type: application/json; charset=utf-8
cache-control: no-cache
content-length: 51

16:07:59.994 [AsyncHttpClient-1-2] DEBUG org.asynchttpclient.netty.channel.ChannelManager - Adding key: http://localhost:54649 for channel [id: 0x68316058, L:/127.0.0.1:60247 - R:localhost/127.0.0.1:54649]
16:07:59.997 [Forwarding get on session a0c3a5b2857f7d5d108e2d674aa7e816 to remote] DEBUG org.asynchttpclient.netty.request.NettyRequestSender - Using pooled Channel '[id: 0x68316058, L:/127.0.0.1:60247 - R:localhost/127.0.0.1:54649]' for 'POST' to 'http://localhost:54649/session/a0c3a5b2857f7d5d108e2d674aa7e816/url'
16:07:59.997 [Forwarding get on session a0c3a5b2857f7d5d108e2d674aa7e816 to remote] DEBUG org.asynchttpclient.netty.request.NettyRequestSender - Using open Channel [id: 0x68316058, L:/127.0.0.1:60247 - R:localhost/127.0.0.1:54649] for POST '/session/a0c3a5b2857f7d5d108e2d674aa7e816/url'
16:08:01.094 [AsyncHttpClient-1-1] DEBUG org.asynchttpclient.netty.channel.DefaultChannelPool - Entry count for : http://localhost:60248 : 1
16:08:02.216 [AsyncHttpClient-1-1] DEBUG org.asynchttpclient.netty.channel.DefaultChannelPool - Entry count for : http://localhost:60248 : 1
16:08:02.244 [AsyncHttpClient-1-2] DEBUG org.asynchttpclient.netty.handler.HttpHandler - 

Request DefaultHttpRequest(decodeResult: success, version: HTTP/1.1)
POST /session/a0c3a5b2857f7d5d108e2d674aa7e816/url HTTP/1.1
User-Agent: selenium/4.1.2 (java windows)
Content-Length: 64
Content-Type: application/json; charset=utf-8
host: localhost:54649
accept: */*

Response DefaultHttpResponse(decodeResult: success, version: HTTP/1.1)
HTTP/1.1 200 OK
Content-Type: application/json; charset=utf-8
cache-control: no-cache
content-length: 14

16:08:02.244 [AsyncHttpClient-1-2] DEBUG org.asynchttpclient.netty.channel.ChannelManager - Adding key: http://localhost:54649 for channel [id: 0x68316058, L:/127.0.0.1:60247 - R:localhost/127.0.0.1:54649]
16:08:02.246 [Forwarding setTimeout on session a0c3a5b2857f7d5d108e2d674aa7e816 to remote] DEBUG org.asynchttpclient.netty.request.NettyRequestSender - Using pooled Channel '[id: 0x68316058, L:/127.0.0.1:60247 - R:localhost/127.0.0.1:54649]' for 'POST' to 'http://localhost:54649/session/a0c3a5b2857f7d5d108e2d674aa7e816/timeouts'
16:08:02.247 [Forwarding setTimeout on session a0c3a5b2857f7d5d108e2d674aa7e816 to remote] DEBUG org.asynchttpclient.netty.request.NettyRequestSender - Using open Channel [id: 0x68316058, L:/127.0.0.1:60247 - R:localhost/127.0.0.1:54649] for POST '/session/a0c3a5b2857f7d5d108e2d674aa7e816/timeouts'
16:08:02.249 [AsyncHttpClient-1-2] DEBUG org.asynchttpclient.netty.handler.HttpHandler - 

Request DefaultHttpRequest(decodeResult: success, version: HTTP/1.1)
POST /session/a0c3a5b2857f7d5d108e2d674aa7e816/timeouts HTTP/1.1
User-Agent: selenium/4.1.2 (java windows)
Content-Length: 22
Content-Type: application/json; charset=utf-8
host: localhost:54649
accept: */*

Response DefaultHttpResponse(decodeResult: success, version: HTTP/1.1)
HTTP/1.1 200 OK
Content-Type: application/json; charset=utf-8
cache-control: no-cache
content-length: 14

16:08:02.249 [AsyncHttpClient-1-2] DEBUG org.asynchttpclient.netty.channel.ChannelManager - Adding key: http://localhost:54649 for channel [id: 0x68316058, L:/127.0.0.1:60247 - R:localhost/127.0.0.1:54649]
16:08:02.254 [Forwarding getCurrentUrl on session a0c3a5b2857f7d5d108e2d674aa7e816 to remote] DEBUG org.asynchttpclient.netty.request.NettyRequestSender - Using pooled Channel '[id: 0x68316058, L:/127.0.0.1:60247 - R:localhost/127.0.0.1:54649]' for 'GET' to 'http://localhost:54649/session/a0c3a5b2857f7d5d108e2d674aa7e816/url'
16:08:02.254 [Forwarding getCurrentUrl on session a0c3a5b2857f7d5d108e2d674aa7e816 to remote] DEBUG org.asynchttpclient.netty.request.NettyRequestSender - Using open Channel [id: 0x68316058, L:/127.0.0.1:60247 - R:localhost/127.0.0.1:54649] for GET '/session/a0c3a5b2857f7d5d108e2d674aa7e816/url'
16:08:02.367 [AsyncHttpClient-1-2] DEBUG org.asynchttpclient.netty.handler.HttpHandler - 

Request DefaultFullHttpRequest(decodeResult: success, version: HTTP/1.1, content: EmptyByteBufBE)
GET /session/a0c3a5b2857f7d5d108e2d674aa7e816/url HTTP/1.1
User-Agent: selenium/4.1.2 (java windows)
Cache-Control: no-cache
Content-Type: application/json; charset=utf-8
host: localhost:54649
accept: */*

Response DefaultHttpResponse(decodeResult: success, version: HTTP/1.1)
HTTP/1.1 200 OK
Content-Type: application/json; charset=utf-8
cache-control: no-cache
content-length: 41

16:08:02.367 [AsyncHttpClient-1-2] DEBUG org.asynchttpclient.netty.channel.ChannelManager - Adding key: http://localhost:54649 for channel [id: 0x68316058, L:/127.0.0.1:60247 - R:localhost/127.0.0.1:54649]
16:08:02.378 [Forwarding screenshot on session a0c3a5b2857f7d5d108e2d674aa7e816 to remote] DEBUG org.asynchttpclient.netty.request.NettyRequestSender - Using pooled Channel '[id: 0x68316058, L:/127.0.0.1:60247 - R:localhost/127.0.0.1:54649]' for 'GET' to 'http://localhost:54649/session/a0c3a5b2857f7d5d108e2d674aa7e816/screenshot'
16:08:02.378 [Forwarding screenshot on session a0c3a5b2857f7d5d108e2d674aa7e816 to remote] DEBUG org.asynchttpclient.netty.request.NettyRequestSender - Using open Channel [id: 0x68316058, L:/127.0.0.1:60247 - R:localhost/127.0.0.1:54649] for GET '/session/a0c3a5b2857f7d5d108e2d674aa7e816/screenshot'
16:08:02.949 [AsyncHttpClient-1-2] DEBUG org.asynchttpclient.netty.handler.HttpHandler - 

Request DefaultFullHttpRequest(decodeResult: success, version: HTTP/1.1, content: EmptyByteBufBE)
GET /session/a0c3a5b2857f7d5d108e2d674aa7e816/screenshot HTTP/1.1
User-Agent: selenium/4.1.2 (java windows)
Cache-Control: no-cache
Content-Type: application/json; charset=utf-8
host: localhost:54649
accept: */*

Response DefaultHttpResponse(decodeResult: success, version: HTTP/1.1)
HTTP/1.1 200 OK
Content-Type: application/json; charset=utf-8
cache-control: no-cache
content-length: 25384

16:08:02.950 [AsyncHttpClient-1-2] DEBUG org.asynchttpclient.netty.channel.ChannelManager - Adding key: http://localhost:54649 for channel [id: 0x68316058, L:/127.0.0.1:60247 - R:localhost/127.0.0.1:54649]
16:08:02.956 [main] DEBUG net.serenitybdd.core.photography.Darkroom - Send negative for processing for target\site\serenity\6b6563c13227ef0b70a26f8a845b86304c5ded2ac83324d4bda7e0f4416b9ac5.png
16:08:02.956 [main] DEBUG net.thucydides.core.steps.StepInterceptor - STEP DONE: openUrl
16:08:02.966 [main] DEBUG net.thucydides.core.steps.StepInterceptor - STARTING STEP: ProductSteps.iAmOnProductPage - inputEmail
16:08:02.971 [Forwarding findElement on session a0c3a5b2857f7d5d108e2d674aa7e816 to remote] DEBUG org.asynchttpclient.netty.request.NettyRequestSender - Using pooled Channel '[id: 0x68316058, L:/127.0.0.1:60247 - R:localhost/127.0.0.1:54649]' for 'POST' to 'http://localhost:54649/session/a0c3a5b2857f7d5d108e2d674aa7e816/element'
16:08:02.971 [Forwarding findElement on session a0c3a5b2857f7d5d108e2d674aa7e816 to remote] DEBUG org.asynchttpclient.netty.request.NettyRequestSender - Using open Channel [id: 0x68316058, L:/127.0.0.1:60247 - R:localhost/127.0.0.1:54649] for POST '/session/a0c3a5b2857f7d5d108e2d674aa7e816/element'
16:08:02.996 [AsyncHttpClient-1-2] DEBUG org.asynchttpclient.netty.handler.HttpHandler - 

Request DefaultHttpRequest(decodeResult: success, version: HTTP/1.1)
POST /session/a0c3a5b2857f7d5d108e2d674aa7e816/element HTTP/1.1
User-Agent: selenium/4.1.2 (java windows)
Content-Length: 86
Content-Type: application/json; charset=utf-8
host: localhost:54649
accept: */*

Response DefaultHttpResponse(decodeResult: success, version: HTTP/1.1)
HTTP/1.1 200 OK
Content-Type: application/json; charset=utf-8
cache-control: no-cache
content-length: 88

16:08:02.997 [AsyncHttpClient-1-2] DEBUG org.asynchttpclient.netty.channel.ChannelManager - Adding key: http://localhost:54649 for channel [id: 0x68316058, L:/127.0.0.1:60247 - R:localhost/127.0.0.1:54649]
16:08:02.999 [Forwarding clearElement on session a0c3a5b2857f7d5d108e2d674aa7e816 to remote] DEBUG org.asynchttpclient.netty.request.NettyRequestSender - Using pooled Channel '[id: 0x68316058, L:/127.0.0.1:60247 - R:localhost/127.0.0.1:54649]' for 'POST' to 'http://localhost:54649/session/a0c3a5b2857f7d5d108e2d674aa7e816/element/bbbab149-7ec8-4091-a766-0ce43922f041/clear'
16:08:02.999 [Forwarding clearElement on session a0c3a5b2857f7d5d108e2d674aa7e816 to remote] DEBUG org.asynchttpclient.netty.request.NettyRequestSender - Using open Channel [id: 0x68316058, L:/127.0.0.1:60247 - R:localhost/127.0.0.1:54649] for POST '/session/a0c3a5b2857f7d5d108e2d674aa7e816/element/bbbab149-7ec8-4091-a766-0ce43922f041/clear'
16:08:03.064 [AsyncHttpClient-1-2] DEBUG org.asynchttpclient.netty.handler.HttpHandler - 

Request DefaultHttpRequest(decodeResult: success, version: HTTP/1.1)
POST /session/a0c3a5b2857f7d5d108e2d674aa7e816/element/bbbab149-7ec8-4091-a766-0ce43922f041/clear HTTP/1.1
User-Agent: selenium/4.1.2 (java windows)
Content-Length: 50
Content-Type: application/json; charset=utf-8
host: localhost:54649
accept: */*

Response DefaultHttpResponse(decodeResult: success, version: HTTP/1.1)
HTTP/1.1 200 OK
Content-Type: application/json; charset=utf-8
cache-control: no-cache
content-length: 14

16:08:03.064 [AsyncHttpClient-1-2] DEBUG org.asynchttpclient.netty.channel.ChannelManager - Adding key: http://localhost:54649 for channel [id: 0x68316058, L:/127.0.0.1:60247 - R:localhost/127.0.0.1:54649]
16:08:03.068 [Forwarding sendKeysToElement on session a0c3a5b2857f7d5d108e2d674aa7e816 to remote] DEBUG org.asynchttpclient.netty.request.NettyRequestSender - Using pooled Channel '[id: 0x68316058, L:/127.0.0.1:60247 - R:localhost/127.0.0.1:54649]' for 'POST' to 'http://localhost:54649/session/a0c3a5b2857f7d5d108e2d674aa7e816/element/bbbab149-7ec8-4091-a766-0ce43922f041/value'
16:08:03.068 [Forwarding sendKeysToElement on session a0c3a5b2857f7d5d108e2d674aa7e816 to remote] DEBUG org.asynchttpclient.netty.request.NettyRequestSender - Using open Channel [id: 0x68316058, L:/127.0.0.1:60247 - R:localhost/127.0.0.1:54649] for POST '/session/a0c3a5b2857f7d5d108e2d674aa7e816/element/bbbab149-7ec8-4091-a766-0ce43922f041/value'
16:08:03.270 [AsyncHttpClient-1-1] DEBUG org.asynchttpclient.netty.channel.DefaultChannelPool - Entry count for : http://localhost:60248 : 1
16:08:03.567 [AsyncHttpClient-1-2] DEBUG org.asynchttpclient.netty.handler.HttpHandler - 

Request DefaultHttpRequest(decodeResult: success, version: HTTP/1.1)
POST /session/a0c3a5b2857f7d5d108e2d674aa7e816/element/bbbab149-7ec8-4091-a766-0ce43922f041/value HTTP/1.1
User-Agent: selenium/4.1.2 (java windows)
Content-Length: 251
Content-Type: application/json; charset=utf-8
host: localhost:54649
accept: */*

Response DefaultHttpResponse(decodeResult: success, version: HTTP/1.1)
HTTP/1.1 200 OK
Content-Type: application/json; charset=utf-8
cache-control: no-cache
content-length: 14

16:08:03.567 [AsyncHttpClient-1-2] DEBUG org.asynchttpclient.netty.channel.ChannelManager - Adding key: http://localhost:54649 for channel [id: 0x68316058, L:/127.0.0.1:60247 - R:localhost/127.0.0.1:54649]
16:08:03.582 [Forwarding screenshot on session a0c3a5b2857f7d5d108e2d674aa7e816 to remote] DEBUG org.asynchttpclient.netty.request.NettyRequestSender - Using pooled Channel '[id: 0x68316058, L:/127.0.0.1:60247 - R:localhost/127.0.0.1:54649]' for 'GET' to 'http://localhost:54649/session/a0c3a5b2857f7d5d108e2d674aa7e816/screenshot'
16:08:03.582 [Forwarding screenshot on session a0c3a5b2857f7d5d108e2d674aa7e816 to remote] DEBUG org.asynchttpclient.netty.request.NettyRequestSender - Using open Channel [id: 0x68316058, L:/127.0.0.1:60247 - R:localhost/127.0.0.1:54649] for GET '/session/a0c3a5b2857f7d5d108e2d674aa7e816/screenshot'
16:08:03.799 [AsyncHttpClient-1-2] DEBUG org.asynchttpclient.netty.handler.HttpHandler - 

Request DefaultFullHttpRequest(decodeResult: success, version: HTTP/1.1, content: EmptyByteBufBE)
GET /session/a0c3a5b2857f7d5d108e2d674aa7e816/screenshot HTTP/1.1
User-Agent: selenium/4.1.2 (java windows)
Cache-Control: no-cache
Content-Type: application/json; charset=utf-8
host: localhost:54649
accept: */*

Response DefaultHttpResponse(decodeResult: success, version: HTTP/1.1)
HTTP/1.1 200 OK
Content-Type: application/json; charset=utf-8
cache-control: no-cache
content-length: 28896

16:08:03.801 [AsyncHttpClient-1-2] DEBUG org.asynchttpclient.netty.channel.ChannelManager - Adding key: http://localhost:54649 for channel [id: 0x68316058, L:/127.0.0.1:60247 - R:localhost/127.0.0.1:54649]
16:08:03.812 [main] DEBUG net.serenitybdd.core.photography.Darkroom - Send negative for processing for target\site\serenity\790cfbfb141d21e1d572eceae66e3f3d2ea7175c33fb7a5be8d7ac326e53e9e4.png
16:08:03.815 [Darkroom Processing Line] DEBUG net.serenitybdd.core.photography.DarkroomProcessingLine - Processing screenshot image in /var/screenshots/screenshot-6201831874422722220
16:08:03.815 [main] DEBUG net.thucydides.core.steps.StepInterceptor - STEP DONE: inputEmail
16:08:03.819 [Darkroom Processing Line] DEBUG net.serenitybdd.core.photography.DarkroomProcessingLine - Saving screenshot to target\site\serenity\790cfbfb141d21e1d572eceae66e3f3d2ea7175c33fb7a5be8d7ac326e53e9e4.png
16:08:03.836 [main] DEBUG net.thucydides.core.steps.StepInterceptor - STARTING STEP: ProductSteps.iAmOnProductPage - inputPassword
16:08:03.840 [Forwarding findElement on session a0c3a5b2857f7d5d108e2d674aa7e816 to remote] DEBUG org.asynchttpclient.netty.request.NettyRequestSender - Using pooled Channel '[id: 0x68316058, L:/127.0.0.1:60247 - R:localhost/127.0.0.1:54649]' for 'POST' to 'http://localhost:54649/session/a0c3a5b2857f7d5d108e2d674aa7e816/element'
16:08:03.840 [Forwarding findElement on session a0c3a5b2857f7d5d108e2d674aa7e816 to remote] DEBUG org.asynchttpclient.netty.request.NettyRequestSender - Using open Channel [id: 0x68316058, L:/127.0.0.1:60247 - R:localhost/127.0.0.1:54649] for POST '/session/a0c3a5b2857f7d5d108e2d674aa7e816/element'
16:08:03.878 [AsyncHttpClient-1-2] DEBUG org.asynchttpclient.netty.handler.HttpHandler - 

Request DefaultHttpRequest(decodeResult: success, version: HTTP/1.1)
POST /session/a0c3a5b2857f7d5d108e2d674aa7e816/element HTTP/1.1
User-Agent: selenium/4.1.2 (java windows)
Content-Length: 89
Content-Type: application/json; charset=utf-8
host: localhost:54649
accept: */*

Response DefaultHttpResponse(decodeResult: success, version: HTTP/1.1)
HTTP/1.1 200 OK
Content-Type: application/json; charset=utf-8
cache-control: no-cache
content-length: 88

16:08:03.879 [AsyncHttpClient-1-2] DEBUG org.asynchttpclient.netty.channel.ChannelManager - Adding key: http://localhost:54649 for channel [id: 0x68316058, L:/127.0.0.1:60247 - R:localhost/127.0.0.1:54649]
16:08:03.882 [Forwarding clearElement on session a0c3a5b2857f7d5d108e2d674aa7e816 to remote] DEBUG org.asynchttpclient.netty.request.NettyRequestSender - Using pooled Channel '[id: 0x68316058, L:/127.0.0.1:60247 - R:localhost/127.0.0.1:54649]' for 'POST' to 'http://localhost:54649/session/a0c3a5b2857f7d5d108e2d674aa7e816/element/e5018c9b-0d82-47ee-ab86-8bb6c696e471/clear'
16:08:03.882 [Forwarding clearElement on session a0c3a5b2857f7d5d108e2d674aa7e816 to remote] DEBUG org.asynchttpclient.netty.request.NettyRequestSender - Using open Channel [id: 0x68316058, L:/127.0.0.1:60247 - R:localhost/127.0.0.1:54649] for POST '/session/a0c3a5b2857f7d5d108e2d674aa7e816/element/e5018c9b-0d82-47ee-ab86-8bb6c696e471/clear'
16:08:03.957 [AsyncHttpClient-1-2] DEBUG org.asynchttpclient.netty.handler.HttpHandler - 

Request DefaultHttpRequest(decodeResult: success, version: HTTP/1.1)
POST /session/a0c3a5b2857f7d5d108e2d674aa7e816/element/e5018c9b-0d82-47ee-ab86-8bb6c696e471/clear HTTP/1.1
User-Agent: selenium/4.1.2 (java windows)
Content-Length: 50
Content-Type: application/json; charset=utf-8
host: localhost:54649
accept: */*

Response DefaultHttpResponse(decodeResult: success, version: HTTP/1.1)
HTTP/1.1 200 OK
Content-Type: application/json; charset=utf-8
cache-control: no-cache
content-length: 14

16:08:03.957 [AsyncHttpClient-1-2] DEBUG org.asynchttpclient.netty.channel.ChannelManager - Adding key: http://localhost:54649 for channel [id: 0x68316058, L:/127.0.0.1:60247 - R:localhost/127.0.0.1:54649]
16:08:03.962 [Forwarding sendKeysToElement on session a0c3a5b2857f7d5d108e2d674aa7e816 to remote] DEBUG org.asynchttpclient.netty.request.NettyRequestSender - Using pooled Channel '[id: 0x68316058, L:/127.0.0.1:60247 - R:localhost/127.0.0.1:54649]' for 'POST' to 'http://localhost:54649/session/a0c3a5b2857f7d5d108e2d674aa7e816/element/e5018c9b-0d82-47ee-ab86-8bb6c696e471/value'
16:08:03.962 [Forwarding sendKeysToElement on session a0c3a5b2857f7d5d108e2d674aa7e816 to remote] DEBUG org.asynchttpclient.netty.request.NettyRequestSender - Using open Channel [id: 0x68316058, L:/127.0.0.1:60247 - R:localhost/127.0.0.1:54649] for POST '/session/a0c3a5b2857f7d5d108e2d674aa7e816/element/e5018c9b-0d82-47ee-ab86-8bb6c696e471/value'
16:08:04.338 [AsyncHttpClient-1-1] DEBUG org.asynchttpclient.netty.channel.DefaultChannelPool - Entry count for : http://localhost:60248 : 1
16:08:04.447 [AsyncHttpClient-1-2] DEBUG org.asynchttpclient.netty.handler.HttpHandler - 

Request DefaultHttpRequest(decodeResult: success, version: HTTP/1.1)
POST /session/a0c3a5b2857f7d5d108e2d674aa7e816/element/e5018c9b-0d82-47ee-ab86-8bb6c696e471/value HTTP/1.1
User-Agent: selenium/4.1.2 (java windows)
Content-Length: 231
Content-Type: application/json; charset=utf-8
host: localhost:54649
accept: */*

Response DefaultHttpResponse(decodeResult: success, version: HTTP/1.1)
HTTP/1.1 200 OK
Content-Type: application/json; charset=utf-8
cache-control: no-cache
content-length: 14

16:08:04.447 [AsyncHttpClient-1-2] DEBUG org.asynchttpclient.netty.channel.ChannelManager - Adding key: http://localhost:54649 for channel [id: 0x68316058, L:/127.0.0.1:60247 - R:localhost/127.0.0.1:54649]
16:08:04.470 [Forwarding screenshot on session a0c3a5b2857f7d5d108e2d674aa7e816 to remote] DEBUG org.asynchttpclient.netty.request.NettyRequestSender - Using pooled Channel '[id: 0x68316058, L:/127.0.0.1:60247 - R:localhost/127.0.0.1:54649]' for 'GET' to 'http://localhost:54649/session/a0c3a5b2857f7d5d108e2d674aa7e816/screenshot'
16:08:04.470 [Forwarding screenshot on session a0c3a5b2857f7d5d108e2d674aa7e816 to remote] DEBUG org.asynchttpclient.netty.request.NettyRequestSender - Using open Channel [id: 0x68316058, L:/127.0.0.1:60247 - R:localhost/127.0.0.1:54649] for GET '/session/a0c3a5b2857f7d5d108e2d674aa7e816/screenshot'
16:08:04.698 [AsyncHttpClient-1-2] DEBUG org.asynchttpclient.netty.handler.HttpHandler - 

Request DefaultFullHttpRequest(decodeResult: success, version: HTTP/1.1, content: EmptyByteBufBE)
GET /session/a0c3a5b2857f7d5d108e2d674aa7e816/screenshot HTTP/1.1
User-Agent: selenium/4.1.2 (java windows)
Cache-Control: no-cache
Content-Type: application/json; charset=utf-8
host: localhost:54649
accept: */*

Response DefaultHttpResponse(decodeResult: success, version: HTTP/1.1)
HTTP/1.1 200 OK
Content-Type: application/json; charset=utf-8
cache-control: no-cache
content-length: 32248

16:08:04.699 [AsyncHttpClient-1-2] DEBUG org.asynchttpclient.netty.channel.ChannelManager - Adding key: http://localhost:54649 for channel [id: 0x68316058, L:/127.0.0.1:60247 - R:localhost/127.0.0.1:54649]
16:08:04.707 [main] DEBUG net.serenitybdd.core.photography.Darkroom - Send negative for processing for target\site\serenity\71648b1e139f61b44f6784fc79e833178aa7caa64ed8d5473f9f21e6df1fc9a2.png
16:08:04.708 [main] DEBUG net.thucydides.core.steps.StepInterceptor - STEP DONE: inputPassword
16:08:04.720 [Darkroom Processing Line] DEBUG net.serenitybdd.core.photography.DarkroomProcessingLine - Processing screenshot image in /var/screenshots/screenshot-3666692752885327885
16:08:04.720 [Darkroom Processing Line] DEBUG net.serenitybdd.core.photography.DarkroomProcessingLine - Saving screenshot to target\site\serenity\71648b1e139f61b44f6784fc79e833178aa7caa64ed8d5473f9f21e6df1fc9a2.png
16:08:04.740 [main] DEBUG net.thucydides.core.steps.StepInterceptor - STARTING STEP: ProductSteps.iAmOnProductPage - clickLoginButton
16:08:04.751 [Forwarding findElement on session a0c3a5b2857f7d5d108e2d674aa7e816 to remote] DEBUG org.asynchttpclient.netty.request.NettyRequestSender - Using pooled Channel '[id: 0x68316058, L:/127.0.0.1:60247 - R:localhost/127.0.0.1:54649]' for 'POST' to 'http://localhost:54649/session/a0c3a5b2857f7d5d108e2d674aa7e816/element'
16:08:04.751 [Forwarding findElement on session a0c3a5b2857f7d5d108e2d674aa7e816 to remote] DEBUG org.asynchttpclient.netty.request.NettyRequestSender - Using open Channel [id: 0x68316058, L:/127.0.0.1:60247 - R:localhost/127.0.0.1:54649] for POST '/session/a0c3a5b2857f7d5d108e2d674aa7e816/element'
16:08:04.800 [AsyncHttpClient-1-2] DEBUG org.asynchttpclient.netty.handler.HttpHandler - 

Request DefaultHttpRequest(decodeResult: success, version: HTTP/1.1)
POST /session/a0c3a5b2857f7d5d108e2d674aa7e816/element HTTP/1.1
User-Agent: selenium/4.1.2 (java windows)
Content-Length: 136
Content-Type: application/json; charset=utf-8
host: localhost:54649
accept: */*

Response DefaultHttpResponse(decodeResult: success, version: HTTP/1.1)
HTTP/1.1 200 OK
Content-Type: application/json; charset=utf-8
cache-control: no-cache
content-length: 88

16:08:04.803 [AsyncHttpClient-1-2] DEBUG org.asynchttpclient.netty.channel.ChannelManager - Adding key: http://localhost:54649 for channel [id: 0x68316058, L:/127.0.0.1:60247 - R:localhost/127.0.0.1:54649]
16:08:04.806 [Forwarding getElementTagName on session a0c3a5b2857f7d5d108e2d674aa7e816 to remote] DEBUG org.asynchttpclient.netty.request.NettyRequestSender - Using pooled Channel '[id: 0x68316058, L:/127.0.0.1:60247 - R:localhost/127.0.0.1:54649]' for 'GET' to 'http://localhost:54649/session/a0c3a5b2857f7d5d108e2d674aa7e816/element/5c27e318-2af0-4084-9469-76f1372833cc/name'
16:08:04.806 [Forwarding getElementTagName on session a0c3a5b2857f7d5d108e2d674aa7e816 to remote] DEBUG org.asynchttpclient.netty.request.NettyRequestSender - Using open Channel [id: 0x68316058, L:/127.0.0.1:60247 - R:localhost/127.0.0.1:54649] for GET '/session/a0c3a5b2857f7d5d108e2d674aa7e816/element/5c27e318-2af0-4084-9469-76f1372833cc/name'
16:08:04.818 [AsyncHttpClient-1-2] DEBUG org.asynchttpclient.netty.handler.HttpHandler - 

Request DefaultFullHttpRequest(decodeResult: success, version: HTTP/1.1, content: EmptyByteBufBE)
GET /session/a0c3a5b2857f7d5d108e2d674aa7e816/element/5c27e318-2af0-4084-9469-76f1372833cc/name HTTP/1.1
User-Agent: selenium/4.1.2 (java windows)
Cache-Control: no-cache
Content-Type: application/json; charset=utf-8
host: localhost:54649
accept: */*

Response DefaultHttpResponse(decodeResult: success, version: HTTP/1.1)
HTTP/1.1 200 OK
Content-Type: application/json; charset=utf-8
cache-control: no-cache
content-length: 18

16:08:04.818 [AsyncHttpClient-1-2] DEBUG org.asynchttpclient.netty.channel.ChannelManager - Adding key: http://localhost:54649 for channel [id: 0x68316058, L:/127.0.0.1:60247 - R:localhost/127.0.0.1:54649]
16:08:04.821 [Forwarding getElementTagName on session a0c3a5b2857f7d5d108e2d674aa7e816 to remote] DEBUG org.asynchttpclient.netty.request.NettyRequestSender - Using pooled Channel '[id: 0x68316058, L:/127.0.0.1:60247 - R:localhost/127.0.0.1:54649]' for 'GET' to 'http://localhost:54649/session/a0c3a5b2857f7d5d108e2d674aa7e816/element/5c27e318-2af0-4084-9469-76f1372833cc/name'
16:08:04.821 [Forwarding getElementTagName on session a0c3a5b2857f7d5d108e2d674aa7e816 to remote] DEBUG org.asynchttpclient.netty.request.NettyRequestSender - Using open Channel [id: 0x68316058, L:/127.0.0.1:60247 - R:localhost/127.0.0.1:54649] for GET '/session/a0c3a5b2857f7d5d108e2d674aa7e816/element/5c27e318-2af0-4084-9469-76f1372833cc/name'
16:08:04.829 [AsyncHttpClient-1-2] DEBUG org.asynchttpclient.netty.handler.HttpHandler - 

Request DefaultFullHttpRequest(decodeResult: success, version: HTTP/1.1, content: EmptyByteBufBE)
GET /session/a0c3a5b2857f7d5d108e2d674aa7e816/element/5c27e318-2af0-4084-9469-76f1372833cc/name HTTP/1.1
User-Agent: selenium/4.1.2 (java windows)
Cache-Control: no-cache
Content-Type: application/json; charset=utf-8
host: localhost:54649
accept: */*

Response DefaultHttpResponse(decodeResult: success, version: HTTP/1.1)
HTTP/1.1 200 OK
Content-Type: application/json; charset=utf-8
cache-control: no-cache
content-length: 18

16:08:04.829 [AsyncHttpClient-1-2] DEBUG org.asynchttpclient.netty.channel.ChannelManager - Adding key: http://localhost:54649 for channel [id: 0x68316058, L:/127.0.0.1:60247 - R:localhost/127.0.0.1:54649]
16:08:04.835 [Forwarding isElementEnabled on session a0c3a5b2857f7d5d108e2d674aa7e816 to remote] DEBUG org.asynchttpclient.netty.request.NettyRequestSender - Using pooled Channel '[id: 0x68316058, L:/127.0.0.1:60247 - R:localhost/127.0.0.1:54649]' for 'GET' to 'http://localhost:54649/session/a0c3a5b2857f7d5d108e2d674aa7e816/element/5c27e318-2af0-4084-9469-76f1372833cc/enabled'
16:08:04.835 [Forwarding isElementEnabled on session a0c3a5b2857f7d5d108e2d674aa7e816 to remote] DEBUG org.asynchttpclient.netty.request.NettyRequestSender - Using open Channel [id: 0x68316058, L:/127.0.0.1:60247 - R:localhost/127.0.0.1:54649] for GET '/session/a0c3a5b2857f7d5d108e2d674aa7e816/element/5c27e318-2af0-4084-9469-76f1372833cc/enabled'
16:08:04.854 [AsyncHttpClient-1-2] DEBUG org.asynchttpclient.netty.handler.HttpHandler - 

Request DefaultFullHttpRequest(decodeResult: success, version: HTTP/1.1, content: EmptyByteBufBE)
GET /session/a0c3a5b2857f7d5d108e2d674aa7e816/element/5c27e318-2af0-4084-9469-76f1372833cc/enabled HTTP/1.1
User-Agent: selenium/4.1.2 (java windows)
Cache-Control: no-cache
Content-Type: application/json; charset=utf-8
host: localhost:54649
accept: */*

Response DefaultHttpResponse(decodeResult: success, version: HTTP/1.1)
HTTP/1.1 200 OK
Content-Type: application/json; charset=utf-8
cache-control: no-cache
content-length: 14

16:08:04.854 [AsyncHttpClient-1-2] DEBUG org.asynchttpclient.netty.channel.ChannelManager - Adding key: http://localhost:54649 for channel [id: 0x68316058, L:/127.0.0.1:60247 - R:localhost/127.0.0.1:54649]
16:08:04.857 [Forwarding isElementEnabled on session a0c3a5b2857f7d5d108e2d674aa7e816 to remote] DEBUG org.asynchttpclient.netty.request.NettyRequestSender - Using pooled Channel '[id: 0x68316058, L:/127.0.0.1:60247 - R:localhost/127.0.0.1:54649]' for 'GET' to 'http://localhost:54649/session/a0c3a5b2857f7d5d108e2d674aa7e816/element/5c27e318-2af0-4084-9469-76f1372833cc/enabled'
16:08:04.857 [Forwarding isElementEnabled on session a0c3a5b2857f7d5d108e2d674aa7e816 to remote] DEBUG org.asynchttpclient.netty.request.NettyRequestSender - Using open Channel [id: 0x68316058, L:/127.0.0.1:60247 - R:localhost/127.0.0.1:54649] for GET '/session/a0c3a5b2857f7d5d108e2d674aa7e816/element/5c27e318-2af0-4084-9469-76f1372833cc/enabled'
16:08:04.871 [AsyncHttpClient-1-2] DEBUG org.asynchttpclient.netty.handler.HttpHandler - 

Request DefaultFullHttpRequest(decodeResult: success, version: HTTP/1.1, content: EmptyByteBufBE)
GET /session/a0c3a5b2857f7d5d108e2d674aa7e816/element/5c27e318-2af0-4084-9469-76f1372833cc/enabled HTTP/1.1
User-Agent: selenium/4.1.2 (java windows)
Cache-Control: no-cache
Content-Type: application/json; charset=utf-8
host: localhost:54649
accept: */*

Response DefaultHttpResponse(decodeResult: success, version: HTTP/1.1)
HTTP/1.1 200 OK
Content-Type: application/json; charset=utf-8
cache-control: no-cache
content-length: 14

16:08:04.871 [AsyncHttpClient-1-2] DEBUG org.asynchttpclient.netty.channel.ChannelManager - Adding key: http://localhost:54649 for channel [id: 0x68316058, L:/127.0.0.1:60247 - R:localhost/127.0.0.1:54649]
16:08:04.875 [Forwarding findElement on session a0c3a5b2857f7d5d108e2d674aa7e816 to remote] DEBUG org.asynchttpclient.netty.request.NettyRequestSender - Using pooled Channel '[id: 0x68316058, L:/127.0.0.1:60247 - R:localhost/127.0.0.1:54649]' for 'POST' to 'http://localhost:54649/session/a0c3a5b2857f7d5d108e2d674aa7e816/element'
16:08:04.876 [Forwarding findElement on session a0c3a5b2857f7d5d108e2d674aa7e816 to remote] DEBUG org.asynchttpclient.netty.request.NettyRequestSender - Using open Channel [id: 0x68316058, L:/127.0.0.1:60247 - R:localhost/127.0.0.1:54649] for POST '/session/a0c3a5b2857f7d5d108e2d674aa7e816/element'
16:08:04.892 [AsyncHttpClient-1-2] DEBUG org.asynchttpclient.netty.handler.HttpHandler - 

Request DefaultHttpRequest(decodeResult: success, version: HTTP/1.1)
POST /session/a0c3a5b2857f7d5d108e2d674aa7e816/element HTTP/1.1
User-Agent: selenium/4.1.2 (java windows)
Content-Length: 136
Content-Type: application/json; charset=utf-8
host: localhost:54649
accept: */*

Response DefaultHttpResponse(decodeResult: success, version: HTTP/1.1)
HTTP/1.1 200 OK
Content-Type: application/json; charset=utf-8
cache-control: no-cache
content-length: 88

16:08:04.892 [AsyncHttpClient-1-2] DEBUG org.asynchttpclient.netty.channel.ChannelManager - Adding key: http://localhost:54649 for channel [id: 0x68316058, L:/127.0.0.1:60247 - R:localhost/127.0.0.1:54649]
16:08:04.902 [Forwarding clickElement on session a0c3a5b2857f7d5d108e2d674aa7e816 to remote] DEBUG org.asynchttpclient.netty.request.NettyRequestSender - Using pooled Channel '[id: 0x68316058, L:/127.0.0.1:60247 - R:localhost/127.0.0.1:54649]' for 'POST' to 'http://localhost:54649/session/a0c3a5b2857f7d5d108e2d674aa7e816/element/5c27e318-2af0-4084-9469-76f1372833cc/click'
16:08:04.902 [Forwarding clickElement on session a0c3a5b2857f7d5d108e2d674aa7e816 to remote] DEBUG org.asynchttpclient.netty.request.NettyRequestSender - Using open Channel [id: 0x68316058, L:/127.0.0.1:60247 - R:localhost/127.0.0.1:54649] for POST '/session/a0c3a5b2857f7d5d108e2d674aa7e816/element/5c27e318-2af0-4084-9469-76f1372833cc/click'
16:08:05.066 [AsyncHttpClient-1-2] DEBUG org.asynchttpclient.netty.handler.HttpHandler - 

Request DefaultHttpRequest(decodeResult: success, version: HTTP/1.1)
POST /session/a0c3a5b2857f7d5d108e2d674aa7e816/element/5c27e318-2af0-4084-9469-76f1372833cc/click HTTP/1.1
User-Agent: selenium/4.1.2 (java windows)
Content-Length: 50
Content-Type: application/json; charset=utf-8
host: localhost:54649
accept: */*

Response DefaultHttpResponse(decodeResult: success, version: HTTP/1.1)
HTTP/1.1 200 OK
Content-Type: application/json; charset=utf-8
cache-control: no-cache
content-length: 14

16:08:05.067 [AsyncHttpClient-1-2] DEBUG org.asynchttpclient.netty.channel.ChannelManager - Adding key: http://localhost:54649 for channel [id: 0x68316058, L:/127.0.0.1:60247 - R:localhost/127.0.0.1:54649]
16:08:05.101 [Forwarding screenshot on session a0c3a5b2857f7d5d108e2d674aa7e816 to remote] DEBUG org.asynchttpclient.netty.request.NettyRequestSender - Using pooled Channel '[id: 0x68316058, L:/127.0.0.1:60247 - R:localhost/127.0.0.1:54649]' for 'GET' to 'http://localhost:54649/session/a0c3a5b2857f7d5d108e2d674aa7e816/screenshot'
16:08:05.101 [Forwarding screenshot on session a0c3a5b2857f7d5d108e2d674aa7e816 to remote] DEBUG org.asynchttpclient.netty.request.NettyRequestSender - Using open Channel [id: 0x68316058, L:/127.0.0.1:60247 - R:localhost/127.0.0.1:54649] for GET '/session/a0c3a5b2857f7d5d108e2d674aa7e816/screenshot'
16:08:05.454 [AsyncHttpClient-1-1] DEBUG org.asynchttpclient.netty.channel.DefaultChannelPool - Entry count for : http://localhost:60248 : 1
16:08:06.595 [AsyncHttpClient-1-1] DEBUG org.asynchttpclient.netty.channel.DefaultChannelPool - Entry count for : http://localhost:60248 : 1
16:08:07.660 [AsyncHttpClient-1-1] DEBUG org.asynchttpclient.netty.channel.DefaultChannelPool - Entry count for : http://localhost:60248 : 1
16:08:08.778 [AsyncHttpClient-1-1] DEBUG org.asynchttpclient.netty.channel.DefaultChannelPool - Entry count for : http://localhost:60248 : 1
16:08:09.858 [AsyncHttpClient-1-1] DEBUG org.asynchttpclient.netty.channel.DefaultChannelPool - Entry count for : http://localhost:60248 : 1
16:08:11.067 [AsyncHttpClient-1-1] DEBUG org.asynchttpclient.netty.channel.DefaultChannelPool - Entry count for : http://localhost:60248 : 1
16:08:12.158 [AsyncHttpClient-1-1] DEBUG org.asynchttpclient.netty.channel.DefaultChannelPool - Entry count for : http://localhost:60248 : 1
16:08:13.289 [AsyncHttpClient-1-1] DEBUG org.asynchttpclient.netty.channel.DefaultChannelPool - Entry count for : http://localhost:60248 : 1
16:08:14.483 [AsyncHttpClient-1-1] DEBUG org.asynchttpclient.netty.channel.DefaultChannelPool - Entry count for : http://localhost:60248 : 1
16:08:15.587 [AsyncHttpClient-1-1] DEBUG org.asynchttpclient.netty.channel.DefaultChannelPool - Entry count for : http://localhost:60248 : 1
16:08:16.798 [AsyncHttpClient-1-1] DEBUG org.asynchttpclient.netty.channel.DefaultChannelPool - Entry count for : http://localhost:60248 : 1
16:08:17.841 [AsyncHttpClient-1-1] DEBUG org.asynchttpclient.netty.channel.DefaultChannelPool - Entry count for : http://localhost:60248 : 1
16:08:19.483 [AsyncHttpClient-1-1] DEBUG org.asynchttpclient.netty.channel.DefaultChannelPool - Entry count for : http://localhost:60248 : 1
16:08:21.332 [AsyncHttpClient-1-1] DEBUG org.asynchttpclient.netty.channel.DefaultChannelPool - Entry count for : http://localhost:60248 : 1
16:08:22.358 [AsyncHttpClient-1-1] DEBUG org.asynchttpclient.netty.channel.DefaultChannelPool - Entry count for : http://localhost:60248 : 1
16:08:23.546 [AsyncHttpClient-1-1] DEBUG org.asynchttpclient.netty.channel.DefaultChannelPool - Entry count for : http://localhost:60248 : 1
16:08:24.757 [AsyncHttpClient-1-1] DEBUG org.asynchttpclient.netty.channel.DefaultChannelPool - Entry count for : http://localhost:60248 : 1
16:08:25.874 [AsyncHttpClient-1-1] DEBUG org.asynchttpclient.netty.channel.DefaultChannelPool - Entry count for : http://localhost:60248 : 1
16:08:26.980 [AsyncHttpClient-1-1] DEBUG org.asynchttpclient.netty.channel.DefaultChannelPool - Entry count for : http://localhost:60248 : 1
16:08:28.040 [AsyncHttpClient-1-1] DEBUG org.asynchttpclient.netty.channel.DefaultChannelPool - Entry count for : http://localhost:60248 : 1
16:08:29.136 [AsyncHttpClient-1-1] DEBUG org.asynchttpclient.netty.channel.DefaultChannelPool - Entry count for : http://localhost:60248 : 1
16:08:29.377 [AsyncHttpClient-1-2] DEBUG org.asynchttpclient.netty.handler.HttpHandler - 

Request DefaultFullHttpRequest(decodeResult: success, version: HTTP/1.1, content: EmptyByteBufBE)
GET /session/a0c3a5b2857f7d5d108e2d674aa7e816/screenshot HTTP/1.1
User-Agent: selenium/4.1.2 (java windows)
Cache-Control: no-cache
Content-Type: application/json; charset=utf-8
host: localhost:54649
accept: */*

Response DefaultHttpResponse(decodeResult: success, version: HTTP/1.1)
HTTP/1.1 200 OK
Content-Type: application/json; charset=utf-8
cache-control: no-cache
content-length: 88732

16:08:29.379 [AsyncHttpClient-1-2] DEBUG org.asynchttpclient.netty.channel.ChannelManager - Adding key: http://localhost:54649 for channel [id: 0x68316058, L:/127.0.0.1:60247 - R:localhost/127.0.0.1:54649]
16:08:29.382 [main] DEBUG net.serenitybdd.core.photography.Darkroom - Send negative for processing for target\site\serenity\5cf5365b44de1eb7e25e8bfd684acd469df441bfc9ffa6df5d63ef113f1f88e8.png
16:08:29.383 [main] DEBUG net.thucydides.core.steps.StepInterceptor - STEP DONE: clickLoginButton
  &amp#27;[32mGiven &amp#27;[0m&amp#27;[32mI am on product page&amp#27;[0m                            &amp#27;[90m# starter.stepdefinitions.ProductSteps.iAmOnProductPage()&amp#27;[0m
16:08:29.461 [Forwarding screenshot on session a0c3a5b2857f7d5d108e2d674aa7e816 to remote] DEBUG org.asynchttpclient.netty.request.NettyRequestSender - Using pooled Channel '[id: 0x68316058, L:/127.0.0.1:60247 - R:localhost/127.0.0.1:54649]' for 'GET' to 'http://localhost:54649/session/a0c3a5b2857f7d5d108e2d674aa7e816/screenshot'
16:08:29.461 [Forwarding screenshot on session a0c3a5b2857f7d5d108e2d674aa7e816 to remote] DEBUG org.asynchttpclient.netty.request.NettyRequestSender - Using open Channel [id: 0x68316058, L:/127.0.0.1:60247 - R:localhost/127.0.0.1:54649] for GET '/session/a0c3a5b2857f7d5d108e2d674aa7e816/screenshot'
16:08:29.648 [AsyncHttpClient-1-2] DEBUG org.asynchttpclient.netty.handler.HttpHandler - 

Request DefaultFullHttpRequest(decodeResult: success, version: HTTP/1.1, content: EmptyByteBufBE)
GET /session/a0c3a5b2857f7d5d108e2d674aa7e816/screenshot HTTP/1.1
User-Agent: selenium/4.1.2 (java windows)
Cache-Control: no-cache
Content-Type: application/json; charset=utf-8
host: localhost:54649
accept: */*

Response DefaultHttpResponse(decodeResult: success, version: HTTP/1.1)
HTTP/1.1 200 OK
Content-Type: application/json; charset=utf-8
cache-control: no-cache
content-length: 88732

16:08:29.649 [AsyncHttpClient-1-2] DEBUG org.asynchttpclient.netty.channel.ChannelManager - Adding key: http://localhost:54649 for channel [id: 0x68316058, L:/127.0.0.1:60247 - R:localhost/127.0.0.1:54649]
16:08:29.653 [main] DEBUG net.serenitybdd.core.photography.Darkroom - Send negative for processing for target\site\serenity\5cf5365b44de1eb7e25e8bfd684acd469df441bfc9ffa6df5d63ef113f1f88e8.png
16:08:29.654 [main] DEBUG net.thucydides.core.steps.StepInterceptor - STARTING STEP: OrderSteps.iClickBuyFirstProductButtonOnProductPage - clickFirstProduct
16:08:29.659 [Forwarding findElement on session a0c3a5b2857f7d5d108e2d674aa7e816 to remote] DEBUG org.asynchttpclient.netty.request.NettyRequestSender - Using pooled Channel '[id: 0x68316058, L:/127.0.0.1:60247 - R:localhost/127.0.0.1:54649]' for 'POST' to 'http://localhost:54649/session/a0c3a5b2857f7d5d108e2d674aa7e816/element'
16:08:29.659 [Forwarding findElement on session a0c3a5b2857f7d5d108e2d674aa7e816 to remote] DEBUG org.asynchttpclient.netty.request.NettyRequestSender - Using open Channel [id: 0x68316058, L:/127.0.0.1:60247 - R:localhost/127.0.0.1:54649] for POST '/session/a0c3a5b2857f7d5d108e2d674aa7e816/element'
16:08:29.691 [AsyncHttpClient-1-2] DEBUG org.asynchttpclient.netty.handler.HttpHandler - 

Request DefaultHttpRequest(decodeResult: success, version: HTTP/1.1)
POST /session/a0c3a5b2857f7d5d108e2d674aa7e816/element HTTP/1.1
User-Agent: selenium/4.1.2 (java windows)
Content-Length: 122
Content-Type: application/json; charset=utf-8
host: localhost:54649
accept: */*

Response DefaultHttpResponse(decodeResult: success, version: HTTP/1.1)
HTTP/1.1 200 OK
Content-Type: application/json; charset=utf-8
cache-control: no-cache
content-length: 88

16:08:29.691 [AsyncHttpClient-1-2] DEBUG org.asynchttpclient.netty.channel.ChannelManager - Adding key: http://localhost:54649 for channel [id: 0x68316058, L:/127.0.0.1:60247 - R:localhost/127.0.0.1:54649]
16:08:29.693 [Forwarding getElementTagName on session a0c3a5b2857f7d5d108e2d674aa7e816 to remote] DEBUG org.asynchttpclient.netty.request.NettyRequestSender - Using pooled Channel '[id: 0x68316058, L:/127.0.0.1:60247 - R:localhost/127.0.0.1:54649]' for 'GET' to 'http://localhost:54649/session/a0c3a5b2857f7d5d108e2d674aa7e816/element/f63e0b9d-6032-4e00-95bd-617fae6436ea/name'
16:08:29.694 [Forwarding getElementTagName on session a0c3a5b2857f7d5d108e2d674aa7e816 to remote] DEBUG org.asynchttpclient.netty.request.NettyRequestSender - Using open Channel [id: 0x68316058, L:/127.0.0.1:60247 - R:localhost/127.0.0.1:54649] for GET '/session/a0c3a5b2857f7d5d108e2d674aa7e816/element/f63e0b9d-6032-4e00-95bd-617fae6436ea/name'
16:08:29.703 [AsyncHttpClient-1-2] DEBUG org.asynchttpclient.netty.handler.HttpHandler - 

Request DefaultFullHttpRequest(decodeResult: success, version: HTTP/1.1, content: EmptyByteBufBE)
GET /session/a0c3a5b2857f7d5d108e2d674aa7e816/element/f63e0b9d-6032-4e00-95bd-617fae6436ea/name HTTP/1.1
User-Agent: selenium/4.1.2 (java windows)
Cache-Control: no-cache
Content-Type: application/json; charset=utf-8
host: localhost:54649
accept: */*

Response DefaultHttpResponse(decodeResult: success, version: HTTP/1.1)
HTTP/1.1 200 OK
Content-Type: application/json; charset=utf-8
cache-control: no-cache
content-length: 16

16:08:29.704 [AsyncHttpClient-1-2] DEBUG org.asynchttpclient.netty.channel.ChannelManager - Adding key: http://localhost:54649 for channel [id: 0x68316058, L:/127.0.0.1:60247 - R:localhost/127.0.0.1:54649]
16:08:29.706 [Forwarding getElementTagName on session a0c3a5b2857f7d5d108e2d674aa7e816 to remote] DEBUG org.asynchttpclient.netty.request.NettyRequestSender - Using pooled Channel '[id: 0x68316058, L:/127.0.0.1:60247 - R:localhost/127.0.0.1:54649]' for 'GET' to 'http://localhost:54649/session/a0c3a5b2857f7d5d108e2d674aa7e816/element/f63e0b9d-6032-4e00-95bd-617fae6436ea/name'
16:08:29.706 [Forwarding getElementTagName on session a0c3a5b2857f7d5d108e2d674aa7e816 to remote] DEBUG org.asynchttpclient.netty.request.NettyRequestSender - Using open Channel [id: 0x68316058, L:/127.0.0.1:60247 - R:localhost/127.0.0.1:54649] for GET '/session/a0c3a5b2857f7d5d108e2d674aa7e816/element/f63e0b9d-6032-4e00-95bd-617fae6436ea/name'
16:08:29.712 [AsyncHttpClient-1-2] DEBUG org.asynchttpclient.netty.handler.HttpHandler - 

Request DefaultFullHttpRequest(decodeResult: success, version: HTTP/1.1, content: EmptyByteBufBE)
GET /session/a0c3a5b2857f7d5d108e2d674aa7e816/element/f63e0b9d-6032-4e00-95bd-617fae6436ea/name HTTP/1.1
User-Agent: selenium/4.1.2 (java windows)
Cache-Control: no-cache
Content-Type: application/json; charset=utf-8
host: localhost:54649
accept: */*

Response DefaultHttpResponse(decodeResult: success, version: HTTP/1.1)
HTTP/1.1 200 OK
Content-Type: application/json; charset=utf-8
cache-control: no-cache
content-length: 16

16:08:29.712 [AsyncHttpClient-1-2] DEBUG org.asynchttpclient.netty.channel.ChannelManager - Adding key: http://localhost:54649 for channel [id: 0x68316058, L:/127.0.0.1:60247 - R:localhost/127.0.0.1:54649]
16:08:29.716 [Forwarding findElement on session a0c3a5b2857f7d5d108e2d674aa7e816 to remote] DEBUG org.asynchttpclient.netty.request.NettyRequestSender - Using pooled Channel '[id: 0x68316058, L:/127.0.0.1:60247 - R:localhost/127.0.0.1:54649]' for 'POST' to 'http://localhost:54649/session/a0c3a5b2857f7d5d108e2d674aa7e816/element'
16:08:29.716 [Forwarding findElement on session a0c3a5b2857f7d5d108e2d674aa7e816 to remote] DEBUG org.asynchttpclient.netty.request.NettyRequestSender - Using open Channel [id: 0x68316058, L:/127.0.0.1:60247 - R:localhost/127.0.0.1:54649] for POST '/session/a0c3a5b2857f7d5d108e2d674aa7e816/element'
16:08:29.736 [AsyncHttpClient-1-2] DEBUG org.asynchttpclient.netty.handler.HttpHandler - 

Request DefaultHttpRequest(decodeResult: success, version: HTTP/1.1)
POST /session/a0c3a5b2857f7d5d108e2d674aa7e816/element HTTP/1.1
User-Agent: selenium/4.1.2 (java windows)
Content-Length: 122
Content-Type: application/json; charset=utf-8
host: localhost:54649
accept: */*

Response DefaultHttpResponse(decodeResult: success, version: HTTP/1.1)
HTTP/1.1 200 OK
Content-Type: application/json; charset=utf-8
cache-control: no-cache
content-length: 88

16:08:29.737 [AsyncHttpClient-1-2] DEBUG org.asynchttpclient.netty.channel.ChannelManager - Adding key: http://localhost:54649 for channel [id: 0x68316058, L:/127.0.0.1:60247 - R:localhost/127.0.0.1:54649]
16:08:29.739 [Forwarding clickElement on session a0c3a5b2857f7d5d108e2d674aa7e816 to remote] DEBUG org.asynchttpclient.netty.request.NettyRequestSender - Using pooled Channel '[id: 0x68316058, L:/127.0.0.1:60247 - R:localhost/127.0.0.1:54649]' for 'POST' to 'http://localhost:54649/session/a0c3a5b2857f7d5d108e2d674aa7e816/element/f63e0b9d-6032-4e00-95bd-617fae6436ea/click'
16:08:29.739 [Forwarding clickElement on session a0c3a5b2857f7d5d108e2d674aa7e816 to remote] DEBUG org.asynchttpclient.netty.request.NettyRequestSender - Using open Channel [id: 0x68316058, L:/127.0.0.1:60247 - R:localhost/127.0.0.1:54649] for POST '/session/a0c3a5b2857f7d5d108e2d674aa7e816/element/f63e0b9d-6032-4e00-95bd-617fae6436ea/click'
16:08:29.863 [AsyncHttpClient-1-2] DEBUG org.asynchttpclient.netty.handler.HttpHandler - 

Request DefaultHttpRequest(decodeResult: success, version: HTTP/1.1)
POST /session/a0c3a5b2857f7d5d108e2d674aa7e816/element/f63e0b9d-6032-4e00-95bd-617fae6436ea/click HTTP/1.1
User-Agent: selenium/4.1.2 (java windows)
Content-Length: 50
Content-Type: application/json; charset=utf-8
host: localhost:54649
accept: */*

Response DefaultHttpResponse(decodeResult: success, version: HTTP/1.1)
HTTP/1.1 200 OK
Content-Type: application/json; charset=utf-8
cache-control: no-cache
content-length: 14

16:08:29.864 [AsyncHttpClient-1-2] DEBUG org.asynchttpclient.netty.channel.ChannelManager - Adding key: http://localhost:54649 for channel [id: 0x68316058, L:/127.0.0.1:60247 - R:localhost/127.0.0.1:54649]
16:08:29.884 [Forwarding screenshot on session a0c3a5b2857f7d5d108e2d674aa7e816 to remote] DEBUG org.asynchttpclient.netty.request.NettyRequestSender - Using pooled Channel '[id: 0x68316058, L:/127.0.0.1:60247 - R:localhost/127.0.0.1:54649]' for 'GET' to 'http://localhost:54649/session/a0c3a5b2857f7d5d108e2d674aa7e816/screenshot'
16:08:29.884 [Forwarding screenshot on session a0c3a5b2857f7d5d108e2d674aa7e816 to remote] DEBUG org.asynchttpclient.netty.request.NettyRequestSender - Using open Channel [id: 0x68316058, L:/127.0.0.1:60247 - R:localhost/127.0.0.1:54649] for GET '/session/a0c3a5b2857f7d5d108e2d674aa7e816/screenshot'
16:08:30.193 [AsyncHttpClient-1-2] DEBUG org.asynchttpclient.netty.handler.HttpHandler - 

Request DefaultFullHttpRequest(decodeResult: success, version: HTTP/1.1, content: EmptyByteBufBE)
GET /session/a0c3a5b2857f7d5d108e2d674aa7e816/screenshot HTTP/1.1
User-Agent: selenium/4.1.2 (java windows)
Cache-Control: no-cache
Content-Type: application/json; charset=utf-8
host: localhost:54649
accept: */*

Response DefaultHttpResponse(decodeResult: success, version: HTTP/1.1)
HTTP/1.1 200 OK
Content-Type: application/json; charset=utf-8
cache-control: no-cache
content-length: 90508

16:08:30.194 [AsyncHttpClient-1-2] DEBUG org.asynchttpclient.netty.channel.ChannelManager - Adding key: http://localhost:54649 for channel [id: 0x68316058, L:/127.0.0.1:60247 - R:localhost/127.0.0.1:54649]
16:08:30.205 [main] DEBUG net.serenitybdd.core.photography.Darkroom - Send negative for processing for target\site\serenity\5f1ea6da9d894a69365ff7e5e83d45ff6897358d421a0627b73fd3dc0cc30495.png
16:08:30.205 [main] DEBUG net.thucydides.core.steps.StepInterceptor - STEP DONE: clickFirstProduct
  &amp#27;[32mWhen &amp#27;[0m&amp#27;[32mI click buy first product button on product page&amp#27;[0m &amp#27;[90m# starter.stepdefinitions.OrderSteps.iClickBuyFirstProductButtonOnProductPage()&amp#27;[0m
16:08:30.278 [Forwarding screenshot on session a0c3a5b2857f7d5d108e2d674aa7e816 to remote] DEBUG org.asynchttpclient.netty.request.NettyRequestSender - Using pooled Channel '[id: 0x68316058, L:/127.0.0.1:60247 - R:localhost/127.0.0.1:54649]' for 'GET' to 'http://localhost:54649/session/a0c3a5b2857f7d5d108e2d674aa7e816/screenshot'
16:08:30.278 [Forwarding screenshot on session a0c3a5b2857f7d5d108e2d674aa7e816 to remote] DEBUG org.asynchttpclient.netty.request.NettyRequestSender - Using open Channel [id: 0x68316058, L:/127.0.0.1:60247 - R:localhost/127.0.0.1:54649] for GET '/session/a0c3a5b2857f7d5d108e2d674aa7e816/screenshot'
16:08:30.279 [Darkroom Processing Line] DEBUG net.serenitybdd.core.photography.DarkroomProcessingLine - Processing screenshot image in /var/screenshots/screenshot-17213702397107896796
16:08:30.280 [Darkroom Processing Line] DEBUG net.serenitybdd.core.photography.DarkroomProcessingLine - Saving screenshot to target\site\serenity\5f1ea6da9d894a69365ff7e5e83d45ff6897358d421a0627b73fd3dc0cc30495.png
16:08:30.289 [AsyncHttpClient-1-1] DEBUG org.asynchttpclient.netty.channel.DefaultChannelPool - Entry count for : http://localhost:60248 : 1
16:08:30.518 [AsyncHttpClient-1-2] DEBUG org.asynchttpclient.netty.handler.HttpHandler - 

Request DefaultFullHttpRequest(decodeResult: success, version: HTTP/1.1, content: EmptyByteBufBE)
GET /session/a0c3a5b2857f7d5d108e2d674aa7e816/screenshot HTTP/1.1
User-Agent: selenium/4.1.2 (java windows)
Cache-Control: no-cache
Content-Type: application/json; charset=utf-8
host: localhost:54649
accept: */*

Response DefaultHttpResponse(decodeResult: success, version: HTTP/1.1)
HTTP/1.1 200 OK
Content-Type: application/json; charset=utf-8
cache-control: no-cache
content-length: 89504

16:08:30.519 [AsyncHttpClient-1-2] DEBUG org.asynchttpclient.netty.channel.ChannelManager - Adding key: http://localhost:54649 for channel [id: 0x68316058, L:/127.0.0.1:60247 - R:localhost/127.0.0.1:54649]
16:08:30.523 [main] DEBUG net.serenitybdd.core.photography.Darkroom - Send negative for processing for target\site\serenity\b822bf62f85323ee3976ccb1ae46b459644787b51be25d426a13e183ca978ebd.png
16:08:30.524 [Darkroom Processing Line] DEBUG net.serenitybdd.core.photography.DarkroomProcessingLine - Processing screenshot image in /var/screenshots/screenshot-4771364966633073488
16:08:30.524 [Darkroom Processing Line] DEBUG net.serenitybdd.core.photography.DarkroomProcessingLine - Saving screenshot to target\site\serenity\b822bf62f85323ee3976ccb1ae46b459644787b51be25d426a13e183ca978ebd.png
16:08:30.541 [main] DEBUG net.thucydides.core.steps.StepInterceptor - STARTING STEP: OrderSteps.iClickShoppingCartButton - clickShoppingCart
16:08:30.555 [Forwarding findElement on session a0c3a5b2857f7d5d108e2d674aa7e816 to remote] DEBUG org.asynchttpclient.netty.request.NettyRequestSender - Using pooled Channel '[id: 0x68316058, L:/127.0.0.1:60247 - R:localhost/127.0.0.1:54649]' for 'POST' to 'http://localhost:54649/session/a0c3a5b2857f7d5d108e2d674aa7e816/element'
16:08:30.555 [Forwarding findElement on session a0c3a5b2857f7d5d108e2d674aa7e816 to remote] DEBUG org.asynchttpclient.netty.request.NettyRequestSender - Using open Channel [id: 0x68316058, L:/127.0.0.1:60247 - R:localhost/127.0.0.1:54649] for POST '/session/a0c3a5b2857f7d5d108e2d674aa7e816/element'
16:08:30.595 [AsyncHttpClient-1-2] DEBUG org.asynchttpclient.netty.handler.HttpHandler - 

Request DefaultHttpRequest(decodeResult: success, version: HTTP/1.1)
POST /session/a0c3a5b2857f7d5d108e2d674aa7e816/element HTTP/1.1
User-Agent: selenium/4.1.2 (java windows)
Content-Length: 213
Content-Type: application/json; charset=utf-8
host: localhost:54649
accept: */*

Response DefaultHttpResponse(decodeResult: success, version: HTTP/1.1)
HTTP/1.1 200 OK
Content-Type: application/json; charset=utf-8
cache-control: no-cache
content-length: 88

16:08:30.595 [AsyncHttpClient-1-2] DEBUG org.asynchttpclient.netty.channel.ChannelManager - Adding key: http://localhost:54649 for channel [id: 0x68316058, L:/127.0.0.1:60247 - R:localhost/127.0.0.1:54649]
16:08:30.598 [Forwarding getElementTagName on session a0c3a5b2857f7d5d108e2d674aa7e816 to remote] DEBUG org.asynchttpclient.netty.request.NettyRequestSender - Using pooled Channel '[id: 0x68316058, L:/127.0.0.1:60247 - R:localhost/127.0.0.1:54649]' for 'GET' to 'http://localhost:54649/session/a0c3a5b2857f7d5d108e2d674aa7e816/element/a87b46d6-424a-4f09-9a35-2bc77e721121/name'
16:08:30.598 [Forwarding getElementTagName on session a0c3a5b2857f7d5d108e2d674aa7e816 to remote] DEBUG org.asynchttpclient.netty.request.NettyRequestSender - Using open Channel [id: 0x68316058, L:/127.0.0.1:60247 - R:localhost/127.0.0.1:54649] for GET '/session/a0c3a5b2857f7d5d108e2d674aa7e816/element/a87b46d6-424a-4f09-9a35-2bc77e721121/name'
16:08:30.609 [AsyncHttpClient-1-2] DEBUG org.asynchttpclient.netty.handler.HttpHandler - 

Request DefaultFullHttpRequest(decodeResult: success, version: HTTP/1.1, content: EmptyByteBufBE)
GET /session/a0c3a5b2857f7d5d108e2d674aa7e816/element/a87b46d6-424a-4f09-9a35-2bc77e721121/name HTTP/1.1
User-Agent: selenium/4.1.2 (java windows)
Cache-Control: no-cache
Content-Type: application/json; charset=utf-8
host: localhost:54649
accept: */*

Response DefaultHttpResponse(decodeResult: success, version: HTTP/1.1)
HTTP/1.1 200 OK
Content-Type: application/json; charset=utf-8
cache-control: no-cache
content-length: 16

16:08:30.609 [AsyncHttpClient-1-2] DEBUG org.asynchttpclient.netty.channel.ChannelManager - Adding key: http://localhost:54649 for channel [id: 0x68316058, L:/127.0.0.1:60247 - R:localhost/127.0.0.1:54649]
16:08:30.617 [Forwarding getElementTagName on session a0c3a5b2857f7d5d108e2d674aa7e816 to remote] DEBUG org.asynchttpclient.netty.request.NettyRequestSender - Using pooled Channel '[id: 0x68316058, L:/127.0.0.1:60247 - R:localhost/127.0.0.1:54649]' for 'GET' to 'http://localhost:54649/session/a0c3a5b2857f7d5d108e2d674aa7e816/element/a87b46d6-424a-4f09-9a35-2bc77e721121/name'
16:08:30.618 [Forwarding getElementTagName on session a0c3a5b2857f7d5d108e2d674aa7e816 to remote] DEBUG org.asynchttpclient.netty.request.NettyRequestSender - Using open Channel [id: 0x68316058, L:/127.0.0.1:60247 - R:localhost/127.0.0.1:54649] for GET '/session/a0c3a5b2857f7d5d108e2d674aa7e816/element/a87b46d6-424a-4f09-9a35-2bc77e721121/name'
16:08:30.626 [AsyncHttpClient-1-2] DEBUG org.asynchttpclient.netty.handler.HttpHandler - 

Request DefaultFullHttpRequest(decodeResult: success, version: HTTP/1.1, content: EmptyByteBufBE)
GET /session/a0c3a5b2857f7d5d108e2d674aa7e816/element/a87b46d6-424a-4f09-9a35-2bc77e721121/name HTTP/1.1
User-Agent: selenium/4.1.2 (java windows)
Cache-Control: no-cache
Content-Type: application/json; charset=utf-8
host: localhost:54649
accept: */*

Response DefaultHttpResponse(decodeResult: success, version: HTTP/1.1)
HTTP/1.1 200 OK
Content-Type: application/json; charset=utf-8
cache-control: no-cache
content-length: 16

16:08:30.626 [AsyncHttpClient-1-2] DEBUG org.asynchttpclient.netty.channel.ChannelManager - Adding key: http://localhost:54649 for channel [id: 0x68316058, L:/127.0.0.1:60247 - R:localhost/127.0.0.1:54649]
16:08:30.630 [Forwarding findElement on session a0c3a5b2857f7d5d108e2d674aa7e816 to remote] DEBUG org.asynchttpclient.netty.request.NettyRequestSender - Using pooled Channel '[id: 0x68316058, L:/127.0.0.1:60247 - R:localhost/127.0.0.1:54649]' for 'POST' to 'http://localhost:54649/session/a0c3a5b2857f7d5d108e2d674aa7e816/element'
16:08:30.630 [Forwarding findElement on session a0c3a5b2857f7d5d108e2d674aa7e816 to remote] DEBUG org.asynchttpclient.netty.request.NettyRequestSender - Using open Channel [id: 0x68316058, L:/127.0.0.1:60247 - R:localhost/127.0.0.1:54649] for POST '/session/a0c3a5b2857f7d5d108e2d674aa7e816/element'
16:08:30.666 [AsyncHttpClient-1-2] DEBUG org.asynchttpclient.netty.handler.HttpHandler - 

Request DefaultHttpRequest(decodeResult: success, version: HTTP/1.1)
POST /session/a0c3a5b2857f7d5d108e2d674aa7e816/element HTTP/1.1
User-Agent: selenium/4.1.2 (java windows)
Content-Length: 213
Content-Type: application/json; charset=utf-8
host: localhost:54649
accept: */*

Response DefaultHttpResponse(decodeResult: success, version: HTTP/1.1)
HTTP/1.1 200 OK
Content-Type: application/json; charset=utf-8
cache-control: no-cache
content-length: 88

16:08:30.667 [AsyncHttpClient-1-2] DEBUG org.asynchttpclient.netty.channel.ChannelManager - Adding key: http://localhost:54649 for channel [id: 0x68316058, L:/127.0.0.1:60247 - R:localhost/127.0.0.1:54649]
16:08:30.669 [Forwarding clickElement on session a0c3a5b2857f7d5d108e2d674aa7e816 to remote] DEBUG org.asynchttpclient.netty.request.NettyRequestSender - Using pooled Channel '[id: 0x68316058, L:/127.0.0.1:60247 - R:localhost/127.0.0.1:54649]' for 'POST' to 'http://localhost:54649/session/a0c3a5b2857f7d5d108e2d674aa7e816/element/a87b46d6-424a-4f09-9a35-2bc77e721121/click'
16:08:30.669 [Forwarding clickElement on session a0c3a5b2857f7d5d108e2d674aa7e816 to remote] DEBUG org.asynchttpclient.netty.request.NettyRequestSender - Using open Channel [id: 0x68316058, L:/127.0.0.1:60247 - R:localhost/127.0.0.1:54649] for POST '/session/a0c3a5b2857f7d5d108e2d674aa7e816/element/a87b46d6-424a-4f09-9a35-2bc77e721121/click'
16:08:31.390 [AsyncHttpClient-1-1] DEBUG org.asynchttpclient.netty.channel.DefaultChannelPool - Entry count for : http://localhost:60248 : 1
16:08:31.625 [AsyncHttpClient-1-2] DEBUG org.asynchttpclient.netty.handler.HttpHandler - 

Request DefaultHttpRequest(decodeResult: success, version: HTTP/1.1)
POST /session/a0c3a5b2857f7d5d108e2d674aa7e816/element/a87b46d6-424a-4f09-9a35-2bc77e721121/click HTTP/1.1
User-Agent: selenium/4.1.2 (java windows)
Content-Length: 50
Content-Type: application/json; charset=utf-8
host: localhost:54649
accept: */*

Response DefaultHttpResponse(decodeResult: success, version: HTTP/1.1)
HTTP/1.1 200 OK
Content-Type: application/json; charset=utf-8
cache-control: no-cache
content-length: 14

16:08:31.625 [AsyncHttpClient-1-2] DEBUG org.asynchttpclient.netty.channel.ChannelManager - Adding key: http://localhost:54649 for channel [id: 0x68316058, L:/127.0.0.1:60247 - R:localhost/127.0.0.1:54649]
16:08:31.637 [Forwarding screenshot on session a0c3a5b2857f7d5d108e2d674aa7e816 to remote] DEBUG org.asynchttpclient.netty.request.NettyRequestSender - Using pooled Channel '[id: 0x68316058, L:/127.0.0.1:60247 - R:localhost/127.0.0.1:54649]' for 'GET' to 'http://localhost:54649/session/a0c3a5b2857f7d5d108e2d674aa7e816/screenshot'
16:08:31.637 [Forwarding screenshot on session a0c3a5b2857f7d5d108e2d674aa7e816 to remote] DEBUG org.asynchttpclient.netty.request.NettyRequestSender - Using open Channel [id: 0x68316058, L:/127.0.0.1:60247 - R:localhost/127.0.0.1:54649] for GET '/session/a0c3a5b2857f7d5d108e2d674aa7e816/screenshot'
16:08:31.930 [AsyncHttpClient-1-2] DEBUG org.asynchttpclient.netty.handler.HttpHandler - 

Request DefaultFullHttpRequest(decodeResult: success, version: HTTP/1.1, content: EmptyByteBufBE)
GET /session/a0c3a5b2857f7d5d108e2d674aa7e816/screenshot HTTP/1.1
User-Agent: selenium/4.1.2 (java windows)
Cache-Control: no-cache
Content-Type: application/json; charset=utf-8
host: localhost:54649
accept: */*

Response DefaultHttpResponse(decodeResult: success, version: HTTP/1.1)
HTTP/1.1 200 OK
Content-Type: application/json; charset=utf-8
cache-control: no-cache
content-length: 33200

16:08:31.930 [AsyncHttpClient-1-2] DEBUG org.asynchttpclient.netty.channel.ChannelManager - Adding key: http://localhost:54649 for channel [id: 0x68316058, L:/127.0.0.1:60247 - R:localhost/127.0.0.1:54649]
16:08:31.934 [main] DEBUG net.serenitybdd.core.photography.Darkroom - Send negative for processing for target\site\serenity\9bc5a0bf6a4d80efebd828e3d36767e7996063b42417aa5702c2d1fb756751bf.png
16:08:31.935 [main] DEBUG net.thucydides.core.steps.StepInterceptor - STEP DONE: clickShoppingCart
  &amp#27;[32mAnd &amp#27;[0m&amp#27;[32mI click shopping cart button&amp#27;[0m                      &amp#27;[90m# starter.stepdefinitions.OrderSteps.iClickShoppingCartButton()&amp#27;[0m
16:08:31.935 [Darkroom Processing Line] DEBUG net.serenitybdd.core.photography.DarkroomProcessingLine - Processing screenshot image in /var/screenshots/screenshot-14340086009650528873
16:08:31.936 [Darkroom Processing Line] DEBUG net.serenitybdd.core.photography.DarkroomProcessingLine - Saving screenshot to target\site\serenity\9bc5a0bf6a4d80efebd828e3d36767e7996063b42417aa5702c2d1fb756751bf.png
16:08:31.975 [main] DEBUG net.thucydides.core.steps.StepInterceptor - STARTING STEP: OrderSteps.iClickReduceSignOnTheProduct - clickReduceButton
16:08:31.983 [Forwarding findElement on session a0c3a5b2857f7d5d108e2d674aa7e816 to remote] DEBUG org.asynchttpclient.netty.request.NettyRequestSender - Using pooled Channel '[id: 0x68316058, L:/127.0.0.1:60247 - R:localhost/127.0.0.1:54649]' for 'POST' to 'http://localhost:54649/session/a0c3a5b2857f7d5d108e2d674aa7e816/element'
16:08:31.983 [Forwarding findElement on session a0c3a5b2857f7d5d108e2d674aa7e816 to remote] DEBUG org.asynchttpclient.netty.request.NettyRequestSender - Using open Channel [id: 0x68316058, L:/127.0.0.1:60247 - R:localhost/127.0.0.1:54649] for POST '/session/a0c3a5b2857f7d5d108e2d674aa7e816/element'
16:08:32.011 [AsyncHttpClient-1-2] DEBUG org.asynchttpclient.netty.handler.HttpHandler - 

Request DefaultHttpRequest(decodeResult: success, version: HTTP/1.1)
POST /session/a0c3a5b2857f7d5d108e2d674aa7e816/element HTTP/1.1
User-Agent: selenium/4.1.2 (java windows)
Content-Length: 94
Content-Type: application/json; charset=utf-8
host: localhost:54649
accept: */*

Response DefaultHttpResponse(decodeResult: success, version: HTTP/1.1)
HTTP/1.1 200 OK
Content-Type: application/json; charset=utf-8
cache-control: no-cache
content-length: 88

16:08:32.011 [AsyncHttpClient-1-2] DEBUG org.asynchttpclient.netty.channel.ChannelManager - Adding key: http://localhost:54649 for channel [id: 0x68316058, L:/127.0.0.1:60247 - R:localhost/127.0.0.1:54649]
16:08:32.014 [Forwarding getElementTagName on session a0c3a5b2857f7d5d108e2d674aa7e816 to remote] DEBUG org.asynchttpclient.netty.request.NettyRequestSender - Using pooled Channel '[id: 0x68316058, L:/127.0.0.1:60247 - R:localhost/127.0.0.1:54649]' for 'GET' to 'http://localhost:54649/session/a0c3a5b2857f7d5d108e2d674aa7e816/element/0c92cdd0-9b46-4a92-b7e6-3cd02be409ca/name'
16:08:32.014 [Forwarding getElementTagName on session a0c3a5b2857f7d5d108e2d674aa7e816 to remote] DEBUG org.asynchttpclient.netty.request.NettyRequestSender - Using open Channel [id: 0x68316058, L:/127.0.0.1:60247 - R:localhost/127.0.0.1:54649] for GET '/session/a0c3a5b2857f7d5d108e2d674aa7e816/element/0c92cdd0-9b46-4a92-b7e6-3cd02be409ca/name'
16:08:32.023 [AsyncHttpClient-1-2] DEBUG org.asynchttpclient.netty.handler.HttpHandler - 

Request DefaultFullHttpRequest(decodeResult: success, version: HTTP/1.1, content: EmptyByteBufBE)
GET /session/a0c3a5b2857f7d5d108e2d674aa7e816/element/0c92cdd0-9b46-4a92-b7e6-3cd02be409ca/name HTTP/1.1
User-Agent: selenium/4.1.2 (java windows)
Cache-Control: no-cache
Content-Type: application/json; charset=utf-8
host: localhost:54649
accept: */*

Response DefaultHttpResponse(decodeResult: success, version: HTTP/1.1)
HTTP/1.1 200 OK
Content-Type: application/json; charset=utf-8
cache-control: no-cache
content-length: 16

16:08:32.023 [AsyncHttpClient-1-2] DEBUG org.asynchttpclient.netty.channel.ChannelManager - Adding key: http://localhost:54649 for channel [id: 0x68316058, L:/127.0.0.1:60247 - R:localhost/127.0.0.1:54649]
16:08:32.027 [Forwarding getElementTagName on session a0c3a5b2857f7d5d108e2d674aa7e816 to remote] DEBUG org.asynchttpclient.netty.request.NettyRequestSender - Using pooled Channel '[id: 0x68316058, L:/127.0.0.1:60247 - R:localhost/127.0.0.1:54649]' for 'GET' to 'http://localhost:54649/session/a0c3a5b2857f7d5d108e2d674aa7e816/element/0c92cdd0-9b46-4a92-b7e6-3cd02be409ca/name'
16:08:32.027 [Forwarding getElementTagName on session a0c3a5b2857f7d5d108e2d674aa7e816 to remote] DEBUG org.asynchttpclient.netty.request.NettyRequestSender - Using open Channel [id: 0x68316058, L:/127.0.0.1:60247 - R:localhost/127.0.0.1:54649] for GET '/session/a0c3a5b2857f7d5d108e2d674aa7e816/element/0c92cdd0-9b46-4a92-b7e6-3cd02be409ca/name'
16:08:32.037 [AsyncHttpClient-1-2] DEBUG org.asynchttpclient.netty.handler.HttpHandler - 

Request DefaultFullHttpRequest(decodeResult: success, version: HTTP/1.1, content: EmptyByteBufBE)
GET /session/a0c3a5b2857f7d5d108e2d674aa7e816/element/0c92cdd0-9b46-4a92-b7e6-3cd02be409ca/name HTTP/1.1
User-Agent: selenium/4.1.2 (java windows)
Cache-Control: no-cache
Content-Type: application/json; charset=utf-8
host: localhost:54649
accept: */*

Response DefaultHttpResponse(decodeResult: success, version: HTTP/1.1)
HTTP/1.1 200 OK
Content-Type: application/json; charset=utf-8
cache-control: no-cache
content-length: 16

16:08:32.037 [AsyncHttpClient-1-2] DEBUG org.asynchttpclient.netty.channel.ChannelManager - Adding key: http://localhost:54649 for channel [id: 0x68316058, L:/127.0.0.1:60247 - R:localhost/127.0.0.1:54649]
16:08:32.042 [Forwarding findElement on session a0c3a5b2857f7d5d108e2d674aa7e816 to remote] DEBUG org.asynchttpclient.netty.request.NettyRequestSender - Using pooled Channel '[id: 0x68316058, L:/127.0.0.1:60247 - R:localhost/127.0.0.1:54649]' for 'POST' to 'http://localhost:54649/session/a0c3a5b2857f7d5d108e2d674aa7e816/element'
16:08:32.042 [Forwarding findElement on session a0c3a5b2857f7d5d108e2d674aa7e816 to remote] DEBUG org.asynchttpclient.netty.request.NettyRequestSender - Using open Channel [id: 0x68316058, L:/127.0.0.1:60247 - R:localhost/127.0.0.1:54649] for POST '/session/a0c3a5b2857f7d5d108e2d674aa7e816/element'
16:08:32.057 [AsyncHttpClient-1-2] DEBUG org.asynchttpclient.netty.handler.HttpHandler - 

Request DefaultHttpRequest(decodeResult: success, version: HTTP/1.1)
POST /session/a0c3a5b2857f7d5d108e2d674aa7e816/element HTTP/1.1
User-Agent: selenium/4.1.2 (java windows)
Content-Length: 94
Content-Type: application/json; charset=utf-8
host: localhost:54649
accept: */*

Response DefaultHttpResponse(decodeResult: success, version: HTTP/1.1)
HTTP/1.1 200 OK
Content-Type: application/json; charset=utf-8
cache-control: no-cache
content-length: 88

16:08:32.057 [AsyncHttpClient-1-2] DEBUG org.asynchttpclient.netty.channel.ChannelManager - Adding key: http://localhost:54649 for channel [id: 0x68316058, L:/127.0.0.1:60247 - R:localhost/127.0.0.1:54649]
16:08:32.060 [Forwarding clickElement on session a0c3a5b2857f7d5d108e2d674aa7e816 to remote] DEBUG org.asynchttpclient.netty.request.NettyRequestSender - Using pooled Channel '[id: 0x68316058, L:/127.0.0.1:60247 - R:localhost/127.0.0.1:54649]' for 'POST' to 'http://localhost:54649/session/a0c3a5b2857f7d5d108e2d674aa7e816/element/0c92cdd0-9b46-4a92-b7e6-3cd02be409ca/click'
16:08:32.060 [Forwarding clickElement on session a0c3a5b2857f7d5d108e2d674aa7e816 to remote] DEBUG org.asynchttpclient.netty.request.NettyRequestSender - Using open Channel [id: 0x68316058, L:/127.0.0.1:60247 - R:localhost/127.0.0.1:54649] for POST '/session/a0c3a5b2857f7d5d108e2d674aa7e816/element/0c92cdd0-9b46-4a92-b7e6-3cd02be409ca/click'
16:08:32.202 [AsyncHttpClient-1-2] DEBUG org.asynchttpclient.netty.handler.HttpHandler - 

Request DefaultHttpRequest(decodeResult: success, version: HTTP/1.1)
POST /session/a0c3a5b2857f7d5d108e2d674aa7e816/element/0c92cdd0-9b46-4a92-b7e6-3cd02be409ca/click HTTP/1.1
User-Agent: selenium/4.1.2 (java windows)
Content-Length: 50
Content-Type: application/json; charset=utf-8
host: localhost:54649
accept: */*

Response DefaultHttpResponse(decodeResult: success, version: HTTP/1.1)
HTTP/1.1 200 OK
Content-Type: application/json; charset=utf-8
cache-control: no-cache
content-length: 14

16:08:32.202 [AsyncHttpClient-1-2] DEBUG org.asynchttpclient.netty.channel.ChannelManager - Adding key: http://localhost:54649 for channel [id: 0x68316058, L:/127.0.0.1:60247 - R:localhost/127.0.0.1:54649]
16:08:32.234 [Forwarding screenshot on session a0c3a5b2857f7d5d108e2d674aa7e816 to remote] DEBUG org.asynchttpclient.netty.request.NettyRequestSender - Using pooled Channel '[id: 0x68316058, L:/127.0.0.1:60247 - R:localhost/127.0.0.1:54649]' for 'GET' to 'http://localhost:54649/session/a0c3a5b2857f7d5d108e2d674aa7e816/screenshot'
16:08:32.234 [Forwarding screenshot on session a0c3a5b2857f7d5d108e2d674aa7e816 to remote] DEBUG org.asynchttpclient.netty.request.NettyRequestSender - Using open Channel [id: 0x68316058, L:/127.0.0.1:60247 - R:localhost/127.0.0.1:54649] for GET '/session/a0c3a5b2857f7d5d108e2d674aa7e816/screenshot'
16:08:32.445 [AsyncHttpClient-1-1] DEBUG org.asynchttpclient.netty.channel.DefaultChannelPool - Entry count for : http://localhost:60248 : 1
16:08:32.564 [AsyncHttpClient-1-2] DEBUG org.asynchttpclient.netty.handler.HttpHandler - 

Request DefaultFullHttpRequest(decodeResult: success, version: HTTP/1.1, content: EmptyByteBufBE)
GET /session/a0c3a5b2857f7d5d108e2d674aa7e816/screenshot HTTP/1.1
User-Agent: selenium/4.1.2 (java windows)
Cache-Control: no-cache
Content-Type: application/json; charset=utf-8
host: localhost:54649
accept: */*

Response DefaultHttpResponse(decodeResult: success, version: HTTP/1.1)
HTTP/1.1 200 OK
Content-Type: application/json; charset=utf-8
cache-control: no-cache
content-length: 17748

16:08:32.564 [AsyncHttpClient-1-2] DEBUG org.asynchttpclient.netty.channel.ChannelManager - Adding key: http://localhost:54649 for channel [id: 0x68316058, L:/127.0.0.1:60247 - R:localhost/127.0.0.1:54649]
16:08:32.566 [main] DEBUG net.serenitybdd.core.photography.Darkroom - Send negative for processing for target\site\serenity\690933cefe79ee1ffdeefe7abef8d0a244b2c5fe7980e4292224824cda79ff30.png
16:08:32.567 [Darkroom Processing Line] DEBUG net.serenitybdd.core.photography.DarkroomProcessingLine - Processing screenshot image in /var/screenshots/screenshot-7513296083655044551
16:08:32.567 [Darkroom Processing Line] DEBUG net.serenitybdd.core.photography.DarkroomProcessingLine - Saving screenshot to target\site\serenity\690933cefe79ee1ffdeefe7abef8d0a244b2c5fe7980e4292224824cda79ff30.png
16:08:32.568 [main] DEBUG net.thucydides.core.steps.StepInterceptor - STEP DONE: clickReduceButton
  &amp#27;[32mAnd &amp#27;[0m&amp#27;[32mI click - sign on the product&amp#27;[0m                     &amp#27;[90m# starter.stepdefinitions.OrderSteps.iClickReduceSignOnTheProduct()&amp#27;[0m
16:08:32.602 [main] DEBUG net.thucydides.core.steps.StepInterceptor - STARTING STEP: OrderSteps.iValidateTheProductIsRemoved - verifyCartIsEmpty
16:08:32.608 [Forwarding findElement on session a0c3a5b2857f7d5d108e2d674aa7e816 to remote] DEBUG org.asynchttpclient.netty.request.NettyRequestSender - Using pooled Channel '[id: 0x68316058, L:/127.0.0.1:60247 - R:localhost/127.0.0.1:54649]' for 'POST' to 'http://localhost:54649/session/a0c3a5b2857f7d5d108e2d674aa7e816/element'
16:08:32.609 [Forwarding findElement on session a0c3a5b2857f7d5d108e2d674aa7e816 to remote] DEBUG org.asynchttpclient.netty.request.NettyRequestSender - Using open Channel [id: 0x68316058, L:/127.0.0.1:60247 - R:localhost/127.0.0.1:54649] for POST '/session/a0c3a5b2857f7d5d108e2d674aa7e816/element'
16:08:32.616 [AsyncHttpClient-1-2] DEBUG org.asynchttpclient.netty.handler.HttpHandler - 

Request DefaultHttpRequest(decodeResult: success, version: HTTP/1.1)
POST /session/a0c3a5b2857f7d5d108e2d674aa7e816/element HTTP/1.1
User-Agent: selenium/4.1.2 (java windows)
Content-Length: 53
Content-Type: application/json; charset=utf-8
host: localhost:54649
accept: */*

Response DefaultHttpResponse(decodeResult: success, version: HTTP/1.1)
HTTP/1.1 400 Bad Request
Content-Type: application/json; charset=utf-8
cache-control: no-cache
content-length: 957

16:08:32.616 [AsyncHttpClient-1-2] DEBUG org.asynchttpclient.netty.channel.ChannelManager - Adding key: http://localhost:54649 for channel [id: 0x68316058, L:/127.0.0.1:60247 - R:localhost/127.0.0.1:54649]
16:08:32.619 [Forwarding findElement on session a0c3a5b2857f7d5d108e2d674aa7e816 to remote] DEBUG org.asynchttpclient.netty.request.NettyRequestSender - Using pooled Channel '[id: 0x68316058, L:/127.0.0.1:60247 - R:localhost/127.0.0.1:54649]' for 'POST' to 'http://localhost:54649/session/a0c3a5b2857f7d5d108e2d674aa7e816/element'
16:08:32.619 [Forwarding findElement on session a0c3a5b2857f7d5d108e2d674aa7e816 to remote] DEBUG org.asynchttpclient.netty.request.NettyRequestSender - Using open Channel [id: 0x68316058, L:/127.0.0.1:60247 - R:localhost/127.0.0.1:54649] for POST '/session/a0c3a5b2857f7d5d108e2d674aa7e816/element'
16:08:32.648 [AsyncHttpClient-1-2] DEBUG org.asynchttpclient.netty.handler.HttpHandler - 

Request DefaultHttpRequest(decodeResult: success, version: HTTP/1.1)
POST /session/a0c3a5b2857f7d5d108e2d674aa7e816/element HTTP/1.1
User-Agent: selenium/4.1.2 (java windows)
Content-Length: 63
Content-Type: application/json; charset=utf-8
host: localhost:54649
accept: */*

Response DefaultHttpResponse(decodeResult: success, version: HTTP/1.1)
HTTP/1.1 200 OK
Content-Type: application/json; charset=utf-8
cache-control: no-cache
content-length: 88

16:08:32.649 [AsyncHttpClient-1-2] DEBUG org.asynchttpclient.netty.channel.ChannelManager - Adding key: http://localhost:54649 for channel [id: 0x68316058, L:/127.0.0.1:60247 - R:localhost/127.0.0.1:54649]
16:08:32.656 [Forwarding isElementDisplayed on session a0c3a5b2857f7d5d108e2d674aa7e816 to remote] DEBUG org.asynchttpclient.netty.request.NettyRequestSender - Using pooled Channel '[id: 0x68316058, L:/127.0.0.1:60247 - R:localhost/127.0.0.1:54649]' for 'POST' to 'http://localhost:54649/session/a0c3a5b2857f7d5d108e2d674aa7e816/execute/sync'
16:08:32.656 [Forwarding isElementDisplayed on session a0c3a5b2857f7d5d108e2d674aa7e816 to remote] DEBUG org.asynchttpclient.netty.request.NettyRequestSender - Using open Channel [id: 0x68316058, L:/127.0.0.1:60247 - R:localhost/127.0.0.1:54649] for POST '/session/a0c3a5b2857f7d5d108e2d674aa7e816/execute/sync'
16:08:32.683 [AsyncHttpClient-1-2] DEBUG org.asynchttpclient.netty.handler.HttpHandler - 

Request DefaultHttpRequest(decodeResult: success, version: HTTP/1.1)
POST /session/a0c3a5b2857f7d5d108e2d674aa7e816/execute/sync HTTP/1.1
User-Agent: selenium/4.1.2 (java windows)
Content-Length: 48780
Content-Type: application/json; charset=utf-8
host: localhost:54649
accept: */*

Response DefaultHttpResponse(decodeResult: success, version: HTTP/1.1)
HTTP/1.1 200 OK
Content-Type: application/json; charset=utf-8
cache-control: no-cache
content-length: 14

16:08:32.684 [AsyncHttpClient-1-2] DEBUG org.asynchttpclient.netty.channel.ChannelManager - Adding key: http://localhost:54649 for channel [id: 0x68316058, L:/127.0.0.1:60247 - R:localhost/127.0.0.1:54649]
16:08:32.691 [Forwarding screenshot on session a0c3a5b2857f7d5d108e2d674aa7e816 to remote] DEBUG org.asynchttpclient.netty.request.NettyRequestSender - Using pooled Channel '[id: 0x68316058, L:/127.0.0.1:60247 - R:localhost/127.0.0.1:54649]' for 'GET' to 'http://localhost:54649/session/a0c3a5b2857f7d5d108e2d674aa7e816/screenshot'
16:08:32.691 [Forwarding screenshot on session a0c3a5b2857f7d5d108e2d674aa7e816 to remote] DEBUG org.asynchttpclient.netty.request.NettyRequestSender - Using open Channel [id: 0x68316058, L:/127.0.0.1:60247 - R:localhost/127.0.0.1:54649] for GET '/session/a0c3a5b2857f7d5d108e2d674aa7e816/screenshot'
16:08:32.834 [AsyncHttpClient-1-2] DEBUG org.asynchttpclient.netty.handler.HttpHandler - 

Request DefaultFullHttpRequest(decodeResult: success, version: HTTP/1.1, content: EmptyByteBufBE)
GET /session/a0c3a5b2857f7d5d108e2d674aa7e816/screenshot HTTP/1.1
User-Agent: selenium/4.1.2 (java windows)
Cache-Control: no-cache
Content-Type: application/json; charset=utf-8
host: localhost:54649
accept: */*

Response DefaultHttpResponse(decodeResult: success, version: HTTP/1.1)
HTTP/1.1 200 OK
Content-Type: application/json; charset=utf-8
cache-control: no-cache
content-length: 17724

16:08:32.834 [AsyncHttpClient-1-2] DEBUG org.asynchttpclient.netty.channel.ChannelManager - Adding key: http://localhost:54649 for channel [id: 0x68316058, L:/127.0.0.1:60247 - R:localhost/127.0.0.1:54649]
16:08:32.836 [main] DEBUG net.serenitybdd.core.photography.Darkroom - Send negative for processing for target\site\serenity\d0d3598a25adfc627cf8abd2ef78679da4436be5b4c9b8b4cbf96352734f30ea.png
16:08:32.837 [main] DEBUG net.thucydides.core.steps.StepInterceptor - STEP DONE: verifyCartIsEmpty
  &amp#27;[32mThen &amp#27;[0m&amp#27;[32mI validate the product is removed&amp#27;[0m                &amp#27;[90m# starter.stepdefinitions.OrderSteps.iValidateTheProductIsRemoved()&amp#27;[0m
16:08:32.837 [Darkroom Processing Line] DEBUG net.serenitybdd.core.photography.DarkroomProcessingLine - Processing screenshot image in /var/screenshots/screenshot-10038544632093423193
16:08:32.837 [Darkroom Processing Line] DEBUG net.serenitybdd.core.photography.DarkroomProcessingLine - Saving screenshot to target\site\serenity\d0d3598a25adfc627cf8abd2ef78679da4436be5b4c9b8b4cbf96352734f30ea.png
16:08:32.846 [main] INFO  - 
  _____   ___   ___   _____     ___     _     ___   ___   ___   ___  
 |_   _| | __| / __| |_   _|   | _ \   /_\   / __| / __| | __| |   \ 
   | |   | _|  \__ \   | |     |  _/  / _ \  \__ \ \__ \ | _|  | |) |
   |_|   |___| |___/   |_|     |_|   /_/ \_\ |___/ |___/ |___| |___/ 

I remove the item in my shopping cart
----------------------------------------------------------------------
16:08:32.848 [AsyncHttpClient-1-4] DEBUG org.asynchttpclient.netty.handler.WebSocketHandler - Channel Closed: [id: 0x4df69d10, L:/127.0.0.1:60255 ! R:localhost/127.0.0.1:60248] with attribute NettyResponseFuture{currentRetry=5,
	isDone=1,
	isCancelled=0,
	asyncHandler=org.asynchttpclient.ws.WebSocketUpgradeHandler@25028772,
	nettyRequest=org.asynchttpclient.netty.request.NettyRequest@443a3e70,
	future=java.util.concurrent.CompletableFuture@7af58d61[Completed normally],
	uri=ws://localhost:60248/devtools/browser/0db51f18-5061-4622-a8ea-99610c986cef,
	keepAlive=true,
	redirectCount=0,
	timeoutsHolder=null,
	inAuth=0,
	touch=1652778479086}
16:08:32.848 [AsyncHttpClient-1-4] DEBUG org.asynchttpclient.netty.channel.ChannelManager - Closing Channel [id: 0x4df69d10, L:/127.0.0.1:60255 ! R:localhost/127.0.0.1:60248] 
16:08:32.849 [Driver Command Executor] DEBUG org.asynchttpclient.netty.request.NettyRequestSender - Using pooled Channel '[id: 0x68316058, L:/127.0.0.1:60247 - R:localhost/127.0.0.1:54649]' for 'DELETE' to 'http://localhost:54649/session/a0c3a5b2857f7d5d108e2d674aa7e816'
16:08:32.849 [Driver Command Executor] DEBUG org.asynchttpclient.netty.request.NettyRequestSender - Using open Channel [id: 0x68316058, L:/127.0.0.1:60247 - R:localhost/127.0.0.1:54649] for DELETE '/session/a0c3a5b2857f7d5d108e2d674aa7e816'
16:08:33.106 [AsyncHttpClient-1-3] DEBUG org.asynchttpclient.netty.handler.HttpHandler - Unexpected I/O exception on channel [id: 0xe2c24564, L:/127.0.0.1:60254 - R:localhost/127.0.0.1:60248]
java.net.SocketException: Connection reset
	at java.base/sun.nio.ch.SocketChannelImpl.throwConnectionReset(SocketChannelImpl.java:367)
	at java.base/sun.nio.ch.SocketChannelImpl.read(SocketChannelImpl.java:398)
	at io.netty.buffer.PooledByteBuf.setBytes(PooledByteBuf.java:258)
	at io.netty.buffer.AbstractByteBuf.writeBytes(AbstractByteBuf.java:1132)
	at io.netty.channel.socket.nio.NioSocketChannel.doReadBytes(NioSocketChannel.java:350)
	at io.netty.channel.nio.AbstractNioByteChannel$NioByteUnsafe.read(AbstractNioByteChannel.java:151)
	at io.netty.channel.nio.NioEventLoop.processSelectedKey(NioEventLoop.java:722)
	at io.netty.channel.nio.NioEventLoop.processSelectedKeysOptimized(NioEventLoop.java:658)
	at io.netty.channel.nio.NioEventLoop.processSelectedKeys(NioEventLoop.java:584)
	at io.netty.channel.nio.NioEventLoop.run(NioEventLoop.java:496)
	at io.netty.util.concurrent.SingleThreadEventExecutor$4.run(SingleThreadEventExecutor.java:986)
	at io.netty.util.internal.ThreadExecutorMap$2.run(ThreadExecutorMap.java:74)
	at io.netty.util.concurrent.FastThreadLocalRunnable.run(FastThreadLocalRunnable.java:30)
	at java.base/java.lang.Thread.run(Thread.java:832)
16:08:33.106 [AsyncHttpClient-1-3] DEBUG org.asynchttpclient.netty.channel.ChannelManager - Closing Channel [id: 0xe2c24564, L:/127.0.0.1:60254 - R:localhost/127.0.0.1:60248] 
16:08:33.106 [AsyncHttpClient-1-3] DEBUG org.asynchttpclient.netty.handler.HttpHandler - Channel Closed: [id: 0xe2c24564, L:/127.0.0.1:60254 ! R:localhost/127.0.0.1:60248] with attribute DISCARD
16:08:33.136 [AsyncHttpClient-1-2] DEBUG org.asynchttpclient.netty.handler.HttpHandler - 

Request DefaultFullHttpRequest(decodeResult: success, version: HTTP/1.1, content: EmptyByteBufBE)
DELETE /session/a0c3a5b2857f7d5d108e2d674aa7e816 HTTP/1.1
User-Agent: selenium/4.1.2 (java windows)
Content-Type: application/json; charset=utf-8
host: localhost:54649
accept: */*

Response DefaultHttpResponse(decodeResult: success, version: HTTP/1.1)
HTTP/1.1 200 OK
Content-Type: application/json; charset=utf-8
cache-control: no-cache
content-length: 14

16:08:33.136 [AsyncHttpClient-1-2] DEBUG org.asynchttpclient.netty.channel.ChannelManager - Adding key: http://localhost:54649 for channel [id: 0x68316058, L:/127.0.0.1:60247 - R:localhost/127.0.0.1:54649]
16:08:33.542 [AsyncHttpClient-1-1] DEBUG org.asynchttpclient.netty.channel.DefaultChannelPool - Entry count for : http://localhost:54649 : 1
16:08:33.542 [AsyncHttpClient-1-1] DEBUG org.asynchttpclient.netty.channel.DefaultChannelPool - Entry count for : http://localhost:60248 : 1
16:08:33.542 [AsyncHttpClient-1-1] DEBUG org.asynchttpclient.netty.channel.DefaultChannelPool - Adding Candidate expired Channel [id: 0xe2c24564, L:/127.0.0.1:60254 ! R:localhost/127.0.0.1:60248] isIdleTimeoutExpired=false isRemotelyClosed=true isTtlExpired=false
16:08:33.542 [AsyncHttpClient-1-1] DEBUG org.asynchttpclient.netty.channel.DefaultChannelPool - Closing Idle Channel [id: 0xe2c24564, L:/127.0.0.1:60254 ! R:localhost/127.0.0.1:60248]
16:08:33.542 [AsyncHttpClient-1-1] DEBUG org.asynchttpclient.netty.channel.DefaultChannelPool - Closed 1 connections out of 2 in 0 ms
16:08:34.064 [AsyncHttpClient-1-2] DEBUG org.asynchttpclient.netty.handler.HttpHandler - Channel Closed: [id: 0x68316058, L:/127.0.0.1:60247 ! R:localhost/127.0.0.1:54649] with attribute DISCARD
]]></system-out>
    <system-err><![CDATA[Starting ChromeDriver 100.0.4896.60 (6a5d10861ce8de5fce22564658033b43cb7de047-refs/branch-heads/4896@{#875}) on port 54649
Only local connections are allowed.
Please see https://chromedriver.chromium.org/security-considerations for suggestions on keeping ChromeDriver safe.
ChromeDriver was started successfully.
[1652778478.508][WARNING]: This version of ChromeDriver has not been tested with Chrome version 101.
May 17, 2022 4:07:59 PM org.openqa.selenium.remote.ProtocolHandshake createSession
INFO: Detected dialect: W3C
May 17, 2022 4:07:59 PM org.openqa.selenium.devtools.CdpVersionFinder findNearestMatch
WARNING: Unable to find an exact match for CDP version 101, so returning the closest version found: 97
May 17, 2022 4:07:59 PM org.openqa.selenium.devtools.CdpVersionFinder findNearestMatch
INFO: Found CDP implementation for version 101 of 97
[1652778495.270][SEVERE]: Timed out receiving message from renderer: 10.000
[1652778495.271][WARNING]: screenshot failed, retrying timeout: Timed out receiving message from renderer: 10.000
[1652778505.292][SEVERE]: Timed out receiving message from renderer: 10.000
]]></system-err>
  </testcase>
  <testcase name="I click Bayar button on product page" classname="Change item&apos;s quantity on my shopping cart" time="32.128">
    <system-out><![CDATA[
Scenario: I click Bayar button on product page &amp#27;[90m# src/test/resources/features/Order.feature:29&amp#27;[0m
16:08:34.622 [main] INFO io.cucumber.core.plugin.SerenityReporter - Running feature from file:///C:/Users/ponda/Documents/Final_Project/Final_Web/src/test/resources/features/Order.feature
16:08:34.627 [main] INFO  - 
  _____   ___   ___   _____     ___   _____     _     ___   _____   ___   ___  
 |_   _| | __| / __| |_   _|   / __| |_   _|   /_\   | _ \ |_   _| | __| |   \ 
   | |   | _|  \__ \   | |     \__ \   | |    / _ \  |   /   | |   | _|  | |) |
   |_|   |___| |___/   |_|     |___/   |_|   /_/ \_\ |_|_\   |_|   |___| |___/ 

I click Bayar button on product page(change-item-s-quantity-on-my-shopping-cart;i-click-bayar-button-on-product-page)
--------------------------------------------------------------------------------
16:08:34.640 [AsyncHttpClient-1-1] DEBUG org.asynchttpclient.netty.channel.DefaultChannelPool - Entry count for : http://localhost:54649 : 1
16:08:34.641 [AsyncHttpClient-1-1] DEBUG org.asynchttpclient.netty.channel.DefaultChannelPool - Adding Candidate expired Channel [id: 0x68316058, L:/127.0.0.1:60247 ! R:localhost/127.0.0.1:54649] isIdleTimeoutExpired=false isRemotelyClosed=true isTtlExpired=false
16:08:34.641 [AsyncHttpClient-1-1] DEBUG org.asynchttpclient.netty.channel.DefaultChannelPool - Closing Idle Channel [id: 0x68316058, L:/127.0.0.1:60247 ! R:localhost/127.0.0.1:54649]
16:08:34.641 [AsyncHttpClient-1-1] DEBUG org.asynchttpclient.netty.channel.DefaultChannelPool - Closed 1 connections out of 1 in 0 ms
16:08:34.691 [main] DEBUG net.thucydides.core.steps.StepInterceptor - STARTING STEP: ProductSteps.iAmOnProductPage - openUrl
16:08:34.694 [main] INFO net.serenitybdd.core.webdriver.driverproviders.ChromeDriverProvider - Using automatically driver download
16:08:35.093 [main] DEBUG io.github.bonigarcia.wdm.cache.ResolutionCache - Resolution chrome=101 in cache (valid until 17:04:06 17/05/2022 WIB)
16:08:35.102 [main] DEBUG io.github.bonigarcia.wdm.cache.ResolutionCache - Resolution chrome101=101.0.4951.41 in cache (valid until 16:04:06 18/05/2022 WIB)
16:08:35.107 [main] INFO io.github.bonigarcia.wdm.WebDriverManager - Using chromedriver 101.0.4951.41 (resolved driver for Chrome 101)
16:08:35.131 [main] DEBUG io.github.bonigarcia.wdm.WebDriverManager - Driver chromedriver 101.0.4951.41 found in cache
16:08:35.132 [main] INFO io.github.bonigarcia.wdm.WebDriverManager - Exporting webdriver.chrome.driver as C:\Users\ponda\.cache\selenium\chromedriver\win32\101.0.4951.41\chromedriver.exe
16:08:35.363 [main] DEBUG net.serenitybdd.core.webdriver.driverproviders.ProvideNewDriver - Instantiating driver
16:08:35.363 [main] DEBUG net.serenitybdd.core.webdriver.driverproviders.ProvideNewDriver - Driver capabilities: Capabilities {acceptInsecureCerts: false, base.url: https://qa.alta.id, browserName: chrome, chrome.driver: src/test/resources/webdrive..., driver: chrome, goog:chromeOptions: {args: [], extensions: []}}
16:08:35.923 [AsyncHttpClient-1-5] DEBUG org.asynchttpclient.netty.channel.NettyConnectListener - Using new Channel '[id: 0x9684f6d0, L:/127.0.0.1:60280 - R:localhost/127.0.0.1:63946]' for 'POST' to '/session'
16:08:38.626 [AsyncHttpClient-1-5] DEBUG org.asynchttpclient.netty.handler.HttpHandler - 

Request DefaultHttpRequest(decodeResult: success, version: HTTP/1.1)
POST /session HTTP/1.1
User-Agent: selenium/4.1.2 (java windows)
Content-Length: 599
Content-Type: application/json; charset=utf-8
host: localhost:63946
accept: */*

Response DefaultHttpResponse(decodeResult: success, version: HTTP/1.1)
HTTP/1.1 200 OK
Content-Type: application/json; charset=utf-8
cache-control: no-cache
content-length: 790

16:08:38.627 [AsyncHttpClient-1-5] DEBUG org.asynchttpclient.netty.channel.ChannelManager - Adding key: http://localhost:63946 for channel [id: 0x9684f6d0, L:/127.0.0.1:60280 - R:localhost/127.0.0.1:63946]
16:08:38.682 [AsyncHttpClient-1-2] DEBUG org.asynchttpclient.netty.channel.NettyConnectListener - Using new Channel '[id: 0x9b69e310, L:/127.0.0.1:60287 - R:localhost/127.0.0.1:60281]' for 'GET' to '/json/version'
16:08:38.686 [AsyncHttpClient-1-2] DEBUG org.asynchttpclient.netty.handler.HttpHandler - 

Request DefaultFullHttpRequest(decodeResult: success, version: HTTP/1.1, content: EmptyByteBufBE)
GET /json/version HTTP/1.1
User-Agent: selenium/4.1.2 (java windows)
host: localhost:60281
accept: */*

Response DefaultHttpResponse(decodeResult: success, version: HTTP/1.1)
HTTP/1.1 200 OK
Content-Type: application/json; charset=UTF-8
content-length: 427

16:08:38.686 [AsyncHttpClient-1-2] DEBUG org.asynchttpclient.netty.channel.ChannelManager - Adding key: http://localhost:60281 for channel [id: 0x9b69e310, L:/127.0.0.1:60287 - R:localhost/127.0.0.1:60281]
16:08:38.694 [AsyncHttpClient-1-3] DEBUG org.asynchttpclient.netty.channel.NettyConnectListener - Using new Channel '[id: 0x9a18e147, L:/127.0.0.1:60288 - R:localhost/127.0.0.1:60281]' for 'GET' to '/devtools/browser/770b2ea3-cde9-4d4c-8bb0-b1fcb59cc80b'
16:08:38.696 [AsyncHttpClient-1-3] DEBUG org.asynchttpclient.netty.handler.WebSocketHandler - 

Request DefaultFullHttpRequest(decodeResult: success, version: HTTP/1.1, content: EmptyByteBufBE)
GET /devtools/browser/770b2ea3-cde9-4d4c-8bb0-b1fcb59cc80b HTTP/1.1
upgrade: websocket
connection: upgrade
sec-websocket-key: uu5s6GF9vyvdZ9K0Qwttug==
sec-websocket-version: 13
origin: http://localhost:60281
host: localhost:60281
accept: */*
user-agent: AHC/2.1

Response DefaultHttpResponse(decodeResult: success, version: HTTP/1.1)
HTTP/1.1 101 WebSocket Protocol Handshake
Upgrade: WebSocket
Connection: Upgrade
Sec-WebSocket-Accept: h3QJsdlahCLC1dpNLNJFbQgfVlM=

16:08:38.709 [Forwarding maximizeCurrentWindow on session 718fa5ef7b5d7f3e250cd9f5c4414095 to remote] DEBUG org.asynchttpclient.netty.request.NettyRequestSender - Using pooled Channel '[id: 0x9684f6d0, L:/127.0.0.1:60280 - R:localhost/127.0.0.1:63946]' for 'POST' to 'http://localhost:63946/session/718fa5ef7b5d7f3e250cd9f5c4414095/window/maximize'
16:08:38.709 [Forwarding maximizeCurrentWindow on session 718fa5ef7b5d7f3e250cd9f5c4414095 to remote] DEBUG org.asynchttpclient.netty.request.NettyRequestSender - Using open Channel [id: 0x9684f6d0, L:/127.0.0.1:60280 - R:localhost/127.0.0.1:63946] for POST '/session/718fa5ef7b5d7f3e250cd9f5c4414095/window/maximize'
16:08:39.164 [AsyncHttpClient-1-1] DEBUG org.asynchttpclient.netty.channel.DefaultChannelPool - Entry count for : http://localhost:60281 : 1
16:08:39.449 [AsyncHttpClient-1-5] DEBUG org.asynchttpclient.netty.handler.HttpHandler - 

Request DefaultHttpRequest(decodeResult: success, version: HTTP/1.1)
POST /session/718fa5ef7b5d7f3e250cd9f5c4414095/window/maximize HTTP/1.1
User-Agent: selenium/4.1.2 (java windows)
Content-Length: 3
Content-Type: application/json; charset=utf-8
host: localhost:63946
accept: */*

Response DefaultHttpResponse(decodeResult: success, version: HTTP/1.1)
HTTP/1.1 200 OK
Content-Type: application/json; charset=utf-8
cache-control: no-cache
content-length: 51

16:08:39.450 [AsyncHttpClient-1-5] DEBUG org.asynchttpclient.netty.channel.ChannelManager - Adding key: http://localhost:63946 for channel [id: 0x9684f6d0, L:/127.0.0.1:60280 - R:localhost/127.0.0.1:63946]
16:08:39.453 [Forwarding get on session 718fa5ef7b5d7f3e250cd9f5c4414095 to remote] DEBUG org.asynchttpclient.netty.request.NettyRequestSender - Using pooled Channel '[id: 0x9684f6d0, L:/127.0.0.1:60280 - R:localhost/127.0.0.1:63946]' for 'POST' to 'http://localhost:63946/session/718fa5ef7b5d7f3e250cd9f5c4414095/url'
16:08:39.454 [Forwarding get on session 718fa5ef7b5d7f3e250cd9f5c4414095 to remote] DEBUG org.asynchttpclient.netty.request.NettyRequestSender - Using open Channel [id: 0x9684f6d0, L:/127.0.0.1:60280 - R:localhost/127.0.0.1:63946] for POST '/session/718fa5ef7b5d7f3e250cd9f5c4414095/url'
16:08:40.250 [AsyncHttpClient-1-1] DEBUG org.asynchttpclient.netty.channel.DefaultChannelPool - Entry count for : http://localhost:60281 : 1
16:08:41.151 [AsyncHttpClient-1-5] DEBUG org.asynchttpclient.netty.handler.HttpHandler - 

Request DefaultHttpRequest(decodeResult: success, version: HTTP/1.1)
POST /session/718fa5ef7b5d7f3e250cd9f5c4414095/url HTTP/1.1
User-Agent: selenium/4.1.2 (java windows)
Content-Length: 64
Content-Type: application/json; charset=utf-8
host: localhost:63946
accept: */*

Response DefaultHttpResponse(decodeResult: success, version: HTTP/1.1)
HTTP/1.1 200 OK
Content-Type: application/json; charset=utf-8
cache-control: no-cache
content-length: 14

16:08:41.151 [AsyncHttpClient-1-5] DEBUG org.asynchttpclient.netty.channel.ChannelManager - Adding key: http://localhost:63946 for channel [id: 0x9684f6d0, L:/127.0.0.1:60280 - R:localhost/127.0.0.1:63946]
16:08:41.156 [Forwarding setTimeout on session 718fa5ef7b5d7f3e250cd9f5c4414095 to remote] DEBUG org.asynchttpclient.netty.request.NettyRequestSender - Using pooled Channel '[id: 0x9684f6d0, L:/127.0.0.1:60280 - R:localhost/127.0.0.1:63946]' for 'POST' to 'http://localhost:63946/session/718fa5ef7b5d7f3e250cd9f5c4414095/timeouts'
16:08:41.156 [Forwarding setTimeout on session 718fa5ef7b5d7f3e250cd9f5c4414095 to remote] DEBUG org.asynchttpclient.netty.request.NettyRequestSender - Using open Channel [id: 0x9684f6d0, L:/127.0.0.1:60280 - R:localhost/127.0.0.1:63946] for POST '/session/718fa5ef7b5d7f3e250cd9f5c4414095/timeouts'
16:08:41.158 [AsyncHttpClient-1-5] DEBUG org.asynchttpclient.netty.handler.HttpHandler - 

Request DefaultHttpRequest(decodeResult: success, version: HTTP/1.1)
POST /session/718fa5ef7b5d7f3e250cd9f5c4414095/timeouts HTTP/1.1
User-Agent: selenium/4.1.2 (java windows)
Content-Length: 22
Content-Type: application/json; charset=utf-8
host: localhost:63946
accept: */*

Response DefaultHttpResponse(decodeResult: success, version: HTTP/1.1)
HTTP/1.1 200 OK
Content-Type: application/json; charset=utf-8
cache-control: no-cache
content-length: 14

16:08:41.159 [AsyncHttpClient-1-5] DEBUG org.asynchttpclient.netty.channel.ChannelManager - Adding key: http://localhost:63946 for channel [id: 0x9684f6d0, L:/127.0.0.1:60280 - R:localhost/127.0.0.1:63946]
16:08:41.196 [Forwarding getCurrentUrl on session 718fa5ef7b5d7f3e250cd9f5c4414095 to remote] DEBUG org.asynchttpclient.netty.request.NettyRequestSender - Using pooled Channel '[id: 0x9684f6d0, L:/127.0.0.1:60280 - R:localhost/127.0.0.1:63946]' for 'GET' to 'http://localhost:63946/session/718fa5ef7b5d7f3e250cd9f5c4414095/url'
16:08:41.196 [Forwarding getCurrentUrl on session 718fa5ef7b5d7f3e250cd9f5c4414095 to remote] DEBUG org.asynchttpclient.netty.request.NettyRequestSender - Using open Channel [id: 0x9684f6d0, L:/127.0.0.1:60280 - R:localhost/127.0.0.1:63946] for GET '/session/718fa5ef7b5d7f3e250cd9f5c4414095/url'
16:08:41.221 [AsyncHttpClient-1-5] DEBUG org.asynchttpclient.netty.handler.HttpHandler - 

Request DefaultFullHttpRequest(decodeResult: success, version: HTTP/1.1, content: EmptyByteBufBE)
GET /session/718fa5ef7b5d7f3e250cd9f5c4414095/url HTTP/1.1
User-Agent: selenium/4.1.2 (java windows)
Cache-Control: no-cache
Content-Type: application/json; charset=utf-8
host: localhost:63946
accept: */*

Response DefaultHttpResponse(decodeResult: success, version: HTTP/1.1)
HTTP/1.1 200 OK
Content-Type: application/json; charset=utf-8
cache-control: no-cache
content-length: 41

16:08:41.222 [AsyncHttpClient-1-5] DEBUG org.asynchttpclient.netty.channel.ChannelManager - Adding key: http://localhost:63946 for channel [id: 0x9684f6d0, L:/127.0.0.1:60280 - R:localhost/127.0.0.1:63946]
16:08:41.245 [Forwarding screenshot on session 718fa5ef7b5d7f3e250cd9f5c4414095 to remote] DEBUG org.asynchttpclient.netty.request.NettyRequestSender - Using pooled Channel '[id: 0x9684f6d0, L:/127.0.0.1:60280 - R:localhost/127.0.0.1:63946]' for 'GET' to 'http://localhost:63946/session/718fa5ef7b5d7f3e250cd9f5c4414095/screenshot'
16:08:41.245 [Forwarding screenshot on session 718fa5ef7b5d7f3e250cd9f5c4414095 to remote] DEBUG org.asynchttpclient.netty.request.NettyRequestSender - Using open Channel [id: 0x9684f6d0, L:/127.0.0.1:60280 - R:localhost/127.0.0.1:63946] for GET '/session/718fa5ef7b5d7f3e250cd9f5c4414095/screenshot'
16:08:41.358 [AsyncHttpClient-1-1] DEBUG org.asynchttpclient.netty.channel.DefaultChannelPool - Entry count for : http://localhost:60281 : 1
16:08:41.930 [AsyncHttpClient-1-5] DEBUG org.asynchttpclient.netty.handler.HttpHandler - 

Request DefaultFullHttpRequest(decodeResult: success, version: HTTP/1.1, content: EmptyByteBufBE)
GET /session/718fa5ef7b5d7f3e250cd9f5c4414095/screenshot HTTP/1.1
User-Agent: selenium/4.1.2 (java windows)
Cache-Control: no-cache
Content-Type: application/json; charset=utf-8
host: localhost:63946
accept: */*

Response DefaultHttpResponse(decodeResult: success, version: HTTP/1.1)
HTTP/1.1 200 OK
Content-Type: application/json; charset=utf-8
cache-control: no-cache
content-length: 25384

16:08:41.932 [AsyncHttpClient-1-5] DEBUG org.asynchttpclient.netty.channel.ChannelManager - Adding key: http://localhost:63946 for channel [id: 0x9684f6d0, L:/127.0.0.1:60280 - R:localhost/127.0.0.1:63946]
16:08:41.935 [main] DEBUG net.serenitybdd.core.photography.Darkroom - Send negative for processing for target\site\serenity\6b6563c13227ef0b70a26f8a845b86304c5ded2ac83324d4bda7e0f4416b9ac5.png
16:08:41.935 [main] DEBUG net.thucydides.core.steps.StepInterceptor - STEP DONE: openUrl
16:08:41.951 [main] DEBUG net.thucydides.core.steps.StepInterceptor - STARTING STEP: ProductSteps.iAmOnProductPage - inputEmail
16:08:41.958 [Forwarding findElement on session 718fa5ef7b5d7f3e250cd9f5c4414095 to remote] DEBUG org.asynchttpclient.netty.request.NettyRequestSender - Using pooled Channel '[id: 0x9684f6d0, L:/127.0.0.1:60280 - R:localhost/127.0.0.1:63946]' for 'POST' to 'http://localhost:63946/session/718fa5ef7b5d7f3e250cd9f5c4414095/element'
16:08:41.958 [Forwarding findElement on session 718fa5ef7b5d7f3e250cd9f5c4414095 to remote] DEBUG org.asynchttpclient.netty.request.NettyRequestSender - Using open Channel [id: 0x9684f6d0, L:/127.0.0.1:60280 - R:localhost/127.0.0.1:63946] for POST '/session/718fa5ef7b5d7f3e250cd9f5c4414095/element'
16:08:41.984 [AsyncHttpClient-1-5] DEBUG org.asynchttpclient.netty.handler.HttpHandler - 

Request DefaultHttpRequest(decodeResult: success, version: HTTP/1.1)
POST /session/718fa5ef7b5d7f3e250cd9f5c4414095/element HTTP/1.1
User-Agent: selenium/4.1.2 (java windows)
Content-Length: 86
Content-Type: application/json; charset=utf-8
host: localhost:63946
accept: */*

Response DefaultHttpResponse(decodeResult: success, version: HTTP/1.1)
HTTP/1.1 200 OK
Content-Type: application/json; charset=utf-8
cache-control: no-cache
content-length: 88

16:08:41.985 [AsyncHttpClient-1-5] DEBUG org.asynchttpclient.netty.channel.ChannelManager - Adding key: http://localhost:63946 for channel [id: 0x9684f6d0, L:/127.0.0.1:60280 - R:localhost/127.0.0.1:63946]
16:08:41.988 [Forwarding clearElement on session 718fa5ef7b5d7f3e250cd9f5c4414095 to remote] DEBUG org.asynchttpclient.netty.request.NettyRequestSender - Using pooled Channel '[id: 0x9684f6d0, L:/127.0.0.1:60280 - R:localhost/127.0.0.1:63946]' for 'POST' to 'http://localhost:63946/session/718fa5ef7b5d7f3e250cd9f5c4414095/element/be3cf62c-0e1b-4921-99f0-6a982ad62371/clear'
16:08:41.988 [Forwarding clearElement on session 718fa5ef7b5d7f3e250cd9f5c4414095 to remote] DEBUG org.asynchttpclient.netty.request.NettyRequestSender - Using open Channel [id: 0x9684f6d0, L:/127.0.0.1:60280 - R:localhost/127.0.0.1:63946] for POST '/session/718fa5ef7b5d7f3e250cd9f5c4414095/element/be3cf62c-0e1b-4921-99f0-6a982ad62371/clear'
16:08:42.055 [AsyncHttpClient-1-5] DEBUG org.asynchttpclient.netty.handler.HttpHandler - 

Request DefaultHttpRequest(decodeResult: success, version: HTTP/1.1)
POST /session/718fa5ef7b5d7f3e250cd9f5c4414095/element/be3cf62c-0e1b-4921-99f0-6a982ad62371/clear HTTP/1.1
User-Agent: selenium/4.1.2 (java windows)
Content-Length: 50
Content-Type: application/json; charset=utf-8
host: localhost:63946
accept: */*

Response DefaultHttpResponse(decodeResult: success, version: HTTP/1.1)
HTTP/1.1 200 OK
Content-Type: application/json; charset=utf-8
cache-control: no-cache
content-length: 14

16:08:42.055 [AsyncHttpClient-1-5] DEBUG org.asynchttpclient.netty.channel.ChannelManager - Adding key: http://localhost:63946 for channel [id: 0x9684f6d0, L:/127.0.0.1:60280 - R:localhost/127.0.0.1:63946]
16:08:42.058 [Forwarding sendKeysToElement on session 718fa5ef7b5d7f3e250cd9f5c4414095 to remote] DEBUG org.asynchttpclient.netty.request.NettyRequestSender - Using pooled Channel '[id: 0x9684f6d0, L:/127.0.0.1:60280 - R:localhost/127.0.0.1:63946]' for 'POST' to 'http://localhost:63946/session/718fa5ef7b5d7f3e250cd9f5c4414095/element/be3cf62c-0e1b-4921-99f0-6a982ad62371/value'
16:08:42.058 [Forwarding sendKeysToElement on session 718fa5ef7b5d7f3e250cd9f5c4414095 to remote] DEBUG org.asynchttpclient.netty.request.NettyRequestSender - Using open Channel [id: 0x9684f6d0, L:/127.0.0.1:60280 - R:localhost/127.0.0.1:63946] for POST '/session/718fa5ef7b5d7f3e250cd9f5c4414095/element/be3cf62c-0e1b-4921-99f0-6a982ad62371/value'
16:08:42.443 [AsyncHttpClient-1-1] DEBUG org.asynchttpclient.netty.channel.DefaultChannelPool - Entry count for : http://localhost:60281 : 1
16:08:42.556 [AsyncHttpClient-1-5] DEBUG org.asynchttpclient.netty.handler.HttpHandler - 

Request DefaultHttpRequest(decodeResult: success, version: HTTP/1.1)
POST /session/718fa5ef7b5d7f3e250cd9f5c4414095/element/be3cf62c-0e1b-4921-99f0-6a982ad62371/value HTTP/1.1
User-Agent: selenium/4.1.2 (java windows)
Content-Length: 251
Content-Type: application/json; charset=utf-8
host: localhost:63946
accept: */*

Response DefaultHttpResponse(decodeResult: success, version: HTTP/1.1)
HTTP/1.1 200 OK
Content-Type: application/json; charset=utf-8
cache-control: no-cache
content-length: 14

16:08:42.557 [AsyncHttpClient-1-5] DEBUG org.asynchttpclient.netty.channel.ChannelManager - Adding key: http://localhost:63946 for channel [id: 0x9684f6d0, L:/127.0.0.1:60280 - R:localhost/127.0.0.1:63946]
16:08:42.576 [Forwarding screenshot on session 718fa5ef7b5d7f3e250cd9f5c4414095 to remote] DEBUG org.asynchttpclient.netty.request.NettyRequestSender - Using pooled Channel '[id: 0x9684f6d0, L:/127.0.0.1:60280 - R:localhost/127.0.0.1:63946]' for 'GET' to 'http://localhost:63946/session/718fa5ef7b5d7f3e250cd9f5c4414095/screenshot'
16:08:42.576 [Forwarding screenshot on session 718fa5ef7b5d7f3e250cd9f5c4414095 to remote] DEBUG org.asynchttpclient.netty.request.NettyRequestSender - Using open Channel [id: 0x9684f6d0, L:/127.0.0.1:60280 - R:localhost/127.0.0.1:63946] for GET '/session/718fa5ef7b5d7f3e250cd9f5c4414095/screenshot'
16:08:42.825 [AsyncHttpClient-1-5] DEBUG org.asynchttpclient.netty.handler.HttpHandler - 

Request DefaultFullHttpRequest(decodeResult: success, version: HTTP/1.1, content: EmptyByteBufBE)
GET /session/718fa5ef7b5d7f3e250cd9f5c4414095/screenshot HTTP/1.1
User-Agent: selenium/4.1.2 (java windows)
Cache-Control: no-cache
Content-Type: application/json; charset=utf-8
host: localhost:63946
accept: */*

Response DefaultHttpResponse(decodeResult: success, version: HTTP/1.1)
HTTP/1.1 200 OK
Content-Type: application/json; charset=utf-8
cache-control: no-cache
content-length: 28892

16:08:42.825 [AsyncHttpClient-1-5] DEBUG org.asynchttpclient.netty.channel.ChannelManager - Adding key: http://localhost:63946 for channel [id: 0x9684f6d0, L:/127.0.0.1:60280 - R:localhost/127.0.0.1:63946]
16:08:42.831 [main] DEBUG net.serenitybdd.core.photography.Darkroom - Send negative for processing for target\site\serenity\3ab060451a3bdb43850936b5af3722af3ebbef4c5f794f2ba8993c9a5d31862f.png
16:08:42.832 [main] DEBUG net.thucydides.core.steps.StepInterceptor - STEP DONE: inputEmail
16:08:42.843 [main] DEBUG net.thucydides.core.steps.StepInterceptor - STARTING STEP: ProductSteps.iAmOnProductPage - inputPassword
16:08:42.849 [Forwarding findElement on session 718fa5ef7b5d7f3e250cd9f5c4414095 to remote] DEBUG org.asynchttpclient.netty.request.NettyRequestSender - Using pooled Channel '[id: 0x9684f6d0, L:/127.0.0.1:60280 - R:localhost/127.0.0.1:63946]' for 'POST' to 'http://localhost:63946/session/718fa5ef7b5d7f3e250cd9f5c4414095/element'
16:08:42.849 [Forwarding findElement on session 718fa5ef7b5d7f3e250cd9f5c4414095 to remote] DEBUG org.asynchttpclient.netty.request.NettyRequestSender - Using open Channel [id: 0x9684f6d0, L:/127.0.0.1:60280 - R:localhost/127.0.0.1:63946] for POST '/session/718fa5ef7b5d7f3e250cd9f5c4414095/element'
16:08:42.874 [AsyncHttpClient-1-5] DEBUG org.asynchttpclient.netty.handler.HttpHandler - 

Request DefaultHttpRequest(decodeResult: success, version: HTTP/1.1)
POST /session/718fa5ef7b5d7f3e250cd9f5c4414095/element HTTP/1.1
User-Agent: selenium/4.1.2 (java windows)
Content-Length: 89
Content-Type: application/json; charset=utf-8
host: localhost:63946
accept: */*

Response DefaultHttpResponse(decodeResult: success, version: HTTP/1.1)
HTTP/1.1 200 OK
Content-Type: application/json; charset=utf-8
cache-control: no-cache
content-length: 88

16:08:42.875 [AsyncHttpClient-1-5] DEBUG org.asynchttpclient.netty.channel.ChannelManager - Adding key: http://localhost:63946 for channel [id: 0x9684f6d0, L:/127.0.0.1:60280 - R:localhost/127.0.0.1:63946]
16:08:42.878 [Forwarding clearElement on session 718fa5ef7b5d7f3e250cd9f5c4414095 to remote] DEBUG org.asynchttpclient.netty.request.NettyRequestSender - Using pooled Channel '[id: 0x9684f6d0, L:/127.0.0.1:60280 - R:localhost/127.0.0.1:63946]' for 'POST' to 'http://localhost:63946/session/718fa5ef7b5d7f3e250cd9f5c4414095/element/a6abb301-df60-4819-b42a-18651acdc439/clear'
16:08:42.878 [Forwarding clearElement on session 718fa5ef7b5d7f3e250cd9f5c4414095 to remote] DEBUG org.asynchttpclient.netty.request.NettyRequestSender - Using open Channel [id: 0x9684f6d0, L:/127.0.0.1:60280 - R:localhost/127.0.0.1:63946] for POST '/session/718fa5ef7b5d7f3e250cd9f5c4414095/element/a6abb301-df60-4819-b42a-18651acdc439/clear'
16:08:42.944 [AsyncHttpClient-1-5] DEBUG org.asynchttpclient.netty.handler.HttpHandler - 

Request DefaultHttpRequest(decodeResult: success, version: HTTP/1.1)
POST /session/718fa5ef7b5d7f3e250cd9f5c4414095/element/a6abb301-df60-4819-b42a-18651acdc439/clear HTTP/1.1
User-Agent: selenium/4.1.2 (java windows)
Content-Length: 50
Content-Type: application/json; charset=utf-8
host: localhost:63946
accept: */*

Response DefaultHttpResponse(decodeResult: success, version: HTTP/1.1)
HTTP/1.1 200 OK
Content-Type: application/json; charset=utf-8
cache-control: no-cache
content-length: 14

16:08:42.944 [AsyncHttpClient-1-5] DEBUG org.asynchttpclient.netty.channel.ChannelManager - Adding key: http://localhost:63946 for channel [id: 0x9684f6d0, L:/127.0.0.1:60280 - R:localhost/127.0.0.1:63946]
16:08:42.947 [Forwarding sendKeysToElement on session 718fa5ef7b5d7f3e250cd9f5c4414095 to remote] DEBUG org.asynchttpclient.netty.request.NettyRequestSender - Using pooled Channel '[id: 0x9684f6d0, L:/127.0.0.1:60280 - R:localhost/127.0.0.1:63946]' for 'POST' to 'http://localhost:63946/session/718fa5ef7b5d7f3e250cd9f5c4414095/element/a6abb301-df60-4819-b42a-18651acdc439/value'
16:08:42.947 [Forwarding sendKeysToElement on session 718fa5ef7b5d7f3e250cd9f5c4414095 to remote] DEBUG org.asynchttpclient.netty.request.NettyRequestSender - Using open Channel [id: 0x9684f6d0, L:/127.0.0.1:60280 - R:localhost/127.0.0.1:63946] for POST '/session/718fa5ef7b5d7f3e250cd9f5c4414095/element/a6abb301-df60-4819-b42a-18651acdc439/value'
16:08:43.557 [AsyncHttpClient-1-1] DEBUG org.asynchttpclient.netty.channel.DefaultChannelPool - Entry count for : http://localhost:60281 : 1
16:08:43.650 [AsyncHttpClient-1-5] DEBUG org.asynchttpclient.netty.handler.HttpHandler - 

Request DefaultHttpRequest(decodeResult: success, version: HTTP/1.1)
POST /session/718fa5ef7b5d7f3e250cd9f5c4414095/element/a6abb301-df60-4819-b42a-18651acdc439/value HTTP/1.1
User-Agent: selenium/4.1.2 (java windows)
Content-Length: 231
Content-Type: application/json; charset=utf-8
host: localhost:63946
accept: */*

Response DefaultHttpResponse(decodeResult: success, version: HTTP/1.1)
HTTP/1.1 200 OK
Content-Type: application/json; charset=utf-8
cache-control: no-cache
content-length: 14

16:08:43.650 [AsyncHttpClient-1-5] DEBUG org.asynchttpclient.netty.channel.ChannelManager - Adding key: http://localhost:63946 for channel [id: 0x9684f6d0, L:/127.0.0.1:60280 - R:localhost/127.0.0.1:63946]
16:08:43.669 [Forwarding screenshot on session 718fa5ef7b5d7f3e250cd9f5c4414095 to remote] DEBUG org.asynchttpclient.netty.request.NettyRequestSender - Using pooled Channel '[id: 0x9684f6d0, L:/127.0.0.1:60280 - R:localhost/127.0.0.1:63946]' for 'GET' to 'http://localhost:63946/session/718fa5ef7b5d7f3e250cd9f5c4414095/screenshot'
16:08:43.669 [Forwarding screenshot on session 718fa5ef7b5d7f3e250cd9f5c4414095 to remote] DEBUG org.asynchttpclient.netty.request.NettyRequestSender - Using open Channel [id: 0x9684f6d0, L:/127.0.0.1:60280 - R:localhost/127.0.0.1:63946] for GET '/session/718fa5ef7b5d7f3e250cd9f5c4414095/screenshot'
16:08:43.926 [AsyncHttpClient-1-5] DEBUG org.asynchttpclient.netty.handler.HttpHandler - 

Request DefaultFullHttpRequest(decodeResult: success, version: HTTP/1.1, content: EmptyByteBufBE)
GET /session/718fa5ef7b5d7f3e250cd9f5c4414095/screenshot HTTP/1.1
User-Agent: selenium/4.1.2 (java windows)
Cache-Control: no-cache
Content-Type: application/json; charset=utf-8
host: localhost:63946
accept: */*

Response DefaultHttpResponse(decodeResult: success, version: HTTP/1.1)
HTTP/1.1 200 OK
Content-Type: application/json; charset=utf-8
cache-control: no-cache
content-length: 32248

16:08:43.926 [AsyncHttpClient-1-5] DEBUG org.asynchttpclient.netty.channel.ChannelManager - Adding key: http://localhost:63946 for channel [id: 0x9684f6d0, L:/127.0.0.1:60280 - R:localhost/127.0.0.1:63946]
16:08:43.934 [main] DEBUG net.serenitybdd.core.photography.Darkroom - Send negative for processing for target\site\serenity\367b61af2bd356c33ae23470caba58929914ad20c47f30930ecde9831534397b.png
16:08:43.935 [main] DEBUG net.thucydides.core.steps.StepInterceptor - STEP DONE: inputPassword
16:08:43.936 [Darkroom Processing Line] DEBUG net.serenitybdd.core.photography.DarkroomProcessingLine - Processing screenshot image in /var/screenshots/screenshot-4744046252040187340
16:08:43.936 [Darkroom Processing Line] DEBUG net.serenitybdd.core.photography.DarkroomProcessingLine - Saving screenshot to target\site\serenity\367b61af2bd356c33ae23470caba58929914ad20c47f30930ecde9831534397b.png
16:08:43.949 [main] DEBUG net.thucydides.core.steps.StepInterceptor - STARTING STEP: ProductSteps.iAmOnProductPage - clickLoginButton
16:08:43.956 [Forwarding findElement on session 718fa5ef7b5d7f3e250cd9f5c4414095 to remote] DEBUG org.asynchttpclient.netty.request.NettyRequestSender - Using pooled Channel '[id: 0x9684f6d0, L:/127.0.0.1:60280 - R:localhost/127.0.0.1:63946]' for 'POST' to 'http://localhost:63946/session/718fa5ef7b5d7f3e250cd9f5c4414095/element'
16:08:43.956 [Forwarding findElement on session 718fa5ef7b5d7f3e250cd9f5c4414095 to remote] DEBUG org.asynchttpclient.netty.request.NettyRequestSender - Using open Channel [id: 0x9684f6d0, L:/127.0.0.1:60280 - R:localhost/127.0.0.1:63946] for POST '/session/718fa5ef7b5d7f3e250cd9f5c4414095/element'
16:08:44.026 [AsyncHttpClient-1-5] DEBUG org.asynchttpclient.netty.handler.HttpHandler - 

Request DefaultHttpRequest(decodeResult: success, version: HTTP/1.1)
POST /session/718fa5ef7b5d7f3e250cd9f5c4414095/element HTTP/1.1
User-Agent: selenium/4.1.2 (java windows)
Content-Length: 136
Content-Type: application/json; charset=utf-8
host: localhost:63946
accept: */*

Response DefaultHttpResponse(decodeResult: success, version: HTTP/1.1)
HTTP/1.1 200 OK
Content-Type: application/json; charset=utf-8
cache-control: no-cache
content-length: 88

16:08:44.026 [AsyncHttpClient-1-5] DEBUG org.asynchttpclient.netty.channel.ChannelManager - Adding key: http://localhost:63946 for channel [id: 0x9684f6d0, L:/127.0.0.1:60280 - R:localhost/127.0.0.1:63946]
16:08:44.029 [Forwarding getElementTagName on session 718fa5ef7b5d7f3e250cd9f5c4414095 to remote] DEBUG org.asynchttpclient.netty.request.NettyRequestSender - Using pooled Channel '[id: 0x9684f6d0, L:/127.0.0.1:60280 - R:localhost/127.0.0.1:63946]' for 'GET' to 'http://localhost:63946/session/718fa5ef7b5d7f3e250cd9f5c4414095/element/00846460-b3da-45f1-a997-84203b81f71e/name'
16:08:44.029 [Forwarding getElementTagName on session 718fa5ef7b5d7f3e250cd9f5c4414095 to remote] DEBUG org.asynchttpclient.netty.request.NettyRequestSender - Using open Channel [id: 0x9684f6d0, L:/127.0.0.1:60280 - R:localhost/127.0.0.1:63946] for GET '/session/718fa5ef7b5d7f3e250cd9f5c4414095/element/00846460-b3da-45f1-a997-84203b81f71e/name'
16:08:44.120 [AsyncHttpClient-1-5] DEBUG org.asynchttpclient.netty.handler.HttpHandler - 

Request DefaultFullHttpRequest(decodeResult: success, version: HTTP/1.1, content: EmptyByteBufBE)
GET /session/718fa5ef7b5d7f3e250cd9f5c4414095/element/00846460-b3da-45f1-a997-84203b81f71e/name HTTP/1.1
User-Agent: selenium/4.1.2 (java windows)
Cache-Control: no-cache
Content-Type: application/json; charset=utf-8
host: localhost:63946
accept: */*

Response DefaultHttpResponse(decodeResult: success, version: HTTP/1.1)
HTTP/1.1 200 OK
Content-Type: application/json; charset=utf-8
cache-control: no-cache
content-length: 18

16:08:44.120 [AsyncHttpClient-1-5] DEBUG org.asynchttpclient.netty.channel.ChannelManager - Adding key: http://localhost:63946 for channel [id: 0x9684f6d0, L:/127.0.0.1:60280 - R:localhost/127.0.0.1:63946]
16:08:44.122 [Forwarding getElementTagName on session 718fa5ef7b5d7f3e250cd9f5c4414095 to remote] DEBUG org.asynchttpclient.netty.request.NettyRequestSender - Using pooled Channel '[id: 0x9684f6d0, L:/127.0.0.1:60280 - R:localhost/127.0.0.1:63946]' for 'GET' to 'http://localhost:63946/session/718fa5ef7b5d7f3e250cd9f5c4414095/element/00846460-b3da-45f1-a997-84203b81f71e/name'
16:08:44.122 [Forwarding getElementTagName on session 718fa5ef7b5d7f3e250cd9f5c4414095 to remote] DEBUG org.asynchttpclient.netty.request.NettyRequestSender - Using open Channel [id: 0x9684f6d0, L:/127.0.0.1:60280 - R:localhost/127.0.0.1:63946] for GET '/session/718fa5ef7b5d7f3e250cd9f5c4414095/element/00846460-b3da-45f1-a997-84203b81f71e/name'
16:08:44.136 [AsyncHttpClient-1-5] DEBUG org.asynchttpclient.netty.handler.HttpHandler - 

Request DefaultFullHttpRequest(decodeResult: success, version: HTTP/1.1, content: EmptyByteBufBE)
GET /session/718fa5ef7b5d7f3e250cd9f5c4414095/element/00846460-b3da-45f1-a997-84203b81f71e/name HTTP/1.1
User-Agent: selenium/4.1.2 (java windows)
Cache-Control: no-cache
Content-Type: application/json; charset=utf-8
host: localhost:63946
accept: */*

Response DefaultHttpResponse(decodeResult: success, version: HTTP/1.1)
HTTP/1.1 200 OK
Content-Type: application/json; charset=utf-8
cache-control: no-cache
content-length: 18

16:08:44.136 [AsyncHttpClient-1-5] DEBUG org.asynchttpclient.netty.channel.ChannelManager - Adding key: http://localhost:63946 for channel [id: 0x9684f6d0, L:/127.0.0.1:60280 - R:localhost/127.0.0.1:63946]
16:08:44.165 [Forwarding isElementEnabled on session 718fa5ef7b5d7f3e250cd9f5c4414095 to remote] DEBUG org.asynchttpclient.netty.request.NettyRequestSender - Using pooled Channel '[id: 0x9684f6d0, L:/127.0.0.1:60280 - R:localhost/127.0.0.1:63946]' for 'GET' to 'http://localhost:63946/session/718fa5ef7b5d7f3e250cd9f5c4414095/element/00846460-b3da-45f1-a997-84203b81f71e/enabled'
16:08:44.167 [Forwarding isElementEnabled on session 718fa5ef7b5d7f3e250cd9f5c4414095 to remote] DEBUG org.asynchttpclient.netty.request.NettyRequestSender - Using open Channel [id: 0x9684f6d0, L:/127.0.0.1:60280 - R:localhost/127.0.0.1:63946] for GET '/session/718fa5ef7b5d7f3e250cd9f5c4414095/element/00846460-b3da-45f1-a997-84203b81f71e/enabled'
16:08:44.242 [AsyncHttpClient-1-5] DEBUG org.asynchttpclient.netty.handler.HttpHandler - 

Request DefaultFullHttpRequest(decodeResult: success, version: HTTP/1.1, content: EmptyByteBufBE)
GET /session/718fa5ef7b5d7f3e250cd9f5c4414095/element/00846460-b3da-45f1-a997-84203b81f71e/enabled HTTP/1.1
User-Agent: selenium/4.1.2 (java windows)
Cache-Control: no-cache
Content-Type: application/json; charset=utf-8
host: localhost:63946
accept: */*

Response DefaultHttpResponse(decodeResult: success, version: HTTP/1.1)
HTTP/1.1 200 OK
Content-Type: application/json; charset=utf-8
cache-control: no-cache
content-length: 14

16:08:44.242 [AsyncHttpClient-1-5] DEBUG org.asynchttpclient.netty.channel.ChannelManager - Adding key: http://localhost:63946 for channel [id: 0x9684f6d0, L:/127.0.0.1:60280 - R:localhost/127.0.0.1:63946]
16:08:44.250 [Forwarding isElementEnabled on session 718fa5ef7b5d7f3e250cd9f5c4414095 to remote] DEBUG org.asynchttpclient.netty.request.NettyRequestSender - Using pooled Channel '[id: 0x9684f6d0, L:/127.0.0.1:60280 - R:localhost/127.0.0.1:63946]' for 'GET' to 'http://localhost:63946/session/718fa5ef7b5d7f3e250cd9f5c4414095/element/00846460-b3da-45f1-a997-84203b81f71e/enabled'
16:08:44.250 [Forwarding isElementEnabled on session 718fa5ef7b5d7f3e250cd9f5c4414095 to remote] DEBUG org.asynchttpclient.netty.request.NettyRequestSender - Using open Channel [id: 0x9684f6d0, L:/127.0.0.1:60280 - R:localhost/127.0.0.1:63946] for GET '/session/718fa5ef7b5d7f3e250cd9f5c4414095/element/00846460-b3da-45f1-a997-84203b81f71e/enabled'
16:08:44.262 [AsyncHttpClient-1-5] DEBUG org.asynchttpclient.netty.handler.HttpHandler - 

Request DefaultFullHttpRequest(decodeResult: success, version: HTTP/1.1, content: EmptyByteBufBE)
GET /session/718fa5ef7b5d7f3e250cd9f5c4414095/element/00846460-b3da-45f1-a997-84203b81f71e/enabled HTTP/1.1
User-Agent: selenium/4.1.2 (java windows)
Cache-Control: no-cache
Content-Type: application/json; charset=utf-8
host: localhost:63946
accept: */*

Response DefaultHttpResponse(decodeResult: success, version: HTTP/1.1)
HTTP/1.1 200 OK
Content-Type: application/json; charset=utf-8
cache-control: no-cache
content-length: 14

16:08:44.262 [AsyncHttpClient-1-5] DEBUG org.asynchttpclient.netty.channel.ChannelManager - Adding key: http://localhost:63946 for channel [id: 0x9684f6d0, L:/127.0.0.1:60280 - R:localhost/127.0.0.1:63946]
16:08:44.266 [Forwarding findElement on session 718fa5ef7b5d7f3e250cd9f5c4414095 to remote] DEBUG org.asynchttpclient.netty.request.NettyRequestSender - Using pooled Channel '[id: 0x9684f6d0, L:/127.0.0.1:60280 - R:localhost/127.0.0.1:63946]' for 'POST' to 'http://localhost:63946/session/718fa5ef7b5d7f3e250cd9f5c4414095/element'
16:08:44.267 [Forwarding findElement on session 718fa5ef7b5d7f3e250cd9f5c4414095 to remote] DEBUG org.asynchttpclient.netty.request.NettyRequestSender - Using open Channel [id: 0x9684f6d0, L:/127.0.0.1:60280 - R:localhost/127.0.0.1:63946] for POST '/session/718fa5ef7b5d7f3e250cd9f5c4414095/element'
16:08:44.289 [AsyncHttpClient-1-5] DEBUG org.asynchttpclient.netty.handler.HttpHandler - 

Request DefaultHttpRequest(decodeResult: success, version: HTTP/1.1)
POST /session/718fa5ef7b5d7f3e250cd9f5c4414095/element HTTP/1.1
User-Agent: selenium/4.1.2 (java windows)
Content-Length: 136
Content-Type: application/json; charset=utf-8
host: localhost:63946
accept: */*

Response DefaultHttpResponse(decodeResult: success, version: HTTP/1.1)
HTTP/1.1 200 OK
Content-Type: application/json; charset=utf-8
cache-control: no-cache
content-length: 88

16:08:44.289 [AsyncHttpClient-1-5] DEBUG org.asynchttpclient.netty.channel.ChannelManager - Adding key: http://localhost:63946 for channel [id: 0x9684f6d0, L:/127.0.0.1:60280 - R:localhost/127.0.0.1:63946]
16:08:44.294 [Forwarding clickElement on session 718fa5ef7b5d7f3e250cd9f5c4414095 to remote] DEBUG org.asynchttpclient.netty.request.NettyRequestSender - Using pooled Channel '[id: 0x9684f6d0, L:/127.0.0.1:60280 - R:localhost/127.0.0.1:63946]' for 'POST' to 'http://localhost:63946/session/718fa5ef7b5d7f3e250cd9f5c4414095/element/00846460-b3da-45f1-a997-84203b81f71e/click'
16:08:44.294 [Forwarding clickElement on session 718fa5ef7b5d7f3e250cd9f5c4414095 to remote] DEBUG org.asynchttpclient.netty.request.NettyRequestSender - Using open Channel [id: 0x9684f6d0, L:/127.0.0.1:60280 - R:localhost/127.0.0.1:63946] for POST '/session/718fa5ef7b5d7f3e250cd9f5c4414095/element/00846460-b3da-45f1-a997-84203b81f71e/click'
16:08:44.574 [AsyncHttpClient-1-5] DEBUG org.asynchttpclient.netty.handler.HttpHandler - 

Request DefaultHttpRequest(decodeResult: success, version: HTTP/1.1)
POST /session/718fa5ef7b5d7f3e250cd9f5c4414095/element/00846460-b3da-45f1-a997-84203b81f71e/click HTTP/1.1
User-Agent: selenium/4.1.2 (java windows)
Content-Length: 50
Content-Type: application/json; charset=utf-8
host: localhost:63946
accept: */*

Response DefaultHttpResponse(decodeResult: success, version: HTTP/1.1)
HTTP/1.1 200 OK
Content-Type: application/json; charset=utf-8
cache-control: no-cache
content-length: 14

16:08:44.574 [AsyncHttpClient-1-5] DEBUG org.asynchttpclient.netty.channel.ChannelManager - Adding key: http://localhost:63946 for channel [id: 0x9684f6d0, L:/127.0.0.1:60280 - R:localhost/127.0.0.1:63946]
16:08:44.591 [Forwarding screenshot on session 718fa5ef7b5d7f3e250cd9f5c4414095 to remote] DEBUG org.asynchttpclient.netty.request.NettyRequestSender - Using pooled Channel '[id: 0x9684f6d0, L:/127.0.0.1:60280 - R:localhost/127.0.0.1:63946]' for 'GET' to 'http://localhost:63946/session/718fa5ef7b5d7f3e250cd9f5c4414095/screenshot'
16:08:44.591 [Forwarding screenshot on session 718fa5ef7b5d7f3e250cd9f5c4414095 to remote] DEBUG org.asynchttpclient.netty.request.NettyRequestSender - Using open Channel [id: 0x9684f6d0, L:/127.0.0.1:60280 - R:localhost/127.0.0.1:63946] for GET '/session/718fa5ef7b5d7f3e250cd9f5c4414095/screenshot'
16:08:44.724 [AsyncHttpClient-1-1] DEBUG org.asynchttpclient.netty.channel.DefaultChannelPool - Entry count for : http://localhost:60281 : 1
16:08:45.780 [AsyncHttpClient-1-1] DEBUG org.asynchttpclient.netty.channel.DefaultChannelPool - Entry count for : http://localhost:60281 : 1
16:08:46.855 [AsyncHttpClient-1-1] DEBUG org.asynchttpclient.netty.channel.DefaultChannelPool - Entry count for : http://localhost:60281 : 1
16:08:47.972 [AsyncHttpClient-1-1] DEBUG org.asynchttpclient.netty.channel.DefaultChannelPool - Entry count for : http://localhost:60281 : 1
16:08:49.038 [AsyncHttpClient-1-1] DEBUG org.asynchttpclient.netty.channel.DefaultChannelPool - Entry count for : http://localhost:60281 : 1
16:08:50.150 [AsyncHttpClient-1-1] DEBUG org.asynchttpclient.netty.channel.DefaultChannelPool - Entry count for : http://localhost:60281 : 1
16:08:51.258 [AsyncHttpClient-1-1] DEBUG org.asynchttpclient.netty.channel.DefaultChannelPool - Entry count for : http://localhost:60281 : 1
16:08:52.401 [AsyncHttpClient-1-1] DEBUG org.asynchttpclient.netty.channel.DefaultChannelPool - Entry count for : http://localhost:60281 : 1
16:08:53.564 [AsyncHttpClient-1-1] DEBUG org.asynchttpclient.netty.channel.DefaultChannelPool - Entry count for : http://localhost:60281 : 1
16:08:54.681 [AsyncHttpClient-1-1] DEBUG org.asynchttpclient.netty.channel.DefaultChannelPool - Entry count for : http://localhost:60281 : 1
16:08:55.746 [AsyncHttpClient-1-1] DEBUG org.asynchttpclient.netty.channel.DefaultChannelPool - Entry count for : http://localhost:60281 : 1
16:08:57.009 [AsyncHttpClient-1-1] DEBUG org.asynchttpclient.netty.channel.DefaultChannelPool - Entry count for : http://localhost:60281 : 1
16:08:58.046 [AsyncHttpClient-1-1] DEBUG org.asynchttpclient.netty.channel.DefaultChannelPool - Entry count for : http://localhost:60281 : 1
16:08:59.143 [AsyncHttpClient-1-1] DEBUG org.asynchttpclient.netty.channel.DefaultChannelPool - Entry count for : http://localhost:60281 : 1
16:09:00.303 [AsyncHttpClient-1-1] DEBUG org.asynchttpclient.netty.channel.DefaultChannelPool - Entry count for : http://localhost:60281 : 1
16:09:00.538 [AsyncHttpClient-1-5] DEBUG org.asynchttpclient.netty.handler.HttpHandler - 

Request DefaultFullHttpRequest(decodeResult: success, version: HTTP/1.1, content: EmptyByteBufBE)
GET /session/718fa5ef7b5d7f3e250cd9f5c4414095/screenshot HTTP/1.1
User-Agent: selenium/4.1.2 (java windows)
Cache-Control: no-cache
Content-Type: application/json; charset=utf-8
host: localhost:63946
accept: */*

Response DefaultHttpResponse(decodeResult: success, version: HTTP/1.1)
HTTP/1.1 200 OK
Content-Type: application/json; charset=utf-8
cache-control: no-cache
content-length: 37888

16:09:00.539 [AsyncHttpClient-1-5] DEBUG org.asynchttpclient.netty.channel.ChannelManager - Adding key: http://localhost:63946 for channel [id: 0x9684f6d0, L:/127.0.0.1:60280 - R:localhost/127.0.0.1:63946]
16:09:00.542 [main] DEBUG net.serenitybdd.core.photography.Darkroom - Send negative for processing for target\site\serenity\044a573186acf8addd80ac561fb891a1e1dce438031469e8002f18ad42546b48.png
16:09:00.543 [main] DEBUG net.thucydides.core.steps.StepInterceptor - STEP DONE: clickLoginButton
  &amp#27;[32mGiven &amp#27;[0m&amp#27;[32mI am on product page&amp#27;[0m                   &amp#27;[90m# starter.stepdefinitions.ProductSteps.iAmOnProductPage()&amp#27;[0m
16:09:00.548 [Darkroom Processing Line] DEBUG net.serenitybdd.core.photography.DarkroomProcessingLine - Processing screenshot image in /var/screenshots/screenshot-3273475432392683718
16:09:00.548 [Darkroom Processing Line] DEBUG net.serenitybdd.core.photography.DarkroomProcessingLine - Saving screenshot to target\site\serenity\044a573186acf8addd80ac561fb891a1e1dce438031469e8002f18ad42546b48.png
16:09:00.576 [main] DEBUG net.thucydides.core.steps.StepInterceptor - STARTING STEP: ProductSteps.iClickBuyButtonOnTensiDarahManual - clickSecondPRoduct
16:09:00.582 [Forwarding findElement on session 718fa5ef7b5d7f3e250cd9f5c4414095 to remote] DEBUG org.asynchttpclient.netty.request.NettyRequestSender - Using pooled Channel '[id: 0x9684f6d0, L:/127.0.0.1:60280 - R:localhost/127.0.0.1:63946]' for 'POST' to 'http://localhost:63946/session/718fa5ef7b5d7f3e250cd9f5c4414095/element'
16:09:00.582 [Forwarding findElement on session 718fa5ef7b5d7f3e250cd9f5c4414095 to remote] DEBUG org.asynchttpclient.netty.request.NettyRequestSender - Using open Channel [id: 0x9684f6d0, L:/127.0.0.1:60280 - R:localhost/127.0.0.1:63946] for POST '/session/718fa5ef7b5d7f3e250cd9f5c4414095/element'
16:09:00.620 [AsyncHttpClient-1-5] DEBUG org.asynchttpclient.netty.handler.HttpHandler - 

Request DefaultHttpRequest(decodeResult: success, version: HTTP/1.1)
POST /session/718fa5ef7b5d7f3e250cd9f5c4414095/element HTTP/1.1
User-Agent: selenium/4.1.2 (java windows)
Content-Length: 122
Content-Type: application/json; charset=utf-8
host: localhost:63946
accept: */*

Response DefaultHttpResponse(decodeResult: success, version: HTTP/1.1)
HTTP/1.1 200 OK
Content-Type: application/json; charset=utf-8
cache-control: no-cache
content-length: 88

16:09:00.620 [AsyncHttpClient-1-5] DEBUG org.asynchttpclient.netty.channel.ChannelManager - Adding key: http://localhost:63946 for channel [id: 0x9684f6d0, L:/127.0.0.1:60280 - R:localhost/127.0.0.1:63946]
16:09:00.623 [Forwarding getElementTagName on session 718fa5ef7b5d7f3e250cd9f5c4414095 to remote] DEBUG org.asynchttpclient.netty.request.NettyRequestSender - Using pooled Channel '[id: 0x9684f6d0, L:/127.0.0.1:60280 - R:localhost/127.0.0.1:63946]' for 'GET' to 'http://localhost:63946/session/718fa5ef7b5d7f3e250cd9f5c4414095/element/820e93f3-7181-4562-899f-a0d4927e7962/name'
16:09:00.623 [Forwarding getElementTagName on session 718fa5ef7b5d7f3e250cd9f5c4414095 to remote] DEBUG org.asynchttpclient.netty.request.NettyRequestSender - Using open Channel [id: 0x9684f6d0, L:/127.0.0.1:60280 - R:localhost/127.0.0.1:63946] for GET '/session/718fa5ef7b5d7f3e250cd9f5c4414095/element/820e93f3-7181-4562-899f-a0d4927e7962/name'
16:09:00.631 [AsyncHttpClient-1-5] DEBUG org.asynchttpclient.netty.handler.HttpHandler - 

Request DefaultFullHttpRequest(decodeResult: success, version: HTTP/1.1, content: EmptyByteBufBE)
GET /session/718fa5ef7b5d7f3e250cd9f5c4414095/element/820e93f3-7181-4562-899f-a0d4927e7962/name HTTP/1.1
User-Agent: selenium/4.1.2 (java windows)
Cache-Control: no-cache
Content-Type: application/json; charset=utf-8
host: localhost:63946
accept: */*

Response DefaultHttpResponse(decodeResult: success, version: HTTP/1.1)
HTTP/1.1 200 OK
Content-Type: application/json; charset=utf-8
cache-control: no-cache
content-length: 16

16:09:00.632 [AsyncHttpClient-1-5] DEBUG org.asynchttpclient.netty.channel.ChannelManager - Adding key: http://localhost:63946 for channel [id: 0x9684f6d0, L:/127.0.0.1:60280 - R:localhost/127.0.0.1:63946]
16:09:00.634 [Forwarding getElementTagName on session 718fa5ef7b5d7f3e250cd9f5c4414095 to remote] DEBUG org.asynchttpclient.netty.request.NettyRequestSender - Using pooled Channel '[id: 0x9684f6d0, L:/127.0.0.1:60280 - R:localhost/127.0.0.1:63946]' for 'GET' to 'http://localhost:63946/session/718fa5ef7b5d7f3e250cd9f5c4414095/element/820e93f3-7181-4562-899f-a0d4927e7962/name'
16:09:00.635 [Forwarding getElementTagName on session 718fa5ef7b5d7f3e250cd9f5c4414095 to remote] DEBUG org.asynchttpclient.netty.request.NettyRequestSender - Using open Channel [id: 0x9684f6d0, L:/127.0.0.1:60280 - R:localhost/127.0.0.1:63946] for GET '/session/718fa5ef7b5d7f3e250cd9f5c4414095/element/820e93f3-7181-4562-899f-a0d4927e7962/name'
16:09:00.642 [AsyncHttpClient-1-5] DEBUG org.asynchttpclient.netty.handler.HttpHandler - 

Request DefaultFullHttpRequest(decodeResult: success, version: HTTP/1.1, content: EmptyByteBufBE)
GET /session/718fa5ef7b5d7f3e250cd9f5c4414095/element/820e93f3-7181-4562-899f-a0d4927e7962/name HTTP/1.1
User-Agent: selenium/4.1.2 (java windows)
Cache-Control: no-cache
Content-Type: application/json; charset=utf-8
host: localhost:63946
accept: */*

Response DefaultHttpResponse(decodeResult: success, version: HTTP/1.1)
HTTP/1.1 200 OK
Content-Type: application/json; charset=utf-8
cache-control: no-cache
content-length: 16

16:09:00.642 [AsyncHttpClient-1-5] DEBUG org.asynchttpclient.netty.channel.ChannelManager - Adding key: http://localhost:63946 for channel [id: 0x9684f6d0, L:/127.0.0.1:60280 - R:localhost/127.0.0.1:63946]
16:09:00.646 [Forwarding findElement on session 718fa5ef7b5d7f3e250cd9f5c4414095 to remote] DEBUG org.asynchttpclient.netty.request.NettyRequestSender - Using pooled Channel '[id: 0x9684f6d0, L:/127.0.0.1:60280 - R:localhost/127.0.0.1:63946]' for 'POST' to 'http://localhost:63946/session/718fa5ef7b5d7f3e250cd9f5c4414095/element'
16:09:00.646 [Forwarding findElement on session 718fa5ef7b5d7f3e250cd9f5c4414095 to remote] DEBUG org.asynchttpclient.netty.request.NettyRequestSender - Using open Channel [id: 0x9684f6d0, L:/127.0.0.1:60280 - R:localhost/127.0.0.1:63946] for POST '/session/718fa5ef7b5d7f3e250cd9f5c4414095/element'
16:09:00.671 [AsyncHttpClient-1-5] DEBUG org.asynchttpclient.netty.handler.HttpHandler - 

Request DefaultHttpRequest(decodeResult: success, version: HTTP/1.1)
POST /session/718fa5ef7b5d7f3e250cd9f5c4414095/element HTTP/1.1
User-Agent: selenium/4.1.2 (java windows)
Content-Length: 122
Content-Type: application/json; charset=utf-8
host: localhost:63946
accept: */*

Response DefaultHttpResponse(decodeResult: success, version: HTTP/1.1)
HTTP/1.1 200 OK
Content-Type: application/json; charset=utf-8
cache-control: no-cache
content-length: 88

16:09:00.672 [AsyncHttpClient-1-5] DEBUG org.asynchttpclient.netty.channel.ChannelManager - Adding key: http://localhost:63946 for channel [id: 0x9684f6d0, L:/127.0.0.1:60280 - R:localhost/127.0.0.1:63946]
16:09:00.677 [Forwarding clickElement on session 718fa5ef7b5d7f3e250cd9f5c4414095 to remote] DEBUG org.asynchttpclient.netty.request.NettyRequestSender - Using pooled Channel '[id: 0x9684f6d0, L:/127.0.0.1:60280 - R:localhost/127.0.0.1:63946]' for 'POST' to 'http://localhost:63946/session/718fa5ef7b5d7f3e250cd9f5c4414095/element/820e93f3-7181-4562-899f-a0d4927e7962/click'
16:09:00.677 [Forwarding clickElement on session 718fa5ef7b5d7f3e250cd9f5c4414095 to remote] DEBUG org.asynchttpclient.netty.request.NettyRequestSender - Using open Channel [id: 0x9684f6d0, L:/127.0.0.1:60280 - R:localhost/127.0.0.1:63946] for POST '/session/718fa5ef7b5d7f3e250cd9f5c4414095/element/820e93f3-7181-4562-899f-a0d4927e7962/click'
16:09:00.879 [AsyncHttpClient-1-5] DEBUG org.asynchttpclient.netty.handler.HttpHandler - 

Request DefaultHttpRequest(decodeResult: success, version: HTTP/1.1)
POST /session/718fa5ef7b5d7f3e250cd9f5c4414095/element/820e93f3-7181-4562-899f-a0d4927e7962/click HTTP/1.1
User-Agent: selenium/4.1.2 (java windows)
Content-Length: 50
Content-Type: application/json; charset=utf-8
host: localhost:63946
accept: */*

Response DefaultHttpResponse(decodeResult: success, version: HTTP/1.1)
HTTP/1.1 200 OK
Content-Type: application/json; charset=utf-8
cache-control: no-cache
content-length: 14

16:09:00.880 [AsyncHttpClient-1-5] DEBUG org.asynchttpclient.netty.channel.ChannelManager - Adding key: http://localhost:63946 for channel [id: 0x9684f6d0, L:/127.0.0.1:60280 - R:localhost/127.0.0.1:63946]
16:09:00.909 [Forwarding screenshot on session 718fa5ef7b5d7f3e250cd9f5c4414095 to remote] DEBUG org.asynchttpclient.netty.request.NettyRequestSender - Using pooled Channel '[id: 0x9684f6d0, L:/127.0.0.1:60280 - R:localhost/127.0.0.1:63946]' for 'GET' to 'http://localhost:63946/session/718fa5ef7b5d7f3e250cd9f5c4414095/screenshot'
16:09:00.909 [Forwarding screenshot on session 718fa5ef7b5d7f3e250cd9f5c4414095 to remote] DEBUG org.asynchttpclient.netty.request.NettyRequestSender - Using open Channel [id: 0x9684f6d0, L:/127.0.0.1:60280 - R:localhost/127.0.0.1:63946] for GET '/session/718fa5ef7b5d7f3e250cd9f5c4414095/screenshot'
16:09:01.252 [AsyncHttpClient-1-5] DEBUG org.asynchttpclient.netty.handler.HttpHandler - 

Request DefaultFullHttpRequest(decodeResult: success, version: HTTP/1.1, content: EmptyByteBufBE)
GET /session/718fa5ef7b5d7f3e250cd9f5c4414095/screenshot HTTP/1.1
User-Agent: selenium/4.1.2 (java windows)
Cache-Control: no-cache
Content-Type: application/json; charset=utf-8
host: localhost:63946
accept: */*

Response DefaultHttpResponse(decodeResult: success, version: HTTP/1.1)
HTTP/1.1 200 OK
Content-Type: application/json; charset=utf-8
cache-control: no-cache
content-length: 90584

16:09:01.257 [AsyncHttpClient-1-5] DEBUG org.asynchttpclient.netty.channel.ChannelManager - Adding key: http://localhost:63946 for channel [id: 0x9684f6d0, L:/127.0.0.1:60280 - R:localhost/127.0.0.1:63946]
16:09:01.265 [main] DEBUG net.serenitybdd.core.photography.Darkroom - Send negative for processing for target\site\serenity\17021071e4f009b17e8469057d2748ec3ceae365196f72011522bc9c96c40b95.png
16:09:01.265 [main] DEBUG net.thucydides.core.steps.StepInterceptor - STEP DONE: clickSecondPRoduct
  &amp#27;[32mWhen &amp#27;[0m&amp#27;[32mI click buy button on second product&amp#27;[0m    &amp#27;[90m# starter.stepdefinitions.ProductSteps.iClickBuyButtonOnTensiDarahManual()&amp#27;[0m
16:09:01.267 [Darkroom Processing Line] DEBUG net.serenitybdd.core.photography.DarkroomProcessingLine - Processing screenshot image in /var/screenshots/screenshot-2598746234782413319
16:09:01.267 [Darkroom Processing Line] DEBUG net.serenitybdd.core.photography.DarkroomProcessingLine - Saving screenshot to target\site\serenity\17021071e4f009b17e8469057d2748ec3ceae365196f72011522bc9c96c40b95.png
16:09:01.348 [AsyncHttpClient-1-1] DEBUG org.asynchttpclient.netty.channel.DefaultChannelPool - Entry count for : http://localhost:60281 : 1
16:09:01.348 [AsyncHttpClient-1-1] DEBUG org.asynchttpclient.netty.channel.DefaultChannelPool - Entry count for : http://localhost:63946 : 1
16:09:01.368 [Forwarding screenshot on session 718fa5ef7b5d7f3e250cd9f5c4414095 to remote] DEBUG org.asynchttpclient.netty.request.NettyRequestSender - Using pooled Channel '[id: 0x9684f6d0, L:/127.0.0.1:60280 - R:localhost/127.0.0.1:63946]' for 'GET' to 'http://localhost:63946/session/718fa5ef7b5d7f3e250cd9f5c4414095/screenshot'
16:09:01.368 [Forwarding screenshot on session 718fa5ef7b5d7f3e250cd9f5c4414095 to remote] DEBUG org.asynchttpclient.netty.request.NettyRequestSender - Using open Channel [id: 0x9684f6d0, L:/127.0.0.1:60280 - R:localhost/127.0.0.1:63946] for GET '/session/718fa5ef7b5d7f3e250cd9f5c4414095/screenshot'
16:09:01.619 [AsyncHttpClient-1-5] DEBUG org.asynchttpclient.netty.handler.HttpHandler - 

Request DefaultFullHttpRequest(decodeResult: success, version: HTTP/1.1, content: EmptyByteBufBE)
GET /session/718fa5ef7b5d7f3e250cd9f5c4414095/screenshot HTTP/1.1
User-Agent: selenium/4.1.2 (java windows)
Cache-Control: no-cache
Content-Type: application/json; charset=utf-8
host: localhost:63946
accept: */*

Response DefaultHttpResponse(decodeResult: success, version: HTTP/1.1)
HTTP/1.1 200 OK
Content-Type: application/json; charset=utf-8
cache-control: no-cache
content-length: 89484

16:09:01.620 [AsyncHttpClient-1-5] DEBUG org.asynchttpclient.netty.channel.ChannelManager - Adding key: http://localhost:63946 for channel [id: 0x9684f6d0, L:/127.0.0.1:60280 - R:localhost/127.0.0.1:63946]
16:09:01.641 [main] DEBUG net.serenitybdd.core.photography.Darkroom - Send negative for processing for target\site\serenity\439af3f754b4da2f31692c068709f48227e5a1cadc9b82e5b53f0d8e13927fbe.png
16:09:01.641 [main] DEBUG net.thucydides.core.steps.StepInterceptor - STARTING STEP: OrderSteps.iClickShoppingCartButton - clickShoppingCart
16:09:01.649 [Forwarding findElement on session 718fa5ef7b5d7f3e250cd9f5c4414095 to remote] DEBUG org.asynchttpclient.netty.request.NettyRequestSender - Using pooled Channel '[id: 0x9684f6d0, L:/127.0.0.1:60280 - R:localhost/127.0.0.1:63946]' for 'POST' to 'http://localhost:63946/session/718fa5ef7b5d7f3e250cd9f5c4414095/element'
16:09:01.650 [Forwarding findElement on session 718fa5ef7b5d7f3e250cd9f5c4414095 to remote] DEBUG org.asynchttpclient.netty.request.NettyRequestSender - Using open Channel [id: 0x9684f6d0, L:/127.0.0.1:60280 - R:localhost/127.0.0.1:63946] for POST '/session/718fa5ef7b5d7f3e250cd9f5c4414095/element'
16:09:01.652 [Darkroom Processing Line] DEBUG net.serenitybdd.core.photography.DarkroomProcessingLine - Processing screenshot image in /var/screenshots/screenshot-835756014784491298
16:09:01.652 [Darkroom Processing Line] DEBUG net.serenitybdd.core.photography.DarkroomProcessingLine - Saving screenshot to target\site\serenity\439af3f754b4da2f31692c068709f48227e5a1cadc9b82e5b53f0d8e13927fbe.png
16:09:01.702 [AsyncHttpClient-1-5] DEBUG org.asynchttpclient.netty.handler.HttpHandler - 

Request DefaultHttpRequest(decodeResult: success, version: HTTP/1.1)
POST /session/718fa5ef7b5d7f3e250cd9f5c4414095/element HTTP/1.1
User-Agent: selenium/4.1.2 (java windows)
Content-Length: 213
Content-Type: application/json; charset=utf-8
host: localhost:63946
accept: */*

Response DefaultHttpResponse(decodeResult: success, version: HTTP/1.1)
HTTP/1.1 200 OK
Content-Type: application/json; charset=utf-8
cache-control: no-cache
content-length: 88

16:09:01.702 [AsyncHttpClient-1-5] DEBUG org.asynchttpclient.netty.channel.ChannelManager - Adding key: http://localhost:63946 for channel [id: 0x9684f6d0, L:/127.0.0.1:60280 - R:localhost/127.0.0.1:63946]
16:09:01.707 [Forwarding getElementTagName on session 718fa5ef7b5d7f3e250cd9f5c4414095 to remote] DEBUG org.asynchttpclient.netty.request.NettyRequestSender - Using pooled Channel '[id: 0x9684f6d0, L:/127.0.0.1:60280 - R:localhost/127.0.0.1:63946]' for 'GET' to 'http://localhost:63946/session/718fa5ef7b5d7f3e250cd9f5c4414095/element/f9dd496e-3b5e-48d6-9d1b-ac395c69a294/name'
16:09:01.707 [Forwarding getElementTagName on session 718fa5ef7b5d7f3e250cd9f5c4414095 to remote] DEBUG org.asynchttpclient.netty.request.NettyRequestSender - Using open Channel [id: 0x9684f6d0, L:/127.0.0.1:60280 - R:localhost/127.0.0.1:63946] for GET '/session/718fa5ef7b5d7f3e250cd9f5c4414095/element/f9dd496e-3b5e-48d6-9d1b-ac395c69a294/name'
16:09:01.716 [AsyncHttpClient-1-5] DEBUG org.asynchttpclient.netty.handler.HttpHandler - 

Request DefaultFullHttpRequest(decodeResult: success, version: HTTP/1.1, content: EmptyByteBufBE)
GET /session/718fa5ef7b5d7f3e250cd9f5c4414095/element/f9dd496e-3b5e-48d6-9d1b-ac395c69a294/name HTTP/1.1
User-Agent: selenium/4.1.2 (java windows)
Cache-Control: no-cache
Content-Type: application/json; charset=utf-8
host: localhost:63946
accept: */*

Response DefaultHttpResponse(decodeResult: success, version: HTTP/1.1)
HTTP/1.1 200 OK
Content-Type: application/json; charset=utf-8
cache-control: no-cache
content-length: 16

16:09:01.716 [AsyncHttpClient-1-5] DEBUG org.asynchttpclient.netty.channel.ChannelManager - Adding key: http://localhost:63946 for channel [id: 0x9684f6d0, L:/127.0.0.1:60280 - R:localhost/127.0.0.1:63946]
16:09:01.718 [Forwarding getElementTagName on session 718fa5ef7b5d7f3e250cd9f5c4414095 to remote] DEBUG org.asynchttpclient.netty.request.NettyRequestSender - Using pooled Channel '[id: 0x9684f6d0, L:/127.0.0.1:60280 - R:localhost/127.0.0.1:63946]' for 'GET' to 'http://localhost:63946/session/718fa5ef7b5d7f3e250cd9f5c4414095/element/f9dd496e-3b5e-48d6-9d1b-ac395c69a294/name'
16:09:01.719 [Forwarding getElementTagName on session 718fa5ef7b5d7f3e250cd9f5c4414095 to remote] DEBUG org.asynchttpclient.netty.request.NettyRequestSender - Using open Channel [id: 0x9684f6d0, L:/127.0.0.1:60280 - R:localhost/127.0.0.1:63946] for GET '/session/718fa5ef7b5d7f3e250cd9f5c4414095/element/f9dd496e-3b5e-48d6-9d1b-ac395c69a294/name'
16:09:01.771 [AsyncHttpClient-1-5] DEBUG org.asynchttpclient.netty.handler.HttpHandler - 

Request DefaultFullHttpRequest(decodeResult: success, version: HTTP/1.1, content: EmptyByteBufBE)
GET /session/718fa5ef7b5d7f3e250cd9f5c4414095/element/f9dd496e-3b5e-48d6-9d1b-ac395c69a294/name HTTP/1.1
User-Agent: selenium/4.1.2 (java windows)
Cache-Control: no-cache
Content-Type: application/json; charset=utf-8
host: localhost:63946
accept: */*

Response DefaultHttpResponse(decodeResult: success, version: HTTP/1.1)
HTTP/1.1 200 OK
Content-Type: application/json; charset=utf-8
cache-control: no-cache
content-length: 16

16:09:01.772 [AsyncHttpClient-1-5] DEBUG org.asynchttpclient.netty.channel.ChannelManager - Adding key: http://localhost:63946 for channel [id: 0x9684f6d0, L:/127.0.0.1:60280 - R:localhost/127.0.0.1:63946]
16:09:01.781 [Forwarding findElement on session 718fa5ef7b5d7f3e250cd9f5c4414095 to remote] DEBUG org.asynchttpclient.netty.request.NettyRequestSender - Using pooled Channel '[id: 0x9684f6d0, L:/127.0.0.1:60280 - R:localhost/127.0.0.1:63946]' for 'POST' to 'http://localhost:63946/session/718fa5ef7b5d7f3e250cd9f5c4414095/element'
16:09:01.781 [Forwarding findElement on session 718fa5ef7b5d7f3e250cd9f5c4414095 to remote] DEBUG org.asynchttpclient.netty.request.NettyRequestSender - Using open Channel [id: 0x9684f6d0, L:/127.0.0.1:60280 - R:localhost/127.0.0.1:63946] for POST '/session/718fa5ef7b5d7f3e250cd9f5c4414095/element'
16:09:01.807 [AsyncHttpClient-1-5] DEBUG org.asynchttpclient.netty.handler.HttpHandler - 

Request DefaultHttpRequest(decodeResult: success, version: HTTP/1.1)
POST /session/718fa5ef7b5d7f3e250cd9f5c4414095/element HTTP/1.1
User-Agent: selenium/4.1.2 (java windows)
Content-Length: 213
Content-Type: application/json; charset=utf-8
host: localhost:63946
accept: */*

Response DefaultHttpResponse(decodeResult: success, version: HTTP/1.1)
HTTP/1.1 200 OK
Content-Type: application/json; charset=utf-8
cache-control: no-cache
content-length: 88

16:09:01.808 [AsyncHttpClient-1-5] DEBUG org.asynchttpclient.netty.channel.ChannelManager - Adding key: http://localhost:63946 for channel [id: 0x9684f6d0, L:/127.0.0.1:60280 - R:localhost/127.0.0.1:63946]
16:09:01.810 [Forwarding clickElement on session 718fa5ef7b5d7f3e250cd9f5c4414095 to remote] DEBUG org.asynchttpclient.netty.request.NettyRequestSender - Using pooled Channel '[id: 0x9684f6d0, L:/127.0.0.1:60280 - R:localhost/127.0.0.1:63946]' for 'POST' to 'http://localhost:63946/session/718fa5ef7b5d7f3e250cd9f5c4414095/element/f9dd496e-3b5e-48d6-9d1b-ac395c69a294/click'
16:09:01.810 [Forwarding clickElement on session 718fa5ef7b5d7f3e250cd9f5c4414095 to remote] DEBUG org.asynchttpclient.netty.request.NettyRequestSender - Using open Channel [id: 0x9684f6d0, L:/127.0.0.1:60280 - R:localhost/127.0.0.1:63946] for POST '/session/718fa5ef7b5d7f3e250cd9f5c4414095/element/f9dd496e-3b5e-48d6-9d1b-ac395c69a294/click'
16:09:01.914 [AsyncHttpClient-1-5] DEBUG org.asynchttpclient.netty.handler.HttpHandler - 

Request DefaultHttpRequest(decodeResult: success, version: HTTP/1.1)
POST /session/718fa5ef7b5d7f3e250cd9f5c4414095/element/f9dd496e-3b5e-48d6-9d1b-ac395c69a294/click HTTP/1.1
User-Agent: selenium/4.1.2 (java windows)
Content-Length: 50
Content-Type: application/json; charset=utf-8
host: localhost:63946
accept: */*

Response DefaultHttpResponse(decodeResult: success, version: HTTP/1.1)
HTTP/1.1 200 OK
Content-Type: application/json; charset=utf-8
cache-control: no-cache
content-length: 14

16:09:01.915 [AsyncHttpClient-1-5] DEBUG org.asynchttpclient.netty.channel.ChannelManager - Adding key: http://localhost:63946 for channel [id: 0x9684f6d0, L:/127.0.0.1:60280 - R:localhost/127.0.0.1:63946]
16:09:01.963 [Forwarding screenshot on session 718fa5ef7b5d7f3e250cd9f5c4414095 to remote] DEBUG org.asynchttpclient.netty.request.NettyRequestSender - Using pooled Channel '[id: 0x9684f6d0, L:/127.0.0.1:60280 - R:localhost/127.0.0.1:63946]' for 'GET' to 'http://localhost:63946/session/718fa5ef7b5d7f3e250cd9f5c4414095/screenshot'
16:09:01.963 [Forwarding screenshot on session 718fa5ef7b5d7f3e250cd9f5c4414095 to remote] DEBUG org.asynchttpclient.netty.request.NettyRequestSender - Using open Channel [id: 0x9684f6d0, L:/127.0.0.1:60280 - R:localhost/127.0.0.1:63946] for GET '/session/718fa5ef7b5d7f3e250cd9f5c4414095/screenshot'
16:09:02.435 [AsyncHttpClient-1-1] DEBUG org.asynchttpclient.netty.channel.DefaultChannelPool - Entry count for : http://localhost:60281 : 1
16:09:02.521 [AsyncHttpClient-1-5] DEBUG org.asynchttpclient.netty.handler.HttpHandler - 

Request DefaultFullHttpRequest(decodeResult: success, version: HTTP/1.1, content: EmptyByteBufBE)
GET /session/718fa5ef7b5d7f3e250cd9f5c4414095/screenshot HTTP/1.1
User-Agent: selenium/4.1.2 (java windows)
Cache-Control: no-cache
Content-Type: application/json; charset=utf-8
host: localhost:63946
accept: */*

Response DefaultHttpResponse(decodeResult: success, version: HTTP/1.1)
HTTP/1.1 200 OK
Content-Type: application/json; charset=utf-8
cache-control: no-cache
content-length: 33156

16:09:02.522 [AsyncHttpClient-1-5] DEBUG org.asynchttpclient.netty.channel.ChannelManager - Adding key: http://localhost:63946 for channel [id: 0x9684f6d0, L:/127.0.0.1:60280 - R:localhost/127.0.0.1:63946]
16:09:02.529 [main] DEBUG net.serenitybdd.core.photography.Darkroom - Send negative for processing for target\site\serenity\878b7a63a4a80f8a684ea7b705ef7b27c5e3be93a2d2cef43e3f32c23075df71.png
16:09:02.529 [main] DEBUG net.thucydides.core.steps.StepInterceptor - STEP DONE: clickShoppingCart
  &amp#27;[32mAnd &amp#27;[0m&amp#27;[32mI click shopping cart button&amp#27;[0m             &amp#27;[90m# starter.stepdefinitions.OrderSteps.iClickShoppingCartButton()&amp#27;[0m
16:09:02.556 [main] DEBUG net.thucydides.core.steps.StepInterceptor - STARTING STEP: OrderSteps.iClickBayarButton - clickBayarButton
16:09:02.567 [Forwarding findElement on session 718fa5ef7b5d7f3e250cd9f5c4414095 to remote] DEBUG org.asynchttpclient.netty.request.NettyRequestSender - Using pooled Channel '[id: 0x9684f6d0, L:/127.0.0.1:60280 - R:localhost/127.0.0.1:63946]' for 'POST' to 'http://localhost:63946/session/718fa5ef7b5d7f3e250cd9f5c4414095/element'
16:09:02.568 [Forwarding findElement on session 718fa5ef7b5d7f3e250cd9f5c4414095 to remote] DEBUG org.asynchttpclient.netty.request.NettyRequestSender - Using open Channel [id: 0x9684f6d0, L:/127.0.0.1:60280 - R:localhost/127.0.0.1:63946] for POST '/session/718fa5ef7b5d7f3e250cd9f5c4414095/element'
16:09:02.589 [AsyncHttpClient-1-5] DEBUG org.asynchttpclient.netty.handler.HttpHandler - 

Request DefaultHttpRequest(decodeResult: success, version: HTTP/1.1)
POST /session/718fa5ef7b5d7f3e250cd9f5c4414095/element HTTP/1.1
User-Agent: selenium/4.1.2 (java windows)
Content-Length: 59
Content-Type: application/json; charset=utf-8
host: localhost:63946
accept: */*

Response DefaultHttpResponse(decodeResult: success, version: HTTP/1.1)
HTTP/1.1 200 OK
Content-Type: application/json; charset=utf-8
cache-control: no-cache
content-length: 88

16:09:02.589 [AsyncHttpClient-1-5] DEBUG org.asynchttpclient.netty.channel.ChannelManager - Adding key: http://localhost:63946 for channel [id: 0x9684f6d0, L:/127.0.0.1:60280 - R:localhost/127.0.0.1:63946]
16:09:02.596 [Forwarding getElementTagName on session 718fa5ef7b5d7f3e250cd9f5c4414095 to remote] DEBUG org.asynchttpclient.netty.request.NettyRequestSender - Using pooled Channel '[id: 0x9684f6d0, L:/127.0.0.1:60280 - R:localhost/127.0.0.1:63946]' for 'GET' to 'http://localhost:63946/session/718fa5ef7b5d7f3e250cd9f5c4414095/element/23837eec-1a03-47e9-b420-5251d8d20b68/name'
16:09:02.596 [Forwarding getElementTagName on session 718fa5ef7b5d7f3e250cd9f5c4414095 to remote] DEBUG org.asynchttpclient.netty.request.NettyRequestSender - Using open Channel [id: 0x9684f6d0, L:/127.0.0.1:60280 - R:localhost/127.0.0.1:63946] for GET '/session/718fa5ef7b5d7f3e250cd9f5c4414095/element/23837eec-1a03-47e9-b420-5251d8d20b68/name'
16:09:02.606 [AsyncHttpClient-1-5] DEBUG org.asynchttpclient.netty.handler.HttpHandler - 

Request DefaultFullHttpRequest(decodeResult: success, version: HTTP/1.1, content: EmptyByteBufBE)
GET /session/718fa5ef7b5d7f3e250cd9f5c4414095/element/23837eec-1a03-47e9-b420-5251d8d20b68/name HTTP/1.1
User-Agent: selenium/4.1.2 (java windows)
Cache-Control: no-cache
Content-Type: application/json; charset=utf-8
host: localhost:63946
accept: */*

Response DefaultHttpResponse(decodeResult: success, version: HTTP/1.1)
HTTP/1.1 200 OK
Content-Type: application/json; charset=utf-8
cache-control: no-cache
content-length: 18

16:09:02.606 [AsyncHttpClient-1-5] DEBUG org.asynchttpclient.netty.channel.ChannelManager - Adding key: http://localhost:63946 for channel [id: 0x9684f6d0, L:/127.0.0.1:60280 - R:localhost/127.0.0.1:63946]
16:09:02.611 [Forwarding getElementTagName on session 718fa5ef7b5d7f3e250cd9f5c4414095 to remote] DEBUG org.asynchttpclient.netty.request.NettyRequestSender - Using pooled Channel '[id: 0x9684f6d0, L:/127.0.0.1:60280 - R:localhost/127.0.0.1:63946]' for 'GET' to 'http://localhost:63946/session/718fa5ef7b5d7f3e250cd9f5c4414095/element/23837eec-1a03-47e9-b420-5251d8d20b68/name'
16:09:02.611 [Forwarding getElementTagName on session 718fa5ef7b5d7f3e250cd9f5c4414095 to remote] DEBUG org.asynchttpclient.netty.request.NettyRequestSender - Using open Channel [id: 0x9684f6d0, L:/127.0.0.1:60280 - R:localhost/127.0.0.1:63946] for GET '/session/718fa5ef7b5d7f3e250cd9f5c4414095/element/23837eec-1a03-47e9-b420-5251d8d20b68/name'
16:09:02.620 [AsyncHttpClient-1-5] DEBUG org.asynchttpclient.netty.handler.HttpHandler - 

Request DefaultFullHttpRequest(decodeResult: success, version: HTTP/1.1, content: EmptyByteBufBE)
GET /session/718fa5ef7b5d7f3e250cd9f5c4414095/element/23837eec-1a03-47e9-b420-5251d8d20b68/name HTTP/1.1
User-Agent: selenium/4.1.2 (java windows)
Cache-Control: no-cache
Content-Type: application/json; charset=utf-8
host: localhost:63946
accept: */*

Response DefaultHttpResponse(decodeResult: success, version: HTTP/1.1)
HTTP/1.1 200 OK
Content-Type: application/json; charset=utf-8
cache-control: no-cache
content-length: 18

16:09:02.620 [AsyncHttpClient-1-5] DEBUG org.asynchttpclient.netty.channel.ChannelManager - Adding key: http://localhost:63946 for channel [id: 0x9684f6d0, L:/127.0.0.1:60280 - R:localhost/127.0.0.1:63946]
16:09:02.627 [Forwarding isElementEnabled on session 718fa5ef7b5d7f3e250cd9f5c4414095 to remote] DEBUG org.asynchttpclient.netty.request.NettyRequestSender - Using pooled Channel '[id: 0x9684f6d0, L:/127.0.0.1:60280 - R:localhost/127.0.0.1:63946]' for 'GET' to 'http://localhost:63946/session/718fa5ef7b5d7f3e250cd9f5c4414095/element/23837eec-1a03-47e9-b420-5251d8d20b68/enabled'
16:09:02.627 [Forwarding isElementEnabled on session 718fa5ef7b5d7f3e250cd9f5c4414095 to remote] DEBUG org.asynchttpclient.netty.request.NettyRequestSender - Using open Channel [id: 0x9684f6d0, L:/127.0.0.1:60280 - R:localhost/127.0.0.1:63946] for GET '/session/718fa5ef7b5d7f3e250cd9f5c4414095/element/23837eec-1a03-47e9-b420-5251d8d20b68/enabled'
16:09:02.649 [AsyncHttpClient-1-5] DEBUG org.asynchttpclient.netty.handler.HttpHandler - 

Request DefaultFullHttpRequest(decodeResult: success, version: HTTP/1.1, content: EmptyByteBufBE)
GET /session/718fa5ef7b5d7f3e250cd9f5c4414095/element/23837eec-1a03-47e9-b420-5251d8d20b68/enabled HTTP/1.1
User-Agent: selenium/4.1.2 (java windows)
Cache-Control: no-cache
Content-Type: application/json; charset=utf-8
host: localhost:63946
accept: */*

Response DefaultHttpResponse(decodeResult: success, version: HTTP/1.1)
HTTP/1.1 200 OK
Content-Type: application/json; charset=utf-8
cache-control: no-cache
content-length: 14

16:09:02.649 [AsyncHttpClient-1-5] DEBUG org.asynchttpclient.netty.channel.ChannelManager - Adding key: http://localhost:63946 for channel [id: 0x9684f6d0, L:/127.0.0.1:60280 - R:localhost/127.0.0.1:63946]
16:09:02.652 [Forwarding isElementEnabled on session 718fa5ef7b5d7f3e250cd9f5c4414095 to remote] DEBUG org.asynchttpclient.netty.request.NettyRequestSender - Using pooled Channel '[id: 0x9684f6d0, L:/127.0.0.1:60280 - R:localhost/127.0.0.1:63946]' for 'GET' to 'http://localhost:63946/session/718fa5ef7b5d7f3e250cd9f5c4414095/element/23837eec-1a03-47e9-b420-5251d8d20b68/enabled'
16:09:02.652 [Forwarding isElementEnabled on session 718fa5ef7b5d7f3e250cd9f5c4414095 to remote] DEBUG org.asynchttpclient.netty.request.NettyRequestSender - Using open Channel [id: 0x9684f6d0, L:/127.0.0.1:60280 - R:localhost/127.0.0.1:63946] for GET '/session/718fa5ef7b5d7f3e250cd9f5c4414095/element/23837eec-1a03-47e9-b420-5251d8d20b68/enabled'
16:09:02.675 [AsyncHttpClient-1-5] DEBUG org.asynchttpclient.netty.handler.HttpHandler - 

Request DefaultFullHttpRequest(decodeResult: success, version: HTTP/1.1, content: EmptyByteBufBE)
GET /session/718fa5ef7b5d7f3e250cd9f5c4414095/element/23837eec-1a03-47e9-b420-5251d8d20b68/enabled HTTP/1.1
User-Agent: selenium/4.1.2 (java windows)
Cache-Control: no-cache
Content-Type: application/json; charset=utf-8
host: localhost:63946
accept: */*

Response DefaultHttpResponse(decodeResult: success, version: HTTP/1.1)
HTTP/1.1 200 OK
Content-Type: application/json; charset=utf-8
cache-control: no-cache
content-length: 14

16:09:02.676 [AsyncHttpClient-1-5] DEBUG org.asynchttpclient.netty.channel.ChannelManager - Adding key: http://localhost:63946 for channel [id: 0x9684f6d0, L:/127.0.0.1:60280 - R:localhost/127.0.0.1:63946]
16:09:02.679 [Forwarding findElement on session 718fa5ef7b5d7f3e250cd9f5c4414095 to remote] DEBUG org.asynchttpclient.netty.request.NettyRequestSender - Using pooled Channel '[id: 0x9684f6d0, L:/127.0.0.1:60280 - R:localhost/127.0.0.1:63946]' for 'POST' to 'http://localhost:63946/session/718fa5ef7b5d7f3e250cd9f5c4414095/element'
16:09:02.680 [Forwarding findElement on session 718fa5ef7b5d7f3e250cd9f5c4414095 to remote] DEBUG org.asynchttpclient.netty.request.NettyRequestSender - Using open Channel [id: 0x9684f6d0, L:/127.0.0.1:60280 - R:localhost/127.0.0.1:63946] for POST '/session/718fa5ef7b5d7f3e250cd9f5c4414095/element'
16:09:02.694 [AsyncHttpClient-1-5] DEBUG org.asynchttpclient.netty.handler.HttpHandler - 

Request DefaultHttpRequest(decodeResult: success, version: HTTP/1.1)
POST /session/718fa5ef7b5d7f3e250cd9f5c4414095/element HTTP/1.1
User-Agent: selenium/4.1.2 (java windows)
Content-Length: 59
Content-Type: application/json; charset=utf-8
host: localhost:63946
accept: */*

Response DefaultHttpResponse(decodeResult: success, version: HTTP/1.1)
HTTP/1.1 200 OK
Content-Type: application/json; charset=utf-8
cache-control: no-cache
content-length: 88

16:09:02.694 [AsyncHttpClient-1-5] DEBUG org.asynchttpclient.netty.channel.ChannelManager - Adding key: http://localhost:63946 for channel [id: 0x9684f6d0, L:/127.0.0.1:60280 - R:localhost/127.0.0.1:63946]
16:09:02.696 [Forwarding clickElement on session 718fa5ef7b5d7f3e250cd9f5c4414095 to remote] DEBUG org.asynchttpclient.netty.request.NettyRequestSender - Using pooled Channel '[id: 0x9684f6d0, L:/127.0.0.1:60280 - R:localhost/127.0.0.1:63946]' for 'POST' to 'http://localhost:63946/session/718fa5ef7b5d7f3e250cd9f5c4414095/element/23837eec-1a03-47e9-b420-5251d8d20b68/click'
16:09:02.696 [Forwarding clickElement on session 718fa5ef7b5d7f3e250cd9f5c4414095 to remote] DEBUG org.asynchttpclient.netty.request.NettyRequestSender - Using open Channel [id: 0x9684f6d0, L:/127.0.0.1:60280 - R:localhost/127.0.0.1:63946] for POST '/session/718fa5ef7b5d7f3e250cd9f5c4414095/element/23837eec-1a03-47e9-b420-5251d8d20b68/click'
16:09:02.807 [AsyncHttpClient-1-5] DEBUG org.asynchttpclient.netty.handler.HttpHandler - 

Request DefaultHttpRequest(decodeResult: success, version: HTTP/1.1)
POST /session/718fa5ef7b5d7f3e250cd9f5c4414095/element/23837eec-1a03-47e9-b420-5251d8d20b68/click HTTP/1.1
User-Agent: selenium/4.1.2 (java windows)
Content-Length: 50
Content-Type: application/json; charset=utf-8
host: localhost:63946
accept: */*

Response DefaultHttpResponse(decodeResult: success, version: HTTP/1.1)
HTTP/1.1 200 OK
Content-Type: application/json; charset=utf-8
cache-control: no-cache
content-length: 14

16:09:02.808 [AsyncHttpClient-1-5] DEBUG org.asynchttpclient.netty.channel.ChannelManager - Adding key: http://localhost:63946 for channel [id: 0x9684f6d0, L:/127.0.0.1:60280 - R:localhost/127.0.0.1:63946]
16:09:02.832 [Forwarding screenshot on session 718fa5ef7b5d7f3e250cd9f5c4414095 to remote] DEBUG org.asynchttpclient.netty.request.NettyRequestSender - Using pooled Channel '[id: 0x9684f6d0, L:/127.0.0.1:60280 - R:localhost/127.0.0.1:63946]' for 'GET' to 'http://localhost:63946/session/718fa5ef7b5d7f3e250cd9f5c4414095/screenshot'
16:09:02.833 [Forwarding screenshot on session 718fa5ef7b5d7f3e250cd9f5c4414095 to remote] DEBUG org.asynchttpclient.netty.request.NettyRequestSender - Using open Channel [id: 0x9684f6d0, L:/127.0.0.1:60280 - R:localhost/127.0.0.1:63946] for GET '/session/718fa5ef7b5d7f3e250cd9f5c4414095/screenshot'
16:09:03.541 [AsyncHttpClient-1-1] DEBUG org.asynchttpclient.netty.channel.DefaultChannelPool - Entry count for : http://localhost:60281 : 1
16:09:04.079 [AsyncHttpClient-1-5] DEBUG org.asynchttpclient.netty.handler.HttpHandler - 

Request DefaultFullHttpRequest(decodeResult: success, version: HTTP/1.1, content: EmptyByteBufBE)
GET /session/718fa5ef7b5d7f3e250cd9f5c4414095/screenshot HTTP/1.1
User-Agent: selenium/4.1.2 (java windows)
Cache-Control: no-cache
Content-Type: application/json; charset=utf-8
host: localhost:63946
accept: */*

Response DefaultHttpResponse(decodeResult: success, version: HTTP/1.1)
HTTP/1.1 200 OK
Content-Type: application/json; charset=utf-8
cache-control: no-cache
content-length: 30824

16:09:04.079 [AsyncHttpClient-1-5] DEBUG org.asynchttpclient.netty.channel.ChannelManager - Adding key: http://localhost:63946 for channel [id: 0x9684f6d0, L:/127.0.0.1:60280 - R:localhost/127.0.0.1:63946]
16:09:04.088 [main] DEBUG net.serenitybdd.core.photography.Darkroom - Send negative for processing for target\site\serenity\4056ad3839073e4596d246bd32b42bc995051da4840b4f9388f122654f48919e.png
16:09:04.088 [main] DEBUG net.thucydides.core.steps.StepInterceptor - STEP DONE: clickBayarButton
  &amp#27;[32mAnd &amp#27;[0m&amp#27;[32mI click Bayar button&amp#27;[0m                     &amp#27;[90m# starter.stepdefinitions.OrderSteps.iClickBayarButton()&amp#27;[0m
16:09:04.096 [Darkroom Processing Line] DEBUG net.serenitybdd.core.photography.DarkroomProcessingLine - Processing screenshot image in /var/screenshots/screenshot-9517369374900804243
16:09:04.096 [Darkroom Processing Line] DEBUG net.serenitybdd.core.photography.DarkroomProcessingLine - Saving screenshot to target\site\serenity\4056ad3839073e4596d246bd32b42bc995051da4840b4f9388f122654f48919e.png
16:09:04.635 [AsyncHttpClient-1-1] DEBUG org.asynchttpclient.netty.channel.DefaultChannelPool - Entry count for : http://localhost:60281 : 1
16:09:04.635 [AsyncHttpClient-1-1] DEBUG org.asynchttpclient.netty.channel.DefaultChannelPool - Entry count for : http://localhost:63946 : 1
16:09:04.729 [Forwarding screenshot on session 718fa5ef7b5d7f3e250cd9f5c4414095 to remote] DEBUG org.asynchttpclient.netty.request.NettyRequestSender - Using pooled Channel '[id: 0x9684f6d0, L:/127.0.0.1:60280 - R:localhost/127.0.0.1:63946]' for 'GET' to 'http://localhost:63946/session/718fa5ef7b5d7f3e250cd9f5c4414095/screenshot'
16:09:04.729 [Forwarding screenshot on session 718fa5ef7b5d7f3e250cd9f5c4414095 to remote] DEBUG org.asynchttpclient.netty.request.NettyRequestSender - Using open Channel [id: 0x9684f6d0, L:/127.0.0.1:60280 - R:localhost/127.0.0.1:63946] for GET '/session/718fa5ef7b5d7f3e250cd9f5c4414095/screenshot'
16:09:04.896 [AsyncHttpClient-1-5] DEBUG org.asynchttpclient.netty.handler.HttpHandler - 

Request DefaultFullHttpRequest(decodeResult: success, version: HTTP/1.1, content: EmptyByteBufBE)
GET /session/718fa5ef7b5d7f3e250cd9f5c4414095/screenshot HTTP/1.1
User-Agent: selenium/4.1.2 (java windows)
Cache-Control: no-cache
Content-Type: application/json; charset=utf-8
host: localhost:63946
accept: */*

Response DefaultHttpResponse(decodeResult: success, version: HTTP/1.1)
HTTP/1.1 200 OK
Content-Type: application/json; charset=utf-8
cache-control: no-cache
content-length: 39280

16:09:04.896 [AsyncHttpClient-1-5] DEBUG org.asynchttpclient.netty.channel.ChannelManager - Adding key: http://localhost:63946 for channel [id: 0x9684f6d0, L:/127.0.0.1:60280 - R:localhost/127.0.0.1:63946]
16:09:04.904 [main] DEBUG net.serenitybdd.core.photography.Darkroom - Send negative for processing for target\site\serenity\7bca1637050f3055eb2cd2ed2c50bc38f0b097edf2f440d90b946501a184d95c.png
16:09:04.905 [main] DEBUG net.thucydides.core.steps.StepInterceptor - STARTING STEP: OrderSteps.iGoToTransactionsPage - selectRowAppears
16:09:04.908 [Forwarding findElement on session 718fa5ef7b5d7f3e250cd9f5c4414095 to remote] DEBUG org.asynchttpclient.netty.request.NettyRequestSender - Using pooled Channel '[id: 0x9684f6d0, L:/127.0.0.1:60280 - R:localhost/127.0.0.1:63946]' for 'POST' to 'http://localhost:63946/session/718fa5ef7b5d7f3e250cd9f5c4414095/element'
16:09:04.908 [Forwarding findElement on session 718fa5ef7b5d7f3e250cd9f5c4414095 to remote] DEBUG org.asynchttpclient.netty.request.NettyRequestSender - Using open Channel [id: 0x9684f6d0, L:/127.0.0.1:60280 - R:localhost/127.0.0.1:63946] for POST '/session/718fa5ef7b5d7f3e250cd9f5c4414095/element'
16:09:04.912 [Darkroom Processing Line] DEBUG net.serenitybdd.core.photography.DarkroomProcessingLine - Processing screenshot image in /var/screenshots/screenshot-5132002350876727491
16:09:04.914 [Darkroom Processing Line] DEBUG net.serenitybdd.core.photography.DarkroomProcessingLine - Saving screenshot to target\site\serenity\7bca1637050f3055eb2cd2ed2c50bc38f0b097edf2f440d90b946501a184d95c.png
16:09:04.920 [AsyncHttpClient-1-5] DEBUG org.asynchttpclient.netty.handler.HttpHandler - 

Request DefaultHttpRequest(decodeResult: success, version: HTTP/1.1)
POST /session/718fa5ef7b5d7f3e250cd9f5c4414095/element HTTP/1.1
User-Agent: selenium/4.1.2 (java windows)
Content-Length: 53
Content-Type: application/json; charset=utf-8
host: localhost:63946
accept: */*

Response DefaultHttpResponse(decodeResult: success, version: HTTP/1.1)
HTTP/1.1 400 Bad Request
Content-Type: application/json; charset=utf-8
cache-control: no-cache
content-length: 957

16:09:04.920 [AsyncHttpClient-1-5] DEBUG org.asynchttpclient.netty.channel.ChannelManager - Adding key: http://localhost:63946 for channel [id: 0x9684f6d0, L:/127.0.0.1:60280 - R:localhost/127.0.0.1:63946]
16:09:04.925 [Forwarding findElement on session 718fa5ef7b5d7f3e250cd9f5c4414095 to remote] DEBUG org.asynchttpclient.netty.request.NettyRequestSender - Using pooled Channel '[id: 0x9684f6d0, L:/127.0.0.1:60280 - R:localhost/127.0.0.1:63946]' for 'POST' to 'http://localhost:63946/session/718fa5ef7b5d7f3e250cd9f5c4414095/element'
16:09:04.925 [Forwarding findElement on session 718fa5ef7b5d7f3e250cd9f5c4414095 to remote] DEBUG org.asynchttpclient.netty.request.NettyRequestSender - Using open Channel [id: 0x9684f6d0, L:/127.0.0.1:60280 - R:localhost/127.0.0.1:63946] for POST '/session/718fa5ef7b5d7f3e250cd9f5c4414095/element'
16:09:04.947 [AsyncHttpClient-1-5] DEBUG org.asynchttpclient.netty.handler.HttpHandler - 

Request DefaultHttpRequest(decodeResult: success, version: HTTP/1.1)
POST /session/718fa5ef7b5d7f3e250cd9f5c4414095/element HTTP/1.1
User-Agent: selenium/4.1.2 (java windows)
Content-Length: 63
Content-Type: application/json; charset=utf-8
host: localhost:63946
accept: */*

Response DefaultHttpResponse(decodeResult: success, version: HTTP/1.1)
HTTP/1.1 200 OK
Content-Type: application/json; charset=utf-8
cache-control: no-cache
content-length: 88

16:09:04.947 [AsyncHttpClient-1-5] DEBUG org.asynchttpclient.netty.channel.ChannelManager - Adding key: http://localhost:63946 for channel [id: 0x9684f6d0, L:/127.0.0.1:60280 - R:localhost/127.0.0.1:63946]
16:09:04.952 [Forwarding isElementDisplayed on session 718fa5ef7b5d7f3e250cd9f5c4414095 to remote] DEBUG org.asynchttpclient.netty.request.NettyRequestSender - Using pooled Channel '[id: 0x9684f6d0, L:/127.0.0.1:60280 - R:localhost/127.0.0.1:63946]' for 'POST' to 'http://localhost:63946/session/718fa5ef7b5d7f3e250cd9f5c4414095/execute/sync'
16:09:04.952 [Forwarding isElementDisplayed on session 718fa5ef7b5d7f3e250cd9f5c4414095 to remote] DEBUG org.asynchttpclient.netty.request.NettyRequestSender - Using open Channel [id: 0x9684f6d0, L:/127.0.0.1:60280 - R:localhost/127.0.0.1:63946] for POST '/session/718fa5ef7b5d7f3e250cd9f5c4414095/execute/sync'
16:09:04.981 [AsyncHttpClient-1-5] DEBUG org.asynchttpclient.netty.handler.HttpHandler - 

Request DefaultHttpRequest(decodeResult: success, version: HTTP/1.1)
POST /session/718fa5ef7b5d7f3e250cd9f5c4414095/execute/sync HTTP/1.1
User-Agent: selenium/4.1.2 (java windows)
Content-Length: 48780
Content-Type: application/json; charset=utf-8
host: localhost:63946
accept: */*

Response DefaultHttpResponse(decodeResult: success, version: HTTP/1.1)
HTTP/1.1 200 OK
Content-Type: application/json; charset=utf-8
cache-control: no-cache
content-length: 14

16:09:04.981 [AsyncHttpClient-1-5] DEBUG org.asynchttpclient.netty.channel.ChannelManager - Adding key: http://localhost:63946 for channel [id: 0x9684f6d0, L:/127.0.0.1:60280 - R:localhost/127.0.0.1:63946]
16:09:04.989 [Forwarding screenshot on session 718fa5ef7b5d7f3e250cd9f5c4414095 to remote] DEBUG org.asynchttpclient.netty.request.NettyRequestSender - Using pooled Channel '[id: 0x9684f6d0, L:/127.0.0.1:60280 - R:localhost/127.0.0.1:63946]' for 'GET' to 'http://localhost:63946/session/718fa5ef7b5d7f3e250cd9f5c4414095/screenshot'
16:09:04.990 [Forwarding screenshot on session 718fa5ef7b5d7f3e250cd9f5c4414095 to remote] DEBUG org.asynchttpclient.netty.request.NettyRequestSender - Using open Channel [id: 0x9684f6d0, L:/127.0.0.1:60280 - R:localhost/127.0.0.1:63946] for GET '/session/718fa5ef7b5d7f3e250cd9f5c4414095/screenshot'
16:09:05.155 [AsyncHttpClient-1-5] DEBUG org.asynchttpclient.netty.handler.HttpHandler - 

Request DefaultFullHttpRequest(decodeResult: success, version: HTTP/1.1, content: EmptyByteBufBE)
GET /session/718fa5ef7b5d7f3e250cd9f5c4414095/screenshot HTTP/1.1
User-Agent: selenium/4.1.2 (java windows)
Cache-Control: no-cache
Content-Type: application/json; charset=utf-8
host: localhost:63946
accept: */*

Response DefaultHttpResponse(decodeResult: success, version: HTTP/1.1)
HTTP/1.1 200 OK
Content-Type: application/json; charset=utf-8
cache-control: no-cache
content-length: 39280

16:09:05.155 [AsyncHttpClient-1-5] DEBUG org.asynchttpclient.netty.channel.ChannelManager - Adding key: http://localhost:63946 for channel [id: 0x9684f6d0, L:/127.0.0.1:60280 - R:localhost/127.0.0.1:63946]
16:09:05.158 [main] DEBUG net.serenitybdd.core.photography.Darkroom - Send negative for processing for target\site\serenity\7bca1637050f3055eb2cd2ed2c50bc38f0b097edf2f440d90b946501a184d95c.png
16:09:05.158 [main] DEBUG net.thucydides.core.steps.StepInterceptor - STEP DONE: selectRowAppears
16:09:05.167 [main] DEBUG net.thucydides.core.steps.StepInterceptor - STARTING STEP: OrderSteps.iGoToTransactionsPage - BanyaknyaAppears
16:09:05.170 [Forwarding findElement on session 718fa5ef7b5d7f3e250cd9f5c4414095 to remote] DEBUG org.asynchttpclient.netty.request.NettyRequestSender - Using pooled Channel '[id: 0x9684f6d0, L:/127.0.0.1:60280 - R:localhost/127.0.0.1:63946]' for 'POST' to 'http://localhost:63946/session/718fa5ef7b5d7f3e250cd9f5c4414095/element'
16:09:05.170 [Forwarding findElement on session 718fa5ef7b5d7f3e250cd9f5c4414095 to remote] DEBUG org.asynchttpclient.netty.request.NettyRequestSender - Using open Channel [id: 0x9684f6d0, L:/127.0.0.1:60280 - R:localhost/127.0.0.1:63946] for POST '/session/718fa5ef7b5d7f3e250cd9f5c4414095/element'
16:09:05.191 [AsyncHttpClient-1-5] DEBUG org.asynchttpclient.netty.handler.HttpHandler - 

Request DefaultHttpRequest(decodeResult: success, version: HTTP/1.1)
POST /session/718fa5ef7b5d7f3e250cd9f5c4414095/element HTTP/1.1
User-Agent: selenium/4.1.2 (java windows)
Content-Length: 70
Content-Type: application/json; charset=utf-8
host: localhost:63946
accept: */*

Response DefaultHttpResponse(decodeResult: success, version: HTTP/1.1)
HTTP/1.1 200 OK
Content-Type: application/json; charset=utf-8
cache-control: no-cache
content-length: 88

16:09:05.192 [AsyncHttpClient-1-5] DEBUG org.asynchttpclient.netty.channel.ChannelManager - Adding key: http://localhost:63946 for channel [id: 0x9684f6d0, L:/127.0.0.1:60280 - R:localhost/127.0.0.1:63946]
16:09:05.197 [Forwarding isElementDisplayed on session 718fa5ef7b5d7f3e250cd9f5c4414095 to remote] DEBUG org.asynchttpclient.netty.request.NettyRequestSender - Using pooled Channel '[id: 0x9684f6d0, L:/127.0.0.1:60280 - R:localhost/127.0.0.1:63946]' for 'POST' to 'http://localhost:63946/session/718fa5ef7b5d7f3e250cd9f5c4414095/execute/sync'
16:09:05.197 [Forwarding isElementDisplayed on session 718fa5ef7b5d7f3e250cd9f5c4414095 to remote] DEBUG org.asynchttpclient.netty.request.NettyRequestSender - Using open Channel [id: 0x9684f6d0, L:/127.0.0.1:60280 - R:localhost/127.0.0.1:63946] for POST '/session/718fa5ef7b5d7f3e250cd9f5c4414095/execute/sync'
16:09:05.220 [AsyncHttpClient-1-5] DEBUG org.asynchttpclient.netty.handler.HttpHandler - 

Request DefaultHttpRequest(decodeResult: success, version: HTTP/1.1)
POST /session/718fa5ef7b5d7f3e250cd9f5c4414095/execute/sync HTTP/1.1
User-Agent: selenium/4.1.2 (java windows)
Content-Length: 48780
Content-Type: application/json; charset=utf-8
host: localhost:63946
accept: */*

Response DefaultHttpResponse(decodeResult: success, version: HTTP/1.1)
HTTP/1.1 200 OK
Content-Type: application/json; charset=utf-8
cache-control: no-cache
content-length: 14

16:09:05.220 [AsyncHttpClient-1-5] DEBUG org.asynchttpclient.netty.channel.ChannelManager - Adding key: http://localhost:63946 for channel [id: 0x9684f6d0, L:/127.0.0.1:60280 - R:localhost/127.0.0.1:63946]
16:09:05.227 [Forwarding screenshot on session 718fa5ef7b5d7f3e250cd9f5c4414095 to remote] DEBUG org.asynchttpclient.netty.request.NettyRequestSender - Using pooled Channel '[id: 0x9684f6d0, L:/127.0.0.1:60280 - R:localhost/127.0.0.1:63946]' for 'GET' to 'http://localhost:63946/session/718fa5ef7b5d7f3e250cd9f5c4414095/screenshot'
16:09:05.227 [Forwarding screenshot on session 718fa5ef7b5d7f3e250cd9f5c4414095 to remote] DEBUG org.asynchttpclient.netty.request.NettyRequestSender - Using open Channel [id: 0x9684f6d0, L:/127.0.0.1:60280 - R:localhost/127.0.0.1:63946] for GET '/session/718fa5ef7b5d7f3e250cd9f5c4414095/screenshot'
16:09:05.387 [AsyncHttpClient-1-5] DEBUG org.asynchttpclient.netty.handler.HttpHandler - 

Request DefaultFullHttpRequest(decodeResult: success, version: HTTP/1.1, content: EmptyByteBufBE)
GET /session/718fa5ef7b5d7f3e250cd9f5c4414095/screenshot HTTP/1.1
User-Agent: selenium/4.1.2 (java windows)
Cache-Control: no-cache
Content-Type: application/json; charset=utf-8
host: localhost:63946
accept: */*

Response DefaultHttpResponse(decodeResult: success, version: HTTP/1.1)
HTTP/1.1 200 OK
Content-Type: application/json; charset=utf-8
cache-control: no-cache
content-length: 39280

16:09:05.387 [AsyncHttpClient-1-5] DEBUG org.asynchttpclient.netty.channel.ChannelManager - Adding key: http://localhost:63946 for channel [id: 0x9684f6d0, L:/127.0.0.1:60280 - R:localhost/127.0.0.1:63946]
16:09:05.390 [main] DEBUG net.serenitybdd.core.photography.Darkroom - Send negative for processing for target\site\serenity\7bca1637050f3055eb2cd2ed2c50bc38f0b097edf2f440d90b946501a184d95c.png
16:09:05.390 [main] DEBUG net.thucydides.core.steps.StepInterceptor - STEP DONE: BanyaknyaAppears
  &amp#27;[32mThen &amp#27;[0m&amp#27;[32mI go to transactions page&amp#27;[0m               &amp#27;[90m# starter.stepdefinitions.OrderSteps.iGoToTransactionsPage()&amp#27;[0m
16:09:05.400 [main] INFO  - 
  _____   ___   ___   _____     ___     _     ___   ___   ___   ___  
 |_   _| | __| / __| |_   _|   | _ \   /_\   / __| / __| | __| |   \ 
   | |   | _|  \__ \   | |     |  _/  / _ \  \__ \ \__ \ | _|  | |) |
   |_|   |___| |___/   |_|     |_|   /_/ \_\ |___/ |___/ |___| |___/ 

I click Bayar button on product page
----------------------------------------------------------------------
16:09:05.403 [AsyncHttpClient-1-3] DEBUG org.asynchttpclient.netty.handler.WebSocketHandler - Channel Closed: [id: 0x9a18e147, L:/127.0.0.1:60288 ! R:localhost/127.0.0.1:60281] with attribute NettyResponseFuture{currentRetry=5,
	isDone=1,
	isCancelled=0,
	asyncHandler=org.asynchttpclient.ws.WebSocketUpgradeHandler@57757a6d,
	nettyRequest=org.asynchttpclient.netty.request.NettyRequest@4d02a4c5,
	future=java.util.concurrent.CompletableFuture@b9c815b[Completed normally],
	uri=ws://localhost:60281/devtools/browser/770b2ea3-cde9-4d4c-8bb0-b1fcb59cc80b,
	keepAlive=true,
	redirectCount=0,
	timeoutsHolder=null,
	inAuth=0,
	touch=1652778518697}
16:09:05.403 [AsyncHttpClient-1-3] DEBUG org.asynchttpclient.netty.channel.ChannelManager - Closing Channel [id: 0x9a18e147, L:/127.0.0.1:60288 ! R:localhost/127.0.0.1:60281] 
16:09:05.405 [Driver Command Executor] DEBUG org.asynchttpclient.netty.request.NettyRequestSender - Using pooled Channel '[id: 0x9684f6d0, L:/127.0.0.1:60280 - R:localhost/127.0.0.1:63946]' for 'DELETE' to 'http://localhost:63946/session/718fa5ef7b5d7f3e250cd9f5c4414095'
16:09:05.405 [Driver Command Executor] DEBUG org.asynchttpclient.netty.request.NettyRequestSender - Using open Channel [id: 0x9684f6d0, L:/127.0.0.1:60280 - R:localhost/127.0.0.1:63946] for DELETE '/session/718fa5ef7b5d7f3e250cd9f5c4414095'
16:09:05.651 [AsyncHttpClient-1-2] DEBUG org.asynchttpclient.netty.handler.HttpHandler - Unexpected I/O exception on channel [id: 0x9b69e310, L:/127.0.0.1:60287 - R:localhost/127.0.0.1:60281]
java.net.SocketException: Connection reset
	at java.base/sun.nio.ch.SocketChannelImpl.throwConnectionReset(SocketChannelImpl.java:367)
	at java.base/sun.nio.ch.SocketChannelImpl.read(SocketChannelImpl.java:398)
	at io.netty.buffer.PooledByteBuf.setBytes(PooledByteBuf.java:258)
	at io.netty.buffer.AbstractByteBuf.writeBytes(AbstractByteBuf.java:1132)
	at io.netty.channel.socket.nio.NioSocketChannel.doReadBytes(NioSocketChannel.java:350)
	at io.netty.channel.nio.AbstractNioByteChannel$NioByteUnsafe.read(AbstractNioByteChannel.java:151)
	at io.netty.channel.nio.NioEventLoop.processSelectedKey(NioEventLoop.java:722)
	at io.netty.channel.nio.NioEventLoop.processSelectedKeysOptimized(NioEventLoop.java:658)
	at io.netty.channel.nio.NioEventLoop.processSelectedKeys(NioEventLoop.java:584)
	at io.netty.channel.nio.NioEventLoop.run(NioEventLoop.java:496)
	at io.netty.util.concurrent.SingleThreadEventExecutor$4.run(SingleThreadEventExecutor.java:986)
	at io.netty.util.internal.ThreadExecutorMap$2.run(ThreadExecutorMap.java:74)
	at io.netty.util.concurrent.FastThreadLocalRunnable.run(FastThreadLocalRunnable.java:30)
	at java.base/java.lang.Thread.run(Thread.java:832)
16:09:05.651 [AsyncHttpClient-1-2] DEBUG org.asynchttpclient.netty.channel.ChannelManager - Closing Channel [id: 0x9b69e310, L:/127.0.0.1:60287 - R:localhost/127.0.0.1:60281] 
16:09:05.652 [AsyncHttpClient-1-2] DEBUG org.asynchttpclient.netty.handler.HttpHandler - Channel Closed: [id: 0x9b69e310, L:/127.0.0.1:60287 ! R:localhost/127.0.0.1:60281] with attribute DISCARD
16:09:05.690 [AsyncHttpClient-1-5] DEBUG org.asynchttpclient.netty.handler.HttpHandler - 

Request DefaultFullHttpRequest(decodeResult: success, version: HTTP/1.1, content: EmptyByteBufBE)
DELETE /session/718fa5ef7b5d7f3e250cd9f5c4414095 HTTP/1.1
User-Agent: selenium/4.1.2 (java windows)
Content-Type: application/json; charset=utf-8
host: localhost:63946
accept: */*

Response DefaultHttpResponse(decodeResult: success, version: HTTP/1.1)
HTTP/1.1 200 OK
Content-Type: application/json; charset=utf-8
cache-control: no-cache
content-length: 14

16:09:05.691 [AsyncHttpClient-1-5] DEBUG org.asynchttpclient.netty.channel.ChannelManager - Adding key: http://localhost:63946 for channel [id: 0x9684f6d0, L:/127.0.0.1:60280 - R:localhost/127.0.0.1:63946]
16:09:05.736 [AsyncHttpClient-1-1] DEBUG org.asynchttpclient.netty.channel.DefaultChannelPool - Entry count for : http://localhost:60281 : 1
16:09:05.736 [AsyncHttpClient-1-1] DEBUG org.asynchttpclient.netty.channel.DefaultChannelPool - Entry count for : http://localhost:63946 : 1
16:09:05.736 [AsyncHttpClient-1-1] DEBUG org.asynchttpclient.netty.channel.DefaultChannelPool - Adding Candidate expired Channel [id: 0x9b69e310, L:/127.0.0.1:60287 ! R:localhost/127.0.0.1:60281] isIdleTimeoutExpired=false isRemotelyClosed=true isTtlExpired=false
16:09:05.736 [AsyncHttpClient-1-1] DEBUG org.asynchttpclient.netty.channel.DefaultChannelPool - Closing Idle Channel [id: 0x9b69e310, L:/127.0.0.1:60287 ! R:localhost/127.0.0.1:60281]
16:09:05.736 [AsyncHttpClient-1-1] DEBUG org.asynchttpclient.netty.channel.DefaultChannelPool - Closed 1 connections out of 2 in 0 ms
16:09:06.213 [AsyncHttpClient-1-5] DEBUG org.asynchttpclient.netty.handler.HttpHandler - Channel Closed: [id: 0x9684f6d0, L:/127.0.0.1:60280 ! R:localhost/127.0.0.1:63946] with attribute DISCARD
]]></system-out>
    <system-err><![CDATA[Starting ChromeDriver 100.0.4896.60 (6a5d10861ce8de5fce22564658033b43cb7de047-refs/branch-heads/4896@{#875}) on port 63946
Only local connections are allowed.
Please see https://chromedriver.chromium.org/security-considerations for suggestions on keeping ChromeDriver safe.
ChromeDriver was started successfully.
[1652778518.097][WARNING]: This version of ChromeDriver has not been tested with Chrome version 101.
May 17, 2022 4:08:38 PM org.openqa.selenium.remote.ProtocolHandshake createSession
INFO: Detected dialect: W3C
May 17, 2022 4:08:38 PM org.openqa.selenium.devtools.CdpVersionFinder findNearestMatch
WARNING: Unable to find an exact match for CDP version 101, so returning the closest version found: 97
May 17, 2022 4:08:38 PM org.openqa.selenium.devtools.CdpVersionFinder findNearestMatch
INFO: Found CDP implementation for version 101 of 97
]]></system-err>
  </testcase>
  <testcase name="Buy first product" classname="Product" time="30.431">
    <system-out><![CDATA[16:09:06.730 [main] INFO io.cucumber.core.plugin.SerenityReporter - Running feature from file:///C:/Users/ponda/Documents/Final_Project/Final_Web/src/test/resources/features/Product.feature
16:09:06.759 [main] DEBUG net.thucydides.core.steps.StepEventBus - Test suite started for story net.thucydides.core.model.Story@fdbc81c8
16:09:06.760 [main] INFO  - Test Suite Started: Product

Scenario: Buy first product                    &amp#27;[90m# src/test/resources/features/Product.feature:7&amp#27;[0m
16:09:06.776 [main] INFO io.cucumber.core.plugin.SerenityReporter - Running feature from file:///C:/Users/ponda/Documents/Final_Project/Final_Web/src/test/resources/features/Product.feature
16:09:06.781 [main] INFO  - 
  _____   ___   ___   _____     ___   _____     _     ___   _____   ___   ___  
 |_   _| | __| / __| |_   _|   / __| |_   _|   /_\   | _ \ |_   _| | __| |   \ 
   | |   | _|  \__ \   | |     \__ \   | |    / _ \  |   /   | |   | _|  | |) |
   |_|   |___| |___/   |_|     |___/   |_|   /_/ \_\ |_|_\   |_|   |___| |___/ 

Buy first product(product;buy-first-product)
--------------------------------------------------------------------------------
16:09:06.836 [AsyncHttpClient-1-1] DEBUG org.asynchttpclient.netty.channel.DefaultChannelPool - Entry count for : http://localhost:63946 : 1
16:09:06.836 [AsyncHttpClient-1-1] DEBUG org.asynchttpclient.netty.channel.DefaultChannelPool - Adding Candidate expired Channel [id: 0x9684f6d0, L:/127.0.0.1:60280 ! R:localhost/127.0.0.1:63946] isIdleTimeoutExpired=false isRemotelyClosed=true isTtlExpired=false
16:09:06.836 [AsyncHttpClient-1-1] DEBUG org.asynchttpclient.netty.channel.DefaultChannelPool - Closing Idle Channel [id: 0x9684f6d0, L:/127.0.0.1:60280 ! R:localhost/127.0.0.1:63946]
16:09:06.836 [AsyncHttpClient-1-1] DEBUG org.asynchttpclient.netty.channel.DefaultChannelPool - Closed 1 connections out of 1 in 0 ms
16:09:06.881 [main] DEBUG net.thucydides.core.steps.StepInterceptor - STARTING STEP: ProductSteps.iAmOnProductPage - openUrl
16:09:06.885 [main] INFO net.serenitybdd.core.webdriver.driverproviders.ChromeDriverProvider - Using automatically driver download
16:09:07.191 [main] DEBUG io.github.bonigarcia.wdm.cache.ResolutionCache - Resolution chrome=101 in cache (valid until 17:04:06 17/05/2022 WIB)
16:09:07.207 [main] DEBUG io.github.bonigarcia.wdm.cache.ResolutionCache - Resolution chrome101=101.0.4951.41 in cache (valid until 16:04:06 18/05/2022 WIB)
16:09:07.212 [main] INFO io.github.bonigarcia.wdm.WebDriverManager - Using chromedriver 101.0.4951.41 (resolved driver for Chrome 101)
16:09:07.251 [main] DEBUG io.github.bonigarcia.wdm.WebDriverManager - Driver chromedriver 101.0.4951.41 found in cache
16:09:07.253 [main] INFO io.github.bonigarcia.wdm.WebDriverManager - Exporting webdriver.chrome.driver as C:\Users\ponda\.cache\selenium\chromedriver\win32\101.0.4951.41\chromedriver.exe
16:09:07.461 [main] DEBUG net.serenitybdd.core.webdriver.driverproviders.ProvideNewDriver - Instantiating driver
16:09:07.461 [main] DEBUG net.serenitybdd.core.webdriver.driverproviders.ProvideNewDriver - Driver capabilities: Capabilities {acceptInsecureCerts: false, base.url: https://qa.alta.id, browserName: chrome, chrome.driver: src/test/resources/webdrive..., driver: chrome, goog:chromeOptions: {args: [], extensions: []}}
16:09:08.031 [AsyncHttpClient-1-4] DEBUG org.asynchttpclient.netty.channel.NettyConnectListener - Using new Channel '[id: 0x0feda245, L:/127.0.0.1:60312 - R:localhost/127.0.0.1:52762]' for 'POST' to '/session'
16:09:10.264 [AsyncHttpClient-1-4] DEBUG org.asynchttpclient.netty.handler.HttpHandler - 

Request DefaultHttpRequest(decodeResult: success, version: HTTP/1.1)
POST /session HTTP/1.1
User-Agent: selenium/4.1.2 (java windows)
Content-Length: 599
Content-Type: application/json; charset=utf-8
host: localhost:52762
accept: */*

Response DefaultHttpResponse(decodeResult: success, version: HTTP/1.1)
HTTP/1.1 200 OK
Content-Type: application/json; charset=utf-8
cache-control: no-cache
content-length: 790

16:09:10.264 [AsyncHttpClient-1-4] DEBUG org.asynchttpclient.netty.channel.ChannelManager - Adding key: http://localhost:52762 for channel [id: 0x0feda245, L:/127.0.0.1:60312 - R:localhost/127.0.0.1:52762]
16:09:10.279 [AsyncHttpClient-1-5] DEBUG org.asynchttpclient.netty.channel.NettyConnectListener - Using new Channel '[id: 0x61964780, L:/127.0.0.1:60319 - R:localhost/127.0.0.1:60313]' for 'GET' to '/json/version'
16:09:10.280 [AsyncHttpClient-1-5] DEBUG org.asynchttpclient.netty.handler.HttpHandler - 

Request DefaultFullHttpRequest(decodeResult: success, version: HTTP/1.1, content: EmptyByteBufBE)
GET /json/version HTTP/1.1
User-Agent: selenium/4.1.2 (java windows)
host: localhost:60313
accept: */*

Response DefaultHttpResponse(decodeResult: success, version: HTTP/1.1)
HTTP/1.1 200 OK
Content-Type: application/json; charset=UTF-8
content-length: 427

16:09:10.281 [AsyncHttpClient-1-5] DEBUG org.asynchttpclient.netty.channel.ChannelManager - Adding key: http://localhost:60313 for channel [id: 0x61964780, L:/127.0.0.1:60319 - R:localhost/127.0.0.1:60313]
16:09:10.287 [AsyncHttpClient-1-2] DEBUG org.asynchttpclient.netty.channel.NettyConnectListener - Using new Channel '[id: 0xbe3637b2, L:/127.0.0.1:60320 - R:localhost/127.0.0.1:60313]' for 'GET' to '/devtools/browser/a9749f5f-4389-4cdf-b516-cb177dcd8c0e'
16:09:10.289 [AsyncHttpClient-1-2] DEBUG org.asynchttpclient.netty.handler.WebSocketHandler - 

Request DefaultFullHttpRequest(decodeResult: success, version: HTTP/1.1, content: EmptyByteBufBE)
GET /devtools/browser/a9749f5f-4389-4cdf-b516-cb177dcd8c0e HTTP/1.1
upgrade: websocket
connection: upgrade
sec-websocket-key: gD/FKP3dakbqV/f/5goGDw==
sec-websocket-version: 13
origin: http://localhost:60313
host: localhost:60313
accept: */*
user-agent: AHC/2.1

Response DefaultHttpResponse(decodeResult: success, version: HTTP/1.1)
HTTP/1.1 101 WebSocket Protocol Handshake
Upgrade: WebSocket
Connection: Upgrade
Sec-WebSocket-Accept: Jh4ZotVYIVmPIyiMDzmkOQ2Wz54=

16:09:10.310 [Forwarding maximizeCurrentWindow on session 392b9320339bfb64f7dd45118b4c5b69 to remote] DEBUG org.asynchttpclient.netty.request.NettyRequestSender - Using pooled Channel '[id: 0x0feda245, L:/127.0.0.1:60312 - R:localhost/127.0.0.1:52762]' for 'POST' to 'http://localhost:52762/session/392b9320339bfb64f7dd45118b4c5b69/window/maximize'
16:09:10.310 [Forwarding maximizeCurrentWindow on session 392b9320339bfb64f7dd45118b4c5b69 to remote] DEBUG org.asynchttpclient.netty.request.NettyRequestSender - Using open Channel [id: 0x0feda245, L:/127.0.0.1:60312 - R:localhost/127.0.0.1:52762] for POST '/session/392b9320339bfb64f7dd45118b4c5b69/window/maximize'
16:09:10.922 [AsyncHttpClient-1-4] DEBUG org.asynchttpclient.netty.handler.HttpHandler - 

Request DefaultHttpRequest(decodeResult: success, version: HTTP/1.1)
POST /session/392b9320339bfb64f7dd45118b4c5b69/window/maximize HTTP/1.1
User-Agent: selenium/4.1.2 (java windows)
Content-Length: 3
Content-Type: application/json; charset=utf-8
host: localhost:52762
accept: */*

Response DefaultHttpResponse(decodeResult: success, version: HTTP/1.1)
HTTP/1.1 200 OK
Content-Type: application/json; charset=utf-8
cache-control: no-cache
content-length: 51

16:09:10.922 [AsyncHttpClient-1-4] DEBUG org.asynchttpclient.netty.channel.ChannelManager - Adding key: http://localhost:52762 for channel [id: 0x0feda245, L:/127.0.0.1:60312 - R:localhost/127.0.0.1:52762]
16:09:10.925 [Forwarding get on session 392b9320339bfb64f7dd45118b4c5b69 to remote] DEBUG org.asynchttpclient.netty.request.NettyRequestSender - Using pooled Channel '[id: 0x0feda245, L:/127.0.0.1:60312 - R:localhost/127.0.0.1:52762]' for 'POST' to 'http://localhost:52762/session/392b9320339bfb64f7dd45118b4c5b69/url'
16:09:10.925 [Forwarding get on session 392b9320339bfb64f7dd45118b4c5b69 to remote] DEBUG org.asynchttpclient.netty.request.NettyRequestSender - Using open Channel [id: 0x0feda245, L:/127.0.0.1:60312 - R:localhost/127.0.0.1:52762] for POST '/session/392b9320339bfb64f7dd45118b4c5b69/url'
16:09:11.289 [AsyncHttpClient-1-1] DEBUG org.asynchttpclient.netty.channel.DefaultChannelPool - Entry count for : http://localhost:60313 : 1
16:09:12.354 [AsyncHttpClient-1-1] DEBUG org.asynchttpclient.netty.channel.DefaultChannelPool - Entry count for : http://localhost:60313 : 1
16:09:12.745 [AsyncHttpClient-1-4] DEBUG org.asynchttpclient.netty.handler.HttpHandler - 

Request DefaultHttpRequest(decodeResult: success, version: HTTP/1.1)
POST /session/392b9320339bfb64f7dd45118b4c5b69/url HTTP/1.1
User-Agent: selenium/4.1.2 (java windows)
Content-Length: 64
Content-Type: application/json; charset=utf-8
host: localhost:52762
accept: */*

Response DefaultHttpResponse(decodeResult: success, version: HTTP/1.1)
HTTP/1.1 200 OK
Content-Type: application/json; charset=utf-8
cache-control: no-cache
content-length: 14

16:09:12.746 [AsyncHttpClient-1-4] DEBUG org.asynchttpclient.netty.channel.ChannelManager - Adding key: http://localhost:52762 for channel [id: 0x0feda245, L:/127.0.0.1:60312 - R:localhost/127.0.0.1:52762]
16:09:12.747 [Forwarding setTimeout on session 392b9320339bfb64f7dd45118b4c5b69 to remote] DEBUG org.asynchttpclient.netty.request.NettyRequestSender - Using pooled Channel '[id: 0x0feda245, L:/127.0.0.1:60312 - R:localhost/127.0.0.1:52762]' for 'POST' to 'http://localhost:52762/session/392b9320339bfb64f7dd45118b4c5b69/timeouts'
16:09:12.747 [Forwarding setTimeout on session 392b9320339bfb64f7dd45118b4c5b69 to remote] DEBUG org.asynchttpclient.netty.request.NettyRequestSender - Using open Channel [id: 0x0feda245, L:/127.0.0.1:60312 - R:localhost/127.0.0.1:52762] for POST '/session/392b9320339bfb64f7dd45118b4c5b69/timeouts'
16:09:12.799 [AsyncHttpClient-1-4] DEBUG org.asynchttpclient.netty.handler.HttpHandler - 

Request DefaultHttpRequest(decodeResult: success, version: HTTP/1.1)
POST /session/392b9320339bfb64f7dd45118b4c5b69/timeouts HTTP/1.1
User-Agent: selenium/4.1.2 (java windows)
Content-Length: 22
Content-Type: application/json; charset=utf-8
host: localhost:52762
accept: */*

Response DefaultHttpResponse(decodeResult: success, version: HTTP/1.1)
HTTP/1.1 200 OK
Content-Type: application/json; charset=utf-8
cache-control: no-cache
content-length: 14

16:09:12.800 [AsyncHttpClient-1-4] DEBUG org.asynchttpclient.netty.channel.ChannelManager - Adding key: http://localhost:52762 for channel [id: 0x0feda245, L:/127.0.0.1:60312 - R:localhost/127.0.0.1:52762]
16:09:12.805 [Forwarding getCurrentUrl on session 392b9320339bfb64f7dd45118b4c5b69 to remote] DEBUG org.asynchttpclient.netty.request.NettyRequestSender - Using pooled Channel '[id: 0x0feda245, L:/127.0.0.1:60312 - R:localhost/127.0.0.1:52762]' for 'GET' to 'http://localhost:52762/session/392b9320339bfb64f7dd45118b4c5b69/url'
16:09:12.805 [Forwarding getCurrentUrl on session 392b9320339bfb64f7dd45118b4c5b69 to remote] DEBUG org.asynchttpclient.netty.request.NettyRequestSender - Using open Channel [id: 0x0feda245, L:/127.0.0.1:60312 - R:localhost/127.0.0.1:52762] for GET '/session/392b9320339bfb64f7dd45118b4c5b69/url'
16:09:12.911 [AsyncHttpClient-1-4] DEBUG org.asynchttpclient.netty.handler.HttpHandler - 

Request DefaultFullHttpRequest(decodeResult: success, version: HTTP/1.1, content: EmptyByteBufBE)
GET /session/392b9320339bfb64f7dd45118b4c5b69/url HTTP/1.1
User-Agent: selenium/4.1.2 (java windows)
Cache-Control: no-cache
Content-Type: application/json; charset=utf-8
host: localhost:52762
accept: */*

Response DefaultHttpResponse(decodeResult: success, version: HTTP/1.1)
HTTP/1.1 200 OK
Content-Type: application/json; charset=utf-8
cache-control: no-cache
content-length: 41

16:09:12.911 [AsyncHttpClient-1-4] DEBUG org.asynchttpclient.netty.channel.ChannelManager - Adding key: http://localhost:52762 for channel [id: 0x0feda245, L:/127.0.0.1:60312 - R:localhost/127.0.0.1:52762]
16:09:12.930 [main] DEBUG net.serenitybdd.core.photography.Darkroom - Opening darkroom
16:09:12.931 [Forwarding screenshot on session 392b9320339bfb64f7dd45118b4c5b69 to remote] DEBUG org.asynchttpclient.netty.request.NettyRequestSender - Using pooled Channel '[id: 0x0feda245, L:/127.0.0.1:60312 - R:localhost/127.0.0.1:52762]' for 'GET' to 'http://localhost:52762/session/392b9320339bfb64f7dd45118b4c5b69/screenshot'
16:09:12.931 [Forwarding screenshot on session 392b9320339bfb64f7dd45118b4c5b69 to remote] DEBUG org.asynchttpclient.netty.request.NettyRequestSender - Using open Channel [id: 0x0feda245, L:/127.0.0.1:60312 - R:localhost/127.0.0.1:52762] for GET '/session/392b9320339bfb64f7dd45118b4c5b69/screenshot'
16:09:12.994 [Darkroom Processing Line] DEBUG net.serenitybdd.core.photography.DarkroomProcessingLine - Darkroom processing line starting up
16:09:13.435 [AsyncHttpClient-1-1] DEBUG org.asynchttpclient.netty.channel.DefaultChannelPool - Entry count for : http://localhost:60313 : 1
16:09:13.527 [AsyncHttpClient-1-4] DEBUG org.asynchttpclient.netty.handler.HttpHandler - 

Request DefaultFullHttpRequest(decodeResult: success, version: HTTP/1.1, content: EmptyByteBufBE)
GET /session/392b9320339bfb64f7dd45118b4c5b69/screenshot HTTP/1.1
User-Agent: selenium/4.1.2 (java windows)
Cache-Control: no-cache
Content-Type: application/json; charset=utf-8
host: localhost:52762
accept: */*

Response DefaultHttpResponse(decodeResult: success, version: HTTP/1.1)
HTTP/1.1 200 OK
Content-Type: application/json; charset=utf-8
cache-control: no-cache
content-length: 25384

16:09:13.528 [AsyncHttpClient-1-4] DEBUG org.asynchttpclient.netty.channel.ChannelManager - Adding key: http://localhost:52762 for channel [id: 0x0feda245, L:/127.0.0.1:60312 - R:localhost/127.0.0.1:52762]
16:09:13.530 [main] DEBUG net.serenitybdd.core.photography.Darkroom - Send negative for processing for target\site\serenity\6b6563c13227ef0b70a26f8a845b86304c5ded2ac83324d4bda7e0f4416b9ac5.png
16:09:13.531 [main] DEBUG net.thucydides.core.steps.StepInterceptor - STEP DONE: openUrl
16:09:13.547 [main] DEBUG net.thucydides.core.steps.StepInterceptor - STARTING STEP: ProductSteps.iAmOnProductPage - inputEmail
16:09:13.554 [Forwarding findElement on session 392b9320339bfb64f7dd45118b4c5b69 to remote] DEBUG org.asynchttpclient.netty.request.NettyRequestSender - Using pooled Channel '[id: 0x0feda245, L:/127.0.0.1:60312 - R:localhost/127.0.0.1:52762]' for 'POST' to 'http://localhost:52762/session/392b9320339bfb64f7dd45118b4c5b69/element'
16:09:13.554 [Forwarding findElement on session 392b9320339bfb64f7dd45118b4c5b69 to remote] DEBUG org.asynchttpclient.netty.request.NettyRequestSender - Using open Channel [id: 0x0feda245, L:/127.0.0.1:60312 - R:localhost/127.0.0.1:52762] for POST '/session/392b9320339bfb64f7dd45118b4c5b69/element'
16:09:13.582 [AsyncHttpClient-1-4] DEBUG org.asynchttpclient.netty.handler.HttpHandler - 

Request DefaultHttpRequest(decodeResult: success, version: HTTP/1.1)
POST /session/392b9320339bfb64f7dd45118b4c5b69/element HTTP/1.1
User-Agent: selenium/4.1.2 (java windows)
Content-Length: 86
Content-Type: application/json; charset=utf-8
host: localhost:52762
accept: */*

Response DefaultHttpResponse(decodeResult: success, version: HTTP/1.1)
HTTP/1.1 200 OK
Content-Type: application/json; charset=utf-8
cache-control: no-cache
content-length: 88

16:09:13.582 [AsyncHttpClient-1-4] DEBUG org.asynchttpclient.netty.channel.ChannelManager - Adding key: http://localhost:52762 for channel [id: 0x0feda245, L:/127.0.0.1:60312 - R:localhost/127.0.0.1:52762]
16:09:13.585 [Forwarding clearElement on session 392b9320339bfb64f7dd45118b4c5b69 to remote] DEBUG org.asynchttpclient.netty.request.NettyRequestSender - Using pooled Channel '[id: 0x0feda245, L:/127.0.0.1:60312 - R:localhost/127.0.0.1:52762]' for 'POST' to 'http://localhost:52762/session/392b9320339bfb64f7dd45118b4c5b69/element/4fd1a73d-266d-49a4-9ecc-33ef479d5bfb/clear'
16:09:13.585 [Forwarding clearElement on session 392b9320339bfb64f7dd45118b4c5b69 to remote] DEBUG org.asynchttpclient.netty.request.NettyRequestSender - Using open Channel [id: 0x0feda245, L:/127.0.0.1:60312 - R:localhost/127.0.0.1:52762] for POST '/session/392b9320339bfb64f7dd45118b4c5b69/element/4fd1a73d-266d-49a4-9ecc-33ef479d5bfb/clear'
16:09:13.662 [AsyncHttpClient-1-4] DEBUG org.asynchttpclient.netty.handler.HttpHandler - 

Request DefaultHttpRequest(decodeResult: success, version: HTTP/1.1)
POST /session/392b9320339bfb64f7dd45118b4c5b69/element/4fd1a73d-266d-49a4-9ecc-33ef479d5bfb/clear HTTP/1.1
User-Agent: selenium/4.1.2 (java windows)
Content-Length: 50
Content-Type: application/json; charset=utf-8
host: localhost:52762
accept: */*

Response DefaultHttpResponse(decodeResult: success, version: HTTP/1.1)
HTTP/1.1 200 OK
Content-Type: application/json; charset=utf-8
cache-control: no-cache
content-length: 14

16:09:13.662 [AsyncHttpClient-1-4] DEBUG org.asynchttpclient.netty.channel.ChannelManager - Adding key: http://localhost:52762 for channel [id: 0x0feda245, L:/127.0.0.1:60312 - R:localhost/127.0.0.1:52762]
16:09:13.666 [Forwarding sendKeysToElement on session 392b9320339bfb64f7dd45118b4c5b69 to remote] DEBUG org.asynchttpclient.netty.request.NettyRequestSender - Using pooled Channel '[id: 0x0feda245, L:/127.0.0.1:60312 - R:localhost/127.0.0.1:52762]' for 'POST' to 'http://localhost:52762/session/392b9320339bfb64f7dd45118b4c5b69/element/4fd1a73d-266d-49a4-9ecc-33ef479d5bfb/value'
16:09:13.666 [Forwarding sendKeysToElement on session 392b9320339bfb64f7dd45118b4c5b69 to remote] DEBUG org.asynchttpclient.netty.request.NettyRequestSender - Using open Channel [id: 0x0feda245, L:/127.0.0.1:60312 - R:localhost/127.0.0.1:52762] for POST '/session/392b9320339bfb64f7dd45118b4c5b69/element/4fd1a73d-266d-49a4-9ecc-33ef479d5bfb/value'
16:09:14.179 [AsyncHttpClient-1-4] DEBUG org.asynchttpclient.netty.handler.HttpHandler - 

Request DefaultHttpRequest(decodeResult: success, version: HTTP/1.1)
POST /session/392b9320339bfb64f7dd45118b4c5b69/element/4fd1a73d-266d-49a4-9ecc-33ef479d5bfb/value HTTP/1.1
User-Agent: selenium/4.1.2 (java windows)
Content-Length: 251
Content-Type: application/json; charset=utf-8
host: localhost:52762
accept: */*

Response DefaultHttpResponse(decodeResult: success, version: HTTP/1.1)
HTTP/1.1 200 OK
Content-Type: application/json; charset=utf-8
cache-control: no-cache
content-length: 14

16:09:14.179 [AsyncHttpClient-1-4] DEBUG org.asynchttpclient.netty.channel.ChannelManager - Adding key: http://localhost:52762 for channel [id: 0x0feda245, L:/127.0.0.1:60312 - R:localhost/127.0.0.1:52762]
16:09:14.193 [Forwarding screenshot on session 392b9320339bfb64f7dd45118b4c5b69 to remote] DEBUG org.asynchttpclient.netty.request.NettyRequestSender - Using pooled Channel '[id: 0x0feda245, L:/127.0.0.1:60312 - R:localhost/127.0.0.1:52762]' for 'GET' to 'http://localhost:52762/session/392b9320339bfb64f7dd45118b4c5b69/screenshot'
16:09:14.193 [Forwarding screenshot on session 392b9320339bfb64f7dd45118b4c5b69 to remote] DEBUG org.asynchttpclient.netty.request.NettyRequestSender - Using open Channel [id: 0x0feda245, L:/127.0.0.1:60312 - R:localhost/127.0.0.1:52762] for GET '/session/392b9320339bfb64f7dd45118b4c5b69/screenshot'
16:09:14.459 [AsyncHttpClient-1-4] DEBUG org.asynchttpclient.netty.handler.HttpHandler - 

Request DefaultFullHttpRequest(decodeResult: success, version: HTTP/1.1, content: EmptyByteBufBE)
GET /session/392b9320339bfb64f7dd45118b4c5b69/screenshot HTTP/1.1
User-Agent: selenium/4.1.2 (java windows)
Cache-Control: no-cache
Content-Type: application/json; charset=utf-8
host: localhost:52762
accept: */*

Response DefaultHttpResponse(decodeResult: success, version: HTTP/1.1)
HTTP/1.1 200 OK
Content-Type: application/json; charset=utf-8
cache-control: no-cache
content-length: 28892

16:09:14.459 [AsyncHttpClient-1-4] DEBUG org.asynchttpclient.netty.channel.ChannelManager - Adding key: http://localhost:52762 for channel [id: 0x0feda245, L:/127.0.0.1:60312 - R:localhost/127.0.0.1:52762]
16:09:14.462 [main] DEBUG net.serenitybdd.core.photography.Darkroom - Send negative for processing for target\site\serenity\a4a7875da21a7e62e4a3eabb710479462c342f5550a49643df09b7432b8471a6.png
16:09:14.462 [main] DEBUG net.thucydides.core.steps.StepInterceptor - STEP DONE: inputEmail
16:09:14.463 [Darkroom Processing Line] DEBUG net.serenitybdd.core.photography.DarkroomProcessingLine - Processing screenshot image in /var/screenshots/screenshot-15390346852963570128
16:09:14.463 [Darkroom Processing Line] DEBUG net.serenitybdd.core.photography.DarkroomProcessingLine - Saving screenshot to target\site\serenity\a4a7875da21a7e62e4a3eabb710479462c342f5550a49643df09b7432b8471a6.png
16:09:14.474 [main] DEBUG net.thucydides.core.steps.StepInterceptor - STARTING STEP: ProductSteps.iAmOnProductPage - inputPassword
16:09:14.478 [Forwarding findElement on session 392b9320339bfb64f7dd45118b4c5b69 to remote] DEBUG org.asynchttpclient.netty.request.NettyRequestSender - Using pooled Channel '[id: 0x0feda245, L:/127.0.0.1:60312 - R:localhost/127.0.0.1:52762]' for 'POST' to 'http://localhost:52762/session/392b9320339bfb64f7dd45118b4c5b69/element'
16:09:14.478 [Forwarding findElement on session 392b9320339bfb64f7dd45118b4c5b69 to remote] DEBUG org.asynchttpclient.netty.request.NettyRequestSender - Using open Channel [id: 0x0feda245, L:/127.0.0.1:60312 - R:localhost/127.0.0.1:52762] for POST '/session/392b9320339bfb64f7dd45118b4c5b69/element'
16:09:14.503 [AsyncHttpClient-1-4] DEBUG org.asynchttpclient.netty.handler.HttpHandler - 

Request DefaultHttpRequest(decodeResult: success, version: HTTP/1.1)
POST /session/392b9320339bfb64f7dd45118b4c5b69/element HTTP/1.1
User-Agent: selenium/4.1.2 (java windows)
Content-Length: 89
Content-Type: application/json; charset=utf-8
host: localhost:52762
accept: */*

Response DefaultHttpResponse(decodeResult: success, version: HTTP/1.1)
HTTP/1.1 200 OK
Content-Type: application/json; charset=utf-8
cache-control: no-cache
content-length: 88

16:09:14.503 [AsyncHttpClient-1-4] DEBUG org.asynchttpclient.netty.channel.ChannelManager - Adding key: http://localhost:52762 for channel [id: 0x0feda245, L:/127.0.0.1:60312 - R:localhost/127.0.0.1:52762]
16:09:14.505 [Forwarding clearElement on session 392b9320339bfb64f7dd45118b4c5b69 to remote] DEBUG org.asynchttpclient.netty.request.NettyRequestSender - Using pooled Channel '[id: 0x0feda245, L:/127.0.0.1:60312 - R:localhost/127.0.0.1:52762]' for 'POST' to 'http://localhost:52762/session/392b9320339bfb64f7dd45118b4c5b69/element/f93b99c8-7725-467a-b2b9-4e62f1274551/clear'
16:09:14.505 [Forwarding clearElement on session 392b9320339bfb64f7dd45118b4c5b69 to remote] DEBUG org.asynchttpclient.netty.request.NettyRequestSender - Using open Channel [id: 0x0feda245, L:/127.0.0.1:60312 - R:localhost/127.0.0.1:52762] for POST '/session/392b9320339bfb64f7dd45118b4c5b69/element/f93b99c8-7725-467a-b2b9-4e62f1274551/clear'
16:09:14.541 [AsyncHttpClient-1-1] DEBUG org.asynchttpclient.netty.channel.DefaultChannelPool - Entry count for : http://localhost:60313 : 1
16:09:14.571 [AsyncHttpClient-1-4] DEBUG org.asynchttpclient.netty.handler.HttpHandler - 

Request DefaultHttpRequest(decodeResult: success, version: HTTP/1.1)
POST /session/392b9320339bfb64f7dd45118b4c5b69/element/f93b99c8-7725-467a-b2b9-4e62f1274551/clear HTTP/1.1
User-Agent: selenium/4.1.2 (java windows)
Content-Length: 50
Content-Type: application/json; charset=utf-8
host: localhost:52762
accept: */*

Response DefaultHttpResponse(decodeResult: success, version: HTTP/1.1)
HTTP/1.1 200 OK
Content-Type: application/json; charset=utf-8
cache-control: no-cache
content-length: 14

16:09:14.571 [AsyncHttpClient-1-4] DEBUG org.asynchttpclient.netty.channel.ChannelManager - Adding key: http://localhost:52762 for channel [id: 0x0feda245, L:/127.0.0.1:60312 - R:localhost/127.0.0.1:52762]
16:09:14.574 [Forwarding sendKeysToElement on session 392b9320339bfb64f7dd45118b4c5b69 to remote] DEBUG org.asynchttpclient.netty.request.NettyRequestSender - Using pooled Channel '[id: 0x0feda245, L:/127.0.0.1:60312 - R:localhost/127.0.0.1:52762]' for 'POST' to 'http://localhost:52762/session/392b9320339bfb64f7dd45118b4c5b69/element/f93b99c8-7725-467a-b2b9-4e62f1274551/value'
16:09:14.574 [Forwarding sendKeysToElement on session 392b9320339bfb64f7dd45118b4c5b69 to remote] DEBUG org.asynchttpclient.netty.request.NettyRequestSender - Using open Channel [id: 0x0feda245, L:/127.0.0.1:60312 - R:localhost/127.0.0.1:52762] for POST '/session/392b9320339bfb64f7dd45118b4c5b69/element/f93b99c8-7725-467a-b2b9-4e62f1274551/value'
16:09:14.998 [AsyncHttpClient-1-4] DEBUG org.asynchttpclient.netty.handler.HttpHandler - 

Request DefaultHttpRequest(decodeResult: success, version: HTTP/1.1)
POST /session/392b9320339bfb64f7dd45118b4c5b69/element/f93b99c8-7725-467a-b2b9-4e62f1274551/value HTTP/1.1
User-Agent: selenium/4.1.2 (java windows)
Content-Length: 231
Content-Type: application/json; charset=utf-8
host: localhost:52762
accept: */*

Response DefaultHttpResponse(decodeResult: success, version: HTTP/1.1)
HTTP/1.1 200 OK
Content-Type: application/json; charset=utf-8
cache-control: no-cache
content-length: 14

16:09:14.998 [AsyncHttpClient-1-4] DEBUG org.asynchttpclient.netty.channel.ChannelManager - Adding key: http://localhost:52762 for channel [id: 0x0feda245, L:/127.0.0.1:60312 - R:localhost/127.0.0.1:52762]
16:09:15.023 [Forwarding screenshot on session 392b9320339bfb64f7dd45118b4c5b69 to remote] DEBUG org.asynchttpclient.netty.request.NettyRequestSender - Using pooled Channel '[id: 0x0feda245, L:/127.0.0.1:60312 - R:localhost/127.0.0.1:52762]' for 'GET' to 'http://localhost:52762/session/392b9320339bfb64f7dd45118b4c5b69/screenshot'
16:09:15.024 [Forwarding screenshot on session 392b9320339bfb64f7dd45118b4c5b69 to remote] DEBUG org.asynchttpclient.netty.request.NettyRequestSender - Using open Channel [id: 0x0feda245, L:/127.0.0.1:60312 - R:localhost/127.0.0.1:52762] for GET '/session/392b9320339bfb64f7dd45118b4c5b69/screenshot'
16:09:15.288 [AsyncHttpClient-1-4] DEBUG org.asynchttpclient.netty.handler.HttpHandler - 

Request DefaultFullHttpRequest(decodeResult: success, version: HTTP/1.1, content: EmptyByteBufBE)
GET /session/392b9320339bfb64f7dd45118b4c5b69/screenshot HTTP/1.1
User-Agent: selenium/4.1.2 (java windows)
Cache-Control: no-cache
Content-Type: application/json; charset=utf-8
host: localhost:52762
accept: */*

Response DefaultHttpResponse(decodeResult: success, version: HTTP/1.1)
HTTP/1.1 200 OK
Content-Type: application/json; charset=utf-8
cache-control: no-cache
content-length: 32248

16:09:15.289 [AsyncHttpClient-1-4] DEBUG org.asynchttpclient.netty.channel.ChannelManager - Adding key: http://localhost:52762 for channel [id: 0x0feda245, L:/127.0.0.1:60312 - R:localhost/127.0.0.1:52762]
16:09:15.292 [main] DEBUG net.serenitybdd.core.photography.Darkroom - Send negative for processing for target\site\serenity\e2942d89c0606e97516b57f0df7c2989528e2ebc3ddc949fa02be954cb61be34.png
16:09:15.292 [main] DEBUG net.thucydides.core.steps.StepInterceptor - STEP DONE: inputPassword
16:09:15.294 [Darkroom Processing Line] DEBUG net.serenitybdd.core.photography.DarkroomProcessingLine - Processing screenshot image in /var/screenshots/screenshot-14412803814905930717
16:09:15.294 [Darkroom Processing Line] DEBUG net.serenitybdd.core.photography.DarkroomProcessingLine - Saving screenshot to target\site\serenity\e2942d89c0606e97516b57f0df7c2989528e2ebc3ddc949fa02be954cb61be34.png
16:09:15.305 [main] DEBUG net.thucydides.core.steps.StepInterceptor - STARTING STEP: ProductSteps.iAmOnProductPage - clickLoginButton
16:09:15.314 [Forwarding findElement on session 392b9320339bfb64f7dd45118b4c5b69 to remote] DEBUG org.asynchttpclient.netty.request.NettyRequestSender - Using pooled Channel '[id: 0x0feda245, L:/127.0.0.1:60312 - R:localhost/127.0.0.1:52762]' for 'POST' to 'http://localhost:52762/session/392b9320339bfb64f7dd45118b4c5b69/element'
16:09:15.314 [Forwarding findElement on session 392b9320339bfb64f7dd45118b4c5b69 to remote] DEBUG org.asynchttpclient.netty.request.NettyRequestSender - Using open Channel [id: 0x0feda245, L:/127.0.0.1:60312 - R:localhost/127.0.0.1:52762] for POST '/session/392b9320339bfb64f7dd45118b4c5b69/element'
16:09:15.371 [AsyncHttpClient-1-4] DEBUG org.asynchttpclient.netty.handler.HttpHandler - 

Request DefaultHttpRequest(decodeResult: success, version: HTTP/1.1)
POST /session/392b9320339bfb64f7dd45118b4c5b69/element HTTP/1.1
User-Agent: selenium/4.1.2 (java windows)
Content-Length: 136
Content-Type: application/json; charset=utf-8
host: localhost:52762
accept: */*

Response DefaultHttpResponse(decodeResult: success, version: HTTP/1.1)
HTTP/1.1 200 OK
Content-Type: application/json; charset=utf-8
cache-control: no-cache
content-length: 88

16:09:15.371 [AsyncHttpClient-1-4] DEBUG org.asynchttpclient.netty.channel.ChannelManager - Adding key: http://localhost:52762 for channel [id: 0x0feda245, L:/127.0.0.1:60312 - R:localhost/127.0.0.1:52762]
16:09:15.387 [Forwarding getElementTagName on session 392b9320339bfb64f7dd45118b4c5b69 to remote] DEBUG org.asynchttpclient.netty.request.NettyRequestSender - Using pooled Channel '[id: 0x0feda245, L:/127.0.0.1:60312 - R:localhost/127.0.0.1:52762]' for 'GET' to 'http://localhost:52762/session/392b9320339bfb64f7dd45118b4c5b69/element/ec9c381a-3d79-4d8b-a901-b66905bbeaaf/name'
16:09:15.387 [Forwarding getElementTagName on session 392b9320339bfb64f7dd45118b4c5b69 to remote] DEBUG org.asynchttpclient.netty.request.NettyRequestSender - Using open Channel [id: 0x0feda245, L:/127.0.0.1:60312 - R:localhost/127.0.0.1:52762] for GET '/session/392b9320339bfb64f7dd45118b4c5b69/element/ec9c381a-3d79-4d8b-a901-b66905bbeaaf/name'
16:09:15.400 [AsyncHttpClient-1-4] DEBUG org.asynchttpclient.netty.handler.HttpHandler - 

Request DefaultFullHttpRequest(decodeResult: success, version: HTTP/1.1, content: EmptyByteBufBE)
GET /session/392b9320339bfb64f7dd45118b4c5b69/element/ec9c381a-3d79-4d8b-a901-b66905bbeaaf/name HTTP/1.1
User-Agent: selenium/4.1.2 (java windows)
Cache-Control: no-cache
Content-Type: application/json; charset=utf-8
host: localhost:52762
accept: */*

Response DefaultHttpResponse(decodeResult: success, version: HTTP/1.1)
HTTP/1.1 200 OK
Content-Type: application/json; charset=utf-8
cache-control: no-cache
content-length: 18

16:09:15.400 [AsyncHttpClient-1-4] DEBUG org.asynchttpclient.netty.channel.ChannelManager - Adding key: http://localhost:52762 for channel [id: 0x0feda245, L:/127.0.0.1:60312 - R:localhost/127.0.0.1:52762]
16:09:15.407 [Forwarding getElementTagName on session 392b9320339bfb64f7dd45118b4c5b69 to remote] DEBUG org.asynchttpclient.netty.request.NettyRequestSender - Using pooled Channel '[id: 0x0feda245, L:/127.0.0.1:60312 - R:localhost/127.0.0.1:52762]' for 'GET' to 'http://localhost:52762/session/392b9320339bfb64f7dd45118b4c5b69/element/ec9c381a-3d79-4d8b-a901-b66905bbeaaf/name'
16:09:15.407 [Forwarding getElementTagName on session 392b9320339bfb64f7dd45118b4c5b69 to remote] DEBUG org.asynchttpclient.netty.request.NettyRequestSender - Using open Channel [id: 0x0feda245, L:/127.0.0.1:60312 - R:localhost/127.0.0.1:52762] for GET '/session/392b9320339bfb64f7dd45118b4c5b69/element/ec9c381a-3d79-4d8b-a901-b66905bbeaaf/name'
16:09:15.416 [AsyncHttpClient-1-4] DEBUG org.asynchttpclient.netty.handler.HttpHandler - 

Request DefaultFullHttpRequest(decodeResult: success, version: HTTP/1.1, content: EmptyByteBufBE)
GET /session/392b9320339bfb64f7dd45118b4c5b69/element/ec9c381a-3d79-4d8b-a901-b66905bbeaaf/name HTTP/1.1
User-Agent: selenium/4.1.2 (java windows)
Cache-Control: no-cache
Content-Type: application/json; charset=utf-8
host: localhost:52762
accept: */*

Response DefaultHttpResponse(decodeResult: success, version: HTTP/1.1)
HTTP/1.1 200 OK
Content-Type: application/json; charset=utf-8
cache-control: no-cache
content-length: 18

16:09:15.417 [AsyncHttpClient-1-4] DEBUG org.asynchttpclient.netty.channel.ChannelManager - Adding key: http://localhost:52762 for channel [id: 0x0feda245, L:/127.0.0.1:60312 - R:localhost/127.0.0.1:52762]
16:09:15.422 [Forwarding isElementEnabled on session 392b9320339bfb64f7dd45118b4c5b69 to remote] DEBUG org.asynchttpclient.netty.request.NettyRequestSender - Using pooled Channel '[id: 0x0feda245, L:/127.0.0.1:60312 - R:localhost/127.0.0.1:52762]' for 'GET' to 'http://localhost:52762/session/392b9320339bfb64f7dd45118b4c5b69/element/ec9c381a-3d79-4d8b-a901-b66905bbeaaf/enabled'
16:09:15.422 [Forwarding isElementEnabled on session 392b9320339bfb64f7dd45118b4c5b69 to remote] DEBUG org.asynchttpclient.netty.request.NettyRequestSender - Using open Channel [id: 0x0feda245, L:/127.0.0.1:60312 - R:localhost/127.0.0.1:52762] for GET '/session/392b9320339bfb64f7dd45118b4c5b69/element/ec9c381a-3d79-4d8b-a901-b66905bbeaaf/enabled'
16:09:15.451 [AsyncHttpClient-1-4] DEBUG org.asynchttpclient.netty.handler.HttpHandler - 

Request DefaultFullHttpRequest(decodeResult: success, version: HTTP/1.1, content: EmptyByteBufBE)
GET /session/392b9320339bfb64f7dd45118b4c5b69/element/ec9c381a-3d79-4d8b-a901-b66905bbeaaf/enabled HTTP/1.1
User-Agent: selenium/4.1.2 (java windows)
Cache-Control: no-cache
Content-Type: application/json; charset=utf-8
host: localhost:52762
accept: */*

Response DefaultHttpResponse(decodeResult: success, version: HTTP/1.1)
HTTP/1.1 200 OK
Content-Type: application/json; charset=utf-8
cache-control: no-cache
content-length: 14

16:09:15.452 [AsyncHttpClient-1-4] DEBUG org.asynchttpclient.netty.channel.ChannelManager - Adding key: http://localhost:52762 for channel [id: 0x0feda245, L:/127.0.0.1:60312 - R:localhost/127.0.0.1:52762]
16:09:15.455 [Forwarding isElementEnabled on session 392b9320339bfb64f7dd45118b4c5b69 to remote] DEBUG org.asynchttpclient.netty.request.NettyRequestSender - Using pooled Channel '[id: 0x0feda245, L:/127.0.0.1:60312 - R:localhost/127.0.0.1:52762]' for 'GET' to 'http://localhost:52762/session/392b9320339bfb64f7dd45118b4c5b69/element/ec9c381a-3d79-4d8b-a901-b66905bbeaaf/enabled'
16:09:15.455 [Forwarding isElementEnabled on session 392b9320339bfb64f7dd45118b4c5b69 to remote] DEBUG org.asynchttpclient.netty.request.NettyRequestSender - Using open Channel [id: 0x0feda245, L:/127.0.0.1:60312 - R:localhost/127.0.0.1:52762] for GET '/session/392b9320339bfb64f7dd45118b4c5b69/element/ec9c381a-3d79-4d8b-a901-b66905bbeaaf/enabled'
16:09:15.467 [AsyncHttpClient-1-4] DEBUG org.asynchttpclient.netty.handler.HttpHandler - 

Request DefaultFullHttpRequest(decodeResult: success, version: HTTP/1.1, content: EmptyByteBufBE)
GET /session/392b9320339bfb64f7dd45118b4c5b69/element/ec9c381a-3d79-4d8b-a901-b66905bbeaaf/enabled HTTP/1.1
User-Agent: selenium/4.1.2 (java windows)
Cache-Control: no-cache
Content-Type: application/json; charset=utf-8
host: localhost:52762
accept: */*

Response DefaultHttpResponse(decodeResult: success, version: HTTP/1.1)
HTTP/1.1 200 OK
Content-Type: application/json; charset=utf-8
cache-control: no-cache
content-length: 14

16:09:15.468 [AsyncHttpClient-1-4] DEBUG org.asynchttpclient.netty.channel.ChannelManager - Adding key: http://localhost:52762 for channel [id: 0x0feda245, L:/127.0.0.1:60312 - R:localhost/127.0.0.1:52762]
16:09:15.474 [Forwarding findElement on session 392b9320339bfb64f7dd45118b4c5b69 to remote] DEBUG org.asynchttpclient.netty.request.NettyRequestSender - Using pooled Channel '[id: 0x0feda245, L:/127.0.0.1:60312 - R:localhost/127.0.0.1:52762]' for 'POST' to 'http://localhost:52762/session/392b9320339bfb64f7dd45118b4c5b69/element'
16:09:15.474 [Forwarding findElement on session 392b9320339bfb64f7dd45118b4c5b69 to remote] DEBUG org.asynchttpclient.netty.request.NettyRequestSender - Using open Channel [id: 0x0feda245, L:/127.0.0.1:60312 - R:localhost/127.0.0.1:52762] for POST '/session/392b9320339bfb64f7dd45118b4c5b69/element'
16:09:15.499 [AsyncHttpClient-1-4] DEBUG org.asynchttpclient.netty.handler.HttpHandler - 

Request DefaultHttpRequest(decodeResult: success, version: HTTP/1.1)
POST /session/392b9320339bfb64f7dd45118b4c5b69/element HTTP/1.1
User-Agent: selenium/4.1.2 (java windows)
Content-Length: 136
Content-Type: application/json; charset=utf-8
host: localhost:52762
accept: */*

Response DefaultHttpResponse(decodeResult: success, version: HTTP/1.1)
HTTP/1.1 200 OK
Content-Type: application/json; charset=utf-8
cache-control: no-cache
content-length: 88

16:09:15.499 [AsyncHttpClient-1-4] DEBUG org.asynchttpclient.netty.channel.ChannelManager - Adding key: http://localhost:52762 for channel [id: 0x0feda245, L:/127.0.0.1:60312 - R:localhost/127.0.0.1:52762]
16:09:15.501 [Forwarding clickElement on session 392b9320339bfb64f7dd45118b4c5b69 to remote] DEBUG org.asynchttpclient.netty.request.NettyRequestSender - Using pooled Channel '[id: 0x0feda245, L:/127.0.0.1:60312 - R:localhost/127.0.0.1:52762]' for 'POST' to 'http://localhost:52762/session/392b9320339bfb64f7dd45118b4c5b69/element/ec9c381a-3d79-4d8b-a901-b66905bbeaaf/click'
16:09:15.502 [Forwarding clickElement on session 392b9320339bfb64f7dd45118b4c5b69 to remote] DEBUG org.asynchttpclient.netty.request.NettyRequestSender - Using open Channel [id: 0x0feda245, L:/127.0.0.1:60312 - R:localhost/127.0.0.1:52762] for POST '/session/392b9320339bfb64f7dd45118b4c5b69/element/ec9c381a-3d79-4d8b-a901-b66905bbeaaf/click'
16:09:15.698 [AsyncHttpClient-1-1] DEBUG org.asynchttpclient.netty.channel.DefaultChannelPool - Entry count for : http://localhost:60313 : 1
16:09:16.115 [AsyncHttpClient-1-4] DEBUG org.asynchttpclient.netty.handler.HttpHandler - 

Request DefaultHttpRequest(decodeResult: success, version: HTTP/1.1)
POST /session/392b9320339bfb64f7dd45118b4c5b69/element/ec9c381a-3d79-4d8b-a901-b66905bbeaaf/click HTTP/1.1
User-Agent: selenium/4.1.2 (java windows)
Content-Length: 50
Content-Type: application/json; charset=utf-8
host: localhost:52762
accept: */*

Response DefaultHttpResponse(decodeResult: success, version: HTTP/1.1)
HTTP/1.1 200 OK
Content-Type: application/json; charset=utf-8
cache-control: no-cache
content-length: 14

16:09:16.115 [AsyncHttpClient-1-4] DEBUG org.asynchttpclient.netty.channel.ChannelManager - Adding key: http://localhost:52762 for channel [id: 0x0feda245, L:/127.0.0.1:60312 - R:localhost/127.0.0.1:52762]
16:09:16.126 [Forwarding screenshot on session 392b9320339bfb64f7dd45118b4c5b69 to remote] DEBUG org.asynchttpclient.netty.request.NettyRequestSender - Using pooled Channel '[id: 0x0feda245, L:/127.0.0.1:60312 - R:localhost/127.0.0.1:52762]' for 'GET' to 'http://localhost:52762/session/392b9320339bfb64f7dd45118b4c5b69/screenshot'
16:09:16.126 [Forwarding screenshot on session 392b9320339bfb64f7dd45118b4c5b69 to remote] DEBUG org.asynchttpclient.netty.request.NettyRequestSender - Using open Channel [id: 0x0feda245, L:/127.0.0.1:60312 - R:localhost/127.0.0.1:52762] for GET '/session/392b9320339bfb64f7dd45118b4c5b69/screenshot'
16:09:17.052 [AsyncHttpClient-1-1] DEBUG org.asynchttpclient.netty.channel.DefaultChannelPool - Entry count for : http://localhost:60313 : 1
16:09:17.703 [AsyncHttpClient-1-4] DEBUG org.asynchttpclient.netty.handler.HttpHandler - 

Request DefaultFullHttpRequest(decodeResult: success, version: HTTP/1.1, content: EmptyByteBufBE)
GET /session/392b9320339bfb64f7dd45118b4c5b69/screenshot HTTP/1.1
User-Agent: selenium/4.1.2 (java windows)
Cache-Control: no-cache
Content-Type: application/json; charset=utf-8
host: localhost:52762
accept: */*

Response DefaultHttpResponse(decodeResult: success, version: HTTP/1.1)
HTTP/1.1 200 OK
Content-Type: application/json; charset=utf-8
cache-control: no-cache
content-length: 28792

16:09:17.706 [AsyncHttpClient-1-4] DEBUG org.asynchttpclient.netty.channel.ChannelManager - Adding key: http://localhost:52762 for channel [id: 0x0feda245, L:/127.0.0.1:60312 - R:localhost/127.0.0.1:52762]
16:09:17.716 [main] DEBUG net.serenitybdd.core.photography.Darkroom - Send negative for processing for target\site\serenity\61c7080f6213a566dcfcb1c68d61e41264e11ee758fb965630b42d11a2e9817d.png
16:09:17.716 [main] DEBUG net.thucydides.core.steps.StepInterceptor - STEP DONE: clickLoginButton
  &amp#27;[32mGiven &amp#27;[0m&amp#27;[32mI am on product page&amp#27;[0m                   &amp#27;[90m# starter.stepdefinitions.ProductSteps.iAmOnProductPage()&amp#27;[0m
16:09:17.746 [main] DEBUG net.thucydides.core.steps.StepInterceptor - STARTING STEP: ProductSteps.iClickBuyButtonOnTensiDarahElektrik - clickFirstProduct
16:09:17.751 [Darkroom Processing Line] DEBUG net.serenitybdd.core.photography.DarkroomProcessingLine - Processing screenshot image in /var/screenshots/screenshot-564742118355725806
16:09:17.751 [Darkroom Processing Line] DEBUG net.serenitybdd.core.photography.DarkroomProcessingLine - Saving screenshot to target\site\serenity\61c7080f6213a566dcfcb1c68d61e41264e11ee758fb965630b42d11a2e9817d.png
16:09:17.857 [Forwarding findElement on session 392b9320339bfb64f7dd45118b4c5b69 to remote] DEBUG org.asynchttpclient.netty.request.NettyRequestSender - Using pooled Channel '[id: 0x0feda245, L:/127.0.0.1:60312 - R:localhost/127.0.0.1:52762]' for 'POST' to 'http://localhost:52762/session/392b9320339bfb64f7dd45118b4c5b69/element'
16:09:17.857 [Forwarding findElement on session 392b9320339bfb64f7dd45118b4c5b69 to remote] DEBUG org.asynchttpclient.netty.request.NettyRequestSender - Using open Channel [id: 0x0feda245, L:/127.0.0.1:60312 - R:localhost/127.0.0.1:52762] for POST '/session/392b9320339bfb64f7dd45118b4c5b69/element'
16:09:18.191 [AsyncHttpClient-1-1] DEBUG org.asynchttpclient.netty.channel.DefaultChannelPool - Entry count for : http://localhost:60313 : 1
16:09:19.372 [AsyncHttpClient-1-1] DEBUG org.asynchttpclient.netty.channel.DefaultChannelPool - Entry count for : http://localhost:60313 : 1
16:09:20.456 [AsyncHttpClient-1-1] DEBUG org.asynchttpclient.netty.channel.DefaultChannelPool - Entry count for : http://localhost:60313 : 1
16:09:21.639 [AsyncHttpClient-1-1] DEBUG org.asynchttpclient.netty.channel.DefaultChannelPool - Entry count for : http://localhost:60313 : 1
16:09:22.753 [AsyncHttpClient-1-1] DEBUG org.asynchttpclient.netty.channel.DefaultChannelPool - Entry count for : http://localhost:60313 : 1
16:09:23.853 [AsyncHttpClient-1-1] DEBUG org.asynchttpclient.netty.channel.DefaultChannelPool - Entry count for : http://localhost:60313 : 1
16:09:24.951 [AsyncHttpClient-1-1] DEBUG org.asynchttpclient.netty.channel.DefaultChannelPool - Entry count for : http://localhost:60313 : 1
16:09:26.048 [AsyncHttpClient-1-1] DEBUG org.asynchttpclient.netty.channel.DefaultChannelPool - Entry count for : http://localhost:60313 : 1
16:09:27.199 [AsyncHttpClient-1-1] DEBUG org.asynchttpclient.netty.channel.DefaultChannelPool - Entry count for : http://localhost:60313 : 1
16:09:28.246 [AsyncHttpClient-1-1] DEBUG org.asynchttpclient.netty.channel.DefaultChannelPool - Entry count for : http://localhost:60313 : 1
16:09:29.458 [AsyncHttpClient-1-1] DEBUG org.asynchttpclient.netty.channel.DefaultChannelPool - Entry count for : http://localhost:60313 : 1
16:09:30.610 [AsyncHttpClient-1-1] DEBUG org.asynchttpclient.netty.channel.DefaultChannelPool - Entry count for : http://localhost:60313 : 1
16:09:31.641 [AsyncHttpClient-1-1] DEBUG org.asynchttpclient.netty.channel.DefaultChannelPool - Entry count for : http://localhost:60313 : 1
16:09:32.787 [AsyncHttpClient-1-1] DEBUG org.asynchttpclient.netty.channel.DefaultChannelPool - Entry count for : http://localhost:60313 : 1
16:09:33.155 [AsyncHttpClient-1-4] DEBUG org.asynchttpclient.netty.handler.HttpHandler - 

Request DefaultHttpRequest(decodeResult: success, version: HTTP/1.1)
POST /session/392b9320339bfb64f7dd45118b4c5b69/element HTTP/1.1
User-Agent: selenium/4.1.2 (java windows)
Content-Length: 122
Content-Type: application/json; charset=utf-8
host: localhost:52762
accept: */*

Response DefaultHttpResponse(decodeResult: success, version: HTTP/1.1)
HTTP/1.1 200 OK
Content-Type: application/json; charset=utf-8
cache-control: no-cache
content-length: 88

16:09:33.155 [AsyncHttpClient-1-4] DEBUG org.asynchttpclient.netty.channel.ChannelManager - Adding key: http://localhost:52762 for channel [id: 0x0feda245, L:/127.0.0.1:60312 - R:localhost/127.0.0.1:52762]
16:09:33.158 [Forwarding getElementTagName on session 392b9320339bfb64f7dd45118b4c5b69 to remote] DEBUG org.asynchttpclient.netty.request.NettyRequestSender - Using pooled Channel '[id: 0x0feda245, L:/127.0.0.1:60312 - R:localhost/127.0.0.1:52762]' for 'GET' to 'http://localhost:52762/session/392b9320339bfb64f7dd45118b4c5b69/element/d2a33c2e-7c1c-4d04-9e15-7a42fb5f7f28/name'
16:09:33.158 [Forwarding getElementTagName on session 392b9320339bfb64f7dd45118b4c5b69 to remote] DEBUG org.asynchttpclient.netty.request.NettyRequestSender - Using open Channel [id: 0x0feda245, L:/127.0.0.1:60312 - R:localhost/127.0.0.1:52762] for GET '/session/392b9320339bfb64f7dd45118b4c5b69/element/d2a33c2e-7c1c-4d04-9e15-7a42fb5f7f28/name'
16:09:33.166 [AsyncHttpClient-1-4] DEBUG org.asynchttpclient.netty.handler.HttpHandler - 

Request DefaultFullHttpRequest(decodeResult: success, version: HTTP/1.1, content: EmptyByteBufBE)
GET /session/392b9320339bfb64f7dd45118b4c5b69/element/d2a33c2e-7c1c-4d04-9e15-7a42fb5f7f28/name HTTP/1.1
User-Agent: selenium/4.1.2 (java windows)
Cache-Control: no-cache
Content-Type: application/json; charset=utf-8
host: localhost:52762
accept: */*

Response DefaultHttpResponse(decodeResult: success, version: HTTP/1.1)
HTTP/1.1 200 OK
Content-Type: application/json; charset=utf-8
cache-control: no-cache
content-length: 16

16:09:33.167 [AsyncHttpClient-1-4] DEBUG org.asynchttpclient.netty.channel.ChannelManager - Adding key: http://localhost:52762 for channel [id: 0x0feda245, L:/127.0.0.1:60312 - R:localhost/127.0.0.1:52762]
16:09:33.168 [Forwarding getElementTagName on session 392b9320339bfb64f7dd45118b4c5b69 to remote] DEBUG org.asynchttpclient.netty.request.NettyRequestSender - Using pooled Channel '[id: 0x0feda245, L:/127.0.0.1:60312 - R:localhost/127.0.0.1:52762]' for 'GET' to 'http://localhost:52762/session/392b9320339bfb64f7dd45118b4c5b69/element/d2a33c2e-7c1c-4d04-9e15-7a42fb5f7f28/name'
16:09:33.169 [Forwarding getElementTagName on session 392b9320339bfb64f7dd45118b4c5b69 to remote] DEBUG org.asynchttpclient.netty.request.NettyRequestSender - Using open Channel [id: 0x0feda245, L:/127.0.0.1:60312 - R:localhost/127.0.0.1:52762] for GET '/session/392b9320339bfb64f7dd45118b4c5b69/element/d2a33c2e-7c1c-4d04-9e15-7a42fb5f7f28/name'
16:09:33.174 [AsyncHttpClient-1-4] DEBUG org.asynchttpclient.netty.handler.HttpHandler - 

Request DefaultFullHttpRequest(decodeResult: success, version: HTTP/1.1, content: EmptyByteBufBE)
GET /session/392b9320339bfb64f7dd45118b4c5b69/element/d2a33c2e-7c1c-4d04-9e15-7a42fb5f7f28/name HTTP/1.1
User-Agent: selenium/4.1.2 (java windows)
Cache-Control: no-cache
Content-Type: application/json; charset=utf-8
host: localhost:52762
accept: */*

Response DefaultHttpResponse(decodeResult: success, version: HTTP/1.1)
HTTP/1.1 200 OK
Content-Type: application/json; charset=utf-8
cache-control: no-cache
content-length: 16

16:09:33.175 [AsyncHttpClient-1-4] DEBUG org.asynchttpclient.netty.channel.ChannelManager - Adding key: http://localhost:52762 for channel [id: 0x0feda245, L:/127.0.0.1:60312 - R:localhost/127.0.0.1:52762]
16:09:33.178 [Forwarding findElement on session 392b9320339bfb64f7dd45118b4c5b69 to remote] DEBUG org.asynchttpclient.netty.request.NettyRequestSender - Using pooled Channel '[id: 0x0feda245, L:/127.0.0.1:60312 - R:localhost/127.0.0.1:52762]' for 'POST' to 'http://localhost:52762/session/392b9320339bfb64f7dd45118b4c5b69/element'
16:09:33.178 [Forwarding findElement on session 392b9320339bfb64f7dd45118b4c5b69 to remote] DEBUG org.asynchttpclient.netty.request.NettyRequestSender - Using open Channel [id: 0x0feda245, L:/127.0.0.1:60312 - R:localhost/127.0.0.1:52762] for POST '/session/392b9320339bfb64f7dd45118b4c5b69/element'
16:09:33.202 [AsyncHttpClient-1-4] DEBUG org.asynchttpclient.netty.handler.HttpHandler - 

Request DefaultHttpRequest(decodeResult: success, version: HTTP/1.1)
POST /session/392b9320339bfb64f7dd45118b4c5b69/element HTTP/1.1
User-Agent: selenium/4.1.2 (java windows)
Content-Length: 122
Content-Type: application/json; charset=utf-8
host: localhost:52762
accept: */*

Response DefaultHttpResponse(decodeResult: success, version: HTTP/1.1)
HTTP/1.1 200 OK
Content-Type: application/json; charset=utf-8
cache-control: no-cache
content-length: 88

16:09:33.202 [AsyncHttpClient-1-4] DEBUG org.asynchttpclient.netty.channel.ChannelManager - Adding key: http://localhost:52762 for channel [id: 0x0feda245, L:/127.0.0.1:60312 - R:localhost/127.0.0.1:52762]
16:09:33.205 [Forwarding clickElement on session 392b9320339bfb64f7dd45118b4c5b69 to remote] DEBUG org.asynchttpclient.netty.request.NettyRequestSender - Using pooled Channel '[id: 0x0feda245, L:/127.0.0.1:60312 - R:localhost/127.0.0.1:52762]' for 'POST' to 'http://localhost:52762/session/392b9320339bfb64f7dd45118b4c5b69/element/d2a33c2e-7c1c-4d04-9e15-7a42fb5f7f28/click'
16:09:33.205 [Forwarding clickElement on session 392b9320339bfb64f7dd45118b4c5b69 to remote] DEBUG org.asynchttpclient.netty.request.NettyRequestSender - Using open Channel [id: 0x0feda245, L:/127.0.0.1:60312 - R:localhost/127.0.0.1:52762] for POST '/session/392b9320339bfb64f7dd45118b4c5b69/element/d2a33c2e-7c1c-4d04-9e15-7a42fb5f7f28/click'
16:09:33.331 [AsyncHttpClient-1-4] DEBUG org.asynchttpclient.netty.handler.HttpHandler - 

Request DefaultHttpRequest(decodeResult: success, version: HTTP/1.1)
POST /session/392b9320339bfb64f7dd45118b4c5b69/element/d2a33c2e-7c1c-4d04-9e15-7a42fb5f7f28/click HTTP/1.1
User-Agent: selenium/4.1.2 (java windows)
Content-Length: 50
Content-Type: application/json; charset=utf-8
host: localhost:52762
accept: */*

Response DefaultHttpResponse(decodeResult: success, version: HTTP/1.1)
HTTP/1.1 200 OK
Content-Type: application/json; charset=utf-8
cache-control: no-cache
content-length: 14

16:09:33.331 [AsyncHttpClient-1-4] DEBUG org.asynchttpclient.netty.channel.ChannelManager - Adding key: http://localhost:52762 for channel [id: 0x0feda245, L:/127.0.0.1:60312 - R:localhost/127.0.0.1:52762]
16:09:33.349 [Forwarding screenshot on session 392b9320339bfb64f7dd45118b4c5b69 to remote] DEBUG org.asynchttpclient.netty.request.NettyRequestSender - Using pooled Channel '[id: 0x0feda245, L:/127.0.0.1:60312 - R:localhost/127.0.0.1:52762]' for 'GET' to 'http://localhost:52762/session/392b9320339bfb64f7dd45118b4c5b69/screenshot'
16:09:33.350 [Forwarding screenshot on session 392b9320339bfb64f7dd45118b4c5b69 to remote] DEBUG org.asynchttpclient.netty.request.NettyRequestSender - Using open Channel [id: 0x0feda245, L:/127.0.0.1:60312 - R:localhost/127.0.0.1:52762] for GET '/session/392b9320339bfb64f7dd45118b4c5b69/screenshot'
16:09:33.624 [AsyncHttpClient-1-4] DEBUG org.asynchttpclient.netty.handler.HttpHandler - 

Request DefaultFullHttpRequest(decodeResult: success, version: HTTP/1.1, content: EmptyByteBufBE)
GET /session/392b9320339bfb64f7dd45118b4c5b69/screenshot HTTP/1.1
User-Agent: selenium/4.1.2 (java windows)
Cache-Control: no-cache
Content-Type: application/json; charset=utf-8
host: localhost:52762
accept: */*

Response DefaultHttpResponse(decodeResult: success, version: HTTP/1.1)
HTTP/1.1 200 OK
Content-Type: application/json; charset=utf-8
cache-control: no-cache
content-length: 90500

16:09:33.625 [AsyncHttpClient-1-4] DEBUG org.asynchttpclient.netty.channel.ChannelManager - Adding key: http://localhost:52762 for channel [id: 0x0feda245, L:/127.0.0.1:60312 - R:localhost/127.0.0.1:52762]
16:09:33.635 [main] DEBUG net.serenitybdd.core.photography.Darkroom - Send negative for processing for target\site\serenity\a11e7d3d0b8255065e5fa6e94a3c6ee30190e1aa75463313ec8a7a7795e8baa7.png
16:09:33.635 [main] DEBUG net.thucydides.core.steps.StepInterceptor - STEP DONE: clickFirstProduct
  &amp#27;[32mWhen &amp#27;[0m&amp#27;[32mI click buy button on first product&amp#27;[0m     &amp#27;[90m# starter.stepdefinitions.ProductSteps.iClickBuyButtonOnTensiDarahElektrik()&amp#27;[0m
16:09:33.638 [Darkroom Processing Line] DEBUG net.serenitybdd.core.photography.DarkroomProcessingLine - Processing screenshot image in /var/screenshots/screenshot-18177627329978715639
16:09:33.640 [Darkroom Processing Line] DEBUG net.serenitybdd.core.photography.DarkroomProcessingLine - Saving screenshot to target\site\serenity\a11e7d3d0b8255065e5fa6e94a3c6ee30190e1aa75463313ec8a7a7795e8baa7.png
16:09:33.699 [Forwarding screenshot on session 392b9320339bfb64f7dd45118b4c5b69 to remote] DEBUG org.asynchttpclient.netty.request.NettyRequestSender - Using pooled Channel '[id: 0x0feda245, L:/127.0.0.1:60312 - R:localhost/127.0.0.1:52762]' for 'GET' to 'http://localhost:52762/session/392b9320339bfb64f7dd45118b4c5b69/screenshot'
16:09:33.699 [Forwarding screenshot on session 392b9320339bfb64f7dd45118b4c5b69 to remote] DEBUG org.asynchttpclient.netty.request.NettyRequestSender - Using open Channel [id: 0x0feda245, L:/127.0.0.1:60312 - R:localhost/127.0.0.1:52762] for GET '/session/392b9320339bfb64f7dd45118b4c5b69/screenshot'
16:09:33.842 [AsyncHttpClient-1-1] DEBUG org.asynchttpclient.netty.channel.DefaultChannelPool - Entry count for : http://localhost:60313 : 1
16:09:34.007 [AsyncHttpClient-1-4] DEBUG org.asynchttpclient.netty.handler.HttpHandler - 

Request DefaultFullHttpRequest(decodeResult: success, version: HTTP/1.1, content: EmptyByteBufBE)
GET /session/392b9320339bfb64f7dd45118b4c5b69/screenshot HTTP/1.1
User-Agent: selenium/4.1.2 (java windows)
Cache-Control: no-cache
Content-Type: application/json; charset=utf-8
host: localhost:52762
accept: */*

Response DefaultHttpResponse(decodeResult: success, version: HTTP/1.1)
HTTP/1.1 200 OK
Content-Type: application/json; charset=utf-8
cache-control: no-cache
content-length: 89504

16:09:34.008 [AsyncHttpClient-1-4] DEBUG org.asynchttpclient.netty.channel.ChannelManager - Adding key: http://localhost:52762 for channel [id: 0x0feda245, L:/127.0.0.1:60312 - R:localhost/127.0.0.1:52762]
16:09:34.013 [main] DEBUG net.serenitybdd.core.photography.Darkroom - Send negative for processing for target\site\serenity\b822bf62f85323ee3976ccb1ae46b459644787b51be25d426a13e183ca978ebd.png
16:09:34.013 [main] DEBUG net.thucydides.core.steps.StepInterceptor - STARTING STEP: ProductSteps.tensiDarahElektrikAddedToMyShoppingCart - clickShoppingCart
16:09:34.017 [Forwarding findElement on session 392b9320339bfb64f7dd45118b4c5b69 to remote] DEBUG org.asynchttpclient.netty.request.NettyRequestSender - Using pooled Channel '[id: 0x0feda245, L:/127.0.0.1:60312 - R:localhost/127.0.0.1:52762]' for 'POST' to 'http://localhost:52762/session/392b9320339bfb64f7dd45118b4c5b69/element'
16:09:34.017 [Forwarding findElement on session 392b9320339bfb64f7dd45118b4c5b69 to remote] DEBUG org.asynchttpclient.netty.request.NettyRequestSender - Using open Channel [id: 0x0feda245, L:/127.0.0.1:60312 - R:localhost/127.0.0.1:52762] for POST '/session/392b9320339bfb64f7dd45118b4c5b69/element'
16:09:34.045 [AsyncHttpClient-1-4] DEBUG org.asynchttpclient.netty.handler.HttpHandler - 

Request DefaultHttpRequest(decodeResult: success, version: HTTP/1.1)
POST /session/392b9320339bfb64f7dd45118b4c5b69/element HTTP/1.1
User-Agent: selenium/4.1.2 (java windows)
Content-Length: 213
Content-Type: application/json; charset=utf-8
host: localhost:52762
accept: */*

Response DefaultHttpResponse(decodeResult: success, version: HTTP/1.1)
HTTP/1.1 200 OK
Content-Type: application/json; charset=utf-8
cache-control: no-cache
content-length: 88

16:09:34.045 [AsyncHttpClient-1-4] DEBUG org.asynchttpclient.netty.channel.ChannelManager - Adding key: http://localhost:52762 for channel [id: 0x0feda245, L:/127.0.0.1:60312 - R:localhost/127.0.0.1:52762]
16:09:34.047 [Forwarding getElementTagName on session 392b9320339bfb64f7dd45118b4c5b69 to remote] DEBUG org.asynchttpclient.netty.request.NettyRequestSender - Using pooled Channel '[id: 0x0feda245, L:/127.0.0.1:60312 - R:localhost/127.0.0.1:52762]' for 'GET' to 'http://localhost:52762/session/392b9320339bfb64f7dd45118b4c5b69/element/1bebf67c-bbfe-4009-a7b9-9a0daba25d19/name'
16:09:34.047 [Forwarding getElementTagName on session 392b9320339bfb64f7dd45118b4c5b69 to remote] DEBUG org.asynchttpclient.netty.request.NettyRequestSender - Using open Channel [id: 0x0feda245, L:/127.0.0.1:60312 - R:localhost/127.0.0.1:52762] for GET '/session/392b9320339bfb64f7dd45118b4c5b69/element/1bebf67c-bbfe-4009-a7b9-9a0daba25d19/name'
16:09:34.053 [AsyncHttpClient-1-4] DEBUG org.asynchttpclient.netty.handler.HttpHandler - 

Request DefaultFullHttpRequest(decodeResult: success, version: HTTP/1.1, content: EmptyByteBufBE)
GET /session/392b9320339bfb64f7dd45118b4c5b69/element/1bebf67c-bbfe-4009-a7b9-9a0daba25d19/name HTTP/1.1
User-Agent: selenium/4.1.2 (java windows)
Cache-Control: no-cache
Content-Type: application/json; charset=utf-8
host: localhost:52762
accept: */*

Response DefaultHttpResponse(decodeResult: success, version: HTTP/1.1)
HTTP/1.1 200 OK
Content-Type: application/json; charset=utf-8
cache-control: no-cache
content-length: 16

16:09:34.054 [AsyncHttpClient-1-4] DEBUG org.asynchttpclient.netty.channel.ChannelManager - Adding key: http://localhost:52762 for channel [id: 0x0feda245, L:/127.0.0.1:60312 - R:localhost/127.0.0.1:52762]
16:09:34.056 [Forwarding getElementTagName on session 392b9320339bfb64f7dd45118b4c5b69 to remote] DEBUG org.asynchttpclient.netty.request.NettyRequestSender - Using pooled Channel '[id: 0x0feda245, L:/127.0.0.1:60312 - R:localhost/127.0.0.1:52762]' for 'GET' to 'http://localhost:52762/session/392b9320339bfb64f7dd45118b4c5b69/element/1bebf67c-bbfe-4009-a7b9-9a0daba25d19/name'
16:09:34.056 [Forwarding getElementTagName on session 392b9320339bfb64f7dd45118b4c5b69 to remote] DEBUG org.asynchttpclient.netty.request.NettyRequestSender - Using open Channel [id: 0x0feda245, L:/127.0.0.1:60312 - R:localhost/127.0.0.1:52762] for GET '/session/392b9320339bfb64f7dd45118b4c5b69/element/1bebf67c-bbfe-4009-a7b9-9a0daba25d19/name'
16:09:34.062 [AsyncHttpClient-1-4] DEBUG org.asynchttpclient.netty.handler.HttpHandler - 

Request DefaultFullHttpRequest(decodeResult: success, version: HTTP/1.1, content: EmptyByteBufBE)
GET /session/392b9320339bfb64f7dd45118b4c5b69/element/1bebf67c-bbfe-4009-a7b9-9a0daba25d19/name HTTP/1.1
User-Agent: selenium/4.1.2 (java windows)
Cache-Control: no-cache
Content-Type: application/json; charset=utf-8
host: localhost:52762
accept: */*

Response DefaultHttpResponse(decodeResult: success, version: HTTP/1.1)
HTTP/1.1 200 OK
Content-Type: application/json; charset=utf-8
cache-control: no-cache
content-length: 16

16:09:34.063 [AsyncHttpClient-1-4] DEBUG org.asynchttpclient.netty.channel.ChannelManager - Adding key: http://localhost:52762 for channel [id: 0x0feda245, L:/127.0.0.1:60312 - R:localhost/127.0.0.1:52762]
16:09:34.065 [Forwarding findElement on session 392b9320339bfb64f7dd45118b4c5b69 to remote] DEBUG org.asynchttpclient.netty.request.NettyRequestSender - Using pooled Channel '[id: 0x0feda245, L:/127.0.0.1:60312 - R:localhost/127.0.0.1:52762]' for 'POST' to 'http://localhost:52762/session/392b9320339bfb64f7dd45118b4c5b69/element'
16:09:34.066 [Forwarding findElement on session 392b9320339bfb64f7dd45118b4c5b69 to remote] DEBUG org.asynchttpclient.netty.request.NettyRequestSender - Using open Channel [id: 0x0feda245, L:/127.0.0.1:60312 - R:localhost/127.0.0.1:52762] for POST '/session/392b9320339bfb64f7dd45118b4c5b69/element'
16:09:34.084 [AsyncHttpClient-1-4] DEBUG org.asynchttpclient.netty.handler.HttpHandler - 

Request DefaultHttpRequest(decodeResult: success, version: HTTP/1.1)
POST /session/392b9320339bfb64f7dd45118b4c5b69/element HTTP/1.1
User-Agent: selenium/4.1.2 (java windows)
Content-Length: 213
Content-Type: application/json; charset=utf-8
host: localhost:52762
accept: */*

Response DefaultHttpResponse(decodeResult: success, version: HTTP/1.1)
HTTP/1.1 200 OK
Content-Type: application/json; charset=utf-8
cache-control: no-cache
content-length: 88

16:09:34.084 [AsyncHttpClient-1-4] DEBUG org.asynchttpclient.netty.channel.ChannelManager - Adding key: http://localhost:52762 for channel [id: 0x0feda245, L:/127.0.0.1:60312 - R:localhost/127.0.0.1:52762]
16:09:34.086 [Forwarding clickElement on session 392b9320339bfb64f7dd45118b4c5b69 to remote] DEBUG org.asynchttpclient.netty.request.NettyRequestSender - Using pooled Channel '[id: 0x0feda245, L:/127.0.0.1:60312 - R:localhost/127.0.0.1:52762]' for 'POST' to 'http://localhost:52762/session/392b9320339bfb64f7dd45118b4c5b69/element/1bebf67c-bbfe-4009-a7b9-9a0daba25d19/click'
16:09:34.086 [Forwarding clickElement on session 392b9320339bfb64f7dd45118b4c5b69 to remote] DEBUG org.asynchttpclient.netty.request.NettyRequestSender - Using open Channel [id: 0x0feda245, L:/127.0.0.1:60312 - R:localhost/127.0.0.1:52762] for POST '/session/392b9320339bfb64f7dd45118b4c5b69/element/1bebf67c-bbfe-4009-a7b9-9a0daba25d19/click'
16:09:34.191 [AsyncHttpClient-1-4] DEBUG org.asynchttpclient.netty.handler.HttpHandler - 

Request DefaultHttpRequest(decodeResult: success, version: HTTP/1.1)
POST /session/392b9320339bfb64f7dd45118b4c5b69/element/1bebf67c-bbfe-4009-a7b9-9a0daba25d19/click HTTP/1.1
User-Agent: selenium/4.1.2 (java windows)
Content-Length: 50
Content-Type: application/json; charset=utf-8
host: localhost:52762
accept: */*

Response DefaultHttpResponse(decodeResult: success, version: HTTP/1.1)
HTTP/1.1 200 OK
Content-Type: application/json; charset=utf-8
cache-control: no-cache
content-length: 14

16:09:34.192 [AsyncHttpClient-1-4] DEBUG org.asynchttpclient.netty.channel.ChannelManager - Adding key: http://localhost:52762 for channel [id: 0x0feda245, L:/127.0.0.1:60312 - R:localhost/127.0.0.1:52762]
16:09:34.234 [Forwarding screenshot on session 392b9320339bfb64f7dd45118b4c5b69 to remote] DEBUG org.asynchttpclient.netty.request.NettyRequestSender - Using pooled Channel '[id: 0x0feda245, L:/127.0.0.1:60312 - R:localhost/127.0.0.1:52762]' for 'GET' to 'http://localhost:52762/session/392b9320339bfb64f7dd45118b4c5b69/screenshot'
16:09:34.234 [Forwarding screenshot on session 392b9320339bfb64f7dd45118b4c5b69 to remote] DEBUG org.asynchttpclient.netty.request.NettyRequestSender - Using open Channel [id: 0x0feda245, L:/127.0.0.1:60312 - R:localhost/127.0.0.1:52762] for GET '/session/392b9320339bfb64f7dd45118b4c5b69/screenshot'
16:09:34.725 [AsyncHttpClient-1-4] DEBUG org.asynchttpclient.netty.handler.HttpHandler - 

Request DefaultFullHttpRequest(decodeResult: success, version: HTTP/1.1, content: EmptyByteBufBE)
GET /session/392b9320339bfb64f7dd45118b4c5b69/screenshot HTTP/1.1
User-Agent: selenium/4.1.2 (java windows)
Cache-Control: no-cache
Content-Type: application/json; charset=utf-8
host: localhost:52762
accept: */*

Response DefaultHttpResponse(decodeResult: success, version: HTTP/1.1)
HTTP/1.1 200 OK
Content-Type: application/json; charset=utf-8
cache-control: no-cache
content-length: 33072

16:09:34.726 [AsyncHttpClient-1-4] DEBUG org.asynchttpclient.netty.channel.ChannelManager - Adding key: http://localhost:52762 for channel [id: 0x0feda245, L:/127.0.0.1:60312 - R:localhost/127.0.0.1:52762]
16:09:34.728 [main] DEBUG net.serenitybdd.core.photography.Darkroom - Send negative for processing for target\site\serenity\41c5718b9e8a70b6d31a923793f5e3afa11684dabf3bd9d2c5e50bb86867e1a4.png
16:09:34.729 [main] DEBUG net.thucydides.core.steps.StepInterceptor - STEP DONE: clickShoppingCart
16:09:34.737 [main] DEBUG net.thucydides.core.steps.StepInterceptor - STARTING STEP: ProductSteps.tensiDarahElektrikAddedToMyShoppingCart - verifyTotalBayar
16:09:34.740 [Forwarding findElement on session 392b9320339bfb64f7dd45118b4c5b69 to remote] DEBUG org.asynchttpclient.netty.request.NettyRequestSender - Using pooled Channel '[id: 0x0feda245, L:/127.0.0.1:60312 - R:localhost/127.0.0.1:52762]' for 'POST' to 'http://localhost:52762/session/392b9320339bfb64f7dd45118b4c5b69/element'
16:09:34.741 [Forwarding findElement on session 392b9320339bfb64f7dd45118b4c5b69 to remote] DEBUG org.asynchttpclient.netty.request.NettyRequestSender - Using open Channel [id: 0x0feda245, L:/127.0.0.1:60312 - R:localhost/127.0.0.1:52762] for POST '/session/392b9320339bfb64f7dd45118b4c5b69/element'
16:09:34.768 [AsyncHttpClient-1-4] DEBUG org.asynchttpclient.netty.handler.HttpHandler - 

Request DefaultHttpRequest(decodeResult: success, version: HTTP/1.1)
POST /session/392b9320339bfb64f7dd45118b4c5b69/element HTTP/1.1
User-Agent: selenium/4.1.2 (java windows)
Content-Length: 108
Content-Type: application/json; charset=utf-8
host: localhost:52762
accept: */*

Response DefaultHttpResponse(decodeResult: success, version: HTTP/1.1)
HTTP/1.1 200 OK
Content-Type: application/json; charset=utf-8
cache-control: no-cache
content-length: 88

16:09:34.768 [AsyncHttpClient-1-4] DEBUG org.asynchttpclient.netty.channel.ChannelManager - Adding key: http://localhost:52762 for channel [id: 0x0feda245, L:/127.0.0.1:60312 - R:localhost/127.0.0.1:52762]
16:09:34.776 [Forwarding isElementDisplayed on session 392b9320339bfb64f7dd45118b4c5b69 to remote] DEBUG org.asynchttpclient.netty.request.NettyRequestSender - Using pooled Channel '[id: 0x0feda245, L:/127.0.0.1:60312 - R:localhost/127.0.0.1:52762]' for 'POST' to 'http://localhost:52762/session/392b9320339bfb64f7dd45118b4c5b69/execute/sync'
16:09:34.776 [Forwarding isElementDisplayed on session 392b9320339bfb64f7dd45118b4c5b69 to remote] DEBUG org.asynchttpclient.netty.request.NettyRequestSender - Using open Channel [id: 0x0feda245, L:/127.0.0.1:60312 - R:localhost/127.0.0.1:52762] for POST '/session/392b9320339bfb64f7dd45118b4c5b69/execute/sync'
16:09:34.809 [AsyncHttpClient-1-4] DEBUG org.asynchttpclient.netty.handler.HttpHandler - 

Request DefaultHttpRequest(decodeResult: success, version: HTTP/1.1)
POST /session/392b9320339bfb64f7dd45118b4c5b69/execute/sync HTTP/1.1
User-Agent: selenium/4.1.2 (java windows)
Content-Length: 48780
Content-Type: application/json; charset=utf-8
host: localhost:52762
accept: */*

Response DefaultHttpResponse(decodeResult: success, version: HTTP/1.1)
HTTP/1.1 200 OK
Content-Type: application/json; charset=utf-8
cache-control: no-cache
content-length: 14

16:09:34.809 [AsyncHttpClient-1-4] DEBUG org.asynchttpclient.netty.channel.ChannelManager - Adding key: http://localhost:52762 for channel [id: 0x0feda245, L:/127.0.0.1:60312 - R:localhost/127.0.0.1:52762]
16:09:34.819 [Forwarding screenshot on session 392b9320339bfb64f7dd45118b4c5b69 to remote] DEBUG org.asynchttpclient.netty.request.NettyRequestSender - Using pooled Channel '[id: 0x0feda245, L:/127.0.0.1:60312 - R:localhost/127.0.0.1:52762]' for 'GET' to 'http://localhost:52762/session/392b9320339bfb64f7dd45118b4c5b69/screenshot'
16:09:34.819 [Forwarding screenshot on session 392b9320339bfb64f7dd45118b4c5b69 to remote] DEBUG org.asynchttpclient.netty.request.NettyRequestSender - Using open Channel [id: 0x0feda245, L:/127.0.0.1:60312 - R:localhost/127.0.0.1:52762] for GET '/session/392b9320339bfb64f7dd45118b4c5b69/screenshot'
16:09:34.936 [AsyncHttpClient-1-1] DEBUG org.asynchttpclient.netty.channel.DefaultChannelPool - Entry count for : http://localhost:60313 : 1
16:09:34.994 [AsyncHttpClient-1-4] DEBUG org.asynchttpclient.netty.handler.HttpHandler - 

Request DefaultFullHttpRequest(decodeResult: success, version: HTTP/1.1, content: EmptyByteBufBE)
GET /session/392b9320339bfb64f7dd45118b4c5b69/screenshot HTTP/1.1
User-Agent: selenium/4.1.2 (java windows)
Cache-Control: no-cache
Content-Type: application/json; charset=utf-8
host: localhost:52762
accept: */*

Response DefaultHttpResponse(decodeResult: success, version: HTTP/1.1)
HTTP/1.1 200 OK
Content-Type: application/json; charset=utf-8
cache-control: no-cache
content-length: 33072

16:09:34.994 [AsyncHttpClient-1-4] DEBUG org.asynchttpclient.netty.channel.ChannelManager - Adding key: http://localhost:52762 for channel [id: 0x0feda245, L:/127.0.0.1:60312 - R:localhost/127.0.0.1:52762]
16:09:34.997 [main] DEBUG net.serenitybdd.core.photography.Darkroom - Send negative for processing for target\site\serenity\41c5718b9e8a70b6d31a923793f5e3afa11684dabf3bd9d2c5e50bb86867e1a4.png
16:09:34.997 [main] DEBUG net.thucydides.core.steps.StepInterceptor - STEP DONE: verifyTotalBayar
  &amp#27;[32mThen &amp#27;[0m&amp#27;[32mfirst product added to my shopping cart&amp#27;[0m &amp#27;[90m# starter.stepdefinitions.ProductSteps.tensiDarahElektrikAddedToMyShoppingCart()&amp#27;[0m
16:09:35.006 [main] INFO  - 
  _____   ___   ___   _____     ___     _     ___   ___   ___   ___  
 |_   _| | __| / __| |_   _|   | _ \   /_\   / __| / __| | __| |   \ 
   | |   | _|  \__ \   | |     |  _/  / _ \  \__ \ \__ \ | _|  | |) |
   |_|   |___| |___/   |_|     |_|   /_/ \_\ |___/ |___/ |___| |___/ 

Buy first product
----------------------------------------------------------------------
16:09:35.008 [AsyncHttpClient-1-2] DEBUG org.asynchttpclient.netty.handler.WebSocketHandler - Channel Closed: [id: 0xbe3637b2, L:/127.0.0.1:60320 ! R:localhost/127.0.0.1:60313] with attribute NettyResponseFuture{currentRetry=5,
	isDone=1,
	isCancelled=0,
	asyncHandler=org.asynchttpclient.ws.WebSocketUpgradeHandler@7a4c501,
	nettyRequest=org.asynchttpclient.netty.request.NettyRequest@3f6d0f0a,
	future=java.util.concurrent.CompletableFuture@499a042d[Completed normally],
	uri=ws://localhost:60313/devtools/browser/a9749f5f-4389-4cdf-b516-cb177dcd8c0e,
	keepAlive=true,
	redirectCount=0,
	timeoutsHolder=null,
	inAuth=0,
	touch=1652778550300}
16:09:35.008 [AsyncHttpClient-1-2] DEBUG org.asynchttpclient.netty.channel.ChannelManager - Closing Channel [id: 0xbe3637b2, L:/127.0.0.1:60320 ! R:localhost/127.0.0.1:60313] 
16:09:35.022 [Driver Command Executor] DEBUG org.asynchttpclient.netty.request.NettyRequestSender - Using pooled Channel '[id: 0x0feda245, L:/127.0.0.1:60312 - R:localhost/127.0.0.1:52762]' for 'DELETE' to 'http://localhost:52762/session/392b9320339bfb64f7dd45118b4c5b69'
16:09:35.023 [Driver Command Executor] DEBUG org.asynchttpclient.netty.request.NettyRequestSender - Using open Channel [id: 0x0feda245, L:/127.0.0.1:60312 - R:localhost/127.0.0.1:52762] for DELETE '/session/392b9320339bfb64f7dd45118b4c5b69'
16:09:35.550 [AsyncHttpClient-1-5] DEBUG org.asynchttpclient.netty.handler.HttpHandler - Unexpected I/O exception on channel [id: 0x61964780, L:/127.0.0.1:60319 - R:localhost/127.0.0.1:60313]
java.net.SocketException: Connection reset
	at java.base/sun.nio.ch.SocketChannelImpl.throwConnectionReset(SocketChannelImpl.java:367)
	at java.base/sun.nio.ch.SocketChannelImpl.read(SocketChannelImpl.java:398)
	at io.netty.buffer.PooledByteBuf.setBytes(PooledByteBuf.java:258)
	at io.netty.buffer.AbstractByteBuf.writeBytes(AbstractByteBuf.java:1132)
	at io.netty.channel.socket.nio.NioSocketChannel.doReadBytes(NioSocketChannel.java:350)
	at io.netty.channel.nio.AbstractNioByteChannel$NioByteUnsafe.read(AbstractNioByteChannel.java:151)
	at io.netty.channel.nio.NioEventLoop.processSelectedKey(NioEventLoop.java:722)
	at io.netty.channel.nio.NioEventLoop.processSelectedKeysOptimized(NioEventLoop.java:658)
	at io.netty.channel.nio.NioEventLoop.processSelectedKeys(NioEventLoop.java:584)
	at io.netty.channel.nio.NioEventLoop.run(NioEventLoop.java:496)
	at io.netty.util.concurrent.SingleThreadEventExecutor$4.run(SingleThreadEventExecutor.java:986)
	at io.netty.util.internal.ThreadExecutorMap$2.run(ThreadExecutorMap.java:74)
	at io.netty.util.concurrent.FastThreadLocalRunnable.run(FastThreadLocalRunnable.java:30)
	at java.base/java.lang.Thread.run(Thread.java:832)
16:09:35.550 [AsyncHttpClient-1-5] DEBUG org.asynchttpclient.netty.channel.ChannelManager - Closing Channel [id: 0x61964780, L:/127.0.0.1:60319 - R:localhost/127.0.0.1:60313] 
16:09:35.550 [AsyncHttpClient-1-5] DEBUG org.asynchttpclient.netty.handler.HttpHandler - Channel Closed: [id: 0x61964780, L:/127.0.0.1:60319 ! R:localhost/127.0.0.1:60313] with attribute DISCARD
16:09:35.678 [AsyncHttpClient-1-4] DEBUG org.asynchttpclient.netty.handler.HttpHandler - 

Request DefaultFullHttpRequest(decodeResult: success, version: HTTP/1.1, content: EmptyByteBufBE)
DELETE /session/392b9320339bfb64f7dd45118b4c5b69 HTTP/1.1
User-Agent: selenium/4.1.2 (java windows)
Content-Type: application/json; charset=utf-8
host: localhost:52762
accept: */*

Response DefaultHttpResponse(decodeResult: success, version: HTTP/1.1)
HTTP/1.1 200 OK
Content-Type: application/json; charset=utf-8
cache-control: no-cache
content-length: 14

16:09:35.678 [AsyncHttpClient-1-4] DEBUG org.asynchttpclient.netty.channel.ChannelManager - Adding key: http://localhost:52762 for channel [id: 0x0feda245, L:/127.0.0.1:60312 - R:localhost/127.0.0.1:52762]
16:09:36.042 [AsyncHttpClient-1-1] DEBUG org.asynchttpclient.netty.channel.DefaultChannelPool - Entry count for : http://localhost:52762 : 1
16:09:36.042 [AsyncHttpClient-1-1] DEBUG org.asynchttpclient.netty.channel.DefaultChannelPool - Entry count for : http://localhost:60313 : 1
16:09:36.043 [AsyncHttpClient-1-1] DEBUG org.asynchttpclient.netty.channel.DefaultChannelPool - Adding Candidate expired Channel [id: 0x61964780, L:/127.0.0.1:60319 ! R:localhost/127.0.0.1:60313] isIdleTimeoutExpired=false isRemotelyClosed=true isTtlExpired=false
16:09:36.043 [AsyncHttpClient-1-1] DEBUG org.asynchttpclient.netty.channel.DefaultChannelPool - Closing Idle Channel [id: 0x61964780, L:/127.0.0.1:60319 ! R:localhost/127.0.0.1:60313]
16:09:36.043 [AsyncHttpClient-1-1] DEBUG org.asynchttpclient.netty.channel.DefaultChannelPool - Closed 1 connections out of 2 in 1 ms
16:09:36.661 [AsyncHttpClient-1-4] DEBUG org.asynchttpclient.netty.handler.HttpHandler - Channel Closed: [id: 0x0feda245, L:/127.0.0.1:60312 ! R:localhost/127.0.0.1:52762] with attribute DISCARD
16:09:37.139 [AsyncHttpClient-1-1] DEBUG org.asynchttpclient.netty.channel.DefaultChannelPool - Entry count for : http://localhost:52762 : 1
16:09:37.139 [AsyncHttpClient-1-1] DEBUG org.asynchttpclient.netty.channel.DefaultChannelPool - Adding Candidate expired Channel [id: 0x0feda245, L:/127.0.0.1:60312 ! R:localhost/127.0.0.1:52762] isIdleTimeoutExpired=false isRemotelyClosed=true isTtlExpired=false
16:09:37.139 [AsyncHttpClient-1-1] DEBUG org.asynchttpclient.netty.channel.DefaultChannelPool - Closing Idle Channel [id: 0x0feda245, L:/127.0.0.1:60312 ! R:localhost/127.0.0.1:52762]
16:09:37.139 [AsyncHttpClient-1-1] DEBUG org.asynchttpclient.netty.channel.DefaultChannelPool - Closed 1 connections out of 1 in 0 ms
]]></system-out>
    <system-err><![CDATA[Starting ChromeDriver 100.0.4896.60 (6a5d10861ce8de5fce22564658033b43cb7de047-refs/branch-heads/4896@{#875}) on port 52762
Only local connections are allowed.
Please see https://chromedriver.chromium.org/security-considerations for suggestions on keeping ChromeDriver safe.
ChromeDriver was started successfully.
[1652778550.061][WARNING]: This version of ChromeDriver has not been tested with Chrome version 101.
May 17, 2022 4:09:10 PM org.openqa.selenium.remote.ProtocolHandshake createSession
INFO: Detected dialect: W3C
May 17, 2022 4:09:10 PM org.openqa.selenium.devtools.CdpVersionFinder findNearestMatch
WARNING: Unable to find an exact match for CDP version 101, so returning the closest version found: 97
May 17, 2022 4:09:10 PM org.openqa.selenium.devtools.CdpVersionFinder findNearestMatch
INFO: Found CDP implementation for version 101 of 97
]]></system-err>
  </testcase>
  <testcase name="Buy second product" classname="Product" time="35.604">
    <system-out><![CDATA[
Scenario: Buy second product                    &amp#27;[90m# src/test/resources/features/Product.feature:13&amp#27;[0m
16:09:37.208 [main] INFO io.cucumber.core.plugin.SerenityReporter - Running feature from file:///C:/Users/ponda/Documents/Final_Project/Final_Web/src/test/resources/features/Product.feature
16:09:37.213 [main] INFO  - 
  _____   ___   ___   _____     ___   _____     _     ___   _____   ___   ___  
 |_   _| | __| / __| |_   _|   / __| |_   _|   /_\   | _ \ |_   _| | __| |   \ 
   | |   | _|  \__ \   | |     \__ \   | |    / _ \  |   /   | |   | _|  | |) |
   |_|   |___| |___/   |_|     |___/   |_|   /_/ \_\ |_|_\   |_|   |___| |___/ 

Buy second product(product;buy-second-product)
--------------------------------------------------------------------------------
16:09:37.281 [main] DEBUG net.thucydides.core.steps.StepInterceptor - STARTING STEP: ProductSteps.iAmOnProductPage - openUrl
16:09:37.285 [main] INFO net.serenitybdd.core.webdriver.driverproviders.ChromeDriverProvider - Using automatically driver download
16:09:37.504 [main] DEBUG io.github.bonigarcia.wdm.cache.ResolutionCache - Resolution chrome=101 in cache (valid until 17:04:06 17/05/2022 WIB)
16:09:37.512 [main] DEBUG io.github.bonigarcia.wdm.cache.ResolutionCache - Resolution chrome101=101.0.4951.41 in cache (valid until 16:04:06 18/05/2022 WIB)
16:09:37.515 [main] INFO io.github.bonigarcia.wdm.WebDriverManager - Using chromedriver 101.0.4951.41 (resolved driver for Chrome 101)
16:09:37.540 [main] DEBUG io.github.bonigarcia.wdm.WebDriverManager - Driver chromedriver 101.0.4951.41 found in cache
16:09:37.542 [main] INFO io.github.bonigarcia.wdm.WebDriverManager - Exporting webdriver.chrome.driver as C:\Users\ponda\.cache\selenium\chromedriver\win32\101.0.4951.41\chromedriver.exe
16:09:37.821 [main] DEBUG net.serenitybdd.core.webdriver.driverproviders.ProvideNewDriver - Instantiating driver
16:09:37.821 [main] DEBUG net.serenitybdd.core.webdriver.driverproviders.ProvideNewDriver - Driver capabilities: Capabilities {acceptInsecureCerts: false, base.url: https://qa.alta.id, browserName: chrome, chrome.driver: src/test/resources/webdrive..., driver: chrome, goog:chromeOptions: {args: [], extensions: []}}
16:09:38.382 [AsyncHttpClient-1-3] DEBUG org.asynchttpclient.netty.channel.NettyConnectListener - Using new Channel '[id: 0xa22f7273, L:/127.0.0.1:60344 - R:localhost/127.0.0.1:53657]' for 'POST' to '/session'
16:09:41.202 [AsyncHttpClient-1-3] DEBUG org.asynchttpclient.netty.handler.HttpHandler - 

Request DefaultHttpRequest(decodeResult: success, version: HTTP/1.1)
POST /session HTTP/1.1
User-Agent: selenium/4.1.2 (java windows)
Content-Length: 599
Content-Type: application/json; charset=utf-8
host: localhost:53657
accept: */*

Response DefaultHttpResponse(decodeResult: success, version: HTTP/1.1)
HTTP/1.1 200 OK
Content-Type: application/json; charset=utf-8
cache-control: no-cache
content-length: 790

16:09:41.202 [AsyncHttpClient-1-3] DEBUG org.asynchttpclient.netty.channel.ChannelManager - Adding key: http://localhost:53657 for channel [id: 0xa22f7273, L:/127.0.0.1:60344 - R:localhost/127.0.0.1:53657]
16:09:41.228 [AsyncHttpClient-1-4] DEBUG org.asynchttpclient.netty.channel.NettyConnectListener - Using new Channel '[id: 0x92a767ab, L:/127.0.0.1:60351 - R:localhost/127.0.0.1:60345]' for 'GET' to '/json/version'
16:09:41.229 [AsyncHttpClient-1-4] DEBUG org.asynchttpclient.netty.handler.HttpHandler - 

Request DefaultFullHttpRequest(decodeResult: success, version: HTTP/1.1, content: EmptyByteBufBE)
GET /json/version HTTP/1.1
User-Agent: selenium/4.1.2 (java windows)
host: localhost:60345
accept: */*

Response DefaultHttpResponse(decodeResult: success, version: HTTP/1.1)
HTTP/1.1 200 OK
Content-Type: application/json; charset=UTF-8
content-length: 427

16:09:41.229 [AsyncHttpClient-1-4] DEBUG org.asynchttpclient.netty.channel.ChannelManager - Adding key: http://localhost:60345 for channel [id: 0x92a767ab, L:/127.0.0.1:60351 - R:localhost/127.0.0.1:60345]
16:09:41.236 [AsyncHttpClient-1-5] DEBUG org.asynchttpclient.netty.channel.NettyConnectListener - Using new Channel '[id: 0x1ec5f862, L:/127.0.0.1:60352 - R:localhost/127.0.0.1:60345]' for 'GET' to '/devtools/browser/0c264ffe-5ed4-4653-977d-3aa84e776070'
16:09:41.238 [AsyncHttpClient-1-5] DEBUG org.asynchttpclient.netty.handler.WebSocketHandler - 

Request DefaultFullHttpRequest(decodeResult: success, version: HTTP/1.1, content: EmptyByteBufBE)
GET /devtools/browser/0c264ffe-5ed4-4653-977d-3aa84e776070 HTTP/1.1
upgrade: websocket
connection: upgrade
sec-websocket-key: 1ejApJqLQ+0azcHJY3xlsw==
sec-websocket-version: 13
origin: http://localhost:60345
host: localhost:60345
accept: */*
user-agent: AHC/2.1

Response DefaultHttpResponse(decodeResult: success, version: HTTP/1.1)
HTTP/1.1 101 WebSocket Protocol Handshake
Upgrade: WebSocket
Connection: Upgrade
Sec-WebSocket-Accept: /b/EX6v0wshR1dNjv22EkLouork=

16:09:41.248 [Forwarding maximizeCurrentWindow on session 3833fe0ed5076f725494f079a5db4f52 to remote] DEBUG org.asynchttpclient.netty.request.NettyRequestSender - Using pooled Channel '[id: 0xa22f7273, L:/127.0.0.1:60344 - R:localhost/127.0.0.1:53657]' for 'POST' to 'http://localhost:53657/session/3833fe0ed5076f725494f079a5db4f52/window/maximize'
16:09:41.248 [Forwarding maximizeCurrentWindow on session 3833fe0ed5076f725494f079a5db4f52 to remote] DEBUG org.asynchttpclient.netty.request.NettyRequestSender - Using open Channel [id: 0xa22f7273, L:/127.0.0.1:60344 - R:localhost/127.0.0.1:53657] for POST '/session/3833fe0ed5076f725494f079a5db4f52/window/maximize'
16:09:41.485 [AsyncHttpClient-1-3] DEBUG org.asynchttpclient.netty.handler.HttpHandler - 

Request DefaultHttpRequest(decodeResult: success, version: HTTP/1.1)
POST /session/3833fe0ed5076f725494f079a5db4f52/window/maximize HTTP/1.1
User-Agent: selenium/4.1.2 (java windows)
Content-Length: 3
Content-Type: application/json; charset=utf-8
host: localhost:53657
accept: */*

Response DefaultHttpResponse(decodeResult: success, version: HTTP/1.1)
HTTP/1.1 200 OK
Content-Type: application/json; charset=utf-8
cache-control: no-cache
content-length: 51

16:09:41.485 [AsyncHttpClient-1-3] DEBUG org.asynchttpclient.netty.channel.ChannelManager - Adding key: http://localhost:53657 for channel [id: 0xa22f7273, L:/127.0.0.1:60344 - R:localhost/127.0.0.1:53657]
16:09:41.488 [Forwarding get on session 3833fe0ed5076f725494f079a5db4f52 to remote] DEBUG org.asynchttpclient.netty.request.NettyRequestSender - Using pooled Channel '[id: 0xa22f7273, L:/127.0.0.1:60344 - R:localhost/127.0.0.1:53657]' for 'POST' to 'http://localhost:53657/session/3833fe0ed5076f725494f079a5db4f52/url'
16:09:41.488 [Forwarding get on session 3833fe0ed5076f725494f079a5db4f52 to remote] DEBUG org.asynchttpclient.netty.request.NettyRequestSender - Using open Channel [id: 0xa22f7273, L:/127.0.0.1:60344 - R:localhost/127.0.0.1:53657] for POST '/session/3833fe0ed5076f725494f079a5db4f52/url'
16:09:41.669 [AsyncHttpClient-1-1] DEBUG org.asynchttpclient.netty.channel.DefaultChannelPool - Entry count for : http://localhost:60345 : 1
16:09:42.745 [AsyncHttpClient-1-1] DEBUG org.asynchttpclient.netty.channel.DefaultChannelPool - Entry count for : http://localhost:60345 : 1
16:09:43.260 [AsyncHttpClient-1-3] DEBUG org.asynchttpclient.netty.handler.HttpHandler - 

Request DefaultHttpRequest(decodeResult: success, version: HTTP/1.1)
POST /session/3833fe0ed5076f725494f079a5db4f52/url HTTP/1.1
User-Agent: selenium/4.1.2 (java windows)
Content-Length: 64
Content-Type: application/json; charset=utf-8
host: localhost:53657
accept: */*

Response DefaultHttpResponse(decodeResult: success, version: HTTP/1.1)
HTTP/1.1 200 OK
Content-Type: application/json; charset=utf-8
cache-control: no-cache
content-length: 14

16:09:43.260 [AsyncHttpClient-1-3] DEBUG org.asynchttpclient.netty.channel.ChannelManager - Adding key: http://localhost:53657 for channel [id: 0xa22f7273, L:/127.0.0.1:60344 - R:localhost/127.0.0.1:53657]
16:09:43.263 [Forwarding setTimeout on session 3833fe0ed5076f725494f079a5db4f52 to remote] DEBUG org.asynchttpclient.netty.request.NettyRequestSender - Using pooled Channel '[id: 0xa22f7273, L:/127.0.0.1:60344 - R:localhost/127.0.0.1:53657]' for 'POST' to 'http://localhost:53657/session/3833fe0ed5076f725494f079a5db4f52/timeouts'
16:09:43.263 [Forwarding setTimeout on session 3833fe0ed5076f725494f079a5db4f52 to remote] DEBUG org.asynchttpclient.netty.request.NettyRequestSender - Using open Channel [id: 0xa22f7273, L:/127.0.0.1:60344 - R:localhost/127.0.0.1:53657] for POST '/session/3833fe0ed5076f725494f079a5db4f52/timeouts'
16:09:43.265 [AsyncHttpClient-1-3] DEBUG org.asynchttpclient.netty.handler.HttpHandler - 

Request DefaultHttpRequest(decodeResult: success, version: HTTP/1.1)
POST /session/3833fe0ed5076f725494f079a5db4f52/timeouts HTTP/1.1
User-Agent: selenium/4.1.2 (java windows)
Content-Length: 22
Content-Type: application/json; charset=utf-8
host: localhost:53657
accept: */*

Response DefaultHttpResponse(decodeResult: success, version: HTTP/1.1)
HTTP/1.1 200 OK
Content-Type: application/json; charset=utf-8
cache-control: no-cache
content-length: 14

16:09:43.265 [AsyncHttpClient-1-3] DEBUG org.asynchttpclient.netty.channel.ChannelManager - Adding key: http://localhost:53657 for channel [id: 0xa22f7273, L:/127.0.0.1:60344 - R:localhost/127.0.0.1:53657]
16:09:43.270 [Forwarding getCurrentUrl on session 3833fe0ed5076f725494f079a5db4f52 to remote] DEBUG org.asynchttpclient.netty.request.NettyRequestSender - Using pooled Channel '[id: 0xa22f7273, L:/127.0.0.1:60344 - R:localhost/127.0.0.1:53657]' for 'GET' to 'http://localhost:53657/session/3833fe0ed5076f725494f079a5db4f52/url'
16:09:43.270 [Forwarding getCurrentUrl on session 3833fe0ed5076f725494f079a5db4f52 to remote] DEBUG org.asynchttpclient.netty.request.NettyRequestSender - Using open Channel [id: 0xa22f7273, L:/127.0.0.1:60344 - R:localhost/127.0.0.1:53657] for GET '/session/3833fe0ed5076f725494f079a5db4f52/url'
16:09:43.350 [AsyncHttpClient-1-3] DEBUG org.asynchttpclient.netty.handler.HttpHandler - 

Request DefaultFullHttpRequest(decodeResult: success, version: HTTP/1.1, content: EmptyByteBufBE)
GET /session/3833fe0ed5076f725494f079a5db4f52/url HTTP/1.1
User-Agent: selenium/4.1.2 (java windows)
Cache-Control: no-cache
Content-Type: application/json; charset=utf-8
host: localhost:53657
accept: */*

Response DefaultHttpResponse(decodeResult: success, version: HTTP/1.1)
HTTP/1.1 200 OK
Content-Type: application/json; charset=utf-8
cache-control: no-cache
content-length: 41

16:09:43.350 [AsyncHttpClient-1-3] DEBUG org.asynchttpclient.netty.channel.ChannelManager - Adding key: http://localhost:53657 for channel [id: 0xa22f7273, L:/127.0.0.1:60344 - R:localhost/127.0.0.1:53657]
16:09:43.374 [Forwarding screenshot on session 3833fe0ed5076f725494f079a5db4f52 to remote] DEBUG org.asynchttpclient.netty.request.NettyRequestSender - Using pooled Channel '[id: 0xa22f7273, L:/127.0.0.1:60344 - R:localhost/127.0.0.1:53657]' for 'GET' to 'http://localhost:53657/session/3833fe0ed5076f725494f079a5db4f52/screenshot'
16:09:43.374 [Forwarding screenshot on session 3833fe0ed5076f725494f079a5db4f52 to remote] DEBUG org.asynchttpclient.netty.request.NettyRequestSender - Using open Channel [id: 0xa22f7273, L:/127.0.0.1:60344 - R:localhost/127.0.0.1:53657] for GET '/session/3833fe0ed5076f725494f079a5db4f52/screenshot'
16:09:43.834 [AsyncHttpClient-1-1] DEBUG org.asynchttpclient.netty.channel.DefaultChannelPool - Entry count for : http://localhost:60345 : 1
16:09:43.950 [AsyncHttpClient-1-3] DEBUG org.asynchttpclient.netty.handler.HttpHandler - 

Request DefaultFullHttpRequest(decodeResult: success, version: HTTP/1.1, content: EmptyByteBufBE)
GET /session/3833fe0ed5076f725494f079a5db4f52/screenshot HTTP/1.1
User-Agent: selenium/4.1.2 (java windows)
Cache-Control: no-cache
Content-Type: application/json; charset=utf-8
host: localhost:53657
accept: */*

Response DefaultHttpResponse(decodeResult: success, version: HTTP/1.1)
HTTP/1.1 200 OK
Content-Type: application/json; charset=utf-8
cache-control: no-cache
content-length: 25384

16:09:43.951 [AsyncHttpClient-1-3] DEBUG org.asynchttpclient.netty.channel.ChannelManager - Adding key: http://localhost:53657 for channel [id: 0xa22f7273, L:/127.0.0.1:60344 - R:localhost/127.0.0.1:53657]
16:09:43.955 [main] DEBUG net.serenitybdd.core.photography.Darkroom - Send negative for processing for target\site\serenity\6b6563c13227ef0b70a26f8a845b86304c5ded2ac83324d4bda7e0f4416b9ac5.png
16:09:43.955 [main] DEBUG net.thucydides.core.steps.StepInterceptor - STEP DONE: openUrl
16:09:43.964 [main] DEBUG net.thucydides.core.steps.StepInterceptor - STARTING STEP: ProductSteps.iAmOnProductPage - inputEmail
16:09:43.970 [Forwarding findElement on session 3833fe0ed5076f725494f079a5db4f52 to remote] DEBUG org.asynchttpclient.netty.request.NettyRequestSender - Using pooled Channel '[id: 0xa22f7273, L:/127.0.0.1:60344 - R:localhost/127.0.0.1:53657]' for 'POST' to 'http://localhost:53657/session/3833fe0ed5076f725494f079a5db4f52/element'
16:09:43.970 [Forwarding findElement on session 3833fe0ed5076f725494f079a5db4f52 to remote] DEBUG org.asynchttpclient.netty.request.NettyRequestSender - Using open Channel [id: 0xa22f7273, L:/127.0.0.1:60344 - R:localhost/127.0.0.1:53657] for POST '/session/3833fe0ed5076f725494f079a5db4f52/element'
16:09:43.994 [AsyncHttpClient-1-3] DEBUG org.asynchttpclient.netty.handler.HttpHandler - 

Request DefaultHttpRequest(decodeResult: success, version: HTTP/1.1)
POST /session/3833fe0ed5076f725494f079a5db4f52/element HTTP/1.1
User-Agent: selenium/4.1.2 (java windows)
Content-Length: 86
Content-Type: application/json; charset=utf-8
host: localhost:53657
accept: */*

Response DefaultHttpResponse(decodeResult: success, version: HTTP/1.1)
HTTP/1.1 200 OK
Content-Type: application/json; charset=utf-8
cache-control: no-cache
content-length: 88

16:09:43.994 [AsyncHttpClient-1-3] DEBUG org.asynchttpclient.netty.channel.ChannelManager - Adding key: http://localhost:53657 for channel [id: 0xa22f7273, L:/127.0.0.1:60344 - R:localhost/127.0.0.1:53657]
16:09:43.996 [Forwarding clearElement on session 3833fe0ed5076f725494f079a5db4f52 to remote] DEBUG org.asynchttpclient.netty.request.NettyRequestSender - Using pooled Channel '[id: 0xa22f7273, L:/127.0.0.1:60344 - R:localhost/127.0.0.1:53657]' for 'POST' to 'http://localhost:53657/session/3833fe0ed5076f725494f079a5db4f52/element/2f2a171a-9970-4f66-8e96-2cf075a21258/clear'
16:09:43.996 [Forwarding clearElement on session 3833fe0ed5076f725494f079a5db4f52 to remote] DEBUG org.asynchttpclient.netty.request.NettyRequestSender - Using open Channel [id: 0xa22f7273, L:/127.0.0.1:60344 - R:localhost/127.0.0.1:53657] for POST '/session/3833fe0ed5076f725494f079a5db4f52/element/2f2a171a-9970-4f66-8e96-2cf075a21258/clear'
16:09:44.061 [AsyncHttpClient-1-3] DEBUG org.asynchttpclient.netty.handler.HttpHandler - 

Request DefaultHttpRequest(decodeResult: success, version: HTTP/1.1)
POST /session/3833fe0ed5076f725494f079a5db4f52/element/2f2a171a-9970-4f66-8e96-2cf075a21258/clear HTTP/1.1
User-Agent: selenium/4.1.2 (java windows)
Content-Length: 50
Content-Type: application/json; charset=utf-8
host: localhost:53657
accept: */*

Response DefaultHttpResponse(decodeResult: success, version: HTTP/1.1)
HTTP/1.1 200 OK
Content-Type: application/json; charset=utf-8
cache-control: no-cache
content-length: 14

16:09:44.061 [AsyncHttpClient-1-3] DEBUG org.asynchttpclient.netty.channel.ChannelManager - Adding key: http://localhost:53657 for channel [id: 0xa22f7273, L:/127.0.0.1:60344 - R:localhost/127.0.0.1:53657]
16:09:44.064 [Forwarding sendKeysToElement on session 3833fe0ed5076f725494f079a5db4f52 to remote] DEBUG org.asynchttpclient.netty.request.NettyRequestSender - Using pooled Channel '[id: 0xa22f7273, L:/127.0.0.1:60344 - R:localhost/127.0.0.1:53657]' for 'POST' to 'http://localhost:53657/session/3833fe0ed5076f725494f079a5db4f52/element/2f2a171a-9970-4f66-8e96-2cf075a21258/value'
16:09:44.064 [Forwarding sendKeysToElement on session 3833fe0ed5076f725494f079a5db4f52 to remote] DEBUG org.asynchttpclient.netty.request.NettyRequestSender - Using open Channel [id: 0xa22f7273, L:/127.0.0.1:60344 - R:localhost/127.0.0.1:53657] for POST '/session/3833fe0ed5076f725494f079a5db4f52/element/2f2a171a-9970-4f66-8e96-2cf075a21258/value'
16:09:44.564 [AsyncHttpClient-1-3] DEBUG org.asynchttpclient.netty.handler.HttpHandler - 

Request DefaultHttpRequest(decodeResult: success, version: HTTP/1.1)
POST /session/3833fe0ed5076f725494f079a5db4f52/element/2f2a171a-9970-4f66-8e96-2cf075a21258/value HTTP/1.1
User-Agent: selenium/4.1.2 (java windows)
Content-Length: 251
Content-Type: application/json; charset=utf-8
host: localhost:53657
accept: */*

Response DefaultHttpResponse(decodeResult: success, version: HTTP/1.1)
HTTP/1.1 200 OK
Content-Type: application/json; charset=utf-8
cache-control: no-cache
content-length: 14

16:09:44.564 [AsyncHttpClient-1-3] DEBUG org.asynchttpclient.netty.channel.ChannelManager - Adding key: http://localhost:53657 for channel [id: 0xa22f7273, L:/127.0.0.1:60344 - R:localhost/127.0.0.1:53657]
16:09:44.583 [Forwarding screenshot on session 3833fe0ed5076f725494f079a5db4f52 to remote] DEBUG org.asynchttpclient.netty.request.NettyRequestSender - Using pooled Channel '[id: 0xa22f7273, L:/127.0.0.1:60344 - R:localhost/127.0.0.1:53657]' for 'GET' to 'http://localhost:53657/session/3833fe0ed5076f725494f079a5db4f52/screenshot'
16:09:44.583 [Forwarding screenshot on session 3833fe0ed5076f725494f079a5db4f52 to remote] DEBUG org.asynchttpclient.netty.request.NettyRequestSender - Using open Channel [id: 0xa22f7273, L:/127.0.0.1:60344 - R:localhost/127.0.0.1:53657] for GET '/session/3833fe0ed5076f725494f079a5db4f52/screenshot'
16:09:44.830 [AsyncHttpClient-1-3] DEBUG org.asynchttpclient.netty.handler.HttpHandler - 

Request DefaultFullHttpRequest(decodeResult: success, version: HTTP/1.1, content: EmptyByteBufBE)
GET /session/3833fe0ed5076f725494f079a5db4f52/screenshot HTTP/1.1
User-Agent: selenium/4.1.2 (java windows)
Cache-Control: no-cache
Content-Type: application/json; charset=utf-8
host: localhost:53657
accept: */*

Response DefaultHttpResponse(decodeResult: success, version: HTTP/1.1)
HTTP/1.1 200 OK
Content-Type: application/json; charset=utf-8
cache-control: no-cache
content-length: 28892

16:09:44.830 [AsyncHttpClient-1-3] DEBUG org.asynchttpclient.netty.channel.ChannelManager - Adding key: http://localhost:53657 for channel [id: 0xa22f7273, L:/127.0.0.1:60344 - R:localhost/127.0.0.1:53657]
16:09:44.837 [main] DEBUG net.serenitybdd.core.photography.Darkroom - Send negative for processing for target\site\serenity\af884fcd11ec14e63fdac28e43e14c9884574a79558fe1688cfb1d1eb15414d8.png
16:09:44.837 [main] DEBUG net.thucydides.core.steps.StepInterceptor - STEP DONE: inputEmail
16:09:44.839 [Darkroom Processing Line] DEBUG net.serenitybdd.core.photography.DarkroomProcessingLine - Processing screenshot image in /var/screenshots/screenshot-10196456878067310876
16:09:44.839 [Darkroom Processing Line] DEBUG net.serenitybdd.core.photography.DarkroomProcessingLine - Saving screenshot to target\site\serenity\af884fcd11ec14e63fdac28e43e14c9884574a79558fe1688cfb1d1eb15414d8.png
16:09:44.853 [main] DEBUG net.thucydides.core.steps.StepInterceptor - STARTING STEP: ProductSteps.iAmOnProductPage - inputPassword
16:09:44.858 [Forwarding findElement on session 3833fe0ed5076f725494f079a5db4f52 to remote] DEBUG org.asynchttpclient.netty.request.NettyRequestSender - Using pooled Channel '[id: 0xa22f7273, L:/127.0.0.1:60344 - R:localhost/127.0.0.1:53657]' for 'POST' to 'http://localhost:53657/session/3833fe0ed5076f725494f079a5db4f52/element'
16:09:44.858 [Forwarding findElement on session 3833fe0ed5076f725494f079a5db4f52 to remote] DEBUG org.asynchttpclient.netty.request.NettyRequestSender - Using open Channel [id: 0xa22f7273, L:/127.0.0.1:60344 - R:localhost/127.0.0.1:53657] for POST '/session/3833fe0ed5076f725494f079a5db4f52/element'
16:09:44.889 [AsyncHttpClient-1-3] DEBUG org.asynchttpclient.netty.handler.HttpHandler - 

Request DefaultHttpRequest(decodeResult: success, version: HTTP/1.1)
POST /session/3833fe0ed5076f725494f079a5db4f52/element HTTP/1.1
User-Agent: selenium/4.1.2 (java windows)
Content-Length: 89
Content-Type: application/json; charset=utf-8
host: localhost:53657
accept: */*

Response DefaultHttpResponse(decodeResult: success, version: HTTP/1.1)
HTTP/1.1 200 OK
Content-Type: application/json; charset=utf-8
cache-control: no-cache
content-length: 88

16:09:44.889 [AsyncHttpClient-1-3] DEBUG org.asynchttpclient.netty.channel.ChannelManager - Adding key: http://localhost:53657 for channel [id: 0xa22f7273, L:/127.0.0.1:60344 - R:localhost/127.0.0.1:53657]
16:09:44.891 [Forwarding clearElement on session 3833fe0ed5076f725494f079a5db4f52 to remote] DEBUG org.asynchttpclient.netty.request.NettyRequestSender - Using pooled Channel '[id: 0xa22f7273, L:/127.0.0.1:60344 - R:localhost/127.0.0.1:53657]' for 'POST' to 'http://localhost:53657/session/3833fe0ed5076f725494f079a5db4f52/element/c76c6774-ff0f-4557-8b06-e0d290cbda2b/clear'
16:09:44.891 [Forwarding clearElement on session 3833fe0ed5076f725494f079a5db4f52 to remote] DEBUG org.asynchttpclient.netty.request.NettyRequestSender - Using open Channel [id: 0xa22f7273, L:/127.0.0.1:60344 - R:localhost/127.0.0.1:53657] for POST '/session/3833fe0ed5076f725494f079a5db4f52/element/c76c6774-ff0f-4557-8b06-e0d290cbda2b/clear'
16:09:44.937 [AsyncHttpClient-1-1] DEBUG org.asynchttpclient.netty.channel.DefaultChannelPool - Entry count for : http://localhost:60345 : 1
16:09:44.949 [AsyncHttpClient-1-3] DEBUG org.asynchttpclient.netty.handler.HttpHandler - 

Request DefaultHttpRequest(decodeResult: success, version: HTTP/1.1)
POST /session/3833fe0ed5076f725494f079a5db4f52/element/c76c6774-ff0f-4557-8b06-e0d290cbda2b/clear HTTP/1.1
User-Agent: selenium/4.1.2 (java windows)
Content-Length: 50
Content-Type: application/json; charset=utf-8
host: localhost:53657
accept: */*

Response DefaultHttpResponse(decodeResult: success, version: HTTP/1.1)
HTTP/1.1 200 OK
Content-Type: application/json; charset=utf-8
cache-control: no-cache
content-length: 14

16:09:44.950 [AsyncHttpClient-1-3] DEBUG org.asynchttpclient.netty.channel.ChannelManager - Adding key: http://localhost:53657 for channel [id: 0xa22f7273, L:/127.0.0.1:60344 - R:localhost/127.0.0.1:53657]
16:09:44.952 [Forwarding sendKeysToElement on session 3833fe0ed5076f725494f079a5db4f52 to remote] DEBUG org.asynchttpclient.netty.request.NettyRequestSender - Using pooled Channel '[id: 0xa22f7273, L:/127.0.0.1:60344 - R:localhost/127.0.0.1:53657]' for 'POST' to 'http://localhost:53657/session/3833fe0ed5076f725494f079a5db4f52/element/c76c6774-ff0f-4557-8b06-e0d290cbda2b/value'
16:09:44.952 [Forwarding sendKeysToElement on session 3833fe0ed5076f725494f079a5db4f52 to remote] DEBUG org.asynchttpclient.netty.request.NettyRequestSender - Using open Channel [id: 0xa22f7273, L:/127.0.0.1:60344 - R:localhost/127.0.0.1:53657] for POST '/session/3833fe0ed5076f725494f079a5db4f52/element/c76c6774-ff0f-4557-8b06-e0d290cbda2b/value'
16:09:45.352 [AsyncHttpClient-1-3] DEBUG org.asynchttpclient.netty.handler.HttpHandler - 

Request DefaultHttpRequest(decodeResult: success, version: HTTP/1.1)
POST /session/3833fe0ed5076f725494f079a5db4f52/element/c76c6774-ff0f-4557-8b06-e0d290cbda2b/value HTTP/1.1
User-Agent: selenium/4.1.2 (java windows)
Content-Length: 231
Content-Type: application/json; charset=utf-8
host: localhost:53657
accept: */*

Response DefaultHttpResponse(decodeResult: success, version: HTTP/1.1)
HTTP/1.1 200 OK
Content-Type: application/json; charset=utf-8
cache-control: no-cache
content-length: 14

16:09:45.353 [AsyncHttpClient-1-3] DEBUG org.asynchttpclient.netty.channel.ChannelManager - Adding key: http://localhost:53657 for channel [id: 0xa22f7273, L:/127.0.0.1:60344 - R:localhost/127.0.0.1:53657]
16:09:45.373 [Forwarding screenshot on session 3833fe0ed5076f725494f079a5db4f52 to remote] DEBUG org.asynchttpclient.netty.request.NettyRequestSender - Using pooled Channel '[id: 0xa22f7273, L:/127.0.0.1:60344 - R:localhost/127.0.0.1:53657]' for 'GET' to 'http://localhost:53657/session/3833fe0ed5076f725494f079a5db4f52/screenshot'
16:09:45.374 [Forwarding screenshot on session 3833fe0ed5076f725494f079a5db4f52 to remote] DEBUG org.asynchttpclient.netty.request.NettyRequestSender - Using open Channel [id: 0xa22f7273, L:/127.0.0.1:60344 - R:localhost/127.0.0.1:53657] for GET '/session/3833fe0ed5076f725494f079a5db4f52/screenshot'
16:09:45.620 [AsyncHttpClient-1-3] DEBUG org.asynchttpclient.netty.handler.HttpHandler - 

Request DefaultFullHttpRequest(decodeResult: success, version: HTTP/1.1, content: EmptyByteBufBE)
GET /session/3833fe0ed5076f725494f079a5db4f52/screenshot HTTP/1.1
User-Agent: selenium/4.1.2 (java windows)
Cache-Control: no-cache
Content-Type: application/json; charset=utf-8
host: localhost:53657
accept: */*

Response DefaultHttpResponse(decodeResult: success, version: HTTP/1.1)
HTTP/1.1 200 OK
Content-Type: application/json; charset=utf-8
cache-control: no-cache
content-length: 32248

16:09:45.621 [AsyncHttpClient-1-3] DEBUG org.asynchttpclient.netty.channel.ChannelManager - Adding key: http://localhost:53657 for channel [id: 0xa22f7273, L:/127.0.0.1:60344 - R:localhost/127.0.0.1:53657]
16:09:45.627 [main] DEBUG net.serenitybdd.core.photography.Darkroom - Send negative for processing for target\site\serenity\dd606e318b0fc2c24891ab1167bddc660c49f4db2159053b0198af3b66dbb4e8.png
16:09:45.627 [main] DEBUG net.thucydides.core.steps.StepInterceptor - STEP DONE: inputPassword
16:09:45.627 [Darkroom Processing Line] DEBUG net.serenitybdd.core.photography.DarkroomProcessingLine - Processing screenshot image in /var/screenshots/screenshot-2808212254020972030
16:09:45.632 [Darkroom Processing Line] DEBUG net.serenitybdd.core.photography.DarkroomProcessingLine - Saving screenshot to target\site\serenity\dd606e318b0fc2c24891ab1167bddc660c49f4db2159053b0198af3b66dbb4e8.png
16:09:45.641 [main] DEBUG net.thucydides.core.steps.StepInterceptor - STARTING STEP: ProductSteps.iAmOnProductPage - clickLoginButton
16:09:45.647 [Forwarding findElement on session 3833fe0ed5076f725494f079a5db4f52 to remote] DEBUG org.asynchttpclient.netty.request.NettyRequestSender - Using pooled Channel '[id: 0xa22f7273, L:/127.0.0.1:60344 - R:localhost/127.0.0.1:53657]' for 'POST' to 'http://localhost:53657/session/3833fe0ed5076f725494f079a5db4f52/element'
16:09:45.647 [Forwarding findElement on session 3833fe0ed5076f725494f079a5db4f52 to remote] DEBUG org.asynchttpclient.netty.request.NettyRequestSender - Using open Channel [id: 0xa22f7273, L:/127.0.0.1:60344 - R:localhost/127.0.0.1:53657] for POST '/session/3833fe0ed5076f725494f079a5db4f52/element'
16:09:45.685 [AsyncHttpClient-1-3] DEBUG org.asynchttpclient.netty.handler.HttpHandler - 

Request DefaultHttpRequest(decodeResult: success, version: HTTP/1.1)
POST /session/3833fe0ed5076f725494f079a5db4f52/element HTTP/1.1
User-Agent: selenium/4.1.2 (java windows)
Content-Length: 136
Content-Type: application/json; charset=utf-8
host: localhost:53657
accept: */*

Response DefaultHttpResponse(decodeResult: success, version: HTTP/1.1)
HTTP/1.1 200 OK
Content-Type: application/json; charset=utf-8
cache-control: no-cache
content-length: 88

16:09:45.685 [AsyncHttpClient-1-3] DEBUG org.asynchttpclient.netty.channel.ChannelManager - Adding key: http://localhost:53657 for channel [id: 0xa22f7273, L:/127.0.0.1:60344 - R:localhost/127.0.0.1:53657]
16:09:45.688 [Forwarding getElementTagName on session 3833fe0ed5076f725494f079a5db4f52 to remote] DEBUG org.asynchttpclient.netty.request.NettyRequestSender - Using pooled Channel '[id: 0xa22f7273, L:/127.0.0.1:60344 - R:localhost/127.0.0.1:53657]' for 'GET' to 'http://localhost:53657/session/3833fe0ed5076f725494f079a5db4f52/element/b6c87d56-d70e-43a4-929b-752cf932c40c/name'
16:09:45.688 [Forwarding getElementTagName on session 3833fe0ed5076f725494f079a5db4f52 to remote] DEBUG org.asynchttpclient.netty.request.NettyRequestSender - Using open Channel [id: 0xa22f7273, L:/127.0.0.1:60344 - R:localhost/127.0.0.1:53657] for GET '/session/3833fe0ed5076f725494f079a5db4f52/element/b6c87d56-d70e-43a4-929b-752cf932c40c/name'
16:09:45.698 [AsyncHttpClient-1-3] DEBUG org.asynchttpclient.netty.handler.HttpHandler - 

Request DefaultFullHttpRequest(decodeResult: success, version: HTTP/1.1, content: EmptyByteBufBE)
GET /session/3833fe0ed5076f725494f079a5db4f52/element/b6c87d56-d70e-43a4-929b-752cf932c40c/name HTTP/1.1
User-Agent: selenium/4.1.2 (java windows)
Cache-Control: no-cache
Content-Type: application/json; charset=utf-8
host: localhost:53657
accept: */*

Response DefaultHttpResponse(decodeResult: success, version: HTTP/1.1)
HTTP/1.1 200 OK
Content-Type: application/json; charset=utf-8
cache-control: no-cache
content-length: 18

16:09:45.698 [AsyncHttpClient-1-3] DEBUG org.asynchttpclient.netty.channel.ChannelManager - Adding key: http://localhost:53657 for channel [id: 0xa22f7273, L:/127.0.0.1:60344 - R:localhost/127.0.0.1:53657]
16:09:45.701 [Forwarding getElementTagName on session 3833fe0ed5076f725494f079a5db4f52 to remote] DEBUG org.asynchttpclient.netty.request.NettyRequestSender - Using pooled Channel '[id: 0xa22f7273, L:/127.0.0.1:60344 - R:localhost/127.0.0.1:53657]' for 'GET' to 'http://localhost:53657/session/3833fe0ed5076f725494f079a5db4f52/element/b6c87d56-d70e-43a4-929b-752cf932c40c/name'
16:09:45.701 [Forwarding getElementTagName on session 3833fe0ed5076f725494f079a5db4f52 to remote] DEBUG org.asynchttpclient.netty.request.NettyRequestSender - Using open Channel [id: 0xa22f7273, L:/127.0.0.1:60344 - R:localhost/127.0.0.1:53657] for GET '/session/3833fe0ed5076f725494f079a5db4f52/element/b6c87d56-d70e-43a4-929b-752cf932c40c/name'
16:09:45.714 [AsyncHttpClient-1-3] DEBUG org.asynchttpclient.netty.handler.HttpHandler - 

Request DefaultFullHttpRequest(decodeResult: success, version: HTTP/1.1, content: EmptyByteBufBE)
GET /session/3833fe0ed5076f725494f079a5db4f52/element/b6c87d56-d70e-43a4-929b-752cf932c40c/name HTTP/1.1
User-Agent: selenium/4.1.2 (java windows)
Cache-Control: no-cache
Content-Type: application/json; charset=utf-8
host: localhost:53657
accept: */*

Response DefaultHttpResponse(decodeResult: success, version: HTTP/1.1)
HTTP/1.1 200 OK
Content-Type: application/json; charset=utf-8
cache-control: no-cache
content-length: 18

16:09:45.715 [AsyncHttpClient-1-3] DEBUG org.asynchttpclient.netty.channel.ChannelManager - Adding key: http://localhost:53657 for channel [id: 0xa22f7273, L:/127.0.0.1:60344 - R:localhost/127.0.0.1:53657]
16:09:45.729 [Forwarding isElementEnabled on session 3833fe0ed5076f725494f079a5db4f52 to remote] DEBUG org.asynchttpclient.netty.request.NettyRequestSender - Using pooled Channel '[id: 0xa22f7273, L:/127.0.0.1:60344 - R:localhost/127.0.0.1:53657]' for 'GET' to 'http://localhost:53657/session/3833fe0ed5076f725494f079a5db4f52/element/b6c87d56-d70e-43a4-929b-752cf932c40c/enabled'
16:09:45.729 [Forwarding isElementEnabled on session 3833fe0ed5076f725494f079a5db4f52 to remote] DEBUG org.asynchttpclient.netty.request.NettyRequestSender - Using open Channel [id: 0xa22f7273, L:/127.0.0.1:60344 - R:localhost/127.0.0.1:53657] for GET '/session/3833fe0ed5076f725494f079a5db4f52/element/b6c87d56-d70e-43a4-929b-752cf932c40c/enabled'
16:09:45.752 [AsyncHttpClient-1-3] DEBUG org.asynchttpclient.netty.handler.HttpHandler - 

Request DefaultFullHttpRequest(decodeResult: success, version: HTTP/1.1, content: EmptyByteBufBE)
GET /session/3833fe0ed5076f725494f079a5db4f52/element/b6c87d56-d70e-43a4-929b-752cf932c40c/enabled HTTP/1.1
User-Agent: selenium/4.1.2 (java windows)
Cache-Control: no-cache
Content-Type: application/json; charset=utf-8
host: localhost:53657
accept: */*

Response DefaultHttpResponse(decodeResult: success, version: HTTP/1.1)
HTTP/1.1 200 OK
Content-Type: application/json; charset=utf-8
cache-control: no-cache
content-length: 14

16:09:45.752 [AsyncHttpClient-1-3] DEBUG org.asynchttpclient.netty.channel.ChannelManager - Adding key: http://localhost:53657 for channel [id: 0xa22f7273, L:/127.0.0.1:60344 - R:localhost/127.0.0.1:53657]
16:09:45.755 [Forwarding isElementEnabled on session 3833fe0ed5076f725494f079a5db4f52 to remote] DEBUG org.asynchttpclient.netty.request.NettyRequestSender - Using pooled Channel '[id: 0xa22f7273, L:/127.0.0.1:60344 - R:localhost/127.0.0.1:53657]' for 'GET' to 'http://localhost:53657/session/3833fe0ed5076f725494f079a5db4f52/element/b6c87d56-d70e-43a4-929b-752cf932c40c/enabled'
16:09:45.755 [Forwarding isElementEnabled on session 3833fe0ed5076f725494f079a5db4f52 to remote] DEBUG org.asynchttpclient.netty.request.NettyRequestSender - Using open Channel [id: 0xa22f7273, L:/127.0.0.1:60344 - R:localhost/127.0.0.1:53657] for GET '/session/3833fe0ed5076f725494f079a5db4f52/element/b6c87d56-d70e-43a4-929b-752cf932c40c/enabled'
16:09:45.769 [AsyncHttpClient-1-3] DEBUG org.asynchttpclient.netty.handler.HttpHandler - 

Request DefaultFullHttpRequest(decodeResult: success, version: HTTP/1.1, content: EmptyByteBufBE)
GET /session/3833fe0ed5076f725494f079a5db4f52/element/b6c87d56-d70e-43a4-929b-752cf932c40c/enabled HTTP/1.1
User-Agent: selenium/4.1.2 (java windows)
Cache-Control: no-cache
Content-Type: application/json; charset=utf-8
host: localhost:53657
accept: */*

Response DefaultHttpResponse(decodeResult: success, version: HTTP/1.1)
HTTP/1.1 200 OK
Content-Type: application/json; charset=utf-8
cache-control: no-cache
content-length: 14

16:09:45.769 [AsyncHttpClient-1-3] DEBUG org.asynchttpclient.netty.channel.ChannelManager - Adding key: http://localhost:53657 for channel [id: 0xa22f7273, L:/127.0.0.1:60344 - R:localhost/127.0.0.1:53657]
16:09:45.772 [Forwarding findElement on session 3833fe0ed5076f725494f079a5db4f52 to remote] DEBUG org.asynchttpclient.netty.request.NettyRequestSender - Using pooled Channel '[id: 0xa22f7273, L:/127.0.0.1:60344 - R:localhost/127.0.0.1:53657]' for 'POST' to 'http://localhost:53657/session/3833fe0ed5076f725494f079a5db4f52/element'
16:09:45.773 [Forwarding findElement on session 3833fe0ed5076f725494f079a5db4f52 to remote] DEBUG org.asynchttpclient.netty.request.NettyRequestSender - Using open Channel [id: 0xa22f7273, L:/127.0.0.1:60344 - R:localhost/127.0.0.1:53657] for POST '/session/3833fe0ed5076f725494f079a5db4f52/element'
16:09:45.788 [AsyncHttpClient-1-3] DEBUG org.asynchttpclient.netty.handler.HttpHandler - 

Request DefaultHttpRequest(decodeResult: success, version: HTTP/1.1)
POST /session/3833fe0ed5076f725494f079a5db4f52/element HTTP/1.1
User-Agent: selenium/4.1.2 (java windows)
Content-Length: 136
Content-Type: application/json; charset=utf-8
host: localhost:53657
accept: */*

Response DefaultHttpResponse(decodeResult: success, version: HTTP/1.1)
HTTP/1.1 200 OK
Content-Type: application/json; charset=utf-8
cache-control: no-cache
content-length: 88

16:09:45.788 [AsyncHttpClient-1-3] DEBUG org.asynchttpclient.netty.channel.ChannelManager - Adding key: http://localhost:53657 for channel [id: 0xa22f7273, L:/127.0.0.1:60344 - R:localhost/127.0.0.1:53657]
16:09:45.800 [Forwarding clickElement on session 3833fe0ed5076f725494f079a5db4f52 to remote] DEBUG org.asynchttpclient.netty.request.NettyRequestSender - Using pooled Channel '[id: 0xa22f7273, L:/127.0.0.1:60344 - R:localhost/127.0.0.1:53657]' for 'POST' to 'http://localhost:53657/session/3833fe0ed5076f725494f079a5db4f52/element/b6c87d56-d70e-43a4-929b-752cf932c40c/click'
16:09:45.800 [Forwarding clickElement on session 3833fe0ed5076f725494f079a5db4f52 to remote] DEBUG org.asynchttpclient.netty.request.NettyRequestSender - Using open Channel [id: 0xa22f7273, L:/127.0.0.1:60344 - R:localhost/127.0.0.1:53657] for POST '/session/3833fe0ed5076f725494f079a5db4f52/element/b6c87d56-d70e-43a4-929b-752cf932c40c/click'
16:09:46.021 [AsyncHttpClient-1-3] DEBUG org.asynchttpclient.netty.handler.HttpHandler - 

Request DefaultHttpRequest(decodeResult: success, version: HTTP/1.1)
POST /session/3833fe0ed5076f725494f079a5db4f52/element/b6c87d56-d70e-43a4-929b-752cf932c40c/click HTTP/1.1
User-Agent: selenium/4.1.2 (java windows)
Content-Length: 50
Content-Type: application/json; charset=utf-8
host: localhost:53657
accept: */*

Response DefaultHttpResponse(decodeResult: success, version: HTTP/1.1)
HTTP/1.1 200 OK
Content-Type: application/json; charset=utf-8
cache-control: no-cache
content-length: 14

16:09:46.021 [AsyncHttpClient-1-3] DEBUG org.asynchttpclient.netty.channel.ChannelManager - Adding key: http://localhost:53657 for channel [id: 0xa22f7273, L:/127.0.0.1:60344 - R:localhost/127.0.0.1:53657]
16:09:46.061 [Forwarding screenshot on session 3833fe0ed5076f725494f079a5db4f52 to remote] DEBUG org.asynchttpclient.netty.request.NettyRequestSender - Using pooled Channel '[id: 0xa22f7273, L:/127.0.0.1:60344 - R:localhost/127.0.0.1:53657]' for 'GET' to 'http://localhost:53657/session/3833fe0ed5076f725494f079a5db4f52/screenshot'
16:09:46.061 [Forwarding screenshot on session 3833fe0ed5076f725494f079a5db4f52 to remote] DEBUG org.asynchttpclient.netty.request.NettyRequestSender - Using open Channel [id: 0xa22f7273, L:/127.0.0.1:60344 - R:localhost/127.0.0.1:53657] for GET '/session/3833fe0ed5076f725494f079a5db4f52/screenshot'
16:09:46.111 [AsyncHttpClient-1-1] DEBUG org.asynchttpclient.netty.channel.DefaultChannelPool - Entry count for : http://localhost:60345 : 1
16:09:47.189 [AsyncHttpClient-1-1] DEBUG org.asynchttpclient.netty.channel.DefaultChannelPool - Entry count for : http://localhost:60345 : 1
16:09:48.328 [AsyncHttpClient-1-1] DEBUG org.asynchttpclient.netty.channel.DefaultChannelPool - Entry count for : http://localhost:60345 : 1
16:09:49.526 [AsyncHttpClient-1-1] DEBUG org.asynchttpclient.netty.channel.DefaultChannelPool - Entry count for : http://localhost:60345 : 1
16:09:50.608 [AsyncHttpClient-1-1] DEBUG org.asynchttpclient.netty.channel.DefaultChannelPool - Entry count for : http://localhost:60345 : 1
16:09:51.756 [AsyncHttpClient-1-1] DEBUG org.asynchttpclient.netty.channel.DefaultChannelPool - Entry count for : http://localhost:60345 : 1
16:09:52.959 [AsyncHttpClient-1-1] DEBUG org.asynchttpclient.netty.channel.DefaultChannelPool - Entry count for : http://localhost:60345 : 1
16:09:54.039 [AsyncHttpClient-1-1] DEBUG org.asynchttpclient.netty.channel.DefaultChannelPool - Entry count for : http://localhost:60345 : 1
16:09:55.319 [AsyncHttpClient-1-1] DEBUG org.asynchttpclient.netty.channel.DefaultChannelPool - Entry count for : http://localhost:60345 : 1
16:09:56.504 [AsyncHttpClient-1-1] DEBUG org.asynchttpclient.netty.channel.DefaultChannelPool - Entry count for : http://localhost:60345 : 1
16:09:57.600 [AsyncHttpClient-1-1] DEBUG org.asynchttpclient.netty.channel.DefaultChannelPool - Entry count for : http://localhost:60345 : 1
16:09:58.649 [AsyncHttpClient-1-1] DEBUG org.asynchttpclient.netty.channel.DefaultChannelPool - Entry count for : http://localhost:60345 : 1
16:09:59.751 [AsyncHttpClient-1-1] DEBUG org.asynchttpclient.netty.channel.DefaultChannelPool - Entry count for : http://localhost:60345 : 1
16:10:00.949 [AsyncHttpClient-1-1] DEBUG org.asynchttpclient.netty.channel.DefaultChannelPool - Entry count for : http://localhost:60345 : 1
16:10:02.196 [AsyncHttpClient-1-1] DEBUG org.asynchttpclient.netty.channel.DefaultChannelPool - Entry count for : http://localhost:60345 : 1
16:10:03.247 [AsyncHttpClient-1-1] DEBUG org.asynchttpclient.netty.channel.DefaultChannelPool - Entry count for : http://localhost:60345 : 1
16:10:04.372 [AsyncHttpClient-1-1] DEBUG org.asynchttpclient.netty.channel.DefaultChannelPool - Entry count for : http://localhost:60345 : 1
16:10:05.484 [AsyncHttpClient-1-1] DEBUG org.asynchttpclient.netty.channel.DefaultChannelPool - Entry count for : http://localhost:60345 : 1
16:10:06.542 [AsyncHttpClient-1-1] DEBUG org.asynchttpclient.netty.channel.DefaultChannelPool - Entry count for : http://localhost:60345 : 1
16:10:07.659 [AsyncHttpClient-1-1] DEBUG org.asynchttpclient.netty.channel.DefaultChannelPool - Entry count for : http://localhost:60345 : 1
16:10:08.466 [AsyncHttpClient-1-3] DEBUG org.asynchttpclient.netty.handler.HttpHandler - 

Request DefaultFullHttpRequest(decodeResult: success, version: HTTP/1.1, content: EmptyByteBufBE)
GET /session/3833fe0ed5076f725494f079a5db4f52/screenshot HTTP/1.1
User-Agent: selenium/4.1.2 (java windows)
Cache-Control: no-cache
Content-Type: application/json; charset=utf-8
host: localhost:53657
accept: */*

Response DefaultHttpResponse(decodeResult: success, version: HTTP/1.1)
HTTP/1.1 200 OK
Content-Type: application/json; charset=utf-8
cache-control: no-cache
content-length: 88732

16:10:08.467 [AsyncHttpClient-1-3] DEBUG org.asynchttpclient.netty.channel.ChannelManager - Adding key: http://localhost:53657 for channel [id: 0xa22f7273, L:/127.0.0.1:60344 - R:localhost/127.0.0.1:53657]
16:10:08.471 [main] DEBUG net.serenitybdd.core.photography.Darkroom - Send negative for processing for target\site\serenity\5cf5365b44de1eb7e25e8bfd684acd469df441bfc9ffa6df5d63ef113f1f88e8.png
16:10:08.472 [main] DEBUG net.thucydides.core.steps.StepInterceptor - STEP DONE: clickLoginButton
  &amp#27;[32mGiven &amp#27;[0m&amp#27;[32mI am on product page&amp#27;[0m                    &amp#27;[90m# starter.stepdefinitions.ProductSteps.iAmOnProductPage()&amp#27;[0m
16:10:08.500 [main] DEBUG net.thucydides.core.steps.StepInterceptor - STARTING STEP: ProductSteps.iClickBuyButtonOnTensiDarahManual - clickSecondPRoduct
16:10:08.506 [Forwarding findElement on session 3833fe0ed5076f725494f079a5db4f52 to remote] DEBUG org.asynchttpclient.netty.request.NettyRequestSender - Using pooled Channel '[id: 0xa22f7273, L:/127.0.0.1:60344 - R:localhost/127.0.0.1:53657]' for 'POST' to 'http://localhost:53657/session/3833fe0ed5076f725494f079a5db4f52/element'
16:10:08.506 [Forwarding findElement on session 3833fe0ed5076f725494f079a5db4f52 to remote] DEBUG org.asynchttpclient.netty.request.NettyRequestSender - Using open Channel [id: 0xa22f7273, L:/127.0.0.1:60344 - R:localhost/127.0.0.1:53657] for POST '/session/3833fe0ed5076f725494f079a5db4f52/element'
16:10:08.548 [AsyncHttpClient-1-3] DEBUG org.asynchttpclient.netty.handler.HttpHandler - 

Request DefaultHttpRequest(decodeResult: success, version: HTTP/1.1)
POST /session/3833fe0ed5076f725494f079a5db4f52/element HTTP/1.1
User-Agent: selenium/4.1.2 (java windows)
Content-Length: 122
Content-Type: application/json; charset=utf-8
host: localhost:53657
accept: */*

Response DefaultHttpResponse(decodeResult: success, version: HTTP/1.1)
HTTP/1.1 200 OK
Content-Type: application/json; charset=utf-8
cache-control: no-cache
content-length: 88

16:10:08.548 [AsyncHttpClient-1-3] DEBUG org.asynchttpclient.netty.channel.ChannelManager - Adding key: http://localhost:53657 for channel [id: 0xa22f7273, L:/127.0.0.1:60344 - R:localhost/127.0.0.1:53657]
16:10:08.551 [Forwarding getElementTagName on session 3833fe0ed5076f725494f079a5db4f52 to remote] DEBUG org.asynchttpclient.netty.request.NettyRequestSender - Using pooled Channel '[id: 0xa22f7273, L:/127.0.0.1:60344 - R:localhost/127.0.0.1:53657]' for 'GET' to 'http://localhost:53657/session/3833fe0ed5076f725494f079a5db4f52/element/daa1c50f-fd36-4283-a4fc-2690030e5945/name'
16:10:08.551 [Forwarding getElementTagName on session 3833fe0ed5076f725494f079a5db4f52 to remote] DEBUG org.asynchttpclient.netty.request.NettyRequestSender - Using open Channel [id: 0xa22f7273, L:/127.0.0.1:60344 - R:localhost/127.0.0.1:53657] for GET '/session/3833fe0ed5076f725494f079a5db4f52/element/daa1c50f-fd36-4283-a4fc-2690030e5945/name'
16:10:08.560 [AsyncHttpClient-1-3] DEBUG org.asynchttpclient.netty.handler.HttpHandler - 

Request DefaultFullHttpRequest(decodeResult: success, version: HTTP/1.1, content: EmptyByteBufBE)
GET /session/3833fe0ed5076f725494f079a5db4f52/element/daa1c50f-fd36-4283-a4fc-2690030e5945/name HTTP/1.1
User-Agent: selenium/4.1.2 (java windows)
Cache-Control: no-cache
Content-Type: application/json; charset=utf-8
host: localhost:53657
accept: */*

Response DefaultHttpResponse(decodeResult: success, version: HTTP/1.1)
HTTP/1.1 200 OK
Content-Type: application/json; charset=utf-8
cache-control: no-cache
content-length: 16

16:10:08.560 [AsyncHttpClient-1-3] DEBUG org.asynchttpclient.netty.channel.ChannelManager - Adding key: http://localhost:53657 for channel [id: 0xa22f7273, L:/127.0.0.1:60344 - R:localhost/127.0.0.1:53657]
16:10:08.562 [Forwarding getElementTagName on session 3833fe0ed5076f725494f079a5db4f52 to remote] DEBUG org.asynchttpclient.netty.request.NettyRequestSender - Using pooled Channel '[id: 0xa22f7273, L:/127.0.0.1:60344 - R:localhost/127.0.0.1:53657]' for 'GET' to 'http://localhost:53657/session/3833fe0ed5076f725494f079a5db4f52/element/daa1c50f-fd36-4283-a4fc-2690030e5945/name'
16:10:08.562 [Forwarding getElementTagName on session 3833fe0ed5076f725494f079a5db4f52 to remote] DEBUG org.asynchttpclient.netty.request.NettyRequestSender - Using open Channel [id: 0xa22f7273, L:/127.0.0.1:60344 - R:localhost/127.0.0.1:53657] for GET '/session/3833fe0ed5076f725494f079a5db4f52/element/daa1c50f-fd36-4283-a4fc-2690030e5945/name'
16:10:08.571 [AsyncHttpClient-1-3] DEBUG org.asynchttpclient.netty.handler.HttpHandler - 

Request DefaultFullHttpRequest(decodeResult: success, version: HTTP/1.1, content: EmptyByteBufBE)
GET /session/3833fe0ed5076f725494f079a5db4f52/element/daa1c50f-fd36-4283-a4fc-2690030e5945/name HTTP/1.1
User-Agent: selenium/4.1.2 (java windows)
Cache-Control: no-cache
Content-Type: application/json; charset=utf-8
host: localhost:53657
accept: */*

Response DefaultHttpResponse(decodeResult: success, version: HTTP/1.1)
HTTP/1.1 200 OK
Content-Type: application/json; charset=utf-8
cache-control: no-cache
content-length: 16

16:10:08.571 [AsyncHttpClient-1-3] DEBUG org.asynchttpclient.netty.channel.ChannelManager - Adding key: http://localhost:53657 for channel [id: 0xa22f7273, L:/127.0.0.1:60344 - R:localhost/127.0.0.1:53657]
16:10:08.575 [Forwarding findElement on session 3833fe0ed5076f725494f079a5db4f52 to remote] DEBUG org.asynchttpclient.netty.request.NettyRequestSender - Using pooled Channel '[id: 0xa22f7273, L:/127.0.0.1:60344 - R:localhost/127.0.0.1:53657]' for 'POST' to 'http://localhost:53657/session/3833fe0ed5076f725494f079a5db4f52/element'
16:10:08.575 [Forwarding findElement on session 3833fe0ed5076f725494f079a5db4f52 to remote] DEBUG org.asynchttpclient.netty.request.NettyRequestSender - Using open Channel [id: 0xa22f7273, L:/127.0.0.1:60344 - R:localhost/127.0.0.1:53657] for POST '/session/3833fe0ed5076f725494f079a5db4f52/element'
16:10:08.602 [AsyncHttpClient-1-3] DEBUG org.asynchttpclient.netty.handler.HttpHandler - 

Request DefaultHttpRequest(decodeResult: success, version: HTTP/1.1)
POST /session/3833fe0ed5076f725494f079a5db4f52/element HTTP/1.1
User-Agent: selenium/4.1.2 (java windows)
Content-Length: 122
Content-Type: application/json; charset=utf-8
host: localhost:53657
accept: */*

Response DefaultHttpResponse(decodeResult: success, version: HTTP/1.1)
HTTP/1.1 200 OK
Content-Type: application/json; charset=utf-8
cache-control: no-cache
content-length: 88

16:10:08.602 [AsyncHttpClient-1-3] DEBUG org.asynchttpclient.netty.channel.ChannelManager - Adding key: http://localhost:53657 for channel [id: 0xa22f7273, L:/127.0.0.1:60344 - R:localhost/127.0.0.1:53657]
16:10:08.605 [Forwarding clickElement on session 3833fe0ed5076f725494f079a5db4f52 to remote] DEBUG org.asynchttpclient.netty.request.NettyRequestSender - Using pooled Channel '[id: 0xa22f7273, L:/127.0.0.1:60344 - R:localhost/127.0.0.1:53657]' for 'POST' to 'http://localhost:53657/session/3833fe0ed5076f725494f079a5db4f52/element/daa1c50f-fd36-4283-a4fc-2690030e5945/click'
16:10:08.605 [Forwarding clickElement on session 3833fe0ed5076f725494f079a5db4f52 to remote] DEBUG org.asynchttpclient.netty.request.NettyRequestSender - Using open Channel [id: 0xa22f7273, L:/127.0.0.1:60344 - R:localhost/127.0.0.1:53657] for POST '/session/3833fe0ed5076f725494f079a5db4f52/element/daa1c50f-fd36-4283-a4fc-2690030e5945/click'
16:10:08.795 [AsyncHttpClient-1-1] DEBUG org.asynchttpclient.netty.channel.DefaultChannelPool - Entry count for : http://localhost:60345 : 1
16:10:08.803 [AsyncHttpClient-1-3] DEBUG org.asynchttpclient.netty.handler.HttpHandler - 

Request DefaultHttpRequest(decodeResult: success, version: HTTP/1.1)
POST /session/3833fe0ed5076f725494f079a5db4f52/element/daa1c50f-fd36-4283-a4fc-2690030e5945/click HTTP/1.1
User-Agent: selenium/4.1.2 (java windows)
Content-Length: 50
Content-Type: application/json; charset=utf-8
host: localhost:53657
accept: */*

Response DefaultHttpResponse(decodeResult: success, version: HTTP/1.1)
HTTP/1.1 200 OK
Content-Type: application/json; charset=utf-8
cache-control: no-cache
content-length: 14

16:10:08.803 [AsyncHttpClient-1-3] DEBUG org.asynchttpclient.netty.channel.ChannelManager - Adding key: http://localhost:53657 for channel [id: 0xa22f7273, L:/127.0.0.1:60344 - R:localhost/127.0.0.1:53657]
16:10:08.826 [Forwarding screenshot on session 3833fe0ed5076f725494f079a5db4f52 to remote] DEBUG org.asynchttpclient.netty.request.NettyRequestSender - Using pooled Channel '[id: 0xa22f7273, L:/127.0.0.1:60344 - R:localhost/127.0.0.1:53657]' for 'GET' to 'http://localhost:53657/session/3833fe0ed5076f725494f079a5db4f52/screenshot'
16:10:08.826 [Forwarding screenshot on session 3833fe0ed5076f725494f079a5db4f52 to remote] DEBUG org.asynchttpclient.netty.request.NettyRequestSender - Using open Channel [id: 0xa22f7273, L:/127.0.0.1:60344 - R:localhost/127.0.0.1:53657] for GET '/session/3833fe0ed5076f725494f079a5db4f52/screenshot'
16:10:09.203 [AsyncHttpClient-1-3] DEBUG org.asynchttpclient.netty.handler.HttpHandler - 

Request DefaultFullHttpRequest(decodeResult: success, version: HTTP/1.1, content: EmptyByteBufBE)
GET /session/3833fe0ed5076f725494f079a5db4f52/screenshot HTTP/1.1
User-Agent: selenium/4.1.2 (java windows)
Cache-Control: no-cache
Content-Type: application/json; charset=utf-8
host: localhost:53657
accept: */*

Response DefaultHttpResponse(decodeResult: success, version: HTTP/1.1)
HTTP/1.1 200 OK
Content-Type: application/json; charset=utf-8
cache-control: no-cache
content-length: 90632

16:10:09.204 [AsyncHttpClient-1-3] DEBUG org.asynchttpclient.netty.channel.ChannelManager - Adding key: http://localhost:53657 for channel [id: 0xa22f7273, L:/127.0.0.1:60344 - R:localhost/127.0.0.1:53657]
16:10:09.208 [main] DEBUG net.serenitybdd.core.photography.Darkroom - Send negative for processing for target\site\serenity\fe267d27d1b624a44d02632e19cd8521b1764eb188152ff2ecb85518b7ce73f2.png
16:10:09.208 [main] DEBUG net.thucydides.core.steps.StepInterceptor - STEP DONE: clickSecondPRoduct
  &amp#27;[32mWhen &amp#27;[0m&amp#27;[32mI click buy button on second product&amp#27;[0m     &amp#27;[90m# starter.stepdefinitions.ProductSteps.iClickBuyButtonOnTensiDarahManual()&amp#27;[0m
16:10:09.208 [Darkroom Processing Line] DEBUG net.serenitybdd.core.photography.DarkroomProcessingLine - Processing screenshot image in /var/screenshots/screenshot-14265327552086839116
16:10:09.209 [Darkroom Processing Line] DEBUG net.serenitybdd.core.photography.DarkroomProcessingLine - Saving screenshot to target\site\serenity\fe267d27d1b624a44d02632e19cd8521b1764eb188152ff2ecb85518b7ce73f2.png
16:10:09.254 [main] DEBUG net.thucydides.core.steps.StepInterceptor - STARTING STEP: ProductSteps.tensiDarahManualAddedToMyShoppingCart - clickShoppingCart
16:10:09.258 [Forwarding findElement on session 3833fe0ed5076f725494f079a5db4f52 to remote] DEBUG org.asynchttpclient.netty.request.NettyRequestSender - Using pooled Channel '[id: 0xa22f7273, L:/127.0.0.1:60344 - R:localhost/127.0.0.1:53657]' for 'POST' to 'http://localhost:53657/session/3833fe0ed5076f725494f079a5db4f52/element'
16:10:09.258 [Forwarding findElement on session 3833fe0ed5076f725494f079a5db4f52 to remote] DEBUG org.asynchttpclient.netty.request.NettyRequestSender - Using open Channel [id: 0xa22f7273, L:/127.0.0.1:60344 - R:localhost/127.0.0.1:53657] for POST '/session/3833fe0ed5076f725494f079a5db4f52/element'
16:10:09.297 [AsyncHttpClient-1-3] DEBUG org.asynchttpclient.netty.handler.HttpHandler - 

Request DefaultHttpRequest(decodeResult: success, version: HTTP/1.1)
POST /session/3833fe0ed5076f725494f079a5db4f52/element HTTP/1.1
User-Agent: selenium/4.1.2 (java windows)
Content-Length: 213
Content-Type: application/json; charset=utf-8
host: localhost:53657
accept: */*

Response DefaultHttpResponse(decodeResult: success, version: HTTP/1.1)
HTTP/1.1 200 OK
Content-Type: application/json; charset=utf-8
cache-control: no-cache
content-length: 88

16:10:09.298 [AsyncHttpClient-1-3] DEBUG org.asynchttpclient.netty.channel.ChannelManager - Adding key: http://localhost:53657 for channel [id: 0xa22f7273, L:/127.0.0.1:60344 - R:localhost/127.0.0.1:53657]
16:10:09.301 [Forwarding getElementTagName on session 3833fe0ed5076f725494f079a5db4f52 to remote] DEBUG org.asynchttpclient.netty.request.NettyRequestSender - Using pooled Channel '[id: 0xa22f7273, L:/127.0.0.1:60344 - R:localhost/127.0.0.1:53657]' for 'GET' to 'http://localhost:53657/session/3833fe0ed5076f725494f079a5db4f52/element/ea7bd82a-17df-49e6-a784-bd2d779f5c9e/name'
16:10:09.301 [Forwarding getElementTagName on session 3833fe0ed5076f725494f079a5db4f52 to remote] DEBUG org.asynchttpclient.netty.request.NettyRequestSender - Using open Channel [id: 0xa22f7273, L:/127.0.0.1:60344 - R:localhost/127.0.0.1:53657] for GET '/session/3833fe0ed5076f725494f079a5db4f52/element/ea7bd82a-17df-49e6-a784-bd2d779f5c9e/name'
16:10:09.307 [AsyncHttpClient-1-3] DEBUG org.asynchttpclient.netty.handler.HttpHandler - 

Request DefaultFullHttpRequest(decodeResult: success, version: HTTP/1.1, content: EmptyByteBufBE)
GET /session/3833fe0ed5076f725494f079a5db4f52/element/ea7bd82a-17df-49e6-a784-bd2d779f5c9e/name HTTP/1.1
User-Agent: selenium/4.1.2 (java windows)
Cache-Control: no-cache
Content-Type: application/json; charset=utf-8
host: localhost:53657
accept: */*

Response DefaultHttpResponse(decodeResult: success, version: HTTP/1.1)
HTTP/1.1 200 OK
Content-Type: application/json; charset=utf-8
cache-control: no-cache
content-length: 16

16:10:09.307 [AsyncHttpClient-1-3] DEBUG org.asynchttpclient.netty.channel.ChannelManager - Adding key: http://localhost:53657 for channel [id: 0xa22f7273, L:/127.0.0.1:60344 - R:localhost/127.0.0.1:53657]
16:10:09.309 [Forwarding getElementTagName on session 3833fe0ed5076f725494f079a5db4f52 to remote] DEBUG org.asynchttpclient.netty.request.NettyRequestSender - Using pooled Channel '[id: 0xa22f7273, L:/127.0.0.1:60344 - R:localhost/127.0.0.1:53657]' for 'GET' to 'http://localhost:53657/session/3833fe0ed5076f725494f079a5db4f52/element/ea7bd82a-17df-49e6-a784-bd2d779f5c9e/name'
16:10:09.309 [Forwarding getElementTagName on session 3833fe0ed5076f725494f079a5db4f52 to remote] DEBUG org.asynchttpclient.netty.request.NettyRequestSender - Using open Channel [id: 0xa22f7273, L:/127.0.0.1:60344 - R:localhost/127.0.0.1:53657] for GET '/session/3833fe0ed5076f725494f079a5db4f52/element/ea7bd82a-17df-49e6-a784-bd2d779f5c9e/name'
16:10:09.342 [AsyncHttpClient-1-3] DEBUG org.asynchttpclient.netty.handler.HttpHandler - 

Request DefaultFullHttpRequest(decodeResult: success, version: HTTP/1.1, content: EmptyByteBufBE)
GET /session/3833fe0ed5076f725494f079a5db4f52/element/ea7bd82a-17df-49e6-a784-bd2d779f5c9e/name HTTP/1.1
User-Agent: selenium/4.1.2 (java windows)
Cache-Control: no-cache
Content-Type: application/json; charset=utf-8
host: localhost:53657
accept: */*

Response DefaultHttpResponse(decodeResult: success, version: HTTP/1.1)
HTTP/1.1 200 OK
Content-Type: application/json; charset=utf-8
cache-control: no-cache
content-length: 16

16:10:09.345 [AsyncHttpClient-1-3] DEBUG org.asynchttpclient.netty.channel.ChannelManager - Adding key: http://localhost:53657 for channel [id: 0xa22f7273, L:/127.0.0.1:60344 - R:localhost/127.0.0.1:53657]
16:10:09.349 [Forwarding findElement on session 3833fe0ed5076f725494f079a5db4f52 to remote] DEBUG org.asynchttpclient.netty.request.NettyRequestSender - Using pooled Channel '[id: 0xa22f7273, L:/127.0.0.1:60344 - R:localhost/127.0.0.1:53657]' for 'POST' to 'http://localhost:53657/session/3833fe0ed5076f725494f079a5db4f52/element'
16:10:09.349 [Forwarding findElement on session 3833fe0ed5076f725494f079a5db4f52 to remote] DEBUG org.asynchttpclient.netty.request.NettyRequestSender - Using open Channel [id: 0xa22f7273, L:/127.0.0.1:60344 - R:localhost/127.0.0.1:53657] for POST '/session/3833fe0ed5076f725494f079a5db4f52/element'
16:10:09.371 [AsyncHttpClient-1-3] DEBUG org.asynchttpclient.netty.handler.HttpHandler - 

Request DefaultHttpRequest(decodeResult: success, version: HTTP/1.1)
POST /session/3833fe0ed5076f725494f079a5db4f52/element HTTP/1.1
User-Agent: selenium/4.1.2 (java windows)
Content-Length: 213
Content-Type: application/json; charset=utf-8
host: localhost:53657
accept: */*

Response DefaultHttpResponse(decodeResult: success, version: HTTP/1.1)
HTTP/1.1 200 OK
Content-Type: application/json; charset=utf-8
cache-control: no-cache
content-length: 88

16:10:09.371 [AsyncHttpClient-1-3] DEBUG org.asynchttpclient.netty.channel.ChannelManager - Adding key: http://localhost:53657 for channel [id: 0xa22f7273, L:/127.0.0.1:60344 - R:localhost/127.0.0.1:53657]
16:10:09.372 [Forwarding clickElement on session 3833fe0ed5076f725494f079a5db4f52 to remote] DEBUG org.asynchttpclient.netty.request.NettyRequestSender - Using pooled Channel '[id: 0xa22f7273, L:/127.0.0.1:60344 - R:localhost/127.0.0.1:53657]' for 'POST' to 'http://localhost:53657/session/3833fe0ed5076f725494f079a5db4f52/element/ea7bd82a-17df-49e6-a784-bd2d779f5c9e/click'
16:10:09.373 [Forwarding clickElement on session 3833fe0ed5076f725494f079a5db4f52 to remote] DEBUG org.asynchttpclient.netty.request.NettyRequestSender - Using open Channel [id: 0xa22f7273, L:/127.0.0.1:60344 - R:localhost/127.0.0.1:53657] for POST '/session/3833fe0ed5076f725494f079a5db4f52/element/ea7bd82a-17df-49e6-a784-bd2d779f5c9e/click'
16:10:09.809 [AsyncHttpClient-1-3] DEBUG org.asynchttpclient.netty.handler.HttpHandler - 

Request DefaultHttpRequest(decodeResult: success, version: HTTP/1.1)
POST /session/3833fe0ed5076f725494f079a5db4f52/element/ea7bd82a-17df-49e6-a784-bd2d779f5c9e/click HTTP/1.1
User-Agent: selenium/4.1.2 (java windows)
Content-Length: 50
Content-Type: application/json; charset=utf-8
host: localhost:53657
accept: */*

Response DefaultHttpResponse(decodeResult: success, version: HTTP/1.1)
HTTP/1.1 200 OK
Content-Type: application/json; charset=utf-8
cache-control: no-cache
content-length: 14

16:10:09.809 [AsyncHttpClient-1-3] DEBUG org.asynchttpclient.netty.channel.ChannelManager - Adding key: http://localhost:53657 for channel [id: 0xa22f7273, L:/127.0.0.1:60344 - R:localhost/127.0.0.1:53657]
16:10:09.820 [Forwarding screenshot on session 3833fe0ed5076f725494f079a5db4f52 to remote] DEBUG org.asynchttpclient.netty.request.NettyRequestSender - Using pooled Channel '[id: 0xa22f7273, L:/127.0.0.1:60344 - R:localhost/127.0.0.1:53657]' for 'GET' to 'http://localhost:53657/session/3833fe0ed5076f725494f079a5db4f52/screenshot'
16:10:09.820 [Forwarding screenshot on session 3833fe0ed5076f725494f079a5db4f52 to remote] DEBUG org.asynchttpclient.netty.request.NettyRequestSender - Using open Channel [id: 0xa22f7273, L:/127.0.0.1:60344 - R:localhost/127.0.0.1:53657] for GET '/session/3833fe0ed5076f725494f079a5db4f52/screenshot'
16:10:09.939 [AsyncHttpClient-1-1] DEBUG org.asynchttpclient.netty.channel.DefaultChannelPool - Entry count for : http://localhost:60345 : 1
16:10:10.819 [AsyncHttpClient-1-3] DEBUG org.asynchttpclient.netty.handler.HttpHandler - 

Request DefaultFullHttpRequest(decodeResult: success, version: HTTP/1.1, content: EmptyByteBufBE)
GET /session/3833fe0ed5076f725494f079a5db4f52/screenshot HTTP/1.1
User-Agent: selenium/4.1.2 (java windows)
Cache-Control: no-cache
Content-Type: application/json; charset=utf-8
host: localhost:53657
accept: */*

Response DefaultHttpResponse(decodeResult: success, version: HTTP/1.1)
HTTP/1.1 200 OK
Content-Type: application/json; charset=utf-8
cache-control: no-cache
content-length: 33164

16:10:10.820 [AsyncHttpClient-1-3] DEBUG org.asynchttpclient.netty.channel.ChannelManager - Adding key: http://localhost:53657 for channel [id: 0xa22f7273, L:/127.0.0.1:60344 - R:localhost/127.0.0.1:53657]
16:10:10.822 [main] DEBUG net.serenitybdd.core.photography.Darkroom - Send negative for processing for target\site\serenity\a2cdc0926f9f0051284d5ce22b2c8e6b5dece64463295090e3f995449f0d33c6.png
16:10:10.823 [main] DEBUG net.thucydides.core.steps.StepInterceptor - STEP DONE: clickShoppingCart
16:10:10.836 [main] DEBUG net.thucydides.core.steps.StepInterceptor - STARTING STEP: ProductSteps.tensiDarahManualAddedToMyShoppingCart - verifyTotalBayar
16:10:10.840 [Forwarding findElement on session 3833fe0ed5076f725494f079a5db4f52 to remote] DEBUG org.asynchttpclient.netty.request.NettyRequestSender - Using pooled Channel '[id: 0xa22f7273, L:/127.0.0.1:60344 - R:localhost/127.0.0.1:53657]' for 'POST' to 'http://localhost:53657/session/3833fe0ed5076f725494f079a5db4f52/element'
16:10:10.840 [Forwarding findElement on session 3833fe0ed5076f725494f079a5db4f52 to remote] DEBUG org.asynchttpclient.netty.request.NettyRequestSender - Using open Channel [id: 0xa22f7273, L:/127.0.0.1:60344 - R:localhost/127.0.0.1:53657] for POST '/session/3833fe0ed5076f725494f079a5db4f52/element'
16:10:10.841 [Darkroom Processing Line] DEBUG net.serenitybdd.core.photography.DarkroomProcessingLine - Processing screenshot image in /var/screenshots/screenshot-15669586282820194883
16:10:10.842 [Darkroom Processing Line] DEBUG net.serenitybdd.core.photography.DarkroomProcessingLine - Saving screenshot to target\site\serenity\a2cdc0926f9f0051284d5ce22b2c8e6b5dece64463295090e3f995449f0d33c6.png
16:10:10.868 [AsyncHttpClient-1-3] DEBUG org.asynchttpclient.netty.handler.HttpHandler - 

Request DefaultHttpRequest(decodeResult: success, version: HTTP/1.1)
POST /session/3833fe0ed5076f725494f079a5db4f52/element HTTP/1.1
User-Agent: selenium/4.1.2 (java windows)
Content-Length: 108
Content-Type: application/json; charset=utf-8
host: localhost:53657
accept: */*

Response DefaultHttpResponse(decodeResult: success, version: HTTP/1.1)
HTTP/1.1 200 OK
Content-Type: application/json; charset=utf-8
cache-control: no-cache
content-length: 88

16:10:10.868 [AsyncHttpClient-1-3] DEBUG org.asynchttpclient.netty.channel.ChannelManager - Adding key: http://localhost:53657 for channel [id: 0xa22f7273, L:/127.0.0.1:60344 - R:localhost/127.0.0.1:53657]
16:10:10.876 [Forwarding isElementDisplayed on session 3833fe0ed5076f725494f079a5db4f52 to remote] DEBUG org.asynchttpclient.netty.request.NettyRequestSender - Using pooled Channel '[id: 0xa22f7273, L:/127.0.0.1:60344 - R:localhost/127.0.0.1:53657]' for 'POST' to 'http://localhost:53657/session/3833fe0ed5076f725494f079a5db4f52/execute/sync'
16:10:10.876 [Forwarding isElementDisplayed on session 3833fe0ed5076f725494f079a5db4f52 to remote] DEBUG org.asynchttpclient.netty.request.NettyRequestSender - Using open Channel [id: 0xa22f7273, L:/127.0.0.1:60344 - R:localhost/127.0.0.1:53657] for POST '/session/3833fe0ed5076f725494f079a5db4f52/execute/sync'
16:10:10.908 [AsyncHttpClient-1-3] DEBUG org.asynchttpclient.netty.handler.HttpHandler - 

Request DefaultHttpRequest(decodeResult: success, version: HTTP/1.1)
POST /session/3833fe0ed5076f725494f079a5db4f52/execute/sync HTTP/1.1
User-Agent: selenium/4.1.2 (java windows)
Content-Length: 48780
Content-Type: application/json; charset=utf-8
host: localhost:53657
accept: */*

Response DefaultHttpResponse(decodeResult: success, version: HTTP/1.1)
HTTP/1.1 200 OK
Content-Type: application/json; charset=utf-8
cache-control: no-cache
content-length: 14

16:10:10.909 [AsyncHttpClient-1-3] DEBUG org.asynchttpclient.netty.channel.ChannelManager - Adding key: http://localhost:53657 for channel [id: 0xa22f7273, L:/127.0.0.1:60344 - R:localhost/127.0.0.1:53657]
16:10:10.918 [Forwarding screenshot on session 3833fe0ed5076f725494f079a5db4f52 to remote] DEBUG org.asynchttpclient.netty.request.NettyRequestSender - Using pooled Channel '[id: 0xa22f7273, L:/127.0.0.1:60344 - R:localhost/127.0.0.1:53657]' for 'GET' to 'http://localhost:53657/session/3833fe0ed5076f725494f079a5db4f52/screenshot'
16:10:10.918 [Forwarding screenshot on session 3833fe0ed5076f725494f079a5db4f52 to remote] DEBUG org.asynchttpclient.netty.request.NettyRequestSender - Using open Channel [id: 0xa22f7273, L:/127.0.0.1:60344 - R:localhost/127.0.0.1:53657] for GET '/session/3833fe0ed5076f725494f079a5db4f52/screenshot'
16:10:11.093 [AsyncHttpClient-1-1] DEBUG org.asynchttpclient.netty.channel.DefaultChannelPool - Entry count for : http://localhost:60345 : 1
16:10:11.126 [AsyncHttpClient-1-3] DEBUG org.asynchttpclient.netty.handler.HttpHandler - 

Request DefaultFullHttpRequest(decodeResult: success, version: HTTP/1.1, content: EmptyByteBufBE)
GET /session/3833fe0ed5076f725494f079a5db4f52/screenshot HTTP/1.1
User-Agent: selenium/4.1.2 (java windows)
Cache-Control: no-cache
Content-Type: application/json; charset=utf-8
host: localhost:53657
accept: */*

Response DefaultHttpResponse(decodeResult: success, version: HTTP/1.1)
HTTP/1.1 200 OK
Content-Type: application/json; charset=utf-8
cache-control: no-cache
content-length: 33072

16:10:11.126 [AsyncHttpClient-1-3] DEBUG org.asynchttpclient.netty.channel.ChannelManager - Adding key: http://localhost:53657 for channel [id: 0xa22f7273, L:/127.0.0.1:60344 - R:localhost/127.0.0.1:53657]
16:10:11.130 [main] DEBUG net.serenitybdd.core.photography.Darkroom - Send negative for processing for target\site\serenity\41c5718b9e8a70b6d31a923793f5e3afa11684dabf3bd9d2c5e50bb86867e1a4.png
16:10:11.167 [main] DEBUG net.thucydides.core.steps.StepInterceptor - STEP DONE: verifyTotalBayar
  &amp#27;[32mThen &amp#27;[0m&amp#27;[32msecond product added to my shopping cart&amp#27;[0m &amp#27;[90m# starter.stepdefinitions.ProductSteps.tensiDarahManualAddedToMyShoppingCart()&amp#27;[0m
16:10:11.177 [main] INFO  - 
  _____   ___   ___   _____     ___     _     ___   ___   ___   ___  
 |_   _| | __| / __| |_   _|   | _ \   /_\   / __| / __| | __| |   \ 
   | |   | _|  \__ \   | |     |  _/  / _ \  \__ \ \__ \ | _|  | |) |
   |_|   |___| |___/   |_|     |_|   /_/ \_\ |___/ |___/ |___| |___/ 

Buy second product
----------------------------------------------------------------------
16:10:11.179 [AsyncHttpClient-1-5] DEBUG org.asynchttpclient.netty.handler.WebSocketHandler - Channel Closed: [id: 0x1ec5f862, L:/127.0.0.1:60352 ! R:localhost/127.0.0.1:60345] with attribute NettyResponseFuture{currentRetry=5,
	isDone=1,
	isCancelled=0,
	asyncHandler=org.asynchttpclient.ws.WebSocketUpgradeHandler@4f9074bf,
	nettyRequest=org.asynchttpclient.netty.request.NettyRequest@73c8e9dd,
	future=java.util.concurrent.CompletableFuture@5ef68456[Completed normally],
	uri=ws://localhost:60345/devtools/browser/0c264ffe-5ed4-4653-977d-3aa84e776070,
	keepAlive=true,
	redirectCount=0,
	timeoutsHolder=null,
	inAuth=0,
	touch=1652778581238}
16:10:11.179 [AsyncHttpClient-1-5] DEBUG org.asynchttpclient.netty.channel.ChannelManager - Closing Channel [id: 0x1ec5f862, L:/127.0.0.1:60352 ! R:localhost/127.0.0.1:60345] 
16:10:11.211 [Driver Command Executor] DEBUG org.asynchttpclient.netty.request.NettyRequestSender - Using pooled Channel '[id: 0xa22f7273, L:/127.0.0.1:60344 - R:localhost/127.0.0.1:53657]' for 'DELETE' to 'http://localhost:53657/session/3833fe0ed5076f725494f079a5db4f52'
16:10:11.212 [Driver Command Executor] DEBUG org.asynchttpclient.netty.request.NettyRequestSender - Using open Channel [id: 0xa22f7273, L:/127.0.0.1:60344 - R:localhost/127.0.0.1:53657] for DELETE '/session/3833fe0ed5076f725494f079a5db4f52'
16:10:11.744 [AsyncHttpClient-1-4] DEBUG org.asynchttpclient.netty.handler.HttpHandler - Unexpected I/O exception on channel [id: 0x92a767ab, L:/127.0.0.1:60351 - R:localhost/127.0.0.1:60345]
java.net.SocketException: Connection reset
	at java.base/sun.nio.ch.SocketChannelImpl.throwConnectionReset(SocketChannelImpl.java:367)
	at java.base/sun.nio.ch.SocketChannelImpl.read(SocketChannelImpl.java:398)
	at io.netty.buffer.PooledByteBuf.setBytes(PooledByteBuf.java:258)
	at io.netty.buffer.AbstractByteBuf.writeBytes(AbstractByteBuf.java:1132)
	at io.netty.channel.socket.nio.NioSocketChannel.doReadBytes(NioSocketChannel.java:350)
	at io.netty.channel.nio.AbstractNioByteChannel$NioByteUnsafe.read(AbstractNioByteChannel.java:151)
	at io.netty.channel.nio.NioEventLoop.processSelectedKey(NioEventLoop.java:722)
	at io.netty.channel.nio.NioEventLoop.processSelectedKeysOptimized(NioEventLoop.java:658)
	at io.netty.channel.nio.NioEventLoop.processSelectedKeys(NioEventLoop.java:584)
	at io.netty.channel.nio.NioEventLoop.run(NioEventLoop.java:496)
	at io.netty.util.concurrent.SingleThreadEventExecutor$4.run(SingleThreadEventExecutor.java:986)
	at io.netty.util.internal.ThreadExecutorMap$2.run(ThreadExecutorMap.java:74)
	at io.netty.util.concurrent.FastThreadLocalRunnable.run(FastThreadLocalRunnable.java:30)
	at java.base/java.lang.Thread.run(Thread.java:832)
16:10:11.744 [AsyncHttpClient-1-4] DEBUG org.asynchttpclient.netty.channel.ChannelManager - Closing Channel [id: 0x92a767ab, L:/127.0.0.1:60351 - R:localhost/127.0.0.1:60345] 
16:10:11.746 [AsyncHttpClient-1-4] DEBUG org.asynchttpclient.netty.handler.HttpHandler - Channel Closed: [id: 0x92a767ab, L:/127.0.0.1:60351 ! R:localhost/127.0.0.1:60345] with attribute DISCARD
16:10:11.776 [AsyncHttpClient-1-3] DEBUG org.asynchttpclient.netty.handler.HttpHandler - 

Request DefaultFullHttpRequest(decodeResult: success, version: HTTP/1.1, content: EmptyByteBufBE)
DELETE /session/3833fe0ed5076f725494f079a5db4f52 HTTP/1.1
User-Agent: selenium/4.1.2 (java windows)
Content-Type: application/json; charset=utf-8
host: localhost:53657
accept: */*

Response DefaultHttpResponse(decodeResult: success, version: HTTP/1.1)
HTTP/1.1 200 OK
Content-Type: application/json; charset=utf-8
cache-control: no-cache
content-length: 14

16:10:11.776 [AsyncHttpClient-1-3] DEBUG org.asynchttpclient.netty.channel.ChannelManager - Adding key: http://localhost:53657 for channel [id: 0xa22f7273, L:/127.0.0.1:60344 - R:localhost/127.0.0.1:53657]
16:10:12.136 [AsyncHttpClient-1-1] DEBUG org.asynchttpclient.netty.channel.DefaultChannelPool - Entry count for : http://localhost:53657 : 1
16:10:12.136 [AsyncHttpClient-1-1] DEBUG org.asynchttpclient.netty.channel.DefaultChannelPool - Entry count for : http://localhost:60345 : 1
16:10:12.136 [AsyncHttpClient-1-1] DEBUG org.asynchttpclient.netty.channel.DefaultChannelPool - Adding Candidate expired Channel [id: 0x92a767ab, L:/127.0.0.1:60351 ! R:localhost/127.0.0.1:60345] isIdleTimeoutExpired=false isRemotelyClosed=true isTtlExpired=false
16:10:12.136 [AsyncHttpClient-1-1] DEBUG org.asynchttpclient.netty.channel.DefaultChannelPool - Closing Idle Channel [id: 0x92a767ab, L:/127.0.0.1:60351 ! R:localhost/127.0.0.1:60345]
16:10:12.136 [AsyncHttpClient-1-1] DEBUG org.asynchttpclient.netty.channel.DefaultChannelPool - Closed 1 connections out of 2 in 0 ms
16:10:12.279 [AsyncHttpClient-1-3] DEBUG org.asynchttpclient.netty.handler.HttpHandler - Channel Closed: [id: 0xa22f7273, L:/127.0.0.1:60344 ! R:localhost/127.0.0.1:53657] with attribute DISCARD
]]></system-out>
    <system-err><![CDATA[Starting ChromeDriver 100.0.4896.60 (6a5d10861ce8de5fce22564658033b43cb7de047-refs/branch-heads/4896@{#875}) on port 53657
Only local connections are allowed.
Please see https://chromedriver.chromium.org/security-considerations for suggestions on keeping ChromeDriver safe.
ChromeDriver was started successfully.
[1652778580.383][WARNING]: This version of ChromeDriver has not been tested with Chrome version 101.
May 17, 2022 4:09:41 PM org.openqa.selenium.remote.ProtocolHandshake createSession
INFO: Detected dialect: W3C
May 17, 2022 4:09:41 PM org.openqa.selenium.devtools.CdpVersionFinder findNearestMatch
WARNING: Unable to find an exact match for CDP version 101, so returning the closest version found: 97
May 17, 2022 4:09:41 PM org.openqa.selenium.devtools.CdpVersionFinder findNearestMatch
INFO: Found CDP implementation for version 101 of 97
[1652778596.172][SEVERE]: Timed out receiving message from renderer: 10.000
[1652778596.188][WARNING]: screenshot failed, retrying timeout: Timed out receiving message from renderer: 10.000
[1652778606.194][SEVERE]: Timed out receiving message from renderer: 10.000
]]></system-err>
  </testcase>
  <testcase name="When i don&apos;t buy anything on product page" classname="Product" time="40.065">
    <system-out><![CDATA[
Scenario: When i don't buy anything on product page &amp#27;[90m# src/test/resources/features/Product.feature:18&amp#27;[0m
16:10:12.827 [main] INFO io.cucumber.core.plugin.SerenityReporter - Running feature from file:///C:/Users/ponda/Documents/Final_Project/Final_Web/src/test/resources/features/Product.feature
16:10:12.831 [main] INFO  - 
  _____   ___   ___   _____     ___   _____     _     ___   _____   ___   ___  
 |_   _| | __| / __| |_   _|   / __| |_   _|   /_\   | _ \ |_   _| | __| |   \ 
   | |   | _|  \__ \   | |     \__ \   | |    / _ \  |   /   | |   | _|  | |) |
   |_|   |___| |___/   |_|     |___/   |_|   /_/ \_\ |_|_\   |_|   |___| |___/ 

When i don't buy anything on product page(product;when-i-don-t-buy-anything-on-product-page)
--------------------------------------------------------------------------------
16:10:12.941 [main] DEBUG net.thucydides.core.steps.StepInterceptor - STARTING STEP: ProductSteps.iAmOnProductPage - openUrl
16:10:12.944 [main] INFO net.serenitybdd.core.webdriver.driverproviders.ChromeDriverProvider - Using automatically driver download
16:10:13.478 [AsyncHttpClient-1-1] DEBUG org.asynchttpclient.netty.channel.DefaultChannelPool - Entry count for : http://localhost:53657 : 1
16:10:13.478 [AsyncHttpClient-1-1] DEBUG org.asynchttpclient.netty.channel.DefaultChannelPool - Adding Candidate expired Channel [id: 0xa22f7273, L:/127.0.0.1:60344 ! R:localhost/127.0.0.1:53657] isIdleTimeoutExpired=false isRemotelyClosed=true isTtlExpired=false
16:10:13.478 [AsyncHttpClient-1-1] DEBUG org.asynchttpclient.netty.channel.DefaultChannelPool - Closing Idle Channel [id: 0xa22f7273, L:/127.0.0.1:60344 ! R:localhost/127.0.0.1:53657]
16:10:13.478 [AsyncHttpClient-1-1] DEBUG org.asynchttpclient.netty.channel.DefaultChannelPool - Closed 1 connections out of 1 in 0 ms
16:10:13.504 [main] DEBUG io.github.bonigarcia.wdm.cache.ResolutionCache - Resolution chrome=101 in cache (valid until 17:04:06 17/05/2022 WIB)
16:10:13.532 [main] DEBUG io.github.bonigarcia.wdm.cache.ResolutionCache - Resolution chrome101=101.0.4951.41 in cache (valid until 16:04:06 18/05/2022 WIB)
16:10:13.542 [main] INFO io.github.bonigarcia.wdm.WebDriverManager - Using chromedriver 101.0.4951.41 (resolved driver for Chrome 101)
16:10:13.605 [main] DEBUG io.github.bonigarcia.wdm.WebDriverManager - Driver chromedriver 101.0.4951.41 found in cache
16:10:13.607 [main] INFO io.github.bonigarcia.wdm.WebDriverManager - Exporting webdriver.chrome.driver as C:\Users\ponda\.cache\selenium\chromedriver\win32\101.0.4951.41\chromedriver.exe
16:10:13.915 [main] DEBUG net.serenitybdd.core.webdriver.driverproviders.ProvideNewDriver - Instantiating driver
16:10:13.915 [main] DEBUG net.serenitybdd.core.webdriver.driverproviders.ProvideNewDriver - Driver capabilities: Capabilities {acceptInsecureCerts: false, base.url: https://qa.alta.id, browserName: chrome, chrome.driver: src/test/resources/webdrive..., driver: chrome, goog:chromeOptions: {args: [], extensions: []}}
16:10:14.497 [AsyncHttpClient-1-2] DEBUG org.asynchttpclient.netty.channel.NettyConnectListener - Using new Channel '[id: 0x6ca93b63, L:/127.0.0.1:60379 - R:localhost/127.0.0.1:54184]' for 'POST' to '/session'
16:10:17.550 [AsyncHttpClient-1-2] DEBUG org.asynchttpclient.netty.handler.HttpHandler - 

Request DefaultHttpRequest(decodeResult: success, version: HTTP/1.1)
POST /session HTTP/1.1
User-Agent: selenium/4.1.2 (java windows)
Content-Length: 599
Content-Type: application/json; charset=utf-8
host: localhost:54184
accept: */*

Response DefaultHttpResponse(decodeResult: success, version: HTTP/1.1)
HTTP/1.1 200 OK
Content-Type: application/json; charset=utf-8
cache-control: no-cache
content-length: 789

16:10:17.550 [AsyncHttpClient-1-2] DEBUG org.asynchttpclient.netty.channel.ChannelManager - Adding key: http://localhost:54184 for channel [id: 0x6ca93b63, L:/127.0.0.1:60379 - R:localhost/127.0.0.1:54184]
16:10:17.718 [AsyncHttpClient-1-3] DEBUG org.asynchttpclient.netty.channel.NettyConnectListener - Using new Channel '[id: 0x2dd0f2ed, L:/127.0.0.1:60386 - R:localhost/127.0.0.1:60380]' for 'GET' to '/json/version'
16:10:17.719 [AsyncHttpClient-1-3] DEBUG org.asynchttpclient.netty.handler.HttpHandler - 

Request DefaultFullHttpRequest(decodeResult: success, version: HTTP/1.1, content: EmptyByteBufBE)
GET /json/version HTTP/1.1
User-Agent: selenium/4.1.2 (java windows)
host: localhost:60380
accept: */*

Response DefaultHttpResponse(decodeResult: success, version: HTTP/1.1)
HTTP/1.1 200 OK
Content-Type: application/json; charset=UTF-8
content-length: 427

16:10:17.719 [AsyncHttpClient-1-3] DEBUG org.asynchttpclient.netty.channel.ChannelManager - Adding key: http://localhost:60380 for channel [id: 0x2dd0f2ed, L:/127.0.0.1:60386 - R:localhost/127.0.0.1:60380]
16:10:17.726 [AsyncHttpClient-1-4] DEBUG org.asynchttpclient.netty.channel.NettyConnectListener - Using new Channel '[id: 0x503d1043, L:/127.0.0.1:60387 - R:localhost/127.0.0.1:60380]' for 'GET' to '/devtools/browser/cf4a8e6b-5b4e-48d3-b166-95a9e8bea54b'
16:10:17.727 [AsyncHttpClient-1-4] DEBUG org.asynchttpclient.netty.handler.WebSocketHandler - 

Request DefaultFullHttpRequest(decodeResult: success, version: HTTP/1.1, content: EmptyByteBufBE)
GET /devtools/browser/cf4a8e6b-5b4e-48d3-b166-95a9e8bea54b HTTP/1.1
upgrade: websocket
connection: upgrade
sec-websocket-key: TJtNikHH0QE6lpZSQF7FUA==
sec-websocket-version: 13
origin: http://localhost:60380
host: localhost:60380
accept: */*
user-agent: AHC/2.1

Response DefaultHttpResponse(decodeResult: success, version: HTTP/1.1)
HTTP/1.1 101 WebSocket Protocol Handshake
Upgrade: WebSocket
Connection: Upgrade
Sec-WebSocket-Accept: PgE/QgCXbLDYdBWOSc69joSp1eg=

16:10:17.737 [Forwarding maximizeCurrentWindow on session ef1d049c44eb0263b5f8803eb7cd7476 to remote] DEBUG org.asynchttpclient.netty.request.NettyRequestSender - Using pooled Channel '[id: 0x6ca93b63, L:/127.0.0.1:60379 - R:localhost/127.0.0.1:54184]' for 'POST' to 'http://localhost:54184/session/ef1d049c44eb0263b5f8803eb7cd7476/window/maximize'
16:10:17.737 [Forwarding maximizeCurrentWindow on session ef1d049c44eb0263b5f8803eb7cd7476 to remote] DEBUG org.asynchttpclient.netty.request.NettyRequestSender - Using open Channel [id: 0x6ca93b63, L:/127.0.0.1:60379 - R:localhost/127.0.0.1:54184] for POST '/session/ef1d049c44eb0263b5f8803eb7cd7476/window/maximize'
16:10:18.087 [AsyncHttpClient-1-2] DEBUG org.asynchttpclient.netty.handler.HttpHandler - 

Request DefaultHttpRequest(decodeResult: success, version: HTTP/1.1)
POST /session/ef1d049c44eb0263b5f8803eb7cd7476/window/maximize HTTP/1.1
User-Agent: selenium/4.1.2 (java windows)
Content-Length: 3
Content-Type: application/json; charset=utf-8
host: localhost:54184
accept: */*

Response DefaultHttpResponse(decodeResult: success, version: HTTP/1.1)
HTTP/1.1 200 OK
Content-Type: application/json; charset=utf-8
cache-control: no-cache
content-length: 51

16:10:18.087 [AsyncHttpClient-1-2] DEBUG org.asynchttpclient.netty.channel.ChannelManager - Adding key: http://localhost:54184 for channel [id: 0x6ca93b63, L:/127.0.0.1:60379 - R:localhost/127.0.0.1:54184]
16:10:18.091 [Forwarding get on session ef1d049c44eb0263b5f8803eb7cd7476 to remote] DEBUG org.asynchttpclient.netty.request.NettyRequestSender - Using pooled Channel '[id: 0x6ca93b63, L:/127.0.0.1:60379 - R:localhost/127.0.0.1:54184]' for 'POST' to 'http://localhost:54184/session/ef1d049c44eb0263b5f8803eb7cd7476/url'
16:10:18.091 [Forwarding get on session ef1d049c44eb0263b5f8803eb7cd7476 to remote] DEBUG org.asynchttpclient.netty.request.NettyRequestSender - Using open Channel [id: 0x6ca93b63, L:/127.0.0.1:60379 - R:localhost/127.0.0.1:54184] for POST '/session/ef1d049c44eb0263b5f8803eb7cd7476/url'
16:10:18.342 [AsyncHttpClient-1-1] DEBUG org.asynchttpclient.netty.channel.DefaultChannelPool - Entry count for : http://localhost:60380 : 1
16:10:19.442 [AsyncHttpClient-1-1] DEBUG org.asynchttpclient.netty.channel.DefaultChannelPool - Entry count for : http://localhost:60380 : 1
16:10:19.986 [AsyncHttpClient-1-2] DEBUG org.asynchttpclient.netty.handler.HttpHandler - 

Request DefaultHttpRequest(decodeResult: success, version: HTTP/1.1)
POST /session/ef1d049c44eb0263b5f8803eb7cd7476/url HTTP/1.1
User-Agent: selenium/4.1.2 (java windows)
Content-Length: 64
Content-Type: application/json; charset=utf-8
host: localhost:54184
accept: */*

Response DefaultHttpResponse(decodeResult: success, version: HTTP/1.1)
HTTP/1.1 200 OK
Content-Type: application/json; charset=utf-8
cache-control: no-cache
content-length: 14

16:10:19.987 [AsyncHttpClient-1-2] DEBUG org.asynchttpclient.netty.channel.ChannelManager - Adding key: http://localhost:54184 for channel [id: 0x6ca93b63, L:/127.0.0.1:60379 - R:localhost/127.0.0.1:54184]
16:10:19.996 [Forwarding setTimeout on session ef1d049c44eb0263b5f8803eb7cd7476 to remote] DEBUG org.asynchttpclient.netty.request.NettyRequestSender - Using pooled Channel '[id: 0x6ca93b63, L:/127.0.0.1:60379 - R:localhost/127.0.0.1:54184]' for 'POST' to 'http://localhost:54184/session/ef1d049c44eb0263b5f8803eb7cd7476/timeouts'
16:10:19.998 [Forwarding setTimeout on session ef1d049c44eb0263b5f8803eb7cd7476 to remote] DEBUG org.asynchttpclient.netty.request.NettyRequestSender - Using open Channel [id: 0x6ca93b63, L:/127.0.0.1:60379 - R:localhost/127.0.0.1:54184] for POST '/session/ef1d049c44eb0263b5f8803eb7cd7476/timeouts'
16:10:20.001 [AsyncHttpClient-1-2] DEBUG org.asynchttpclient.netty.handler.HttpHandler - 

Request DefaultHttpRequest(decodeResult: success, version: HTTP/1.1)
POST /session/ef1d049c44eb0263b5f8803eb7cd7476/timeouts HTTP/1.1
User-Agent: selenium/4.1.2 (java windows)
Content-Length: 22
Content-Type: application/json; charset=utf-8
host: localhost:54184
accept: */*

Response DefaultHttpResponse(decodeResult: success, version: HTTP/1.1)
HTTP/1.1 200 OK
Content-Type: application/json; charset=utf-8
cache-control: no-cache
content-length: 14

16:10:20.001 [AsyncHttpClient-1-2] DEBUG org.asynchttpclient.netty.channel.ChannelManager - Adding key: http://localhost:54184 for channel [id: 0x6ca93b63, L:/127.0.0.1:60379 - R:localhost/127.0.0.1:54184]
16:10:20.007 [Forwarding getCurrentUrl on session ef1d049c44eb0263b5f8803eb7cd7476 to remote] DEBUG org.asynchttpclient.netty.request.NettyRequestSender - Using pooled Channel '[id: 0x6ca93b63, L:/127.0.0.1:60379 - R:localhost/127.0.0.1:54184]' for 'GET' to 'http://localhost:54184/session/ef1d049c44eb0263b5f8803eb7cd7476/url'
16:10:20.007 [Forwarding getCurrentUrl on session ef1d049c44eb0263b5f8803eb7cd7476 to remote] DEBUG org.asynchttpclient.netty.request.NettyRequestSender - Using open Channel [id: 0x6ca93b63, L:/127.0.0.1:60379 - R:localhost/127.0.0.1:54184] for GET '/session/ef1d049c44eb0263b5f8803eb7cd7476/url'
16:10:20.181 [AsyncHttpClient-1-2] DEBUG org.asynchttpclient.netty.handler.HttpHandler - 

Request DefaultFullHttpRequest(decodeResult: success, version: HTTP/1.1, content: EmptyByteBufBE)
GET /session/ef1d049c44eb0263b5f8803eb7cd7476/url HTTP/1.1
User-Agent: selenium/4.1.2 (java windows)
Cache-Control: no-cache
Content-Type: application/json; charset=utf-8
host: localhost:54184
accept: */*

Response DefaultHttpResponse(decodeResult: success, version: HTTP/1.1)
HTTP/1.1 200 OK
Content-Type: application/json; charset=utf-8
cache-control: no-cache
content-length: 41

16:10:20.181 [AsyncHttpClient-1-2] DEBUG org.asynchttpclient.netty.channel.ChannelManager - Adding key: http://localhost:54184 for channel [id: 0x6ca93b63, L:/127.0.0.1:60379 - R:localhost/127.0.0.1:54184]
16:10:20.236 [Forwarding screenshot on session ef1d049c44eb0263b5f8803eb7cd7476 to remote] DEBUG org.asynchttpclient.netty.request.NettyRequestSender - Using pooled Channel '[id: 0x6ca93b63, L:/127.0.0.1:60379 - R:localhost/127.0.0.1:54184]' for 'GET' to 'http://localhost:54184/session/ef1d049c44eb0263b5f8803eb7cd7476/screenshot'
16:10:20.236 [Forwarding screenshot on session ef1d049c44eb0263b5f8803eb7cd7476 to remote] DEBUG org.asynchttpclient.netty.request.NettyRequestSender - Using open Channel [id: 0x6ca93b63, L:/127.0.0.1:60379 - R:localhost/127.0.0.1:54184] for GET '/session/ef1d049c44eb0263b5f8803eb7cd7476/screenshot'
16:10:20.546 [AsyncHttpClient-1-1] DEBUG org.asynchttpclient.netty.channel.DefaultChannelPool - Entry count for : http://localhost:60380 : 1
16:10:20.729 [AsyncHttpClient-1-2] DEBUG org.asynchttpclient.netty.handler.HttpHandler - 

Request DefaultFullHttpRequest(decodeResult: success, version: HTTP/1.1, content: EmptyByteBufBE)
GET /session/ef1d049c44eb0263b5f8803eb7cd7476/screenshot HTTP/1.1
User-Agent: selenium/4.1.2 (java windows)
Cache-Control: no-cache
Content-Type: application/json; charset=utf-8
host: localhost:54184
accept: */*

Response DefaultHttpResponse(decodeResult: success, version: HTTP/1.1)
HTTP/1.1 200 OK
Content-Type: application/json; charset=utf-8
cache-control: no-cache
content-length: 25384

16:10:20.730 [AsyncHttpClient-1-2] DEBUG org.asynchttpclient.netty.channel.ChannelManager - Adding key: http://localhost:54184 for channel [id: 0x6ca93b63, L:/127.0.0.1:60379 - R:localhost/127.0.0.1:54184]
16:10:20.732 [main] DEBUG net.serenitybdd.core.photography.Darkroom - Send negative for processing for target\site\serenity\6b6563c13227ef0b70a26f8a845b86304c5ded2ac83324d4bda7e0f4416b9ac5.png
16:10:20.733 [main] DEBUG net.thucydides.core.steps.StepInterceptor - STEP DONE: openUrl
16:10:20.741 [main] DEBUG net.thucydides.core.steps.StepInterceptor - STARTING STEP: ProductSteps.iAmOnProductPage - inputEmail
16:10:20.746 [Forwarding findElement on session ef1d049c44eb0263b5f8803eb7cd7476 to remote] DEBUG org.asynchttpclient.netty.request.NettyRequestSender - Using pooled Channel '[id: 0x6ca93b63, L:/127.0.0.1:60379 - R:localhost/127.0.0.1:54184]' for 'POST' to 'http://localhost:54184/session/ef1d049c44eb0263b5f8803eb7cd7476/element'
16:10:20.746 [Forwarding findElement on session ef1d049c44eb0263b5f8803eb7cd7476 to remote] DEBUG org.asynchttpclient.netty.request.NettyRequestSender - Using open Channel [id: 0x6ca93b63, L:/127.0.0.1:60379 - R:localhost/127.0.0.1:54184] for POST '/session/ef1d049c44eb0263b5f8803eb7cd7476/element'
16:10:20.770 [AsyncHttpClient-1-2] DEBUG org.asynchttpclient.netty.handler.HttpHandler - 

Request DefaultHttpRequest(decodeResult: success, version: HTTP/1.1)
POST /session/ef1d049c44eb0263b5f8803eb7cd7476/element HTTP/1.1
User-Agent: selenium/4.1.2 (java windows)
Content-Length: 86
Content-Type: application/json; charset=utf-8
host: localhost:54184
accept: */*

Response DefaultHttpResponse(decodeResult: success, version: HTTP/1.1)
HTTP/1.1 200 OK
Content-Type: application/json; charset=utf-8
cache-control: no-cache
content-length: 88

16:10:20.770 [AsyncHttpClient-1-2] DEBUG org.asynchttpclient.netty.channel.ChannelManager - Adding key: http://localhost:54184 for channel [id: 0x6ca93b63, L:/127.0.0.1:60379 - R:localhost/127.0.0.1:54184]
16:10:20.772 [Forwarding clearElement on session ef1d049c44eb0263b5f8803eb7cd7476 to remote] DEBUG org.asynchttpclient.netty.request.NettyRequestSender - Using pooled Channel '[id: 0x6ca93b63, L:/127.0.0.1:60379 - R:localhost/127.0.0.1:54184]' for 'POST' to 'http://localhost:54184/session/ef1d049c44eb0263b5f8803eb7cd7476/element/3ddd63fd-8f75-44a9-8076-ab5456ee08a6/clear'
16:10:20.772 [Forwarding clearElement on session ef1d049c44eb0263b5f8803eb7cd7476 to remote] DEBUG org.asynchttpclient.netty.request.NettyRequestSender - Using open Channel [id: 0x6ca93b63, L:/127.0.0.1:60379 - R:localhost/127.0.0.1:54184] for POST '/session/ef1d049c44eb0263b5f8803eb7cd7476/element/3ddd63fd-8f75-44a9-8076-ab5456ee08a6/clear'
16:10:20.838 [AsyncHttpClient-1-2] DEBUG org.asynchttpclient.netty.handler.HttpHandler - 

Request DefaultHttpRequest(decodeResult: success, version: HTTP/1.1)
POST /session/ef1d049c44eb0263b5f8803eb7cd7476/element/3ddd63fd-8f75-44a9-8076-ab5456ee08a6/clear HTTP/1.1
User-Agent: selenium/4.1.2 (java windows)
Content-Length: 50
Content-Type: application/json; charset=utf-8
host: localhost:54184
accept: */*

Response DefaultHttpResponse(decodeResult: success, version: HTTP/1.1)
HTTP/1.1 200 OK
Content-Type: application/json; charset=utf-8
cache-control: no-cache
content-length: 14

16:10:20.838 [AsyncHttpClient-1-2] DEBUG org.asynchttpclient.netty.channel.ChannelManager - Adding key: http://localhost:54184 for channel [id: 0x6ca93b63, L:/127.0.0.1:60379 - R:localhost/127.0.0.1:54184]
16:10:20.841 [Forwarding sendKeysToElement on session ef1d049c44eb0263b5f8803eb7cd7476 to remote] DEBUG org.asynchttpclient.netty.request.NettyRequestSender - Using pooled Channel '[id: 0x6ca93b63, L:/127.0.0.1:60379 - R:localhost/127.0.0.1:54184]' for 'POST' to 'http://localhost:54184/session/ef1d049c44eb0263b5f8803eb7cd7476/element/3ddd63fd-8f75-44a9-8076-ab5456ee08a6/value'
16:10:20.841 [Forwarding sendKeysToElement on session ef1d049c44eb0263b5f8803eb7cd7476 to remote] DEBUG org.asynchttpclient.netty.request.NettyRequestSender - Using open Channel [id: 0x6ca93b63, L:/127.0.0.1:60379 - R:localhost/127.0.0.1:54184] for POST '/session/ef1d049c44eb0263b5f8803eb7cd7476/element/3ddd63fd-8f75-44a9-8076-ab5456ee08a6/value'
16:10:21.354 [AsyncHttpClient-1-2] DEBUG org.asynchttpclient.netty.handler.HttpHandler - 

Request DefaultHttpRequest(decodeResult: success, version: HTTP/1.1)
POST /session/ef1d049c44eb0263b5f8803eb7cd7476/element/3ddd63fd-8f75-44a9-8076-ab5456ee08a6/value HTTP/1.1
User-Agent: selenium/4.1.2 (java windows)
Content-Length: 251
Content-Type: application/json; charset=utf-8
host: localhost:54184
accept: */*

Response DefaultHttpResponse(decodeResult: success, version: HTTP/1.1)
HTTP/1.1 200 OK
Content-Type: application/json; charset=utf-8
cache-control: no-cache
content-length: 14

16:10:21.354 [AsyncHttpClient-1-2] DEBUG org.asynchttpclient.netty.channel.ChannelManager - Adding key: http://localhost:54184 for channel [id: 0x6ca93b63, L:/127.0.0.1:60379 - R:localhost/127.0.0.1:54184]
16:10:21.376 [Forwarding screenshot on session ef1d049c44eb0263b5f8803eb7cd7476 to remote] DEBUG org.asynchttpclient.netty.request.NettyRequestSender - Using pooled Channel '[id: 0x6ca93b63, L:/127.0.0.1:60379 - R:localhost/127.0.0.1:54184]' for 'GET' to 'http://localhost:54184/session/ef1d049c44eb0263b5f8803eb7cd7476/screenshot'
16:10:21.376 [Forwarding screenshot on session ef1d049c44eb0263b5f8803eb7cd7476 to remote] DEBUG org.asynchttpclient.netty.request.NettyRequestSender - Using open Channel [id: 0x6ca93b63, L:/127.0.0.1:60379 - R:localhost/127.0.0.1:54184] for GET '/session/ef1d049c44eb0263b5f8803eb7cd7476/screenshot'
16:10:21.639 [AsyncHttpClient-1-2] DEBUG org.asynchttpclient.netty.handler.HttpHandler - 

Request DefaultFullHttpRequest(decodeResult: success, version: HTTP/1.1, content: EmptyByteBufBE)
GET /session/ef1d049c44eb0263b5f8803eb7cd7476/screenshot HTTP/1.1
User-Agent: selenium/4.1.2 (java windows)
Cache-Control: no-cache
Content-Type: application/json; charset=utf-8
host: localhost:54184
accept: */*

Response DefaultHttpResponse(decodeResult: success, version: HTTP/1.1)
HTTP/1.1 200 OK
Content-Type: application/json; charset=utf-8
cache-control: no-cache
content-length: 28892

16:10:21.640 [AsyncHttpClient-1-2] DEBUG org.asynchttpclient.netty.channel.ChannelManager - Adding key: http://localhost:54184 for channel [id: 0x6ca93b63, L:/127.0.0.1:60379 - R:localhost/127.0.0.1:54184]
16:10:21.641 [AsyncHttpClient-1-1] DEBUG org.asynchttpclient.netty.channel.DefaultChannelPool - Entry count for : http://localhost:54184 : 1
16:10:21.641 [AsyncHttpClient-1-1] DEBUG org.asynchttpclient.netty.channel.DefaultChannelPool - Entry count for : http://localhost:60380 : 1
16:10:21.642 [main] DEBUG net.serenitybdd.core.photography.Darkroom - Send negative for processing for target\site\serenity\1ca57a612f83582ea0283913c3b6ede0319068ee8a8c45b824f8812cea8c4800.png
16:10:21.642 [main] DEBUG net.thucydides.core.steps.StepInterceptor - STEP DONE: inputEmail
16:10:21.643 [Darkroom Processing Line] DEBUG net.serenitybdd.core.photography.DarkroomProcessingLine - Processing screenshot image in /var/screenshots/screenshot-1106248837080797206
16:10:21.644 [Darkroom Processing Line] DEBUG net.serenitybdd.core.photography.DarkroomProcessingLine - Saving screenshot to target\site\serenity\1ca57a612f83582ea0283913c3b6ede0319068ee8a8c45b824f8812cea8c4800.png
16:10:21.662 [main] DEBUG net.thucydides.core.steps.StepInterceptor - STARTING STEP: ProductSteps.iAmOnProductPage - inputPassword
16:10:21.671 [Forwarding findElement on session ef1d049c44eb0263b5f8803eb7cd7476 to remote] DEBUG org.asynchttpclient.netty.request.NettyRequestSender - Using pooled Channel '[id: 0x6ca93b63, L:/127.0.0.1:60379 - R:localhost/127.0.0.1:54184]' for 'POST' to 'http://localhost:54184/session/ef1d049c44eb0263b5f8803eb7cd7476/element'
16:10:21.671 [Forwarding findElement on session ef1d049c44eb0263b5f8803eb7cd7476 to remote] DEBUG org.asynchttpclient.netty.request.NettyRequestSender - Using open Channel [id: 0x6ca93b63, L:/127.0.0.1:60379 - R:localhost/127.0.0.1:54184] for POST '/session/ef1d049c44eb0263b5f8803eb7cd7476/element'
16:10:21.710 [AsyncHttpClient-1-2] DEBUG org.asynchttpclient.netty.handler.HttpHandler - 

Request DefaultHttpRequest(decodeResult: success, version: HTTP/1.1)
POST /session/ef1d049c44eb0263b5f8803eb7cd7476/element HTTP/1.1
User-Agent: selenium/4.1.2 (java windows)
Content-Length: 89
Content-Type: application/json; charset=utf-8
host: localhost:54184
accept: */*

Response DefaultHttpResponse(decodeResult: success, version: HTTP/1.1)
HTTP/1.1 200 OK
Content-Type: application/json; charset=utf-8
cache-control: no-cache
content-length: 88

16:10:21.710 [AsyncHttpClient-1-2] DEBUG org.asynchttpclient.netty.channel.ChannelManager - Adding key: http://localhost:54184 for channel [id: 0x6ca93b63, L:/127.0.0.1:60379 - R:localhost/127.0.0.1:54184]
16:10:21.715 [Forwarding clearElement on session ef1d049c44eb0263b5f8803eb7cd7476 to remote] DEBUG org.asynchttpclient.netty.request.NettyRequestSender - Using pooled Channel '[id: 0x6ca93b63, L:/127.0.0.1:60379 - R:localhost/127.0.0.1:54184]' for 'POST' to 'http://localhost:54184/session/ef1d049c44eb0263b5f8803eb7cd7476/element/552e5833-541b-4026-b5f7-324cd90fe155/clear'
16:10:21.715 [Forwarding clearElement on session ef1d049c44eb0263b5f8803eb7cd7476 to remote] DEBUG org.asynchttpclient.netty.request.NettyRequestSender - Using open Channel [id: 0x6ca93b63, L:/127.0.0.1:60379 - R:localhost/127.0.0.1:54184] for POST '/session/ef1d049c44eb0263b5f8803eb7cd7476/element/552e5833-541b-4026-b5f7-324cd90fe155/clear'
16:10:21.798 [AsyncHttpClient-1-2] DEBUG org.asynchttpclient.netty.handler.HttpHandler - 

Request DefaultHttpRequest(decodeResult: success, version: HTTP/1.1)
POST /session/ef1d049c44eb0263b5f8803eb7cd7476/element/552e5833-541b-4026-b5f7-324cd90fe155/clear HTTP/1.1
User-Agent: selenium/4.1.2 (java windows)
Content-Length: 50
Content-Type: application/json; charset=utf-8
host: localhost:54184
accept: */*

Response DefaultHttpResponse(decodeResult: success, version: HTTP/1.1)
HTTP/1.1 200 OK
Content-Type: application/json; charset=utf-8
cache-control: no-cache
content-length: 14

16:10:21.799 [AsyncHttpClient-1-2] DEBUG org.asynchttpclient.netty.channel.ChannelManager - Adding key: http://localhost:54184 for channel [id: 0x6ca93b63, L:/127.0.0.1:60379 - R:localhost/127.0.0.1:54184]
16:10:21.802 [Forwarding sendKeysToElement on session ef1d049c44eb0263b5f8803eb7cd7476 to remote] DEBUG org.asynchttpclient.netty.request.NettyRequestSender - Using pooled Channel '[id: 0x6ca93b63, L:/127.0.0.1:60379 - R:localhost/127.0.0.1:54184]' for 'POST' to 'http://localhost:54184/session/ef1d049c44eb0263b5f8803eb7cd7476/element/552e5833-541b-4026-b5f7-324cd90fe155/value'
16:10:21.802 [Forwarding sendKeysToElement on session ef1d049c44eb0263b5f8803eb7cd7476 to remote] DEBUG org.asynchttpclient.netty.request.NettyRequestSender - Using open Channel [id: 0x6ca93b63, L:/127.0.0.1:60379 - R:localhost/127.0.0.1:54184] for POST '/session/ef1d049c44eb0263b5f8803eb7cd7476/element/552e5833-541b-4026-b5f7-324cd90fe155/value'
16:10:22.230 [AsyncHttpClient-1-2] DEBUG org.asynchttpclient.netty.handler.HttpHandler - 

Request DefaultHttpRequest(decodeResult: success, version: HTTP/1.1)
POST /session/ef1d049c44eb0263b5f8803eb7cd7476/element/552e5833-541b-4026-b5f7-324cd90fe155/value HTTP/1.1
User-Agent: selenium/4.1.2 (java windows)
Content-Length: 231
Content-Type: application/json; charset=utf-8
host: localhost:54184
accept: */*

Response DefaultHttpResponse(decodeResult: success, version: HTTP/1.1)
HTTP/1.1 200 OK
Content-Type: application/json; charset=utf-8
cache-control: no-cache
content-length: 14

16:10:22.230 [AsyncHttpClient-1-2] DEBUG org.asynchttpclient.netty.channel.ChannelManager - Adding key: http://localhost:54184 for channel [id: 0x6ca93b63, L:/127.0.0.1:60379 - R:localhost/127.0.0.1:54184]
16:10:22.248 [Forwarding screenshot on session ef1d049c44eb0263b5f8803eb7cd7476 to remote] DEBUG org.asynchttpclient.netty.request.NettyRequestSender - Using pooled Channel '[id: 0x6ca93b63, L:/127.0.0.1:60379 - R:localhost/127.0.0.1:54184]' for 'GET' to 'http://localhost:54184/session/ef1d049c44eb0263b5f8803eb7cd7476/screenshot'
16:10:22.248 [Forwarding screenshot on session ef1d049c44eb0263b5f8803eb7cd7476 to remote] DEBUG org.asynchttpclient.netty.request.NettyRequestSender - Using open Channel [id: 0x6ca93b63, L:/127.0.0.1:60379 - R:localhost/127.0.0.1:54184] for GET '/session/ef1d049c44eb0263b5f8803eb7cd7476/screenshot'
16:10:22.460 [AsyncHttpClient-1-2] DEBUG org.asynchttpclient.netty.handler.HttpHandler - 

Request DefaultFullHttpRequest(decodeResult: success, version: HTTP/1.1, content: EmptyByteBufBE)
GET /session/ef1d049c44eb0263b5f8803eb7cd7476/screenshot HTTP/1.1
User-Agent: selenium/4.1.2 (java windows)
Cache-Control: no-cache
Content-Type: application/json; charset=utf-8
host: localhost:54184
accept: */*

Response DefaultHttpResponse(decodeResult: success, version: HTTP/1.1)
HTTP/1.1 200 OK
Content-Type: application/json; charset=utf-8
cache-control: no-cache
content-length: 32248

16:10:22.460 [AsyncHttpClient-1-2] DEBUG org.asynchttpclient.netty.channel.ChannelManager - Adding key: http://localhost:54184 for channel [id: 0x6ca93b63, L:/127.0.0.1:60379 - R:localhost/127.0.0.1:54184]
16:10:22.476 [main] DEBUG net.serenitybdd.core.photography.Darkroom - Send negative for processing for target\site\serenity\56fc5783808975ccf4a8a23cb87f6017c053223ce2ed6dac75a92bbe906f53fd.png
16:10:22.476 [main] DEBUG net.thucydides.core.steps.StepInterceptor - STEP DONE: inputPassword
16:10:22.491 [main] DEBUG net.thucydides.core.steps.StepInterceptor - STARTING STEP: ProductSteps.iAmOnProductPage - clickLoginButton
16:10:22.501 [Forwarding findElement on session ef1d049c44eb0263b5f8803eb7cd7476 to remote] DEBUG org.asynchttpclient.netty.request.NettyRequestSender - Using pooled Channel '[id: 0x6ca93b63, L:/127.0.0.1:60379 - R:localhost/127.0.0.1:54184]' for 'POST' to 'http://localhost:54184/session/ef1d049c44eb0263b5f8803eb7cd7476/element'
16:10:22.501 [Forwarding findElement on session ef1d049c44eb0263b5f8803eb7cd7476 to remote] DEBUG org.asynchttpclient.netty.request.NettyRequestSender - Using open Channel [id: 0x6ca93b63, L:/127.0.0.1:60379 - R:localhost/127.0.0.1:54184] for POST '/session/ef1d049c44eb0263b5f8803eb7cd7476/element'
16:10:22.505 [Darkroom Processing Line] DEBUG net.serenitybdd.core.photography.DarkroomProcessingLine - Processing screenshot image in /var/screenshots/screenshot-4413060789539783687
16:10:22.505 [Darkroom Processing Line] DEBUG net.serenitybdd.core.photography.DarkroomProcessingLine - Saving screenshot to target\site\serenity\56fc5783808975ccf4a8a23cb87f6017c053223ce2ed6dac75a92bbe906f53fd.png
16:10:22.548 [AsyncHttpClient-1-2] DEBUG org.asynchttpclient.netty.handler.HttpHandler - 

Request DefaultHttpRequest(decodeResult: success, version: HTTP/1.1)
POST /session/ef1d049c44eb0263b5f8803eb7cd7476/element HTTP/1.1
User-Agent: selenium/4.1.2 (java windows)
Content-Length: 136
Content-Type: application/json; charset=utf-8
host: localhost:54184
accept: */*

Response DefaultHttpResponse(decodeResult: success, version: HTTP/1.1)
HTTP/1.1 200 OK
Content-Type: application/json; charset=utf-8
cache-control: no-cache
content-length: 88

16:10:22.548 [AsyncHttpClient-1-2] DEBUG org.asynchttpclient.netty.channel.ChannelManager - Adding key: http://localhost:54184 for channel [id: 0x6ca93b63, L:/127.0.0.1:60379 - R:localhost/127.0.0.1:54184]
16:10:22.551 [Forwarding getElementTagName on session ef1d049c44eb0263b5f8803eb7cd7476 to remote] DEBUG org.asynchttpclient.netty.request.NettyRequestSender - Using pooled Channel '[id: 0x6ca93b63, L:/127.0.0.1:60379 - R:localhost/127.0.0.1:54184]' for 'GET' to 'http://localhost:54184/session/ef1d049c44eb0263b5f8803eb7cd7476/element/690d0631-9f5a-45e5-bf48-919478aacd0f/name'
16:10:22.551 [Forwarding getElementTagName on session ef1d049c44eb0263b5f8803eb7cd7476 to remote] DEBUG org.asynchttpclient.netty.request.NettyRequestSender - Using open Channel [id: 0x6ca93b63, L:/127.0.0.1:60379 - R:localhost/127.0.0.1:54184] for GET '/session/ef1d049c44eb0263b5f8803eb7cd7476/element/690d0631-9f5a-45e5-bf48-919478aacd0f/name'
16:10:22.561 [AsyncHttpClient-1-2] DEBUG org.asynchttpclient.netty.handler.HttpHandler - 

Request DefaultFullHttpRequest(decodeResult: success, version: HTTP/1.1, content: EmptyByteBufBE)
GET /session/ef1d049c44eb0263b5f8803eb7cd7476/element/690d0631-9f5a-45e5-bf48-919478aacd0f/name HTTP/1.1
User-Agent: selenium/4.1.2 (java windows)
Cache-Control: no-cache
Content-Type: application/json; charset=utf-8
host: localhost:54184
accept: */*

Response DefaultHttpResponse(decodeResult: success, version: HTTP/1.1)
HTTP/1.1 200 OK
Content-Type: application/json; charset=utf-8
cache-control: no-cache
content-length: 18

16:10:22.562 [AsyncHttpClient-1-2] DEBUG org.asynchttpclient.netty.channel.ChannelManager - Adding key: http://localhost:54184 for channel [id: 0x6ca93b63, L:/127.0.0.1:60379 - R:localhost/127.0.0.1:54184]
16:10:22.566 [Forwarding getElementTagName on session ef1d049c44eb0263b5f8803eb7cd7476 to remote] DEBUG org.asynchttpclient.netty.request.NettyRequestSender - Using pooled Channel '[id: 0x6ca93b63, L:/127.0.0.1:60379 - R:localhost/127.0.0.1:54184]' for 'GET' to 'http://localhost:54184/session/ef1d049c44eb0263b5f8803eb7cd7476/element/690d0631-9f5a-45e5-bf48-919478aacd0f/name'
16:10:22.566 [Forwarding getElementTagName on session ef1d049c44eb0263b5f8803eb7cd7476 to remote] DEBUG org.asynchttpclient.netty.request.NettyRequestSender - Using open Channel [id: 0x6ca93b63, L:/127.0.0.1:60379 - R:localhost/127.0.0.1:54184] for GET '/session/ef1d049c44eb0263b5f8803eb7cd7476/element/690d0631-9f5a-45e5-bf48-919478aacd0f/name'
16:10:22.574 [AsyncHttpClient-1-2] DEBUG org.asynchttpclient.netty.handler.HttpHandler - 

Request DefaultFullHttpRequest(decodeResult: success, version: HTTP/1.1, content: EmptyByteBufBE)
GET /session/ef1d049c44eb0263b5f8803eb7cd7476/element/690d0631-9f5a-45e5-bf48-919478aacd0f/name HTTP/1.1
User-Agent: selenium/4.1.2 (java windows)
Cache-Control: no-cache
Content-Type: application/json; charset=utf-8
host: localhost:54184
accept: */*

Response DefaultHttpResponse(decodeResult: success, version: HTTP/1.1)
HTTP/1.1 200 OK
Content-Type: application/json; charset=utf-8
cache-control: no-cache
content-length: 18

16:10:22.575 [AsyncHttpClient-1-2] DEBUG org.asynchttpclient.netty.channel.ChannelManager - Adding key: http://localhost:54184 for channel [id: 0x6ca93b63, L:/127.0.0.1:60379 - R:localhost/127.0.0.1:54184]
16:10:22.580 [Forwarding isElementEnabled on session ef1d049c44eb0263b5f8803eb7cd7476 to remote] DEBUG org.asynchttpclient.netty.request.NettyRequestSender - Using pooled Channel '[id: 0x6ca93b63, L:/127.0.0.1:60379 - R:localhost/127.0.0.1:54184]' for 'GET' to 'http://localhost:54184/session/ef1d049c44eb0263b5f8803eb7cd7476/element/690d0631-9f5a-45e5-bf48-919478aacd0f/enabled'
16:10:22.580 [Forwarding isElementEnabled on session ef1d049c44eb0263b5f8803eb7cd7476 to remote] DEBUG org.asynchttpclient.netty.request.NettyRequestSender - Using open Channel [id: 0x6ca93b63, L:/127.0.0.1:60379 - R:localhost/127.0.0.1:54184] for GET '/session/ef1d049c44eb0263b5f8803eb7cd7476/element/690d0631-9f5a-45e5-bf48-919478aacd0f/enabled'
16:10:22.624 [AsyncHttpClient-1-2] DEBUG org.asynchttpclient.netty.handler.HttpHandler - 

Request DefaultFullHttpRequest(decodeResult: success, version: HTTP/1.1, content: EmptyByteBufBE)
GET /session/ef1d049c44eb0263b5f8803eb7cd7476/element/690d0631-9f5a-45e5-bf48-919478aacd0f/enabled HTTP/1.1
User-Agent: selenium/4.1.2 (java windows)
Cache-Control: no-cache
Content-Type: application/json; charset=utf-8
host: localhost:54184
accept: */*

Response DefaultHttpResponse(decodeResult: success, version: HTTP/1.1)
HTTP/1.1 200 OK
Content-Type: application/json; charset=utf-8
cache-control: no-cache
content-length: 14

16:10:22.628 [AsyncHttpClient-1-2] DEBUG org.asynchttpclient.netty.channel.ChannelManager - Adding key: http://localhost:54184 for channel [id: 0x6ca93b63, L:/127.0.0.1:60379 - R:localhost/127.0.0.1:54184]
16:10:22.632 [Forwarding isElementEnabled on session ef1d049c44eb0263b5f8803eb7cd7476 to remote] DEBUG org.asynchttpclient.netty.request.NettyRequestSender - Using pooled Channel '[id: 0x6ca93b63, L:/127.0.0.1:60379 - R:localhost/127.0.0.1:54184]' for 'GET' to 'http://localhost:54184/session/ef1d049c44eb0263b5f8803eb7cd7476/element/690d0631-9f5a-45e5-bf48-919478aacd0f/enabled'
16:10:22.632 [Forwarding isElementEnabled on session ef1d049c44eb0263b5f8803eb7cd7476 to remote] DEBUG org.asynchttpclient.netty.request.NettyRequestSender - Using open Channel [id: 0x6ca93b63, L:/127.0.0.1:60379 - R:localhost/127.0.0.1:54184] for GET '/session/ef1d049c44eb0263b5f8803eb7cd7476/element/690d0631-9f5a-45e5-bf48-919478aacd0f/enabled'
16:10:22.647 [AsyncHttpClient-1-2] DEBUG org.asynchttpclient.netty.handler.HttpHandler - 

Request DefaultFullHttpRequest(decodeResult: success, version: HTTP/1.1, content: EmptyByteBufBE)
GET /session/ef1d049c44eb0263b5f8803eb7cd7476/element/690d0631-9f5a-45e5-bf48-919478aacd0f/enabled HTTP/1.1
User-Agent: selenium/4.1.2 (java windows)
Cache-Control: no-cache
Content-Type: application/json; charset=utf-8
host: localhost:54184
accept: */*

Response DefaultHttpResponse(decodeResult: success, version: HTTP/1.1)
HTTP/1.1 200 OK
Content-Type: application/json; charset=utf-8
cache-control: no-cache
content-length: 14

16:10:22.647 [AsyncHttpClient-1-2] DEBUG org.asynchttpclient.netty.channel.ChannelManager - Adding key: http://localhost:54184 for channel [id: 0x6ca93b63, L:/127.0.0.1:60379 - R:localhost/127.0.0.1:54184]
16:10:22.650 [Forwarding findElement on session ef1d049c44eb0263b5f8803eb7cd7476 to remote] DEBUG org.asynchttpclient.netty.request.NettyRequestSender - Using pooled Channel '[id: 0x6ca93b63, L:/127.0.0.1:60379 - R:localhost/127.0.0.1:54184]' for 'POST' to 'http://localhost:54184/session/ef1d049c44eb0263b5f8803eb7cd7476/element'
16:10:22.650 [Forwarding findElement on session ef1d049c44eb0263b5f8803eb7cd7476 to remote] DEBUG org.asynchttpclient.netty.request.NettyRequestSender - Using open Channel [id: 0x6ca93b63, L:/127.0.0.1:60379 - R:localhost/127.0.0.1:54184] for POST '/session/ef1d049c44eb0263b5f8803eb7cd7476/element'
16:10:22.684 [AsyncHttpClient-1-2] DEBUG org.asynchttpclient.netty.handler.HttpHandler - 

Request DefaultHttpRequest(decodeResult: success, version: HTTP/1.1)
POST /session/ef1d049c44eb0263b5f8803eb7cd7476/element HTTP/1.1
User-Agent: selenium/4.1.2 (java windows)
Content-Length: 136
Content-Type: application/json; charset=utf-8
host: localhost:54184
accept: */*

Response DefaultHttpResponse(decodeResult: success, version: HTTP/1.1)
HTTP/1.1 200 OK
Content-Type: application/json; charset=utf-8
cache-control: no-cache
content-length: 88

16:10:22.685 [AsyncHttpClient-1-2] DEBUG org.asynchttpclient.netty.channel.ChannelManager - Adding key: http://localhost:54184 for channel [id: 0x6ca93b63, L:/127.0.0.1:60379 - R:localhost/127.0.0.1:54184]
16:10:22.769 [Forwarding clickElement on session ef1d049c44eb0263b5f8803eb7cd7476 to remote] DEBUG org.asynchttpclient.netty.request.NettyRequestSender - Using pooled Channel '[id: 0x6ca93b63, L:/127.0.0.1:60379 - R:localhost/127.0.0.1:54184]' for 'POST' to 'http://localhost:54184/session/ef1d049c44eb0263b5f8803eb7cd7476/element/690d0631-9f5a-45e5-bf48-919478aacd0f/click'
16:10:22.769 [Forwarding clickElement on session ef1d049c44eb0263b5f8803eb7cd7476 to remote] DEBUG org.asynchttpclient.netty.request.NettyRequestSender - Using open Channel [id: 0x6ca93b63, L:/127.0.0.1:60379 - R:localhost/127.0.0.1:54184] for POST '/session/ef1d049c44eb0263b5f8803eb7cd7476/element/690d0631-9f5a-45e5-bf48-919478aacd0f/click'
16:10:22.787 [AsyncHttpClient-1-1] DEBUG org.asynchttpclient.netty.channel.DefaultChannelPool - Entry count for : http://localhost:60380 : 1
16:10:23.525 [AsyncHttpClient-1-2] DEBUG org.asynchttpclient.netty.handler.HttpHandler - 

Request DefaultHttpRequest(decodeResult: success, version: HTTP/1.1)
POST /session/ef1d049c44eb0263b5f8803eb7cd7476/element/690d0631-9f5a-45e5-bf48-919478aacd0f/click HTTP/1.1
User-Agent: selenium/4.1.2 (java windows)
Content-Length: 50
Content-Type: application/json; charset=utf-8
host: localhost:54184
accept: */*

Response DefaultHttpResponse(decodeResult: success, version: HTTP/1.1)
HTTP/1.1 200 OK
Content-Type: application/json; charset=utf-8
cache-control: no-cache
content-length: 14

16:10:23.525 [AsyncHttpClient-1-2] DEBUG org.asynchttpclient.netty.channel.ChannelManager - Adding key: http://localhost:54184 for channel [id: 0x6ca93b63, L:/127.0.0.1:60379 - R:localhost/127.0.0.1:54184]
16:10:23.544 [Forwarding screenshot on session ef1d049c44eb0263b5f8803eb7cd7476 to remote] DEBUG org.asynchttpclient.netty.request.NettyRequestSender - Using pooled Channel '[id: 0x6ca93b63, L:/127.0.0.1:60379 - R:localhost/127.0.0.1:54184]' for 'GET' to 'http://localhost:54184/session/ef1d049c44eb0263b5f8803eb7cd7476/screenshot'
16:10:23.544 [Forwarding screenshot on session ef1d049c44eb0263b5f8803eb7cd7476 to remote] DEBUG org.asynchttpclient.netty.request.NettyRequestSender - Using open Channel [id: 0x6ca93b63, L:/127.0.0.1:60379 - R:localhost/127.0.0.1:54184] for GET '/session/ef1d049c44eb0263b5f8803eb7cd7476/screenshot'
16:10:23.886 [AsyncHttpClient-1-1] DEBUG org.asynchttpclient.netty.channel.DefaultChannelPool - Entry count for : http://localhost:60380 : 1
16:10:24.976 [AsyncHttpClient-1-1] DEBUG org.asynchttpclient.netty.channel.DefaultChannelPool - Entry count for : http://localhost:60380 : 1
16:10:26.090 [AsyncHttpClient-1-1] DEBUG org.asynchttpclient.netty.channel.DefaultChannelPool - Entry count for : http://localhost:60380 : 1
16:10:27.225 [AsyncHttpClient-1-1] DEBUG org.asynchttpclient.netty.channel.DefaultChannelPool - Entry count for : http://localhost:60380 : 1
16:10:28.401 [AsyncHttpClient-1-1] DEBUG org.asynchttpclient.netty.channel.DefaultChannelPool - Entry count for : http://localhost:60380 : 1
16:10:29.486 [AsyncHttpClient-1-1] DEBUG org.asynchttpclient.netty.channel.DefaultChannelPool - Entry count for : http://localhost:60380 : 1
16:10:30.554 [AsyncHttpClient-1-1] DEBUG org.asynchttpclient.netty.channel.DefaultChannelPool - Entry count for : http://localhost:60380 : 1
16:10:31.834 [AsyncHttpClient-1-1] DEBUG org.asynchttpclient.netty.channel.DefaultChannelPool - Entry count for : http://localhost:60380 : 1
16:10:32.999 [AsyncHttpClient-1-1] DEBUG org.asynchttpclient.netty.channel.DefaultChannelPool - Entry count for : http://localhost:60380 : 1
16:10:34.050 [AsyncHttpClient-1-1] DEBUG org.asynchttpclient.netty.channel.DefaultChannelPool - Entry count for : http://localhost:60380 : 1
16:10:35.266 [AsyncHttpClient-1-1] DEBUG org.asynchttpclient.netty.channel.DefaultChannelPool - Entry count for : http://localhost:60380 : 1
16:10:36.461 [AsyncHttpClient-1-1] DEBUG org.asynchttpclient.netty.channel.DefaultChannelPool - Entry count for : http://localhost:60380 : 1
16:10:37.746 [AsyncHttpClient-1-1] DEBUG org.asynchttpclient.netty.channel.DefaultChannelPool - Entry count for : http://localhost:60380 : 1
16:10:38.878 [AsyncHttpClient-1-1] DEBUG org.asynchttpclient.netty.channel.DefaultChannelPool - Entry count for : http://localhost:60380 : 1
16:10:40.008 [AsyncHttpClient-1-1] DEBUG org.asynchttpclient.netty.channel.DefaultChannelPool - Entry count for : http://localhost:60380 : 1
16:10:41.208 [AsyncHttpClient-1-1] DEBUG org.asynchttpclient.netty.channel.DefaultChannelPool - Entry count for : http://localhost:60380 : 1
16:10:42.790 [AsyncHttpClient-1-1] DEBUG org.asynchttpclient.netty.channel.DefaultChannelPool - Entry count for : http://localhost:60380 : 1
16:10:44.275 [AsyncHttpClient-1-1] DEBUG org.asynchttpclient.netty.channel.DefaultChannelPool - Entry count for : http://localhost:60380 : 1
16:10:45.456 [AsyncHttpClient-1-1] DEBUG org.asynchttpclient.netty.channel.DefaultChannelPool - Entry count for : http://localhost:60380 : 1
16:10:46.571 [AsyncHttpClient-1-1] DEBUG org.asynchttpclient.netty.channel.DefaultChannelPool - Entry count for : http://localhost:60380 : 1
16:10:47.638 [AsyncHttpClient-1-1] DEBUG org.asynchttpclient.netty.channel.DefaultChannelPool - Entry count for : http://localhost:60380 : 1
16:10:48.736 [AsyncHttpClient-1-1] DEBUG org.asynchttpclient.netty.channel.DefaultChannelPool - Entry count for : http://localhost:60380 : 1
16:10:49.159 [AsyncHttpClient-1-2] DEBUG org.asynchttpclient.netty.handler.HttpHandler - 

Request DefaultFullHttpRequest(decodeResult: success, version: HTTP/1.1, content: EmptyByteBufBE)
GET /session/ef1d049c44eb0263b5f8803eb7cd7476/screenshot HTTP/1.1
User-Agent: selenium/4.1.2 (java windows)
Cache-Control: no-cache
Content-Type: application/json; charset=utf-8
host: localhost:54184
accept: */*

Response DefaultHttpResponse(decodeResult: success, version: HTTP/1.1)
HTTP/1.1 200 OK
Content-Type: application/json; charset=utf-8
cache-control: no-cache
content-length: 88732

16:10:49.160 [AsyncHttpClient-1-2] DEBUG org.asynchttpclient.netty.channel.ChannelManager - Adding key: http://localhost:54184 for channel [id: 0x6ca93b63, L:/127.0.0.1:60379 - R:localhost/127.0.0.1:54184]
16:10:49.167 [main] DEBUG net.serenitybdd.core.photography.Darkroom - Send negative for processing for target\site\serenity\5cf5365b44de1eb7e25e8bfd684acd469df441bfc9ffa6df5d63ef113f1f88e8.png
16:10:49.167 [main] DEBUG net.thucydides.core.steps.StepInterceptor - STEP DONE: clickLoginButton
  &amp#27;[32mGiven &amp#27;[0m&amp#27;[32mI am on product page&amp#27;[0m                        &amp#27;[90m# starter.stepdefinitions.ProductSteps.iAmOnProductPage()&amp#27;[0m
16:10:49.195 [main] DEBUG net.thucydides.core.steps.StepInterceptor - STARTING STEP: ProductSteps.iDontClickAnyBuyButtonOnProductTitle - productNameAppears
16:10:49.202 [Forwarding findElement on session ef1d049c44eb0263b5f8803eb7cd7476 to remote] DEBUG org.asynchttpclient.netty.request.NettyRequestSender - Using pooled Channel '[id: 0x6ca93b63, L:/127.0.0.1:60379 - R:localhost/127.0.0.1:54184]' for 'POST' to 'http://localhost:54184/session/ef1d049c44eb0263b5f8803eb7cd7476/element'
16:10:49.202 [Forwarding findElement on session ef1d049c44eb0263b5f8803eb7cd7476 to remote] DEBUG org.asynchttpclient.netty.request.NettyRequestSender - Using open Channel [id: 0x6ca93b63, L:/127.0.0.1:60379 - R:localhost/127.0.0.1:54184] for POST '/session/ef1d049c44eb0263b5f8803eb7cd7476/element'
16:10:49.211 [AsyncHttpClient-1-2] DEBUG org.asynchttpclient.netty.handler.HttpHandler - 

Request DefaultHttpRequest(decodeResult: success, version: HTTP/1.1)
POST /session/ef1d049c44eb0263b5f8803eb7cd7476/element HTTP/1.1
User-Agent: selenium/4.1.2 (java windows)
Content-Length: 53
Content-Type: application/json; charset=utf-8
host: localhost:54184
accept: */*

Response DefaultHttpResponse(decodeResult: success, version: HTTP/1.1)
HTTP/1.1 400 Bad Request
Content-Type: application/json; charset=utf-8
cache-control: no-cache
content-length: 957

16:10:49.211 [AsyncHttpClient-1-2] DEBUG org.asynchttpclient.netty.channel.ChannelManager - Adding key: http://localhost:54184 for channel [id: 0x6ca93b63, L:/127.0.0.1:60379 - R:localhost/127.0.0.1:54184]
16:10:49.217 [Forwarding findElement on session ef1d049c44eb0263b5f8803eb7cd7476 to remote] DEBUG org.asynchttpclient.netty.request.NettyRequestSender - Using pooled Channel '[id: 0x6ca93b63, L:/127.0.0.1:60379 - R:localhost/127.0.0.1:54184]' for 'POST' to 'http://localhost:54184/session/ef1d049c44eb0263b5f8803eb7cd7476/element'
16:10:49.217 [Forwarding findElement on session ef1d049c44eb0263b5f8803eb7cd7476 to remote] DEBUG org.asynchttpclient.netty.request.NettyRequestSender - Using open Channel [id: 0x6ca93b63, L:/127.0.0.1:60379 - R:localhost/127.0.0.1:54184] for POST '/session/ef1d049c44eb0263b5f8803eb7cd7476/element'
16:10:49.246 [AsyncHttpClient-1-2] DEBUG org.asynchttpclient.netty.handler.HttpHandler - 

Request DefaultHttpRequest(decodeResult: success, version: HTTP/1.1)
POST /session/ef1d049c44eb0263b5f8803eb7cd7476/element HTTP/1.1
User-Agent: selenium/4.1.2 (java windows)
Content-Length: 63
Content-Type: application/json; charset=utf-8
host: localhost:54184
accept: */*

Response DefaultHttpResponse(decodeResult: success, version: HTTP/1.1)
HTTP/1.1 200 OK
Content-Type: application/json; charset=utf-8
cache-control: no-cache
content-length: 88

16:10:49.246 [AsyncHttpClient-1-2] DEBUG org.asynchttpclient.netty.channel.ChannelManager - Adding key: http://localhost:54184 for channel [id: 0x6ca93b63, L:/127.0.0.1:60379 - R:localhost/127.0.0.1:54184]
16:10:49.257 [Forwarding isElementDisplayed on session ef1d049c44eb0263b5f8803eb7cd7476 to remote] DEBUG org.asynchttpclient.netty.request.NettyRequestSender - Using pooled Channel '[id: 0x6ca93b63, L:/127.0.0.1:60379 - R:localhost/127.0.0.1:54184]' for 'POST' to 'http://localhost:54184/session/ef1d049c44eb0263b5f8803eb7cd7476/execute/sync'
16:10:49.257 [Forwarding isElementDisplayed on session ef1d049c44eb0263b5f8803eb7cd7476 to remote] DEBUG org.asynchttpclient.netty.request.NettyRequestSender - Using open Channel [id: 0x6ca93b63, L:/127.0.0.1:60379 - R:localhost/127.0.0.1:54184] for POST '/session/ef1d049c44eb0263b5f8803eb7cd7476/execute/sync'
16:10:49.294 [AsyncHttpClient-1-2] DEBUG org.asynchttpclient.netty.handler.HttpHandler - 

Request DefaultHttpRequest(decodeResult: success, version: HTTP/1.1)
POST /session/ef1d049c44eb0263b5f8803eb7cd7476/execute/sync HTTP/1.1
User-Agent: selenium/4.1.2 (java windows)
Content-Length: 48780
Content-Type: application/json; charset=utf-8
host: localhost:54184
accept: */*

Response DefaultHttpResponse(decodeResult: success, version: HTTP/1.1)
HTTP/1.1 200 OK
Content-Type: application/json; charset=utf-8
cache-control: no-cache
content-length: 14

16:10:49.294 [AsyncHttpClient-1-2] DEBUG org.asynchttpclient.netty.channel.ChannelManager - Adding key: http://localhost:54184 for channel [id: 0x6ca93b63, L:/127.0.0.1:60379 - R:localhost/127.0.0.1:54184]
16:10:49.304 [Forwarding screenshot on session ef1d049c44eb0263b5f8803eb7cd7476 to remote] DEBUG org.asynchttpclient.netty.request.NettyRequestSender - Using pooled Channel '[id: 0x6ca93b63, L:/127.0.0.1:60379 - R:localhost/127.0.0.1:54184]' for 'GET' to 'http://localhost:54184/session/ef1d049c44eb0263b5f8803eb7cd7476/screenshot'
16:10:49.304 [Forwarding screenshot on session ef1d049c44eb0263b5f8803eb7cd7476 to remote] DEBUG org.asynchttpclient.netty.request.NettyRequestSender - Using open Channel [id: 0x6ca93b63, L:/127.0.0.1:60379 - R:localhost/127.0.0.1:54184] for GET '/session/ef1d049c44eb0263b5f8803eb7cd7476/screenshot'
16:10:49.480 [AsyncHttpClient-1-2] DEBUG org.asynchttpclient.netty.handler.HttpHandler - 

Request DefaultFullHttpRequest(decodeResult: success, version: HTTP/1.1, content: EmptyByteBufBE)
GET /session/ef1d049c44eb0263b5f8803eb7cd7476/screenshot HTTP/1.1
User-Agent: selenium/4.1.2 (java windows)
Cache-Control: no-cache
Content-Type: application/json; charset=utf-8
host: localhost:54184
accept: */*

Response DefaultHttpResponse(decodeResult: success, version: HTTP/1.1)
HTTP/1.1 200 OK
Content-Type: application/json; charset=utf-8
cache-control: no-cache
content-length: 88732

16:10:49.481 [AsyncHttpClient-1-2] DEBUG org.asynchttpclient.netty.channel.ChannelManager - Adding key: http://localhost:54184 for channel [id: 0x6ca93b63, L:/127.0.0.1:60379 - R:localhost/127.0.0.1:54184]
16:10:49.509 [main] DEBUG net.serenitybdd.core.photography.Darkroom - Send negative for processing for target\site\serenity\5cf5365b44de1eb7e25e8bfd684acd469df441bfc9ffa6df5d63ef113f1f88e8.png
16:10:49.509 [main] DEBUG net.thucydides.core.steps.StepInterceptor - STEP DONE: productNameAppears
16:10:49.522 [main] DEBUG net.thucydides.core.steps.StepInterceptor - STARTING STEP: ProductSteps.iDontClickAnyBuyButtonOnProductTitle - clickShoppingCart
16:10:49.530 [Forwarding findElement on session ef1d049c44eb0263b5f8803eb7cd7476 to remote] DEBUG org.asynchttpclient.netty.request.NettyRequestSender - Using pooled Channel '[id: 0x6ca93b63, L:/127.0.0.1:60379 - R:localhost/127.0.0.1:54184]' for 'POST' to 'http://localhost:54184/session/ef1d049c44eb0263b5f8803eb7cd7476/element'
16:10:49.530 [Forwarding findElement on session ef1d049c44eb0263b5f8803eb7cd7476 to remote] DEBUG org.asynchttpclient.netty.request.NettyRequestSender - Using open Channel [id: 0x6ca93b63, L:/127.0.0.1:60379 - R:localhost/127.0.0.1:54184] for POST '/session/ef1d049c44eb0263b5f8803eb7cd7476/element'
16:10:49.587 [AsyncHttpClient-1-2] DEBUG org.asynchttpclient.netty.handler.HttpHandler - 

Request DefaultHttpRequest(decodeResult: success, version: HTTP/1.1)
POST /session/ef1d049c44eb0263b5f8803eb7cd7476/element HTTP/1.1
User-Agent: selenium/4.1.2 (java windows)
Content-Length: 213
Content-Type: application/json; charset=utf-8
host: localhost:54184
accept: */*

Response DefaultHttpResponse(decodeResult: success, version: HTTP/1.1)
HTTP/1.1 200 OK
Content-Type: application/json; charset=utf-8
cache-control: no-cache
content-length: 88

16:10:49.587 [AsyncHttpClient-1-2] DEBUG org.asynchttpclient.netty.channel.ChannelManager - Adding key: http://localhost:54184 for channel [id: 0x6ca93b63, L:/127.0.0.1:60379 - R:localhost/127.0.0.1:54184]
16:10:49.589 [Forwarding getElementTagName on session ef1d049c44eb0263b5f8803eb7cd7476 to remote] DEBUG org.asynchttpclient.netty.request.NettyRequestSender - Using pooled Channel '[id: 0x6ca93b63, L:/127.0.0.1:60379 - R:localhost/127.0.0.1:54184]' for 'GET' to 'http://localhost:54184/session/ef1d049c44eb0263b5f8803eb7cd7476/element/c276b7d4-484d-4a84-ab9d-a08b780b7b37/name'
16:10:49.590 [Forwarding getElementTagName on session ef1d049c44eb0263b5f8803eb7cd7476 to remote] DEBUG org.asynchttpclient.netty.request.NettyRequestSender - Using open Channel [id: 0x6ca93b63, L:/127.0.0.1:60379 - R:localhost/127.0.0.1:54184] for GET '/session/ef1d049c44eb0263b5f8803eb7cd7476/element/c276b7d4-484d-4a84-ab9d-a08b780b7b37/name'
16:10:49.599 [AsyncHttpClient-1-2] DEBUG org.asynchttpclient.netty.handler.HttpHandler - 

Request DefaultFullHttpRequest(decodeResult: success, version: HTTP/1.1, content: EmptyByteBufBE)
GET /session/ef1d049c44eb0263b5f8803eb7cd7476/element/c276b7d4-484d-4a84-ab9d-a08b780b7b37/name HTTP/1.1
User-Agent: selenium/4.1.2 (java windows)
Cache-Control: no-cache
Content-Type: application/json; charset=utf-8
host: localhost:54184
accept: */*

Response DefaultHttpResponse(decodeResult: success, version: HTTP/1.1)
HTTP/1.1 200 OK
Content-Type: application/json; charset=utf-8
cache-control: no-cache
content-length: 16

16:10:49.600 [AsyncHttpClient-1-2] DEBUG org.asynchttpclient.netty.channel.ChannelManager - Adding key: http://localhost:54184 for channel [id: 0x6ca93b63, L:/127.0.0.1:60379 - R:localhost/127.0.0.1:54184]
16:10:49.602 [Forwarding getElementTagName on session ef1d049c44eb0263b5f8803eb7cd7476 to remote] DEBUG org.asynchttpclient.netty.request.NettyRequestSender - Using pooled Channel '[id: 0x6ca93b63, L:/127.0.0.1:60379 - R:localhost/127.0.0.1:54184]' for 'GET' to 'http://localhost:54184/session/ef1d049c44eb0263b5f8803eb7cd7476/element/c276b7d4-484d-4a84-ab9d-a08b780b7b37/name'
16:10:49.602 [Forwarding getElementTagName on session ef1d049c44eb0263b5f8803eb7cd7476 to remote] DEBUG org.asynchttpclient.netty.request.NettyRequestSender - Using open Channel [id: 0x6ca93b63, L:/127.0.0.1:60379 - R:localhost/127.0.0.1:54184] for GET '/session/ef1d049c44eb0263b5f8803eb7cd7476/element/c276b7d4-484d-4a84-ab9d-a08b780b7b37/name'
16:10:49.624 [AsyncHttpClient-1-2] DEBUG org.asynchttpclient.netty.handler.HttpHandler - 

Request DefaultFullHttpRequest(decodeResult: success, version: HTTP/1.1, content: EmptyByteBufBE)
GET /session/ef1d049c44eb0263b5f8803eb7cd7476/element/c276b7d4-484d-4a84-ab9d-a08b780b7b37/name HTTP/1.1
User-Agent: selenium/4.1.2 (java windows)
Cache-Control: no-cache
Content-Type: application/json; charset=utf-8
host: localhost:54184
accept: */*

Response DefaultHttpResponse(decodeResult: success, version: HTTP/1.1)
HTTP/1.1 200 OK
Content-Type: application/json; charset=utf-8
cache-control: no-cache
content-length: 16

16:10:49.625 [AsyncHttpClient-1-2] DEBUG org.asynchttpclient.netty.channel.ChannelManager - Adding key: http://localhost:54184 for channel [id: 0x6ca93b63, L:/127.0.0.1:60379 - R:localhost/127.0.0.1:54184]
16:10:49.634 [Forwarding findElement on session ef1d049c44eb0263b5f8803eb7cd7476 to remote] DEBUG org.asynchttpclient.netty.request.NettyRequestSender - Using pooled Channel '[id: 0x6ca93b63, L:/127.0.0.1:60379 - R:localhost/127.0.0.1:54184]' for 'POST' to 'http://localhost:54184/session/ef1d049c44eb0263b5f8803eb7cd7476/element'
16:10:49.635 [Forwarding findElement on session ef1d049c44eb0263b5f8803eb7cd7476 to remote] DEBUG org.asynchttpclient.netty.request.NettyRequestSender - Using open Channel [id: 0x6ca93b63, L:/127.0.0.1:60379 - R:localhost/127.0.0.1:54184] for POST '/session/ef1d049c44eb0263b5f8803eb7cd7476/element'
16:10:49.682 [AsyncHttpClient-1-2] DEBUG org.asynchttpclient.netty.handler.HttpHandler - 

Request DefaultHttpRequest(decodeResult: success, version: HTTP/1.1)
POST /session/ef1d049c44eb0263b5f8803eb7cd7476/element HTTP/1.1
User-Agent: selenium/4.1.2 (java windows)
Content-Length: 213
Content-Type: application/json; charset=utf-8
host: localhost:54184
accept: */*

Response DefaultHttpResponse(decodeResult: success, version: HTTP/1.1)
HTTP/1.1 200 OK
Content-Type: application/json; charset=utf-8
cache-control: no-cache
content-length: 88

16:10:49.682 [AsyncHttpClient-1-2] DEBUG org.asynchttpclient.netty.channel.ChannelManager - Adding key: http://localhost:54184 for channel [id: 0x6ca93b63, L:/127.0.0.1:60379 - R:localhost/127.0.0.1:54184]
16:10:49.685 [Forwarding clickElement on session ef1d049c44eb0263b5f8803eb7cd7476 to remote] DEBUG org.asynchttpclient.netty.request.NettyRequestSender - Using pooled Channel '[id: 0x6ca93b63, L:/127.0.0.1:60379 - R:localhost/127.0.0.1:54184]' for 'POST' to 'http://localhost:54184/session/ef1d049c44eb0263b5f8803eb7cd7476/element/c276b7d4-484d-4a84-ab9d-a08b780b7b37/click'
16:10:49.685 [Forwarding clickElement on session ef1d049c44eb0263b5f8803eb7cd7476 to remote] DEBUG org.asynchttpclient.netty.request.NettyRequestSender - Using open Channel [id: 0x6ca93b63, L:/127.0.0.1:60379 - R:localhost/127.0.0.1:54184] for POST '/session/ef1d049c44eb0263b5f8803eb7cd7476/element/c276b7d4-484d-4a84-ab9d-a08b780b7b37/click'
16:10:49.891 [AsyncHttpClient-1-1] DEBUG org.asynchttpclient.netty.channel.DefaultChannelPool - Entry count for : http://localhost:60380 : 1
16:10:50.537 [AsyncHttpClient-1-2] DEBUG org.asynchttpclient.netty.handler.HttpHandler - 

Request DefaultHttpRequest(decodeResult: success, version: HTTP/1.1)
POST /session/ef1d049c44eb0263b5f8803eb7cd7476/element/c276b7d4-484d-4a84-ab9d-a08b780b7b37/click HTTP/1.1
User-Agent: selenium/4.1.2 (java windows)
Content-Length: 50
Content-Type: application/json; charset=utf-8
host: localhost:54184
accept: */*

Response DefaultHttpResponse(decodeResult: success, version: HTTP/1.1)
HTTP/1.1 200 OK
Content-Type: application/json; charset=utf-8
cache-control: no-cache
content-length: 14

16:10:50.537 [AsyncHttpClient-1-2] DEBUG org.asynchttpclient.netty.channel.ChannelManager - Adding key: http://localhost:54184 for channel [id: 0x6ca93b63, L:/127.0.0.1:60379 - R:localhost/127.0.0.1:54184]
16:10:50.559 [Forwarding screenshot on session ef1d049c44eb0263b5f8803eb7cd7476 to remote] DEBUG org.asynchttpclient.netty.request.NettyRequestSender - Using pooled Channel '[id: 0x6ca93b63, L:/127.0.0.1:60379 - R:localhost/127.0.0.1:54184]' for 'GET' to 'http://localhost:54184/session/ef1d049c44eb0263b5f8803eb7cd7476/screenshot'
16:10:50.559 [Forwarding screenshot on session ef1d049c44eb0263b5f8803eb7cd7476 to remote] DEBUG org.asynchttpclient.netty.request.NettyRequestSender - Using open Channel [id: 0x6ca93b63, L:/127.0.0.1:60379 - R:localhost/127.0.0.1:54184] for GET '/session/ef1d049c44eb0263b5f8803eb7cd7476/screenshot'
16:10:50.889 [AsyncHttpClient-1-2] DEBUG org.asynchttpclient.netty.handler.HttpHandler - 

Request DefaultFullHttpRequest(decodeResult: success, version: HTTP/1.1, content: EmptyByteBufBE)
GET /session/ef1d049c44eb0263b5f8803eb7cd7476/screenshot HTTP/1.1
User-Agent: selenium/4.1.2 (java windows)
Cache-Control: no-cache
Content-Type: application/json; charset=utf-8
host: localhost:54184
accept: */*

Response DefaultHttpResponse(decodeResult: success, version: HTTP/1.1)
HTTP/1.1 200 OK
Content-Type: application/json; charset=utf-8
cache-control: no-cache
content-length: 18780

16:10:50.890 [AsyncHttpClient-1-2] DEBUG org.asynchttpclient.netty.channel.ChannelManager - Adding key: http://localhost:54184 for channel [id: 0x6ca93b63, L:/127.0.0.1:60379 - R:localhost/127.0.0.1:54184]
16:10:50.899 [main] DEBUG net.serenitybdd.core.photography.Darkroom - Send negative for processing for target\site\serenity\d07aebed19e322885b614b4e8e856ddc7660a58fcff5a939ad8680739b23e4b9.png
16:10:50.899 [main] DEBUG net.thucydides.core.steps.StepInterceptor - STEP DONE: clickShoppingCart
  &amp#27;[32mWhen &amp#27;[0m&amp#27;[32mI dont click any buy button on product title&amp#27;[0m &amp#27;[90m# starter.stepdefinitions.ProductSteps.iDontClickAnyBuyButtonOnProductTitle()&amp#27;[0m
16:10:50.900 [Darkroom Processing Line] DEBUG net.serenitybdd.core.photography.DarkroomProcessingLine - Processing screenshot image in /var/screenshots/screenshot-14039736880851410480
16:10:50.900 [Darkroom Processing Line] DEBUG net.serenitybdd.core.photography.DarkroomProcessingLine - Saving screenshot to target\site\serenity\d07aebed19e322885b614b4e8e856ddc7660a58fcff5a939ad8680739b23e4b9.png
16:10:50.929 [main] DEBUG net.thucydides.core.steps.StepInterceptor - STARTING STEP: ProductSteps.myShoppingCartIsEmpty - verifyCartIsEmpty
16:10:50.948 [Forwarding findElement on session ef1d049c44eb0263b5f8803eb7cd7476 to remote] DEBUG org.asynchttpclient.netty.request.NettyRequestSender - Using pooled Channel '[id: 0x6ca93b63, L:/127.0.0.1:60379 - R:localhost/127.0.0.1:54184]' for 'POST' to 'http://localhost:54184/session/ef1d049c44eb0263b5f8803eb7cd7476/element'
16:10:50.948 [Forwarding findElement on session ef1d049c44eb0263b5f8803eb7cd7476 to remote] DEBUG org.asynchttpclient.netty.request.NettyRequestSender - Using open Channel [id: 0x6ca93b63, L:/127.0.0.1:60379 - R:localhost/127.0.0.1:54184] for POST '/session/ef1d049c44eb0263b5f8803eb7cd7476/element'
16:10:50.948 [AsyncHttpClient-1-1] DEBUG org.asynchttpclient.netty.channel.DefaultChannelPool - Entry count for : http://localhost:60380 : 1
16:10:50.999 [AsyncHttpClient-1-2] DEBUG org.asynchttpclient.netty.handler.HttpHandler - 

Request DefaultHttpRequest(decodeResult: success, version: HTTP/1.1)
POST /session/ef1d049c44eb0263b5f8803eb7cd7476/element HTTP/1.1
User-Agent: selenium/4.1.2 (java windows)
Content-Length: 63
Content-Type: application/json; charset=utf-8
host: localhost:54184
accept: */*

Response DefaultHttpResponse(decodeResult: success, version: HTTP/1.1)
HTTP/1.1 200 OK
Content-Type: application/json; charset=utf-8
cache-control: no-cache
content-length: 88

16:10:50.999 [AsyncHttpClient-1-2] DEBUG org.asynchttpclient.netty.channel.ChannelManager - Adding key: http://localhost:54184 for channel [id: 0x6ca93b63, L:/127.0.0.1:60379 - R:localhost/127.0.0.1:54184]
16:10:51.005 [Forwarding isElementDisplayed on session ef1d049c44eb0263b5f8803eb7cd7476 to remote] DEBUG org.asynchttpclient.netty.request.NettyRequestSender - Using pooled Channel '[id: 0x6ca93b63, L:/127.0.0.1:60379 - R:localhost/127.0.0.1:54184]' for 'POST' to 'http://localhost:54184/session/ef1d049c44eb0263b5f8803eb7cd7476/execute/sync'
16:10:51.005 [Forwarding isElementDisplayed on session ef1d049c44eb0263b5f8803eb7cd7476 to remote] DEBUG org.asynchttpclient.netty.request.NettyRequestSender - Using open Channel [id: 0x6ca93b63, L:/127.0.0.1:60379 - R:localhost/127.0.0.1:54184] for POST '/session/ef1d049c44eb0263b5f8803eb7cd7476/execute/sync'
16:10:51.039 [AsyncHttpClient-1-2] DEBUG org.asynchttpclient.netty.handler.HttpHandler - 

Request DefaultHttpRequest(decodeResult: success, version: HTTP/1.1)
POST /session/ef1d049c44eb0263b5f8803eb7cd7476/execute/sync HTTP/1.1
User-Agent: selenium/4.1.2 (java windows)
Content-Length: 48780
Content-Type: application/json; charset=utf-8
host: localhost:54184
accept: */*

Response DefaultHttpResponse(decodeResult: success, version: HTTP/1.1)
HTTP/1.1 200 OK
Content-Type: application/json; charset=utf-8
cache-control: no-cache
content-length: 14

16:10:51.039 [AsyncHttpClient-1-2] DEBUG org.asynchttpclient.netty.channel.ChannelManager - Adding key: http://localhost:54184 for channel [id: 0x6ca93b63, L:/127.0.0.1:60379 - R:localhost/127.0.0.1:54184]
16:10:51.048 [Forwarding screenshot on session ef1d049c44eb0263b5f8803eb7cd7476 to remote] DEBUG org.asynchttpclient.netty.request.NettyRequestSender - Using pooled Channel '[id: 0x6ca93b63, L:/127.0.0.1:60379 - R:localhost/127.0.0.1:54184]' for 'GET' to 'http://localhost:54184/session/ef1d049c44eb0263b5f8803eb7cd7476/screenshot'
16:10:51.048 [Forwarding screenshot on session ef1d049c44eb0263b5f8803eb7cd7476 to remote] DEBUG org.asynchttpclient.netty.request.NettyRequestSender - Using open Channel [id: 0x6ca93b63, L:/127.0.0.1:60379 - R:localhost/127.0.0.1:54184] for GET '/session/ef1d049c44eb0263b5f8803eb7cd7476/screenshot'
16:10:51.245 [AsyncHttpClient-1-2] DEBUG org.asynchttpclient.netty.handler.HttpHandler - 

Request DefaultFullHttpRequest(decodeResult: success, version: HTTP/1.1, content: EmptyByteBufBE)
GET /session/ef1d049c44eb0263b5f8803eb7cd7476/screenshot HTTP/1.1
User-Agent: selenium/4.1.2 (java windows)
Cache-Control: no-cache
Content-Type: application/json; charset=utf-8
host: localhost:54184
accept: */*

Response DefaultHttpResponse(decodeResult: success, version: HTTP/1.1)
HTTP/1.1 200 OK
Content-Type: application/json; charset=utf-8
cache-control: no-cache
content-length: 18764

16:10:51.245 [AsyncHttpClient-1-2] DEBUG org.asynchttpclient.netty.channel.ChannelManager - Adding key: http://localhost:54184 for channel [id: 0x6ca93b63, L:/127.0.0.1:60379 - R:localhost/127.0.0.1:54184]
16:10:51.247 [main] DEBUG net.serenitybdd.core.photography.Darkroom - Send negative for processing for target\site\serenity\cdc3ccd7e3c97a6bfc8cb981dba82df5950f61920179e6f0d519c762cf7a185e.png
16:10:51.248 [main] DEBUG net.thucydides.core.steps.StepInterceptor - STEP DONE: verifyCartIsEmpty
  &amp#27;[32mThen &amp#27;[0m&amp#27;[32mMy shopping cart is empty&amp#27;[0m                    &amp#27;[90m# starter.stepdefinitions.ProductSteps.myShoppingCartIsEmpty()&amp#27;[0m
16:10:51.254 [Darkroom Processing Line] DEBUG net.serenitybdd.core.photography.DarkroomProcessingLine - Processing screenshot image in /var/screenshots/screenshot-5720977934386366888
16:10:51.254 [Darkroom Processing Line] DEBUG net.serenitybdd.core.photography.DarkroomProcessingLine - Saving screenshot to target\site\serenity\cdc3ccd7e3c97a6bfc8cb981dba82df5950f61920179e6f0d519c762cf7a185e.png
16:10:51.259 [main] INFO  - 
  _____   ___   ___   _____     ___     _     ___   ___   ___   ___  
 |_   _| | __| / __| |_   _|   | _ \   /_\   / __| / __| | __| |   \ 
   | |   | _|  \__ \   | |     |  _/  / _ \  \__ \ \__ \ | _|  | |) |
   |_|   |___| |___/   |_|     |_|   /_/ \_\ |___/ |___/ |___| |___/ 

When i don't buy anything on product page
----------------------------------------------------------------------
16:10:51.263 [AsyncHttpClient-1-4] DEBUG org.asynchttpclient.netty.handler.WebSocketHandler - Channel Closed: [id: 0x503d1043, L:/127.0.0.1:60387 ! R:localhost/127.0.0.1:60380] with attribute NettyResponseFuture{currentRetry=5,
	isDone=1,
	isCancelled=0,
	asyncHandler=org.asynchttpclient.ws.WebSocketUpgradeHandler@145c38b3,
	nettyRequest=org.asynchttpclient.netty.request.NettyRequest@38cd340d,
	future=java.util.concurrent.CompletableFuture@726c0a0e[Completed normally],
	uri=ws://localhost:60380/devtools/browser/cf4a8e6b-5b4e-48d3-b166-95a9e8bea54b,
	keepAlive=true,
	redirectCount=0,
	timeoutsHolder=null,
	inAuth=0,
	touch=1652778617728}
16:10:51.263 [AsyncHttpClient-1-4] DEBUG org.asynchttpclient.netty.channel.ChannelManager - Closing Channel [id: 0x503d1043, L:/127.0.0.1:60387 ! R:localhost/127.0.0.1:60380] 
16:10:51.267 [Driver Command Executor] DEBUG org.asynchttpclient.netty.request.NettyRequestSender - Using pooled Channel '[id: 0x6ca93b63, L:/127.0.0.1:60379 - R:localhost/127.0.0.1:54184]' for 'DELETE' to 'http://localhost:54184/session/ef1d049c44eb0263b5f8803eb7cd7476'
16:10:51.267 [Driver Command Executor] DEBUG org.asynchttpclient.netty.request.NettyRequestSender - Using open Channel [id: 0x6ca93b63, L:/127.0.0.1:60379 - R:localhost/127.0.0.1:54184] for DELETE '/session/ef1d049c44eb0263b5f8803eb7cd7476'
16:10:51.899 [AsyncHttpClient-1-3] DEBUG org.asynchttpclient.netty.handler.HttpHandler - Unexpected I/O exception on channel [id: 0x2dd0f2ed, L:/127.0.0.1:60386 - R:localhost/127.0.0.1:60380]
java.net.SocketException: Connection reset
	at java.base/sun.nio.ch.SocketChannelImpl.throwConnectionReset(SocketChannelImpl.java:367)
	at java.base/sun.nio.ch.SocketChannelImpl.read(SocketChannelImpl.java:398)
	at io.netty.buffer.PooledByteBuf.setBytes(PooledByteBuf.java:258)
	at io.netty.buffer.AbstractByteBuf.writeBytes(AbstractByteBuf.java:1132)
	at io.netty.channel.socket.nio.NioSocketChannel.doReadBytes(NioSocketChannel.java:350)
	at io.netty.channel.nio.AbstractNioByteChannel$NioByteUnsafe.read(AbstractNioByteChannel.java:151)
	at io.netty.channel.nio.NioEventLoop.processSelectedKey(NioEventLoop.java:722)
	at io.netty.channel.nio.NioEventLoop.processSelectedKeysOptimized(NioEventLoop.java:658)
	at io.netty.channel.nio.NioEventLoop.processSelectedKeys(NioEventLoop.java:584)
	at io.netty.channel.nio.NioEventLoop.run(NioEventLoop.java:496)
	at io.netty.util.concurrent.SingleThreadEventExecutor$4.run(SingleThreadEventExecutor.java:986)
	at io.netty.util.internal.ThreadExecutorMap$2.run(ThreadExecutorMap.java:74)
	at io.netty.util.concurrent.FastThreadLocalRunnable.run(FastThreadLocalRunnable.java:30)
	at java.base/java.lang.Thread.run(Thread.java:832)
16:10:51.899 [AsyncHttpClient-1-3] DEBUG org.asynchttpclient.netty.channel.ChannelManager - Closing Channel [id: 0x2dd0f2ed, L:/127.0.0.1:60386 - R:localhost/127.0.0.1:60380] 
16:10:51.899 [AsyncHttpClient-1-3] DEBUG org.asynchttpclient.netty.handler.HttpHandler - Channel Closed: [id: 0x2dd0f2ed, L:/127.0.0.1:60386 ! R:localhost/127.0.0.1:60380] with attribute DISCARD
16:10:51.955 [AsyncHttpClient-1-2] DEBUG org.asynchttpclient.netty.handler.HttpHandler - 

Request DefaultFullHttpRequest(decodeResult: success, version: HTTP/1.1, content: EmptyByteBufBE)
DELETE /session/ef1d049c44eb0263b5f8803eb7cd7476 HTTP/1.1
User-Agent: selenium/4.1.2 (java windows)
Content-Type: application/json; charset=utf-8
host: localhost:54184
accept: */*

Response DefaultHttpResponse(decodeResult: success, version: HTTP/1.1)
HTTP/1.1 200 OK
Content-Type: application/json; charset=utf-8
cache-control: no-cache
content-length: 14

16:10:51.955 [AsyncHttpClient-1-2] DEBUG org.asynchttpclient.netty.channel.ChannelManager - Adding key: http://localhost:54184 for channel [id: 0x6ca93b63, L:/127.0.0.1:60379 - R:localhost/127.0.0.1:54184]
16:10:52.044 [AsyncHttpClient-1-1] DEBUG org.asynchttpclient.netty.channel.DefaultChannelPool - Entry count for : http://localhost:54184 : 1
16:10:52.044 [AsyncHttpClient-1-1] DEBUG org.asynchttpclient.netty.channel.DefaultChannelPool - Entry count for : http://localhost:60380 : 1
16:10:52.044 [AsyncHttpClient-1-1] DEBUG org.asynchttpclient.netty.channel.DefaultChannelPool - Adding Candidate expired Channel [id: 0x2dd0f2ed, L:/127.0.0.1:60386 ! R:localhost/127.0.0.1:60380] isIdleTimeoutExpired=false isRemotelyClosed=true isTtlExpired=false
16:10:52.044 [AsyncHttpClient-1-1] DEBUG org.asynchttpclient.netty.channel.DefaultChannelPool - Closing Idle Channel [id: 0x2dd0f2ed, L:/127.0.0.1:60386 ! R:localhost/127.0.0.1:60380]
16:10:52.044 [AsyncHttpClient-1-1] DEBUG org.asynchttpclient.netty.channel.DefaultChannelPool - Closed 1 connections out of 2 in 0 ms
16:10:52.338 [AsyncHttpClient-1-2] DEBUG org.asynchttpclient.netty.handler.HttpHandler - Channel Closed: [id: 0x6ca93b63, L:/127.0.0.1:60379 ! R:localhost/127.0.0.1:54184] with attribute DISCARD
]]></system-out>
    <system-err><![CDATA[Starting ChromeDriver 100.0.4896.60 (6a5d10861ce8de5fce22564658033b43cb7de047-refs/branch-heads/4896@{#875}) on port 54184
Only local connections are allowed.
Please see https://chromedriver.chromium.org/security-considerations for suggestions on keeping ChromeDriver safe.
ChromeDriver was started successfully.
[1652778616.475][WARNING]: This version of ChromeDriver has not been tested with Chrome version 101.
May 17, 2022 4:10:17 PM org.openqa.selenium.remote.ProtocolHandshake createSession
INFO: Detected dialect: W3C
May 17, 2022 4:10:17 PM org.openqa.selenium.devtools.CdpVersionFinder findNearestMatch
WARNING: Unable to find an exact match for CDP version 101, so returning the closest version found: 97
May 17, 2022 4:10:17 PM org.openqa.selenium.devtools.CdpVersionFinder findNearestMatch
INFO: Found CDP implementation for version 101 of 97
[1652778633.782][SEVERE]: Timed out receiving message from renderer: 10.000
[1652778633.797][WARNING]: screenshot failed, retrying timeout: Timed out receiving message from renderer: 10.000
[1652778644.639][SEVERE]: Timed out receiving message from renderer: 10.000
]]></system-err>
  </testcase>
  <testcase name="Using category bar" classname="Product" time="32.326">
    <system-out><![CDATA[
Scenario: Using category bar                      &amp#27;[90m# src/test/resources/features/Product.feature:23&amp#27;[0m
16:10:52.883 [main] INFO io.cucumber.core.plugin.SerenityReporter - Running feature from file:///C:/Users/ponda/Documents/Final_Project/Final_Web/src/test/resources/features/Product.feature
16:10:52.888 [main] INFO  - 
  _____   ___   ___   _____     ___   _____     _     ___   _____   ___   ___  
 |_   _| | __| / __| |_   _|   / __| |_   _|   /_\   | _ \ |_   _| | __| |   \ 
   | |   | _|  \__ \   | |     \__ \   | |    / _ \  |   /   | |   | _|  | |) |
   |_|   |___| |___/   |_|     |___/   |_|   /_/ \_\ |_|_\   |_|   |___| |___/ 

Using category bar(product;using-category-bar)
--------------------------------------------------------------------------------
16:10:52.978 [main] DEBUG net.thucydides.core.steps.StepInterceptor - STARTING STEP: ProductSteps.iAmOnProductPage - openUrl
16:10:52.983 [main] INFO net.serenitybdd.core.webdriver.driverproviders.ChromeDriverProvider - Using automatically driver download
16:10:53.134 [AsyncHttpClient-1-1] DEBUG org.asynchttpclient.netty.channel.DefaultChannelPool - Entry count for : http://localhost:54184 : 1
16:10:53.134 [AsyncHttpClient-1-1] DEBUG org.asynchttpclient.netty.channel.DefaultChannelPool - Adding Candidate expired Channel [id: 0x6ca93b63, L:/127.0.0.1:60379 ! R:localhost/127.0.0.1:54184] isIdleTimeoutExpired=false isRemotelyClosed=true isTtlExpired=false
16:10:53.135 [AsyncHttpClient-1-1] DEBUG org.asynchttpclient.netty.channel.DefaultChannelPool - Closing Idle Channel [id: 0x6ca93b63, L:/127.0.0.1:60379 ! R:localhost/127.0.0.1:54184]
16:10:53.135 [AsyncHttpClient-1-1] DEBUG org.asynchttpclient.netty.channel.DefaultChannelPool - Closed 1 connections out of 1 in 1 ms
16:10:53.238 [main] DEBUG io.github.bonigarcia.wdm.cache.ResolutionCache - Resolution chrome=101 in cache (valid until 17:04:06 17/05/2022 WIB)
16:10:53.246 [main] DEBUG io.github.bonigarcia.wdm.cache.ResolutionCache - Resolution chrome101=101.0.4951.41 in cache (valid until 16:04:06 18/05/2022 WIB)
16:10:53.249 [main] INFO io.github.bonigarcia.wdm.WebDriverManager - Using chromedriver 101.0.4951.41 (resolved driver for Chrome 101)
16:10:53.279 [main] DEBUG io.github.bonigarcia.wdm.WebDriverManager - Driver chromedriver 101.0.4951.41 found in cache
16:10:53.280 [main] INFO io.github.bonigarcia.wdm.WebDriverManager - Exporting webdriver.chrome.driver as C:\Users\ponda\.cache\selenium\chromedriver\win32\101.0.4951.41\chromedriver.exe
16:10:53.487 [main] DEBUG net.serenitybdd.core.webdriver.driverproviders.ProvideNewDriver - Instantiating driver
16:10:53.487 [main] DEBUG net.serenitybdd.core.webdriver.driverproviders.ProvideNewDriver - Driver capabilities: Capabilities {acceptInsecureCerts: false, base.url: https://qa.alta.id, browserName: chrome, chrome.driver: src/test/resources/webdrive..., driver: chrome, goog:chromeOptions: {args: [], extensions: []}}
16:10:54.038 [AsyncHttpClient-1-5] DEBUG org.asynchttpclient.netty.channel.NettyConnectListener - Using new Channel '[id: 0x5a912b2b, L:/127.0.0.1:60412 - R:localhost/127.0.0.1:61116]' for 'POST' to '/session'
16:10:56.638 [AsyncHttpClient-1-5] DEBUG org.asynchttpclient.netty.handler.HttpHandler - 

Request DefaultHttpRequest(decodeResult: success, version: HTTP/1.1)
POST /session HTTP/1.1
User-Agent: selenium/4.1.2 (java windows)
Content-Length: 599
Content-Type: application/json; charset=utf-8
host: localhost:61116
accept: */*

Response DefaultHttpResponse(decodeResult: success, version: HTTP/1.1)
HTTP/1.1 200 OK
Content-Type: application/json; charset=utf-8
cache-control: no-cache
content-length: 789

16:10:56.638 [AsyncHttpClient-1-5] DEBUG org.asynchttpclient.netty.channel.ChannelManager - Adding key: http://localhost:61116 for channel [id: 0x5a912b2b, L:/127.0.0.1:60412 - R:localhost/127.0.0.1:61116]
16:10:56.666 [AsyncHttpClient-1-2] DEBUG org.asynchttpclient.netty.channel.NettyConnectListener - Using new Channel '[id: 0x54e5e850, L:/127.0.0.1:60419 - R:localhost/127.0.0.1:60413]' for 'GET' to '/json/version'
16:10:56.667 [AsyncHttpClient-1-2] DEBUG org.asynchttpclient.netty.handler.HttpHandler - 

Request DefaultFullHttpRequest(decodeResult: success, version: HTTP/1.1, content: EmptyByteBufBE)
GET /json/version HTTP/1.1
User-Agent: selenium/4.1.2 (java windows)
host: localhost:60413
accept: */*

Response DefaultHttpResponse(decodeResult: success, version: HTTP/1.1)
HTTP/1.1 200 OK
Content-Type: application/json; charset=UTF-8
content-length: 427

16:10:56.668 [AsyncHttpClient-1-2] DEBUG org.asynchttpclient.netty.channel.ChannelManager - Adding key: http://localhost:60413 for channel [id: 0x54e5e850, L:/127.0.0.1:60419 - R:localhost/127.0.0.1:60413]
16:10:56.672 [AsyncHttpClient-1-3] DEBUG org.asynchttpclient.netty.channel.NettyConnectListener - Using new Channel '[id: 0xe361df68, L:/127.0.0.1:60420 - R:localhost/127.0.0.1:60413]' for 'GET' to '/devtools/browser/120ebd9d-09ff-4784-ba28-3e6bb3cfac72'
16:10:56.673 [AsyncHttpClient-1-3] DEBUG org.asynchttpclient.netty.handler.WebSocketHandler - 

Request DefaultFullHttpRequest(decodeResult: success, version: HTTP/1.1, content: EmptyByteBufBE)
GET /devtools/browser/120ebd9d-09ff-4784-ba28-3e6bb3cfac72 HTTP/1.1
upgrade: websocket
connection: upgrade
sec-websocket-key: Vlzl+NMWoocndVJPHH4aVA==
sec-websocket-version: 13
origin: http://localhost:60413
host: localhost:60413
accept: */*
user-agent: AHC/2.1

Response DefaultHttpResponse(decodeResult: success, version: HTTP/1.1)
HTTP/1.1 101 WebSocket Protocol Handshake
Upgrade: WebSocket
Connection: Upgrade
Sec-WebSocket-Accept: MZ1BMroyBIEunLDl+UeXgRMS6EA=

16:10:56.688 [Forwarding maximizeCurrentWindow on session baee9c1c51087c497a4f15f9de39a6b0 to remote] DEBUG org.asynchttpclient.netty.request.NettyRequestSender - Using pooled Channel '[id: 0x5a912b2b, L:/127.0.0.1:60412 - R:localhost/127.0.0.1:61116]' for 'POST' to 'http://localhost:61116/session/baee9c1c51087c497a4f15f9de39a6b0/window/maximize'
16:10:56.688 [Forwarding maximizeCurrentWindow on session baee9c1c51087c497a4f15f9de39a6b0 to remote] DEBUG org.asynchttpclient.netty.request.NettyRequestSender - Using open Channel [id: 0x5a912b2b, L:/127.0.0.1:60412 - R:localhost/127.0.0.1:61116] for POST '/session/baee9c1c51087c497a4f15f9de39a6b0/window/maximize'
16:10:56.812 [AsyncHttpClient-1-1] DEBUG org.asynchttpclient.netty.channel.DefaultChannelPool - Entry count for : http://localhost:60413 : 1
16:10:56.986 [AsyncHttpClient-1-5] DEBUG org.asynchttpclient.netty.handler.HttpHandler - 

Request DefaultHttpRequest(decodeResult: success, version: HTTP/1.1)
POST /session/baee9c1c51087c497a4f15f9de39a6b0/window/maximize HTTP/1.1
User-Agent: selenium/4.1.2 (java windows)
Content-Length: 3
Content-Type: application/json; charset=utf-8
host: localhost:61116
accept: */*

Response DefaultHttpResponse(decodeResult: success, version: HTTP/1.1)
HTTP/1.1 200 OK
Content-Type: application/json; charset=utf-8
cache-control: no-cache
content-length: 51

16:10:56.986 [AsyncHttpClient-1-5] DEBUG org.asynchttpclient.netty.channel.ChannelManager - Adding key: http://localhost:61116 for channel [id: 0x5a912b2b, L:/127.0.0.1:60412 - R:localhost/127.0.0.1:61116]
16:10:56.988 [Forwarding get on session baee9c1c51087c497a4f15f9de39a6b0 to remote] DEBUG org.asynchttpclient.netty.request.NettyRequestSender - Using pooled Channel '[id: 0x5a912b2b, L:/127.0.0.1:60412 - R:localhost/127.0.0.1:61116]' for 'POST' to 'http://localhost:61116/session/baee9c1c51087c497a4f15f9de39a6b0/url'
16:10:56.989 [Forwarding get on session baee9c1c51087c497a4f15f9de39a6b0 to remote] DEBUG org.asynchttpclient.netty.request.NettyRequestSender - Using open Channel [id: 0x5a912b2b, L:/127.0.0.1:60412 - R:localhost/127.0.0.1:61116] for POST '/session/baee9c1c51087c497a4f15f9de39a6b0/url'
16:10:57.877 [AsyncHttpClient-1-1] DEBUG org.asynchttpclient.netty.channel.DefaultChannelPool - Entry count for : http://localhost:60413 : 1
16:10:58.990 [AsyncHttpClient-1-1] DEBUG org.asynchttpclient.netty.channel.DefaultChannelPool - Entry count for : http://localhost:60413 : 1
16:10:59.184 [AsyncHttpClient-1-5] DEBUG org.asynchttpclient.netty.handler.HttpHandler - 

Request DefaultHttpRequest(decodeResult: success, version: HTTP/1.1)
POST /session/baee9c1c51087c497a4f15f9de39a6b0/url HTTP/1.1
User-Agent: selenium/4.1.2 (java windows)
Content-Length: 64
Content-Type: application/json; charset=utf-8
host: localhost:61116
accept: */*

Response DefaultHttpResponse(decodeResult: success, version: HTTP/1.1)
HTTP/1.1 200 OK
Content-Type: application/json; charset=utf-8
cache-control: no-cache
content-length: 14

16:10:59.184 [AsyncHttpClient-1-5] DEBUG org.asynchttpclient.netty.channel.ChannelManager - Adding key: http://localhost:61116 for channel [id: 0x5a912b2b, L:/127.0.0.1:60412 - R:localhost/127.0.0.1:61116]
16:10:59.186 [Forwarding setTimeout on session baee9c1c51087c497a4f15f9de39a6b0 to remote] DEBUG org.asynchttpclient.netty.request.NettyRequestSender - Using pooled Channel '[id: 0x5a912b2b, L:/127.0.0.1:60412 - R:localhost/127.0.0.1:61116]' for 'POST' to 'http://localhost:61116/session/baee9c1c51087c497a4f15f9de39a6b0/timeouts'
16:10:59.186 [Forwarding setTimeout on session baee9c1c51087c497a4f15f9de39a6b0 to remote] DEBUG org.asynchttpclient.netty.request.NettyRequestSender - Using open Channel [id: 0x5a912b2b, L:/127.0.0.1:60412 - R:localhost/127.0.0.1:61116] for POST '/session/baee9c1c51087c497a4f15f9de39a6b0/timeouts'
16:10:59.198 [AsyncHttpClient-1-5] DEBUG org.asynchttpclient.netty.handler.HttpHandler - 

Request DefaultHttpRequest(decodeResult: success, version: HTTP/1.1)
POST /session/baee9c1c51087c497a4f15f9de39a6b0/timeouts HTTP/1.1
User-Agent: selenium/4.1.2 (java windows)
Content-Length: 22
Content-Type: application/json; charset=utf-8
host: localhost:61116
accept: */*

Response DefaultHttpResponse(decodeResult: success, version: HTTP/1.1)
HTTP/1.1 200 OK
Content-Type: application/json; charset=utf-8
cache-control: no-cache
content-length: 14

16:10:59.198 [AsyncHttpClient-1-5] DEBUG org.asynchttpclient.netty.channel.ChannelManager - Adding key: http://localhost:61116 for channel [id: 0x5a912b2b, L:/127.0.0.1:60412 - R:localhost/127.0.0.1:61116]
16:10:59.202 [Forwarding getCurrentUrl on session baee9c1c51087c497a4f15f9de39a6b0 to remote] DEBUG org.asynchttpclient.netty.request.NettyRequestSender - Using pooled Channel '[id: 0x5a912b2b, L:/127.0.0.1:60412 - R:localhost/127.0.0.1:61116]' for 'GET' to 'http://localhost:61116/session/baee9c1c51087c497a4f15f9de39a6b0/url'
16:10:59.204 [Forwarding getCurrentUrl on session baee9c1c51087c497a4f15f9de39a6b0 to remote] DEBUG org.asynchttpclient.netty.request.NettyRequestSender - Using open Channel [id: 0x5a912b2b, L:/127.0.0.1:60412 - R:localhost/127.0.0.1:61116] for GET '/session/baee9c1c51087c497a4f15f9de39a6b0/url'
16:10:59.217 [AsyncHttpClient-1-5] DEBUG org.asynchttpclient.netty.handler.HttpHandler - 

Request DefaultFullHttpRequest(decodeResult: success, version: HTTP/1.1, content: EmptyByteBufBE)
GET /session/baee9c1c51087c497a4f15f9de39a6b0/url HTTP/1.1
User-Agent: selenium/4.1.2 (java windows)
Cache-Control: no-cache
Content-Type: application/json; charset=utf-8
host: localhost:61116
accept: */*

Response DefaultHttpResponse(decodeResult: success, version: HTTP/1.1)
HTTP/1.1 200 OK
Content-Type: application/json; charset=utf-8
cache-control: no-cache
content-length: 41

16:10:59.217 [AsyncHttpClient-1-5] DEBUG org.asynchttpclient.netty.channel.ChannelManager - Adding key: http://localhost:61116 for channel [id: 0x5a912b2b, L:/127.0.0.1:60412 - R:localhost/127.0.0.1:61116]
16:10:59.238 [Forwarding screenshot on session baee9c1c51087c497a4f15f9de39a6b0 to remote] DEBUG org.asynchttpclient.netty.request.NettyRequestSender - Using pooled Channel '[id: 0x5a912b2b, L:/127.0.0.1:60412 - R:localhost/127.0.0.1:61116]' for 'GET' to 'http://localhost:61116/session/baee9c1c51087c497a4f15f9de39a6b0/screenshot'
16:10:59.238 [Forwarding screenshot on session baee9c1c51087c497a4f15f9de39a6b0 to remote] DEBUG org.asynchttpclient.netty.request.NettyRequestSender - Using open Channel [id: 0x5a912b2b, L:/127.0.0.1:60412 - R:localhost/127.0.0.1:61116] for GET '/session/baee9c1c51087c497a4f15f9de39a6b0/screenshot'
16:10:59.690 [AsyncHttpClient-1-5] DEBUG org.asynchttpclient.netty.handler.HttpHandler - 

Request DefaultFullHttpRequest(decodeResult: success, version: HTTP/1.1, content: EmptyByteBufBE)
GET /session/baee9c1c51087c497a4f15f9de39a6b0/screenshot HTTP/1.1
User-Agent: selenium/4.1.2 (java windows)
Cache-Control: no-cache
Content-Type: application/json; charset=utf-8
host: localhost:61116
accept: */*

Response DefaultHttpResponse(decodeResult: success, version: HTTP/1.1)
HTTP/1.1 200 OK
Content-Type: application/json; charset=utf-8
cache-control: no-cache
content-length: 25384

16:10:59.690 [AsyncHttpClient-1-5] DEBUG org.asynchttpclient.netty.channel.ChannelManager - Adding key: http://localhost:61116 for channel [id: 0x5a912b2b, L:/127.0.0.1:60412 - R:localhost/127.0.0.1:61116]
16:10:59.693 [main] DEBUG net.serenitybdd.core.photography.Darkroom - Send negative for processing for target\site\serenity\6b6563c13227ef0b70a26f8a845b86304c5ded2ac83324d4bda7e0f4416b9ac5.png
16:10:59.694 [main] DEBUG net.thucydides.core.steps.StepInterceptor - STEP DONE: openUrl
16:10:59.706 [main] DEBUG net.thucydides.core.steps.StepInterceptor - STARTING STEP: ProductSteps.iAmOnProductPage - inputEmail
16:10:59.710 [Forwarding findElement on session baee9c1c51087c497a4f15f9de39a6b0 to remote] DEBUG org.asynchttpclient.netty.request.NettyRequestSender - Using pooled Channel '[id: 0x5a912b2b, L:/127.0.0.1:60412 - R:localhost/127.0.0.1:61116]' for 'POST' to 'http://localhost:61116/session/baee9c1c51087c497a4f15f9de39a6b0/element'
16:10:59.710 [Forwarding findElement on session baee9c1c51087c497a4f15f9de39a6b0 to remote] DEBUG org.asynchttpclient.netty.request.NettyRequestSender - Using open Channel [id: 0x5a912b2b, L:/127.0.0.1:60412 - R:localhost/127.0.0.1:61116] for POST '/session/baee9c1c51087c497a4f15f9de39a6b0/element'
16:10:59.744 [AsyncHttpClient-1-5] DEBUG org.asynchttpclient.netty.handler.HttpHandler - 

Request DefaultHttpRequest(decodeResult: success, version: HTTP/1.1)
POST /session/baee9c1c51087c497a4f15f9de39a6b0/element HTTP/1.1
User-Agent: selenium/4.1.2 (java windows)
Content-Length: 86
Content-Type: application/json; charset=utf-8
host: localhost:61116
accept: */*

Response DefaultHttpResponse(decodeResult: success, version: HTTP/1.1)
HTTP/1.1 200 OK
Content-Type: application/json; charset=utf-8
cache-control: no-cache
content-length: 88

16:10:59.744 [AsyncHttpClient-1-5] DEBUG org.asynchttpclient.netty.channel.ChannelManager - Adding key: http://localhost:61116 for channel [id: 0x5a912b2b, L:/127.0.0.1:60412 - R:localhost/127.0.0.1:61116]
16:10:59.746 [Forwarding clearElement on session baee9c1c51087c497a4f15f9de39a6b0 to remote] DEBUG org.asynchttpclient.netty.request.NettyRequestSender - Using pooled Channel '[id: 0x5a912b2b, L:/127.0.0.1:60412 - R:localhost/127.0.0.1:61116]' for 'POST' to 'http://localhost:61116/session/baee9c1c51087c497a4f15f9de39a6b0/element/2c8438d6-e68e-4ecd-af18-c9b9e745408d/clear'
16:10:59.746 [Forwarding clearElement on session baee9c1c51087c497a4f15f9de39a6b0 to remote] DEBUG org.asynchttpclient.netty.request.NettyRequestSender - Using open Channel [id: 0x5a912b2b, L:/127.0.0.1:60412 - R:localhost/127.0.0.1:61116] for POST '/session/baee9c1c51087c497a4f15f9de39a6b0/element/2c8438d6-e68e-4ecd-af18-c9b9e745408d/clear'
16:10:59.846 [AsyncHttpClient-1-5] DEBUG org.asynchttpclient.netty.handler.HttpHandler - 

Request DefaultHttpRequest(decodeResult: success, version: HTTP/1.1)
POST /session/baee9c1c51087c497a4f15f9de39a6b0/element/2c8438d6-e68e-4ecd-af18-c9b9e745408d/clear HTTP/1.1
User-Agent: selenium/4.1.2 (java windows)
Content-Length: 50
Content-Type: application/json; charset=utf-8
host: localhost:61116
accept: */*

Response DefaultHttpResponse(decodeResult: success, version: HTTP/1.1)
HTTP/1.1 200 OK
Content-Type: application/json; charset=utf-8
cache-control: no-cache
content-length: 14

16:10:59.846 [AsyncHttpClient-1-5] DEBUG org.asynchttpclient.netty.channel.ChannelManager - Adding key: http://localhost:61116 for channel [id: 0x5a912b2b, L:/127.0.0.1:60412 - R:localhost/127.0.0.1:61116]
16:10:59.849 [Forwarding sendKeysToElement on session baee9c1c51087c497a4f15f9de39a6b0 to remote] DEBUG org.asynchttpclient.netty.request.NettyRequestSender - Using pooled Channel '[id: 0x5a912b2b, L:/127.0.0.1:60412 - R:localhost/127.0.0.1:61116]' for 'POST' to 'http://localhost:61116/session/baee9c1c51087c497a4f15f9de39a6b0/element/2c8438d6-e68e-4ecd-af18-c9b9e745408d/value'
16:10:59.849 [Forwarding sendKeysToElement on session baee9c1c51087c497a4f15f9de39a6b0 to remote] DEBUG org.asynchttpclient.netty.request.NettyRequestSender - Using open Channel [id: 0x5a912b2b, L:/127.0.0.1:60412 - R:localhost/127.0.0.1:61116] for POST '/session/baee9c1c51087c497a4f15f9de39a6b0/element/2c8438d6-e68e-4ecd-af18-c9b9e745408d/value'
16:11:00.115 [AsyncHttpClient-1-1] DEBUG org.asynchttpclient.netty.channel.DefaultChannelPool - Entry count for : http://localhost:60413 : 1
16:11:00.488 [AsyncHttpClient-1-5] DEBUG org.asynchttpclient.netty.handler.HttpHandler - 

Request DefaultHttpRequest(decodeResult: success, version: HTTP/1.1)
POST /session/baee9c1c51087c497a4f15f9de39a6b0/element/2c8438d6-e68e-4ecd-af18-c9b9e745408d/value HTTP/1.1
User-Agent: selenium/4.1.2 (java windows)
Content-Length: 251
Content-Type: application/json; charset=utf-8
host: localhost:61116
accept: */*

Response DefaultHttpResponse(decodeResult: success, version: HTTP/1.1)
HTTP/1.1 200 OK
Content-Type: application/json; charset=utf-8
cache-control: no-cache
content-length: 14

16:11:00.488 [AsyncHttpClient-1-5] DEBUG org.asynchttpclient.netty.channel.ChannelManager - Adding key: http://localhost:61116 for channel [id: 0x5a912b2b, L:/127.0.0.1:60412 - R:localhost/127.0.0.1:61116]
16:11:00.507 [Forwarding screenshot on session baee9c1c51087c497a4f15f9de39a6b0 to remote] DEBUG org.asynchttpclient.netty.request.NettyRequestSender - Using pooled Channel '[id: 0x5a912b2b, L:/127.0.0.1:60412 - R:localhost/127.0.0.1:61116]' for 'GET' to 'http://localhost:61116/session/baee9c1c51087c497a4f15f9de39a6b0/screenshot'
16:11:00.507 [Forwarding screenshot on session baee9c1c51087c497a4f15f9de39a6b0 to remote] DEBUG org.asynchttpclient.netty.request.NettyRequestSender - Using open Channel [id: 0x5a912b2b, L:/127.0.0.1:60412 - R:localhost/127.0.0.1:61116] for GET '/session/baee9c1c51087c497a4f15f9de39a6b0/screenshot'
16:11:00.724 [AsyncHttpClient-1-5] DEBUG org.asynchttpclient.netty.handler.HttpHandler - 

Request DefaultFullHttpRequest(decodeResult: success, version: HTTP/1.1, content: EmptyByteBufBE)
GET /session/baee9c1c51087c497a4f15f9de39a6b0/screenshot HTTP/1.1
User-Agent: selenium/4.1.2 (java windows)
Cache-Control: no-cache
Content-Type: application/json; charset=utf-8
host: localhost:61116
accept: */*

Response DefaultHttpResponse(decodeResult: success, version: HTTP/1.1)
HTTP/1.1 200 OK
Content-Type: application/json; charset=utf-8
cache-control: no-cache
content-length: 28892

16:11:00.725 [AsyncHttpClient-1-5] DEBUG org.asynchttpclient.netty.channel.ChannelManager - Adding key: http://localhost:61116 for channel [id: 0x5a912b2b, L:/127.0.0.1:60412 - R:localhost/127.0.0.1:61116]
16:11:00.731 [main] DEBUG net.serenitybdd.core.photography.Darkroom - Send negative for processing for target\site\serenity\5254a5fcaae9724f7d5d23de81b51cfbaa8801adc18c2df7a0111d27fcc6cd5c.png
16:11:00.732 [main] DEBUG net.thucydides.core.steps.StepInterceptor - STEP DONE: inputEmail
16:11:00.732 [Darkroom Processing Line] DEBUG net.serenitybdd.core.photography.DarkroomProcessingLine - Processing screenshot image in /var/screenshots/screenshot-4580980811317145814
16:11:00.733 [Darkroom Processing Line] DEBUG net.serenitybdd.core.photography.DarkroomProcessingLine - Saving screenshot to target\site\serenity\5254a5fcaae9724f7d5d23de81b51cfbaa8801adc18c2df7a0111d27fcc6cd5c.png
16:11:00.745 [main] DEBUG net.thucydides.core.steps.StepInterceptor - STARTING STEP: ProductSteps.iAmOnProductPage - inputPassword
16:11:00.749 [Forwarding findElement on session baee9c1c51087c497a4f15f9de39a6b0 to remote] DEBUG org.asynchttpclient.netty.request.NettyRequestSender - Using pooled Channel '[id: 0x5a912b2b, L:/127.0.0.1:60412 - R:localhost/127.0.0.1:61116]' for 'POST' to 'http://localhost:61116/session/baee9c1c51087c497a4f15f9de39a6b0/element'
16:11:00.749 [Forwarding findElement on session baee9c1c51087c497a4f15f9de39a6b0 to remote] DEBUG org.asynchttpclient.netty.request.NettyRequestSender - Using open Channel [id: 0x5a912b2b, L:/127.0.0.1:60412 - R:localhost/127.0.0.1:61116] for POST '/session/baee9c1c51087c497a4f15f9de39a6b0/element'
16:11:00.773 [AsyncHttpClient-1-5] DEBUG org.asynchttpclient.netty.handler.HttpHandler - 

Request DefaultHttpRequest(decodeResult: success, version: HTTP/1.1)
POST /session/baee9c1c51087c497a4f15f9de39a6b0/element HTTP/1.1
User-Agent: selenium/4.1.2 (java windows)
Content-Length: 89
Content-Type: application/json; charset=utf-8
host: localhost:61116
accept: */*

Response DefaultHttpResponse(decodeResult: success, version: HTTP/1.1)
HTTP/1.1 200 OK
Content-Type: application/json; charset=utf-8
cache-control: no-cache
content-length: 88

16:11:00.773 [AsyncHttpClient-1-5] DEBUG org.asynchttpclient.netty.channel.ChannelManager - Adding key: http://localhost:61116 for channel [id: 0x5a912b2b, L:/127.0.0.1:60412 - R:localhost/127.0.0.1:61116]
16:11:00.775 [Forwarding clearElement on session baee9c1c51087c497a4f15f9de39a6b0 to remote] DEBUG org.asynchttpclient.netty.request.NettyRequestSender - Using pooled Channel '[id: 0x5a912b2b, L:/127.0.0.1:60412 - R:localhost/127.0.0.1:61116]' for 'POST' to 'http://localhost:61116/session/baee9c1c51087c497a4f15f9de39a6b0/element/c8b66968-5d7b-4c03-8ed5-061218bd6894/clear'
16:11:00.776 [Forwarding clearElement on session baee9c1c51087c497a4f15f9de39a6b0 to remote] DEBUG org.asynchttpclient.netty.request.NettyRequestSender - Using open Channel [id: 0x5a912b2b, L:/127.0.0.1:60412 - R:localhost/127.0.0.1:61116] for POST '/session/baee9c1c51087c497a4f15f9de39a6b0/element/c8b66968-5d7b-4c03-8ed5-061218bd6894/clear'
16:11:00.845 [AsyncHttpClient-1-5] DEBUG org.asynchttpclient.netty.handler.HttpHandler - 

Request DefaultHttpRequest(decodeResult: success, version: HTTP/1.1)
POST /session/baee9c1c51087c497a4f15f9de39a6b0/element/c8b66968-5d7b-4c03-8ed5-061218bd6894/clear HTTP/1.1
User-Agent: selenium/4.1.2 (java windows)
Content-Length: 50
Content-Type: application/json; charset=utf-8
host: localhost:61116
accept: */*

Response DefaultHttpResponse(decodeResult: success, version: HTTP/1.1)
HTTP/1.1 200 OK
Content-Type: application/json; charset=utf-8
cache-control: no-cache
content-length: 14

16:11:00.845 [AsyncHttpClient-1-5] DEBUG org.asynchttpclient.netty.channel.ChannelManager - Adding key: http://localhost:61116 for channel [id: 0x5a912b2b, L:/127.0.0.1:60412 - R:localhost/127.0.0.1:61116]
16:11:00.848 [Forwarding sendKeysToElement on session baee9c1c51087c497a4f15f9de39a6b0 to remote] DEBUG org.asynchttpclient.netty.request.NettyRequestSender - Using pooled Channel '[id: 0x5a912b2b, L:/127.0.0.1:60412 - R:localhost/127.0.0.1:61116]' for 'POST' to 'http://localhost:61116/session/baee9c1c51087c497a4f15f9de39a6b0/element/c8b66968-5d7b-4c03-8ed5-061218bd6894/value'
16:11:00.848 [Forwarding sendKeysToElement on session baee9c1c51087c497a4f15f9de39a6b0 to remote] DEBUG org.asynchttpclient.netty.request.NettyRequestSender - Using open Channel [id: 0x5a912b2b, L:/127.0.0.1:60412 - R:localhost/127.0.0.1:61116] for POST '/session/baee9c1c51087c497a4f15f9de39a6b0/element/c8b66968-5d7b-4c03-8ed5-061218bd6894/value'
16:11:01.146 [AsyncHttpClient-1-1] DEBUG org.asynchttpclient.netty.channel.DefaultChannelPool - Entry count for : http://localhost:60413 : 1
16:11:01.227 [AsyncHttpClient-1-5] DEBUG org.asynchttpclient.netty.handler.HttpHandler - 

Request DefaultHttpRequest(decodeResult: success, version: HTTP/1.1)
POST /session/baee9c1c51087c497a4f15f9de39a6b0/element/c8b66968-5d7b-4c03-8ed5-061218bd6894/value HTTP/1.1
User-Agent: selenium/4.1.2 (java windows)
Content-Length: 231
Content-Type: application/json; charset=utf-8
host: localhost:61116
accept: */*

Response DefaultHttpResponse(decodeResult: success, version: HTTP/1.1)
HTTP/1.1 200 OK
Content-Type: application/json; charset=utf-8
cache-control: no-cache
content-length: 14

16:11:01.227 [AsyncHttpClient-1-5] DEBUG org.asynchttpclient.netty.channel.ChannelManager - Adding key: http://localhost:61116 for channel [id: 0x5a912b2b, L:/127.0.0.1:60412 - R:localhost/127.0.0.1:61116]
16:11:01.247 [Forwarding screenshot on session baee9c1c51087c497a4f15f9de39a6b0 to remote] DEBUG org.asynchttpclient.netty.request.NettyRequestSender - Using pooled Channel '[id: 0x5a912b2b, L:/127.0.0.1:60412 - R:localhost/127.0.0.1:61116]' for 'GET' to 'http://localhost:61116/session/baee9c1c51087c497a4f15f9de39a6b0/screenshot'
16:11:01.247 [Forwarding screenshot on session baee9c1c51087c497a4f15f9de39a6b0 to remote] DEBUG org.asynchttpclient.netty.request.NettyRequestSender - Using open Channel [id: 0x5a912b2b, L:/127.0.0.1:60412 - R:localhost/127.0.0.1:61116] for GET '/session/baee9c1c51087c497a4f15f9de39a6b0/screenshot'
16:11:01.495 [AsyncHttpClient-1-5] DEBUG org.asynchttpclient.netty.handler.HttpHandler - 

Request DefaultFullHttpRequest(decodeResult: success, version: HTTP/1.1, content: EmptyByteBufBE)
GET /session/baee9c1c51087c497a4f15f9de39a6b0/screenshot HTTP/1.1
User-Agent: selenium/4.1.2 (java windows)
Cache-Control: no-cache
Content-Type: application/json; charset=utf-8
host: localhost:61116
accept: */*

Response DefaultHttpResponse(decodeResult: success, version: HTTP/1.1)
HTTP/1.1 200 OK
Content-Type: application/json; charset=utf-8
cache-control: no-cache
content-length: 32256

16:11:01.496 [AsyncHttpClient-1-5] DEBUG org.asynchttpclient.netty.channel.ChannelManager - Adding key: http://localhost:61116 for channel [id: 0x5a912b2b, L:/127.0.0.1:60412 - R:localhost/127.0.0.1:61116]
16:11:01.500 [main] DEBUG net.serenitybdd.core.photography.Darkroom - Send negative for processing for target\site\serenity\b7ec1b552efd2f19728b2bcdf722002f26593bca33adfecf46f2bb5695578f1e.png
16:11:01.501 [main] DEBUG net.thucydides.core.steps.StepInterceptor - STEP DONE: inputPassword
16:11:01.501 [Darkroom Processing Line] DEBUG net.serenitybdd.core.photography.DarkroomProcessingLine - Processing screenshot image in /var/screenshots/screenshot-6548042644163414813
16:11:01.501 [Darkroom Processing Line] DEBUG net.serenitybdd.core.photography.DarkroomProcessingLine - Saving screenshot to target\site\serenity\b7ec1b552efd2f19728b2bcdf722002f26593bca33adfecf46f2bb5695578f1e.png
16:11:01.520 [main] DEBUG net.thucydides.core.steps.StepInterceptor - STARTING STEP: ProductSteps.iAmOnProductPage - clickLoginButton
16:11:01.532 [Forwarding findElement on session baee9c1c51087c497a4f15f9de39a6b0 to remote] DEBUG org.asynchttpclient.netty.request.NettyRequestSender - Using pooled Channel '[id: 0x5a912b2b, L:/127.0.0.1:60412 - R:localhost/127.0.0.1:61116]' for 'POST' to 'http://localhost:61116/session/baee9c1c51087c497a4f15f9de39a6b0/element'
16:11:01.532 [Forwarding findElement on session baee9c1c51087c497a4f15f9de39a6b0 to remote] DEBUG org.asynchttpclient.netty.request.NettyRequestSender - Using open Channel [id: 0x5a912b2b, L:/127.0.0.1:60412 - R:localhost/127.0.0.1:61116] for POST '/session/baee9c1c51087c497a4f15f9de39a6b0/element'
16:11:01.571 [AsyncHttpClient-1-5] DEBUG org.asynchttpclient.netty.handler.HttpHandler - 

Request DefaultHttpRequest(decodeResult: success, version: HTTP/1.1)
POST /session/baee9c1c51087c497a4f15f9de39a6b0/element HTTP/1.1
User-Agent: selenium/4.1.2 (java windows)
Content-Length: 136
Content-Type: application/json; charset=utf-8
host: localhost:61116
accept: */*

Response DefaultHttpResponse(decodeResult: success, version: HTTP/1.1)
HTTP/1.1 200 OK
Content-Type: application/json; charset=utf-8
cache-control: no-cache
content-length: 88

16:11:01.572 [AsyncHttpClient-1-5] DEBUG org.asynchttpclient.netty.channel.ChannelManager - Adding key: http://localhost:61116 for channel [id: 0x5a912b2b, L:/127.0.0.1:60412 - R:localhost/127.0.0.1:61116]
16:11:01.573 [Forwarding getElementTagName on session baee9c1c51087c497a4f15f9de39a6b0 to remote] DEBUG org.asynchttpclient.netty.request.NettyRequestSender - Using pooled Channel '[id: 0x5a912b2b, L:/127.0.0.1:60412 - R:localhost/127.0.0.1:61116]' for 'GET' to 'http://localhost:61116/session/baee9c1c51087c497a4f15f9de39a6b0/element/4c2cd4a6-df7e-44f1-892d-bf07c3958628/name'
16:11:01.575 [Forwarding getElementTagName on session baee9c1c51087c497a4f15f9de39a6b0 to remote] DEBUG org.asynchttpclient.netty.request.NettyRequestSender - Using open Channel [id: 0x5a912b2b, L:/127.0.0.1:60412 - R:localhost/127.0.0.1:61116] for GET '/session/baee9c1c51087c497a4f15f9de39a6b0/element/4c2cd4a6-df7e-44f1-892d-bf07c3958628/name'
16:11:01.583 [AsyncHttpClient-1-5] DEBUG org.asynchttpclient.netty.handler.HttpHandler - 

Request DefaultFullHttpRequest(decodeResult: success, version: HTTP/1.1, content: EmptyByteBufBE)
GET /session/baee9c1c51087c497a4f15f9de39a6b0/element/4c2cd4a6-df7e-44f1-892d-bf07c3958628/name HTTP/1.1
User-Agent: selenium/4.1.2 (java windows)
Cache-Control: no-cache
Content-Type: application/json; charset=utf-8
host: localhost:61116
accept: */*

Response DefaultHttpResponse(decodeResult: success, version: HTTP/1.1)
HTTP/1.1 200 OK
Content-Type: application/json; charset=utf-8
cache-control: no-cache
content-length: 18

16:11:01.595 [AsyncHttpClient-1-5] DEBUG org.asynchttpclient.netty.channel.ChannelManager - Adding key: http://localhost:61116 for channel [id: 0x5a912b2b, L:/127.0.0.1:60412 - R:localhost/127.0.0.1:61116]
16:11:01.597 [Forwarding getElementTagName on session baee9c1c51087c497a4f15f9de39a6b0 to remote] DEBUG org.asynchttpclient.netty.request.NettyRequestSender - Using pooled Channel '[id: 0x5a912b2b, L:/127.0.0.1:60412 - R:localhost/127.0.0.1:61116]' for 'GET' to 'http://localhost:61116/session/baee9c1c51087c497a4f15f9de39a6b0/element/4c2cd4a6-df7e-44f1-892d-bf07c3958628/name'
16:11:01.597 [Forwarding getElementTagName on session baee9c1c51087c497a4f15f9de39a6b0 to remote] DEBUG org.asynchttpclient.netty.request.NettyRequestSender - Using open Channel [id: 0x5a912b2b, L:/127.0.0.1:60412 - R:localhost/127.0.0.1:61116] for GET '/session/baee9c1c51087c497a4f15f9de39a6b0/element/4c2cd4a6-df7e-44f1-892d-bf07c3958628/name'
16:11:01.606 [AsyncHttpClient-1-5] DEBUG org.asynchttpclient.netty.handler.HttpHandler - 

Request DefaultFullHttpRequest(decodeResult: success, version: HTTP/1.1, content: EmptyByteBufBE)
GET /session/baee9c1c51087c497a4f15f9de39a6b0/element/4c2cd4a6-df7e-44f1-892d-bf07c3958628/name HTTP/1.1
User-Agent: selenium/4.1.2 (java windows)
Cache-Control: no-cache
Content-Type: application/json; charset=utf-8
host: localhost:61116
accept: */*

Response DefaultHttpResponse(decodeResult: success, version: HTTP/1.1)
HTTP/1.1 200 OK
Content-Type: application/json; charset=utf-8
cache-control: no-cache
content-length: 18

16:11:01.606 [AsyncHttpClient-1-5] DEBUG org.asynchttpclient.netty.channel.ChannelManager - Adding key: http://localhost:61116 for channel [id: 0x5a912b2b, L:/127.0.0.1:60412 - R:localhost/127.0.0.1:61116]
16:11:01.610 [Forwarding isElementEnabled on session baee9c1c51087c497a4f15f9de39a6b0 to remote] DEBUG org.asynchttpclient.netty.request.NettyRequestSender - Using pooled Channel '[id: 0x5a912b2b, L:/127.0.0.1:60412 - R:localhost/127.0.0.1:61116]' for 'GET' to 'http://localhost:61116/session/baee9c1c51087c497a4f15f9de39a6b0/element/4c2cd4a6-df7e-44f1-892d-bf07c3958628/enabled'
16:11:01.610 [Forwarding isElementEnabled on session baee9c1c51087c497a4f15f9de39a6b0 to remote] DEBUG org.asynchttpclient.netty.request.NettyRequestSender - Using open Channel [id: 0x5a912b2b, L:/127.0.0.1:60412 - R:localhost/127.0.0.1:61116] for GET '/session/baee9c1c51087c497a4f15f9de39a6b0/element/4c2cd4a6-df7e-44f1-892d-bf07c3958628/enabled'
16:11:01.628 [AsyncHttpClient-1-5] DEBUG org.asynchttpclient.netty.handler.HttpHandler - 

Request DefaultFullHttpRequest(decodeResult: success, version: HTTP/1.1, content: EmptyByteBufBE)
GET /session/baee9c1c51087c497a4f15f9de39a6b0/element/4c2cd4a6-df7e-44f1-892d-bf07c3958628/enabled HTTP/1.1
User-Agent: selenium/4.1.2 (java windows)
Cache-Control: no-cache
Content-Type: application/json; charset=utf-8
host: localhost:61116
accept: */*

Response DefaultHttpResponse(decodeResult: success, version: HTTP/1.1)
HTTP/1.1 200 OK
Content-Type: application/json; charset=utf-8
cache-control: no-cache
content-length: 14

16:11:01.628 [AsyncHttpClient-1-5] DEBUG org.asynchttpclient.netty.channel.ChannelManager - Adding key: http://localhost:61116 for channel [id: 0x5a912b2b, L:/127.0.0.1:60412 - R:localhost/127.0.0.1:61116]
16:11:01.630 [Forwarding isElementEnabled on session baee9c1c51087c497a4f15f9de39a6b0 to remote] DEBUG org.asynchttpclient.netty.request.NettyRequestSender - Using pooled Channel '[id: 0x5a912b2b, L:/127.0.0.1:60412 - R:localhost/127.0.0.1:61116]' for 'GET' to 'http://localhost:61116/session/baee9c1c51087c497a4f15f9de39a6b0/element/4c2cd4a6-df7e-44f1-892d-bf07c3958628/enabled'
16:11:01.630 [Forwarding isElementEnabled on session baee9c1c51087c497a4f15f9de39a6b0 to remote] DEBUG org.asynchttpclient.netty.request.NettyRequestSender - Using open Channel [id: 0x5a912b2b, L:/127.0.0.1:60412 - R:localhost/127.0.0.1:61116] for GET '/session/baee9c1c51087c497a4f15f9de39a6b0/element/4c2cd4a6-df7e-44f1-892d-bf07c3958628/enabled'
16:11:01.645 [AsyncHttpClient-1-5] DEBUG org.asynchttpclient.netty.handler.HttpHandler - 

Request DefaultFullHttpRequest(decodeResult: success, version: HTTP/1.1, content: EmptyByteBufBE)
GET /session/baee9c1c51087c497a4f15f9de39a6b0/element/4c2cd4a6-df7e-44f1-892d-bf07c3958628/enabled HTTP/1.1
User-Agent: selenium/4.1.2 (java windows)
Cache-Control: no-cache
Content-Type: application/json; charset=utf-8
host: localhost:61116
accept: */*

Response DefaultHttpResponse(decodeResult: success, version: HTTP/1.1)
HTTP/1.1 200 OK
Content-Type: application/json; charset=utf-8
cache-control: no-cache
content-length: 14

16:11:01.645 [AsyncHttpClient-1-5] DEBUG org.asynchttpclient.netty.channel.ChannelManager - Adding key: http://localhost:61116 for channel [id: 0x5a912b2b, L:/127.0.0.1:60412 - R:localhost/127.0.0.1:61116]
16:11:01.648 [Forwarding findElement on session baee9c1c51087c497a4f15f9de39a6b0 to remote] DEBUG org.asynchttpclient.netty.request.NettyRequestSender - Using pooled Channel '[id: 0x5a912b2b, L:/127.0.0.1:60412 - R:localhost/127.0.0.1:61116]' for 'POST' to 'http://localhost:61116/session/baee9c1c51087c497a4f15f9de39a6b0/element'
16:11:01.648 [Forwarding findElement on session baee9c1c51087c497a4f15f9de39a6b0 to remote] DEBUG org.asynchttpclient.netty.request.NettyRequestSender - Using open Channel [id: 0x5a912b2b, L:/127.0.0.1:60412 - R:localhost/127.0.0.1:61116] for POST '/session/baee9c1c51087c497a4f15f9de39a6b0/element'
16:11:01.661 [AsyncHttpClient-1-5] DEBUG org.asynchttpclient.netty.handler.HttpHandler - 

Request DefaultHttpRequest(decodeResult: success, version: HTTP/1.1)
POST /session/baee9c1c51087c497a4f15f9de39a6b0/element HTTP/1.1
User-Agent: selenium/4.1.2 (java windows)
Content-Length: 136
Content-Type: application/json; charset=utf-8
host: localhost:61116
accept: */*

Response DefaultHttpResponse(decodeResult: success, version: HTTP/1.1)
HTTP/1.1 200 OK
Content-Type: application/json; charset=utf-8
cache-control: no-cache
content-length: 88

16:11:01.662 [AsyncHttpClient-1-5] DEBUG org.asynchttpclient.netty.channel.ChannelManager - Adding key: http://localhost:61116 for channel [id: 0x5a912b2b, L:/127.0.0.1:60412 - R:localhost/127.0.0.1:61116]
16:11:01.665 [Forwarding clickElement on session baee9c1c51087c497a4f15f9de39a6b0 to remote] DEBUG org.asynchttpclient.netty.request.NettyRequestSender - Using pooled Channel '[id: 0x5a912b2b, L:/127.0.0.1:60412 - R:localhost/127.0.0.1:61116]' for 'POST' to 'http://localhost:61116/session/baee9c1c51087c497a4f15f9de39a6b0/element/4c2cd4a6-df7e-44f1-892d-bf07c3958628/click'
16:11:01.665 [Forwarding clickElement on session baee9c1c51087c497a4f15f9de39a6b0 to remote] DEBUG org.asynchttpclient.netty.request.NettyRequestSender - Using open Channel [id: 0x5a912b2b, L:/127.0.0.1:60412 - R:localhost/127.0.0.1:61116] for POST '/session/baee9c1c51087c497a4f15f9de39a6b0/element/4c2cd4a6-df7e-44f1-892d-bf07c3958628/click'
16:11:01.852 [AsyncHttpClient-1-5] DEBUG org.asynchttpclient.netty.handler.HttpHandler - 

Request DefaultHttpRequest(decodeResult: success, version: HTTP/1.1)
POST /session/baee9c1c51087c497a4f15f9de39a6b0/element/4c2cd4a6-df7e-44f1-892d-bf07c3958628/click HTTP/1.1
User-Agent: selenium/4.1.2 (java windows)
Content-Length: 50
Content-Type: application/json; charset=utf-8
host: localhost:61116
accept: */*

Response DefaultHttpResponse(decodeResult: success, version: HTTP/1.1)
HTTP/1.1 200 OK
Content-Type: application/json; charset=utf-8
cache-control: no-cache
content-length: 14

16:11:01.852 [AsyncHttpClient-1-5] DEBUG org.asynchttpclient.netty.channel.ChannelManager - Adding key: http://localhost:61116 for channel [id: 0x5a912b2b, L:/127.0.0.1:60412 - R:localhost/127.0.0.1:61116]
16:11:01.878 [Forwarding screenshot on session baee9c1c51087c497a4f15f9de39a6b0 to remote] DEBUG org.asynchttpclient.netty.request.NettyRequestSender - Using pooled Channel '[id: 0x5a912b2b, L:/127.0.0.1:60412 - R:localhost/127.0.0.1:61116]' for 'GET' to 'http://localhost:61116/session/baee9c1c51087c497a4f15f9de39a6b0/screenshot'
16:11:01.878 [Forwarding screenshot on session baee9c1c51087c497a4f15f9de39a6b0 to remote] DEBUG org.asynchttpclient.netty.request.NettyRequestSender - Using open Channel [id: 0x5a912b2b, L:/127.0.0.1:60412 - R:localhost/127.0.0.1:61116] for GET '/session/baee9c1c51087c497a4f15f9de39a6b0/screenshot'
16:11:02.280 [AsyncHttpClient-1-1] DEBUG org.asynchttpclient.netty.channel.DefaultChannelPool - Entry count for : http://localhost:60413 : 1
16:11:03.419 [AsyncHttpClient-1-1] DEBUG org.asynchttpclient.netty.channel.DefaultChannelPool - Entry count for : http://localhost:60413 : 1
16:11:04.435 [AsyncHttpClient-1-1] DEBUG org.asynchttpclient.netty.channel.DefaultChannelPool - Entry count for : http://localhost:60413 : 1
16:11:05.685 [AsyncHttpClient-1-1] DEBUG org.asynchttpclient.netty.channel.DefaultChannelPool - Entry count for : http://localhost:60413 : 1
16:11:06.751 [AsyncHttpClient-1-1] DEBUG org.asynchttpclient.netty.channel.DefaultChannelPool - Entry count for : http://localhost:60413 : 1
16:11:07.859 [AsyncHttpClient-1-1] DEBUG org.asynchttpclient.netty.channel.DefaultChannelPool - Entry count for : http://localhost:60413 : 1
16:11:08.948 [AsyncHttpClient-1-1] DEBUG org.asynchttpclient.netty.channel.DefaultChannelPool - Entry count for : http://localhost:60413 : 1
16:11:10.215 [AsyncHttpClient-1-1] DEBUG org.asynchttpclient.netty.channel.DefaultChannelPool - Entry count for : http://localhost:60413 : 1
16:11:11.329 [AsyncHttpClient-1-1] DEBUG org.asynchttpclient.netty.channel.DefaultChannelPool - Entry count for : http://localhost:60413 : 1
16:11:12.342 [AsyncHttpClient-1-1] DEBUG org.asynchttpclient.netty.channel.DefaultChannelPool - Entry count for : http://localhost:60413 : 1
16:11:13.445 [AsyncHttpClient-1-1] DEBUG org.asynchttpclient.netty.channel.DefaultChannelPool - Entry count for : http://localhost:60413 : 1
16:11:14.690 [AsyncHttpClient-1-1] DEBUG org.asynchttpclient.netty.channel.DefaultChannelPool - Entry count for : http://localhost:60413 : 1
16:11:15.777 [AsyncHttpClient-1-1] DEBUG org.asynchttpclient.netty.channel.DefaultChannelPool - Entry count for : http://localhost:60413 : 1
16:11:16.859 [AsyncHttpClient-1-1] DEBUG org.asynchttpclient.netty.channel.DefaultChannelPool - Entry count for : http://localhost:60413 : 1
16:11:17.941 [AsyncHttpClient-1-1] DEBUG org.asynchttpclient.netty.channel.DefaultChannelPool - Entry count for : http://localhost:60413 : 1
16:11:18.732 [AsyncHttpClient-1-5] DEBUG org.asynchttpclient.netty.handler.HttpHandler - 

Request DefaultFullHttpRequest(decodeResult: success, version: HTTP/1.1, content: EmptyByteBufBE)
GET /session/baee9c1c51087c497a4f15f9de39a6b0/screenshot HTTP/1.1
User-Agent: selenium/4.1.2 (java windows)
Cache-Control: no-cache
Content-Type: application/json; charset=utf-8
host: localhost:61116
accept: */*

Response DefaultHttpResponse(decodeResult: success, version: HTTP/1.1)
HTTP/1.1 200 OK
Content-Type: application/json; charset=utf-8
cache-control: no-cache
content-length: 88732

16:11:18.733 [AsyncHttpClient-1-5] DEBUG org.asynchttpclient.netty.channel.ChannelManager - Adding key: http://localhost:61116 for channel [id: 0x5a912b2b, L:/127.0.0.1:60412 - R:localhost/127.0.0.1:61116]
16:11:18.737 [main] DEBUG net.serenitybdd.core.photography.Darkroom - Send negative for processing for target\site\serenity\5cf5365b44de1eb7e25e8bfd684acd469df441bfc9ffa6df5d63ef113f1f88e8.png
16:11:18.738 [main] DEBUG net.thucydides.core.steps.StepInterceptor - STEP DONE: clickLoginButton
  &amp#27;[32mGiven &amp#27;[0m&amp#27;[32mI am on product page&amp#27;[0m                      &amp#27;[90m# starter.stepdefinitions.ProductSteps.iAmOnProductPage()&amp#27;[0m
16:11:18.759 [main] DEBUG net.thucydides.core.steps.StepInterceptor - STARTING STEP: ProductSteps.iClickCategoryBar - clickCategoryBar
16:11:18.765 [Forwarding findElement on session baee9c1c51087c497a4f15f9de39a6b0 to remote] DEBUG org.asynchttpclient.netty.request.NettyRequestSender - Using pooled Channel '[id: 0x5a912b2b, L:/127.0.0.1:60412 - R:localhost/127.0.0.1:61116]' for 'POST' to 'http://localhost:61116/session/baee9c1c51087c497a4f15f9de39a6b0/element'
16:11:18.765 [Forwarding findElement on session baee9c1c51087c497a4f15f9de39a6b0 to remote] DEBUG org.asynchttpclient.netty.request.NettyRequestSender - Using open Channel [id: 0x5a912b2b, L:/127.0.0.1:60412 - R:localhost/127.0.0.1:61116] for POST '/session/baee9c1c51087c497a4f15f9de39a6b0/element'
16:11:18.797 [AsyncHttpClient-1-5] DEBUG org.asynchttpclient.netty.handler.HttpHandler - 

Request DefaultHttpRequest(decodeResult: success, version: HTTP/1.1)
POST /session/baee9c1c51087c497a4f15f9de39a6b0/element HTTP/1.1
User-Agent: selenium/4.1.2 (java windows)
Content-Length: 76
Content-Type: application/json; charset=utf-8
host: localhost:61116
accept: */*

Response DefaultHttpResponse(decodeResult: success, version: HTTP/1.1)
HTTP/1.1 200 OK
Content-Type: application/json; charset=utf-8
cache-control: no-cache
content-length: 88

16:11:18.797 [AsyncHttpClient-1-5] DEBUG org.asynchttpclient.netty.channel.ChannelManager - Adding key: http://localhost:61116 for channel [id: 0x5a912b2b, L:/127.0.0.1:60412 - R:localhost/127.0.0.1:61116]
16:11:18.800 [Forwarding getElementTagName on session baee9c1c51087c497a4f15f9de39a6b0 to remote] DEBUG org.asynchttpclient.netty.request.NettyRequestSender - Using pooled Channel '[id: 0x5a912b2b, L:/127.0.0.1:60412 - R:localhost/127.0.0.1:61116]' for 'GET' to 'http://localhost:61116/session/baee9c1c51087c497a4f15f9de39a6b0/element/ef5b9da8-37de-43fd-a8e6-2992c244df76/name'
16:11:18.800 [Forwarding getElementTagName on session baee9c1c51087c497a4f15f9de39a6b0 to remote] DEBUG org.asynchttpclient.netty.request.NettyRequestSender - Using open Channel [id: 0x5a912b2b, L:/127.0.0.1:60412 - R:localhost/127.0.0.1:61116] for GET '/session/baee9c1c51087c497a4f15f9de39a6b0/element/ef5b9da8-37de-43fd-a8e6-2992c244df76/name'
16:11:18.812 [AsyncHttpClient-1-5] DEBUG org.asynchttpclient.netty.handler.HttpHandler - 

Request DefaultFullHttpRequest(decodeResult: success, version: HTTP/1.1, content: EmptyByteBufBE)
GET /session/baee9c1c51087c497a4f15f9de39a6b0/element/ef5b9da8-37de-43fd-a8e6-2992c244df76/name HTTP/1.1
User-Agent: selenium/4.1.2 (java windows)
Cache-Control: no-cache
Content-Type: application/json; charset=utf-8
host: localhost:61116
accept: */*

Response DefaultHttpResponse(decodeResult: success, version: HTTP/1.1)
HTTP/1.1 200 OK
Content-Type: application/json; charset=utf-8
cache-control: no-cache
content-length: 15

16:11:18.812 [AsyncHttpClient-1-5] DEBUG org.asynchttpclient.netty.channel.ChannelManager - Adding key: http://localhost:61116 for channel [id: 0x5a912b2b, L:/127.0.0.1:60412 - R:localhost/127.0.0.1:61116]
16:11:18.814 [Forwarding getElementTagName on session baee9c1c51087c497a4f15f9de39a6b0 to remote] DEBUG org.asynchttpclient.netty.request.NettyRequestSender - Using pooled Channel '[id: 0x5a912b2b, L:/127.0.0.1:60412 - R:localhost/127.0.0.1:61116]' for 'GET' to 'http://localhost:61116/session/baee9c1c51087c497a4f15f9de39a6b0/element/ef5b9da8-37de-43fd-a8e6-2992c244df76/name'
16:11:18.814 [Forwarding getElementTagName on session baee9c1c51087c497a4f15f9de39a6b0 to remote] DEBUG org.asynchttpclient.netty.request.NettyRequestSender - Using open Channel [id: 0x5a912b2b, L:/127.0.0.1:60412 - R:localhost/127.0.0.1:61116] for GET '/session/baee9c1c51087c497a4f15f9de39a6b0/element/ef5b9da8-37de-43fd-a8e6-2992c244df76/name'
16:11:18.820 [AsyncHttpClient-1-5] DEBUG org.asynchttpclient.netty.handler.HttpHandler - 

Request DefaultFullHttpRequest(decodeResult: success, version: HTTP/1.1, content: EmptyByteBufBE)
GET /session/baee9c1c51087c497a4f15f9de39a6b0/element/ef5b9da8-37de-43fd-a8e6-2992c244df76/name HTTP/1.1
User-Agent: selenium/4.1.2 (java windows)
Cache-Control: no-cache
Content-Type: application/json; charset=utf-8
host: localhost:61116
accept: */*

Response DefaultHttpResponse(decodeResult: success, version: HTTP/1.1)
HTTP/1.1 200 OK
Content-Type: application/json; charset=utf-8
cache-control: no-cache
content-length: 15

16:11:18.820 [AsyncHttpClient-1-5] DEBUG org.asynchttpclient.netty.channel.ChannelManager - Adding key: http://localhost:61116 for channel [id: 0x5a912b2b, L:/127.0.0.1:60412 - R:localhost/127.0.0.1:61116]
16:11:18.823 [Forwarding findElement on session baee9c1c51087c497a4f15f9de39a6b0 to remote] DEBUG org.asynchttpclient.netty.request.NettyRequestSender - Using pooled Channel '[id: 0x5a912b2b, L:/127.0.0.1:60412 - R:localhost/127.0.0.1:61116]' for 'POST' to 'http://localhost:61116/session/baee9c1c51087c497a4f15f9de39a6b0/element'
16:11:18.823 [Forwarding findElement on session baee9c1c51087c497a4f15f9de39a6b0 to remote] DEBUG org.asynchttpclient.netty.request.NettyRequestSender - Using open Channel [id: 0x5a912b2b, L:/127.0.0.1:60412 - R:localhost/127.0.0.1:61116] for POST '/session/baee9c1c51087c497a4f15f9de39a6b0/element'
16:11:18.844 [AsyncHttpClient-1-5] DEBUG org.asynchttpclient.netty.handler.HttpHandler - 

Request DefaultHttpRequest(decodeResult: success, version: HTTP/1.1)
POST /session/baee9c1c51087c497a4f15f9de39a6b0/element HTTP/1.1
User-Agent: selenium/4.1.2 (java windows)
Content-Length: 76
Content-Type: application/json; charset=utf-8
host: localhost:61116
accept: */*

Response DefaultHttpResponse(decodeResult: success, version: HTTP/1.1)
HTTP/1.1 200 OK
Content-Type: application/json; charset=utf-8
cache-control: no-cache
content-length: 88

16:11:18.844 [AsyncHttpClient-1-5] DEBUG org.asynchttpclient.netty.channel.ChannelManager - Adding key: http://localhost:61116 for channel [id: 0x5a912b2b, L:/127.0.0.1:60412 - R:localhost/127.0.0.1:61116]
16:11:18.846 [Forwarding clickElement on session baee9c1c51087c497a4f15f9de39a6b0 to remote] DEBUG org.asynchttpclient.netty.request.NettyRequestSender - Using pooled Channel '[id: 0x5a912b2b, L:/127.0.0.1:60412 - R:localhost/127.0.0.1:61116]' for 'POST' to 'http://localhost:61116/session/baee9c1c51087c497a4f15f9de39a6b0/element/ef5b9da8-37de-43fd-a8e6-2992c244df76/click'
16:11:18.846 [Forwarding clickElement on session baee9c1c51087c497a4f15f9de39a6b0 to remote] DEBUG org.asynchttpclient.netty.request.NettyRequestSender - Using open Channel [id: 0x5a912b2b, L:/127.0.0.1:60412 - R:localhost/127.0.0.1:61116] for POST '/session/baee9c1c51087c497a4f15f9de39a6b0/element/ef5b9da8-37de-43fd-a8e6-2992c244df76/click'
16:11:19.015 [AsyncHttpClient-1-5] DEBUG org.asynchttpclient.netty.handler.HttpHandler - 

Request DefaultHttpRequest(decodeResult: success, version: HTTP/1.1)
POST /session/baee9c1c51087c497a4f15f9de39a6b0/element/ef5b9da8-37de-43fd-a8e6-2992c244df76/click HTTP/1.1
User-Agent: selenium/4.1.2 (java windows)
Content-Length: 50
Content-Type: application/json; charset=utf-8
host: localhost:61116
accept: */*

Response DefaultHttpResponse(decodeResult: success, version: HTTP/1.1)
HTTP/1.1 200 OK
Content-Type: application/json; charset=utf-8
cache-control: no-cache
content-length: 14

16:11:19.017 [AsyncHttpClient-1-5] DEBUG org.asynchttpclient.netty.channel.ChannelManager - Adding key: http://localhost:61116 for channel [id: 0x5a912b2b, L:/127.0.0.1:60412 - R:localhost/127.0.0.1:61116]
16:11:19.032 [Forwarding screenshot on session baee9c1c51087c497a4f15f9de39a6b0 to remote] DEBUG org.asynchttpclient.netty.request.NettyRequestSender - Using pooled Channel '[id: 0x5a912b2b, L:/127.0.0.1:60412 - R:localhost/127.0.0.1:61116]' for 'GET' to 'http://localhost:61116/session/baee9c1c51087c497a4f15f9de39a6b0/screenshot'
16:11:19.033 [Forwarding screenshot on session baee9c1c51087c497a4f15f9de39a6b0 to remote] DEBUG org.asynchttpclient.netty.request.NettyRequestSender - Using open Channel [id: 0x5a912b2b, L:/127.0.0.1:60412 - R:localhost/127.0.0.1:61116] for GET '/session/baee9c1c51087c497a4f15f9de39a6b0/screenshot'
16:11:19.047 [AsyncHttpClient-1-1] DEBUG org.asynchttpclient.netty.channel.DefaultChannelPool - Entry count for : http://localhost:60413 : 1
16:11:19.602 [AsyncHttpClient-1-5] DEBUG org.asynchttpclient.netty.handler.HttpHandler - 

Request DefaultFullHttpRequest(decodeResult: success, version: HTTP/1.1, content: EmptyByteBufBE)
GET /session/baee9c1c51087c497a4f15f9de39a6b0/screenshot HTTP/1.1
User-Agent: selenium/4.1.2 (java windows)
Cache-Control: no-cache
Content-Type: application/json; charset=utf-8
host: localhost:61116
accept: */*

Response DefaultHttpResponse(decodeResult: success, version: HTTP/1.1)
HTTP/1.1 200 OK
Content-Type: application/json; charset=utf-8
cache-control: no-cache
content-length: 66448

16:11:19.603 [AsyncHttpClient-1-5] DEBUG org.asynchttpclient.netty.channel.ChannelManager - Adding key: http://localhost:61116 for channel [id: 0x5a912b2b, L:/127.0.0.1:60412 - R:localhost/127.0.0.1:61116]
16:11:19.607 [main] DEBUG net.serenitybdd.core.photography.Darkroom - Send negative for processing for target\site\serenity\9fc288ed2ac7a1060f1ea80bbb28fc53e3d01b0acaef3ea4eca93b0a4ebd137d.png
16:11:19.607 [main] DEBUG net.thucydides.core.steps.StepInterceptor - STEP DONE: clickCategoryBar
  &amp#27;[32mWhen &amp#27;[0m&amp#27;[32mI click category bar&amp#27;[0m                       &amp#27;[90m# starter.stepdefinitions.ProductSteps.iClickCategoryBar()&amp#27;[0m
16:11:19.608 [Darkroom Processing Line] DEBUG net.serenitybdd.core.photography.DarkroomProcessingLine - Processing screenshot image in /var/screenshots/screenshot-10143029247931199034
16:11:19.608 [Darkroom Processing Line] DEBUG net.serenitybdd.core.photography.DarkroomProcessingLine - Saving screenshot to target\site\serenity\9fc288ed2ac7a1060f1ea80bbb28fc53e3d01b0acaef3ea4eca93b0a4ebd137d.png
16:11:20.145 [AsyncHttpClient-1-1] DEBUG org.asynchttpclient.netty.channel.DefaultChannelPool - Entry count for : http://localhost:60413 : 1
16:11:20.145 [AsyncHttpClient-1-1] DEBUG org.asynchttpclient.netty.channel.DefaultChannelPool - Entry count for : http://localhost:61116 : 1
16:11:20.452 [Forwarding screenshot on session baee9c1c51087c497a4f15f9de39a6b0 to remote] DEBUG org.asynchttpclient.netty.request.NettyRequestSender - Using pooled Channel '[id: 0x5a912b2b, L:/127.0.0.1:60412 - R:localhost/127.0.0.1:61116]' for 'GET' to 'http://localhost:61116/session/baee9c1c51087c497a4f15f9de39a6b0/screenshot'
16:11:20.452 [Forwarding screenshot on session baee9c1c51087c497a4f15f9de39a6b0 to remote] DEBUG org.asynchttpclient.netty.request.NettyRequestSender - Using open Channel [id: 0x5a912b2b, L:/127.0.0.1:60412 - R:localhost/127.0.0.1:61116] for GET '/session/baee9c1c51087c497a4f15f9de39a6b0/screenshot'
16:11:20.600 [AsyncHttpClient-1-5] DEBUG org.asynchttpclient.netty.handler.HttpHandler - 

Request DefaultFullHttpRequest(decodeResult: success, version: HTTP/1.1, content: EmptyByteBufBE)
GET /session/baee9c1c51087c497a4f15f9de39a6b0/screenshot HTTP/1.1
User-Agent: selenium/4.1.2 (java windows)
Cache-Control: no-cache
Content-Type: application/json; charset=utf-8
host: localhost:61116
accept: */*

Response DefaultHttpResponse(decodeResult: success, version: HTTP/1.1)
HTTP/1.1 200 OK
Content-Type: application/json; charset=utf-8
cache-control: no-cache
content-length: 68052

16:11:20.600 [AsyncHttpClient-1-5] DEBUG org.asynchttpclient.netty.channel.ChannelManager - Adding key: http://localhost:61116 for channel [id: 0x5a912b2b, L:/127.0.0.1:60412 - R:localhost/127.0.0.1:61116]
16:11:20.603 [main] DEBUG net.serenitybdd.core.photography.Darkroom - Send negative for processing for target\site\serenity\251bb763aafe53cd8ca76f7bb13abaf4884326a75c99c482dff11a58cc857608.png
16:11:20.604 [main] DEBUG net.thucydides.core.steps.StepInterceptor - STARTING STEP: ProductSteps.iClickCategoryThatIWant - verifyFirstKesahatan
16:11:20.604 [Darkroom Processing Line] DEBUG net.serenitybdd.core.photography.DarkroomProcessingLine - Processing screenshot image in /var/screenshots/screenshot-18223981160596472891
16:11:20.604 [Darkroom Processing Line] DEBUG net.serenitybdd.core.photography.DarkroomProcessingLine - Saving screenshot to target\site\serenity\251bb763aafe53cd8ca76f7bb13abaf4884326a75c99c482dff11a58cc857608.png
16:11:20.608 [Forwarding findElement on session baee9c1c51087c497a4f15f9de39a6b0 to remote] DEBUG org.asynchttpclient.netty.request.NettyRequestSender - Using pooled Channel '[id: 0x5a912b2b, L:/127.0.0.1:60412 - R:localhost/127.0.0.1:61116]' for 'POST' to 'http://localhost:61116/session/baee9c1c51087c497a4f15f9de39a6b0/element'
16:11:20.608 [Forwarding findElement on session baee9c1c51087c497a4f15f9de39a6b0 to remote] DEBUG org.asynchttpclient.netty.request.NettyRequestSender - Using open Channel [id: 0x5a912b2b, L:/127.0.0.1:60412 - R:localhost/127.0.0.1:61116] for POST '/session/baee9c1c51087c497a4f15f9de39a6b0/element'
16:11:20.634 [AsyncHttpClient-1-5] DEBUG org.asynchttpclient.netty.handler.HttpHandler - 

Request DefaultHttpRequest(decodeResult: success, version: HTTP/1.1)
POST /session/baee9c1c51087c497a4f15f9de39a6b0/element HTTP/1.1
User-Agent: selenium/4.1.2 (java windows)
Content-Length: 70
Content-Type: application/json; charset=utf-8
host: localhost:61116
accept: */*

Response DefaultHttpResponse(decodeResult: success, version: HTTP/1.1)
HTTP/1.1 200 OK
Content-Type: application/json; charset=utf-8
cache-control: no-cache
content-length: 88

16:11:20.634 [AsyncHttpClient-1-5] DEBUG org.asynchttpclient.netty.channel.ChannelManager - Adding key: http://localhost:61116 for channel [id: 0x5a912b2b, L:/127.0.0.1:60412 - R:localhost/127.0.0.1:61116]
16:11:20.638 [Forwarding isElementDisplayed on session baee9c1c51087c497a4f15f9de39a6b0 to remote] DEBUG org.asynchttpclient.netty.request.NettyRequestSender - Using pooled Channel '[id: 0x5a912b2b, L:/127.0.0.1:60412 - R:localhost/127.0.0.1:61116]' for 'POST' to 'http://localhost:61116/session/baee9c1c51087c497a4f15f9de39a6b0/execute/sync'
16:11:20.638 [Forwarding isElementDisplayed on session baee9c1c51087c497a4f15f9de39a6b0 to remote] DEBUG org.asynchttpclient.netty.request.NettyRequestSender - Using open Channel [id: 0x5a912b2b, L:/127.0.0.1:60412 - R:localhost/127.0.0.1:61116] for POST '/session/baee9c1c51087c497a4f15f9de39a6b0/execute/sync'
16:11:20.660 [AsyncHttpClient-1-5] DEBUG org.asynchttpclient.netty.handler.HttpHandler - 

Request DefaultHttpRequest(decodeResult: success, version: HTTP/1.1)
POST /session/baee9c1c51087c497a4f15f9de39a6b0/execute/sync HTTP/1.1
User-Agent: selenium/4.1.2 (java windows)
Content-Length: 48780
Content-Type: application/json; charset=utf-8
host: localhost:61116
accept: */*

Response DefaultHttpResponse(decodeResult: success, version: HTTP/1.1)
HTTP/1.1 200 OK
Content-Type: application/json; charset=utf-8
cache-control: no-cache
content-length: 14

16:11:20.660 [AsyncHttpClient-1-5] DEBUG org.asynchttpclient.netty.channel.ChannelManager - Adding key: http://localhost:61116 for channel [id: 0x5a912b2b, L:/127.0.0.1:60412 - R:localhost/127.0.0.1:61116]
16:11:20.666 [Forwarding screenshot on session baee9c1c51087c497a4f15f9de39a6b0 to remote] DEBUG org.asynchttpclient.netty.request.NettyRequestSender - Using pooled Channel '[id: 0x5a912b2b, L:/127.0.0.1:60412 - R:localhost/127.0.0.1:61116]' for 'GET' to 'http://localhost:61116/session/baee9c1c51087c497a4f15f9de39a6b0/screenshot'
16:11:20.666 [Forwarding screenshot on session baee9c1c51087c497a4f15f9de39a6b0 to remote] DEBUG org.asynchttpclient.netty.request.NettyRequestSender - Using open Channel [id: 0x5a912b2b, L:/127.0.0.1:60412 - R:localhost/127.0.0.1:61116] for GET '/session/baee9c1c51087c497a4f15f9de39a6b0/screenshot'
16:11:20.870 [AsyncHttpClient-1-5] DEBUG org.asynchttpclient.netty.handler.HttpHandler - 

Request DefaultFullHttpRequest(decodeResult: success, version: HTTP/1.1, content: EmptyByteBufBE)
GET /session/baee9c1c51087c497a4f15f9de39a6b0/screenshot HTTP/1.1
User-Agent: selenium/4.1.2 (java windows)
Cache-Control: no-cache
Content-Type: application/json; charset=utf-8
host: localhost:61116
accept: */*

Response DefaultHttpResponse(decodeResult: success, version: HTTP/1.1)
HTTP/1.1 200 OK
Content-Type: application/json; charset=utf-8
cache-control: no-cache
content-length: 68052

16:11:20.870 [AsyncHttpClient-1-5] DEBUG org.asynchttpclient.netty.channel.ChannelManager - Adding key: http://localhost:61116 for channel [id: 0x5a912b2b, L:/127.0.0.1:60412 - R:localhost/127.0.0.1:61116]
16:11:20.873 [main] DEBUG net.serenitybdd.core.photography.Darkroom - Send negative for processing for target\site\serenity\251bb763aafe53cd8ca76f7bb13abaf4884326a75c99c482dff11a58cc857608.png
16:11:20.874 [main] DEBUG net.thucydides.core.steps.StepInterceptor - STEP DONE: verifyFirstKesahatan
16:11:20.882 [main] DEBUG net.thucydides.core.steps.StepInterceptor - STARTING STEP: ProductSteps.iClickCategoryThatIWant - clickFirstKesehatan
16:11:20.886 [Forwarding findElement on session baee9c1c51087c497a4f15f9de39a6b0 to remote] DEBUG org.asynchttpclient.netty.request.NettyRequestSender - Using pooled Channel '[id: 0x5a912b2b, L:/127.0.0.1:60412 - R:localhost/127.0.0.1:61116]' for 'POST' to 'http://localhost:61116/session/baee9c1c51087c497a4f15f9de39a6b0/element'
16:11:20.886 [Forwarding findElement on session baee9c1c51087c497a4f15f9de39a6b0 to remote] DEBUG org.asynchttpclient.netty.request.NettyRequestSender - Using open Channel [id: 0x5a912b2b, L:/127.0.0.1:60412 - R:localhost/127.0.0.1:61116] for POST '/session/baee9c1c51087c497a4f15f9de39a6b0/element'
16:11:20.917 [AsyncHttpClient-1-5] DEBUG org.asynchttpclient.netty.handler.HttpHandler - 

Request DefaultHttpRequest(decodeResult: success, version: HTTP/1.1)
POST /session/baee9c1c51087c497a4f15f9de39a6b0/element HTTP/1.1
User-Agent: selenium/4.1.2 (java windows)
Content-Length: 70
Content-Type: application/json; charset=utf-8
host: localhost:61116
accept: */*

Response DefaultHttpResponse(decodeResult: success, version: HTTP/1.1)
HTTP/1.1 200 OK
Content-Type: application/json; charset=utf-8
cache-control: no-cache
content-length: 88

16:11:20.917 [AsyncHttpClient-1-5] DEBUG org.asynchttpclient.netty.channel.ChannelManager - Adding key: http://localhost:61116 for channel [id: 0x5a912b2b, L:/127.0.0.1:60412 - R:localhost/127.0.0.1:61116]
16:11:20.919 [Forwarding getElementTagName on session baee9c1c51087c497a4f15f9de39a6b0 to remote] DEBUG org.asynchttpclient.netty.request.NettyRequestSender - Using pooled Channel '[id: 0x5a912b2b, L:/127.0.0.1:60412 - R:localhost/127.0.0.1:61116]' for 'GET' to 'http://localhost:61116/session/baee9c1c51087c497a4f15f9de39a6b0/element/7e74a05c-855f-4ab8-8f98-3dab5a3c48f8/name'
16:11:20.919 [Forwarding getElementTagName on session baee9c1c51087c497a4f15f9de39a6b0 to remote] DEBUG org.asynchttpclient.netty.request.NettyRequestSender - Using open Channel [id: 0x5a912b2b, L:/127.0.0.1:60412 - R:localhost/127.0.0.1:61116] for GET '/session/baee9c1c51087c497a4f15f9de39a6b0/element/7e74a05c-855f-4ab8-8f98-3dab5a3c48f8/name'
16:11:20.929 [AsyncHttpClient-1-5] DEBUG org.asynchttpclient.netty.handler.HttpHandler - 

Request DefaultFullHttpRequest(decodeResult: success, version: HTTP/1.1, content: EmptyByteBufBE)
GET /session/baee9c1c51087c497a4f15f9de39a6b0/element/7e74a05c-855f-4ab8-8f98-3dab5a3c48f8/name HTTP/1.1
User-Agent: selenium/4.1.2 (java windows)
Cache-Control: no-cache
Content-Type: application/json; charset=utf-8
host: localhost:61116
accept: */*

Response DefaultHttpResponse(decodeResult: success, version: HTTP/1.1)
HTTP/1.1 200 OK
Content-Type: application/json; charset=utf-8
cache-control: no-cache
content-length: 15

16:11:20.929 [AsyncHttpClient-1-5] DEBUG org.asynchttpclient.netty.channel.ChannelManager - Adding key: http://localhost:61116 for channel [id: 0x5a912b2b, L:/127.0.0.1:60412 - R:localhost/127.0.0.1:61116]
16:11:20.931 [Forwarding getElementTagName on session baee9c1c51087c497a4f15f9de39a6b0 to remote] DEBUG org.asynchttpclient.netty.request.NettyRequestSender - Using pooled Channel '[id: 0x5a912b2b, L:/127.0.0.1:60412 - R:localhost/127.0.0.1:61116]' for 'GET' to 'http://localhost:61116/session/baee9c1c51087c497a4f15f9de39a6b0/element/7e74a05c-855f-4ab8-8f98-3dab5a3c48f8/name'
16:11:20.931 [Forwarding getElementTagName on session baee9c1c51087c497a4f15f9de39a6b0 to remote] DEBUG org.asynchttpclient.netty.request.NettyRequestSender - Using open Channel [id: 0x5a912b2b, L:/127.0.0.1:60412 - R:localhost/127.0.0.1:61116] for GET '/session/baee9c1c51087c497a4f15f9de39a6b0/element/7e74a05c-855f-4ab8-8f98-3dab5a3c48f8/name'
16:11:20.956 [AsyncHttpClient-1-5] DEBUG org.asynchttpclient.netty.handler.HttpHandler - 

Request DefaultFullHttpRequest(decodeResult: success, version: HTTP/1.1, content: EmptyByteBufBE)
GET /session/baee9c1c51087c497a4f15f9de39a6b0/element/7e74a05c-855f-4ab8-8f98-3dab5a3c48f8/name HTTP/1.1
User-Agent: selenium/4.1.2 (java windows)
Cache-Control: no-cache
Content-Type: application/json; charset=utf-8
host: localhost:61116
accept: */*

Response DefaultHttpResponse(decodeResult: success, version: HTTP/1.1)
HTTP/1.1 200 OK
Content-Type: application/json; charset=utf-8
cache-control: no-cache
content-length: 15

16:11:20.956 [AsyncHttpClient-1-5] DEBUG org.asynchttpclient.netty.channel.ChannelManager - Adding key: http://localhost:61116 for channel [id: 0x5a912b2b, L:/127.0.0.1:60412 - R:localhost/127.0.0.1:61116]
16:11:20.960 [Forwarding findElement on session baee9c1c51087c497a4f15f9de39a6b0 to remote] DEBUG org.asynchttpclient.netty.request.NettyRequestSender - Using pooled Channel '[id: 0x5a912b2b, L:/127.0.0.1:60412 - R:localhost/127.0.0.1:61116]' for 'POST' to 'http://localhost:61116/session/baee9c1c51087c497a4f15f9de39a6b0/element'
16:11:20.960 [Forwarding findElement on session baee9c1c51087c497a4f15f9de39a6b0 to remote] DEBUG org.asynchttpclient.netty.request.NettyRequestSender - Using open Channel [id: 0x5a912b2b, L:/127.0.0.1:60412 - R:localhost/127.0.0.1:61116] for POST '/session/baee9c1c51087c497a4f15f9de39a6b0/element'
16:11:20.994 [AsyncHttpClient-1-5] DEBUG org.asynchttpclient.netty.handler.HttpHandler - 

Request DefaultHttpRequest(decodeResult: success, version: HTTP/1.1)
POST /session/baee9c1c51087c497a4f15f9de39a6b0/element HTTP/1.1
User-Agent: selenium/4.1.2 (java windows)
Content-Length: 70
Content-Type: application/json; charset=utf-8
host: localhost:61116
accept: */*

Response DefaultHttpResponse(decodeResult: success, version: HTTP/1.1)
HTTP/1.1 200 OK
Content-Type: application/json; charset=utf-8
cache-control: no-cache
content-length: 88

16:11:20.994 [AsyncHttpClient-1-5] DEBUG org.asynchttpclient.netty.channel.ChannelManager - Adding key: http://localhost:61116 for channel [id: 0x5a912b2b, L:/127.0.0.1:60412 - R:localhost/127.0.0.1:61116]
16:11:20.996 [Forwarding clickElement on session baee9c1c51087c497a4f15f9de39a6b0 to remote] DEBUG org.asynchttpclient.netty.request.NettyRequestSender - Using pooled Channel '[id: 0x5a912b2b, L:/127.0.0.1:60412 - R:localhost/127.0.0.1:61116]' for 'POST' to 'http://localhost:61116/session/baee9c1c51087c497a4f15f9de39a6b0/element/7e74a05c-855f-4ab8-8f98-3dab5a3c48f8/click'
16:11:20.996 [Forwarding clickElement on session baee9c1c51087c497a4f15f9de39a6b0 to remote] DEBUG org.asynchttpclient.netty.request.NettyRequestSender - Using open Channel [id: 0x5a912b2b, L:/127.0.0.1:60412 - R:localhost/127.0.0.1:61116] for POST '/session/baee9c1c51087c497a4f15f9de39a6b0/element/7e74a05c-855f-4ab8-8f98-3dab5a3c48f8/click'
16:11:21.253 [AsyncHttpClient-1-1] DEBUG org.asynchttpclient.netty.channel.DefaultChannelPool - Entry count for : http://localhost:60413 : 1
16:11:22.386 [AsyncHttpClient-1-1] DEBUG org.asynchttpclient.netty.channel.DefaultChannelPool - Entry count for : http://localhost:60413 : 1
16:11:22.916 [AsyncHttpClient-1-5] DEBUG org.asynchttpclient.netty.handler.HttpHandler - 

Request DefaultHttpRequest(decodeResult: success, version: HTTP/1.1)
POST /session/baee9c1c51087c497a4f15f9de39a6b0/element/7e74a05c-855f-4ab8-8f98-3dab5a3c48f8/click HTTP/1.1
User-Agent: selenium/4.1.2 (java windows)
Content-Length: 50
Content-Type: application/json; charset=utf-8
host: localhost:61116
accept: */*

Response DefaultHttpResponse(decodeResult: success, version: HTTP/1.1)
HTTP/1.1 200 OK
Content-Type: application/json; charset=utf-8
cache-control: no-cache
content-length: 14

16:11:22.916 [AsyncHttpClient-1-5] DEBUG org.asynchttpclient.netty.channel.ChannelManager - Adding key: http://localhost:61116 for channel [id: 0x5a912b2b, L:/127.0.0.1:60412 - R:localhost/127.0.0.1:61116]
16:11:22.930 [Forwarding screenshot on session baee9c1c51087c497a4f15f9de39a6b0 to remote] DEBUG org.asynchttpclient.netty.request.NettyRequestSender - Using pooled Channel '[id: 0x5a912b2b, L:/127.0.0.1:60412 - R:localhost/127.0.0.1:61116]' for 'GET' to 'http://localhost:61116/session/baee9c1c51087c497a4f15f9de39a6b0/screenshot'
16:11:22.930 [Forwarding screenshot on session baee9c1c51087c497a4f15f9de39a6b0 to remote] DEBUG org.asynchttpclient.netty.request.NettyRequestSender - Using open Channel [id: 0x5a912b2b, L:/127.0.0.1:60412 - R:localhost/127.0.0.1:61116] for GET '/session/baee9c1c51087c497a4f15f9de39a6b0/screenshot'
16:11:23.183 [AsyncHttpClient-1-5] DEBUG org.asynchttpclient.netty.handler.HttpHandler - 

Request DefaultFullHttpRequest(decodeResult: success, version: HTTP/1.1, content: EmptyByteBufBE)
GET /session/baee9c1c51087c497a4f15f9de39a6b0/screenshot HTTP/1.1
User-Agent: selenium/4.1.2 (java windows)
Cache-Control: no-cache
Content-Type: application/json; charset=utf-8
host: localhost:61116
accept: */*

Response DefaultHttpResponse(decodeResult: success, version: HTTP/1.1)
HTTP/1.1 200 OK
Content-Type: application/json; charset=utf-8
cache-control: no-cache
content-length: 22852

16:11:23.183 [AsyncHttpClient-1-5] DEBUG org.asynchttpclient.netty.channel.ChannelManager - Adding key: http://localhost:61116 for channel [id: 0x5a912b2b, L:/127.0.0.1:60412 - R:localhost/127.0.0.1:61116]
16:11:23.187 [main] DEBUG net.serenitybdd.core.photography.Darkroom - Send negative for processing for target\site\serenity\4083ea6ade29b91bd2f99fd0d35c14acb3b1fcc70a87ea9c4ebe9963df3e64cc.png
16:11:23.187 [main] DEBUG net.thucydides.core.steps.StepInterceptor - STEP DONE: clickFirstKesehatan
  &amp#27;[32mAnd &amp#27;[0m&amp#27;[32mI click category that i want&amp#27;[0m                &amp#27;[90m# starter.stepdefinitions.ProductSteps.iClickCategoryThatIWant()&amp#27;[0m
16:11:23.222 [main] DEBUG net.thucydides.core.steps.StepInterceptor - STARTING STEP: ProductSteps.iCanSeeIsTheCategoryHaveItemsOrNot - verifyKesehatanIsEmpty
16:11:23.225 [Forwarding findElement on session baee9c1c51087c497a4f15f9de39a6b0 to remote] DEBUG org.asynchttpclient.netty.request.NettyRequestSender - Using pooled Channel '[id: 0x5a912b2b, L:/127.0.0.1:60412 - R:localhost/127.0.0.1:61116]' for 'POST' to 'http://localhost:61116/session/baee9c1c51087c497a4f15f9de39a6b0/element'
16:11:23.226 [Darkroom Processing Line] DEBUG net.serenitybdd.core.photography.DarkroomProcessingLine - Processing screenshot image in /var/screenshots/screenshot-6777287126557537244
16:11:23.242 [Darkroom Processing Line] DEBUG net.serenitybdd.core.photography.DarkroomProcessingLine - Saving screenshot to target\site\serenity\4083ea6ade29b91bd2f99fd0d35c14acb3b1fcc70a87ea9c4ebe9963df3e64cc.png
16:11:23.243 [Forwarding findElement on session baee9c1c51087c497a4f15f9de39a6b0 to remote] DEBUG org.asynchttpclient.netty.request.NettyRequestSender - Using open Channel [id: 0x5a912b2b, L:/127.0.0.1:60412 - R:localhost/127.0.0.1:61116] for POST '/session/baee9c1c51087c497a4f15f9de39a6b0/element'
16:11:23.273 [AsyncHttpClient-1-5] DEBUG org.asynchttpclient.netty.handler.HttpHandler - 

Request DefaultHttpRequest(decodeResult: success, version: HTTP/1.1)
POST /session/baee9c1c51087c497a4f15f9de39a6b0/element HTTP/1.1
User-Agent: selenium/4.1.2 (java windows)
Content-Length: 79
Content-Type: application/json; charset=utf-8
host: localhost:61116
accept: */*

Response DefaultHttpResponse(decodeResult: success, version: HTTP/1.1)
HTTP/1.1 200 OK
Content-Type: application/json; charset=utf-8
cache-control: no-cache
content-length: 88

16:11:23.273 [AsyncHttpClient-1-5] DEBUG org.asynchttpclient.netty.channel.ChannelManager - Adding key: http://localhost:61116 for channel [id: 0x5a912b2b, L:/127.0.0.1:60412 - R:localhost/127.0.0.1:61116]
16:11:23.280 [Forwarding isElementDisplayed on session baee9c1c51087c497a4f15f9de39a6b0 to remote] DEBUG org.asynchttpclient.netty.request.NettyRequestSender - Using pooled Channel '[id: 0x5a912b2b, L:/127.0.0.1:60412 - R:localhost/127.0.0.1:61116]' for 'POST' to 'http://localhost:61116/session/baee9c1c51087c497a4f15f9de39a6b0/execute/sync'
16:11:23.280 [Forwarding isElementDisplayed on session baee9c1c51087c497a4f15f9de39a6b0 to remote] DEBUG org.asynchttpclient.netty.request.NettyRequestSender - Using open Channel [id: 0x5a912b2b, L:/127.0.0.1:60412 - R:localhost/127.0.0.1:61116] for POST '/session/baee9c1c51087c497a4f15f9de39a6b0/execute/sync'
16:11:23.318 [AsyncHttpClient-1-5] DEBUG org.asynchttpclient.netty.handler.HttpHandler - 

Request DefaultHttpRequest(decodeResult: success, version: HTTP/1.1)
POST /session/baee9c1c51087c497a4f15f9de39a6b0/execute/sync HTTP/1.1
User-Agent: selenium/4.1.2 (java windows)
Content-Length: 48780
Content-Type: application/json; charset=utf-8
host: localhost:61116
accept: */*

Response DefaultHttpResponse(decodeResult: success, version: HTTP/1.1)
HTTP/1.1 200 OK
Content-Type: application/json; charset=utf-8
cache-control: no-cache
content-length: 14

16:11:23.318 [AsyncHttpClient-1-5] DEBUG org.asynchttpclient.netty.channel.ChannelManager - Adding key: http://localhost:61116 for channel [id: 0x5a912b2b, L:/127.0.0.1:60412 - R:localhost/127.0.0.1:61116]
16:11:23.327 [Forwarding screenshot on session baee9c1c51087c497a4f15f9de39a6b0 to remote] DEBUG org.asynchttpclient.netty.request.NettyRequestSender - Using pooled Channel '[id: 0x5a912b2b, L:/127.0.0.1:60412 - R:localhost/127.0.0.1:61116]' for 'GET' to 'http://localhost:61116/session/baee9c1c51087c497a4f15f9de39a6b0/screenshot'
16:11:23.327 [Forwarding screenshot on session baee9c1c51087c497a4f15f9de39a6b0 to remote] DEBUG org.asynchttpclient.netty.request.NettyRequestSender - Using open Channel [id: 0x5a912b2b, L:/127.0.0.1:60412 - R:localhost/127.0.0.1:61116] for GET '/session/baee9c1c51087c497a4f15f9de39a6b0/screenshot'
16:11:23.506 [AsyncHttpClient-1-1] DEBUG org.asynchttpclient.netty.channel.DefaultChannelPool - Entry count for : http://localhost:60413 : 1
16:11:23.519 [AsyncHttpClient-1-5] DEBUG org.asynchttpclient.netty.handler.HttpHandler - 

Request DefaultFullHttpRequest(decodeResult: success, version: HTTP/1.1, content: EmptyByteBufBE)
GET /session/baee9c1c51087c497a4f15f9de39a6b0/screenshot HTTP/1.1
User-Agent: selenium/4.1.2 (java windows)
Cache-Control: no-cache
Content-Type: application/json; charset=utf-8
host: localhost:61116
accept: */*

Response DefaultHttpResponse(decodeResult: success, version: HTTP/1.1)
HTTP/1.1 200 OK
Content-Type: application/json; charset=utf-8
cache-control: no-cache
content-length: 22852

16:11:23.519 [AsyncHttpClient-1-5] DEBUG org.asynchttpclient.netty.channel.ChannelManager - Adding key: http://localhost:61116 for channel [id: 0x5a912b2b, L:/127.0.0.1:60412 - R:localhost/127.0.0.1:61116]
16:11:23.522 [main] DEBUG net.serenitybdd.core.photography.Darkroom - Send negative for processing for target\site\serenity\4083ea6ade29b91bd2f99fd0d35c14acb3b1fcc70a87ea9c4ebe9963df3e64cc.png
16:11:23.523 [main] DEBUG net.thucydides.core.steps.StepInterceptor - STEP DONE: verifyKesehatanIsEmpty
  &amp#27;[32mThen &amp#27;[0m&amp#27;[32mI can see is the category has items or not&amp#27;[0m &amp#27;[90m# starter.stepdefinitions.ProductSteps.iCanSeeIsTheCategoryHaveItemsOrNot()&amp#27;[0m
16:11:23.533 [main] INFO  - 
  _____   ___   ___   _____     ___     _     ___   ___   ___   ___  
 |_   _| | __| / __| |_   _|   | _ \   /_\   / __| / __| | __| |   \ 
   | |   | _|  \__ \   | |     |  _/  / _ \  \__ \ \__ \ | _|  | |) |
   |_|   |___| |___/   |_|     |_|   /_/ \_\ |___/ |___/ |___| |___/ 

Using category bar
----------------------------------------------------------------------
16:11:23.536 [AsyncHttpClient-1-3] DEBUG org.asynchttpclient.netty.handler.WebSocketHandler - Channel Closed: [id: 0xe361df68, L:/127.0.0.1:60420 ! R:localhost/127.0.0.1:60413] with attribute NettyResponseFuture{currentRetry=5,
	isDone=1,
	isCancelled=0,
	asyncHandler=org.asynchttpclient.ws.WebSocketUpgradeHandler@6776aba6,
	nettyRequest=org.asynchttpclient.netty.request.NettyRequest@1e299226,
	future=java.util.concurrent.CompletableFuture@612192ef[Completed normally],
	uri=ws://localhost:60413/devtools/browser/120ebd9d-09ff-4784-ba28-3e6bb3cfac72,
	keepAlive=true,
	redirectCount=0,
	timeoutsHolder=null,
	inAuth=0,
	touch=1652778656674}
16:11:23.536 [AsyncHttpClient-1-3] DEBUG org.asynchttpclient.netty.channel.ChannelManager - Closing Channel [id: 0xe361df68, L:/127.0.0.1:60420 ! R:localhost/127.0.0.1:60413] 
16:11:23.540 [Driver Command Executor] DEBUG org.asynchttpclient.netty.request.NettyRequestSender - Using pooled Channel '[id: 0x5a912b2b, L:/127.0.0.1:60412 - R:localhost/127.0.0.1:61116]' for 'DELETE' to 'http://localhost:61116/session/baee9c1c51087c497a4f15f9de39a6b0'
16:11:23.540 [Driver Command Executor] DEBUG org.asynchttpclient.netty.request.NettyRequestSender - Using open Channel [id: 0x5a912b2b, L:/127.0.0.1:60412 - R:localhost/127.0.0.1:61116] for DELETE '/session/baee9c1c51087c497a4f15f9de39a6b0'
16:11:23.883 [AsyncHttpClient-1-2] DEBUG org.asynchttpclient.netty.handler.HttpHandler - Unexpected I/O exception on channel [id: 0x54e5e850, L:/127.0.0.1:60419 - R:localhost/127.0.0.1:60413]
java.net.SocketException: Connection reset
	at java.base/sun.nio.ch.SocketChannelImpl.throwConnectionReset(SocketChannelImpl.java:367)
	at java.base/sun.nio.ch.SocketChannelImpl.read(SocketChannelImpl.java:398)
	at io.netty.buffer.PooledByteBuf.setBytes(PooledByteBuf.java:258)
	at io.netty.buffer.AbstractByteBuf.writeBytes(AbstractByteBuf.java:1132)
	at io.netty.channel.socket.nio.NioSocketChannel.doReadBytes(NioSocketChannel.java:350)
	at io.netty.channel.nio.AbstractNioByteChannel$NioByteUnsafe.read(AbstractNioByteChannel.java:151)
	at io.netty.channel.nio.NioEventLoop.processSelectedKey(NioEventLoop.java:722)
	at io.netty.channel.nio.NioEventLoop.processSelectedKeysOptimized(NioEventLoop.java:658)
	at io.netty.channel.nio.NioEventLoop.processSelectedKeys(NioEventLoop.java:584)
	at io.netty.channel.nio.NioEventLoop.run(NioEventLoop.java:496)
	at io.netty.util.concurrent.SingleThreadEventExecutor$4.run(SingleThreadEventExecutor.java:986)
	at io.netty.util.internal.ThreadExecutorMap$2.run(ThreadExecutorMap.java:74)
	at io.netty.util.concurrent.FastThreadLocalRunnable.run(FastThreadLocalRunnable.java:30)
	at java.base/java.lang.Thread.run(Thread.java:832)
16:11:23.883 [AsyncHttpClient-1-2] DEBUG org.asynchttpclient.netty.channel.ChannelManager - Closing Channel [id: 0x54e5e850, L:/127.0.0.1:60419 - R:localhost/127.0.0.1:60413] 
16:11:23.883 [AsyncHttpClient-1-2] DEBUG org.asynchttpclient.netty.handler.HttpHandler - Channel Closed: [id: 0x54e5e850, L:/127.0.0.1:60419 ! R:localhost/127.0.0.1:60413] with attribute DISCARD
16:11:23.930 [AsyncHttpClient-1-5] DEBUG org.asynchttpclient.netty.handler.HttpHandler - 

Request DefaultFullHttpRequest(decodeResult: success, version: HTTP/1.1, content: EmptyByteBufBE)
DELETE /session/baee9c1c51087c497a4f15f9de39a6b0 HTTP/1.1
User-Agent: selenium/4.1.2 (java windows)
Content-Type: application/json; charset=utf-8
host: localhost:61116
accept: */*

Response DefaultHttpResponse(decodeResult: success, version: HTTP/1.1)
HTTP/1.1 200 OK
Content-Type: application/json; charset=utf-8
cache-control: no-cache
content-length: 14

16:11:23.931 [AsyncHttpClient-1-5] DEBUG org.asynchttpclient.netty.channel.ChannelManager - Adding key: http://localhost:61116 for channel [id: 0x5a912b2b, L:/127.0.0.1:60412 - R:localhost/127.0.0.1:61116]
16:11:24.542 [AsyncHttpClient-1-1] DEBUG org.asynchttpclient.netty.channel.DefaultChannelPool - Entry count for : http://localhost:60413 : 1
16:11:24.542 [AsyncHttpClient-1-1] DEBUG org.asynchttpclient.netty.channel.DefaultChannelPool - Entry count for : http://localhost:61116 : 1
16:11:24.542 [AsyncHttpClient-1-1] DEBUG org.asynchttpclient.netty.channel.DefaultChannelPool - Adding Candidate expired Channel [id: 0x54e5e850, L:/127.0.0.1:60419 ! R:localhost/127.0.0.1:60413] isIdleTimeoutExpired=false isRemotelyClosed=true isTtlExpired=false
16:11:24.542 [AsyncHttpClient-1-1] DEBUG org.asynchttpclient.netty.channel.DefaultChannelPool - Closing Idle Channel [id: 0x54e5e850, L:/127.0.0.1:60419 ! R:localhost/127.0.0.1:60413]
16:11:24.542 [AsyncHttpClient-1-1] DEBUG org.asynchttpclient.netty.channel.DefaultChannelPool - Closed 1 connections out of 2 in 0 ms
16:11:24.675 [AsyncHttpClient-1-5] DEBUG org.asynchttpclient.netty.handler.HttpHandler - Channel Closed: [id: 0x5a912b2b, L:/127.0.0.1:60412 ! R:localhost/127.0.0.1:61116] with attribute DISCARD
]]></system-out>
    <system-err><![CDATA[Starting ChromeDriver 100.0.4896.60 (6a5d10861ce8de5fce22564658033b43cb7de047-refs/branch-heads/4896@{#875}) on port 61116
Only local connections are allowed.
Please see https://chromedriver.chromium.org/security-considerations for suggestions on keeping ChromeDriver safe.
ChromeDriver was started successfully.
[1652778656.013][WARNING]: This version of ChromeDriver has not been tested with Chrome version 101.
May 17, 2022 4:10:56 PM org.openqa.selenium.remote.ProtocolHandshake createSession
INFO: Detected dialect: W3C
May 17, 2022 4:10:56 PM org.openqa.selenium.devtools.CdpVersionFinder findNearestMatch
WARNING: Unable to find an exact match for CDP version 101, so returning the closest version found: 97
May 17, 2022 4:10:56 PM org.openqa.selenium.devtools.CdpVersionFinder findNearestMatch
INFO: Found CDP implementation for version 101 of 97
[1652778672.457][SEVERE]: Timed out receiving message from renderer: 10.000
[1652778672.459][WARNING]: screenshot failed, retrying timeout: Timed out receiving message from renderer: 10.000
]]></system-err>
  </testcase>
  <testcase name="Register #1" classname="Register" time="13.111">
    <system-out><![CDATA[16:11:25.192 [main] INFO io.cucumber.core.plugin.SerenityReporter - Running feature from file:///C:/Users/ponda/Documents/Final_Project/Final_Web/src/test/resources/features/Register.feature
16:11:25.200 [main] DEBUG net.thucydides.core.steps.StepEventBus - Test suite started for story net.thucydides.core.model.Story@30e75088
16:11:25.202 [main] INFO  - Test Suite Started: Register

Scenario Outline: Register         &amp#27;[90m# src/test/resources/features/Register.feature:16&amp#27;[0m
16:11:25.236 [main] INFO io.cucumber.core.plugin.SerenityReporter - Running feature from file:///C:/Users/ponda/Documents/Final_Project/Final_Web/src/test/resources/features/Register.feature
16:11:25.245 [main] INFO  - 
  _____   ___   ___   _____     ___   _____     _     ___   _____   ___   ___  
 |_   _| | __| / __| |_   _|   / __| |_   _|   /_\   | _ \ |_   _| | __| |   \ 
   | |   | _|  \__ \   | |     \__ \   | |    / _ \  |   /   | |   | _|  | |) |
   |_|   |___| |___/   |_|     |___/   |_|   /_/ \_\ |_|_\   |_|   |___| |___/ 

Register(register;register)
--------------------------------------------------------------------------------
16:11:25.581 [main] DEBUG net.thucydides.core.steps.StepInterceptor - STARTING STEP: RegisterSteps.onRegisterPage - openRegisURL
16:11:25.586 [main] INFO net.serenitybdd.core.webdriver.driverproviders.ChromeDriverProvider - Using automatically driver download
16:11:25.647 [AsyncHttpClient-1-1] DEBUG org.asynchttpclient.netty.channel.DefaultChannelPool - Entry count for : http://localhost:61116 : 1
16:11:25.647 [AsyncHttpClient-1-1] DEBUG org.asynchttpclient.netty.channel.DefaultChannelPool - Adding Candidate expired Channel [id: 0x5a912b2b, L:/127.0.0.1:60412 ! R:localhost/127.0.0.1:61116] isIdleTimeoutExpired=false isRemotelyClosed=true isTtlExpired=false
16:11:25.647 [AsyncHttpClient-1-1] DEBUG org.asynchttpclient.netty.channel.DefaultChannelPool - Closing Idle Channel [id: 0x5a912b2b, L:/127.0.0.1:60412 ! R:localhost/127.0.0.1:61116]
16:11:25.647 [AsyncHttpClient-1-1] DEBUG org.asynchttpclient.netty.channel.DefaultChannelPool - Closed 1 connections out of 1 in 0 ms
16:11:25.882 [main] DEBUG io.github.bonigarcia.wdm.cache.ResolutionCache - Resolution chrome=101 in cache (valid until 17:04:06 17/05/2022 WIB)
16:11:25.891 [main] DEBUG io.github.bonigarcia.wdm.cache.ResolutionCache - Resolution chrome101=101.0.4951.41 in cache (valid until 16:04:06 18/05/2022 WIB)
16:11:25.894 [main] INFO io.github.bonigarcia.wdm.WebDriverManager - Using chromedriver 101.0.4951.41 (resolved driver for Chrome 101)
16:11:25.975 [main] DEBUG io.github.bonigarcia.wdm.WebDriverManager - Driver chromedriver 101.0.4951.41 found in cache
16:11:25.978 [main] INFO io.github.bonigarcia.wdm.WebDriverManager - Exporting webdriver.chrome.driver as C:\Users\ponda\.cache\selenium\chromedriver\win32\101.0.4951.41\chromedriver.exe
16:11:26.246 [main] DEBUG net.serenitybdd.core.webdriver.driverproviders.ProvideNewDriver - Instantiating driver
16:11:26.246 [main] DEBUG net.serenitybdd.core.webdriver.driverproviders.ProvideNewDriver - Driver capabilities: Capabilities {acceptInsecureCerts: false, base.url: https://qa.alta.id, browserName: chrome, chrome.driver: src/test/resources/webdrive..., driver: chrome, goog:chromeOptions: {args: [], extensions: []}}
16:11:26.791 [AsyncHttpClient-1-4] DEBUG org.asynchttpclient.netty.channel.NettyConnectListener - Using new Channel '[id: 0x1d90d9ea, L:/127.0.0.1:60446 - R:localhost/127.0.0.1:50096]' for 'POST' to '/session'
16:11:29.244 [AsyncHttpClient-1-4] DEBUG org.asynchttpclient.netty.handler.HttpHandler - 

Request DefaultHttpRequest(decodeResult: success, version: HTTP/1.1)
POST /session HTTP/1.1
User-Agent: selenium/4.1.2 (java windows)
Content-Length: 599
Content-Type: application/json; charset=utf-8
host: localhost:50096
accept: */*

Response DefaultHttpResponse(decodeResult: success, version: HTTP/1.1)
HTTP/1.1 200 OK
Content-Type: application/json; charset=utf-8
cache-control: no-cache
content-length: 790

16:11:29.245 [AsyncHttpClient-1-4] DEBUG org.asynchttpclient.netty.channel.ChannelManager - Adding key: http://localhost:50096 for channel [id: 0x1d90d9ea, L:/127.0.0.1:60446 - R:localhost/127.0.0.1:50096]
16:11:29.262 [AsyncHttpClient-1-5] DEBUG org.asynchttpclient.netty.channel.NettyConnectListener - Using new Channel '[id: 0xa6751bde, L:/127.0.0.1:60452 - R:localhost/127.0.0.1:60447]' for 'GET' to '/json/version'
16:11:29.264 [AsyncHttpClient-1-5] DEBUG org.asynchttpclient.netty.handler.HttpHandler - 

Request DefaultFullHttpRequest(decodeResult: success, version: HTTP/1.1, content: EmptyByteBufBE)
GET /json/version HTTP/1.1
User-Agent: selenium/4.1.2 (java windows)
host: localhost:60447
accept: */*

Response DefaultHttpResponse(decodeResult: success, version: HTTP/1.1)
HTTP/1.1 200 OK
Content-Type: application/json; charset=UTF-8
content-length: 427

16:11:29.265 [AsyncHttpClient-1-5] DEBUG org.asynchttpclient.netty.channel.ChannelManager - Adding key: http://localhost:60447 for channel [id: 0xa6751bde, L:/127.0.0.1:60452 - R:localhost/127.0.0.1:60447]
16:11:29.269 [AsyncHttpClient-1-2] DEBUG org.asynchttpclient.netty.channel.NettyConnectListener - Using new Channel '[id: 0xaee28eb8, L:/127.0.0.1:60453 - R:localhost/127.0.0.1:60447]' for 'GET' to '/devtools/browser/30f9ed3a-321b-451d-b149-6e9b2611465c'
16:11:29.270 [AsyncHttpClient-1-2] DEBUG org.asynchttpclient.netty.handler.WebSocketHandler - 

Request DefaultFullHttpRequest(decodeResult: success, version: HTTP/1.1, content: EmptyByteBufBE)
GET /devtools/browser/30f9ed3a-321b-451d-b149-6e9b2611465c HTTP/1.1
upgrade: websocket
connection: upgrade
sec-websocket-key: 0j33xgdwF/mLoCtsIe86Lw==
sec-websocket-version: 13
origin: http://localhost:60447
host: localhost:60447
accept: */*
user-agent: AHC/2.1

Response DefaultHttpResponse(decodeResult: success, version: HTTP/1.1)
HTTP/1.1 101 WebSocket Protocol Handshake
Upgrade: WebSocket
Connection: Upgrade
Sec-WebSocket-Accept: e+L09FphnocsHQiOetluQBJB5S0=

16:11:29.286 [Forwarding maximizeCurrentWindow on session 93115c0f3c055b931c8cb1011d92e872 to remote] DEBUG org.asynchttpclient.netty.request.NettyRequestSender - Using pooled Channel '[id: 0x1d90d9ea, L:/127.0.0.1:60446 - R:localhost/127.0.0.1:50096]' for 'POST' to 'http://localhost:50096/session/93115c0f3c055b931c8cb1011d92e872/window/maximize'
16:11:29.286 [Forwarding maximizeCurrentWindow on session 93115c0f3c055b931c8cb1011d92e872 to remote] DEBUG org.asynchttpclient.netty.request.NettyRequestSender - Using open Channel [id: 0x1d90d9ea, L:/127.0.0.1:60446 - R:localhost/127.0.0.1:50096] for POST '/session/93115c0f3c055b931c8cb1011d92e872/window/maximize'
16:11:29.837 [AsyncHttpClient-1-4] DEBUG org.asynchttpclient.netty.handler.HttpHandler - 

Request DefaultHttpRequest(decodeResult: success, version: HTTP/1.1)
POST /session/93115c0f3c055b931c8cb1011d92e872/window/maximize HTTP/1.1
User-Agent: selenium/4.1.2 (java windows)
Content-Length: 3
Content-Type: application/json; charset=utf-8
host: localhost:50096
accept: */*

Response DefaultHttpResponse(decodeResult: success, version: HTTP/1.1)
HTTP/1.1 200 OK
Content-Type: application/json; charset=utf-8
cache-control: no-cache
content-length: 51

16:11:29.837 [AsyncHttpClient-1-4] DEBUG org.asynchttpclient.netty.channel.ChannelManager - Adding key: http://localhost:50096 for channel [id: 0x1d90d9ea, L:/127.0.0.1:60446 - R:localhost/127.0.0.1:50096]
16:11:29.840 [Forwarding get on session 93115c0f3c055b931c8cb1011d92e872 to remote] DEBUG org.asynchttpclient.netty.request.NettyRequestSender - Using pooled Channel '[id: 0x1d90d9ea, L:/127.0.0.1:60446 - R:localhost/127.0.0.1:50096]' for 'POST' to 'http://localhost:50096/session/93115c0f3c055b931c8cb1011d92e872/url'
16:11:29.841 [Forwarding get on session 93115c0f3c055b931c8cb1011d92e872 to remote] DEBUG org.asynchttpclient.netty.request.NettyRequestSender - Using open Channel [id: 0x1d90d9ea, L:/127.0.0.1:60446 - R:localhost/127.0.0.1:50096] for POST '/session/93115c0f3c055b931c8cb1011d92e872/url'
16:11:30.146 [AsyncHttpClient-1-1] DEBUG org.asynchttpclient.netty.channel.DefaultChannelPool - Entry count for : http://localhost:60447 : 1
16:11:31.237 [AsyncHttpClient-1-1] DEBUG org.asynchttpclient.netty.channel.DefaultChannelPool - Entry count for : http://localhost:60447 : 1
16:11:31.546 [AsyncHttpClient-1-4] DEBUG org.asynchttpclient.netty.handler.HttpHandler - 

Request DefaultHttpRequest(decodeResult: success, version: HTTP/1.1)
POST /session/93115c0f3c055b931c8cb1011d92e872/url HTTP/1.1
User-Agent: selenium/4.1.2 (java windows)
Content-Length: 67
Content-Type: application/json; charset=utf-8
host: localhost:50096
accept: */*

Response DefaultHttpResponse(decodeResult: success, version: HTTP/1.1)
HTTP/1.1 200 OK
Content-Type: application/json; charset=utf-8
cache-control: no-cache
content-length: 14

16:11:31.546 [AsyncHttpClient-1-4] DEBUG org.asynchttpclient.netty.channel.ChannelManager - Adding key: http://localhost:50096 for channel [id: 0x1d90d9ea, L:/127.0.0.1:60446 - R:localhost/127.0.0.1:50096]
16:11:31.549 [Forwarding setTimeout on session 93115c0f3c055b931c8cb1011d92e872 to remote] DEBUG org.asynchttpclient.netty.request.NettyRequestSender - Using pooled Channel '[id: 0x1d90d9ea, L:/127.0.0.1:60446 - R:localhost/127.0.0.1:50096]' for 'POST' to 'http://localhost:50096/session/93115c0f3c055b931c8cb1011d92e872/timeouts'
16:11:31.549 [Forwarding setTimeout on session 93115c0f3c055b931c8cb1011d92e872 to remote] DEBUG org.asynchttpclient.netty.request.NettyRequestSender - Using open Channel [id: 0x1d90d9ea, L:/127.0.0.1:60446 - R:localhost/127.0.0.1:50096] for POST '/session/93115c0f3c055b931c8cb1011d92e872/timeouts'
16:11:31.551 [AsyncHttpClient-1-4] DEBUG org.asynchttpclient.netty.handler.HttpHandler - 

Request DefaultHttpRequest(decodeResult: success, version: HTTP/1.1)
POST /session/93115c0f3c055b931c8cb1011d92e872/timeouts HTTP/1.1
User-Agent: selenium/4.1.2 (java windows)
Content-Length: 22
Content-Type: application/json; charset=utf-8
host: localhost:50096
accept: */*

Response DefaultHttpResponse(decodeResult: success, version: HTTP/1.1)
HTTP/1.1 200 OK
Content-Type: application/json; charset=utf-8
cache-control: no-cache
content-length: 14

16:11:31.551 [AsyncHttpClient-1-4] DEBUG org.asynchttpclient.netty.channel.ChannelManager - Adding key: http://localhost:50096 for channel [id: 0x1d90d9ea, L:/127.0.0.1:60446 - R:localhost/127.0.0.1:50096]
16:11:31.556 [Forwarding getCurrentUrl on session 93115c0f3c055b931c8cb1011d92e872 to remote] DEBUG org.asynchttpclient.netty.request.NettyRequestSender - Using pooled Channel '[id: 0x1d90d9ea, L:/127.0.0.1:60446 - R:localhost/127.0.0.1:50096]' for 'GET' to 'http://localhost:50096/session/93115c0f3c055b931c8cb1011d92e872/url'
16:11:31.556 [Forwarding getCurrentUrl on session 93115c0f3c055b931c8cb1011d92e872 to remote] DEBUG org.asynchttpclient.netty.request.NettyRequestSender - Using open Channel [id: 0x1d90d9ea, L:/127.0.0.1:60446 - R:localhost/127.0.0.1:50096] for GET '/session/93115c0f3c055b931c8cb1011d92e872/url'
16:11:31.567 [AsyncHttpClient-1-4] DEBUG org.asynchttpclient.netty.handler.HttpHandler - 

Request DefaultFullHttpRequest(decodeResult: success, version: HTTP/1.1, content: EmptyByteBufBE)
GET /session/93115c0f3c055b931c8cb1011d92e872/url HTTP/1.1
User-Agent: selenium/4.1.2 (java windows)
Cache-Control: no-cache
Content-Type: application/json; charset=utf-8
host: localhost:50096
accept: */*

Response DefaultHttpResponse(decodeResult: success, version: HTTP/1.1)
HTTP/1.1 200 OK
Content-Type: application/json; charset=utf-8
cache-control: no-cache
content-length: 44

16:11:31.567 [AsyncHttpClient-1-4] DEBUG org.asynchttpclient.netty.channel.ChannelManager - Adding key: http://localhost:50096 for channel [id: 0x1d90d9ea, L:/127.0.0.1:60446 - R:localhost/127.0.0.1:50096]
16:11:31.578 [main] DEBUG net.serenitybdd.core.photography.Darkroom - Opening darkroom
16:11:31.599 [Forwarding screenshot on session 93115c0f3c055b931c8cb1011d92e872 to remote] DEBUG org.asynchttpclient.netty.request.NettyRequestSender - Using pooled Channel '[id: 0x1d90d9ea, L:/127.0.0.1:60446 - R:localhost/127.0.0.1:50096]' for 'GET' to 'http://localhost:50096/session/93115c0f3c055b931c8cb1011d92e872/screenshot'
16:11:31.599 [Forwarding screenshot on session 93115c0f3c055b931c8cb1011d92e872 to remote] DEBUG org.asynchttpclient.netty.request.NettyRequestSender - Using open Channel [id: 0x1d90d9ea, L:/127.0.0.1:60446 - R:localhost/127.0.0.1:50096] for GET '/session/93115c0f3c055b931c8cb1011d92e872/screenshot'
16:11:31.722 [Darkroom Processing Line] DEBUG net.serenitybdd.core.photography.DarkroomProcessingLine - Darkroom processing line starting up
16:11:32.341 [AsyncHttpClient-1-1] DEBUG org.asynchttpclient.netty.channel.DefaultChannelPool - Entry count for : http://localhost:60447 : 1
16:11:32.342 [AsyncHttpClient-1-4] DEBUG org.asynchttpclient.netty.handler.HttpHandler - 

Request DefaultFullHttpRequest(decodeResult: success, version: HTTP/1.1, content: EmptyByteBufBE)
GET /session/93115c0f3c055b931c8cb1011d92e872/screenshot HTTP/1.1
User-Agent: selenium/4.1.2 (java windows)
Cache-Control: no-cache
Content-Type: application/json; charset=utf-8
host: localhost:50096
accept: */*

Response DefaultHttpResponse(decodeResult: success, version: HTTP/1.1)
HTTP/1.1 200 OK
Content-Type: application/json; charset=utf-8
cache-control: no-cache
content-length: 30072

16:11:32.342 [AsyncHttpClient-1-4] DEBUG org.asynchttpclient.netty.channel.ChannelManager - Adding key: http://localhost:50096 for channel [id: 0x1d90d9ea, L:/127.0.0.1:60446 - R:localhost/127.0.0.1:50096]
16:11:32.345 [main] DEBUG net.serenitybdd.core.photography.Darkroom - Send negative for processing for target\site\serenity\c90d416f89a57edc1d87ebe5454e02f8b3ea83905edd389a5c97ffd3bf9e7a49.png
16:11:32.345 [main] DEBUG net.thucydides.core.steps.StepInterceptor - STEP DONE: openRegisURL
  &amp#27;[32mGiven &amp#27;[0m&amp#27;[32mI am on register page&amp#27;[0m      &amp#27;[90m# starter.stepdefinitions.RegisterSteps.onRegisterPage()&amp#27;[0m
16:11:32.346 [Darkroom Processing Line] DEBUG net.serenitybdd.core.photography.DarkroomProcessingLine - Processing screenshot image in /var/screenshots/screenshot-6854764150606339774
16:11:32.346 [Darkroom Processing Line] DEBUG net.serenitybdd.core.photography.DarkroomProcessingLine - Saving screenshot to target\site\serenity\c90d416f89a57edc1d87ebe5454e02f8b3ea83905edd389a5c97ffd3bf9e7a49.png
16:11:32.370 [main] DEBUG net.thucydides.core.steps.StepInterceptor - STARTING STEP: RegisterSteps.inputNamaLengkap - inputNamaLengkap
16:11:32.378 [Forwarding findElement on session 93115c0f3c055b931c8cb1011d92e872 to remote] DEBUG org.asynchttpclient.netty.request.NettyRequestSender - Using pooled Channel '[id: 0x1d90d9ea, L:/127.0.0.1:60446 - R:localhost/127.0.0.1:50096]' for 'POST' to 'http://localhost:50096/session/93115c0f3c055b931c8cb1011d92e872/element'
16:11:32.378 [Forwarding findElement on session 93115c0f3c055b931c8cb1011d92e872 to remote] DEBUG org.asynchttpclient.netty.request.NettyRequestSender - Using open Channel [id: 0x1d90d9ea, L:/127.0.0.1:60446 - R:localhost/127.0.0.1:50096] for POST '/session/93115c0f3c055b931c8cb1011d92e872/element'
16:11:32.420 [AsyncHttpClient-1-4] DEBUG org.asynchttpclient.netty.handler.HttpHandler - 

Request DefaultHttpRequest(decodeResult: success, version: HTTP/1.1)
POST /session/93115c0f3c055b931c8cb1011d92e872/element HTTP/1.1
User-Agent: selenium/4.1.2 (java windows)
Content-Length: 93
Content-Type: application/json; charset=utf-8
host: localhost:50096
accept: */*

Response DefaultHttpResponse(decodeResult: success, version: HTTP/1.1)
HTTP/1.1 200 OK
Content-Type: application/json; charset=utf-8
cache-control: no-cache
content-length: 88

16:11:32.420 [AsyncHttpClient-1-4] DEBUG org.asynchttpclient.netty.channel.ChannelManager - Adding key: http://localhost:50096 for channel [id: 0x1d90d9ea, L:/127.0.0.1:60446 - R:localhost/127.0.0.1:50096]
16:11:32.422 [Forwarding clearElement on session 93115c0f3c055b931c8cb1011d92e872 to remote] DEBUG org.asynchttpclient.netty.request.NettyRequestSender - Using pooled Channel '[id: 0x1d90d9ea, L:/127.0.0.1:60446 - R:localhost/127.0.0.1:50096]' for 'POST' to 'http://localhost:50096/session/93115c0f3c055b931c8cb1011d92e872/element/bad93bb8-035e-4884-990a-43e1f7ee6e87/clear'
16:11:32.422 [Forwarding clearElement on session 93115c0f3c055b931c8cb1011d92e872 to remote] DEBUG org.asynchttpclient.netty.request.NettyRequestSender - Using open Channel [id: 0x1d90d9ea, L:/127.0.0.1:60446 - R:localhost/127.0.0.1:50096] for POST '/session/93115c0f3c055b931c8cb1011d92e872/element/bad93bb8-035e-4884-990a-43e1f7ee6e87/clear'
16:11:32.486 [AsyncHttpClient-1-4] DEBUG org.asynchttpclient.netty.handler.HttpHandler - 

Request DefaultHttpRequest(decodeResult: success, version: HTTP/1.1)
POST /session/93115c0f3c055b931c8cb1011d92e872/element/bad93bb8-035e-4884-990a-43e1f7ee6e87/clear HTTP/1.1
User-Agent: selenium/4.1.2 (java windows)
Content-Length: 50
Content-Type: application/json; charset=utf-8
host: localhost:50096
accept: */*

Response DefaultHttpResponse(decodeResult: success, version: HTTP/1.1)
HTTP/1.1 200 OK
Content-Type: application/json; charset=utf-8
cache-control: no-cache
content-length: 14

16:11:32.486 [AsyncHttpClient-1-4] DEBUG org.asynchttpclient.netty.channel.ChannelManager - Adding key: http://localhost:50096 for channel [id: 0x1d90d9ea, L:/127.0.0.1:60446 - R:localhost/127.0.0.1:50096]
16:11:32.488 [Forwarding sendKeysToElement on session 93115c0f3c055b931c8cb1011d92e872 to remote] DEBUG org.asynchttpclient.netty.request.NettyRequestSender - Using pooled Channel '[id: 0x1d90d9ea, L:/127.0.0.1:60446 - R:localhost/127.0.0.1:50096]' for 'POST' to 'http://localhost:50096/session/93115c0f3c055b931c8cb1011d92e872/element/bad93bb8-035e-4884-990a-43e1f7ee6e87/value'
16:11:32.488 [Forwarding sendKeysToElement on session 93115c0f3c055b931c8cb1011d92e872 to remote] DEBUG org.asynchttpclient.netty.request.NettyRequestSender - Using open Channel [id: 0x1d90d9ea, L:/127.0.0.1:60446 - R:localhost/127.0.0.1:50096] for POST '/session/93115c0f3c055b931c8cb1011d92e872/element/bad93bb8-035e-4884-990a-43e1f7ee6e87/value'
16:11:32.824 [AsyncHttpClient-1-4] DEBUG org.asynchttpclient.netty.handler.HttpHandler - 

Request DefaultHttpRequest(decodeResult: success, version: HTTP/1.1)
POST /session/93115c0f3c055b931c8cb1011d92e872/element/bad93bb8-035e-4884-990a-43e1f7ee6e87/value HTTP/1.1
User-Agent: selenium/4.1.2 (java windows)
Content-Length: 151
Content-Type: application/json; charset=utf-8
host: localhost:50096
accept: */*

Response DefaultHttpResponse(decodeResult: success, version: HTTP/1.1)
HTTP/1.1 200 OK
Content-Type: application/json; charset=utf-8
cache-control: no-cache
content-length: 14

16:11:32.825 [AsyncHttpClient-1-4] DEBUG org.asynchttpclient.netty.channel.ChannelManager - Adding key: http://localhost:50096 for channel [id: 0x1d90d9ea, L:/127.0.0.1:60446 - R:localhost/127.0.0.1:50096]
16:11:32.848 [Forwarding screenshot on session 93115c0f3c055b931c8cb1011d92e872 to remote] DEBUG org.asynchttpclient.netty.request.NettyRequestSender - Using pooled Channel '[id: 0x1d90d9ea, L:/127.0.0.1:60446 - R:localhost/127.0.0.1:50096]' for 'GET' to 'http://localhost:50096/session/93115c0f3c055b931c8cb1011d92e872/screenshot'
16:11:32.848 [Forwarding screenshot on session 93115c0f3c055b931c8cb1011d92e872 to remote] DEBUG org.asynchttpclient.netty.request.NettyRequestSender - Using open Channel [id: 0x1d90d9ea, L:/127.0.0.1:60446 - R:localhost/127.0.0.1:50096] for GET '/session/93115c0f3c055b931c8cb1011d92e872/screenshot'
16:11:33.140 [AsyncHttpClient-1-4] DEBUG org.asynchttpclient.netty.handler.HttpHandler - 

Request DefaultFullHttpRequest(decodeResult: success, version: HTTP/1.1, content: EmptyByteBufBE)
GET /session/93115c0f3c055b931c8cb1011d92e872/screenshot HTTP/1.1
User-Agent: selenium/4.1.2 (java windows)
Cache-Control: no-cache
Content-Type: application/json; charset=utf-8
host: localhost:50096
accept: */*

Response DefaultHttpResponse(decodeResult: success, version: HTTP/1.1)
HTTP/1.1 200 OK
Content-Type: application/json; charset=utf-8
cache-control: no-cache
content-length: 30068

16:11:33.141 [AsyncHttpClient-1-4] DEBUG org.asynchttpclient.netty.channel.ChannelManager - Adding key: http://localhost:50096 for channel [id: 0x1d90d9ea, L:/127.0.0.1:60446 - R:localhost/127.0.0.1:50096]
16:11:33.146 [main] DEBUG net.serenitybdd.core.photography.Darkroom - Send negative for processing for target\site\serenity\68f841dbe84798f979751dec2f6b25374697a0ebc7282964480f30de4988b338.png
16:11:33.147 [main] DEBUG net.thucydides.core.steps.StepInterceptor - STEP DONE: inputNamaLengkap
  &amp#27;[32mWhen &amp#27;[0m&amp#27;[32mI input fullname &amp#27;[0m&amp#27;[32m&amp#27;[1m"Inggrit"&amp#27;[0m  &amp#27;[90m# starter.stepdefinitions.RegisterSteps.inputNamaLengkap(java.lang.String)&amp#27;[0m
16:11:33.148 [Darkroom Processing Line] DEBUG net.serenitybdd.core.photography.DarkroomProcessingLine - Processing screenshot image in /var/screenshots/screenshot-7735838884340099906
16:11:33.148 [Darkroom Processing Line] DEBUG net.serenitybdd.core.photography.DarkroomProcessingLine - Saving screenshot to target\site\serenity\68f841dbe84798f979751dec2f6b25374697a0ebc7282964480f30de4988b338.png
16:11:33.175 [main] DEBUG net.thucydides.core.steps.StepInterceptor - STARTING STEP: RegisterSteps.iInputEmail - inputEmailForRegist
16:11:33.180 [Forwarding findElement on session 93115c0f3c055b931c8cb1011d92e872 to remote] DEBUG org.asynchttpclient.netty.request.NettyRequestSender - Using pooled Channel '[id: 0x1d90d9ea, L:/127.0.0.1:60446 - R:localhost/127.0.0.1:50096]' for 'POST' to 'http://localhost:50096/session/93115c0f3c055b931c8cb1011d92e872/element'
16:11:33.180 [Forwarding findElement on session 93115c0f3c055b931c8cb1011d92e872 to remote] DEBUG org.asynchttpclient.netty.request.NettyRequestSender - Using open Channel [id: 0x1d90d9ea, L:/127.0.0.1:60446 - R:localhost/127.0.0.1:50096] for POST '/session/93115c0f3c055b931c8cb1011d92e872/element'
16:11:33.204 [AsyncHttpClient-1-4] DEBUG org.asynchttpclient.netty.handler.HttpHandler - 

Request DefaultHttpRequest(decodeResult: success, version: HTTP/1.1)
POST /session/93115c0f3c055b931c8cb1011d92e872/element HTTP/1.1
User-Agent: selenium/4.1.2 (java windows)
Content-Length: 86
Content-Type: application/json; charset=utf-8
host: localhost:50096
accept: */*

Response DefaultHttpResponse(decodeResult: success, version: HTTP/1.1)
HTTP/1.1 200 OK
Content-Type: application/json; charset=utf-8
cache-control: no-cache
content-length: 88

16:11:33.204 [AsyncHttpClient-1-4] DEBUG org.asynchttpclient.netty.channel.ChannelManager - Adding key: http://localhost:50096 for channel [id: 0x1d90d9ea, L:/127.0.0.1:60446 - R:localhost/127.0.0.1:50096]
16:11:33.206 [Forwarding clearElement on session 93115c0f3c055b931c8cb1011d92e872 to remote] DEBUG org.asynchttpclient.netty.request.NettyRequestSender - Using pooled Channel '[id: 0x1d90d9ea, L:/127.0.0.1:60446 - R:localhost/127.0.0.1:50096]' for 'POST' to 'http://localhost:50096/session/93115c0f3c055b931c8cb1011d92e872/element/5888ca77-3aa5-4b0e-a23d-045138e49bbe/clear'
16:11:33.206 [Forwarding clearElement on session 93115c0f3c055b931c8cb1011d92e872 to remote] DEBUG org.asynchttpclient.netty.request.NettyRequestSender - Using open Channel [id: 0x1d90d9ea, L:/127.0.0.1:60446 - R:localhost/127.0.0.1:50096] for POST '/session/93115c0f3c055b931c8cb1011d92e872/element/5888ca77-3aa5-4b0e-a23d-045138e49bbe/clear'
16:11:33.265 [AsyncHttpClient-1-4] DEBUG org.asynchttpclient.netty.handler.HttpHandler - 

Request DefaultHttpRequest(decodeResult: success, version: HTTP/1.1)
POST /session/93115c0f3c055b931c8cb1011d92e872/element/5888ca77-3aa5-4b0e-a23d-045138e49bbe/clear HTTP/1.1
User-Agent: selenium/4.1.2 (java windows)
Content-Length: 50
Content-Type: application/json; charset=utf-8
host: localhost:50096
accept: */*

Response DefaultHttpResponse(decodeResult: success, version: HTTP/1.1)
HTTP/1.1 200 OK
Content-Type: application/json; charset=utf-8
cache-control: no-cache
content-length: 14

16:11:33.265 [AsyncHttpClient-1-4] DEBUG org.asynchttpclient.netty.channel.ChannelManager - Adding key: http://localhost:50096 for channel [id: 0x1d90d9ea, L:/127.0.0.1:60446 - R:localhost/127.0.0.1:50096]
16:11:33.267 [Forwarding sendKeysToElement on session 93115c0f3c055b931c8cb1011d92e872 to remote] DEBUG org.asynchttpclient.netty.request.NettyRequestSender - Using pooled Channel '[id: 0x1d90d9ea, L:/127.0.0.1:60446 - R:localhost/127.0.0.1:50096]' for 'POST' to 'http://localhost:50096/session/93115c0f3c055b931c8cb1011d92e872/element/5888ca77-3aa5-4b0e-a23d-045138e49bbe/value'
16:11:33.267 [Forwarding sendKeysToElement on session 93115c0f3c055b931c8cb1011d92e872 to remote] DEBUG org.asynchttpclient.netty.request.NettyRequestSender - Using open Channel [id: 0x1d90d9ea, L:/127.0.0.1:60446 - R:localhost/127.0.0.1:50096] for POST '/session/93115c0f3c055b931c8cb1011d92e872/element/5888ca77-3aa5-4b0e-a23d-045138e49bbe/value'
16:11:33.464 [AsyncHttpClient-1-1] DEBUG org.asynchttpclient.netty.channel.DefaultChannelPool - Entry count for : http://localhost:60447 : 1
16:11:33.821 [AsyncHttpClient-1-4] DEBUG org.asynchttpclient.netty.handler.HttpHandler - 

Request DefaultHttpRequest(decodeResult: success, version: HTTP/1.1)
POST /session/93115c0f3c055b931c8cb1011d92e872/element/5888ca77-3aa5-4b0e-a23d-045138e49bbe/value HTTP/1.1
User-Agent: selenium/4.1.2 (java windows)
Content-Length: 301
Content-Type: application/json; charset=utf-8
host: localhost:50096
accept: */*

Response DefaultHttpResponse(decodeResult: success, version: HTTP/1.1)
HTTP/1.1 200 OK
Content-Type: application/json; charset=utf-8
cache-control: no-cache
content-length: 14

16:11:33.821 [AsyncHttpClient-1-4] DEBUG org.asynchttpclient.netty.channel.ChannelManager - Adding key: http://localhost:50096 for channel [id: 0x1d90d9ea, L:/127.0.0.1:60446 - R:localhost/127.0.0.1:50096]
16:11:33.838 [Forwarding screenshot on session 93115c0f3c055b931c8cb1011d92e872 to remote] DEBUG org.asynchttpclient.netty.request.NettyRequestSender - Using pooled Channel '[id: 0x1d90d9ea, L:/127.0.0.1:60446 - R:localhost/127.0.0.1:50096]' for 'GET' to 'http://localhost:50096/session/93115c0f3c055b931c8cb1011d92e872/screenshot'
16:11:33.838 [Forwarding screenshot on session 93115c0f3c055b931c8cb1011d92e872 to remote] DEBUG org.asynchttpclient.netty.request.NettyRequestSender - Using open Channel [id: 0x1d90d9ea, L:/127.0.0.1:60446 - R:localhost/127.0.0.1:50096] for GET '/session/93115c0f3c055b931c8cb1011d92e872/screenshot'
16:11:34.109 [AsyncHttpClient-1-4] DEBUG org.asynchttpclient.netty.handler.HttpHandler - 

Request DefaultFullHttpRequest(decodeResult: success, version: HTTP/1.1, content: EmptyByteBufBE)
GET /session/93115c0f3c055b931c8cb1011d92e872/screenshot HTTP/1.1
User-Agent: selenium/4.1.2 (java windows)
Cache-Control: no-cache
Content-Type: application/json; charset=utf-8
host: localhost:50096
accept: */*

Response DefaultHttpResponse(decodeResult: success, version: HTTP/1.1)
HTTP/1.1 200 OK
Content-Type: application/json; charset=utf-8
cache-control: no-cache
content-length: 35104

16:11:34.110 [AsyncHttpClient-1-4] DEBUG org.asynchttpclient.netty.channel.ChannelManager - Adding key: http://localhost:50096 for channel [id: 0x1d90d9ea, L:/127.0.0.1:60446 - R:localhost/127.0.0.1:50096]
16:11:34.113 [main] DEBUG net.serenitybdd.core.photography.Darkroom - Send negative for processing for target\site\serenity\bf9f89ed9f08587167900d322ba32f41180901d0c4b77c2eabb3fd9df05d49b8.png
16:11:34.113 [main] DEBUG net.thucydides.core.steps.StepInterceptor - STEP DONE: inputEmailForRegist
  &amp#27;[32mAnd &amp#27;[0m&amp#27;[32mI input email &amp#27;[0m&amp#27;[32m&amp#27;[1m"new"&amp#27;[0m          &amp#27;[90m# starter.stepdefinitions.RegisterSteps.iInputEmail(java.lang.String)&amp#27;[0m
16:11:34.114 [Darkroom Processing Line] DEBUG net.serenitybdd.core.photography.DarkroomProcessingLine - Processing screenshot image in /var/screenshots/screenshot-13220851946379940617
16:11:34.114 [Darkroom Processing Line] DEBUG net.serenitybdd.core.photography.DarkroomProcessingLine - Saving screenshot to target\site\serenity\bf9f89ed9f08587167900d322ba32f41180901d0c4b77c2eabb3fd9df05d49b8.png
16:11:34.152 [main] DEBUG net.thucydides.core.steps.StepInterceptor - STARTING STEP: RegisterSteps.inputPass - inputPassForRegist
16:11:34.157 [Forwarding findElement on session 93115c0f3c055b931c8cb1011d92e872 to remote] DEBUG org.asynchttpclient.netty.request.NettyRequestSender - Using pooled Channel '[id: 0x1d90d9ea, L:/127.0.0.1:60446 - R:localhost/127.0.0.1:50096]' for 'POST' to 'http://localhost:50096/session/93115c0f3c055b931c8cb1011d92e872/element'
16:11:34.157 [Forwarding findElement on session 93115c0f3c055b931c8cb1011d92e872 to remote] DEBUG org.asynchttpclient.netty.request.NettyRequestSender - Using open Channel [id: 0x1d90d9ea, L:/127.0.0.1:60446 - R:localhost/127.0.0.1:50096] for POST '/session/93115c0f3c055b931c8cb1011d92e872/element'
16:11:34.185 [AsyncHttpClient-1-4] DEBUG org.asynchttpclient.netty.handler.HttpHandler - 

Request DefaultHttpRequest(decodeResult: success, version: HTTP/1.1)
POST /session/93115c0f3c055b931c8cb1011d92e872/element HTTP/1.1
User-Agent: selenium/4.1.2 (java windows)
Content-Length: 89
Content-Type: application/json; charset=utf-8
host: localhost:50096
accept: */*

Response DefaultHttpResponse(decodeResult: success, version: HTTP/1.1)
HTTP/1.1 200 OK
Content-Type: application/json; charset=utf-8
cache-control: no-cache
content-length: 88

16:11:34.186 [AsyncHttpClient-1-4] DEBUG org.asynchttpclient.netty.channel.ChannelManager - Adding key: http://localhost:50096 for channel [id: 0x1d90d9ea, L:/127.0.0.1:60446 - R:localhost/127.0.0.1:50096]
16:11:34.187 [Forwarding clearElement on session 93115c0f3c055b931c8cb1011d92e872 to remote] DEBUG org.asynchttpclient.netty.request.NettyRequestSender - Using pooled Channel '[id: 0x1d90d9ea, L:/127.0.0.1:60446 - R:localhost/127.0.0.1:50096]' for 'POST' to 'http://localhost:50096/session/93115c0f3c055b931c8cb1011d92e872/element/631ba320-6bbd-4a82-851c-8d0d0968e7d5/clear'
16:11:34.187 [Forwarding clearElement on session 93115c0f3c055b931c8cb1011d92e872 to remote] DEBUG org.asynchttpclient.netty.request.NettyRequestSender - Using open Channel [id: 0x1d90d9ea, L:/127.0.0.1:60446 - R:localhost/127.0.0.1:50096] for POST '/session/93115c0f3c055b931c8cb1011d92e872/element/631ba320-6bbd-4a82-851c-8d0d0968e7d5/clear'
16:11:34.270 [AsyncHttpClient-1-4] DEBUG org.asynchttpclient.netty.handler.HttpHandler - 

Request DefaultHttpRequest(decodeResult: success, version: HTTP/1.1)
POST /session/93115c0f3c055b931c8cb1011d92e872/element/631ba320-6bbd-4a82-851c-8d0d0968e7d5/clear HTTP/1.1
User-Agent: selenium/4.1.2 (java windows)
Content-Length: 50
Content-Type: application/json; charset=utf-8
host: localhost:50096
accept: */*

Response DefaultHttpResponse(decodeResult: success, version: HTTP/1.1)
HTTP/1.1 200 OK
Content-Type: application/json; charset=utf-8
cache-control: no-cache
content-length: 14

16:11:34.270 [AsyncHttpClient-1-4] DEBUG org.asynchttpclient.netty.channel.ChannelManager - Adding key: http://localhost:50096 for channel [id: 0x1d90d9ea, L:/127.0.0.1:60446 - R:localhost/127.0.0.1:50096]
16:11:34.277 [Forwarding sendKeysToElement on session 93115c0f3c055b931c8cb1011d92e872 to remote] DEBUG org.asynchttpclient.netty.request.NettyRequestSender - Using pooled Channel '[id: 0x1d90d9ea, L:/127.0.0.1:60446 - R:localhost/127.0.0.1:50096]' for 'POST' to 'http://localhost:50096/session/93115c0f3c055b931c8cb1011d92e872/element/631ba320-6bbd-4a82-851c-8d0d0968e7d5/value'
16:11:34.277 [Forwarding sendKeysToElement on session 93115c0f3c055b931c8cb1011d92e872 to remote] DEBUG org.asynchttpclient.netty.request.NettyRequestSender - Using open Channel [id: 0x1d90d9ea, L:/127.0.0.1:60446 - R:localhost/127.0.0.1:50096] for POST '/session/93115c0f3c055b931c8cb1011d92e872/element/631ba320-6bbd-4a82-851c-8d0d0968e7d5/value'
16:11:34.542 [AsyncHttpClient-1-1] DEBUG org.asynchttpclient.netty.channel.DefaultChannelPool - Entry count for : http://localhost:60447 : 1
16:11:34.703 [AsyncHttpClient-1-4] DEBUG org.asynchttpclient.netty.handler.HttpHandler - 

Request DefaultHttpRequest(decodeResult: success, version: HTTP/1.1)
POST /session/93115c0f3c055b931c8cb1011d92e872/element/631ba320-6bbd-4a82-851c-8d0d0968e7d5/value HTTP/1.1
User-Agent: selenium/4.1.2 (java windows)
Content-Length: 211
Content-Type: application/json; charset=utf-8
host: localhost:50096
accept: */*

Response DefaultHttpResponse(decodeResult: success, version: HTTP/1.1)
HTTP/1.1 200 OK
Content-Type: application/json; charset=utf-8
cache-control: no-cache
content-length: 14

16:11:34.704 [AsyncHttpClient-1-4] DEBUG org.asynchttpclient.netty.channel.ChannelManager - Adding key: http://localhost:50096 for channel [id: 0x1d90d9ea, L:/127.0.0.1:60446 - R:localhost/127.0.0.1:50096]
16:11:34.721 [Forwarding screenshot on session 93115c0f3c055b931c8cb1011d92e872 to remote] DEBUG org.asynchttpclient.netty.request.NettyRequestSender - Using pooled Channel '[id: 0x1d90d9ea, L:/127.0.0.1:60446 - R:localhost/127.0.0.1:50096]' for 'GET' to 'http://localhost:50096/session/93115c0f3c055b931c8cb1011d92e872/screenshot'
16:11:34.721 [Forwarding screenshot on session 93115c0f3c055b931c8cb1011d92e872 to remote] DEBUG org.asynchttpclient.netty.request.NettyRequestSender - Using open Channel [id: 0x1d90d9ea, L:/127.0.0.1:60446 - R:localhost/127.0.0.1:50096] for GET '/session/93115c0f3c055b931c8cb1011d92e872/screenshot'
16:11:35.002 [AsyncHttpClient-1-4] DEBUG org.asynchttpclient.netty.handler.HttpHandler - 

Request DefaultFullHttpRequest(decodeResult: success, version: HTTP/1.1, content: EmptyByteBufBE)
GET /session/93115c0f3c055b931c8cb1011d92e872/screenshot HTTP/1.1
User-Agent: selenium/4.1.2 (java windows)
Cache-Control: no-cache
Content-Type: application/json; charset=utf-8
host: localhost:50096
accept: */*

Response DefaultHttpResponse(decodeResult: success, version: HTTP/1.1)
HTTP/1.1 200 OK
Content-Type: application/json; charset=utf-8
cache-control: no-cache
content-length: 38092

16:11:35.003 [AsyncHttpClient-1-4] DEBUG org.asynchttpclient.netty.channel.ChannelManager - Adding key: http://localhost:50096 for channel [id: 0x1d90d9ea, L:/127.0.0.1:60446 - R:localhost/127.0.0.1:50096]
16:11:35.005 [main] DEBUG net.serenitybdd.core.photography.Darkroom - Send negative for processing for target\site\serenity\f76ca6e18b1303fb24b5ffd9fdc4030cc11728b2501252e78da1931f3f6bbad9.png
16:11:35.006 [main] DEBUG net.thucydides.core.steps.StepInterceptor - STEP DONE: inputPassForRegist
  &amp#27;[32mAnd &amp#27;[0m&amp#27;[32mI input pass &amp#27;[0m&amp#27;[32m&amp#27;[1m"Rosieeposie45"&amp#27;[0m &amp#27;[90m# starter.stepdefinitions.RegisterSteps.inputPass(java.lang.String)&amp#27;[0m
16:11:35.006 [Darkroom Processing Line] DEBUG net.serenitybdd.core.photography.DarkroomProcessingLine - Processing screenshot image in /var/screenshots/screenshot-16920139185248461286
16:11:35.006 [Darkroom Processing Line] DEBUG net.serenitybdd.core.photography.DarkroomProcessingLine - Saving screenshot to target\site\serenity\f76ca6e18b1303fb24b5ffd9fdc4030cc11728b2501252e78da1931f3f6bbad9.png
16:11:35.036 [main] DEBUG net.thucydides.core.steps.StepInterceptor - STARTING STEP: RegisterSteps.clickRegisterButton - clickRegisButton
16:11:35.040 [Forwarding findElement on session 93115c0f3c055b931c8cb1011d92e872 to remote] DEBUG org.asynchttpclient.netty.request.NettyRequestSender - Using pooled Channel '[id: 0x1d90d9ea, L:/127.0.0.1:60446 - R:localhost/127.0.0.1:50096]' for 'POST' to 'http://localhost:50096/session/93115c0f3c055b931c8cb1011d92e872/element'
16:11:35.040 [Forwarding findElement on session 93115c0f3c055b931c8cb1011d92e872 to remote] DEBUG org.asynchttpclient.netty.request.NettyRequestSender - Using open Channel [id: 0x1d90d9ea, L:/127.0.0.1:60446 - R:localhost/127.0.0.1:50096] for POST '/session/93115c0f3c055b931c8cb1011d92e872/element'
16:11:35.062 [AsyncHttpClient-1-4] DEBUG org.asynchttpclient.netty.handler.HttpHandler - 

Request DefaultHttpRequest(decodeResult: success, version: HTTP/1.1)
POST /session/93115c0f3c055b931c8cb1011d92e872/element HTTP/1.1
User-Agent: selenium/4.1.2 (java windows)
Content-Length: 138
Content-Type: application/json; charset=utf-8
host: localhost:50096
accept: */*

Response DefaultHttpResponse(decodeResult: success, version: HTTP/1.1)
HTTP/1.1 200 OK
Content-Type: application/json; charset=utf-8
cache-control: no-cache
content-length: 88

16:11:35.062 [AsyncHttpClient-1-4] DEBUG org.asynchttpclient.netty.channel.ChannelManager - Adding key: http://localhost:50096 for channel [id: 0x1d90d9ea, L:/127.0.0.1:60446 - R:localhost/127.0.0.1:50096]
16:11:35.064 [Forwarding getElementTagName on session 93115c0f3c055b931c8cb1011d92e872 to remote] DEBUG org.asynchttpclient.netty.request.NettyRequestSender - Using pooled Channel '[id: 0x1d90d9ea, L:/127.0.0.1:60446 - R:localhost/127.0.0.1:50096]' for 'GET' to 'http://localhost:50096/session/93115c0f3c055b931c8cb1011d92e872/element/578661b4-bda3-4256-b396-3f90518a3e3c/name'
16:11:35.065 [Forwarding getElementTagName on session 93115c0f3c055b931c8cb1011d92e872 to remote] DEBUG org.asynchttpclient.netty.request.NettyRequestSender - Using open Channel [id: 0x1d90d9ea, L:/127.0.0.1:60446 - R:localhost/127.0.0.1:50096] for GET '/session/93115c0f3c055b931c8cb1011d92e872/element/578661b4-bda3-4256-b396-3f90518a3e3c/name'
16:11:35.073 [AsyncHttpClient-1-4] DEBUG org.asynchttpclient.netty.handler.HttpHandler - 

Request DefaultFullHttpRequest(decodeResult: success, version: HTTP/1.1, content: EmptyByteBufBE)
GET /session/93115c0f3c055b931c8cb1011d92e872/element/578661b4-bda3-4256-b396-3f90518a3e3c/name HTTP/1.1
User-Agent: selenium/4.1.2 (java windows)
Cache-Control: no-cache
Content-Type: application/json; charset=utf-8
host: localhost:50096
accept: */*

Response DefaultHttpResponse(decodeResult: success, version: HTTP/1.1)
HTTP/1.1 200 OK
Content-Type: application/json; charset=utf-8
cache-control: no-cache
content-length: 18

16:11:35.073 [AsyncHttpClient-1-4] DEBUG org.asynchttpclient.netty.channel.ChannelManager - Adding key: http://localhost:50096 for channel [id: 0x1d90d9ea, L:/127.0.0.1:60446 - R:localhost/127.0.0.1:50096]
16:11:35.077 [Forwarding getElementTagName on session 93115c0f3c055b931c8cb1011d92e872 to remote] DEBUG org.asynchttpclient.netty.request.NettyRequestSender - Using pooled Channel '[id: 0x1d90d9ea, L:/127.0.0.1:60446 - R:localhost/127.0.0.1:50096]' for 'GET' to 'http://localhost:50096/session/93115c0f3c055b931c8cb1011d92e872/element/578661b4-bda3-4256-b396-3f90518a3e3c/name'
16:11:35.077 [Forwarding getElementTagName on session 93115c0f3c055b931c8cb1011d92e872 to remote] DEBUG org.asynchttpclient.netty.request.NettyRequestSender - Using open Channel [id: 0x1d90d9ea, L:/127.0.0.1:60446 - R:localhost/127.0.0.1:50096] for GET '/session/93115c0f3c055b931c8cb1011d92e872/element/578661b4-bda3-4256-b396-3f90518a3e3c/name'
16:11:35.086 [AsyncHttpClient-1-4] DEBUG org.asynchttpclient.netty.handler.HttpHandler - 

Request DefaultFullHttpRequest(decodeResult: success, version: HTTP/1.1, content: EmptyByteBufBE)
GET /session/93115c0f3c055b931c8cb1011d92e872/element/578661b4-bda3-4256-b396-3f90518a3e3c/name HTTP/1.1
User-Agent: selenium/4.1.2 (java windows)
Cache-Control: no-cache
Content-Type: application/json; charset=utf-8
host: localhost:50096
accept: */*

Response DefaultHttpResponse(decodeResult: success, version: HTTP/1.1)
HTTP/1.1 200 OK
Content-Type: application/json; charset=utf-8
cache-control: no-cache
content-length: 18

16:11:35.086 [AsyncHttpClient-1-4] DEBUG org.asynchttpclient.netty.channel.ChannelManager - Adding key: http://localhost:50096 for channel [id: 0x1d90d9ea, L:/127.0.0.1:60446 - R:localhost/127.0.0.1:50096]
16:11:35.090 [Forwarding isElementEnabled on session 93115c0f3c055b931c8cb1011d92e872 to remote] DEBUG org.asynchttpclient.netty.request.NettyRequestSender - Using pooled Channel '[id: 0x1d90d9ea, L:/127.0.0.1:60446 - R:localhost/127.0.0.1:50096]' for 'GET' to 'http://localhost:50096/session/93115c0f3c055b931c8cb1011d92e872/element/578661b4-bda3-4256-b396-3f90518a3e3c/enabled'
16:11:35.090 [Forwarding isElementEnabled on session 93115c0f3c055b931c8cb1011d92e872 to remote] DEBUG org.asynchttpclient.netty.request.NettyRequestSender - Using open Channel [id: 0x1d90d9ea, L:/127.0.0.1:60446 - R:localhost/127.0.0.1:50096] for GET '/session/93115c0f3c055b931c8cb1011d92e872/element/578661b4-bda3-4256-b396-3f90518a3e3c/enabled'
16:11:35.109 [AsyncHttpClient-1-4] DEBUG org.asynchttpclient.netty.handler.HttpHandler - 

Request DefaultFullHttpRequest(decodeResult: success, version: HTTP/1.1, content: EmptyByteBufBE)
GET /session/93115c0f3c055b931c8cb1011d92e872/element/578661b4-bda3-4256-b396-3f90518a3e3c/enabled HTTP/1.1
User-Agent: selenium/4.1.2 (java windows)
Cache-Control: no-cache
Content-Type: application/json; charset=utf-8
host: localhost:50096
accept: */*

Response DefaultHttpResponse(decodeResult: success, version: HTTP/1.1)
HTTP/1.1 200 OK
Content-Type: application/json; charset=utf-8
cache-control: no-cache
content-length: 14

16:11:35.109 [AsyncHttpClient-1-4] DEBUG org.asynchttpclient.netty.channel.ChannelManager - Adding key: http://localhost:50096 for channel [id: 0x1d90d9ea, L:/127.0.0.1:60446 - R:localhost/127.0.0.1:50096]
16:11:35.111 [Forwarding isElementEnabled on session 93115c0f3c055b931c8cb1011d92e872 to remote] DEBUG org.asynchttpclient.netty.request.NettyRequestSender - Using pooled Channel '[id: 0x1d90d9ea, L:/127.0.0.1:60446 - R:localhost/127.0.0.1:50096]' for 'GET' to 'http://localhost:50096/session/93115c0f3c055b931c8cb1011d92e872/element/578661b4-bda3-4256-b396-3f90518a3e3c/enabled'
16:11:35.111 [Forwarding isElementEnabled on session 93115c0f3c055b931c8cb1011d92e872 to remote] DEBUG org.asynchttpclient.netty.request.NettyRequestSender - Using open Channel [id: 0x1d90d9ea, L:/127.0.0.1:60446 - R:localhost/127.0.0.1:50096] for GET '/session/93115c0f3c055b931c8cb1011d92e872/element/578661b4-bda3-4256-b396-3f90518a3e3c/enabled'
16:11:35.123 [AsyncHttpClient-1-4] DEBUG org.asynchttpclient.netty.handler.HttpHandler - 

Request DefaultFullHttpRequest(decodeResult: success, version: HTTP/1.1, content: EmptyByteBufBE)
GET /session/93115c0f3c055b931c8cb1011d92e872/element/578661b4-bda3-4256-b396-3f90518a3e3c/enabled HTTP/1.1
User-Agent: selenium/4.1.2 (java windows)
Cache-Control: no-cache
Content-Type: application/json; charset=utf-8
host: localhost:50096
accept: */*

Response DefaultHttpResponse(decodeResult: success, version: HTTP/1.1)
HTTP/1.1 200 OK
Content-Type: application/json; charset=utf-8
cache-control: no-cache
content-length: 14

16:11:35.124 [AsyncHttpClient-1-4] DEBUG org.asynchttpclient.netty.channel.ChannelManager - Adding key: http://localhost:50096 for channel [id: 0x1d90d9ea, L:/127.0.0.1:60446 - R:localhost/127.0.0.1:50096]
16:11:35.126 [Forwarding findElement on session 93115c0f3c055b931c8cb1011d92e872 to remote] DEBUG org.asynchttpclient.netty.request.NettyRequestSender - Using pooled Channel '[id: 0x1d90d9ea, L:/127.0.0.1:60446 - R:localhost/127.0.0.1:50096]' for 'POST' to 'http://localhost:50096/session/93115c0f3c055b931c8cb1011d92e872/element'
16:11:35.126 [Forwarding findElement on session 93115c0f3c055b931c8cb1011d92e872 to remote] DEBUG org.asynchttpclient.netty.request.NettyRequestSender - Using open Channel [id: 0x1d90d9ea, L:/127.0.0.1:60446 - R:localhost/127.0.0.1:50096] for POST '/session/93115c0f3c055b931c8cb1011d92e872/element'
16:11:35.137 [AsyncHttpClient-1-4] DEBUG org.asynchttpclient.netty.handler.HttpHandler - 

Request DefaultHttpRequest(decodeResult: success, version: HTTP/1.1)
POST /session/93115c0f3c055b931c8cb1011d92e872/element HTTP/1.1
User-Agent: selenium/4.1.2 (java windows)
Content-Length: 138
Content-Type: application/json; charset=utf-8
host: localhost:50096
accept: */*

Response DefaultHttpResponse(decodeResult: success, version: HTTP/1.1)
HTTP/1.1 200 OK
Content-Type: application/json; charset=utf-8
cache-control: no-cache
content-length: 88

16:11:35.137 [AsyncHttpClient-1-4] DEBUG org.asynchttpclient.netty.channel.ChannelManager - Adding key: http://localhost:50096 for channel [id: 0x1d90d9ea, L:/127.0.0.1:60446 - R:localhost/127.0.0.1:50096]
16:11:35.138 [Forwarding clickElement on session 93115c0f3c055b931c8cb1011d92e872 to remote] DEBUG org.asynchttpclient.netty.request.NettyRequestSender - Using pooled Channel '[id: 0x1d90d9ea, L:/127.0.0.1:60446 - R:localhost/127.0.0.1:50096]' for 'POST' to 'http://localhost:50096/session/93115c0f3c055b931c8cb1011d92e872/element/578661b4-bda3-4256-b396-3f90518a3e3c/click'
16:11:35.138 [Forwarding clickElement on session 93115c0f3c055b931c8cb1011d92e872 to remote] DEBUG org.asynchttpclient.netty.request.NettyRequestSender - Using open Channel [id: 0x1d90d9ea, L:/127.0.0.1:60446 - R:localhost/127.0.0.1:50096] for POST '/session/93115c0f3c055b931c8cb1011d92e872/element/578661b4-bda3-4256-b396-3f90518a3e3c/click'
16:11:35.237 [AsyncHttpClient-1-4] DEBUG org.asynchttpclient.netty.handler.HttpHandler - 

Request DefaultHttpRequest(decodeResult: success, version: HTTP/1.1)
POST /session/93115c0f3c055b931c8cb1011d92e872/element/578661b4-bda3-4256-b396-3f90518a3e3c/click HTTP/1.1
User-Agent: selenium/4.1.2 (java windows)
Content-Length: 50
Content-Type: application/json; charset=utf-8
host: localhost:50096
accept: */*

Response DefaultHttpResponse(decodeResult: success, version: HTTP/1.1)
HTTP/1.1 200 OK
Content-Type: application/json; charset=utf-8
cache-control: no-cache
content-length: 14

16:11:35.238 [AsyncHttpClient-1-4] DEBUG org.asynchttpclient.netty.channel.ChannelManager - Adding key: http://localhost:50096 for channel [id: 0x1d90d9ea, L:/127.0.0.1:60446 - R:localhost/127.0.0.1:50096]
16:11:35.261 [Forwarding screenshot on session 93115c0f3c055b931c8cb1011d92e872 to remote] DEBUG org.asynchttpclient.netty.request.NettyRequestSender - Using pooled Channel '[id: 0x1d90d9ea, L:/127.0.0.1:60446 - R:localhost/127.0.0.1:50096]' for 'GET' to 'http://localhost:50096/session/93115c0f3c055b931c8cb1011d92e872/screenshot'
16:11:35.261 [Forwarding screenshot on session 93115c0f3c055b931c8cb1011d92e872 to remote] DEBUG org.asynchttpclient.netty.request.NettyRequestSender - Using open Channel [id: 0x1d90d9ea, L:/127.0.0.1:60446 - R:localhost/127.0.0.1:50096] for GET '/session/93115c0f3c055b931c8cb1011d92e872/screenshot'
16:11:35.637 [AsyncHttpClient-1-1] DEBUG org.asynchttpclient.netty.channel.DefaultChannelPool - Entry count for : http://localhost:60447 : 1
16:11:35.747 [AsyncHttpClient-1-4] DEBUG org.asynchttpclient.netty.handler.HttpHandler - 

Request DefaultFullHttpRequest(decodeResult: success, version: HTTP/1.1, content: EmptyByteBufBE)
GET /session/93115c0f3c055b931c8cb1011d92e872/screenshot HTTP/1.1
User-Agent: selenium/4.1.2 (java windows)
Cache-Control: no-cache
Content-Type: application/json; charset=utf-8
host: localhost:50096
accept: */*

Response DefaultHttpResponse(decodeResult: success, version: HTTP/1.1)
HTTP/1.1 200 OK
Content-Type: application/json; charset=utf-8
cache-control: no-cache
content-length: 25384

16:11:35.748 [AsyncHttpClient-1-4] DEBUG org.asynchttpclient.netty.channel.ChannelManager - Adding key: http://localhost:50096 for channel [id: 0x1d90d9ea, L:/127.0.0.1:60446 - R:localhost/127.0.0.1:50096]
16:11:35.751 [main] DEBUG net.serenitybdd.core.photography.Darkroom - Send negative for processing for target\site\serenity\49a3ec3fe6e588bb357024d38ea075b8250cb5f32bd132770e4d40bc98d606c0.png
16:11:35.751 [main] DEBUG net.thucydides.core.steps.StepInterceptor - STEP DONE: clickRegisButton
  &amp#27;[32mAnd &amp#27;[0m&amp#27;[32mclick register button&amp#27;[0m        &amp#27;[90m# starter.stepdefinitions.RegisterSteps.clickRegisterButton()&amp#27;[0m
16:11:35.787 [main] DEBUG net.thucydides.core.steps.StepInterceptor - STARTING STEP: RegisterSteps.iGetResult - openUrl
16:11:35.798 [Forwarding get on session 93115c0f3c055b931c8cb1011d92e872 to remote] DEBUG org.asynchttpclient.netty.request.NettyRequestSender - Using pooled Channel '[id: 0x1d90d9ea, L:/127.0.0.1:60446 - R:localhost/127.0.0.1:50096]' for 'POST' to 'http://localhost:50096/session/93115c0f3c055b931c8cb1011d92e872/url'
16:11:35.798 [Forwarding get on session 93115c0f3c055b931c8cb1011d92e872 to remote] DEBUG org.asynchttpclient.netty.request.NettyRequestSender - Using open Channel [id: 0x1d90d9ea, L:/127.0.0.1:60446 - R:localhost/127.0.0.1:50096] for POST '/session/93115c0f3c055b931c8cb1011d92e872/url'
16:11:36.745 [AsyncHttpClient-1-1] DEBUG org.asynchttpclient.netty.channel.DefaultChannelPool - Entry count for : http://localhost:60447 : 1
16:11:36.815 [AsyncHttpClient-1-4] DEBUG org.asynchttpclient.netty.handler.HttpHandler - 

Request DefaultHttpRequest(decodeResult: success, version: HTTP/1.1)
POST /session/93115c0f3c055b931c8cb1011d92e872/url HTTP/1.1
User-Agent: selenium/4.1.2 (java windows)
Content-Length: 64
Content-Type: application/json; charset=utf-8
host: localhost:50096
accept: */*

Response DefaultHttpResponse(decodeResult: success, version: HTTP/1.1)
HTTP/1.1 200 OK
Content-Type: application/json; charset=utf-8
cache-control: no-cache
content-length: 14

16:11:36.815 [AsyncHttpClient-1-4] DEBUG org.asynchttpclient.netty.channel.ChannelManager - Adding key: http://localhost:50096 for channel [id: 0x1d90d9ea, L:/127.0.0.1:60446 - R:localhost/127.0.0.1:50096]
16:11:36.819 [Forwarding getCurrentUrl on session 93115c0f3c055b931c8cb1011d92e872 to remote] DEBUG org.asynchttpclient.netty.request.NettyRequestSender - Using pooled Channel '[id: 0x1d90d9ea, L:/127.0.0.1:60446 - R:localhost/127.0.0.1:50096]' for 'GET' to 'http://localhost:50096/session/93115c0f3c055b931c8cb1011d92e872/url'
16:11:36.819 [Forwarding getCurrentUrl on session 93115c0f3c055b931c8cb1011d92e872 to remote] DEBUG org.asynchttpclient.netty.request.NettyRequestSender - Using open Channel [id: 0x1d90d9ea, L:/127.0.0.1:60446 - R:localhost/127.0.0.1:50096] for GET '/session/93115c0f3c055b931c8cb1011d92e872/url'
16:11:36.872 [AsyncHttpClient-1-4] DEBUG org.asynchttpclient.netty.handler.HttpHandler - 

Request DefaultFullHttpRequest(decodeResult: success, version: HTTP/1.1, content: EmptyByteBufBE)
GET /session/93115c0f3c055b931c8cb1011d92e872/url HTTP/1.1
User-Agent: selenium/4.1.2 (java windows)
Cache-Control: no-cache
Content-Type: application/json; charset=utf-8
host: localhost:50096
accept: */*

Response DefaultHttpResponse(decodeResult: success, version: HTTP/1.1)
HTTP/1.1 200 OK
Content-Type: application/json; charset=utf-8
cache-control: no-cache
content-length: 41

16:11:36.872 [AsyncHttpClient-1-4] DEBUG org.asynchttpclient.netty.channel.ChannelManager - Adding key: http://localhost:50096 for channel [id: 0x1d90d9ea, L:/127.0.0.1:60446 - R:localhost/127.0.0.1:50096]
16:11:36.884 [Forwarding screenshot on session 93115c0f3c055b931c8cb1011d92e872 to remote] DEBUG org.asynchttpclient.netty.request.NettyRequestSender - Using pooled Channel '[id: 0x1d90d9ea, L:/127.0.0.1:60446 - R:localhost/127.0.0.1:50096]' for 'GET' to 'http://localhost:50096/session/93115c0f3c055b931c8cb1011d92e872/screenshot'
16:11:36.884 [Forwarding screenshot on session 93115c0f3c055b931c8cb1011d92e872 to remote] DEBUG org.asynchttpclient.netty.request.NettyRequestSender - Using open Channel [id: 0x1d90d9ea, L:/127.0.0.1:60446 - R:localhost/127.0.0.1:50096] for GET '/session/93115c0f3c055b931c8cb1011d92e872/screenshot'
16:11:37.048 [AsyncHttpClient-1-4] DEBUG org.asynchttpclient.netty.handler.HttpHandler - 

Request DefaultFullHttpRequest(decodeResult: success, version: HTTP/1.1, content: EmptyByteBufBE)
GET /session/93115c0f3c055b931c8cb1011d92e872/screenshot HTTP/1.1
User-Agent: selenium/4.1.2 (java windows)
Cache-Control: no-cache
Content-Type: application/json; charset=utf-8
host: localhost:50096
accept: */*

Response DefaultHttpResponse(decodeResult: success, version: HTTP/1.1)
HTTP/1.1 200 OK
Content-Type: application/json; charset=utf-8
cache-control: no-cache
content-length: 25384

16:11:37.048 [AsyncHttpClient-1-4] DEBUG org.asynchttpclient.netty.channel.ChannelManager - Adding key: http://localhost:50096 for channel [id: 0x1d90d9ea, L:/127.0.0.1:60446 - R:localhost/127.0.0.1:50096]
16:11:37.050 [main] DEBUG net.serenitybdd.core.photography.Darkroom - Send negative for processing for target\site\serenity\49a3ec3fe6e588bb357024d38ea075b8250cb5f32bd132770e4d40bc98d606c0.png
16:11:37.050 [main] DEBUG net.thucydides.core.steps.StepInterceptor - STEP DONE: openUrl
  &amp#27;[32mThen &amp#27;[0m&amp#27;[32mI get the &amp#27;[0m&amp#27;[32m&amp#27;[1m"login_page"&amp#27;[0m      &amp#27;[90m# starter.stepdefinitions.RegisterSteps.iGetResult(java.lang.String)&amp#27;[0m
16:11:37.076 [AsyncHttpClient-1-2] DEBUG org.asynchttpclient.netty.handler.WebSocketHandler - Channel Closed: [id: 0xaee28eb8, L:/127.0.0.1:60453 ! R:localhost/127.0.0.1:60447] with attribute NettyResponseFuture{currentRetry=5,
	isDone=1,
	isCancelled=0,
	asyncHandler=org.asynchttpclient.ws.WebSocketUpgradeHandler@4538bbbd,
	nettyRequest=org.asynchttpclient.netty.request.NettyRequest@3b897d7c,
	future=java.util.concurrent.CompletableFuture@5ff75871[Completed normally],
	uri=ws://localhost:60447/devtools/browser/30f9ed3a-321b-451d-b149-6e9b2611465c,
	keepAlive=true,
	redirectCount=0,
	timeoutsHolder=null,
	inAuth=0,
	touch=1652778689271}
16:11:37.076 [AsyncHttpClient-1-2] DEBUG org.asynchttpclient.netty.channel.ChannelManager - Closing Channel [id: 0xaee28eb8, L:/127.0.0.1:60453 ! R:localhost/127.0.0.1:60447] 
16:11:37.078 [Driver Command Executor] DEBUG org.asynchttpclient.netty.request.NettyRequestSender - Using pooled Channel '[id: 0x1d90d9ea, L:/127.0.0.1:60446 - R:localhost/127.0.0.1:50096]' for 'DELETE' to 'http://localhost:50096/session/93115c0f3c055b931c8cb1011d92e872'
16:11:37.078 [Driver Command Executor] DEBUG org.asynchttpclient.netty.request.NettyRequestSender - Using open Channel [id: 0x1d90d9ea, L:/127.0.0.1:60446 - R:localhost/127.0.0.1:50096] for DELETE '/session/93115c0f3c055b931c8cb1011d92e872'
16:11:37.323 [AsyncHttpClient-1-5] DEBUG org.asynchttpclient.netty.handler.HttpHandler - Unexpected I/O exception on channel [id: 0xa6751bde, L:/127.0.0.1:60452 - R:localhost/127.0.0.1:60447]
java.net.SocketException: Connection reset
	at java.base/sun.nio.ch.SocketChannelImpl.throwConnectionReset(SocketChannelImpl.java:367)
	at java.base/sun.nio.ch.SocketChannelImpl.read(SocketChannelImpl.java:398)
	at io.netty.buffer.PooledByteBuf.setBytes(PooledByteBuf.java:258)
	at io.netty.buffer.AbstractByteBuf.writeBytes(AbstractByteBuf.java:1132)
	at io.netty.channel.socket.nio.NioSocketChannel.doReadBytes(NioSocketChannel.java:350)
	at io.netty.channel.nio.AbstractNioByteChannel$NioByteUnsafe.read(AbstractNioByteChannel.java:151)
	at io.netty.channel.nio.NioEventLoop.processSelectedKey(NioEventLoop.java:722)
	at io.netty.channel.nio.NioEventLoop.processSelectedKeysOptimized(NioEventLoop.java:658)
	at io.netty.channel.nio.NioEventLoop.processSelectedKeys(NioEventLoop.java:584)
	at io.netty.channel.nio.NioEventLoop.run(NioEventLoop.java:496)
	at io.netty.util.concurrent.SingleThreadEventExecutor$4.run(SingleThreadEventExecutor.java:986)
	at io.netty.util.internal.ThreadExecutorMap$2.run(ThreadExecutorMap.java:74)
	at io.netty.util.concurrent.FastThreadLocalRunnable.run(FastThreadLocalRunnable.java:30)
	at java.base/java.lang.Thread.run(Thread.java:832)
16:11:37.323 [AsyncHttpClient-1-5] DEBUG org.asynchttpclient.netty.channel.ChannelManager - Closing Channel [id: 0xa6751bde, L:/127.0.0.1:60452 - R:localhost/127.0.0.1:60447] 
16:11:37.323 [AsyncHttpClient-1-5] DEBUG org.asynchttpclient.netty.handler.HttpHandler - Channel Closed: [id: 0xa6751bde, L:/127.0.0.1:60452 ! R:localhost/127.0.0.1:60447] with attribute DISCARD
16:11:37.358 [AsyncHttpClient-1-4] DEBUG org.asynchttpclient.netty.handler.HttpHandler - 

Request DefaultFullHttpRequest(decodeResult: success, version: HTTP/1.1, content: EmptyByteBufBE)
DELETE /session/93115c0f3c055b931c8cb1011d92e872 HTTP/1.1
User-Agent: selenium/4.1.2 (java windows)
Content-Type: application/json; charset=utf-8
host: localhost:50096
accept: */*

Response DefaultHttpResponse(decodeResult: success, version: HTTP/1.1)
HTTP/1.1 200 OK
Content-Type: application/json; charset=utf-8
cache-control: no-cache
content-length: 14

16:11:37.358 [AsyncHttpClient-1-4] DEBUG org.asynchttpclient.netty.channel.ChannelManager - Adding key: http://localhost:50096 for channel [id: 0x1d90d9ea, L:/127.0.0.1:60446 - R:localhost/127.0.0.1:50096]
16:11:37.780 [AsyncHttpClient-1-4] DEBUG org.asynchttpclient.netty.handler.HttpHandler - Channel Closed: [id: 0x1d90d9ea, L:/127.0.0.1:60446 ! R:localhost/127.0.0.1:50096] with attribute DISCARD
16:11:37.840 [AsyncHttpClient-1-1] DEBUG org.asynchttpclient.netty.channel.DefaultChannelPool - Entry count for : http://localhost:50096 : 1
16:11:37.840 [AsyncHttpClient-1-1] DEBUG org.asynchttpclient.netty.channel.DefaultChannelPool - Entry count for : http://localhost:60447 : 1
16:11:37.840 [AsyncHttpClient-1-1] DEBUG org.asynchttpclient.netty.channel.DefaultChannelPool - Adding Candidate expired Channel [id: 0x1d90d9ea, L:/127.0.0.1:60446 ! R:localhost/127.0.0.1:50096] isIdleTimeoutExpired=false isRemotelyClosed=true isTtlExpired=false
16:11:37.840 [AsyncHttpClient-1-1] DEBUG org.asynchttpclient.netty.channel.DefaultChannelPool - Closing Idle Channel [id: 0x1d90d9ea, L:/127.0.0.1:60446 ! R:localhost/127.0.0.1:50096]
16:11:37.840 [AsyncHttpClient-1-1] DEBUG org.asynchttpclient.netty.channel.DefaultChannelPool - Adding Candidate expired Channel [id: 0xa6751bde, L:/127.0.0.1:60452 ! R:localhost/127.0.0.1:60447] isIdleTimeoutExpired=false isRemotelyClosed=true isTtlExpired=false
16:11:37.840 [AsyncHttpClient-1-1] DEBUG org.asynchttpclient.netty.channel.DefaultChannelPool - Closing Idle Channel [id: 0xa6751bde, L:/127.0.0.1:60452 ! R:localhost/127.0.0.1:60447]
16:11:37.840 [AsyncHttpClient-1-1] DEBUG org.asynchttpclient.netty.channel.DefaultChannelPool - Closed 2 connections out of 2 in 0 ms
16:11:38.312 [main] INFO  - 
  _____   ___   ___   _____     ___     _     ___   ___   ___   ___  
 |_   _| | __| / __| |_   _|   | _ \   /_\   / __| / __| | __| |   \ 
   | |   | _|  \__ \   | |     |  _/  / _ \  \__ \ \__ \ | _|  | |) |
   |_|   |___| |___/   |_|     |_|   /_/ \_\ |___/ |___/ |___| |___/ 

Register
----------------------------------------------------------------------
]]></system-out>
    <system-err><![CDATA[Starting ChromeDriver 100.0.4896.60 (6a5d10861ce8de5fce22564658033b43cb7de047-refs/branch-heads/4896@{#875}) on port 50096
Only local connections are allowed.
Please see https://chromedriver.chromium.org/security-considerations for suggestions on keeping ChromeDriver safe.
ChromeDriver was started successfully.
[1652778689.125][WARNING]: This version of ChromeDriver has not been tested with Chrome version 101.
May 17, 2022 4:11:29 PM org.openqa.selenium.remote.ProtocolHandshake createSession
INFO: Detected dialect: W3C
May 17, 2022 4:11:29 PM org.openqa.selenium.devtools.CdpVersionFinder findNearestMatch
WARNING: Unable to find an exact match for CDP version 101, so returning the closest version found: 97
May 17, 2022 4:11:29 PM org.openqa.selenium.devtools.CdpVersionFinder findNearestMatch
INFO: Found CDP implementation for version 101 of 97
]]></system-err>
  </testcase>
  <testcase name="Register #2" classname="Register" time="13.577">
    <system-out><![CDATA[
Scenario Outline: Register                      &amp#27;[90m# src/test/resources/features/Register.feature:17&amp#27;[0m
16:11:38.338 [main] INFO io.cucumber.core.plugin.SerenityReporter - Running feature from file:///C:/Users/ponda/Documents/Final_Project/Final_Web/src/test/resources/features/Register.feature
16:11:38.387 [main] DEBUG net.thucydides.core.steps.StepInterceptor - STARTING STEP: RegisterSteps.onRegisterPage - openRegisURL
16:11:38.392 [main] INFO net.serenitybdd.core.webdriver.driverproviders.ChromeDriverProvider - Using automatically driver download
16:11:38.750 [main] DEBUG io.github.bonigarcia.wdm.cache.ResolutionCache - Resolution chrome=101 in cache (valid until 17:04:06 17/05/2022 WIB)
16:11:38.763 [main] DEBUG io.github.bonigarcia.wdm.cache.ResolutionCache - Resolution chrome101=101.0.4951.41 in cache (valid until 16:04:06 18/05/2022 WIB)
16:11:38.767 [main] INFO io.github.bonigarcia.wdm.WebDriverManager - Using chromedriver 101.0.4951.41 (resolved driver for Chrome 101)
16:11:38.790 [main] DEBUG io.github.bonigarcia.wdm.WebDriverManager - Driver chromedriver 101.0.4951.41 found in cache
16:11:38.792 [main] INFO io.github.bonigarcia.wdm.WebDriverManager - Exporting webdriver.chrome.driver as C:\Users\ponda\.cache\selenium\chromedriver\win32\101.0.4951.41\chromedriver.exe
16:11:38.995 [main] DEBUG net.serenitybdd.core.webdriver.driverproviders.ProvideNewDriver - Instantiating driver
16:11:38.995 [main] DEBUG net.serenitybdd.core.webdriver.driverproviders.ProvideNewDriver - Driver capabilities: Capabilities {acceptInsecureCerts: false, base.url: https://qa.alta.id, browserName: chrome, chrome.driver: src/test/resources/webdrive..., driver: chrome, goog:chromeOptions: {args: [], extensions: []}}
16:11:39.548 [AsyncHttpClient-1-3] DEBUG org.asynchttpclient.netty.channel.NettyConnectListener - Using new Channel '[id: 0x1e10ea6a, L:/127.0.0.1:60476 - R:localhost/127.0.0.1:60334]' for 'POST' to '/session'
16:11:42.207 [AsyncHttpClient-1-3] DEBUG org.asynchttpclient.netty.handler.HttpHandler - 

Request DefaultHttpRequest(decodeResult: success, version: HTTP/1.1)
POST /session HTTP/1.1
User-Agent: selenium/4.1.2 (java windows)
Content-Length: 599
Content-Type: application/json; charset=utf-8
host: localhost:60334
accept: */*

Response DefaultHttpResponse(decodeResult: success, version: HTTP/1.1)
HTTP/1.1 200 OK
Content-Type: application/json; charset=utf-8
cache-control: no-cache
content-length: 789

16:11:42.207 [AsyncHttpClient-1-3] DEBUG org.asynchttpclient.netty.channel.ChannelManager - Adding key: http://localhost:60334 for channel [id: 0x1e10ea6a, L:/127.0.0.1:60476 - R:localhost/127.0.0.1:60334]
16:11:42.361 [AsyncHttpClient-1-4] DEBUG org.asynchttpclient.netty.channel.NettyConnectListener - Using new Channel '[id: 0x1b393ece, L:/127.0.0.1:60483 - R:localhost/127.0.0.1:60477]' for 'GET' to '/json/version'
16:11:42.362 [AsyncHttpClient-1-4] DEBUG org.asynchttpclient.netty.handler.HttpHandler - 

Request DefaultFullHttpRequest(decodeResult: success, version: HTTP/1.1, content: EmptyByteBufBE)
GET /json/version HTTP/1.1
User-Agent: selenium/4.1.2 (java windows)
host: localhost:60477
accept: */*

Response DefaultHttpResponse(decodeResult: success, version: HTTP/1.1)
HTTP/1.1 200 OK
Content-Type: application/json; charset=UTF-8
content-length: 427

16:11:42.363 [AsyncHttpClient-1-4] DEBUG org.asynchttpclient.netty.channel.ChannelManager - Adding key: http://localhost:60477 for channel [id: 0x1b393ece, L:/127.0.0.1:60483 - R:localhost/127.0.0.1:60477]
16:11:42.370 [AsyncHttpClient-1-5] DEBUG org.asynchttpclient.netty.channel.NettyConnectListener - Using new Channel '[id: 0x1984b34b, L:/127.0.0.1:60484 - R:localhost/127.0.0.1:60477]' for 'GET' to '/devtools/browser/ed2b3f61-6860-474a-af3d-b929f7f1a48e'
16:11:42.371 [AsyncHttpClient-1-5] DEBUG org.asynchttpclient.netty.handler.WebSocketHandler - 

Request DefaultFullHttpRequest(decodeResult: success, version: HTTP/1.1, content: EmptyByteBufBE)
GET /devtools/browser/ed2b3f61-6860-474a-af3d-b929f7f1a48e HTTP/1.1
upgrade: websocket
connection: upgrade
sec-websocket-key: o98WSqvufFyAKeKqk+z0WA==
sec-websocket-version: 13
origin: http://localhost:60477
host: localhost:60477
accept: */*
user-agent: AHC/2.1

Response DefaultHttpResponse(decodeResult: success, version: HTTP/1.1)
HTTP/1.1 101 WebSocket Protocol Handshake
Upgrade: WebSocket
Connection: Upgrade
Sec-WebSocket-Accept: 9t6C/eIIgzzJO2txJWzQRa+bccY=

16:11:42.391 [Forwarding maximizeCurrentWindow on session 9b4fec992645380199f99ee650d14374 to remote] DEBUG org.asynchttpclient.netty.request.NettyRequestSender - Using pooled Channel '[id: 0x1e10ea6a, L:/127.0.0.1:60476 - R:localhost/127.0.0.1:60334]' for 'POST' to 'http://localhost:60334/session/9b4fec992645380199f99ee650d14374/window/maximize'
16:11:42.392 [Forwarding maximizeCurrentWindow on session 9b4fec992645380199f99ee650d14374 to remote] DEBUG org.asynchttpclient.netty.request.NettyRequestSender - Using open Channel [id: 0x1e10ea6a, L:/127.0.0.1:60476 - R:localhost/127.0.0.1:60334] for POST '/session/9b4fec992645380199f99ee650d14374/window/maximize'
16:11:42.400 [AsyncHttpClient-1-1] DEBUG org.asynchttpclient.netty.channel.DefaultChannelPool - Entry count for : http://localhost:60477 : 1
16:11:42.927 [AsyncHttpClient-1-3] DEBUG org.asynchttpclient.netty.handler.HttpHandler - 

Request DefaultHttpRequest(decodeResult: success, version: HTTP/1.1)
POST /session/9b4fec992645380199f99ee650d14374/window/maximize HTTP/1.1
User-Agent: selenium/4.1.2 (java windows)
Content-Length: 3
Content-Type: application/json; charset=utf-8
host: localhost:60334
accept: */*

Response DefaultHttpResponse(decodeResult: success, version: HTTP/1.1)
HTTP/1.1 200 OK
Content-Type: application/json; charset=utf-8
cache-control: no-cache
content-length: 51

16:11:42.927 [AsyncHttpClient-1-3] DEBUG org.asynchttpclient.netty.channel.ChannelManager - Adding key: http://localhost:60334 for channel [id: 0x1e10ea6a, L:/127.0.0.1:60476 - R:localhost/127.0.0.1:60334]
16:11:42.929 [Forwarding get on session 9b4fec992645380199f99ee650d14374 to remote] DEBUG org.asynchttpclient.netty.request.NettyRequestSender - Using pooled Channel '[id: 0x1e10ea6a, L:/127.0.0.1:60476 - R:localhost/127.0.0.1:60334]' for 'POST' to 'http://localhost:60334/session/9b4fec992645380199f99ee650d14374/url'
16:11:42.930 [Forwarding get on session 9b4fec992645380199f99ee650d14374 to remote] DEBUG org.asynchttpclient.netty.request.NettyRequestSender - Using open Channel [id: 0x1e10ea6a, L:/127.0.0.1:60476 - R:localhost/127.0.0.1:60334] for POST '/session/9b4fec992645380199f99ee650d14374/url'
16:11:43.542 [AsyncHttpClient-1-1] DEBUG org.asynchttpclient.netty.channel.DefaultChannelPool - Entry count for : http://localhost:60477 : 1
16:11:44.654 [AsyncHttpClient-1-1] DEBUG org.asynchttpclient.netty.channel.DefaultChannelPool - Entry count for : http://localhost:60477 : 1
16:11:45.439 [AsyncHttpClient-1-3] DEBUG org.asynchttpclient.netty.handler.HttpHandler - 

Request DefaultHttpRequest(decodeResult: success, version: HTTP/1.1)
POST /session/9b4fec992645380199f99ee650d14374/url HTTP/1.1
User-Agent: selenium/4.1.2 (java windows)
Content-Length: 67
Content-Type: application/json; charset=utf-8
host: localhost:60334
accept: */*

Response DefaultHttpResponse(decodeResult: success, version: HTTP/1.1)
HTTP/1.1 200 OK
Content-Type: application/json; charset=utf-8
cache-control: no-cache
content-length: 14

16:11:45.439 [AsyncHttpClient-1-3] DEBUG org.asynchttpclient.netty.channel.ChannelManager - Adding key: http://localhost:60334 for channel [id: 0x1e10ea6a, L:/127.0.0.1:60476 - R:localhost/127.0.0.1:60334]
16:11:45.441 [Forwarding setTimeout on session 9b4fec992645380199f99ee650d14374 to remote] DEBUG org.asynchttpclient.netty.request.NettyRequestSender - Using pooled Channel '[id: 0x1e10ea6a, L:/127.0.0.1:60476 - R:localhost/127.0.0.1:60334]' for 'POST' to 'http://localhost:60334/session/9b4fec992645380199f99ee650d14374/timeouts'
16:11:45.441 [Forwarding setTimeout on session 9b4fec992645380199f99ee650d14374 to remote] DEBUG org.asynchttpclient.netty.request.NettyRequestSender - Using open Channel [id: 0x1e10ea6a, L:/127.0.0.1:60476 - R:localhost/127.0.0.1:60334] for POST '/session/9b4fec992645380199f99ee650d14374/timeouts'
16:11:45.445 [AsyncHttpClient-1-3] DEBUG org.asynchttpclient.netty.handler.HttpHandler - 

Request DefaultHttpRequest(decodeResult: success, version: HTTP/1.1)
POST /session/9b4fec992645380199f99ee650d14374/timeouts HTTP/1.1
User-Agent: selenium/4.1.2 (java windows)
Content-Length: 22
Content-Type: application/json; charset=utf-8
host: localhost:60334
accept: */*

Response DefaultHttpResponse(decodeResult: success, version: HTTP/1.1)
HTTP/1.1 200 OK
Content-Type: application/json; charset=utf-8
cache-control: no-cache
content-length: 14

16:11:45.445 [AsyncHttpClient-1-3] DEBUG org.asynchttpclient.netty.channel.ChannelManager - Adding key: http://localhost:60334 for channel [id: 0x1e10ea6a, L:/127.0.0.1:60476 - R:localhost/127.0.0.1:60334]
16:11:45.456 [Forwarding getCurrentUrl on session 9b4fec992645380199f99ee650d14374 to remote] DEBUG org.asynchttpclient.netty.request.NettyRequestSender - Using pooled Channel '[id: 0x1e10ea6a, L:/127.0.0.1:60476 - R:localhost/127.0.0.1:60334]' for 'GET' to 'http://localhost:60334/session/9b4fec992645380199f99ee650d14374/url'
16:11:45.456 [Forwarding getCurrentUrl on session 9b4fec992645380199f99ee650d14374 to remote] DEBUG org.asynchttpclient.netty.request.NettyRequestSender - Using open Channel [id: 0x1e10ea6a, L:/127.0.0.1:60476 - R:localhost/127.0.0.1:60334] for GET '/session/9b4fec992645380199f99ee650d14374/url'
16:11:45.573 [AsyncHttpClient-1-3] DEBUG org.asynchttpclient.netty.handler.HttpHandler - 

Request DefaultFullHttpRequest(decodeResult: success, version: HTTP/1.1, content: EmptyByteBufBE)
GET /session/9b4fec992645380199f99ee650d14374/url HTTP/1.1
User-Agent: selenium/4.1.2 (java windows)
Cache-Control: no-cache
Content-Type: application/json; charset=utf-8
host: localhost:60334
accept: */*

Response DefaultHttpResponse(decodeResult: success, version: HTTP/1.1)
HTTP/1.1 200 OK
Content-Type: application/json; charset=utf-8
cache-control: no-cache
content-length: 44

16:11:45.573 [AsyncHttpClient-1-3] DEBUG org.asynchttpclient.netty.channel.ChannelManager - Adding key: http://localhost:60334 for channel [id: 0x1e10ea6a, L:/127.0.0.1:60476 - R:localhost/127.0.0.1:60334]
16:11:45.585 [Forwarding screenshot on session 9b4fec992645380199f99ee650d14374 to remote] DEBUG org.asynchttpclient.netty.request.NettyRequestSender - Using pooled Channel '[id: 0x1e10ea6a, L:/127.0.0.1:60476 - R:localhost/127.0.0.1:60334]' for 'GET' to 'http://localhost:60334/session/9b4fec992645380199f99ee650d14374/screenshot'
16:11:45.585 [Forwarding screenshot on session 9b4fec992645380199f99ee650d14374 to remote] DEBUG org.asynchttpclient.netty.request.NettyRequestSender - Using open Channel [id: 0x1e10ea6a, L:/127.0.0.1:60476 - R:localhost/127.0.0.1:60334] for GET '/session/9b4fec992645380199f99ee650d14374/screenshot'
16:11:45.758 [AsyncHttpClient-1-1] DEBUG org.asynchttpclient.netty.channel.DefaultChannelPool - Entry count for : http://localhost:60477 : 1
16:11:46.139 [AsyncHttpClient-1-3] DEBUG org.asynchttpclient.netty.handler.HttpHandler - 

Request DefaultFullHttpRequest(decodeResult: success, version: HTTP/1.1, content: EmptyByteBufBE)
GET /session/9b4fec992645380199f99ee650d14374/screenshot HTTP/1.1
User-Agent: selenium/4.1.2 (java windows)
Cache-Control: no-cache
Content-Type: application/json; charset=utf-8
host: localhost:60334
accept: */*

Response DefaultHttpResponse(decodeResult: success, version: HTTP/1.1)
HTTP/1.1 200 OK
Content-Type: application/json; charset=utf-8
cache-control: no-cache
content-length: 30072

16:11:46.139 [AsyncHttpClient-1-3] DEBUG org.asynchttpclient.netty.channel.ChannelManager - Adding key: http://localhost:60334 for channel [id: 0x1e10ea6a, L:/127.0.0.1:60476 - R:localhost/127.0.0.1:60334]
16:11:46.143 [main] DEBUG net.serenitybdd.core.photography.Darkroom - Send negative for processing for target\site\serenity\c90d416f89a57edc1d87ebe5454e02f8b3ea83905edd389a5c97ffd3bf9e7a49.png
16:11:46.144 [main] DEBUG net.thucydides.core.steps.StepInterceptor - STEP DONE: openRegisURL
  &amp#27;[32mGiven &amp#27;[0m&amp#27;[32mI am on register page&amp#27;[0m                   &amp#27;[90m# starter.stepdefinitions.RegisterSteps.onRegisterPage()&amp#27;[0m
16:11:46.173 [main] DEBUG net.thucydides.core.steps.StepInterceptor - STARTING STEP: RegisterSteps.inputNamaLengkap - inputNamaLengkap
16:11:46.178 [Forwarding findElement on session 9b4fec992645380199f99ee650d14374 to remote] DEBUG org.asynchttpclient.netty.request.NettyRequestSender - Using pooled Channel '[id: 0x1e10ea6a, L:/127.0.0.1:60476 - R:localhost/127.0.0.1:60334]' for 'POST' to 'http://localhost:60334/session/9b4fec992645380199f99ee650d14374/element'
16:11:46.178 [Forwarding findElement on session 9b4fec992645380199f99ee650d14374 to remote] DEBUG org.asynchttpclient.netty.request.NettyRequestSender - Using open Channel [id: 0x1e10ea6a, L:/127.0.0.1:60476 - R:localhost/127.0.0.1:60334] for POST '/session/9b4fec992645380199f99ee650d14374/element'
16:11:46.205 [AsyncHttpClient-1-3] DEBUG org.asynchttpclient.netty.handler.HttpHandler - 

Request DefaultHttpRequest(decodeResult: success, version: HTTP/1.1)
POST /session/9b4fec992645380199f99ee650d14374/element HTTP/1.1
User-Agent: selenium/4.1.2 (java windows)
Content-Length: 93
Content-Type: application/json; charset=utf-8
host: localhost:60334
accept: */*

Response DefaultHttpResponse(decodeResult: success, version: HTTP/1.1)
HTTP/1.1 200 OK
Content-Type: application/json; charset=utf-8
cache-control: no-cache
content-length: 88

16:11:46.205 [AsyncHttpClient-1-3] DEBUG org.asynchttpclient.netty.channel.ChannelManager - Adding key: http://localhost:60334 for channel [id: 0x1e10ea6a, L:/127.0.0.1:60476 - R:localhost/127.0.0.1:60334]
16:11:46.207 [Forwarding clearElement on session 9b4fec992645380199f99ee650d14374 to remote] DEBUG org.asynchttpclient.netty.request.NettyRequestSender - Using pooled Channel '[id: 0x1e10ea6a, L:/127.0.0.1:60476 - R:localhost/127.0.0.1:60334]' for 'POST' to 'http://localhost:60334/session/9b4fec992645380199f99ee650d14374/element/a0eeb895-43d5-413e-98dc-649cf916e27e/clear'
16:11:46.207 [Forwarding clearElement on session 9b4fec992645380199f99ee650d14374 to remote] DEBUG org.asynchttpclient.netty.request.NettyRequestSender - Using open Channel [id: 0x1e10ea6a, L:/127.0.0.1:60476 - R:localhost/127.0.0.1:60334] for POST '/session/9b4fec992645380199f99ee650d14374/element/a0eeb895-43d5-413e-98dc-649cf916e27e/clear'
16:11:46.276 [AsyncHttpClient-1-3] DEBUG org.asynchttpclient.netty.handler.HttpHandler - 

Request DefaultHttpRequest(decodeResult: success, version: HTTP/1.1)
POST /session/9b4fec992645380199f99ee650d14374/element/a0eeb895-43d5-413e-98dc-649cf916e27e/clear HTTP/1.1
User-Agent: selenium/4.1.2 (java windows)
Content-Length: 50
Content-Type: application/json; charset=utf-8
host: localhost:60334
accept: */*

Response DefaultHttpResponse(decodeResult: success, version: HTTP/1.1)
HTTP/1.1 200 OK
Content-Type: application/json; charset=utf-8
cache-control: no-cache
content-length: 14

16:11:46.276 [AsyncHttpClient-1-3] DEBUG org.asynchttpclient.netty.channel.ChannelManager - Adding key: http://localhost:60334 for channel [id: 0x1e10ea6a, L:/127.0.0.1:60476 - R:localhost/127.0.0.1:60334]
16:11:46.281 [Forwarding sendKeysToElement on session 9b4fec992645380199f99ee650d14374 to remote] DEBUG org.asynchttpclient.netty.request.NettyRequestSender - Using pooled Channel '[id: 0x1e10ea6a, L:/127.0.0.1:60476 - R:localhost/127.0.0.1:60334]' for 'POST' to 'http://localhost:60334/session/9b4fec992645380199f99ee650d14374/element/a0eeb895-43d5-413e-98dc-649cf916e27e/value'
16:11:46.281 [Forwarding sendKeysToElement on session 9b4fec992645380199f99ee650d14374 to remote] DEBUG org.asynchttpclient.netty.request.NettyRequestSender - Using open Channel [id: 0x1e10ea6a, L:/127.0.0.1:60476 - R:localhost/127.0.0.1:60334] for POST '/session/9b4fec992645380199f99ee650d14374/element/a0eeb895-43d5-413e-98dc-649cf916e27e/value'
16:11:46.604 [AsyncHttpClient-1-3] DEBUG org.asynchttpclient.netty.handler.HttpHandler - 

Request DefaultHttpRequest(decodeResult: success, version: HTTP/1.1)
POST /session/9b4fec992645380199f99ee650d14374/element/a0eeb895-43d5-413e-98dc-649cf916e27e/value HTTP/1.1
User-Agent: selenium/4.1.2 (java windows)
Content-Length: 151
Content-Type: application/json; charset=utf-8
host: localhost:60334
accept: */*

Response DefaultHttpResponse(decodeResult: success, version: HTTP/1.1)
HTTP/1.1 200 OK
Content-Type: application/json; charset=utf-8
cache-control: no-cache
content-length: 14

16:11:46.604 [AsyncHttpClient-1-3] DEBUG org.asynchttpclient.netty.channel.ChannelManager - Adding key: http://localhost:60334 for channel [id: 0x1e10ea6a, L:/127.0.0.1:60476 - R:localhost/127.0.0.1:60334]
16:11:46.623 [Forwarding screenshot on session 9b4fec992645380199f99ee650d14374 to remote] DEBUG org.asynchttpclient.netty.request.NettyRequestSender - Using pooled Channel '[id: 0x1e10ea6a, L:/127.0.0.1:60476 - R:localhost/127.0.0.1:60334]' for 'GET' to 'http://localhost:60334/session/9b4fec992645380199f99ee650d14374/screenshot'
16:11:46.623 [Forwarding screenshot on session 9b4fec992645380199f99ee650d14374 to remote] DEBUG org.asynchttpclient.netty.request.NettyRequestSender - Using open Channel [id: 0x1e10ea6a, L:/127.0.0.1:60476 - R:localhost/127.0.0.1:60334] for GET '/session/9b4fec992645380199f99ee650d14374/screenshot'
16:11:46.845 [AsyncHttpClient-1-1] DEBUG org.asynchttpclient.netty.channel.DefaultChannelPool - Entry count for : http://localhost:60477 : 1
16:11:46.951 [AsyncHttpClient-1-3] DEBUG org.asynchttpclient.netty.handler.HttpHandler - 

Request DefaultFullHttpRequest(decodeResult: success, version: HTTP/1.1, content: EmptyByteBufBE)
GET /session/9b4fec992645380199f99ee650d14374/screenshot HTTP/1.1
User-Agent: selenium/4.1.2 (java windows)
Cache-Control: no-cache
Content-Type: application/json; charset=utf-8
host: localhost:60334
accept: */*

Response DefaultHttpResponse(decodeResult: success, version: HTTP/1.1)
HTTP/1.1 200 OK
Content-Type: application/json; charset=utf-8
cache-control: no-cache
content-length: 30068

16:11:46.952 [AsyncHttpClient-1-3] DEBUG org.asynchttpclient.netty.channel.ChannelManager - Adding key: http://localhost:60334 for channel [id: 0x1e10ea6a, L:/127.0.0.1:60476 - R:localhost/127.0.0.1:60334]
16:11:46.954 [main] DEBUG net.serenitybdd.core.photography.Darkroom - Send negative for processing for target\site\serenity\88e0b4345bb34130c3fd9b545d11dd310d0f8fe272095c881ef72d9ac2744584.png
16:11:46.954 [main] DEBUG net.thucydides.core.steps.StepInterceptor - STEP DONE: inputNamaLengkap
  &amp#27;[32mWhen &amp#27;[0m&amp#27;[32mI input fullname &amp#27;[0m&amp#27;[32m&amp#27;[1m"Inggrit"&amp#27;[0m               &amp#27;[90m# starter.stepdefinitions.RegisterSteps.inputNamaLengkap(java.lang.String)&amp#27;[0m
16:11:46.955 [Darkroom Processing Line] DEBUG net.serenitybdd.core.photography.DarkroomProcessingLine - Processing screenshot image in /var/screenshots/screenshot-10572589707056225957
16:11:46.955 [Darkroom Processing Line] DEBUG net.serenitybdd.core.photography.DarkroomProcessingLine - Saving screenshot to target\site\serenity\88e0b4345bb34130c3fd9b545d11dd310d0f8fe272095c881ef72d9ac2744584.png
16:11:46.985 [main] DEBUG net.thucydides.core.steps.StepInterceptor - STARTING STEP: RegisterSteps.iInputEmail - inputEmailForRegist
16:11:46.989 [Forwarding findElement on session 9b4fec992645380199f99ee650d14374 to remote] DEBUG org.asynchttpclient.netty.request.NettyRequestSender - Using pooled Channel '[id: 0x1e10ea6a, L:/127.0.0.1:60476 - R:localhost/127.0.0.1:60334]' for 'POST' to 'http://localhost:60334/session/9b4fec992645380199f99ee650d14374/element'
16:11:46.989 [Forwarding findElement on session 9b4fec992645380199f99ee650d14374 to remote] DEBUG org.asynchttpclient.netty.request.NettyRequestSender - Using open Channel [id: 0x1e10ea6a, L:/127.0.0.1:60476 - R:localhost/127.0.0.1:60334] for POST '/session/9b4fec992645380199f99ee650d14374/element'
16:11:47.015 [AsyncHttpClient-1-3] DEBUG org.asynchttpclient.netty.handler.HttpHandler - 

Request DefaultHttpRequest(decodeResult: success, version: HTTP/1.1)
POST /session/9b4fec992645380199f99ee650d14374/element HTTP/1.1
User-Agent: selenium/4.1.2 (java windows)
Content-Length: 86
Content-Type: application/json; charset=utf-8
host: localhost:60334
accept: */*

Response DefaultHttpResponse(decodeResult: success, version: HTTP/1.1)
HTTP/1.1 200 OK
Content-Type: application/json; charset=utf-8
cache-control: no-cache
content-length: 88

16:11:47.015 [AsyncHttpClient-1-3] DEBUG org.asynchttpclient.netty.channel.ChannelManager - Adding key: http://localhost:60334 for channel [id: 0x1e10ea6a, L:/127.0.0.1:60476 - R:localhost/127.0.0.1:60334]
16:11:47.017 [Forwarding clearElement on session 9b4fec992645380199f99ee650d14374 to remote] DEBUG org.asynchttpclient.netty.request.NettyRequestSender - Using pooled Channel '[id: 0x1e10ea6a, L:/127.0.0.1:60476 - R:localhost/127.0.0.1:60334]' for 'POST' to 'http://localhost:60334/session/9b4fec992645380199f99ee650d14374/element/b798bb0a-1535-4c4d-8e96-e3fe24638956/clear'
16:11:47.017 [Forwarding clearElement on session 9b4fec992645380199f99ee650d14374 to remote] DEBUG org.asynchttpclient.netty.request.NettyRequestSender - Using open Channel [id: 0x1e10ea6a, L:/127.0.0.1:60476 - R:localhost/127.0.0.1:60334] for POST '/session/9b4fec992645380199f99ee650d14374/element/b798bb0a-1535-4c4d-8e96-e3fe24638956/clear'
16:11:47.085 [AsyncHttpClient-1-3] DEBUG org.asynchttpclient.netty.handler.HttpHandler - 

Request DefaultHttpRequest(decodeResult: success, version: HTTP/1.1)
POST /session/9b4fec992645380199f99ee650d14374/element/b798bb0a-1535-4c4d-8e96-e3fe24638956/clear HTTP/1.1
User-Agent: selenium/4.1.2 (java windows)
Content-Length: 50
Content-Type: application/json; charset=utf-8
host: localhost:60334
accept: */*

Response DefaultHttpResponse(decodeResult: success, version: HTTP/1.1)
HTTP/1.1 200 OK
Content-Type: application/json; charset=utf-8
cache-control: no-cache
content-length: 14

16:11:47.085 [AsyncHttpClient-1-3] DEBUG org.asynchttpclient.netty.channel.ChannelManager - Adding key: http://localhost:60334 for channel [id: 0x1e10ea6a, L:/127.0.0.1:60476 - R:localhost/127.0.0.1:60334]
16:11:47.088 [Forwarding sendKeysToElement on session 9b4fec992645380199f99ee650d14374 to remote] DEBUG org.asynchttpclient.netty.request.NettyRequestSender - Using pooled Channel '[id: 0x1e10ea6a, L:/127.0.0.1:60476 - R:localhost/127.0.0.1:60334]' for 'POST' to 'http://localhost:60334/session/9b4fec992645380199f99ee650d14374/element/b798bb0a-1535-4c4d-8e96-e3fe24638956/value'
16:11:47.088 [Forwarding sendKeysToElement on session 9b4fec992645380199f99ee650d14374 to remote] DEBUG org.asynchttpclient.netty.request.NettyRequestSender - Using open Channel [id: 0x1e10ea6a, L:/127.0.0.1:60476 - R:localhost/127.0.0.1:60334] for POST '/session/9b4fec992645380199f99ee650d14374/element/b798bb0a-1535-4c4d-8e96-e3fe24638956/value'
16:11:47.722 [AsyncHttpClient-1-3] DEBUG org.asynchttpclient.netty.handler.HttpHandler - 

Request DefaultHttpRequest(decodeResult: success, version: HTTP/1.1)
POST /session/9b4fec992645380199f99ee650d14374/element/b798bb0a-1535-4c4d-8e96-e3fe24638956/value HTTP/1.1
User-Agent: selenium/4.1.2 (java windows)
Content-Length: 331
Content-Type: application/json; charset=utf-8
host: localhost:60334
accept: */*

Response DefaultHttpResponse(decodeResult: success, version: HTTP/1.1)
HTTP/1.1 200 OK
Content-Type: application/json; charset=utf-8
cache-control: no-cache
content-length: 14

16:11:47.723 [AsyncHttpClient-1-3] DEBUG org.asynchttpclient.netty.channel.ChannelManager - Adding key: http://localhost:60334 for channel [id: 0x1e10ea6a, L:/127.0.0.1:60476 - R:localhost/127.0.0.1:60334]
16:11:47.744 [Forwarding screenshot on session 9b4fec992645380199f99ee650d14374 to remote] DEBUG org.asynchttpclient.netty.request.NettyRequestSender - Using pooled Channel '[id: 0x1e10ea6a, L:/127.0.0.1:60476 - R:localhost/127.0.0.1:60334]' for 'GET' to 'http://localhost:60334/session/9b4fec992645380199f99ee650d14374/screenshot'
16:11:47.744 [Forwarding screenshot on session 9b4fec992645380199f99ee650d14374 to remote] DEBUG org.asynchttpclient.netty.request.NettyRequestSender - Using open Channel [id: 0x1e10ea6a, L:/127.0.0.1:60476 - R:localhost/127.0.0.1:60334] for GET '/session/9b4fec992645380199f99ee650d14374/screenshot'
16:11:47.941 [AsyncHttpClient-1-1] DEBUG org.asynchttpclient.netty.channel.DefaultChannelPool - Entry count for : http://localhost:60477 : 1
16:11:47.958 [AsyncHttpClient-1-3] DEBUG org.asynchttpclient.netty.handler.HttpHandler - 

Request DefaultFullHttpRequest(decodeResult: success, version: HTTP/1.1, content: EmptyByteBufBE)
GET /session/9b4fec992645380199f99ee650d14374/screenshot HTTP/1.1
User-Agent: selenium/4.1.2 (java windows)
Cache-Control: no-cache
Content-Type: application/json; charset=utf-8
host: localhost:60334
accept: */*

Response DefaultHttpResponse(decodeResult: success, version: HTTP/1.1)
HTTP/1.1 200 OK
Content-Type: application/json; charset=utf-8
cache-control: no-cache
content-length: 34308

16:11:47.959 [AsyncHttpClient-1-3] DEBUG org.asynchttpclient.netty.channel.ChannelManager - Adding key: http://localhost:60334 for channel [id: 0x1e10ea6a, L:/127.0.0.1:60476 - R:localhost/127.0.0.1:60334]
16:11:47.961 [main] DEBUG net.serenitybdd.core.photography.Darkroom - Send negative for processing for target\site\serenity\c97b640ee47fd08e06547c05e5fec6fcb70c1b7d403bc26b28eca1406ba484e2.png
16:11:47.967 [main] DEBUG net.thucydides.core.steps.StepInterceptor - STEP DONE: inputEmailForRegist
  &amp#27;[32mAnd &amp#27;[0m&amp#27;[32mI input email &amp#27;[0m&amp#27;[32m&amp#27;[1m"pondaaginggrit1@gmail.com"&amp#27;[0m &amp#27;[90m# starter.stepdefinitions.RegisterSteps.iInputEmail(java.lang.String)&amp#27;[0m
16:11:47.974 [Darkroom Processing Line] DEBUG net.serenitybdd.core.photography.DarkroomProcessingLine - Processing screenshot image in /var/screenshots/screenshot-5924326823940007683
16:11:47.974 [Darkroom Processing Line] DEBUG net.serenitybdd.core.photography.DarkroomProcessingLine - Saving screenshot to target\site\serenity\c97b640ee47fd08e06547c05e5fec6fcb70c1b7d403bc26b28eca1406ba484e2.png
16:11:48.006 [main] DEBUG net.thucydides.core.steps.StepInterceptor - STARTING STEP: RegisterSteps.inputPass - inputPassForRegist
16:11:48.014 [Forwarding findElement on session 9b4fec992645380199f99ee650d14374 to remote] DEBUG org.asynchttpclient.netty.request.NettyRequestSender - Using pooled Channel '[id: 0x1e10ea6a, L:/127.0.0.1:60476 - R:localhost/127.0.0.1:60334]' for 'POST' to 'http://localhost:60334/session/9b4fec992645380199f99ee650d14374/element'
16:11:48.014 [Forwarding findElement on session 9b4fec992645380199f99ee650d14374 to remote] DEBUG org.asynchttpclient.netty.request.NettyRequestSender - Using open Channel [id: 0x1e10ea6a, L:/127.0.0.1:60476 - R:localhost/127.0.0.1:60334] for POST '/session/9b4fec992645380199f99ee650d14374/element'
16:11:48.058 [AsyncHttpClient-1-3] DEBUG org.asynchttpclient.netty.handler.HttpHandler - 

Request DefaultHttpRequest(decodeResult: success, version: HTTP/1.1)
POST /session/9b4fec992645380199f99ee650d14374/element HTTP/1.1
User-Agent: selenium/4.1.2 (java windows)
Content-Length: 89
Content-Type: application/json; charset=utf-8
host: localhost:60334
accept: */*

Response DefaultHttpResponse(decodeResult: success, version: HTTP/1.1)
HTTP/1.1 200 OK
Content-Type: application/json; charset=utf-8
cache-control: no-cache
content-length: 88

16:11:48.058 [AsyncHttpClient-1-3] DEBUG org.asynchttpclient.netty.channel.ChannelManager - Adding key: http://localhost:60334 for channel [id: 0x1e10ea6a, L:/127.0.0.1:60476 - R:localhost/127.0.0.1:60334]
16:11:48.059 [Forwarding clearElement on session 9b4fec992645380199f99ee650d14374 to remote] DEBUG org.asynchttpclient.netty.request.NettyRequestSender - Using pooled Channel '[id: 0x1e10ea6a, L:/127.0.0.1:60476 - R:localhost/127.0.0.1:60334]' for 'POST' to 'http://localhost:60334/session/9b4fec992645380199f99ee650d14374/element/69e4372e-163e-43e6-930e-91601eeed839/clear'
16:11:48.060 [Forwarding clearElement on session 9b4fec992645380199f99ee650d14374 to remote] DEBUG org.asynchttpclient.netty.request.NettyRequestSender - Using open Channel [id: 0x1e10ea6a, L:/127.0.0.1:60476 - R:localhost/127.0.0.1:60334] for POST '/session/9b4fec992645380199f99ee650d14374/element/69e4372e-163e-43e6-930e-91601eeed839/clear'
16:11:48.149 [AsyncHttpClient-1-3] DEBUG org.asynchttpclient.netty.handler.HttpHandler - 

Request DefaultHttpRequest(decodeResult: success, version: HTTP/1.1)
POST /session/9b4fec992645380199f99ee650d14374/element/69e4372e-163e-43e6-930e-91601eeed839/clear HTTP/1.1
User-Agent: selenium/4.1.2 (java windows)
Content-Length: 50
Content-Type: application/json; charset=utf-8
host: localhost:60334
accept: */*

Response DefaultHttpResponse(decodeResult: success, version: HTTP/1.1)
HTTP/1.1 200 OK
Content-Type: application/json; charset=utf-8
cache-control: no-cache
content-length: 14

16:11:48.149 [AsyncHttpClient-1-3] DEBUG org.asynchttpclient.netty.channel.ChannelManager - Adding key: http://localhost:60334 for channel [id: 0x1e10ea6a, L:/127.0.0.1:60476 - R:localhost/127.0.0.1:60334]
16:11:48.152 [Forwarding sendKeysToElement on session 9b4fec992645380199f99ee650d14374 to remote] DEBUG org.asynchttpclient.netty.request.NettyRequestSender - Using pooled Channel '[id: 0x1e10ea6a, L:/127.0.0.1:60476 - R:localhost/127.0.0.1:60334]' for 'POST' to 'http://localhost:60334/session/9b4fec992645380199f99ee650d14374/element/69e4372e-163e-43e6-930e-91601eeed839/value'
16:11:48.152 [Forwarding sendKeysToElement on session 9b4fec992645380199f99ee650d14374 to remote] DEBUG org.asynchttpclient.netty.request.NettyRequestSender - Using open Channel [id: 0x1e10ea6a, L:/127.0.0.1:60476 - R:localhost/127.0.0.1:60334] for POST '/session/9b4fec992645380199f99ee650d14374/element/69e4372e-163e-43e6-930e-91601eeed839/value'
16:11:48.609 [AsyncHttpClient-1-3] DEBUG org.asynchttpclient.netty.handler.HttpHandler - 

Request DefaultHttpRequest(decodeResult: success, version: HTTP/1.1)
POST /session/9b4fec992645380199f99ee650d14374/element/69e4372e-163e-43e6-930e-91601eeed839/value HTTP/1.1
User-Agent: selenium/4.1.2 (java windows)
Content-Length: 201
Content-Type: application/json; charset=utf-8
host: localhost:60334
accept: */*

Response DefaultHttpResponse(decodeResult: success, version: HTTP/1.1)
HTTP/1.1 200 OK
Content-Type: application/json; charset=utf-8
cache-control: no-cache
content-length: 14

16:11:48.609 [AsyncHttpClient-1-3] DEBUG org.asynchttpclient.netty.channel.ChannelManager - Adding key: http://localhost:60334 for channel [id: 0x1e10ea6a, L:/127.0.0.1:60476 - R:localhost/127.0.0.1:60334]
16:11:48.625 [Forwarding screenshot on session 9b4fec992645380199f99ee650d14374 to remote] DEBUG org.asynchttpclient.netty.request.NettyRequestSender - Using pooled Channel '[id: 0x1e10ea6a, L:/127.0.0.1:60476 - R:localhost/127.0.0.1:60334]' for 'GET' to 'http://localhost:60334/session/9b4fec992645380199f99ee650d14374/screenshot'
16:11:48.625 [Forwarding screenshot on session 9b4fec992645380199f99ee650d14374 to remote] DEBUG org.asynchttpclient.netty.request.NettyRequestSender - Using open Channel [id: 0x1e10ea6a, L:/127.0.0.1:60476 - R:localhost/127.0.0.1:60334] for GET '/session/9b4fec992645380199f99ee650d14374/screenshot'
16:11:48.855 [AsyncHttpClient-1-3] DEBUG org.asynchttpclient.netty.handler.HttpHandler - 

Request DefaultFullHttpRequest(decodeResult: success, version: HTTP/1.1, content: EmptyByteBufBE)
GET /session/9b4fec992645380199f99ee650d14374/screenshot HTTP/1.1
User-Agent: selenium/4.1.2 (java windows)
Cache-Control: no-cache
Content-Type: application/json; charset=utf-8
host: localhost:60334
accept: */*

Response DefaultHttpResponse(decodeResult: success, version: HTTP/1.1)
HTTP/1.1 200 OK
Content-Type: application/json; charset=utf-8
cache-control: no-cache
content-length: 37016

16:11:48.855 [AsyncHttpClient-1-3] DEBUG org.asynchttpclient.netty.channel.ChannelManager - Adding key: http://localhost:60334 for channel [id: 0x1e10ea6a, L:/127.0.0.1:60476 - R:localhost/127.0.0.1:60334]
16:11:48.858 [main] DEBUG net.serenitybdd.core.photography.Darkroom - Send negative for processing for target\site\serenity\af7abb0eb0aa5de1223f34498bfce0a9a0e0d2a8b6a39d12699c471f1c21910a.png
16:11:48.859 [main] DEBUG net.thucydides.core.steps.StepInterceptor - STEP DONE: inputPassForRegist
16:11:48.859 [Darkroom Processing Line] DEBUG net.serenitybdd.core.photography.DarkroomProcessingLine - Processing screenshot image in /var/screenshots/screenshot-4776089091064285848
16:11:48.859 [Darkroom Processing Line] DEBUG net.serenitybdd.core.photography.DarkroomProcessingLine - Saving screenshot to target\site\serenity\af7abb0eb0aa5de1223f34498bfce0a9a0e0d2a8b6a39d12699c471f1c21910a.png
  &amp#27;[32mAnd &amp#27;[0m&amp#27;[32mI input pass &amp#27;[0m&amp#27;[32m&amp#27;[1m"Password3211"&amp#27;[0m               &amp#27;[90m# starter.stepdefinitions.RegisterSteps.inputPass(java.lang.String)&amp#27;[0m
16:11:48.892 [main] DEBUG net.thucydides.core.steps.StepInterceptor - STARTING STEP: RegisterSteps.clickRegisterButton - clickRegisButton
16:11:48.899 [Forwarding findElement on session 9b4fec992645380199f99ee650d14374 to remote] DEBUG org.asynchttpclient.netty.request.NettyRequestSender - Using pooled Channel '[id: 0x1e10ea6a, L:/127.0.0.1:60476 - R:localhost/127.0.0.1:60334]' for 'POST' to 'http://localhost:60334/session/9b4fec992645380199f99ee650d14374/element'
16:11:48.899 [Forwarding findElement on session 9b4fec992645380199f99ee650d14374 to remote] DEBUG org.asynchttpclient.netty.request.NettyRequestSender - Using open Channel [id: 0x1e10ea6a, L:/127.0.0.1:60476 - R:localhost/127.0.0.1:60334] for POST '/session/9b4fec992645380199f99ee650d14374/element'
16:11:48.919 [AsyncHttpClient-1-3] DEBUG org.asynchttpclient.netty.handler.HttpHandler - 

Request DefaultHttpRequest(decodeResult: success, version: HTTP/1.1)
POST /session/9b4fec992645380199f99ee650d14374/element HTTP/1.1
User-Agent: selenium/4.1.2 (java windows)
Content-Length: 138
Content-Type: application/json; charset=utf-8
host: localhost:60334
accept: */*

Response DefaultHttpResponse(decodeResult: success, version: HTTP/1.1)
HTTP/1.1 200 OK
Content-Type: application/json; charset=utf-8
cache-control: no-cache
content-length: 88

16:11:48.919 [AsyncHttpClient-1-3] DEBUG org.asynchttpclient.netty.channel.ChannelManager - Adding key: http://localhost:60334 for channel [id: 0x1e10ea6a, L:/127.0.0.1:60476 - R:localhost/127.0.0.1:60334]
16:11:48.921 [Forwarding getElementTagName on session 9b4fec992645380199f99ee650d14374 to remote] DEBUG org.asynchttpclient.netty.request.NettyRequestSender - Using pooled Channel '[id: 0x1e10ea6a, L:/127.0.0.1:60476 - R:localhost/127.0.0.1:60334]' for 'GET' to 'http://localhost:60334/session/9b4fec992645380199f99ee650d14374/element/7003cd15-e466-4918-aabb-905657b2718e/name'
16:11:48.921 [Forwarding getElementTagName on session 9b4fec992645380199f99ee650d14374 to remote] DEBUG org.asynchttpclient.netty.request.NettyRequestSender - Using open Channel [id: 0x1e10ea6a, L:/127.0.0.1:60476 - R:localhost/127.0.0.1:60334] for GET '/session/9b4fec992645380199f99ee650d14374/element/7003cd15-e466-4918-aabb-905657b2718e/name'
16:11:48.930 [AsyncHttpClient-1-3] DEBUG org.asynchttpclient.netty.handler.HttpHandler - 

Request DefaultFullHttpRequest(decodeResult: success, version: HTTP/1.1, content: EmptyByteBufBE)
GET /session/9b4fec992645380199f99ee650d14374/element/7003cd15-e466-4918-aabb-905657b2718e/name HTTP/1.1
User-Agent: selenium/4.1.2 (java windows)
Cache-Control: no-cache
Content-Type: application/json; charset=utf-8
host: localhost:60334
accept: */*

Response DefaultHttpResponse(decodeResult: success, version: HTTP/1.1)
HTTP/1.1 200 OK
Content-Type: application/json; charset=utf-8
cache-control: no-cache
content-length: 18

16:11:48.930 [AsyncHttpClient-1-3] DEBUG org.asynchttpclient.netty.channel.ChannelManager - Adding key: http://localhost:60334 for channel [id: 0x1e10ea6a, L:/127.0.0.1:60476 - R:localhost/127.0.0.1:60334]
16:11:48.932 [Forwarding getElementTagName on session 9b4fec992645380199f99ee650d14374 to remote] DEBUG org.asynchttpclient.netty.request.NettyRequestSender - Using pooled Channel '[id: 0x1e10ea6a, L:/127.0.0.1:60476 - R:localhost/127.0.0.1:60334]' for 'GET' to 'http://localhost:60334/session/9b4fec992645380199f99ee650d14374/element/7003cd15-e466-4918-aabb-905657b2718e/name'
16:11:48.932 [Forwarding getElementTagName on session 9b4fec992645380199f99ee650d14374 to remote] DEBUG org.asynchttpclient.netty.request.NettyRequestSender - Using open Channel [id: 0x1e10ea6a, L:/127.0.0.1:60476 - R:localhost/127.0.0.1:60334] for GET '/session/9b4fec992645380199f99ee650d14374/element/7003cd15-e466-4918-aabb-905657b2718e/name'
16:11:48.937 [AsyncHttpClient-1-3] DEBUG org.asynchttpclient.netty.handler.HttpHandler - 

Request DefaultFullHttpRequest(decodeResult: success, version: HTTP/1.1, content: EmptyByteBufBE)
GET /session/9b4fec992645380199f99ee650d14374/element/7003cd15-e466-4918-aabb-905657b2718e/name HTTP/1.1
User-Agent: selenium/4.1.2 (java windows)
Cache-Control: no-cache
Content-Type: application/json; charset=utf-8
host: localhost:60334
accept: */*

Response DefaultHttpResponse(decodeResult: success, version: HTTP/1.1)
HTTP/1.1 200 OK
Content-Type: application/json; charset=utf-8
cache-control: no-cache
content-length: 18

16:11:48.937 [AsyncHttpClient-1-3] DEBUG org.asynchttpclient.netty.channel.ChannelManager - Adding key: http://localhost:60334 for channel [id: 0x1e10ea6a, L:/127.0.0.1:60476 - R:localhost/127.0.0.1:60334]
16:11:48.940 [Forwarding isElementEnabled on session 9b4fec992645380199f99ee650d14374 to remote] DEBUG org.asynchttpclient.netty.request.NettyRequestSender - Using pooled Channel '[id: 0x1e10ea6a, L:/127.0.0.1:60476 - R:localhost/127.0.0.1:60334]' for 'GET' to 'http://localhost:60334/session/9b4fec992645380199f99ee650d14374/element/7003cd15-e466-4918-aabb-905657b2718e/enabled'
16:11:48.940 [Forwarding isElementEnabled on session 9b4fec992645380199f99ee650d14374 to remote] DEBUG org.asynchttpclient.netty.request.NettyRequestSender - Using open Channel [id: 0x1e10ea6a, L:/127.0.0.1:60476 - R:localhost/127.0.0.1:60334] for GET '/session/9b4fec992645380199f99ee650d14374/element/7003cd15-e466-4918-aabb-905657b2718e/enabled'
16:11:48.954 [AsyncHttpClient-1-3] DEBUG org.asynchttpclient.netty.handler.HttpHandler - 

Request DefaultFullHttpRequest(decodeResult: success, version: HTTP/1.1, content: EmptyByteBufBE)
GET /session/9b4fec992645380199f99ee650d14374/element/7003cd15-e466-4918-aabb-905657b2718e/enabled HTTP/1.1
User-Agent: selenium/4.1.2 (java windows)
Cache-Control: no-cache
Content-Type: application/json; charset=utf-8
host: localhost:60334
accept: */*

Response DefaultHttpResponse(decodeResult: success, version: HTTP/1.1)
HTTP/1.1 200 OK
Content-Type: application/json; charset=utf-8
cache-control: no-cache
content-length: 14

16:11:48.955 [AsyncHttpClient-1-3] DEBUG org.asynchttpclient.netty.channel.ChannelManager - Adding key: http://localhost:60334 for channel [id: 0x1e10ea6a, L:/127.0.0.1:60476 - R:localhost/127.0.0.1:60334]
16:11:48.957 [Forwarding isElementEnabled on session 9b4fec992645380199f99ee650d14374 to remote] DEBUG org.asynchttpclient.netty.request.NettyRequestSender - Using pooled Channel '[id: 0x1e10ea6a, L:/127.0.0.1:60476 - R:localhost/127.0.0.1:60334]' for 'GET' to 'http://localhost:60334/session/9b4fec992645380199f99ee650d14374/element/7003cd15-e466-4918-aabb-905657b2718e/enabled'
16:11:48.957 [Forwarding isElementEnabled on session 9b4fec992645380199f99ee650d14374 to remote] DEBUG org.asynchttpclient.netty.request.NettyRequestSender - Using open Channel [id: 0x1e10ea6a, L:/127.0.0.1:60476 - R:localhost/127.0.0.1:60334] for GET '/session/9b4fec992645380199f99ee650d14374/element/7003cd15-e466-4918-aabb-905657b2718e/enabled'
16:11:48.965 [AsyncHttpClient-1-3] DEBUG org.asynchttpclient.netty.handler.HttpHandler - 

Request DefaultFullHttpRequest(decodeResult: success, version: HTTP/1.1, content: EmptyByteBufBE)
GET /session/9b4fec992645380199f99ee650d14374/element/7003cd15-e466-4918-aabb-905657b2718e/enabled HTTP/1.1
User-Agent: selenium/4.1.2 (java windows)
Cache-Control: no-cache
Content-Type: application/json; charset=utf-8
host: localhost:60334
accept: */*

Response DefaultHttpResponse(decodeResult: success, version: HTTP/1.1)
HTTP/1.1 200 OK
Content-Type: application/json; charset=utf-8
cache-control: no-cache
content-length: 14

16:11:48.966 [AsyncHttpClient-1-3] DEBUG org.asynchttpclient.netty.channel.ChannelManager - Adding key: http://localhost:60334 for channel [id: 0x1e10ea6a, L:/127.0.0.1:60476 - R:localhost/127.0.0.1:60334]
16:11:48.968 [Forwarding findElement on session 9b4fec992645380199f99ee650d14374 to remote] DEBUG org.asynchttpclient.netty.request.NettyRequestSender - Using pooled Channel '[id: 0x1e10ea6a, L:/127.0.0.1:60476 - R:localhost/127.0.0.1:60334]' for 'POST' to 'http://localhost:60334/session/9b4fec992645380199f99ee650d14374/element'
16:11:48.968 [Forwarding findElement on session 9b4fec992645380199f99ee650d14374 to remote] DEBUG org.asynchttpclient.netty.request.NettyRequestSender - Using open Channel [id: 0x1e10ea6a, L:/127.0.0.1:60476 - R:localhost/127.0.0.1:60334] for POST '/session/9b4fec992645380199f99ee650d14374/element'
16:11:48.982 [AsyncHttpClient-1-3] DEBUG org.asynchttpclient.netty.handler.HttpHandler - 

Request DefaultHttpRequest(decodeResult: success, version: HTTP/1.1)
POST /session/9b4fec992645380199f99ee650d14374/element HTTP/1.1
User-Agent: selenium/4.1.2 (java windows)
Content-Length: 138
Content-Type: application/json; charset=utf-8
host: localhost:60334
accept: */*

Response DefaultHttpResponse(decodeResult: success, version: HTTP/1.1)
HTTP/1.1 200 OK
Content-Type: application/json; charset=utf-8
cache-control: no-cache
content-length: 88

16:11:48.982 [AsyncHttpClient-1-3] DEBUG org.asynchttpclient.netty.channel.ChannelManager - Adding key: http://localhost:60334 for channel [id: 0x1e10ea6a, L:/127.0.0.1:60476 - R:localhost/127.0.0.1:60334]
16:11:48.984 [Forwarding clickElement on session 9b4fec992645380199f99ee650d14374 to remote] DEBUG org.asynchttpclient.netty.request.NettyRequestSender - Using pooled Channel '[id: 0x1e10ea6a, L:/127.0.0.1:60476 - R:localhost/127.0.0.1:60334]' for 'POST' to 'http://localhost:60334/session/9b4fec992645380199f99ee650d14374/element/7003cd15-e466-4918-aabb-905657b2718e/click'
16:11:48.984 [Forwarding clickElement on session 9b4fec992645380199f99ee650d14374 to remote] DEBUG org.asynchttpclient.netty.request.NettyRequestSender - Using open Channel [id: 0x1e10ea6a, L:/127.0.0.1:60476 - R:localhost/127.0.0.1:60334] for POST '/session/9b4fec992645380199f99ee650d14374/element/7003cd15-e466-4918-aabb-905657b2718e/click'
16:11:49.036 [AsyncHttpClient-1-1] DEBUG org.asynchttpclient.netty.channel.DefaultChannelPool - Entry count for : http://localhost:60477 : 1
16:11:49.180 [AsyncHttpClient-1-3] DEBUG org.asynchttpclient.netty.handler.HttpHandler - 

Request DefaultHttpRequest(decodeResult: success, version: HTTP/1.1)
POST /session/9b4fec992645380199f99ee650d14374/element/7003cd15-e466-4918-aabb-905657b2718e/click HTTP/1.1
User-Agent: selenium/4.1.2 (java windows)
Content-Length: 50
Content-Type: application/json; charset=utf-8
host: localhost:60334
accept: */*

Response DefaultHttpResponse(decodeResult: success, version: HTTP/1.1)
HTTP/1.1 200 OK
Content-Type: application/json; charset=utf-8
cache-control: no-cache
content-length: 14

16:11:49.180 [AsyncHttpClient-1-3] DEBUG org.asynchttpclient.netty.channel.ChannelManager - Adding key: http://localhost:60334 for channel [id: 0x1e10ea6a, L:/127.0.0.1:60476 - R:localhost/127.0.0.1:60334]
16:11:49.191 [Forwarding screenshot on session 9b4fec992645380199f99ee650d14374 to remote] DEBUG org.asynchttpclient.netty.request.NettyRequestSender - Using pooled Channel '[id: 0x1e10ea6a, L:/127.0.0.1:60476 - R:localhost/127.0.0.1:60334]' for 'GET' to 'http://localhost:60334/session/9b4fec992645380199f99ee650d14374/screenshot'
16:11:49.191 [Forwarding screenshot on session 9b4fec992645380199f99ee650d14374 to remote] DEBUG org.asynchttpclient.netty.request.NettyRequestSender - Using open Channel [id: 0x1e10ea6a, L:/127.0.0.1:60476 - R:localhost/127.0.0.1:60334] for GET '/session/9b4fec992645380199f99ee650d14374/screenshot'
16:11:49.747 [AsyncHttpClient-1-3] DEBUG org.asynchttpclient.netty.handler.HttpHandler - 

Request DefaultFullHttpRequest(decodeResult: success, version: HTTP/1.1, content: EmptyByteBufBE)
GET /session/9b4fec992645380199f99ee650d14374/screenshot HTTP/1.1
User-Agent: selenium/4.1.2 (java windows)
Cache-Control: no-cache
Content-Type: application/json; charset=utf-8
host: localhost:60334
accept: */*

Response DefaultHttpResponse(decodeResult: success, version: HTTP/1.1)
HTTP/1.1 200 OK
Content-Type: application/json; charset=utf-8
cache-control: no-cache
content-length: 38616

16:11:49.747 [AsyncHttpClient-1-3] DEBUG org.asynchttpclient.netty.channel.ChannelManager - Adding key: http://localhost:60334 for channel [id: 0x1e10ea6a, L:/127.0.0.1:60476 - R:localhost/127.0.0.1:60334]
16:11:49.750 [main] DEBUG net.serenitybdd.core.photography.Darkroom - Send negative for processing for target\site\serenity\503bd0bc3c4f357efa7d6ba17a54883c9d6982e00daed4fc4888e851ed1158b2.png
16:11:49.750 [main] DEBUG net.thucydides.core.steps.StepInterceptor - STEP DONE: clickRegisButton
  &amp#27;[32mAnd &amp#27;[0m&amp#27;[32mclick register button&amp#27;[0m                     &amp#27;[90m# starter.stepdefinitions.RegisterSteps.clickRegisterButton()&amp#27;[0m
16:11:49.751 [Darkroom Processing Line] DEBUG net.serenitybdd.core.photography.DarkroomProcessingLine - Processing screenshot image in /var/screenshots/screenshot-18104853063541628647
16:11:49.757 [Darkroom Processing Line] DEBUG net.serenitybdd.core.photography.DarkroomProcessingLine - Saving screenshot to target\site\serenity\503bd0bc3c4f357efa7d6ba17a54883c9d6982e00daed4fc4888e851ed1158b2.png
16:11:49.777 [main] DEBUG net.thucydides.core.steps.StepInterceptor - STARTING STEP: RegisterSteps.iGetResult - alertSymbolAppears
16:11:49.781 [Forwarding findElement on session 9b4fec992645380199f99ee650d14374 to remote] DEBUG org.asynchttpclient.netty.request.NettyRequestSender - Using pooled Channel '[id: 0x1e10ea6a, L:/127.0.0.1:60476 - R:localhost/127.0.0.1:60334]' for 'POST' to 'http://localhost:60334/session/9b4fec992645380199f99ee650d14374/element'
16:11:49.781 [Forwarding findElement on session 9b4fec992645380199f99ee650d14374 to remote] DEBUG org.asynchttpclient.netty.request.NettyRequestSender - Using open Channel [id: 0x1e10ea6a, L:/127.0.0.1:60476 - R:localhost/127.0.0.1:60334] for POST '/session/9b4fec992645380199f99ee650d14374/element'
16:11:49.785 [AsyncHttpClient-1-3] DEBUG org.asynchttpclient.netty.handler.HttpHandler - 

Request DefaultHttpRequest(decodeResult: success, version: HTTP/1.1)
POST /session/9b4fec992645380199f99ee650d14374/element HTTP/1.1
User-Agent: selenium/4.1.2 (java windows)
Content-Length: 53
Content-Type: application/json; charset=utf-8
host: localhost:60334
accept: */*

Response DefaultHttpResponse(decodeResult: success, version: HTTP/1.1)
HTTP/1.1 400 Bad Request
Content-Type: application/json; charset=utf-8
cache-control: no-cache
content-length: 957

16:11:49.786 [AsyncHttpClient-1-3] DEBUG org.asynchttpclient.netty.channel.ChannelManager - Adding key: http://localhost:60334 for channel [id: 0x1e10ea6a, L:/127.0.0.1:60476 - R:localhost/127.0.0.1:60334]
16:11:49.788 [Forwarding findElement on session 9b4fec992645380199f99ee650d14374 to remote] DEBUG org.asynchttpclient.netty.request.NettyRequestSender - Using pooled Channel '[id: 0x1e10ea6a, L:/127.0.0.1:60476 - R:localhost/127.0.0.1:60334]' for 'POST' to 'http://localhost:60334/session/9b4fec992645380199f99ee650d14374/element'
16:11:49.788 [Forwarding findElement on session 9b4fec992645380199f99ee650d14374 to remote] DEBUG org.asynchttpclient.netty.request.NettyRequestSender - Using open Channel [id: 0x1e10ea6a, L:/127.0.0.1:60476 - R:localhost/127.0.0.1:60334] for POST '/session/9b4fec992645380199f99ee650d14374/element'
16:11:49.807 [AsyncHttpClient-1-3] DEBUG org.asynchttpclient.netty.handler.HttpHandler - 

Request DefaultHttpRequest(decodeResult: success, version: HTTP/1.1)
POST /session/9b4fec992645380199f99ee650d14374/element HTTP/1.1
User-Agent: selenium/4.1.2 (java windows)
Content-Length: 63
Content-Type: application/json; charset=utf-8
host: localhost:60334
accept: */*

Response DefaultHttpResponse(decodeResult: success, version: HTTP/1.1)
HTTP/1.1 200 OK
Content-Type: application/json; charset=utf-8
cache-control: no-cache
content-length: 88

16:11:49.807 [AsyncHttpClient-1-3] DEBUG org.asynchttpclient.netty.channel.ChannelManager - Adding key: http://localhost:60334 for channel [id: 0x1e10ea6a, L:/127.0.0.1:60476 - R:localhost/127.0.0.1:60334]
16:11:49.814 [Forwarding isElementDisplayed on session 9b4fec992645380199f99ee650d14374 to remote] DEBUG org.asynchttpclient.netty.request.NettyRequestSender - Using pooled Channel '[id: 0x1e10ea6a, L:/127.0.0.1:60476 - R:localhost/127.0.0.1:60334]' for 'POST' to 'http://localhost:60334/session/9b4fec992645380199f99ee650d14374/execute/sync'
16:11:49.814 [Forwarding isElementDisplayed on session 9b4fec992645380199f99ee650d14374 to remote] DEBUG org.asynchttpclient.netty.request.NettyRequestSender - Using open Channel [id: 0x1e10ea6a, L:/127.0.0.1:60476 - R:localhost/127.0.0.1:60334] for POST '/session/9b4fec992645380199f99ee650d14374/execute/sync'
16:11:49.839 [AsyncHttpClient-1-3] DEBUG org.asynchttpclient.netty.handler.HttpHandler - 

Request DefaultHttpRequest(decodeResult: success, version: HTTP/1.1)
POST /session/9b4fec992645380199f99ee650d14374/execute/sync HTTP/1.1
User-Agent: selenium/4.1.2 (java windows)
Content-Length: 48780
Content-Type: application/json; charset=utf-8
host: localhost:60334
accept: */*

Response DefaultHttpResponse(decodeResult: success, version: HTTP/1.1)
HTTP/1.1 200 OK
Content-Type: application/json; charset=utf-8
cache-control: no-cache
content-length: 14

16:11:49.839 [AsyncHttpClient-1-3] DEBUG org.asynchttpclient.netty.channel.ChannelManager - Adding key: http://localhost:60334 for channel [id: 0x1e10ea6a, L:/127.0.0.1:60476 - R:localhost/127.0.0.1:60334]
16:11:49.846 [Forwarding screenshot on session 9b4fec992645380199f99ee650d14374 to remote] DEBUG org.asynchttpclient.netty.request.NettyRequestSender - Using pooled Channel '[id: 0x1e10ea6a, L:/127.0.0.1:60476 - R:localhost/127.0.0.1:60334]' for 'GET' to 'http://localhost:60334/session/9b4fec992645380199f99ee650d14374/screenshot'
16:11:49.846 [Forwarding screenshot on session 9b4fec992645380199f99ee650d14374 to remote] DEBUG org.asynchttpclient.netty.request.NettyRequestSender - Using open Channel [id: 0x1e10ea6a, L:/127.0.0.1:60476 - R:localhost/127.0.0.1:60334] for GET '/session/9b4fec992645380199f99ee650d14374/screenshot'
16:11:50.006 [AsyncHttpClient-1-3] DEBUG org.asynchttpclient.netty.handler.HttpHandler - 

Request DefaultFullHttpRequest(decodeResult: success, version: HTTP/1.1, content: EmptyByteBufBE)
GET /session/9b4fec992645380199f99ee650d14374/screenshot HTTP/1.1
User-Agent: selenium/4.1.2 (java windows)
Cache-Control: no-cache
Content-Type: application/json; charset=utf-8
host: localhost:60334
accept: */*

Response DefaultHttpResponse(decodeResult: success, version: HTTP/1.1)
HTTP/1.1 200 OK
Content-Type: application/json; charset=utf-8
cache-control: no-cache
content-length: 38644

16:11:50.006 [AsyncHttpClient-1-3] DEBUG org.asynchttpclient.netty.channel.ChannelManager - Adding key: http://localhost:60334 for channel [id: 0x1e10ea6a, L:/127.0.0.1:60476 - R:localhost/127.0.0.1:60334]
16:11:50.008 [main] DEBUG net.serenitybdd.core.photography.Darkroom - Send negative for processing for target\site\serenity\db1917a24b19deabe6165eedd7b0b9606a401d3c3d33a84904bd44eedc5b3f27.png
16:11:50.008 [main] DEBUG net.thucydides.core.steps.StepInterceptor - STEP DONE: alertSymbolAppears
16:11:50.009 [Darkroom Processing Line] DEBUG net.serenitybdd.core.photography.DarkroomProcessingLine - Processing screenshot image in /var/screenshots/screenshot-5558729609707108585
16:11:50.009 [Darkroom Processing Line] DEBUG net.serenitybdd.core.photography.DarkroomProcessingLine - Saving screenshot to target\site\serenity\db1917a24b19deabe6165eedd7b0b9606a401d3c3d33a84904bd44eedc5b3f27.png
16:11:50.116 [Forwarding findElement on session 9b4fec992645380199f99ee650d14374 to remote] DEBUG org.asynchttpclient.netty.request.NettyRequestSender - Using pooled Channel '[id: 0x1e10ea6a, L:/127.0.0.1:60476 - R:localhost/127.0.0.1:60334]' for 'POST' to 'http://localhost:60334/session/9b4fec992645380199f99ee650d14374/element'
16:11:50.117 [Forwarding findElement on session 9b4fec992645380199f99ee650d14374 to remote] DEBUG org.asynchttpclient.netty.request.NettyRequestSender - Using open Channel [id: 0x1e10ea6a, L:/127.0.0.1:60476 - R:localhost/127.0.0.1:60334] for POST '/session/9b4fec992645380199f99ee650d14374/element'
16:11:50.126 [AsyncHttpClient-1-3] DEBUG org.asynchttpclient.netty.handler.HttpHandler - 

Request DefaultHttpRequest(decodeResult: success, version: HTTP/1.1)
POST /session/9b4fec992645380199f99ee650d14374/element HTTP/1.1
User-Agent: selenium/4.1.2 (java windows)
Content-Length: 63
Content-Type: application/json; charset=utf-8
host: localhost:60334
accept: */*

Response DefaultHttpResponse(decodeResult: success, version: HTTP/1.1)
HTTP/1.1 200 OK
Content-Type: application/json; charset=utf-8
cache-control: no-cache
content-length: 88

16:11:50.126 [AsyncHttpClient-1-3] DEBUG org.asynchttpclient.netty.channel.ChannelManager - Adding key: http://localhost:60334 for channel [id: 0x1e10ea6a, L:/127.0.0.1:60476 - R:localhost/127.0.0.1:60334]
16:11:50.128 [Forwarding getElementText on session 9b4fec992645380199f99ee650d14374 to remote] DEBUG org.asynchttpclient.netty.request.NettyRequestSender - Using pooled Channel '[id: 0x1e10ea6a, L:/127.0.0.1:60476 - R:localhost/127.0.0.1:60334]' for 'GET' to 'http://localhost:60334/session/9b4fec992645380199f99ee650d14374/element/60bd0c56-4143-41f6-86f6-07e6625dbdc9/text'
16:11:50.128 [Forwarding getElementText on session 9b4fec992645380199f99ee650d14374 to remote] DEBUG org.asynchttpclient.netty.request.NettyRequestSender - Using open Channel [id: 0x1e10ea6a, L:/127.0.0.1:60476 - R:localhost/127.0.0.1:60334] for GET '/session/9b4fec992645380199f99ee650d14374/element/60bd0c56-4143-41f6-86f6-07e6625dbdc9/text'
16:11:50.137 [AsyncHttpClient-1-1] DEBUG org.asynchttpclient.netty.channel.DefaultChannelPool - Entry count for : http://localhost:60477 : 1
16:11:50.151 [AsyncHttpClient-1-3] DEBUG org.asynchttpclient.netty.handler.HttpHandler - 

Request DefaultFullHttpRequest(decodeResult: success, version: HTTP/1.1, content: EmptyByteBufBE)
GET /session/9b4fec992645380199f99ee650d14374/element/60bd0c56-4143-41f6-86f6-07e6625dbdc9/text HTTP/1.1
User-Agent: selenium/4.1.2 (java windows)
Cache-Control: no-cache
Content-Type: application/json; charset=utf-8
host: localhost:60334
accept: */*

Response DefaultHttpResponse(decodeResult: success, version: HTTP/1.1)
HTTP/1.1 200 OK
Content-Type: application/json; charset=utf-8
cache-control: no-cache
content-length: 12

16:11:50.151 [AsyncHttpClient-1-3] DEBUG org.asynchttpclient.netty.channel.ChannelManager - Adding key: http://localhost:60334 for channel [id: 0x1e10ea6a, L:/127.0.0.1:60476 - R:localhost/127.0.0.1:60334]
  &amp#27;[32mThen &amp#27;[0m&amp#27;[32mI get the &amp#27;[0m&amp#27;[32m&amp#27;[1m"alert symbol"&amp#27;[0m                 &amp#27;[90m# starter.stepdefinitions.RegisterSteps.iGetResult(java.lang.String)&amp#27;[0m
16:11:50.158 [Forwarding screenshot on session 9b4fec992645380199f99ee650d14374 to remote] DEBUG org.asynchttpclient.netty.request.NettyRequestSender - Using pooled Channel '[id: 0x1e10ea6a, L:/127.0.0.1:60476 - R:localhost/127.0.0.1:60334]' for 'GET' to 'http://localhost:60334/session/9b4fec992645380199f99ee650d14374/screenshot'
16:11:50.158 [Forwarding screenshot on session 9b4fec992645380199f99ee650d14374 to remote] DEBUG org.asynchttpclient.netty.request.NettyRequestSender - Using open Channel [id: 0x1e10ea6a, L:/127.0.0.1:60476 - R:localhost/127.0.0.1:60334] for GET '/session/9b4fec992645380199f99ee650d14374/screenshot'
16:11:50.332 [AsyncHttpClient-1-3] DEBUG org.asynchttpclient.netty.handler.HttpHandler - 

Request DefaultFullHttpRequest(decodeResult: success, version: HTTP/1.1, content: EmptyByteBufBE)
GET /session/9b4fec992645380199f99ee650d14374/screenshot HTTP/1.1
User-Agent: selenium/4.1.2 (java windows)
Cache-Control: no-cache
Content-Type: application/json; charset=utf-8
host: localhost:60334
accept: */*

Response DefaultHttpResponse(decodeResult: success, version: HTTP/1.1)
HTTP/1.1 200 OK
Content-Type: application/json; charset=utf-8
cache-control: no-cache
content-length: 38644

16:11:50.333 [AsyncHttpClient-1-3] DEBUG org.asynchttpclient.netty.channel.ChannelManager - Adding key: http://localhost:60334 for channel [id: 0x1e10ea6a, L:/127.0.0.1:60476 - R:localhost/127.0.0.1:60334]
16:11:50.337 [main] DEBUG net.serenitybdd.core.photography.Darkroom - Send negative for processing for target\site\serenity\db1917a24b19deabe6165eedd7b0b9606a401d3c3d33a84904bd44eedc5b3f27.png
16:11:50.348 [AsyncHttpClient-1-5] DEBUG org.asynchttpclient.netty.handler.WebSocketHandler - Channel Closed: [id: 0x1984b34b, L:/127.0.0.1:60484 ! R:localhost/127.0.0.1:60477] with attribute NettyResponseFuture{currentRetry=5,
	isDone=1,
	isCancelled=0,
	asyncHandler=org.asynchttpclient.ws.WebSocketUpgradeHandler@6259d730,
	nettyRequest=org.asynchttpclient.netty.request.NettyRequest@5d3baf08,
	future=java.util.concurrent.CompletableFuture@1a5b747c[Completed normally],
	uri=ws://localhost:60477/devtools/browser/ed2b3f61-6860-474a-af3d-b929f7f1a48e,
	keepAlive=true,
	redirectCount=0,
	timeoutsHolder=null,
	inAuth=0,
	touch=1652778702371}
16:11:50.348 [AsyncHttpClient-1-5] DEBUG org.asynchttpclient.netty.channel.ChannelManager - Closing Channel [id: 0x1984b34b, L:/127.0.0.1:60484 ! R:localhost/127.0.0.1:60477] 
16:11:50.349 [Driver Command Executor] DEBUG org.asynchttpclient.netty.request.NettyRequestSender - Using pooled Channel '[id: 0x1e10ea6a, L:/127.0.0.1:60476 - R:localhost/127.0.0.1:60334]' for 'DELETE' to 'http://localhost:60334/session/9b4fec992645380199f99ee650d14374'
16:11:50.349 [Driver Command Executor] DEBUG org.asynchttpclient.netty.request.NettyRequestSender - Using open Channel [id: 0x1e10ea6a, L:/127.0.0.1:60476 - R:localhost/127.0.0.1:60334] for DELETE '/session/9b4fec992645380199f99ee650d14374'
16:11:50.636 [AsyncHttpClient-1-4] DEBUG org.asynchttpclient.netty.handler.HttpHandler - Unexpected I/O exception on channel [id: 0x1b393ece, L:/127.0.0.1:60483 - R:localhost/127.0.0.1:60477]
java.net.SocketException: Connection reset
	at java.base/sun.nio.ch.SocketChannelImpl.throwConnectionReset(SocketChannelImpl.java:367)
	at java.base/sun.nio.ch.SocketChannelImpl.read(SocketChannelImpl.java:398)
	at io.netty.buffer.PooledByteBuf.setBytes(PooledByteBuf.java:258)
	at io.netty.buffer.AbstractByteBuf.writeBytes(AbstractByteBuf.java:1132)
	at io.netty.channel.socket.nio.NioSocketChannel.doReadBytes(NioSocketChannel.java:350)
	at io.netty.channel.nio.AbstractNioByteChannel$NioByteUnsafe.read(AbstractNioByteChannel.java:151)
	at io.netty.channel.nio.NioEventLoop.processSelectedKey(NioEventLoop.java:722)
	at io.netty.channel.nio.NioEventLoop.processSelectedKeysOptimized(NioEventLoop.java:658)
	at io.netty.channel.nio.NioEventLoop.processSelectedKeys(NioEventLoop.java:584)
	at io.netty.channel.nio.NioEventLoop.run(NioEventLoop.java:496)
	at io.netty.util.concurrent.SingleThreadEventExecutor$4.run(SingleThreadEventExecutor.java:986)
	at io.netty.util.internal.ThreadExecutorMap$2.run(ThreadExecutorMap.java:74)
	at io.netty.util.concurrent.FastThreadLocalRunnable.run(FastThreadLocalRunnable.java:30)
	at java.base/java.lang.Thread.run(Thread.java:832)
16:11:50.636 [AsyncHttpClient-1-4] DEBUG org.asynchttpclient.netty.channel.ChannelManager - Closing Channel [id: 0x1b393ece, L:/127.0.0.1:60483 - R:localhost/127.0.0.1:60477] 
16:11:50.637 [AsyncHttpClient-1-4] DEBUG org.asynchttpclient.netty.handler.HttpHandler - Channel Closed: [id: 0x1b393ece, L:/127.0.0.1:60483 ! R:localhost/127.0.0.1:60477] with attribute DISCARD
16:11:50.683 [AsyncHttpClient-1-3] DEBUG org.asynchttpclient.netty.handler.HttpHandler - 

Request DefaultFullHttpRequest(decodeResult: success, version: HTTP/1.1, content: EmptyByteBufBE)
DELETE /session/9b4fec992645380199f99ee650d14374 HTTP/1.1
User-Agent: selenium/4.1.2 (java windows)
Content-Type: application/json; charset=utf-8
host: localhost:60334
accept: */*

Response DefaultHttpResponse(decodeResult: success, version: HTTP/1.1)
HTTP/1.1 200 OK
Content-Type: application/json; charset=utf-8
cache-control: no-cache
content-length: 14

16:11:50.683 [AsyncHttpClient-1-3] DEBUG org.asynchttpclient.netty.channel.ChannelManager - Adding key: http://localhost:60334 for channel [id: 0x1e10ea6a, L:/127.0.0.1:60476 - R:localhost/127.0.0.1:60334]
16:11:51.236 [AsyncHttpClient-1-1] DEBUG org.asynchttpclient.netty.channel.DefaultChannelPool - Entry count for : http://localhost:60334 : 1
16:11:51.236 [AsyncHttpClient-1-1] DEBUG org.asynchttpclient.netty.channel.DefaultChannelPool - Entry count for : http://localhost:60477 : 1
16:11:51.236 [AsyncHttpClient-1-1] DEBUG org.asynchttpclient.netty.channel.DefaultChannelPool - Adding Candidate expired Channel [id: 0x1b393ece, L:/127.0.0.1:60483 ! R:localhost/127.0.0.1:60477] isIdleTimeoutExpired=false isRemotelyClosed=true isTtlExpired=false
16:11:51.236 [AsyncHttpClient-1-1] DEBUG org.asynchttpclient.netty.channel.DefaultChannelPool - Closing Idle Channel [id: 0x1b393ece, L:/127.0.0.1:60483 ! R:localhost/127.0.0.1:60477]
16:11:51.236 [AsyncHttpClient-1-1] DEBUG org.asynchttpclient.netty.channel.DefaultChannelPool - Closed 1 connections out of 2 in 0 ms
16:11:51.362 [AsyncHttpClient-1-3] DEBUG org.asynchttpclient.netty.handler.HttpHandler - Channel Closed: [id: 0x1e10ea6a, L:/127.0.0.1:60476 ! R:localhost/127.0.0.1:60334] with attribute DISCARD
16:11:51.892 [main] INFO  - 
  _____   ___   ___   _____     ___     _     ___   ___   ___   ___  
 |_   _| | __| / __| |_   _|   | _ \   /_\   / __| / __| | __| |   \ 
   | |   | _|  \__ \   | |     |  _/  / _ \  \__ \ \__ \ | _|  | |) |
   |_|   |___| |___/   |_|     |_|   /_/ \_\ |___/ |___/ |___| |___/ 

Register
----------------------------------------------------------------------
]]></system-out>
    <system-err><![CDATA[Starting ChromeDriver 100.0.4896.60 (6a5d10861ce8de5fce22564658033b43cb7de047-refs/branch-heads/4896@{#875}) on port 60334
Only local connections are allowed.
Please see https://chromedriver.chromium.org/security-considerations for suggestions on keeping ChromeDriver safe.
ChromeDriver was started successfully.
[1652778701.722][WARNING]: This version of ChromeDriver has not been tested with Chrome version 101.
May 17, 2022 4:11:42 PM org.openqa.selenium.remote.ProtocolHandshake createSession
INFO: Detected dialect: W3C
May 17, 2022 4:11:42 PM org.openqa.selenium.devtools.CdpVersionFinder findNearestMatch
WARNING: Unable to find an exact match for CDP version 101, so returning the closest version found: 97
May 17, 2022 4:11:42 PM org.openqa.selenium.devtools.CdpVersionFinder findNearestMatch
INFO: Found CDP implementation for version 101 of 97
]]></system-err>
  </testcase>
  <testcase name="Register #3" classname="Register" time="11.983">
    <system-out><![CDATA[
Scenario Outline: Register      &amp#27;[90m# src/test/resources/features/Register.feature:18&amp#27;[0m
16:11:51.918 [main] INFO io.cucumber.core.plugin.SerenityReporter - Running feature from file:///C:/Users/ponda/Documents/Final_Project/Final_Web/src/test/resources/features/Register.feature
16:11:51.998 [main] DEBUG net.thucydides.core.steps.StepInterceptor - STARTING STEP: RegisterSteps.onRegisterPage - openRegisURL
16:11:52.010 [main] INFO net.serenitybdd.core.webdriver.driverproviders.ChromeDriverProvider - Using automatically driver download
16:11:52.339 [AsyncHttpClient-1-1] DEBUG org.asynchttpclient.netty.channel.DefaultChannelPool - Entry count for : http://localhost:60334 : 1
16:11:52.339 [AsyncHttpClient-1-1] DEBUG org.asynchttpclient.netty.channel.DefaultChannelPool - Adding Candidate expired Channel [id: 0x1e10ea6a, L:/127.0.0.1:60476 ! R:localhost/127.0.0.1:60334] isIdleTimeoutExpired=false isRemotelyClosed=true isTtlExpired=false
16:11:52.339 [AsyncHttpClient-1-1] DEBUG org.asynchttpclient.netty.channel.DefaultChannelPool - Closing Idle Channel [id: 0x1e10ea6a, L:/127.0.0.1:60476 ! R:localhost/127.0.0.1:60334]
16:11:52.339 [AsyncHttpClient-1-1] DEBUG org.asynchttpclient.netty.channel.DefaultChannelPool - Closed 1 connections out of 1 in 0 ms
16:11:52.379 [main] DEBUG io.github.bonigarcia.wdm.cache.ResolutionCache - Resolution chrome=101 in cache (valid until 17:04:06 17/05/2022 WIB)
16:11:52.397 [main] DEBUG io.github.bonigarcia.wdm.cache.ResolutionCache - Resolution chrome101=101.0.4951.41 in cache (valid until 16:04:06 18/05/2022 WIB)
16:11:52.404 [main] INFO io.github.bonigarcia.wdm.WebDriverManager - Using chromedriver 101.0.4951.41 (resolved driver for Chrome 101)
16:11:52.464 [main] DEBUG io.github.bonigarcia.wdm.WebDriverManager - Driver chromedriver 101.0.4951.41 found in cache
16:11:52.466 [main] INFO io.github.bonigarcia.wdm.WebDriverManager - Exporting webdriver.chrome.driver as C:\Users\ponda\.cache\selenium\chromedriver\win32\101.0.4951.41\chromedriver.exe
16:11:52.748 [main] DEBUG net.serenitybdd.core.webdriver.driverproviders.ProvideNewDriver - Instantiating driver
16:11:52.748 [main] DEBUG net.serenitybdd.core.webdriver.driverproviders.ProvideNewDriver - Driver capabilities: Capabilities {acceptInsecureCerts: false, base.url: https://qa.alta.id, browserName: chrome, chrome.driver: src/test/resources/webdrive..., driver: chrome, goog:chromeOptions: {args: [], extensions: []}}
16:11:53.280 [AsyncHttpClient-1-2] DEBUG org.asynchttpclient.netty.channel.NettyConnectListener - Using new Channel '[id: 0x0f6532c8, L:/127.0.0.1:60506 - R:localhost/127.0.0.1:59218]' for 'POST' to '/session'
16:11:56.011 [AsyncHttpClient-1-2] DEBUG org.asynchttpclient.netty.handler.HttpHandler - 

Request DefaultHttpRequest(decodeResult: success, version: HTTP/1.1)
POST /session HTTP/1.1
User-Agent: selenium/4.1.2 (java windows)
Content-Length: 599
Content-Type: application/json; charset=utf-8
host: localhost:59218
accept: */*

Response DefaultHttpResponse(decodeResult: success, version: HTTP/1.1)
HTTP/1.1 200 OK
Content-Type: application/json; charset=utf-8
cache-control: no-cache
content-length: 789

16:11:56.011 [AsyncHttpClient-1-2] DEBUG org.asynchttpclient.netty.channel.ChannelManager - Adding key: http://localhost:59218 for channel [id: 0x0f6532c8, L:/127.0.0.1:60506 - R:localhost/127.0.0.1:59218]
16:11:56.025 [AsyncHttpClient-1-3] DEBUG org.asynchttpclient.netty.channel.NettyConnectListener - Using new Channel '[id: 0xeb98e7f3, L:/127.0.0.1:60513 - R:localhost/127.0.0.1:60507]' for 'GET' to '/json/version'
16:11:56.026 [AsyncHttpClient-1-3] DEBUG org.asynchttpclient.netty.handler.HttpHandler - 

Request DefaultFullHttpRequest(decodeResult: success, version: HTTP/1.1, content: EmptyByteBufBE)
GET /json/version HTTP/1.1
User-Agent: selenium/4.1.2 (java windows)
host: localhost:60507
accept: */*

Response DefaultHttpResponse(decodeResult: success, version: HTTP/1.1)
HTTP/1.1 200 OK
Content-Type: application/json; charset=UTF-8
content-length: 427

16:11:56.026 [AsyncHttpClient-1-3] DEBUG org.asynchttpclient.netty.channel.ChannelManager - Adding key: http://localhost:60507 for channel [id: 0xeb98e7f3, L:/127.0.0.1:60513 - R:localhost/127.0.0.1:60507]
16:11:56.033 [AsyncHttpClient-1-4] DEBUG org.asynchttpclient.netty.channel.NettyConnectListener - Using new Channel '[id: 0xb387acbd, L:/127.0.0.1:60514 - R:localhost/127.0.0.1:60507]' for 'GET' to '/devtools/browser/bae45abb-4f17-4ff7-9fbc-ad1fc724a4ac'
16:11:56.035 [AsyncHttpClient-1-4] DEBUG org.asynchttpclient.netty.handler.WebSocketHandler - 

Request DefaultFullHttpRequest(decodeResult: success, version: HTTP/1.1, content: EmptyByteBufBE)
GET /devtools/browser/bae45abb-4f17-4ff7-9fbc-ad1fc724a4ac HTTP/1.1
upgrade: websocket
connection: upgrade
sec-websocket-key: Ti7QihbtopnR7cdX9EIFuw==
sec-websocket-version: 13
origin: http://localhost:60507
host: localhost:60507
accept: */*
user-agent: AHC/2.1

Response DefaultHttpResponse(decodeResult: success, version: HTTP/1.1)
HTTP/1.1 101 WebSocket Protocol Handshake
Upgrade: WebSocket
Connection: Upgrade
Sec-WebSocket-Accept: nK6Lg892RUMDQW3JxRlgk9FqhpY=

16:11:56.046 [Forwarding maximizeCurrentWindow on session 6639afaf5e002b3672806fad1f5e2558 to remote] DEBUG org.asynchttpclient.netty.request.NettyRequestSender - Using pooled Channel '[id: 0x0f6532c8, L:/127.0.0.1:60506 - R:localhost/127.0.0.1:59218]' for 'POST' to 'http://localhost:59218/session/6639afaf5e002b3672806fad1f5e2558/window/maximize'
16:11:56.046 [Forwarding maximizeCurrentWindow on session 6639afaf5e002b3672806fad1f5e2558 to remote] DEBUG org.asynchttpclient.netty.request.NettyRequestSender - Using open Channel [id: 0x0f6532c8, L:/127.0.0.1:60506 - R:localhost/127.0.0.1:59218] for POST '/session/6639afaf5e002b3672806fad1f5e2558/window/maximize'
16:11:56.148 [AsyncHttpClient-1-1] DEBUG org.asynchttpclient.netty.channel.DefaultChannelPool - Entry count for : http://localhost:60507 : 1
16:11:56.248 [AsyncHttpClient-1-2] DEBUG org.asynchttpclient.netty.handler.HttpHandler - 

Request DefaultHttpRequest(decodeResult: success, version: HTTP/1.1)
POST /session/6639afaf5e002b3672806fad1f5e2558/window/maximize HTTP/1.1
User-Agent: selenium/4.1.2 (java windows)
Content-Length: 3
Content-Type: application/json; charset=utf-8
host: localhost:59218
accept: */*

Response DefaultHttpResponse(decodeResult: success, version: HTTP/1.1)
HTTP/1.1 200 OK
Content-Type: application/json; charset=utf-8
cache-control: no-cache
content-length: 51

16:11:56.248 [AsyncHttpClient-1-2] DEBUG org.asynchttpclient.netty.channel.ChannelManager - Adding key: http://localhost:59218 for channel [id: 0x0f6532c8, L:/127.0.0.1:60506 - R:localhost/127.0.0.1:59218]
16:11:56.250 [Forwarding get on session 6639afaf5e002b3672806fad1f5e2558 to remote] DEBUG org.asynchttpclient.netty.request.NettyRequestSender - Using pooled Channel '[id: 0x0f6532c8, L:/127.0.0.1:60506 - R:localhost/127.0.0.1:59218]' for 'POST' to 'http://localhost:59218/session/6639afaf5e002b3672806fad1f5e2558/url'
16:11:56.250 [Forwarding get on session 6639afaf5e002b3672806fad1f5e2558 to remote] DEBUG org.asynchttpclient.netty.request.NettyRequestSender - Using open Channel [id: 0x0f6532c8, L:/127.0.0.1:60506 - R:localhost/127.0.0.1:59218] for POST '/session/6639afaf5e002b3672806fad1f5e2558/url'
16:11:57.247 [AsyncHttpClient-1-1] DEBUG org.asynchttpclient.netty.channel.DefaultChannelPool - Entry count for : http://localhost:60507 : 1
16:11:58.217 [AsyncHttpClient-1-2] DEBUG org.asynchttpclient.netty.handler.HttpHandler - 

Request DefaultHttpRequest(decodeResult: success, version: HTTP/1.1)
POST /session/6639afaf5e002b3672806fad1f5e2558/url HTTP/1.1
User-Agent: selenium/4.1.2 (java windows)
Content-Length: 67
Content-Type: application/json; charset=utf-8
host: localhost:59218
accept: */*

Response DefaultHttpResponse(decodeResult: success, version: HTTP/1.1)
HTTP/1.1 200 OK
Content-Type: application/json; charset=utf-8
cache-control: no-cache
content-length: 14

16:11:58.217 [AsyncHttpClient-1-2] DEBUG org.asynchttpclient.netty.channel.ChannelManager - Adding key: http://localhost:59218 for channel [id: 0x0f6532c8, L:/127.0.0.1:60506 - R:localhost/127.0.0.1:59218]
16:11:58.220 [Forwarding setTimeout on session 6639afaf5e002b3672806fad1f5e2558 to remote] DEBUG org.asynchttpclient.netty.request.NettyRequestSender - Using pooled Channel '[id: 0x0f6532c8, L:/127.0.0.1:60506 - R:localhost/127.0.0.1:59218]' for 'POST' to 'http://localhost:59218/session/6639afaf5e002b3672806fad1f5e2558/timeouts'
16:11:58.220 [Forwarding setTimeout on session 6639afaf5e002b3672806fad1f5e2558 to remote] DEBUG org.asynchttpclient.netty.request.NettyRequestSender - Using open Channel [id: 0x0f6532c8, L:/127.0.0.1:60506 - R:localhost/127.0.0.1:59218] for POST '/session/6639afaf5e002b3672806fad1f5e2558/timeouts'
16:11:58.231 [AsyncHttpClient-1-2] DEBUG org.asynchttpclient.netty.handler.HttpHandler - 

Request DefaultHttpRequest(decodeResult: success, version: HTTP/1.1)
POST /session/6639afaf5e002b3672806fad1f5e2558/timeouts HTTP/1.1
User-Agent: selenium/4.1.2 (java windows)
Content-Length: 22
Content-Type: application/json; charset=utf-8
host: localhost:59218
accept: */*

Response DefaultHttpResponse(decodeResult: success, version: HTTP/1.1)
HTTP/1.1 200 OK
Content-Type: application/json; charset=utf-8
cache-control: no-cache
content-length: 14

16:11:58.231 [AsyncHttpClient-1-2] DEBUG org.asynchttpclient.netty.channel.ChannelManager - Adding key: http://localhost:59218 for channel [id: 0x0f6532c8, L:/127.0.0.1:60506 - R:localhost/127.0.0.1:59218]
16:11:58.244 [Forwarding getCurrentUrl on session 6639afaf5e002b3672806fad1f5e2558 to remote] DEBUG org.asynchttpclient.netty.request.NettyRequestSender - Using pooled Channel '[id: 0x0f6532c8, L:/127.0.0.1:60506 - R:localhost/127.0.0.1:59218]' for 'GET' to 'http://localhost:59218/session/6639afaf5e002b3672806fad1f5e2558/url'
16:11:58.244 [Forwarding getCurrentUrl on session 6639afaf5e002b3672806fad1f5e2558 to remote] DEBUG org.asynchttpclient.netty.request.NettyRequestSender - Using open Channel [id: 0x0f6532c8, L:/127.0.0.1:60506 - R:localhost/127.0.0.1:59218] for GET '/session/6639afaf5e002b3672806fad1f5e2558/url'
16:11:58.257 [AsyncHttpClient-1-2] DEBUG org.asynchttpclient.netty.handler.HttpHandler - 

Request DefaultFullHttpRequest(decodeResult: success, version: HTTP/1.1, content: EmptyByteBufBE)
GET /session/6639afaf5e002b3672806fad1f5e2558/url HTTP/1.1
User-Agent: selenium/4.1.2 (java windows)
Cache-Control: no-cache
Content-Type: application/json; charset=utf-8
host: localhost:59218
accept: */*

Response DefaultHttpResponse(decodeResult: success, version: HTTP/1.1)
HTTP/1.1 200 OK
Content-Type: application/json; charset=utf-8
cache-control: no-cache
content-length: 44

16:11:58.257 [AsyncHttpClient-1-2] DEBUG org.asynchttpclient.netty.channel.ChannelManager - Adding key: http://localhost:59218 for channel [id: 0x0f6532c8, L:/127.0.0.1:60506 - R:localhost/127.0.0.1:59218]
16:11:58.267 [Forwarding screenshot on session 6639afaf5e002b3672806fad1f5e2558 to remote] DEBUG org.asynchttpclient.netty.request.NettyRequestSender - Using pooled Channel '[id: 0x0f6532c8, L:/127.0.0.1:60506 - R:localhost/127.0.0.1:59218]' for 'GET' to 'http://localhost:59218/session/6639afaf5e002b3672806fad1f5e2558/screenshot'
16:11:58.267 [Forwarding screenshot on session 6639afaf5e002b3672806fad1f5e2558 to remote] DEBUG org.asynchttpclient.netty.request.NettyRequestSender - Using open Channel [id: 0x0f6532c8, L:/127.0.0.1:60506 - R:localhost/127.0.0.1:59218] for GET '/session/6639afaf5e002b3672806fad1f5e2558/screenshot'
16:11:58.349 [AsyncHttpClient-1-1] DEBUG org.asynchttpclient.netty.channel.DefaultChannelPool - Entry count for : http://localhost:60507 : 1
16:11:58.804 [AsyncHttpClient-1-2] DEBUG org.asynchttpclient.netty.handler.HttpHandler - 

Request DefaultFullHttpRequest(decodeResult: success, version: HTTP/1.1, content: EmptyByteBufBE)
GET /session/6639afaf5e002b3672806fad1f5e2558/screenshot HTTP/1.1
User-Agent: selenium/4.1.2 (java windows)
Cache-Control: no-cache
Content-Type: application/json; charset=utf-8
host: localhost:59218
accept: */*

Response DefaultHttpResponse(decodeResult: success, version: HTTP/1.1)
HTTP/1.1 200 OK
Content-Type: application/json; charset=utf-8
cache-control: no-cache
content-length: 30072

16:11:58.805 [AsyncHttpClient-1-2] DEBUG org.asynchttpclient.netty.channel.ChannelManager - Adding key: http://localhost:59218 for channel [id: 0x0f6532c8, L:/127.0.0.1:60506 - R:localhost/127.0.0.1:59218]
16:11:58.808 [main] DEBUG net.serenitybdd.core.photography.Darkroom - Send negative for processing for target\site\serenity\c90d416f89a57edc1d87ebe5454e02f8b3ea83905edd389a5c97ffd3bf9e7a49.png
16:11:58.808 [main] DEBUG net.thucydides.core.steps.StepInterceptor - STEP DONE: openRegisURL
  &amp#27;[32mGiven &amp#27;[0m&amp#27;[32mI am on register page&amp#27;[0m   &amp#27;[90m# starter.stepdefinitions.RegisterSteps.onRegisterPage()&amp#27;[0m
16:11:58.837 [main] DEBUG net.thucydides.core.steps.StepInterceptor - STARTING STEP: RegisterSteps.inputNamaLengkap - inputNamaLengkap
16:11:58.840 [Forwarding findElement on session 6639afaf5e002b3672806fad1f5e2558 to remote] DEBUG org.asynchttpclient.netty.request.NettyRequestSender - Using pooled Channel '[id: 0x0f6532c8, L:/127.0.0.1:60506 - R:localhost/127.0.0.1:59218]' for 'POST' to 'http://localhost:59218/session/6639afaf5e002b3672806fad1f5e2558/element'
16:11:58.840 [Forwarding findElement on session 6639afaf5e002b3672806fad1f5e2558 to remote] DEBUG org.asynchttpclient.netty.request.NettyRequestSender - Using open Channel [id: 0x0f6532c8, L:/127.0.0.1:60506 - R:localhost/127.0.0.1:59218] for POST '/session/6639afaf5e002b3672806fad1f5e2558/element'
16:11:58.866 [AsyncHttpClient-1-2] DEBUG org.asynchttpclient.netty.handler.HttpHandler - 

Request DefaultHttpRequest(decodeResult: success, version: HTTP/1.1)
POST /session/6639afaf5e002b3672806fad1f5e2558/element HTTP/1.1
User-Agent: selenium/4.1.2 (java windows)
Content-Length: 93
Content-Type: application/json; charset=utf-8
host: localhost:59218
accept: */*

Response DefaultHttpResponse(decodeResult: success, version: HTTP/1.1)
HTTP/1.1 200 OK
Content-Type: application/json; charset=utf-8
cache-control: no-cache
content-length: 88

16:11:58.866 [AsyncHttpClient-1-2] DEBUG org.asynchttpclient.netty.channel.ChannelManager - Adding key: http://localhost:59218 for channel [id: 0x0f6532c8, L:/127.0.0.1:60506 - R:localhost/127.0.0.1:59218]
16:11:58.868 [Forwarding clearElement on session 6639afaf5e002b3672806fad1f5e2558 to remote] DEBUG org.asynchttpclient.netty.request.NettyRequestSender - Using pooled Channel '[id: 0x0f6532c8, L:/127.0.0.1:60506 - R:localhost/127.0.0.1:59218]' for 'POST' to 'http://localhost:59218/session/6639afaf5e002b3672806fad1f5e2558/element/16b247dc-42eb-4c57-b692-0a27ccb5e86d/clear'
16:11:58.868 [Forwarding clearElement on session 6639afaf5e002b3672806fad1f5e2558 to remote] DEBUG org.asynchttpclient.netty.request.NettyRequestSender - Using open Channel [id: 0x0f6532c8, L:/127.0.0.1:60506 - R:localhost/127.0.0.1:59218] for POST '/session/6639afaf5e002b3672806fad1f5e2558/element/16b247dc-42eb-4c57-b692-0a27ccb5e86d/clear'
16:11:58.932 [AsyncHttpClient-1-2] DEBUG org.asynchttpclient.netty.handler.HttpHandler - 

Request DefaultHttpRequest(decodeResult: success, version: HTTP/1.1)
POST /session/6639afaf5e002b3672806fad1f5e2558/element/16b247dc-42eb-4c57-b692-0a27ccb5e86d/clear HTTP/1.1
User-Agent: selenium/4.1.2 (java windows)
Content-Length: 50
Content-Type: application/json; charset=utf-8
host: localhost:59218
accept: */*

Response DefaultHttpResponse(decodeResult: success, version: HTTP/1.1)
HTTP/1.1 200 OK
Content-Type: application/json; charset=utf-8
cache-control: no-cache
content-length: 14

16:11:58.933 [AsyncHttpClient-1-2] DEBUG org.asynchttpclient.netty.channel.ChannelManager - Adding key: http://localhost:59218 for channel [id: 0x0f6532c8, L:/127.0.0.1:60506 - R:localhost/127.0.0.1:59218]
16:11:58.936 [Forwarding sendKeysToElement on session 6639afaf5e002b3672806fad1f5e2558 to remote] DEBUG org.asynchttpclient.netty.request.NettyRequestSender - Using pooled Channel '[id: 0x0f6532c8, L:/127.0.0.1:60506 - R:localhost/127.0.0.1:59218]' for 'POST' to 'http://localhost:59218/session/6639afaf5e002b3672806fad1f5e2558/element/16b247dc-42eb-4c57-b692-0a27ccb5e86d/value'
16:11:58.936 [Forwarding sendKeysToElement on session 6639afaf5e002b3672806fad1f5e2558 to remote] DEBUG org.asynchttpclient.netty.request.NettyRequestSender - Using open Channel [id: 0x0f6532c8, L:/127.0.0.1:60506 - R:localhost/127.0.0.1:59218] for POST '/session/6639afaf5e002b3672806fad1f5e2558/element/16b247dc-42eb-4c57-b692-0a27ccb5e86d/value'
16:11:59.092 [AsyncHttpClient-1-2] DEBUG org.asynchttpclient.netty.handler.HttpHandler - 

Request DefaultHttpRequest(decodeResult: success, version: HTTP/1.1)
POST /session/6639afaf5e002b3672806fad1f5e2558/element/16b247dc-42eb-4c57-b692-0a27ccb5e86d/value HTTP/1.1
User-Agent: selenium/4.1.2 (java windows)
Content-Length: 82
Content-Type: application/json; charset=utf-8
host: localhost:59218
accept: */*

Response DefaultHttpResponse(decodeResult: success, version: HTTP/1.1)
HTTP/1.1 200 OK
Content-Type: application/json; charset=utf-8
cache-control: no-cache
content-length: 14

16:11:59.092 [AsyncHttpClient-1-2] DEBUG org.asynchttpclient.netty.channel.ChannelManager - Adding key: http://localhost:59218 for channel [id: 0x0f6532c8, L:/127.0.0.1:60506 - R:localhost/127.0.0.1:59218]
16:11:59.109 [Forwarding screenshot on session 6639afaf5e002b3672806fad1f5e2558 to remote] DEBUG org.asynchttpclient.netty.request.NettyRequestSender - Using pooled Channel '[id: 0x0f6532c8, L:/127.0.0.1:60506 - R:localhost/127.0.0.1:59218]' for 'GET' to 'http://localhost:59218/session/6639afaf5e002b3672806fad1f5e2558/screenshot'
16:11:59.109 [Forwarding screenshot on session 6639afaf5e002b3672806fad1f5e2558 to remote] DEBUG org.asynchttpclient.netty.request.NettyRequestSender - Using open Channel [id: 0x0f6532c8, L:/127.0.0.1:60506 - R:localhost/127.0.0.1:59218] for GET '/session/6639afaf5e002b3672806fad1f5e2558/screenshot'
16:11:59.442 [AsyncHttpClient-1-1] DEBUG org.asynchttpclient.netty.channel.DefaultChannelPool - Entry count for : http://localhost:60507 : 1
16:11:59.442 [AsyncHttpClient-1-2] DEBUG org.asynchttpclient.netty.handler.HttpHandler - 

Request DefaultFullHttpRequest(decodeResult: success, version: HTTP/1.1, content: EmptyByteBufBE)
GET /session/6639afaf5e002b3672806fad1f5e2558/screenshot HTTP/1.1
User-Agent: selenium/4.1.2 (java windows)
Cache-Control: no-cache
Content-Type: application/json; charset=utf-8
host: localhost:59218
accept: */*

Response DefaultHttpResponse(decodeResult: success, version: HTTP/1.1)
HTTP/1.1 200 OK
Content-Type: application/json; charset=utf-8
cache-control: no-cache
content-length: 29888

16:11:59.443 [AsyncHttpClient-1-2] DEBUG org.asynchttpclient.netty.channel.ChannelManager - Adding key: http://localhost:59218 for channel [id: 0x0f6532c8, L:/127.0.0.1:60506 - R:localhost/127.0.0.1:59218]
16:11:59.445 [main] DEBUG net.serenitybdd.core.photography.Darkroom - Send negative for processing for target\site\serenity\69267ceb77c162e35e6e40fb20734903eb72d826348e18e022b1d391d78d7d09.png
16:11:59.446 [main] DEBUG net.thucydides.core.steps.StepInterceptor - STEP DONE: inputNamaLengkap
  &amp#27;[32mWhen &amp#27;[0m&amp#27;[32mI input fullname &amp#27;[0m&amp#27;[32m&amp#27;[1m""&amp#27;[0m      &amp#27;[90m# starter.stepdefinitions.RegisterSteps.inputNamaLengkap(java.lang.String)&amp#27;[0m
16:11:59.446 [Darkroom Processing Line] DEBUG net.serenitybdd.core.photography.DarkroomProcessingLine - Processing screenshot image in /var/screenshots/screenshot-4089553408079802031
16:11:59.446 [Darkroom Processing Line] DEBUG net.serenitybdd.core.photography.DarkroomProcessingLine - Saving screenshot to target\site\serenity\69267ceb77c162e35e6e40fb20734903eb72d826348e18e022b1d391d78d7d09.png
16:11:59.484 [main] DEBUG net.thucydides.core.steps.StepInterceptor - STARTING STEP: RegisterSteps.iInputEmail - inputEmailForRegist
16:11:59.495 [Forwarding findElement on session 6639afaf5e002b3672806fad1f5e2558 to remote] DEBUG org.asynchttpclient.netty.request.NettyRequestSender - Using pooled Channel '[id: 0x0f6532c8, L:/127.0.0.1:60506 - R:localhost/127.0.0.1:59218]' for 'POST' to 'http://localhost:59218/session/6639afaf5e002b3672806fad1f5e2558/element'
16:11:59.495 [Forwarding findElement on session 6639afaf5e002b3672806fad1f5e2558 to remote] DEBUG org.asynchttpclient.netty.request.NettyRequestSender - Using open Channel [id: 0x0f6532c8, L:/127.0.0.1:60506 - R:localhost/127.0.0.1:59218] for POST '/session/6639afaf5e002b3672806fad1f5e2558/element'
16:11:59.532 [AsyncHttpClient-1-2] DEBUG org.asynchttpclient.netty.handler.HttpHandler - 

Request DefaultHttpRequest(decodeResult: success, version: HTTP/1.1)
POST /session/6639afaf5e002b3672806fad1f5e2558/element HTTP/1.1
User-Agent: selenium/4.1.2 (java windows)
Content-Length: 86
Content-Type: application/json; charset=utf-8
host: localhost:59218
accept: */*

Response DefaultHttpResponse(decodeResult: success, version: HTTP/1.1)
HTTP/1.1 200 OK
Content-Type: application/json; charset=utf-8
cache-control: no-cache
content-length: 88

16:11:59.532 [AsyncHttpClient-1-2] DEBUG org.asynchttpclient.netty.channel.ChannelManager - Adding key: http://localhost:59218 for channel [id: 0x0f6532c8, L:/127.0.0.1:60506 - R:localhost/127.0.0.1:59218]
16:11:59.534 [Forwarding clearElement on session 6639afaf5e002b3672806fad1f5e2558 to remote] DEBUG org.asynchttpclient.netty.request.NettyRequestSender - Using pooled Channel '[id: 0x0f6532c8, L:/127.0.0.1:60506 - R:localhost/127.0.0.1:59218]' for 'POST' to 'http://localhost:59218/session/6639afaf5e002b3672806fad1f5e2558/element/d2ba93ca-f85d-405b-9a9c-700cb128ba42/clear'
16:11:59.537 [Forwarding clearElement on session 6639afaf5e002b3672806fad1f5e2558 to remote] DEBUG org.asynchttpclient.netty.request.NettyRequestSender - Using open Channel [id: 0x0f6532c8, L:/127.0.0.1:60506 - R:localhost/127.0.0.1:59218] for POST '/session/6639afaf5e002b3672806fad1f5e2558/element/d2ba93ca-f85d-405b-9a9c-700cb128ba42/clear'
16:11:59.618 [AsyncHttpClient-1-2] DEBUG org.asynchttpclient.netty.handler.HttpHandler - 

Request DefaultHttpRequest(decodeResult: success, version: HTTP/1.1)
POST /session/6639afaf5e002b3672806fad1f5e2558/element/d2ba93ca-f85d-405b-9a9c-700cb128ba42/clear HTTP/1.1
User-Agent: selenium/4.1.2 (java windows)
Content-Length: 50
Content-Type: application/json; charset=utf-8
host: localhost:59218
accept: */*

Response DefaultHttpResponse(decodeResult: success, version: HTTP/1.1)
HTTP/1.1 200 OK
Content-Type: application/json; charset=utf-8
cache-control: no-cache
content-length: 14

16:11:59.618 [AsyncHttpClient-1-2] DEBUG org.asynchttpclient.netty.channel.ChannelManager - Adding key: http://localhost:59218 for channel [id: 0x0f6532c8, L:/127.0.0.1:60506 - R:localhost/127.0.0.1:59218]
16:11:59.622 [Forwarding sendKeysToElement on session 6639afaf5e002b3672806fad1f5e2558 to remote] DEBUG org.asynchttpclient.netty.request.NettyRequestSender - Using pooled Channel '[id: 0x0f6532c8, L:/127.0.0.1:60506 - R:localhost/127.0.0.1:59218]' for 'POST' to 'http://localhost:59218/session/6639afaf5e002b3672806fad1f5e2558/element/d2ba93ca-f85d-405b-9a9c-700cb128ba42/value'
16:11:59.622 [Forwarding sendKeysToElement on session 6639afaf5e002b3672806fad1f5e2558 to remote] DEBUG org.asynchttpclient.netty.request.NettyRequestSender - Using open Channel [id: 0x0f6532c8, L:/127.0.0.1:60506 - R:localhost/127.0.0.1:59218] for POST '/session/6639afaf5e002b3672806fad1f5e2558/element/d2ba93ca-f85d-405b-9a9c-700cb128ba42/value'
16:11:59.777 [AsyncHttpClient-1-2] DEBUG org.asynchttpclient.netty.handler.HttpHandler - 

Request DefaultHttpRequest(decodeResult: success, version: HTTP/1.1)
POST /session/6639afaf5e002b3672806fad1f5e2558/element/d2ba93ca-f85d-405b-9a9c-700cb128ba42/value HTTP/1.1
User-Agent: selenium/4.1.2 (java windows)
Content-Length: 82
Content-Type: application/json; charset=utf-8
host: localhost:59218
accept: */*

Response DefaultHttpResponse(decodeResult: success, version: HTTP/1.1)
HTTP/1.1 200 OK
Content-Type: application/json; charset=utf-8
cache-control: no-cache
content-length: 14

16:11:59.777 [AsyncHttpClient-1-2] DEBUG org.asynchttpclient.netty.channel.ChannelManager - Adding key: http://localhost:59218 for channel [id: 0x0f6532c8, L:/127.0.0.1:60506 - R:localhost/127.0.0.1:59218]
16:11:59.798 [Forwarding screenshot on session 6639afaf5e002b3672806fad1f5e2558 to remote] DEBUG org.asynchttpclient.netty.request.NettyRequestSender - Using pooled Channel '[id: 0x0f6532c8, L:/127.0.0.1:60506 - R:localhost/127.0.0.1:59218]' for 'GET' to 'http://localhost:59218/session/6639afaf5e002b3672806fad1f5e2558/screenshot'
16:11:59.798 [Forwarding screenshot on session 6639afaf5e002b3672806fad1f5e2558 to remote] DEBUG org.asynchttpclient.netty.request.NettyRequestSender - Using open Channel [id: 0x0f6532c8, L:/127.0.0.1:60506 - R:localhost/127.0.0.1:59218] for GET '/session/6639afaf5e002b3672806fad1f5e2558/screenshot'
16:12:00.059 [AsyncHttpClient-1-2] DEBUG org.asynchttpclient.netty.handler.HttpHandler - 

Request DefaultFullHttpRequest(decodeResult: success, version: HTTP/1.1, content: EmptyByteBufBE)
GET /session/6639afaf5e002b3672806fad1f5e2558/screenshot HTTP/1.1
User-Agent: selenium/4.1.2 (java windows)
Cache-Control: no-cache
Content-Type: application/json; charset=utf-8
host: localhost:59218
accept: */*

Response DefaultHttpResponse(decodeResult: success, version: HTTP/1.1)
HTTP/1.1 200 OK
Content-Type: application/json; charset=utf-8
cache-control: no-cache
content-length: 31000

16:12:00.059 [AsyncHttpClient-1-2] DEBUG org.asynchttpclient.netty.channel.ChannelManager - Adding key: http://localhost:59218 for channel [id: 0x0f6532c8, L:/127.0.0.1:60506 - R:localhost/127.0.0.1:59218]
16:12:00.066 [main] DEBUG net.serenitybdd.core.photography.Darkroom - Send negative for processing for target\site\serenity\91ab5aa99d693c8d066117939a5a6dc77641235f663ee4fc53729d204d6a24e5.png
16:12:00.066 [main] DEBUG net.thucydides.core.steps.StepInterceptor - STEP DONE: inputEmailForRegist
  &amp#27;[32mAnd &amp#27;[0m&amp#27;[32mI input email &amp#27;[0m&amp#27;[32m&amp#27;[1m""&amp#27;[0m          &amp#27;[90m# starter.stepdefinitions.RegisterSteps.iInputEmail(java.lang.String)&amp#27;[0m
16:12:00.097 [Darkroom Processing Line] DEBUG net.serenitybdd.core.photography.DarkroomProcessingLine - Processing screenshot image in /var/screenshots/screenshot-10912056759863712334
16:12:00.097 [Darkroom Processing Line] DEBUG net.serenitybdd.core.photography.DarkroomProcessingLine - Saving screenshot to target\site\serenity\91ab5aa99d693c8d066117939a5a6dc77641235f663ee4fc53729d204d6a24e5.png
16:12:00.108 [main] DEBUG net.thucydides.core.steps.StepInterceptor - STARTING STEP: RegisterSteps.inputPass - inputPassForRegist
16:12:00.133 [Forwarding findElement on session 6639afaf5e002b3672806fad1f5e2558 to remote] DEBUG org.asynchttpclient.netty.request.NettyRequestSender - Using pooled Channel '[id: 0x0f6532c8, L:/127.0.0.1:60506 - R:localhost/127.0.0.1:59218]' for 'POST' to 'http://localhost:59218/session/6639afaf5e002b3672806fad1f5e2558/element'
16:12:00.133 [Forwarding findElement on session 6639afaf5e002b3672806fad1f5e2558 to remote] DEBUG org.asynchttpclient.netty.request.NettyRequestSender - Using open Channel [id: 0x0f6532c8, L:/127.0.0.1:60506 - R:localhost/127.0.0.1:59218] for POST '/session/6639afaf5e002b3672806fad1f5e2558/element'
16:12:00.180 [AsyncHttpClient-1-2] DEBUG org.asynchttpclient.netty.handler.HttpHandler - 

Request DefaultHttpRequest(decodeResult: success, version: HTTP/1.1)
POST /session/6639afaf5e002b3672806fad1f5e2558/element HTTP/1.1
User-Agent: selenium/4.1.2 (java windows)
Content-Length: 89
Content-Type: application/json; charset=utf-8
host: localhost:59218
accept: */*

Response DefaultHttpResponse(decodeResult: success, version: HTTP/1.1)
HTTP/1.1 200 OK
Content-Type: application/json; charset=utf-8
cache-control: no-cache
content-length: 88

16:12:00.181 [AsyncHttpClient-1-2] DEBUG org.asynchttpclient.netty.channel.ChannelManager - Adding key: http://localhost:59218 for channel [id: 0x0f6532c8, L:/127.0.0.1:60506 - R:localhost/127.0.0.1:59218]
16:12:00.183 [Forwarding clearElement on session 6639afaf5e002b3672806fad1f5e2558 to remote] DEBUG org.asynchttpclient.netty.request.NettyRequestSender - Using pooled Channel '[id: 0x0f6532c8, L:/127.0.0.1:60506 - R:localhost/127.0.0.1:59218]' for 'POST' to 'http://localhost:59218/session/6639afaf5e002b3672806fad1f5e2558/element/03eb1f02-53d5-46a1-823b-e4d25f9eab53/clear'
16:12:00.183 [Forwarding clearElement on session 6639afaf5e002b3672806fad1f5e2558 to remote] DEBUG org.asynchttpclient.netty.request.NettyRequestSender - Using open Channel [id: 0x0f6532c8, L:/127.0.0.1:60506 - R:localhost/127.0.0.1:59218] for POST '/session/6639afaf5e002b3672806fad1f5e2558/element/03eb1f02-53d5-46a1-823b-e4d25f9eab53/clear'
16:12:00.283 [AsyncHttpClient-1-2] DEBUG org.asynchttpclient.netty.handler.HttpHandler - 

Request DefaultHttpRequest(decodeResult: success, version: HTTP/1.1)
POST /session/6639afaf5e002b3672806fad1f5e2558/element/03eb1f02-53d5-46a1-823b-e4d25f9eab53/clear HTTP/1.1
User-Agent: selenium/4.1.2 (java windows)
Content-Length: 50
Content-Type: application/json; charset=utf-8
host: localhost:59218
accept: */*

Response DefaultHttpResponse(decodeResult: success, version: HTTP/1.1)
HTTP/1.1 200 OK
Content-Type: application/json; charset=utf-8
cache-control: no-cache
content-length: 14

16:12:00.283 [AsyncHttpClient-1-2] DEBUG org.asynchttpclient.netty.channel.ChannelManager - Adding key: http://localhost:59218 for channel [id: 0x0f6532c8, L:/127.0.0.1:60506 - R:localhost/127.0.0.1:59218]
16:12:00.288 [Forwarding sendKeysToElement on session 6639afaf5e002b3672806fad1f5e2558 to remote] DEBUG org.asynchttpclient.netty.request.NettyRequestSender - Using pooled Channel '[id: 0x0f6532c8, L:/127.0.0.1:60506 - R:localhost/127.0.0.1:59218]' for 'POST' to 'http://localhost:59218/session/6639afaf5e002b3672806fad1f5e2558/element/03eb1f02-53d5-46a1-823b-e4d25f9eab53/value'
16:12:00.288 [Forwarding sendKeysToElement on session 6639afaf5e002b3672806fad1f5e2558 to remote] DEBUG org.asynchttpclient.netty.request.NettyRequestSender - Using open Channel [id: 0x0f6532c8, L:/127.0.0.1:60506 - R:localhost/127.0.0.1:59218] for POST '/session/6639afaf5e002b3672806fad1f5e2558/element/03eb1f02-53d5-46a1-823b-e4d25f9eab53/value'
16:12:00.444 [AsyncHttpClient-1-2] DEBUG org.asynchttpclient.netty.handler.HttpHandler - 

Request DefaultHttpRequest(decodeResult: success, version: HTTP/1.1)
POST /session/6639afaf5e002b3672806fad1f5e2558/element/03eb1f02-53d5-46a1-823b-e4d25f9eab53/value HTTP/1.1
User-Agent: selenium/4.1.2 (java windows)
Content-Length: 82
Content-Type: application/json; charset=utf-8
host: localhost:59218
accept: */*

Response DefaultHttpResponse(decodeResult: success, version: HTTP/1.1)
HTTP/1.1 200 OK
Content-Type: application/json; charset=utf-8
cache-control: no-cache
content-length: 14

16:12:00.445 [AsyncHttpClient-1-2] DEBUG org.asynchttpclient.netty.channel.ChannelManager - Adding key: http://localhost:59218 for channel [id: 0x0f6532c8, L:/127.0.0.1:60506 - R:localhost/127.0.0.1:59218]
16:12:00.464 [Forwarding screenshot on session 6639afaf5e002b3672806fad1f5e2558 to remote] DEBUG org.asynchttpclient.netty.request.NettyRequestSender - Using pooled Channel '[id: 0x0f6532c8, L:/127.0.0.1:60506 - R:localhost/127.0.0.1:59218]' for 'GET' to 'http://localhost:59218/session/6639afaf5e002b3672806fad1f5e2558/screenshot'
16:12:00.464 [Forwarding screenshot on session 6639afaf5e002b3672806fad1f5e2558 to remote] DEBUG org.asynchttpclient.netty.request.NettyRequestSender - Using open Channel [id: 0x0f6532c8, L:/127.0.0.1:60506 - R:localhost/127.0.0.1:59218] for GET '/session/6639afaf5e002b3672806fad1f5e2558/screenshot'
16:12:00.563 [AsyncHttpClient-1-1] DEBUG org.asynchttpclient.netty.channel.DefaultChannelPool - Entry count for : http://localhost:60507 : 1
16:12:00.813 [AsyncHttpClient-1-2] DEBUG org.asynchttpclient.netty.handler.HttpHandler - 

Request DefaultFullHttpRequest(decodeResult: success, version: HTTP/1.1, content: EmptyByteBufBE)
GET /session/6639afaf5e002b3672806fad1f5e2558/screenshot HTTP/1.1
User-Agent: selenium/4.1.2 (java windows)
Cache-Control: no-cache
Content-Type: application/json; charset=utf-8
host: localhost:59218
accept: */*

Response DefaultHttpResponse(decodeResult: success, version: HTTP/1.1)
HTTP/1.1 200 OK
Content-Type: application/json; charset=utf-8
cache-control: no-cache
content-length: 29960

16:12:00.814 [AsyncHttpClient-1-2] DEBUG org.asynchttpclient.netty.channel.ChannelManager - Adding key: http://localhost:59218 for channel [id: 0x0f6532c8, L:/127.0.0.1:60506 - R:localhost/127.0.0.1:59218]
16:12:00.821 [main] DEBUG net.serenitybdd.core.photography.Darkroom - Send negative for processing for target\site\serenity\693e7cde4a1fdd51151aa265fd7eb52da915b618bf13324512d56d8ee2719429.png
16:12:00.821 [main] DEBUG net.thucydides.core.steps.StepInterceptor - STEP DONE: inputPassForRegist
  &amp#27;[32mAnd &amp#27;[0m&amp#27;[32mI input pass &amp#27;[0m&amp#27;[32m&amp#27;[1m""&amp#27;[0m           &amp#27;[90m# starter.stepdefinitions.RegisterSteps.inputPass(java.lang.String)&amp#27;[0m
16:12:00.827 [Darkroom Processing Line] DEBUG net.serenitybdd.core.photography.DarkroomProcessingLine - Processing screenshot image in /var/screenshots/screenshot-2947891883490829774
16:12:00.827 [Darkroom Processing Line] DEBUG net.serenitybdd.core.photography.DarkroomProcessingLine - Saving screenshot to target\site\serenity\693e7cde4a1fdd51151aa265fd7eb52da915b618bf13324512d56d8ee2719429.png
16:12:00.874 [Forwarding screenshot on session 6639afaf5e002b3672806fad1f5e2558 to remote] DEBUG org.asynchttpclient.netty.request.NettyRequestSender - Using pooled Channel '[id: 0x0f6532c8, L:/127.0.0.1:60506 - R:localhost/127.0.0.1:59218]' for 'GET' to 'http://localhost:59218/session/6639afaf5e002b3672806fad1f5e2558/screenshot'
16:12:00.874 [Forwarding screenshot on session 6639afaf5e002b3672806fad1f5e2558 to remote] DEBUG org.asynchttpclient.netty.request.NettyRequestSender - Using open Channel [id: 0x0f6532c8, L:/127.0.0.1:60506 - R:localhost/127.0.0.1:59218] for GET '/session/6639afaf5e002b3672806fad1f5e2558/screenshot'
16:12:01.082 [AsyncHttpClient-1-2] DEBUG org.asynchttpclient.netty.handler.HttpHandler - 

Request DefaultFullHttpRequest(decodeResult: success, version: HTTP/1.1, content: EmptyByteBufBE)
GET /session/6639afaf5e002b3672806fad1f5e2558/screenshot HTTP/1.1
User-Agent: selenium/4.1.2 (java windows)
Cache-Control: no-cache
Content-Type: application/json; charset=utf-8
host: localhost:59218
accept: */*

Response DefaultHttpResponse(decodeResult: success, version: HTTP/1.1)
HTTP/1.1 200 OK
Content-Type: application/json; charset=utf-8
cache-control: no-cache
content-length: 29136

16:12:01.082 [AsyncHttpClient-1-2] DEBUG org.asynchttpclient.netty.channel.ChannelManager - Adding key: http://localhost:59218 for channel [id: 0x0f6532c8, L:/127.0.0.1:60506 - R:localhost/127.0.0.1:59218]
16:12:01.084 [main] DEBUG net.serenitybdd.core.photography.Darkroom - Send negative for processing for target\site\serenity\23436ea98be349cfd13c0be2691f92db9b602c8962cb1c5148203b80138290b0.png
16:12:01.086 [main] DEBUG net.thucydides.core.steps.StepInterceptor - STARTING STEP: RegisterSteps.clickRegisterButton - clickRegisButton
16:12:01.092 [Darkroom Processing Line] DEBUG net.serenitybdd.core.photography.DarkroomProcessingLine - Processing screenshot image in /var/screenshots/screenshot-12517058531306824310
16:12:01.092 [Darkroom Processing Line] DEBUG net.serenitybdd.core.photography.DarkroomProcessingLine - Saving screenshot to target\site\serenity\23436ea98be349cfd13c0be2691f92db9b602c8962cb1c5148203b80138290b0.png
16:12:01.092 [Forwarding findElement on session 6639afaf5e002b3672806fad1f5e2558 to remote] DEBUG org.asynchttpclient.netty.request.NettyRequestSender - Using pooled Channel '[id: 0x0f6532c8, L:/127.0.0.1:60506 - R:localhost/127.0.0.1:59218]' for 'POST' to 'http://localhost:59218/session/6639afaf5e002b3672806fad1f5e2558/element'
16:12:01.092 [Forwarding findElement on session 6639afaf5e002b3672806fad1f5e2558 to remote] DEBUG org.asynchttpclient.netty.request.NettyRequestSender - Using open Channel [id: 0x0f6532c8, L:/127.0.0.1:60506 - R:localhost/127.0.0.1:59218] for POST '/session/6639afaf5e002b3672806fad1f5e2558/element'
16:12:01.115 [AsyncHttpClient-1-2] DEBUG org.asynchttpclient.netty.handler.HttpHandler - 

Request DefaultHttpRequest(decodeResult: success, version: HTTP/1.1)
POST /session/6639afaf5e002b3672806fad1f5e2558/element HTTP/1.1
User-Agent: selenium/4.1.2 (java windows)
Content-Length: 138
Content-Type: application/json; charset=utf-8
host: localhost:59218
accept: */*

Response DefaultHttpResponse(decodeResult: success, version: HTTP/1.1)
HTTP/1.1 200 OK
Content-Type: application/json; charset=utf-8
cache-control: no-cache
content-length: 88

16:12:01.115 [AsyncHttpClient-1-2] DEBUG org.asynchttpclient.netty.channel.ChannelManager - Adding key: http://localhost:59218 for channel [id: 0x0f6532c8, L:/127.0.0.1:60506 - R:localhost/127.0.0.1:59218]
16:12:01.117 [Forwarding getElementTagName on session 6639afaf5e002b3672806fad1f5e2558 to remote] DEBUG org.asynchttpclient.netty.request.NettyRequestSender - Using pooled Channel '[id: 0x0f6532c8, L:/127.0.0.1:60506 - R:localhost/127.0.0.1:59218]' for 'GET' to 'http://localhost:59218/session/6639afaf5e002b3672806fad1f5e2558/element/77115c0f-cfb9-450a-bdd3-fec00124c015/name'
16:12:01.117 [Forwarding getElementTagName on session 6639afaf5e002b3672806fad1f5e2558 to remote] DEBUG org.asynchttpclient.netty.request.NettyRequestSender - Using open Channel [id: 0x0f6532c8, L:/127.0.0.1:60506 - R:localhost/127.0.0.1:59218] for GET '/session/6639afaf5e002b3672806fad1f5e2558/element/77115c0f-cfb9-450a-bdd3-fec00124c015/name'
16:12:01.125 [AsyncHttpClient-1-2] DEBUG org.asynchttpclient.netty.handler.HttpHandler - 

Request DefaultFullHttpRequest(decodeResult: success, version: HTTP/1.1, content: EmptyByteBufBE)
GET /session/6639afaf5e002b3672806fad1f5e2558/element/77115c0f-cfb9-450a-bdd3-fec00124c015/name HTTP/1.1
User-Agent: selenium/4.1.2 (java windows)
Cache-Control: no-cache
Content-Type: application/json; charset=utf-8
host: localhost:59218
accept: */*

Response DefaultHttpResponse(decodeResult: success, version: HTTP/1.1)
HTTP/1.1 200 OK
Content-Type: application/json; charset=utf-8
cache-control: no-cache
content-length: 18

16:12:01.125 [AsyncHttpClient-1-2] DEBUG org.asynchttpclient.netty.channel.ChannelManager - Adding key: http://localhost:59218 for channel [id: 0x0f6532c8, L:/127.0.0.1:60506 - R:localhost/127.0.0.1:59218]
16:12:01.127 [Forwarding getElementTagName on session 6639afaf5e002b3672806fad1f5e2558 to remote] DEBUG org.asynchttpclient.netty.request.NettyRequestSender - Using pooled Channel '[id: 0x0f6532c8, L:/127.0.0.1:60506 - R:localhost/127.0.0.1:59218]' for 'GET' to 'http://localhost:59218/session/6639afaf5e002b3672806fad1f5e2558/element/77115c0f-cfb9-450a-bdd3-fec00124c015/name'
16:12:01.127 [Forwarding getElementTagName on session 6639afaf5e002b3672806fad1f5e2558 to remote] DEBUG org.asynchttpclient.netty.request.NettyRequestSender - Using open Channel [id: 0x0f6532c8, L:/127.0.0.1:60506 - R:localhost/127.0.0.1:59218] for GET '/session/6639afaf5e002b3672806fad1f5e2558/element/77115c0f-cfb9-450a-bdd3-fec00124c015/name'
16:12:01.132 [AsyncHttpClient-1-2] DEBUG org.asynchttpclient.netty.handler.HttpHandler - 

Request DefaultFullHttpRequest(decodeResult: success, version: HTTP/1.1, content: EmptyByteBufBE)
GET /session/6639afaf5e002b3672806fad1f5e2558/element/77115c0f-cfb9-450a-bdd3-fec00124c015/name HTTP/1.1
User-Agent: selenium/4.1.2 (java windows)
Cache-Control: no-cache
Content-Type: application/json; charset=utf-8
host: localhost:59218
accept: */*

Response DefaultHttpResponse(decodeResult: success, version: HTTP/1.1)
HTTP/1.1 200 OK
Content-Type: application/json; charset=utf-8
cache-control: no-cache
content-length: 18

16:12:01.132 [AsyncHttpClient-1-2] DEBUG org.asynchttpclient.netty.channel.ChannelManager - Adding key: http://localhost:59218 for channel [id: 0x0f6532c8, L:/127.0.0.1:60506 - R:localhost/127.0.0.1:59218]
16:12:01.136 [Forwarding isElementEnabled on session 6639afaf5e002b3672806fad1f5e2558 to remote] DEBUG org.asynchttpclient.netty.request.NettyRequestSender - Using pooled Channel '[id: 0x0f6532c8, L:/127.0.0.1:60506 - R:localhost/127.0.0.1:59218]' for 'GET' to 'http://localhost:59218/session/6639afaf5e002b3672806fad1f5e2558/element/77115c0f-cfb9-450a-bdd3-fec00124c015/enabled'
16:12:01.137 [Forwarding isElementEnabled on session 6639afaf5e002b3672806fad1f5e2558 to remote] DEBUG org.asynchttpclient.netty.request.NettyRequestSender - Using open Channel [id: 0x0f6532c8, L:/127.0.0.1:60506 - R:localhost/127.0.0.1:59218] for GET '/session/6639afaf5e002b3672806fad1f5e2558/element/77115c0f-cfb9-450a-bdd3-fec00124c015/enabled'
16:12:01.152 [AsyncHttpClient-1-2] DEBUG org.asynchttpclient.netty.handler.HttpHandler - 

Request DefaultFullHttpRequest(decodeResult: success, version: HTTP/1.1, content: EmptyByteBufBE)
GET /session/6639afaf5e002b3672806fad1f5e2558/element/77115c0f-cfb9-450a-bdd3-fec00124c015/enabled HTTP/1.1
User-Agent: selenium/4.1.2 (java windows)
Cache-Control: no-cache
Content-Type: application/json; charset=utf-8
host: localhost:59218
accept: */*

Response DefaultHttpResponse(decodeResult: success, version: HTTP/1.1)
HTTP/1.1 200 OK
Content-Type: application/json; charset=utf-8
cache-control: no-cache
content-length: 14

16:12:01.152 [AsyncHttpClient-1-2] DEBUG org.asynchttpclient.netty.channel.ChannelManager - Adding key: http://localhost:59218 for channel [id: 0x0f6532c8, L:/127.0.0.1:60506 - R:localhost/127.0.0.1:59218]
16:12:01.155 [Forwarding isElementEnabled on session 6639afaf5e002b3672806fad1f5e2558 to remote] DEBUG org.asynchttpclient.netty.request.NettyRequestSender - Using pooled Channel '[id: 0x0f6532c8, L:/127.0.0.1:60506 - R:localhost/127.0.0.1:59218]' for 'GET' to 'http://localhost:59218/session/6639afaf5e002b3672806fad1f5e2558/element/77115c0f-cfb9-450a-bdd3-fec00124c015/enabled'
16:12:01.156 [Forwarding isElementEnabled on session 6639afaf5e002b3672806fad1f5e2558 to remote] DEBUG org.asynchttpclient.netty.request.NettyRequestSender - Using open Channel [id: 0x0f6532c8, L:/127.0.0.1:60506 - R:localhost/127.0.0.1:59218] for GET '/session/6639afaf5e002b3672806fad1f5e2558/element/77115c0f-cfb9-450a-bdd3-fec00124c015/enabled'
16:12:01.165 [AsyncHttpClient-1-2] DEBUG org.asynchttpclient.netty.handler.HttpHandler - 

Request DefaultFullHttpRequest(decodeResult: success, version: HTTP/1.1, content: EmptyByteBufBE)
GET /session/6639afaf5e002b3672806fad1f5e2558/element/77115c0f-cfb9-450a-bdd3-fec00124c015/enabled HTTP/1.1
User-Agent: selenium/4.1.2 (java windows)
Cache-Control: no-cache
Content-Type: application/json; charset=utf-8
host: localhost:59218
accept: */*

Response DefaultHttpResponse(decodeResult: success, version: HTTP/1.1)
HTTP/1.1 200 OK
Content-Type: application/json; charset=utf-8
cache-control: no-cache
content-length: 14

16:12:01.165 [AsyncHttpClient-1-2] DEBUG org.asynchttpclient.netty.channel.ChannelManager - Adding key: http://localhost:59218 for channel [id: 0x0f6532c8, L:/127.0.0.1:60506 - R:localhost/127.0.0.1:59218]
16:12:01.168 [Forwarding findElement on session 6639afaf5e002b3672806fad1f5e2558 to remote] DEBUG org.asynchttpclient.netty.request.NettyRequestSender - Using pooled Channel '[id: 0x0f6532c8, L:/127.0.0.1:60506 - R:localhost/127.0.0.1:59218]' for 'POST' to 'http://localhost:59218/session/6639afaf5e002b3672806fad1f5e2558/element'
16:12:01.168 [Forwarding findElement on session 6639afaf5e002b3672806fad1f5e2558 to remote] DEBUG org.asynchttpclient.netty.request.NettyRequestSender - Using open Channel [id: 0x0f6532c8, L:/127.0.0.1:60506 - R:localhost/127.0.0.1:59218] for POST '/session/6639afaf5e002b3672806fad1f5e2558/element'
16:12:01.178 [AsyncHttpClient-1-2] DEBUG org.asynchttpclient.netty.handler.HttpHandler - 

Request DefaultHttpRequest(decodeResult: success, version: HTTP/1.1)
POST /session/6639afaf5e002b3672806fad1f5e2558/element HTTP/1.1
User-Agent: selenium/4.1.2 (java windows)
Content-Length: 138
Content-Type: application/json; charset=utf-8
host: localhost:59218
accept: */*

Response DefaultHttpResponse(decodeResult: success, version: HTTP/1.1)
HTTP/1.1 200 OK
Content-Type: application/json; charset=utf-8
cache-control: no-cache
content-length: 88

16:12:01.178 [AsyncHttpClient-1-2] DEBUG org.asynchttpclient.netty.channel.ChannelManager - Adding key: http://localhost:59218 for channel [id: 0x0f6532c8, L:/127.0.0.1:60506 - R:localhost/127.0.0.1:59218]
16:12:01.180 [Forwarding clickElement on session 6639afaf5e002b3672806fad1f5e2558 to remote] DEBUG org.asynchttpclient.netty.request.NettyRequestSender - Using pooled Channel '[id: 0x0f6532c8, L:/127.0.0.1:60506 - R:localhost/127.0.0.1:59218]' for 'POST' to 'http://localhost:59218/session/6639afaf5e002b3672806fad1f5e2558/element/77115c0f-cfb9-450a-bdd3-fec00124c015/click'
16:12:01.180 [Forwarding clickElement on session 6639afaf5e002b3672806fad1f5e2558 to remote] DEBUG org.asynchttpclient.netty.request.NettyRequestSender - Using open Channel [id: 0x0f6532c8, L:/127.0.0.1:60506 - R:localhost/127.0.0.1:59218] for POST '/session/6639afaf5e002b3672806fad1f5e2558/element/77115c0f-cfb9-450a-bdd3-fec00124c015/click'
16:12:01.275 [AsyncHttpClient-1-2] DEBUG org.asynchttpclient.netty.handler.HttpHandler - 

Request DefaultHttpRequest(decodeResult: success, version: HTTP/1.1)
POST /session/6639afaf5e002b3672806fad1f5e2558/element/77115c0f-cfb9-450a-bdd3-fec00124c015/click HTTP/1.1
User-Agent: selenium/4.1.2 (java windows)
Content-Length: 50
Content-Type: application/json; charset=utf-8
host: localhost:59218
accept: */*

Response DefaultHttpResponse(decodeResult: success, version: HTTP/1.1)
HTTP/1.1 200 OK
Content-Type: application/json; charset=utf-8
cache-control: no-cache
content-length: 14

16:12:01.276 [AsyncHttpClient-1-2] DEBUG org.asynchttpclient.netty.channel.ChannelManager - Adding key: http://localhost:59218 for channel [id: 0x0f6532c8, L:/127.0.0.1:60506 - R:localhost/127.0.0.1:59218]
16:12:01.288 [Forwarding screenshot on session 6639afaf5e002b3672806fad1f5e2558 to remote] DEBUG org.asynchttpclient.netty.request.NettyRequestSender - Using pooled Channel '[id: 0x0f6532c8, L:/127.0.0.1:60506 - R:localhost/127.0.0.1:59218]' for 'GET' to 'http://localhost:59218/session/6639afaf5e002b3672806fad1f5e2558/screenshot'
16:12:01.288 [Forwarding screenshot on session 6639afaf5e002b3672806fad1f5e2558 to remote] DEBUG org.asynchttpclient.netty.request.NettyRequestSender - Using open Channel [id: 0x0f6532c8, L:/127.0.0.1:60506 - R:localhost/127.0.0.1:59218] for GET '/session/6639afaf5e002b3672806fad1f5e2558/screenshot'
16:12:01.659 [AsyncHttpClient-1-1] DEBUG org.asynchttpclient.netty.channel.DefaultChannelPool - Entry count for : http://localhost:60507 : 1
16:12:01.836 [AsyncHttpClient-1-2] DEBUG org.asynchttpclient.netty.handler.HttpHandler - 

Request DefaultFullHttpRequest(decodeResult: success, version: HTTP/1.1, content: EmptyByteBufBE)
GET /session/6639afaf5e002b3672806fad1f5e2558/screenshot HTTP/1.1
User-Agent: selenium/4.1.2 (java windows)
Cache-Control: no-cache
Content-Type: application/json; charset=utf-8
host: localhost:59218
accept: */*

Response DefaultHttpResponse(decodeResult: success, version: HTTP/1.1)
HTTP/1.1 200 OK
Content-Type: application/json; charset=utf-8
cache-control: no-cache
content-length: 32460

16:12:01.837 [AsyncHttpClient-1-2] DEBUG org.asynchttpclient.netty.channel.ChannelManager - Adding key: http://localhost:59218 for channel [id: 0x0f6532c8, L:/127.0.0.1:60506 - R:localhost/127.0.0.1:59218]
16:12:01.839 [main] DEBUG net.serenitybdd.core.photography.Darkroom - Send negative for processing for target\site\serenity\c46d2c483ecf1f86a5e51214b61a9384ea085d564a0d13d4f09f45a6e91b4473.png
16:12:01.839 [main] DEBUG net.thucydides.core.steps.StepInterceptor - STEP DONE: clickRegisButton
  &amp#27;[32mAnd &amp#27;[0m&amp#27;[32mclick register button&amp#27;[0m     &amp#27;[90m# starter.stepdefinitions.RegisterSteps.clickRegisterButton()&amp#27;[0m
16:12:01.840 [Darkroom Processing Line] DEBUG net.serenitybdd.core.photography.DarkroomProcessingLine - Processing screenshot image in /var/screenshots/screenshot-1499052028703158924
16:12:01.840 [Darkroom Processing Line] DEBUG net.serenitybdd.core.photography.DarkroomProcessingLine - Saving screenshot to target\site\serenity\c46d2c483ecf1f86a5e51214b61a9384ea085d564a0d13d4f09f45a6e91b4473.png
16:12:01.871 [main] DEBUG net.thucydides.core.steps.StepInterceptor - STARTING STEP: RegisterSteps.iGetResult - alertSymbolAppears
16:12:01.878 [Forwarding findElement on session 6639afaf5e002b3672806fad1f5e2558 to remote] DEBUG org.asynchttpclient.netty.request.NettyRequestSender - Using pooled Channel '[id: 0x0f6532c8, L:/127.0.0.1:60506 - R:localhost/127.0.0.1:59218]' for 'POST' to 'http://localhost:59218/session/6639afaf5e002b3672806fad1f5e2558/element'
16:12:01.878 [Forwarding findElement on session 6639afaf5e002b3672806fad1f5e2558 to remote] DEBUG org.asynchttpclient.netty.request.NettyRequestSender - Using open Channel [id: 0x0f6532c8, L:/127.0.0.1:60506 - R:localhost/127.0.0.1:59218] for POST '/session/6639afaf5e002b3672806fad1f5e2558/element'
16:12:01.887 [AsyncHttpClient-1-2] DEBUG org.asynchttpclient.netty.handler.HttpHandler - 

Request DefaultHttpRequest(decodeResult: success, version: HTTP/1.1)
POST /session/6639afaf5e002b3672806fad1f5e2558/element HTTP/1.1
User-Agent: selenium/4.1.2 (java windows)
Content-Length: 53
Content-Type: application/json; charset=utf-8
host: localhost:59218
accept: */*

Response DefaultHttpResponse(decodeResult: success, version: HTTP/1.1)
HTTP/1.1 400 Bad Request
Content-Type: application/json; charset=utf-8
cache-control: no-cache
content-length: 957

16:12:01.887 [AsyncHttpClient-1-2] DEBUG org.asynchttpclient.netty.channel.ChannelManager - Adding key: http://localhost:59218 for channel [id: 0x0f6532c8, L:/127.0.0.1:60506 - R:localhost/127.0.0.1:59218]
16:12:01.891 [Forwarding findElement on session 6639afaf5e002b3672806fad1f5e2558 to remote] DEBUG org.asynchttpclient.netty.request.NettyRequestSender - Using pooled Channel '[id: 0x0f6532c8, L:/127.0.0.1:60506 - R:localhost/127.0.0.1:59218]' for 'POST' to 'http://localhost:59218/session/6639afaf5e002b3672806fad1f5e2558/element'
16:12:01.891 [Forwarding findElement on session 6639afaf5e002b3672806fad1f5e2558 to remote] DEBUG org.asynchttpclient.netty.request.NettyRequestSender - Using open Channel [id: 0x0f6532c8, L:/127.0.0.1:60506 - R:localhost/127.0.0.1:59218] for POST '/session/6639afaf5e002b3672806fad1f5e2558/element'
16:12:01.916 [AsyncHttpClient-1-2] DEBUG org.asynchttpclient.netty.handler.HttpHandler - 

Request DefaultHttpRequest(decodeResult: success, version: HTTP/1.1)
POST /session/6639afaf5e002b3672806fad1f5e2558/element HTTP/1.1
User-Agent: selenium/4.1.2 (java windows)
Content-Length: 63
Content-Type: application/json; charset=utf-8
host: localhost:59218
accept: */*

Response DefaultHttpResponse(decodeResult: success, version: HTTP/1.1)
HTTP/1.1 200 OK
Content-Type: application/json; charset=utf-8
cache-control: no-cache
content-length: 88

16:12:01.916 [AsyncHttpClient-1-2] DEBUG org.asynchttpclient.netty.channel.ChannelManager - Adding key: http://localhost:59218 for channel [id: 0x0f6532c8, L:/127.0.0.1:60506 - R:localhost/127.0.0.1:59218]
16:12:01.934 [Forwarding isElementDisplayed on session 6639afaf5e002b3672806fad1f5e2558 to remote] DEBUG org.asynchttpclient.netty.request.NettyRequestSender - Using pooled Channel '[id: 0x0f6532c8, L:/127.0.0.1:60506 - R:localhost/127.0.0.1:59218]' for 'POST' to 'http://localhost:59218/session/6639afaf5e002b3672806fad1f5e2558/execute/sync'
16:12:01.934 [Forwarding isElementDisplayed on session 6639afaf5e002b3672806fad1f5e2558 to remote] DEBUG org.asynchttpclient.netty.request.NettyRequestSender - Using open Channel [id: 0x0f6532c8, L:/127.0.0.1:60506 - R:localhost/127.0.0.1:59218] for POST '/session/6639afaf5e002b3672806fad1f5e2558/execute/sync'
16:12:01.966 [AsyncHttpClient-1-2] DEBUG org.asynchttpclient.netty.handler.HttpHandler - 

Request DefaultHttpRequest(decodeResult: success, version: HTTP/1.1)
POST /session/6639afaf5e002b3672806fad1f5e2558/execute/sync HTTP/1.1
User-Agent: selenium/4.1.2 (java windows)
Content-Length: 48780
Content-Type: application/json; charset=utf-8
host: localhost:59218
accept: */*

Response DefaultHttpResponse(decodeResult: success, version: HTTP/1.1)
HTTP/1.1 200 OK
Content-Type: application/json; charset=utf-8
cache-control: no-cache
content-length: 14

16:12:01.966 [AsyncHttpClient-1-2] DEBUG org.asynchttpclient.netty.channel.ChannelManager - Adding key: http://localhost:59218 for channel [id: 0x0f6532c8, L:/127.0.0.1:60506 - R:localhost/127.0.0.1:59218]
16:12:01.973 [Forwarding screenshot on session 6639afaf5e002b3672806fad1f5e2558 to remote] DEBUG org.asynchttpclient.netty.request.NettyRequestSender - Using pooled Channel '[id: 0x0f6532c8, L:/127.0.0.1:60506 - R:localhost/127.0.0.1:59218]' for 'GET' to 'http://localhost:59218/session/6639afaf5e002b3672806fad1f5e2558/screenshot'
16:12:01.973 [Forwarding screenshot on session 6639afaf5e002b3672806fad1f5e2558 to remote] DEBUG org.asynchttpclient.netty.request.NettyRequestSender - Using open Channel [id: 0x0f6532c8, L:/127.0.0.1:60506 - R:localhost/127.0.0.1:59218] for GET '/session/6639afaf5e002b3672806fad1f5e2558/screenshot'
16:12:02.149 [AsyncHttpClient-1-2] DEBUG org.asynchttpclient.netty.handler.HttpHandler - 

Request DefaultFullHttpRequest(decodeResult: success, version: HTTP/1.1, content: EmptyByteBufBE)
GET /session/6639afaf5e002b3672806fad1f5e2558/screenshot HTTP/1.1
User-Agent: selenium/4.1.2 (java windows)
Cache-Control: no-cache
Content-Type: application/json; charset=utf-8
host: localhost:59218
accept: */*

Response DefaultHttpResponse(decodeResult: success, version: HTTP/1.1)
HTTP/1.1 200 OK
Content-Type: application/json; charset=utf-8
cache-control: no-cache
content-length: 31624

16:12:02.150 [AsyncHttpClient-1-2] DEBUG org.asynchttpclient.netty.channel.ChannelManager - Adding key: http://localhost:59218 for channel [id: 0x0f6532c8, L:/127.0.0.1:60506 - R:localhost/127.0.0.1:59218]
16:12:02.152 [main] DEBUG net.serenitybdd.core.photography.Darkroom - Send negative for processing for target\site\serenity\1dd2db1d2100f2dac0259fe31ff7a28b2c36003660d8492f8cbac40fc1409e6f.png
16:12:02.153 [main] DEBUG net.thucydides.core.steps.StepInterceptor - STEP DONE: alertSymbolAppears
16:12:02.154 [Darkroom Processing Line] DEBUG net.serenitybdd.core.photography.DarkroomProcessingLine - Processing screenshot image in /var/screenshots/screenshot-2825594797029931824
16:12:02.154 [Darkroom Processing Line] DEBUG net.serenitybdd.core.photography.DarkroomProcessingLine - Saving screenshot to target\site\serenity\1dd2db1d2100f2dac0259fe31ff7a28b2c36003660d8492f8cbac40fc1409e6f.png
16:12:02.161 [Forwarding findElement on session 6639afaf5e002b3672806fad1f5e2558 to remote] DEBUG org.asynchttpclient.netty.request.NettyRequestSender - Using pooled Channel '[id: 0x0f6532c8, L:/127.0.0.1:60506 - R:localhost/127.0.0.1:59218]' for 'POST' to 'http://localhost:59218/session/6639afaf5e002b3672806fad1f5e2558/element'
16:12:02.161 [Forwarding findElement on session 6639afaf5e002b3672806fad1f5e2558 to remote] DEBUG org.asynchttpclient.netty.request.NettyRequestSender - Using open Channel [id: 0x0f6532c8, L:/127.0.0.1:60506 - R:localhost/127.0.0.1:59218] for POST '/session/6639afaf5e002b3672806fad1f5e2558/element'
16:12:02.175 [AsyncHttpClient-1-2] DEBUG org.asynchttpclient.netty.handler.HttpHandler - 

Request DefaultHttpRequest(decodeResult: success, version: HTTP/1.1)
POST /session/6639afaf5e002b3672806fad1f5e2558/element HTTP/1.1
User-Agent: selenium/4.1.2 (java windows)
Content-Length: 63
Content-Type: application/json; charset=utf-8
host: localhost:59218
accept: */*

Response DefaultHttpResponse(decodeResult: success, version: HTTP/1.1)
HTTP/1.1 200 OK
Content-Type: application/json; charset=utf-8
cache-control: no-cache
content-length: 88

16:12:02.175 [AsyncHttpClient-1-2] DEBUG org.asynchttpclient.netty.channel.ChannelManager - Adding key: http://localhost:59218 for channel [id: 0x0f6532c8, L:/127.0.0.1:60506 - R:localhost/127.0.0.1:59218]
16:12:02.176 [Forwarding getElementText on session 6639afaf5e002b3672806fad1f5e2558 to remote] DEBUG org.asynchttpclient.netty.request.NettyRequestSender - Using pooled Channel '[id: 0x0f6532c8, L:/127.0.0.1:60506 - R:localhost/127.0.0.1:59218]' for 'GET' to 'http://localhost:59218/session/6639afaf5e002b3672806fad1f5e2558/element/6571fe53-b30d-44ba-a966-25df48924cbd/text'
16:12:02.176 [Forwarding getElementText on session 6639afaf5e002b3672806fad1f5e2558 to remote] DEBUG org.asynchttpclient.netty.request.NettyRequestSender - Using open Channel [id: 0x0f6532c8, L:/127.0.0.1:60506 - R:localhost/127.0.0.1:59218] for GET '/session/6639afaf5e002b3672806fad1f5e2558/element/6571fe53-b30d-44ba-a966-25df48924cbd/text'
16:12:02.199 [AsyncHttpClient-1-2] DEBUG org.asynchttpclient.netty.handler.HttpHandler - 

Request DefaultFullHttpRequest(decodeResult: success, version: HTTP/1.1, content: EmptyByteBufBE)
GET /session/6639afaf5e002b3672806fad1f5e2558/element/6571fe53-b30d-44ba-a966-25df48924cbd/text HTTP/1.1
User-Agent: selenium/4.1.2 (java windows)
Cache-Control: no-cache
Content-Type: application/json; charset=utf-8
host: localhost:59218
accept: */*

Response DefaultHttpResponse(decodeResult: success, version: HTTP/1.1)
HTTP/1.1 200 OK
Content-Type: application/json; charset=utf-8
cache-control: no-cache
content-length: 12

16:12:02.199 [AsyncHttpClient-1-2] DEBUG org.asynchttpclient.netty.channel.ChannelManager - Adding key: http://localhost:59218 for channel [id: 0x0f6532c8, L:/127.0.0.1:60506 - R:localhost/127.0.0.1:59218]
  &amp#27;[32mThen &amp#27;[0m&amp#27;[32mI get the &amp#27;[0m&amp#27;[32m&amp#27;[1m"alert symbol"&amp#27;[0m &amp#27;[90m# starter.stepdefinitions.RegisterSteps.iGetResult(java.lang.String)&amp#27;[0m
16:12:02.207 [Forwarding screenshot on session 6639afaf5e002b3672806fad1f5e2558 to remote] DEBUG org.asynchttpclient.netty.request.NettyRequestSender - Using pooled Channel '[id: 0x0f6532c8, L:/127.0.0.1:60506 - R:localhost/127.0.0.1:59218]' for 'GET' to 'http://localhost:59218/session/6639afaf5e002b3672806fad1f5e2558/screenshot'
16:12:02.207 [Forwarding screenshot on session 6639afaf5e002b3672806fad1f5e2558 to remote] DEBUG org.asynchttpclient.netty.request.NettyRequestSender - Using open Channel [id: 0x0f6532c8, L:/127.0.0.1:60506 - R:localhost/127.0.0.1:59218] for GET '/session/6639afaf5e002b3672806fad1f5e2558/screenshot'
16:12:02.382 [AsyncHttpClient-1-2] DEBUG org.asynchttpclient.netty.handler.HttpHandler - 

Request DefaultFullHttpRequest(decodeResult: success, version: HTTP/1.1, content: EmptyByteBufBE)
GET /session/6639afaf5e002b3672806fad1f5e2558/screenshot HTTP/1.1
User-Agent: selenium/4.1.2 (java windows)
Cache-Control: no-cache
Content-Type: application/json; charset=utf-8
host: localhost:59218
accept: */*

Response DefaultHttpResponse(decodeResult: success, version: HTTP/1.1)
HTTP/1.1 200 OK
Content-Type: application/json; charset=utf-8
cache-control: no-cache
content-length: 31624

16:12:02.383 [AsyncHttpClient-1-2] DEBUG org.asynchttpclient.netty.channel.ChannelManager - Adding key: http://localhost:59218 for channel [id: 0x0f6532c8, L:/127.0.0.1:60506 - R:localhost/127.0.0.1:59218]
16:12:02.385 [main] DEBUG net.serenitybdd.core.photography.Darkroom - Send negative for processing for target\site\serenity\1dd2db1d2100f2dac0259fe31ff7a28b2c36003660d8492f8cbac40fc1409e6f.png
16:12:02.395 [AsyncHttpClient-1-4] DEBUG org.asynchttpclient.netty.handler.WebSocketHandler - Channel Closed: [id: 0xb387acbd, L:/127.0.0.1:60514 ! R:localhost/127.0.0.1:60507] with attribute NettyResponseFuture{currentRetry=5,
	isDone=1,
	isCancelled=0,
	asyncHandler=org.asynchttpclient.ws.WebSocketUpgradeHandler@14fa682e,
	nettyRequest=org.asynchttpclient.netty.request.NettyRequest@43a32df1,
	future=java.util.concurrent.CompletableFuture@6664b3bc[Completed normally],
	uri=ws://localhost:60507/devtools/browser/bae45abb-4f17-4ff7-9fbc-ad1fc724a4ac,
	keepAlive=true,
	redirectCount=0,
	timeoutsHolder=null,
	inAuth=0,
	touch=1652778716036}
16:12:02.395 [AsyncHttpClient-1-4] DEBUG org.asynchttpclient.netty.channel.ChannelManager - Closing Channel [id: 0xb387acbd, L:/127.0.0.1:60514 ! R:localhost/127.0.0.1:60507] 
16:12:02.396 [Driver Command Executor] DEBUG org.asynchttpclient.netty.request.NettyRequestSender - Using pooled Channel '[id: 0x0f6532c8, L:/127.0.0.1:60506 - R:localhost/127.0.0.1:59218]' for 'DELETE' to 'http://localhost:59218/session/6639afaf5e002b3672806fad1f5e2558'
16:12:02.396 [Driver Command Executor] DEBUG org.asynchttpclient.netty.request.NettyRequestSender - Using open Channel [id: 0x0f6532c8, L:/127.0.0.1:60506 - R:localhost/127.0.0.1:59218] for DELETE '/session/6639afaf5e002b3672806fad1f5e2558'
16:12:02.663 [AsyncHttpClient-1-3] DEBUG org.asynchttpclient.netty.handler.HttpHandler - Unexpected I/O exception on channel [id: 0xeb98e7f3, L:/127.0.0.1:60513 - R:localhost/127.0.0.1:60507]
java.net.SocketException: Connection reset
	at java.base/sun.nio.ch.SocketChannelImpl.throwConnectionReset(SocketChannelImpl.java:367)
	at java.base/sun.nio.ch.SocketChannelImpl.read(SocketChannelImpl.java:398)
	at io.netty.buffer.PooledByteBuf.setBytes(PooledByteBuf.java:258)
	at io.netty.buffer.AbstractByteBuf.writeBytes(AbstractByteBuf.java:1132)
	at io.netty.channel.socket.nio.NioSocketChannel.doReadBytes(NioSocketChannel.java:350)
	at io.netty.channel.nio.AbstractNioByteChannel$NioByteUnsafe.read(AbstractNioByteChannel.java:151)
	at io.netty.channel.nio.NioEventLoop.processSelectedKey(NioEventLoop.java:722)
	at io.netty.channel.nio.NioEventLoop.processSelectedKeysOptimized(NioEventLoop.java:658)
	at io.netty.channel.nio.NioEventLoop.processSelectedKeys(NioEventLoop.java:584)
	at io.netty.channel.nio.NioEventLoop.run(NioEventLoop.java:496)
	at io.netty.util.concurrent.SingleThreadEventExecutor$4.run(SingleThreadEventExecutor.java:986)
	at io.netty.util.internal.ThreadExecutorMap$2.run(ThreadExecutorMap.java:74)
	at io.netty.util.concurrent.FastThreadLocalRunnable.run(FastThreadLocalRunnable.java:30)
	at java.base/java.lang.Thread.run(Thread.java:832)
16:12:02.663 [AsyncHttpClient-1-3] DEBUG org.asynchttpclient.netty.channel.ChannelManager - Closing Channel [id: 0xeb98e7f3, L:/127.0.0.1:60513 - R:localhost/127.0.0.1:60507] 
16:12:02.663 [AsyncHttpClient-1-3] DEBUG org.asynchttpclient.netty.handler.HttpHandler - Channel Closed: [id: 0xeb98e7f3, L:/127.0.0.1:60513 ! R:localhost/127.0.0.1:60507] with attribute DISCARD
16:12:02.690 [AsyncHttpClient-1-2] DEBUG org.asynchttpclient.netty.handler.HttpHandler - 

Request DefaultFullHttpRequest(decodeResult: success, version: HTTP/1.1, content: EmptyByteBufBE)
DELETE /session/6639afaf5e002b3672806fad1f5e2558 HTTP/1.1
User-Agent: selenium/4.1.2 (java windows)
Content-Type: application/json; charset=utf-8
host: localhost:59218
accept: */*

Response DefaultHttpResponse(decodeResult: success, version: HTTP/1.1)
HTTP/1.1 200 OK
Content-Type: application/json; charset=utf-8
cache-control: no-cache
content-length: 14

16:12:02.691 [AsyncHttpClient-1-2] DEBUG org.asynchttpclient.netty.channel.ChannelManager - Adding key: http://localhost:59218 for channel [id: 0x0f6532c8, L:/127.0.0.1:60506 - R:localhost/127.0.0.1:59218]
16:12:02.741 [AsyncHttpClient-1-1] DEBUG org.asynchttpclient.netty.channel.DefaultChannelPool - Entry count for : http://localhost:59218 : 1
16:12:02.741 [AsyncHttpClient-1-1] DEBUG org.asynchttpclient.netty.channel.DefaultChannelPool - Entry count for : http://localhost:60507 : 1
16:12:02.741 [AsyncHttpClient-1-1] DEBUG org.asynchttpclient.netty.channel.DefaultChannelPool - Adding Candidate expired Channel [id: 0xeb98e7f3, L:/127.0.0.1:60513 ! R:localhost/127.0.0.1:60507] isIdleTimeoutExpired=false isRemotelyClosed=true isTtlExpired=false
16:12:02.741 [AsyncHttpClient-1-1] DEBUG org.asynchttpclient.netty.channel.DefaultChannelPool - Closing Idle Channel [id: 0xeb98e7f3, L:/127.0.0.1:60513 ! R:localhost/127.0.0.1:60507]
16:12:02.741 [AsyncHttpClient-1-1] DEBUG org.asynchttpclient.netty.channel.DefaultChannelPool - Closed 1 connections out of 2 in 0 ms
16:12:03.354 [AsyncHttpClient-1-2] DEBUG org.asynchttpclient.netty.handler.HttpHandler - Channel Closed: [id: 0x0f6532c8, L:/127.0.0.1:60506 ! R:localhost/127.0.0.1:59218] with attribute DISCARD
16:12:03.835 [AsyncHttpClient-1-1] DEBUG org.asynchttpclient.netty.channel.DefaultChannelPool - Entry count for : http://localhost:59218 : 1
16:12:03.835 [AsyncHttpClient-1-1] DEBUG org.asynchttpclient.netty.channel.DefaultChannelPool - Adding Candidate expired Channel [id: 0x0f6532c8, L:/127.0.0.1:60506 ! R:localhost/127.0.0.1:59218] isIdleTimeoutExpired=false isRemotelyClosed=true isTtlExpired=false
16:12:03.835 [AsyncHttpClient-1-1] DEBUG org.asynchttpclient.netty.channel.DefaultChannelPool - Closing Idle Channel [id: 0x0f6532c8, L:/127.0.0.1:60506 ! R:localhost/127.0.0.1:59218]
16:12:03.835 [AsyncHttpClient-1-1] DEBUG org.asynchttpclient.netty.channel.DefaultChannelPool - Closed 1 connections out of 1 in 0 ms
]]></system-out>
    <system-err><![CDATA[Starting ChromeDriver 100.0.4896.60 (6a5d10861ce8de5fce22564658033b43cb7de047-refs/branch-heads/4896@{#875}) on port 59218
Only local connections are allowed.
Please see https://chromedriver.chromium.org/security-considerations for suggestions on keeping ChromeDriver safe.
ChromeDriver was started successfully.
[1652778715.434][WARNING]: This version of ChromeDriver has not been tested with Chrome version 101.
May 17, 2022 4:11:56 PM org.openqa.selenium.remote.ProtocolHandshake createSession
INFO: Detected dialect: W3C
May 17, 2022 4:11:56 PM org.openqa.selenium.devtools.CdpVersionFinder findNearestMatch
WARNING: Unable to find an exact match for CDP version 101, so returning the closest version found: 97
May 17, 2022 4:11:56 PM org.openqa.selenium.devtools.CdpVersionFinder findNearestMatch
INFO: Found CDP implementation for version 101 of 97
]]></system-err>
  </testcase>
  <testcase name="Register #4" classname="Register" time="13.004">
    <system-out><![CDATA[
Scenario Outline: Register                             &amp#27;[90m# src/test/resources/features/Register.feature:19&amp#27;[0m
16:12:03.912 [main] INFO io.cucumber.core.plugin.SerenityReporter - Running feature from file:///C:/Users/ponda/Documents/Final_Project/Final_Web/src/test/resources/features/Register.feature
16:12:03.970 [main] DEBUG net.thucydides.core.steps.StepInterceptor - STARTING STEP: RegisterSteps.onRegisterPage - openRegisURL
16:12:03.972 [main] INFO net.serenitybdd.core.webdriver.driverproviders.ChromeDriverProvider - Using automatically driver download
16:12:04.391 [main] DEBUG io.github.bonigarcia.wdm.cache.ResolutionCache - Resolution chrome=101 in cache (valid until 17:04:06 17/05/2022 WIB)
16:12:04.405 [main] DEBUG io.github.bonigarcia.wdm.cache.ResolutionCache - Resolution chrome101=101.0.4951.41 in cache (valid until 16:04:06 18/05/2022 WIB)
16:12:04.411 [main] INFO io.github.bonigarcia.wdm.WebDriverManager - Using chromedriver 101.0.4951.41 (resolved driver for Chrome 101)
16:12:04.444 [main] DEBUG io.github.bonigarcia.wdm.WebDriverManager - Driver chromedriver 101.0.4951.41 found in cache
16:12:04.446 [main] INFO io.github.bonigarcia.wdm.WebDriverManager - Exporting webdriver.chrome.driver as C:\Users\ponda\.cache\selenium\chromedriver\win32\101.0.4951.41\chromedriver.exe
16:12:04.841 [main] DEBUG net.serenitybdd.core.webdriver.driverproviders.ProvideNewDriver - Instantiating driver
16:12:04.841 [main] DEBUG net.serenitybdd.core.webdriver.driverproviders.ProvideNewDriver - Driver capabilities: Capabilities {acceptInsecureCerts: false, base.url: https://qa.alta.id, browserName: chrome, chrome.driver: src/test/resources/webdrive..., driver: chrome, goog:chromeOptions: {args: [], extensions: []}}
16:12:06.006 [AsyncHttpClient-1-5] DEBUG org.asynchttpclient.netty.channel.NettyConnectListener - Using new Channel '[id: 0xc601a343, L:/127.0.0.1:60536 - R:localhost/127.0.0.1:49388]' for 'POST' to '/session'
16:12:08.791 [AsyncHttpClient-1-5] DEBUG org.asynchttpclient.netty.handler.HttpHandler - 

Request DefaultHttpRequest(decodeResult: success, version: HTTP/1.1)
POST /session HTTP/1.1
User-Agent: selenium/4.1.2 (java windows)
Content-Length: 599
Content-Type: application/json; charset=utf-8
host: localhost:49388
accept: */*

Response DefaultHttpResponse(decodeResult: success, version: HTTP/1.1)
HTTP/1.1 200 OK
Content-Type: application/json; charset=utf-8
cache-control: no-cache
content-length: 788

16:12:08.791 [AsyncHttpClient-1-5] DEBUG org.asynchttpclient.netty.channel.ChannelManager - Adding key: http://localhost:49388 for channel [id: 0xc601a343, L:/127.0.0.1:60536 - R:localhost/127.0.0.1:49388]
16:12:08.808 [AsyncHttpClient-1-2] DEBUG org.asynchttpclient.netty.channel.NettyConnectListener - Using new Channel '[id: 0xb850e460, L:/127.0.0.1:60543 - R:localhost/127.0.0.1:60537]' for 'GET' to '/json/version'
16:12:08.809 [AsyncHttpClient-1-2] DEBUG org.asynchttpclient.netty.handler.HttpHandler - 

Request DefaultFullHttpRequest(decodeResult: success, version: HTTP/1.1, content: EmptyByteBufBE)
GET /json/version HTTP/1.1
User-Agent: selenium/4.1.2 (java windows)
host: localhost:60537
accept: */*

Response DefaultHttpResponse(decodeResult: success, version: HTTP/1.1)
HTTP/1.1 200 OK
Content-Type: application/json; charset=UTF-8
content-length: 427

16:12:08.810 [AsyncHttpClient-1-2] DEBUG org.asynchttpclient.netty.channel.ChannelManager - Adding key: http://localhost:60537 for channel [id: 0xb850e460, L:/127.0.0.1:60543 - R:localhost/127.0.0.1:60537]
16:12:08.813 [AsyncHttpClient-1-3] DEBUG org.asynchttpclient.netty.channel.NettyConnectListener - Using new Channel '[id: 0xa934c929, L:/127.0.0.1:60544 - R:localhost/127.0.0.1:60537]' for 'GET' to '/devtools/browser/6b5572d7-88e1-4c1f-8b22-6565f1809a8b'
16:12:08.814 [AsyncHttpClient-1-3] DEBUG org.asynchttpclient.netty.handler.WebSocketHandler - 

Request DefaultFullHttpRequest(decodeResult: success, version: HTTP/1.1, content: EmptyByteBufBE)
GET /devtools/browser/6b5572d7-88e1-4c1f-8b22-6565f1809a8b HTTP/1.1
upgrade: websocket
connection: upgrade
sec-websocket-key: EudKo/rDagDRoUtul3XwjQ==
sec-websocket-version: 13
origin: http://localhost:60537
host: localhost:60537
accept: */*
user-agent: AHC/2.1

Response DefaultHttpResponse(decodeResult: success, version: HTTP/1.1)
HTTP/1.1 101 WebSocket Protocol Handshake
Upgrade: WebSocket
Connection: Upgrade
Sec-WebSocket-Accept: c/jrq6TTKYnnNxkQoPanmuEEwWo=

16:12:08.827 [Forwarding maximizeCurrentWindow on session ab26645ffa45e71b95fe39fea7a3a01a to remote] DEBUG org.asynchttpclient.netty.request.NettyRequestSender - Using pooled Channel '[id: 0xc601a343, L:/127.0.0.1:60536 - R:localhost/127.0.0.1:49388]' for 'POST' to 'http://localhost:49388/session/ab26645ffa45e71b95fe39fea7a3a01a/window/maximize'
16:12:08.827 [Forwarding maximizeCurrentWindow on session ab26645ffa45e71b95fe39fea7a3a01a to remote] DEBUG org.asynchttpclient.netty.request.NettyRequestSender - Using open Channel [id: 0xc601a343, L:/127.0.0.1:60536 - R:localhost/127.0.0.1:49388] for POST '/session/ab26645ffa45e71b95fe39fea7a3a01a/window/maximize'
16:12:09.033 [AsyncHttpClient-1-5] DEBUG org.asynchttpclient.netty.handler.HttpHandler - 

Request DefaultHttpRequest(decodeResult: success, version: HTTP/1.1)
POST /session/ab26645ffa45e71b95fe39fea7a3a01a/window/maximize HTTP/1.1
User-Agent: selenium/4.1.2 (java windows)
Content-Length: 3
Content-Type: application/json; charset=utf-8
host: localhost:49388
accept: */*

Response DefaultHttpResponse(decodeResult: success, version: HTTP/1.1)
HTTP/1.1 200 OK
Content-Type: application/json; charset=utf-8
cache-control: no-cache
content-length: 51

16:12:09.034 [AsyncHttpClient-1-5] DEBUG org.asynchttpclient.netty.channel.ChannelManager - Adding key: http://localhost:49388 for channel [id: 0xc601a343, L:/127.0.0.1:60536 - R:localhost/127.0.0.1:49388]
16:12:09.036 [Forwarding get on session ab26645ffa45e71b95fe39fea7a3a01a to remote] DEBUG org.asynchttpclient.netty.request.NettyRequestSender - Using pooled Channel '[id: 0xc601a343, L:/127.0.0.1:60536 - R:localhost/127.0.0.1:49388]' for 'POST' to 'http://localhost:49388/session/ab26645ffa45e71b95fe39fea7a3a01a/url'
16:12:09.036 [Forwarding get on session ab26645ffa45e71b95fe39fea7a3a01a to remote] DEBUG org.asynchttpclient.netty.request.NettyRequestSender - Using open Channel [id: 0xc601a343, L:/127.0.0.1:60536 - R:localhost/127.0.0.1:49388] for POST '/session/ab26645ffa45e71b95fe39fea7a3a01a/url'
16:12:09.348 [AsyncHttpClient-1-1] DEBUG org.asynchttpclient.netty.channel.DefaultChannelPool - Entry count for : http://localhost:60537 : 1
16:12:10.446 [AsyncHttpClient-1-1] DEBUG org.asynchttpclient.netty.channel.DefaultChannelPool - Entry count for : http://localhost:60537 : 1
16:12:10.782 [AsyncHttpClient-1-5] DEBUG org.asynchttpclient.netty.handler.HttpHandler - 

Request DefaultHttpRequest(decodeResult: success, version: HTTP/1.1)
POST /session/ab26645ffa45e71b95fe39fea7a3a01a/url HTTP/1.1
User-Agent: selenium/4.1.2 (java windows)
Content-Length: 67
Content-Type: application/json; charset=utf-8
host: localhost:49388
accept: */*

Response DefaultHttpResponse(decodeResult: success, version: HTTP/1.1)
HTTP/1.1 200 OK
Content-Type: application/json; charset=utf-8
cache-control: no-cache
content-length: 14

16:12:10.783 [AsyncHttpClient-1-5] DEBUG org.asynchttpclient.netty.channel.ChannelManager - Adding key: http://localhost:49388 for channel [id: 0xc601a343, L:/127.0.0.1:60536 - R:localhost/127.0.0.1:49388]
16:12:10.786 [Forwarding setTimeout on session ab26645ffa45e71b95fe39fea7a3a01a to remote] DEBUG org.asynchttpclient.netty.request.NettyRequestSender - Using pooled Channel '[id: 0xc601a343, L:/127.0.0.1:60536 - R:localhost/127.0.0.1:49388]' for 'POST' to 'http://localhost:49388/session/ab26645ffa45e71b95fe39fea7a3a01a/timeouts'
16:12:10.786 [Forwarding setTimeout on session ab26645ffa45e71b95fe39fea7a3a01a to remote] DEBUG org.asynchttpclient.netty.request.NettyRequestSender - Using open Channel [id: 0xc601a343, L:/127.0.0.1:60536 - R:localhost/127.0.0.1:49388] for POST '/session/ab26645ffa45e71b95fe39fea7a3a01a/timeouts'
16:12:10.875 [AsyncHttpClient-1-5] DEBUG org.asynchttpclient.netty.handler.HttpHandler - 

Request DefaultHttpRequest(decodeResult: success, version: HTTP/1.1)
POST /session/ab26645ffa45e71b95fe39fea7a3a01a/timeouts HTTP/1.1
User-Agent: selenium/4.1.2 (java windows)
Content-Length: 22
Content-Type: application/json; charset=utf-8
host: localhost:49388
accept: */*

Response DefaultHttpResponse(decodeResult: success, version: HTTP/1.1)
HTTP/1.1 200 OK
Content-Type: application/json; charset=utf-8
cache-control: no-cache
content-length: 14

16:12:10.876 [AsyncHttpClient-1-5] DEBUG org.asynchttpclient.netty.channel.ChannelManager - Adding key: http://localhost:49388 for channel [id: 0xc601a343, L:/127.0.0.1:60536 - R:localhost/127.0.0.1:49388]
16:12:10.881 [Forwarding getCurrentUrl on session ab26645ffa45e71b95fe39fea7a3a01a to remote] DEBUG org.asynchttpclient.netty.request.NettyRequestSender - Using pooled Channel '[id: 0xc601a343, L:/127.0.0.1:60536 - R:localhost/127.0.0.1:49388]' for 'GET' to 'http://localhost:49388/session/ab26645ffa45e71b95fe39fea7a3a01a/url'
16:12:10.881 [Forwarding getCurrentUrl on session ab26645ffa45e71b95fe39fea7a3a01a to remote] DEBUG org.asynchttpclient.netty.request.NettyRequestSender - Using open Channel [id: 0xc601a343, L:/127.0.0.1:60536 - R:localhost/127.0.0.1:49388] for GET '/session/ab26645ffa45e71b95fe39fea7a3a01a/url'
16:12:10.968 [AsyncHttpClient-1-5] DEBUG org.asynchttpclient.netty.handler.HttpHandler - 

Request DefaultFullHttpRequest(decodeResult: success, version: HTTP/1.1, content: EmptyByteBufBE)
GET /session/ab26645ffa45e71b95fe39fea7a3a01a/url HTTP/1.1
User-Agent: selenium/4.1.2 (java windows)
Cache-Control: no-cache
Content-Type: application/json; charset=utf-8
host: localhost:49388
accept: */*

Response DefaultHttpResponse(decodeResult: success, version: HTTP/1.1)
HTTP/1.1 200 OK
Content-Type: application/json; charset=utf-8
cache-control: no-cache
content-length: 44

16:12:10.969 [AsyncHttpClient-1-5] DEBUG org.asynchttpclient.netty.channel.ChannelManager - Adding key: http://localhost:49388 for channel [id: 0xc601a343, L:/127.0.0.1:60536 - R:localhost/127.0.0.1:49388]
16:12:10.981 [Forwarding screenshot on session ab26645ffa45e71b95fe39fea7a3a01a to remote] DEBUG org.asynchttpclient.netty.request.NettyRequestSender - Using pooled Channel '[id: 0xc601a343, L:/127.0.0.1:60536 - R:localhost/127.0.0.1:49388]' for 'GET' to 'http://localhost:49388/session/ab26645ffa45e71b95fe39fea7a3a01a/screenshot'
16:12:10.981 [Forwarding screenshot on session ab26645ffa45e71b95fe39fea7a3a01a to remote] DEBUG org.asynchttpclient.netty.request.NettyRequestSender - Using open Channel [id: 0xc601a343, L:/127.0.0.1:60536 - R:localhost/127.0.0.1:49388] for GET '/session/ab26645ffa45e71b95fe39fea7a3a01a/screenshot'
16:12:11.524 [AsyncHttpClient-1-5] DEBUG org.asynchttpclient.netty.handler.HttpHandler - 

Request DefaultFullHttpRequest(decodeResult: success, version: HTTP/1.1, content: EmptyByteBufBE)
GET /session/ab26645ffa45e71b95fe39fea7a3a01a/screenshot HTTP/1.1
User-Agent: selenium/4.1.2 (java windows)
Cache-Control: no-cache
Content-Type: application/json; charset=utf-8
host: localhost:49388
accept: */*

Response DefaultHttpResponse(decodeResult: success, version: HTTP/1.1)
HTTP/1.1 200 OK
Content-Type: application/json; charset=utf-8
cache-control: no-cache
content-length: 30072

16:12:11.524 [AsyncHttpClient-1-5] DEBUG org.asynchttpclient.netty.channel.ChannelManager - Adding key: http://localhost:49388 for channel [id: 0xc601a343, L:/127.0.0.1:60536 - R:localhost/127.0.0.1:49388]
16:12:11.527 [main] DEBUG net.serenitybdd.core.photography.Darkroom - Send negative for processing for target\site\serenity\c90d416f89a57edc1d87ebe5454e02f8b3ea83905edd389a5c97ffd3bf9e7a49.png
16:12:11.527 [main] DEBUG net.thucydides.core.steps.StepInterceptor - STEP DONE: openRegisURL
  &amp#27;[32mGiven &amp#27;[0m&amp#27;[32mI am on register page&amp#27;[0m                          &amp#27;[90m# starter.stepdefinitions.RegisterSteps.onRegisterPage()&amp#27;[0m
16:12:11.543 [AsyncHttpClient-1-1] DEBUG org.asynchttpclient.netty.channel.DefaultChannelPool - Entry count for : http://localhost:60537 : 1
16:12:11.543 [AsyncHttpClient-1-1] DEBUG org.asynchttpclient.netty.channel.DefaultChannelPool - Entry count for : http://localhost:49388 : 1
16:12:11.552 [main] DEBUG net.thucydides.core.steps.StepInterceptor - STARTING STEP: RegisterSteps.inputNamaLengkap - inputNamaLengkap
16:12:11.557 [Forwarding findElement on session ab26645ffa45e71b95fe39fea7a3a01a to remote] DEBUG org.asynchttpclient.netty.request.NettyRequestSender - Using pooled Channel '[id: 0xc601a343, L:/127.0.0.1:60536 - R:localhost/127.0.0.1:49388]' for 'POST' to 'http://localhost:49388/session/ab26645ffa45e71b95fe39fea7a3a01a/element'
16:12:11.557 [Forwarding findElement on session ab26645ffa45e71b95fe39fea7a3a01a to remote] DEBUG org.asynchttpclient.netty.request.NettyRequestSender - Using open Channel [id: 0xc601a343, L:/127.0.0.1:60536 - R:localhost/127.0.0.1:49388] for POST '/session/ab26645ffa45e71b95fe39fea7a3a01a/element'
16:12:11.581 [AsyncHttpClient-1-5] DEBUG org.asynchttpclient.netty.handler.HttpHandler - 

Request DefaultHttpRequest(decodeResult: success, version: HTTP/1.1)
POST /session/ab26645ffa45e71b95fe39fea7a3a01a/element HTTP/1.1
User-Agent: selenium/4.1.2 (java windows)
Content-Length: 93
Content-Type: application/json; charset=utf-8
host: localhost:49388
accept: */*

Response DefaultHttpResponse(decodeResult: success, version: HTTP/1.1)
HTTP/1.1 200 OK
Content-Type: application/json; charset=utf-8
cache-control: no-cache
content-length: 88

16:12:11.581 [AsyncHttpClient-1-5] DEBUG org.asynchttpclient.netty.channel.ChannelManager - Adding key: http://localhost:49388 for channel [id: 0xc601a343, L:/127.0.0.1:60536 - R:localhost/127.0.0.1:49388]
16:12:11.583 [Forwarding clearElement on session ab26645ffa45e71b95fe39fea7a3a01a to remote] DEBUG org.asynchttpclient.netty.request.NettyRequestSender - Using pooled Channel '[id: 0xc601a343, L:/127.0.0.1:60536 - R:localhost/127.0.0.1:49388]' for 'POST' to 'http://localhost:49388/session/ab26645ffa45e71b95fe39fea7a3a01a/element/e336ea6d-7d27-4ba7-88a4-b92732821180/clear'
16:12:11.583 [Forwarding clearElement on session ab26645ffa45e71b95fe39fea7a3a01a to remote] DEBUG org.asynchttpclient.netty.request.NettyRequestSender - Using open Channel [id: 0xc601a343, L:/127.0.0.1:60536 - R:localhost/127.0.0.1:49388] for POST '/session/ab26645ffa45e71b95fe39fea7a3a01a/element/e336ea6d-7d27-4ba7-88a4-b92732821180/clear'
16:12:11.648 [AsyncHttpClient-1-5] DEBUG org.asynchttpclient.netty.handler.HttpHandler - 

Request DefaultHttpRequest(decodeResult: success, version: HTTP/1.1)
POST /session/ab26645ffa45e71b95fe39fea7a3a01a/element/e336ea6d-7d27-4ba7-88a4-b92732821180/clear HTTP/1.1
User-Agent: selenium/4.1.2 (java windows)
Content-Length: 50
Content-Type: application/json; charset=utf-8
host: localhost:49388
accept: */*

Response DefaultHttpResponse(decodeResult: success, version: HTTP/1.1)
HTTP/1.1 200 OK
Content-Type: application/json; charset=utf-8
cache-control: no-cache
content-length: 14

16:12:11.648 [AsyncHttpClient-1-5] DEBUG org.asynchttpclient.netty.channel.ChannelManager - Adding key: http://localhost:49388 for channel [id: 0xc601a343, L:/127.0.0.1:60536 - R:localhost/127.0.0.1:49388]
16:12:11.651 [Forwarding sendKeysToElement on session ab26645ffa45e71b95fe39fea7a3a01a to remote] DEBUG org.asynchttpclient.netty.request.NettyRequestSender - Using pooled Channel '[id: 0xc601a343, L:/127.0.0.1:60536 - R:localhost/127.0.0.1:49388]' for 'POST' to 'http://localhost:49388/session/ab26645ffa45e71b95fe39fea7a3a01a/element/e336ea6d-7d27-4ba7-88a4-b92732821180/value'
16:12:11.651 [Forwarding sendKeysToElement on session ab26645ffa45e71b95fe39fea7a3a01a to remote] DEBUG org.asynchttpclient.netty.request.NettyRequestSender - Using open Channel [id: 0xc601a343, L:/127.0.0.1:60536 - R:localhost/127.0.0.1:49388] for POST '/session/ab26645ffa45e71b95fe39fea7a3a01a/element/e336ea6d-7d27-4ba7-88a4-b92732821180/value'
16:12:11.776 [AsyncHttpClient-1-5] DEBUG org.asynchttpclient.netty.handler.HttpHandler - 

Request DefaultHttpRequest(decodeResult: success, version: HTTP/1.1)
POST /session/ab26645ffa45e71b95fe39fea7a3a01a/element/e336ea6d-7d27-4ba7-88a4-b92732821180/value HTTP/1.1
User-Agent: selenium/4.1.2 (java windows)
Content-Length: 82
Content-Type: application/json; charset=utf-8
host: localhost:49388
accept: */*

Response DefaultHttpResponse(decodeResult: success, version: HTTP/1.1)
HTTP/1.1 200 OK
Content-Type: application/json; charset=utf-8
cache-control: no-cache
content-length: 14

16:12:11.777 [AsyncHttpClient-1-5] DEBUG org.asynchttpclient.netty.channel.ChannelManager - Adding key: http://localhost:49388 for channel [id: 0xc601a343, L:/127.0.0.1:60536 - R:localhost/127.0.0.1:49388]
16:12:11.809 [Forwarding screenshot on session ab26645ffa45e71b95fe39fea7a3a01a to remote] DEBUG org.asynchttpclient.netty.request.NettyRequestSender - Using pooled Channel '[id: 0xc601a343, L:/127.0.0.1:60536 - R:localhost/127.0.0.1:49388]' for 'GET' to 'http://localhost:49388/session/ab26645ffa45e71b95fe39fea7a3a01a/screenshot'
16:12:11.809 [Forwarding screenshot on session ab26645ffa45e71b95fe39fea7a3a01a to remote] DEBUG org.asynchttpclient.netty.request.NettyRequestSender - Using open Channel [id: 0xc601a343, L:/127.0.0.1:60536 - R:localhost/127.0.0.1:49388] for GET '/session/ab26645ffa45e71b95fe39fea7a3a01a/screenshot'
16:12:12.114 [AsyncHttpClient-1-5] DEBUG org.asynchttpclient.netty.handler.HttpHandler - 

Request DefaultFullHttpRequest(decodeResult: success, version: HTTP/1.1, content: EmptyByteBufBE)
GET /session/ab26645ffa45e71b95fe39fea7a3a01a/screenshot HTTP/1.1
User-Agent: selenium/4.1.2 (java windows)
Cache-Control: no-cache
Content-Type: application/json; charset=utf-8
host: localhost:49388
accept: */*

Response DefaultHttpResponse(decodeResult: success, version: HTTP/1.1)
HTTP/1.1 200 OK
Content-Type: application/json; charset=utf-8
cache-control: no-cache
content-length: 29920

16:12:12.115 [AsyncHttpClient-1-5] DEBUG org.asynchttpclient.netty.channel.ChannelManager - Adding key: http://localhost:49388 for channel [id: 0xc601a343, L:/127.0.0.1:60536 - R:localhost/127.0.0.1:49388]
16:12:12.117 [main] DEBUG net.serenitybdd.core.photography.Darkroom - Send negative for processing for target\site\serenity\eb0b0ae5f1159cf658ee6555599fc35fad3377c65fe5138fe8d08f7242df2d5a.png
16:12:12.117 [main] DEBUG net.thucydides.core.steps.StepInterceptor - STEP DONE: inputNamaLengkap
16:12:12.118 [Darkroom Processing Line] DEBUG net.serenitybdd.core.photography.DarkroomProcessingLine - Processing screenshot image in /var/screenshots/screenshot-2014664808597716206
16:12:12.118 [Darkroom Processing Line] DEBUG net.serenitybdd.core.photography.DarkroomProcessingLine - Saving screenshot to target\site\serenity\eb0b0ae5f1159cf658ee6555599fc35fad3377c65fe5138fe8d08f7242df2d5a.png
  &amp#27;[32mWhen &amp#27;[0m&amp#27;[32mI input fullname &amp#27;[0m&amp#27;[32m&amp#27;[1m""&amp#27;[0m                             &amp#27;[90m# starter.stepdefinitions.RegisterSteps.inputNamaLengkap(java.lang.String)&amp#27;[0m
16:12:12.163 [main] DEBUG net.thucydides.core.steps.StepInterceptor - STARTING STEP: RegisterSteps.iInputEmail - inputEmailForRegist
16:12:12.167 [Forwarding findElement on session ab26645ffa45e71b95fe39fea7a3a01a to remote] DEBUG org.asynchttpclient.netty.request.NettyRequestSender - Using pooled Channel '[id: 0xc601a343, L:/127.0.0.1:60536 - R:localhost/127.0.0.1:49388]' for 'POST' to 'http://localhost:49388/session/ab26645ffa45e71b95fe39fea7a3a01a/element'
16:12:12.167 [Forwarding findElement on session ab26645ffa45e71b95fe39fea7a3a01a to remote] DEBUG org.asynchttpclient.netty.request.NettyRequestSender - Using open Channel [id: 0xc601a343, L:/127.0.0.1:60536 - R:localhost/127.0.0.1:49388] for POST '/session/ab26645ffa45e71b95fe39fea7a3a01a/element'
16:12:12.199 [AsyncHttpClient-1-5] DEBUG org.asynchttpclient.netty.handler.HttpHandler - 

Request DefaultHttpRequest(decodeResult: success, version: HTTP/1.1)
POST /session/ab26645ffa45e71b95fe39fea7a3a01a/element HTTP/1.1
User-Agent: selenium/4.1.2 (java windows)
Content-Length: 86
Content-Type: application/json; charset=utf-8
host: localhost:49388
accept: */*

Response DefaultHttpResponse(decodeResult: success, version: HTTP/1.1)
HTTP/1.1 200 OK
Content-Type: application/json; charset=utf-8
cache-control: no-cache
content-length: 88

16:12:12.199 [AsyncHttpClient-1-5] DEBUG org.asynchttpclient.netty.channel.ChannelManager - Adding key: http://localhost:49388 for channel [id: 0xc601a343, L:/127.0.0.1:60536 - R:localhost/127.0.0.1:49388]
16:12:12.200 [Forwarding clearElement on session ab26645ffa45e71b95fe39fea7a3a01a to remote] DEBUG org.asynchttpclient.netty.request.NettyRequestSender - Using pooled Channel '[id: 0xc601a343, L:/127.0.0.1:60536 - R:localhost/127.0.0.1:49388]' for 'POST' to 'http://localhost:49388/session/ab26645ffa45e71b95fe39fea7a3a01a/element/c54bb8d6-10ab-4ffe-b2dd-50b0118700f0/clear'
16:12:12.200 [Forwarding clearElement on session ab26645ffa45e71b95fe39fea7a3a01a to remote] DEBUG org.asynchttpclient.netty.request.NettyRequestSender - Using open Channel [id: 0xc601a343, L:/127.0.0.1:60536 - R:localhost/127.0.0.1:49388] for POST '/session/ab26645ffa45e71b95fe39fea7a3a01a/element/c54bb8d6-10ab-4ffe-b2dd-50b0118700f0/clear'
16:12:12.290 [AsyncHttpClient-1-5] DEBUG org.asynchttpclient.netty.handler.HttpHandler - 

Request DefaultHttpRequest(decodeResult: success, version: HTTP/1.1)
POST /session/ab26645ffa45e71b95fe39fea7a3a01a/element/c54bb8d6-10ab-4ffe-b2dd-50b0118700f0/clear HTTP/1.1
User-Agent: selenium/4.1.2 (java windows)
Content-Length: 50
Content-Type: application/json; charset=utf-8
host: localhost:49388
accept: */*

Response DefaultHttpResponse(decodeResult: success, version: HTTP/1.1)
HTTP/1.1 200 OK
Content-Type: application/json; charset=utf-8
cache-control: no-cache
content-length: 14

16:12:12.290 [AsyncHttpClient-1-5] DEBUG org.asynchttpclient.netty.channel.ChannelManager - Adding key: http://localhost:49388 for channel [id: 0xc601a343, L:/127.0.0.1:60536 - R:localhost/127.0.0.1:49388]
16:12:12.293 [Forwarding sendKeysToElement on session ab26645ffa45e71b95fe39fea7a3a01a to remote] DEBUG org.asynchttpclient.netty.request.NettyRequestSender - Using pooled Channel '[id: 0xc601a343, L:/127.0.0.1:60536 - R:localhost/127.0.0.1:49388]' for 'POST' to 'http://localhost:49388/session/ab26645ffa45e71b95fe39fea7a3a01a/element/c54bb8d6-10ab-4ffe-b2dd-50b0118700f0/value'
16:12:12.293 [Forwarding sendKeysToElement on session ab26645ffa45e71b95fe39fea7a3a01a to remote] DEBUG org.asynchttpclient.netty.request.NettyRequestSender - Using open Channel [id: 0xc601a343, L:/127.0.0.1:60536 - R:localhost/127.0.0.1:49388] for POST '/session/ab26645ffa45e71b95fe39fea7a3a01a/element/c54bb8d6-10ab-4ffe-b2dd-50b0118700f0/value'
16:12:12.639 [AsyncHttpClient-1-1] DEBUG org.asynchttpclient.netty.channel.DefaultChannelPool - Entry count for : http://localhost:60537 : 1
16:12:12.834 [AsyncHttpClient-1-5] DEBUG org.asynchttpclient.netty.handler.HttpHandler - 

Request DefaultHttpRequest(decodeResult: success, version: HTTP/1.1)
POST /session/ab26645ffa45e71b95fe39fea7a3a01a/element/c54bb8d6-10ab-4ffe-b2dd-50b0118700f0/value HTTP/1.1
User-Agent: selenium/4.1.2 (java windows)
Content-Length: 251
Content-Type: application/json; charset=utf-8
host: localhost:49388
accept: */*

Response DefaultHttpResponse(decodeResult: success, version: HTTP/1.1)
HTTP/1.1 200 OK
Content-Type: application/json; charset=utf-8
cache-control: no-cache
content-length: 14

16:12:12.834 [AsyncHttpClient-1-5] DEBUG org.asynchttpclient.netty.channel.ChannelManager - Adding key: http://localhost:49388 for channel [id: 0xc601a343, L:/127.0.0.1:60536 - R:localhost/127.0.0.1:49388]
16:12:12.850 [Forwarding screenshot on session ab26645ffa45e71b95fe39fea7a3a01a to remote] DEBUG org.asynchttpclient.netty.request.NettyRequestSender - Using pooled Channel '[id: 0xc601a343, L:/127.0.0.1:60536 - R:localhost/127.0.0.1:49388]' for 'GET' to 'http://localhost:49388/session/ab26645ffa45e71b95fe39fea7a3a01a/screenshot'
16:12:12.850 [Forwarding screenshot on session ab26645ffa45e71b95fe39fea7a3a01a to remote] DEBUG org.asynchttpclient.netty.request.NettyRequestSender - Using open Channel [id: 0xc601a343, L:/127.0.0.1:60536 - R:localhost/127.0.0.1:49388] for GET '/session/ab26645ffa45e71b95fe39fea7a3a01a/screenshot'
16:12:13.115 [AsyncHttpClient-1-5] DEBUG org.asynchttpclient.netty.handler.HttpHandler - 

Request DefaultFullHttpRequest(decodeResult: success, version: HTTP/1.1, content: EmptyByteBufBE)
GET /session/ab26645ffa45e71b95fe39fea7a3a01a/screenshot HTTP/1.1
User-Agent: selenium/4.1.2 (java windows)
Cache-Control: no-cache
Content-Type: application/json; charset=utf-8
host: localhost:49388
accept: */*

Response DefaultHttpResponse(decodeResult: success, version: HTTP/1.1)
HTTP/1.1 200 OK
Content-Type: application/json; charset=utf-8
cache-control: no-cache
content-length: 33356

16:12:13.115 [AsyncHttpClient-1-5] DEBUG org.asynchttpclient.netty.channel.ChannelManager - Adding key: http://localhost:49388 for channel [id: 0xc601a343, L:/127.0.0.1:60536 - R:localhost/127.0.0.1:49388]
16:12:13.118 [main] DEBUG net.serenitybdd.core.photography.Darkroom - Send negative for processing for target\site\serenity\94845f223570e8f7476be8e79ae9a5c143ce827c3d786180635f733268cfdfcd.png
16:12:13.119 [Darkroom Processing Line] DEBUG net.serenitybdd.core.photography.DarkroomProcessingLine - Processing screenshot image in /var/screenshots/screenshot-17849350179592373275
16:12:13.127 [Darkroom Processing Line] DEBUG net.serenitybdd.core.photography.DarkroomProcessingLine - Saving screenshot to target\site\serenity\94845f223570e8f7476be8e79ae9a5c143ce827c3d786180635f733268cfdfcd.png
16:12:13.127 [main] DEBUG net.thucydides.core.steps.StepInterceptor - STEP DONE: inputEmailForRegist
  &amp#27;[32mAnd &amp#27;[0m&amp#27;[32mI input email &amp#27;[0m&amp#27;[32m&amp#27;[1m"jichuuu@gmail.com"&amp#27;[0m                &amp#27;[90m# starter.stepdefinitions.RegisterSteps.iInputEmail(java.lang.String)&amp#27;[0m
16:12:13.162 [main] DEBUG net.thucydides.core.steps.StepInterceptor - STARTING STEP: RegisterSteps.inputPass - inputPassForRegist
16:12:13.170 [Forwarding findElement on session ab26645ffa45e71b95fe39fea7a3a01a to remote] DEBUG org.asynchttpclient.netty.request.NettyRequestSender - Using pooled Channel '[id: 0xc601a343, L:/127.0.0.1:60536 - R:localhost/127.0.0.1:49388]' for 'POST' to 'http://localhost:49388/session/ab26645ffa45e71b95fe39fea7a3a01a/element'
16:12:13.170 [Forwarding findElement on session ab26645ffa45e71b95fe39fea7a3a01a to remote] DEBUG org.asynchttpclient.netty.request.NettyRequestSender - Using open Channel [id: 0xc601a343, L:/127.0.0.1:60536 - R:localhost/127.0.0.1:49388] for POST '/session/ab26645ffa45e71b95fe39fea7a3a01a/element'
16:12:13.225 [AsyncHttpClient-1-5] DEBUG org.asynchttpclient.netty.handler.HttpHandler - 

Request DefaultHttpRequest(decodeResult: success, version: HTTP/1.1)
POST /session/ab26645ffa45e71b95fe39fea7a3a01a/element HTTP/1.1
User-Agent: selenium/4.1.2 (java windows)
Content-Length: 89
Content-Type: application/json; charset=utf-8
host: localhost:49388
accept: */*

Response DefaultHttpResponse(decodeResult: success, version: HTTP/1.1)
HTTP/1.1 200 OK
Content-Type: application/json; charset=utf-8
cache-control: no-cache
content-length: 88

16:12:13.225 [AsyncHttpClient-1-5] DEBUG org.asynchttpclient.netty.channel.ChannelManager - Adding key: http://localhost:49388 for channel [id: 0xc601a343, L:/127.0.0.1:60536 - R:localhost/127.0.0.1:49388]
16:12:13.227 [Forwarding clearElement on session ab26645ffa45e71b95fe39fea7a3a01a to remote] DEBUG org.asynchttpclient.netty.request.NettyRequestSender - Using pooled Channel '[id: 0xc601a343, L:/127.0.0.1:60536 - R:localhost/127.0.0.1:49388]' for 'POST' to 'http://localhost:49388/session/ab26645ffa45e71b95fe39fea7a3a01a/element/80de5eb9-baba-4b92-b44d-c08e1e8462a2/clear'
16:12:13.227 [Forwarding clearElement on session ab26645ffa45e71b95fe39fea7a3a01a to remote] DEBUG org.asynchttpclient.netty.request.NettyRequestSender - Using open Channel [id: 0xc601a343, L:/127.0.0.1:60536 - R:localhost/127.0.0.1:49388] for POST '/session/ab26645ffa45e71b95fe39fea7a3a01a/element/80de5eb9-baba-4b92-b44d-c08e1e8462a2/clear'
16:12:13.348 [AsyncHttpClient-1-5] DEBUG org.asynchttpclient.netty.handler.HttpHandler - 

Request DefaultHttpRequest(decodeResult: success, version: HTTP/1.1)
POST /session/ab26645ffa45e71b95fe39fea7a3a01a/element/80de5eb9-baba-4b92-b44d-c08e1e8462a2/clear HTTP/1.1
User-Agent: selenium/4.1.2 (java windows)
Content-Length: 50
Content-Type: application/json; charset=utf-8
host: localhost:49388
accept: */*

Response DefaultHttpResponse(decodeResult: success, version: HTTP/1.1)
HTTP/1.1 200 OK
Content-Type: application/json; charset=utf-8
cache-control: no-cache
content-length: 14

16:12:13.349 [AsyncHttpClient-1-5] DEBUG org.asynchttpclient.netty.channel.ChannelManager - Adding key: http://localhost:49388 for channel [id: 0xc601a343, L:/127.0.0.1:60536 - R:localhost/127.0.0.1:49388]
16:12:13.357 [Forwarding sendKeysToElement on session ab26645ffa45e71b95fe39fea7a3a01a to remote] DEBUG org.asynchttpclient.netty.request.NettyRequestSender - Using pooled Channel '[id: 0xc601a343, L:/127.0.0.1:60536 - R:localhost/127.0.0.1:49388]' for 'POST' to 'http://localhost:49388/session/ab26645ffa45e71b95fe39fea7a3a01a/element/80de5eb9-baba-4b92-b44d-c08e1e8462a2/value'
16:12:13.357 [Forwarding sendKeysToElement on session ab26645ffa45e71b95fe39fea7a3a01a to remote] DEBUG org.asynchttpclient.netty.request.NettyRequestSender - Using open Channel [id: 0xc601a343, L:/127.0.0.1:60536 - R:localhost/127.0.0.1:49388] for POST '/session/ab26645ffa45e71b95fe39fea7a3a01a/element/80de5eb9-baba-4b92-b44d-c08e1e8462a2/value'
16:12:13.740 [AsyncHttpClient-1-1] DEBUG org.asynchttpclient.netty.channel.DefaultChannelPool - Entry count for : http://localhost:60537 : 1
16:12:13.752 [AsyncHttpClient-1-5] DEBUG org.asynchttpclient.netty.handler.HttpHandler - 

Request DefaultHttpRequest(decodeResult: success, version: HTTP/1.1)
POST /session/ab26645ffa45e71b95fe39fea7a3a01a/element/80de5eb9-baba-4b92-b44d-c08e1e8462a2/value HTTP/1.1
User-Agent: selenium/4.1.2 (java windows)
Content-Length: 171
Content-Type: application/json; charset=utf-8
host: localhost:49388
accept: */*

Response DefaultHttpResponse(decodeResult: success, version: HTTP/1.1)
HTTP/1.1 200 OK
Content-Type: application/json; charset=utf-8
cache-control: no-cache
content-length: 14

16:12:13.752 [AsyncHttpClient-1-5] DEBUG org.asynchttpclient.netty.channel.ChannelManager - Adding key: http://localhost:49388 for channel [id: 0xc601a343, L:/127.0.0.1:60536 - R:localhost/127.0.0.1:49388]
16:12:13.769 [Forwarding screenshot on session ab26645ffa45e71b95fe39fea7a3a01a to remote] DEBUG org.asynchttpclient.netty.request.NettyRequestSender - Using pooled Channel '[id: 0xc601a343, L:/127.0.0.1:60536 - R:localhost/127.0.0.1:49388]' for 'GET' to 'http://localhost:49388/session/ab26645ffa45e71b95fe39fea7a3a01a/screenshot'
16:12:13.773 [Forwarding screenshot on session ab26645ffa45e71b95fe39fea7a3a01a to remote] DEBUG org.asynchttpclient.netty.request.NettyRequestSender - Using open Channel [id: 0xc601a343, L:/127.0.0.1:60536 - R:localhost/127.0.0.1:49388] for GET '/session/ab26645ffa45e71b95fe39fea7a3a01a/screenshot'
16:12:14.023 [AsyncHttpClient-1-5] DEBUG org.asynchttpclient.netty.handler.HttpHandler - 

Request DefaultFullHttpRequest(decodeResult: success, version: HTTP/1.1, content: EmptyByteBufBE)
GET /session/ab26645ffa45e71b95fe39fea7a3a01a/screenshot HTTP/1.1
User-Agent: selenium/4.1.2 (java windows)
Cache-Control: no-cache
Content-Type: application/json; charset=utf-8
host: localhost:49388
accept: */*

Response DefaultHttpResponse(decodeResult: success, version: HTTP/1.1)
HTTP/1.1 200 OK
Content-Type: application/json; charset=utf-8
cache-control: no-cache
content-length: 34404

16:12:14.023 [AsyncHttpClient-1-5] DEBUG org.asynchttpclient.netty.channel.ChannelManager - Adding key: http://localhost:49388 for channel [id: 0xc601a343, L:/127.0.0.1:60536 - R:localhost/127.0.0.1:49388]
16:12:14.027 [main] DEBUG net.serenitybdd.core.photography.Darkroom - Send negative for processing for target\site\serenity\4333a2d9d106691dd1fb1599ea6d890b9b2cea93a1accb0a9a0a04007b8ff6dd.png
16:12:14.028 [main] DEBUG net.thucydides.core.steps.StepInterceptor - STEP DONE: inputPassForRegist
  &amp#27;[32mAnd &amp#27;[0m&amp#27;[32mI input pass &amp#27;[0m&amp#27;[32m&amp#27;[1m"Halloo321"&amp#27;[0m                         &amp#27;[90m# starter.stepdefinitions.RegisterSteps.inputPass(java.lang.String)&amp#27;[0m
16:12:14.028 [Darkroom Processing Line] DEBUG net.serenitybdd.core.photography.DarkroomProcessingLine - Processing screenshot image in /var/screenshots/screenshot-12012842193422463597
16:12:14.029 [Darkroom Processing Line] DEBUG net.serenitybdd.core.photography.DarkroomProcessingLine - Saving screenshot to target\site\serenity\4333a2d9d106691dd1fb1599ea6d890b9b2cea93a1accb0a9a0a04007b8ff6dd.png
16:12:14.079 [Forwarding screenshot on session ab26645ffa45e71b95fe39fea7a3a01a to remote] DEBUG org.asynchttpclient.netty.request.NettyRequestSender - Using pooled Channel '[id: 0xc601a343, L:/127.0.0.1:60536 - R:localhost/127.0.0.1:49388]' for 'GET' to 'http://localhost:49388/session/ab26645ffa45e71b95fe39fea7a3a01a/screenshot'
16:12:14.079 [Forwarding screenshot on session ab26645ffa45e71b95fe39fea7a3a01a to remote] DEBUG org.asynchttpclient.netty.request.NettyRequestSender - Using open Channel [id: 0xc601a343, L:/127.0.0.1:60536 - R:localhost/127.0.0.1:49388] for GET '/session/ab26645ffa45e71b95fe39fea7a3a01a/screenshot'
16:12:14.252 [AsyncHttpClient-1-5] DEBUG org.asynchttpclient.netty.handler.HttpHandler - 

Request DefaultFullHttpRequest(decodeResult: success, version: HTTP/1.1, content: EmptyByteBufBE)
GET /session/ab26645ffa45e71b95fe39fea7a3a01a/screenshot HTTP/1.1
User-Agent: selenium/4.1.2 (java windows)
Cache-Control: no-cache
Content-Type: application/json; charset=utf-8
host: localhost:49388
accept: */*

Response DefaultHttpResponse(decodeResult: success, version: HTTP/1.1)
HTTP/1.1 200 OK
Content-Type: application/json; charset=utf-8
cache-control: no-cache
content-length: 34404

16:12:14.252 [AsyncHttpClient-1-5] DEBUG org.asynchttpclient.netty.channel.ChannelManager - Adding key: http://localhost:49388 for channel [id: 0xc601a343, L:/127.0.0.1:60536 - R:localhost/127.0.0.1:49388]
16:12:14.256 [main] DEBUG net.serenitybdd.core.photography.Darkroom - Send negative for processing for target\site\serenity\79c65e3a9e2477f4292d5bb804fa9079cfacd6274141d1a09057171437fee994.png
16:12:14.256 [main] DEBUG net.thucydides.core.steps.StepInterceptor - STARTING STEP: RegisterSteps.clickRegisterButton - clickRegisButton
16:12:14.263 [Forwarding findElement on session ab26645ffa45e71b95fe39fea7a3a01a to remote] DEBUG org.asynchttpclient.netty.request.NettyRequestSender - Using pooled Channel '[id: 0xc601a343, L:/127.0.0.1:60536 - R:localhost/127.0.0.1:49388]' for 'POST' to 'http://localhost:49388/session/ab26645ffa45e71b95fe39fea7a3a01a/element'
16:12:14.264 [Forwarding findElement on session ab26645ffa45e71b95fe39fea7a3a01a to remote] DEBUG org.asynchttpclient.netty.request.NettyRequestSender - Using open Channel [id: 0xc601a343, L:/127.0.0.1:60536 - R:localhost/127.0.0.1:49388] for POST '/session/ab26645ffa45e71b95fe39fea7a3a01a/element'
16:12:14.280 [Darkroom Processing Line] DEBUG net.serenitybdd.core.photography.DarkroomProcessingLine - Processing screenshot image in /var/screenshots/screenshot-4450716695985784411
16:12:14.280 [Darkroom Processing Line] DEBUG net.serenitybdd.core.photography.DarkroomProcessingLine - Saving screenshot to target\site\serenity\79c65e3a9e2477f4292d5bb804fa9079cfacd6274141d1a09057171437fee994.png
16:12:14.321 [AsyncHttpClient-1-5] DEBUG org.asynchttpclient.netty.handler.HttpHandler - 

Request DefaultHttpRequest(decodeResult: success, version: HTTP/1.1)
POST /session/ab26645ffa45e71b95fe39fea7a3a01a/element HTTP/1.1
User-Agent: selenium/4.1.2 (java windows)
Content-Length: 138
Content-Type: application/json; charset=utf-8
host: localhost:49388
accept: */*

Response DefaultHttpResponse(decodeResult: success, version: HTTP/1.1)
HTTP/1.1 200 OK
Content-Type: application/json; charset=utf-8
cache-control: no-cache
content-length: 88

16:12:14.322 [AsyncHttpClient-1-5] DEBUG org.asynchttpclient.netty.channel.ChannelManager - Adding key: http://localhost:49388 for channel [id: 0xc601a343, L:/127.0.0.1:60536 - R:localhost/127.0.0.1:49388]
16:12:14.327 [Forwarding getElementTagName on session ab26645ffa45e71b95fe39fea7a3a01a to remote] DEBUG org.asynchttpclient.netty.request.NettyRequestSender - Using pooled Channel '[id: 0xc601a343, L:/127.0.0.1:60536 - R:localhost/127.0.0.1:49388]' for 'GET' to 'http://localhost:49388/session/ab26645ffa45e71b95fe39fea7a3a01a/element/6d9809bb-5406-4e98-81e0-d6b3054ed702/name'
16:12:14.327 [Forwarding getElementTagName on session ab26645ffa45e71b95fe39fea7a3a01a to remote] DEBUG org.asynchttpclient.netty.request.NettyRequestSender - Using open Channel [id: 0xc601a343, L:/127.0.0.1:60536 - R:localhost/127.0.0.1:49388] for GET '/session/ab26645ffa45e71b95fe39fea7a3a01a/element/6d9809bb-5406-4e98-81e0-d6b3054ed702/name'
16:12:14.336 [AsyncHttpClient-1-5] DEBUG org.asynchttpclient.netty.handler.HttpHandler - 

Request DefaultFullHttpRequest(decodeResult: success, version: HTTP/1.1, content: EmptyByteBufBE)
GET /session/ab26645ffa45e71b95fe39fea7a3a01a/element/6d9809bb-5406-4e98-81e0-d6b3054ed702/name HTTP/1.1
User-Agent: selenium/4.1.2 (java windows)
Cache-Control: no-cache
Content-Type: application/json; charset=utf-8
host: localhost:49388
accept: */*

Response DefaultHttpResponse(decodeResult: success, version: HTTP/1.1)
HTTP/1.1 200 OK
Content-Type: application/json; charset=utf-8
cache-control: no-cache
content-length: 18

16:12:14.336 [AsyncHttpClient-1-5] DEBUG org.asynchttpclient.netty.channel.ChannelManager - Adding key: http://localhost:49388 for channel [id: 0xc601a343, L:/127.0.0.1:60536 - R:localhost/127.0.0.1:49388]
16:12:14.338 [Forwarding getElementTagName on session ab26645ffa45e71b95fe39fea7a3a01a to remote] DEBUG org.asynchttpclient.netty.request.NettyRequestSender - Using pooled Channel '[id: 0xc601a343, L:/127.0.0.1:60536 - R:localhost/127.0.0.1:49388]' for 'GET' to 'http://localhost:49388/session/ab26645ffa45e71b95fe39fea7a3a01a/element/6d9809bb-5406-4e98-81e0-d6b3054ed702/name'
16:12:14.338 [Forwarding getElementTagName on session ab26645ffa45e71b95fe39fea7a3a01a to remote] DEBUG org.asynchttpclient.netty.request.NettyRequestSender - Using open Channel [id: 0xc601a343, L:/127.0.0.1:60536 - R:localhost/127.0.0.1:49388] for GET '/session/ab26645ffa45e71b95fe39fea7a3a01a/element/6d9809bb-5406-4e98-81e0-d6b3054ed702/name'
16:12:14.346 [AsyncHttpClient-1-5] DEBUG org.asynchttpclient.netty.handler.HttpHandler - 

Request DefaultFullHttpRequest(decodeResult: success, version: HTTP/1.1, content: EmptyByteBufBE)
GET /session/ab26645ffa45e71b95fe39fea7a3a01a/element/6d9809bb-5406-4e98-81e0-d6b3054ed702/name HTTP/1.1
User-Agent: selenium/4.1.2 (java windows)
Cache-Control: no-cache
Content-Type: application/json; charset=utf-8
host: localhost:49388
accept: */*

Response DefaultHttpResponse(decodeResult: success, version: HTTP/1.1)
HTTP/1.1 200 OK
Content-Type: application/json; charset=utf-8
cache-control: no-cache
content-length: 18

16:12:14.346 [AsyncHttpClient-1-5] DEBUG org.asynchttpclient.netty.channel.ChannelManager - Adding key: http://localhost:49388 for channel [id: 0xc601a343, L:/127.0.0.1:60536 - R:localhost/127.0.0.1:49388]
16:12:14.350 [Forwarding isElementEnabled on session ab26645ffa45e71b95fe39fea7a3a01a to remote] DEBUG org.asynchttpclient.netty.request.NettyRequestSender - Using pooled Channel '[id: 0xc601a343, L:/127.0.0.1:60536 - R:localhost/127.0.0.1:49388]' for 'GET' to 'http://localhost:49388/session/ab26645ffa45e71b95fe39fea7a3a01a/element/6d9809bb-5406-4e98-81e0-d6b3054ed702/enabled'
16:12:14.350 [Forwarding isElementEnabled on session ab26645ffa45e71b95fe39fea7a3a01a to remote] DEBUG org.asynchttpclient.netty.request.NettyRequestSender - Using open Channel [id: 0xc601a343, L:/127.0.0.1:60536 - R:localhost/127.0.0.1:49388] for GET '/session/ab26645ffa45e71b95fe39fea7a3a01a/element/6d9809bb-5406-4e98-81e0-d6b3054ed702/enabled'
16:12:14.369 [AsyncHttpClient-1-5] DEBUG org.asynchttpclient.netty.handler.HttpHandler - 

Request DefaultFullHttpRequest(decodeResult: success, version: HTTP/1.1, content: EmptyByteBufBE)
GET /session/ab26645ffa45e71b95fe39fea7a3a01a/element/6d9809bb-5406-4e98-81e0-d6b3054ed702/enabled HTTP/1.1
User-Agent: selenium/4.1.2 (java windows)
Cache-Control: no-cache
Content-Type: application/json; charset=utf-8
host: localhost:49388
accept: */*

Response DefaultHttpResponse(decodeResult: success, version: HTTP/1.1)
HTTP/1.1 200 OK
Content-Type: application/json; charset=utf-8
cache-control: no-cache
content-length: 14

16:12:14.369 [AsyncHttpClient-1-5] DEBUG org.asynchttpclient.netty.channel.ChannelManager - Adding key: http://localhost:49388 for channel [id: 0xc601a343, L:/127.0.0.1:60536 - R:localhost/127.0.0.1:49388]
16:12:14.372 [Forwarding isElementEnabled on session ab26645ffa45e71b95fe39fea7a3a01a to remote] DEBUG org.asynchttpclient.netty.request.NettyRequestSender - Using pooled Channel '[id: 0xc601a343, L:/127.0.0.1:60536 - R:localhost/127.0.0.1:49388]' for 'GET' to 'http://localhost:49388/session/ab26645ffa45e71b95fe39fea7a3a01a/element/6d9809bb-5406-4e98-81e0-d6b3054ed702/enabled'
16:12:14.372 [Forwarding isElementEnabled on session ab26645ffa45e71b95fe39fea7a3a01a to remote] DEBUG org.asynchttpclient.netty.request.NettyRequestSender - Using open Channel [id: 0xc601a343, L:/127.0.0.1:60536 - R:localhost/127.0.0.1:49388] for GET '/session/ab26645ffa45e71b95fe39fea7a3a01a/element/6d9809bb-5406-4e98-81e0-d6b3054ed702/enabled'
16:12:14.384 [AsyncHttpClient-1-5] DEBUG org.asynchttpclient.netty.handler.HttpHandler - 

Request DefaultFullHttpRequest(decodeResult: success, version: HTTP/1.1, content: EmptyByteBufBE)
GET /session/ab26645ffa45e71b95fe39fea7a3a01a/element/6d9809bb-5406-4e98-81e0-d6b3054ed702/enabled HTTP/1.1
User-Agent: selenium/4.1.2 (java windows)
Cache-Control: no-cache
Content-Type: application/json; charset=utf-8
host: localhost:49388
accept: */*

Response DefaultHttpResponse(decodeResult: success, version: HTTP/1.1)
HTTP/1.1 200 OK
Content-Type: application/json; charset=utf-8
cache-control: no-cache
content-length: 14

16:12:14.384 [AsyncHttpClient-1-5] DEBUG org.asynchttpclient.netty.channel.ChannelManager - Adding key: http://localhost:49388 for channel [id: 0xc601a343, L:/127.0.0.1:60536 - R:localhost/127.0.0.1:49388]
16:12:14.387 [Forwarding findElement on session ab26645ffa45e71b95fe39fea7a3a01a to remote] DEBUG org.asynchttpclient.netty.request.NettyRequestSender - Using pooled Channel '[id: 0xc601a343, L:/127.0.0.1:60536 - R:localhost/127.0.0.1:49388]' for 'POST' to 'http://localhost:49388/session/ab26645ffa45e71b95fe39fea7a3a01a/element'
16:12:14.387 [Forwarding findElement on session ab26645ffa45e71b95fe39fea7a3a01a to remote] DEBUG org.asynchttpclient.netty.request.NettyRequestSender - Using open Channel [id: 0xc601a343, L:/127.0.0.1:60536 - R:localhost/127.0.0.1:49388] for POST '/session/ab26645ffa45e71b95fe39fea7a3a01a/element'
16:12:14.415 [AsyncHttpClient-1-5] DEBUG org.asynchttpclient.netty.handler.HttpHandler - 

Request DefaultHttpRequest(decodeResult: success, version: HTTP/1.1)
POST /session/ab26645ffa45e71b95fe39fea7a3a01a/element HTTP/1.1
User-Agent: selenium/4.1.2 (java windows)
Content-Length: 138
Content-Type: application/json; charset=utf-8
host: localhost:49388
accept: */*

Response DefaultHttpResponse(decodeResult: success, version: HTTP/1.1)
HTTP/1.1 200 OK
Content-Type: application/json; charset=utf-8
cache-control: no-cache
content-length: 88

16:12:14.415 [AsyncHttpClient-1-5] DEBUG org.asynchttpclient.netty.channel.ChannelManager - Adding key: http://localhost:49388 for channel [id: 0xc601a343, L:/127.0.0.1:60536 - R:localhost/127.0.0.1:49388]
16:12:14.438 [Forwarding clickElement on session ab26645ffa45e71b95fe39fea7a3a01a to remote] DEBUG org.asynchttpclient.netty.request.NettyRequestSender - Using pooled Channel '[id: 0xc601a343, L:/127.0.0.1:60536 - R:localhost/127.0.0.1:49388]' for 'POST' to 'http://localhost:49388/session/ab26645ffa45e71b95fe39fea7a3a01a/element/6d9809bb-5406-4e98-81e0-d6b3054ed702/click'
16:12:14.438 [Forwarding clickElement on session ab26645ffa45e71b95fe39fea7a3a01a to remote] DEBUG org.asynchttpclient.netty.request.NettyRequestSender - Using open Channel [id: 0xc601a343, L:/127.0.0.1:60536 - R:localhost/127.0.0.1:49388] for POST '/session/ab26645ffa45e71b95fe39fea7a3a01a/element/6d9809bb-5406-4e98-81e0-d6b3054ed702/click'
16:12:14.548 [AsyncHttpClient-1-5] DEBUG org.asynchttpclient.netty.handler.HttpHandler - 

Request DefaultHttpRequest(decodeResult: success, version: HTTP/1.1)
POST /session/ab26645ffa45e71b95fe39fea7a3a01a/element/6d9809bb-5406-4e98-81e0-d6b3054ed702/click HTTP/1.1
User-Agent: selenium/4.1.2 (java windows)
Content-Length: 50
Content-Type: application/json; charset=utf-8
host: localhost:49388
accept: */*

Response DefaultHttpResponse(decodeResult: success, version: HTTP/1.1)
HTTP/1.1 200 OK
Content-Type: application/json; charset=utf-8
cache-control: no-cache
content-length: 14

16:12:14.549 [AsyncHttpClient-1-5] DEBUG org.asynchttpclient.netty.channel.ChannelManager - Adding key: http://localhost:49388 for channel [id: 0xc601a343, L:/127.0.0.1:60536 - R:localhost/127.0.0.1:49388]
16:12:14.588 [Forwarding screenshot on session ab26645ffa45e71b95fe39fea7a3a01a to remote] DEBUG org.asynchttpclient.netty.request.NettyRequestSender - Using pooled Channel '[id: 0xc601a343, L:/127.0.0.1:60536 - R:localhost/127.0.0.1:49388]' for 'GET' to 'http://localhost:49388/session/ab26645ffa45e71b95fe39fea7a3a01a/screenshot'
16:12:14.588 [Forwarding screenshot on session ab26645ffa45e71b95fe39fea7a3a01a to remote] DEBUG org.asynchttpclient.netty.request.NettyRequestSender - Using open Channel [id: 0xc601a343, L:/127.0.0.1:60536 - R:localhost/127.0.0.1:49388] for GET '/session/ab26645ffa45e71b95fe39fea7a3a01a/screenshot'
16:12:14.838 [AsyncHttpClient-1-1] DEBUG org.asynchttpclient.netty.channel.DefaultChannelPool - Entry count for : http://localhost:60537 : 1
16:12:15.093 [AsyncHttpClient-1-5] DEBUG org.asynchttpclient.netty.handler.HttpHandler - 

Request DefaultFullHttpRequest(decodeResult: success, version: HTTP/1.1, content: EmptyByteBufBE)
GET /session/ab26645ffa45e71b95fe39fea7a3a01a/screenshot HTTP/1.1
User-Agent: selenium/4.1.2 (java windows)
Cache-Control: no-cache
Content-Type: application/json; charset=utf-8
host: localhost:49388
accept: */*

Response DefaultHttpResponse(decodeResult: success, version: HTTP/1.1)
HTTP/1.1 200 OK
Content-Type: application/json; charset=utf-8
cache-control: no-cache
content-length: 36160

16:12:15.093 [AsyncHttpClient-1-5] DEBUG org.asynchttpclient.netty.channel.ChannelManager - Adding key: http://localhost:49388 for channel [id: 0xc601a343, L:/127.0.0.1:60536 - R:localhost/127.0.0.1:49388]
16:12:15.096 [main] DEBUG net.serenitybdd.core.photography.Darkroom - Send negative for processing for target\site\serenity\d541077007d96526a026ffb34883f707220d5238773fc03e98889456c8853455.png
16:12:15.096 [main] DEBUG net.thucydides.core.steps.StepInterceptor - STEP DONE: clickRegisButton
  &amp#27;[32mAnd &amp#27;[0m&amp#27;[32mclick register button&amp#27;[0m                            &amp#27;[90m# starter.stepdefinitions.RegisterSteps.clickRegisterButton()&amp#27;[0m
16:12:15.097 [Darkroom Processing Line] DEBUG net.serenitybdd.core.photography.DarkroomProcessingLine - Processing screenshot image in /var/screenshots/screenshot-470993915743808939
16:12:15.097 [Darkroom Processing Line] DEBUG net.serenitybdd.core.photography.DarkroomProcessingLine - Saving screenshot to target\site\serenity\d541077007d96526a026ffb34883f707220d5238773fc03e98889456c8853455.png
16:12:15.130 [main] DEBUG net.thucydides.core.steps.StepInterceptor - STARTING STEP: RegisterSteps.iGetResult - alertSymbolAppears
16:12:15.133 [Forwarding findElement on session ab26645ffa45e71b95fe39fea7a3a01a to remote] DEBUG org.asynchttpclient.netty.request.NettyRequestSender - Using pooled Channel '[id: 0xc601a343, L:/127.0.0.1:60536 - R:localhost/127.0.0.1:49388]' for 'POST' to 'http://localhost:49388/session/ab26645ffa45e71b95fe39fea7a3a01a/element'
16:12:15.133 [Forwarding findElement on session ab26645ffa45e71b95fe39fea7a3a01a to remote] DEBUG org.asynchttpclient.netty.request.NettyRequestSender - Using open Channel [id: 0xc601a343, L:/127.0.0.1:60536 - R:localhost/127.0.0.1:49388] for POST '/session/ab26645ffa45e71b95fe39fea7a3a01a/element'
16:12:15.142 [AsyncHttpClient-1-5] DEBUG org.asynchttpclient.netty.handler.HttpHandler - 

Request DefaultHttpRequest(decodeResult: success, version: HTTP/1.1)
POST /session/ab26645ffa45e71b95fe39fea7a3a01a/element HTTP/1.1
User-Agent: selenium/4.1.2 (java windows)
Content-Length: 53
Content-Type: application/json; charset=utf-8
host: localhost:49388
accept: */*

Response DefaultHttpResponse(decodeResult: success, version: HTTP/1.1)
HTTP/1.1 400 Bad Request
Content-Type: application/json; charset=utf-8
cache-control: no-cache
content-length: 957

16:12:15.142 [AsyncHttpClient-1-5] DEBUG org.asynchttpclient.netty.channel.ChannelManager - Adding key: http://localhost:49388 for channel [id: 0xc601a343, L:/127.0.0.1:60536 - R:localhost/127.0.0.1:49388]
16:12:15.144 [Forwarding findElement on session ab26645ffa45e71b95fe39fea7a3a01a to remote] DEBUG org.asynchttpclient.netty.request.NettyRequestSender - Using pooled Channel '[id: 0xc601a343, L:/127.0.0.1:60536 - R:localhost/127.0.0.1:49388]' for 'POST' to 'http://localhost:49388/session/ab26645ffa45e71b95fe39fea7a3a01a/element'
16:12:15.144 [Forwarding findElement on session ab26645ffa45e71b95fe39fea7a3a01a to remote] DEBUG org.asynchttpclient.netty.request.NettyRequestSender - Using open Channel [id: 0xc601a343, L:/127.0.0.1:60536 - R:localhost/127.0.0.1:49388] for POST '/session/ab26645ffa45e71b95fe39fea7a3a01a/element'
16:12:15.163 [AsyncHttpClient-1-5] DEBUG org.asynchttpclient.netty.handler.HttpHandler - 

Request DefaultHttpRequest(decodeResult: success, version: HTTP/1.1)
POST /session/ab26645ffa45e71b95fe39fea7a3a01a/element HTTP/1.1
User-Agent: selenium/4.1.2 (java windows)
Content-Length: 63
Content-Type: application/json; charset=utf-8
host: localhost:49388
accept: */*

Response DefaultHttpResponse(decodeResult: success, version: HTTP/1.1)
HTTP/1.1 200 OK
Content-Type: application/json; charset=utf-8
cache-control: no-cache
content-length: 88

16:12:15.163 [AsyncHttpClient-1-5] DEBUG org.asynchttpclient.netty.channel.ChannelManager - Adding key: http://localhost:49388 for channel [id: 0xc601a343, L:/127.0.0.1:60536 - R:localhost/127.0.0.1:49388]
16:12:15.169 [Forwarding isElementDisplayed on session ab26645ffa45e71b95fe39fea7a3a01a to remote] DEBUG org.asynchttpclient.netty.request.NettyRequestSender - Using pooled Channel '[id: 0xc601a343, L:/127.0.0.1:60536 - R:localhost/127.0.0.1:49388]' for 'POST' to 'http://localhost:49388/session/ab26645ffa45e71b95fe39fea7a3a01a/execute/sync'
16:12:15.169 [Forwarding isElementDisplayed on session ab26645ffa45e71b95fe39fea7a3a01a to remote] DEBUG org.asynchttpclient.netty.request.NettyRequestSender - Using open Channel [id: 0xc601a343, L:/127.0.0.1:60536 - R:localhost/127.0.0.1:49388] for POST '/session/ab26645ffa45e71b95fe39fea7a3a01a/execute/sync'
16:12:15.199 [AsyncHttpClient-1-5] DEBUG org.asynchttpclient.netty.handler.HttpHandler - 

Request DefaultHttpRequest(decodeResult: success, version: HTTP/1.1)
POST /session/ab26645ffa45e71b95fe39fea7a3a01a/execute/sync HTTP/1.1
User-Agent: selenium/4.1.2 (java windows)
Content-Length: 48780
Content-Type: application/json; charset=utf-8
host: localhost:49388
accept: */*

Response DefaultHttpResponse(decodeResult: success, version: HTTP/1.1)
HTTP/1.1 200 OK
Content-Type: application/json; charset=utf-8
cache-control: no-cache
content-length: 14

16:12:15.200 [AsyncHttpClient-1-5] DEBUG org.asynchttpclient.netty.channel.ChannelManager - Adding key: http://localhost:49388 for channel [id: 0xc601a343, L:/127.0.0.1:60536 - R:localhost/127.0.0.1:49388]
16:12:15.207 [Forwarding screenshot on session ab26645ffa45e71b95fe39fea7a3a01a to remote] DEBUG org.asynchttpclient.netty.request.NettyRequestSender - Using pooled Channel '[id: 0xc601a343, L:/127.0.0.1:60536 - R:localhost/127.0.0.1:49388]' for 'GET' to 'http://localhost:49388/session/ab26645ffa45e71b95fe39fea7a3a01a/screenshot'
16:12:15.207 [Forwarding screenshot on session ab26645ffa45e71b95fe39fea7a3a01a to remote] DEBUG org.asynchttpclient.netty.request.NettyRequestSender - Using open Channel [id: 0xc601a343, L:/127.0.0.1:60536 - R:localhost/127.0.0.1:49388] for GET '/session/ab26645ffa45e71b95fe39fea7a3a01a/screenshot'
16:12:15.370 [AsyncHttpClient-1-5] DEBUG org.asynchttpclient.netty.handler.HttpHandler - 

Request DefaultFullHttpRequest(decodeResult: success, version: HTTP/1.1, content: EmptyByteBufBE)
GET /session/ab26645ffa45e71b95fe39fea7a3a01a/screenshot HTTP/1.1
User-Agent: selenium/4.1.2 (java windows)
Cache-Control: no-cache
Content-Type: application/json; charset=utf-8
host: localhost:49388
accept: */*

Response DefaultHttpResponse(decodeResult: success, version: HTTP/1.1)
HTTP/1.1 200 OK
Content-Type: application/json; charset=utf-8
cache-control: no-cache
content-length: 36220

16:12:15.370 [AsyncHttpClient-1-5] DEBUG org.asynchttpclient.netty.channel.ChannelManager - Adding key: http://localhost:49388 for channel [id: 0xc601a343, L:/127.0.0.1:60536 - R:localhost/127.0.0.1:49388]
16:12:15.373 [main] DEBUG net.serenitybdd.core.photography.Darkroom - Send negative for processing for target\site\serenity\2c5bd899378fa8e4ffa421c28eafb1a5537a230188ad90f2ae84c248ffc74bc0.png
16:12:15.373 [main] DEBUG net.thucydides.core.steps.StepInterceptor - STEP DONE: alertSymbolAppears
16:12:15.374 [Darkroom Processing Line] DEBUG net.serenitybdd.core.photography.DarkroomProcessingLine - Processing screenshot image in /var/screenshots/screenshot-11536673968842194627
16:12:15.374 [Darkroom Processing Line] DEBUG net.serenitybdd.core.photography.DarkroomProcessingLine - Saving screenshot to target\site\serenity\2c5bd899378fa8e4ffa421c28eafb1a5537a230188ad90f2ae84c248ffc74bc0.png
16:12:15.378 [Forwarding findElement on session ab26645ffa45e71b95fe39fea7a3a01a to remote] DEBUG org.asynchttpclient.netty.request.NettyRequestSender - Using pooled Channel '[id: 0xc601a343, L:/127.0.0.1:60536 - R:localhost/127.0.0.1:49388]' for 'POST' to 'http://localhost:49388/session/ab26645ffa45e71b95fe39fea7a3a01a/element'
16:12:15.379 [Forwarding findElement on session ab26645ffa45e71b95fe39fea7a3a01a to remote] DEBUG org.asynchttpclient.netty.request.NettyRequestSender - Using open Channel [id: 0xc601a343, L:/127.0.0.1:60536 - R:localhost/127.0.0.1:49388] for POST '/session/ab26645ffa45e71b95fe39fea7a3a01a/element'
16:12:15.390 [AsyncHttpClient-1-5] DEBUG org.asynchttpclient.netty.handler.HttpHandler - 

Request DefaultHttpRequest(decodeResult: success, version: HTTP/1.1)
POST /session/ab26645ffa45e71b95fe39fea7a3a01a/element HTTP/1.1
User-Agent: selenium/4.1.2 (java windows)
Content-Length: 63
Content-Type: application/json; charset=utf-8
host: localhost:49388
accept: */*

Response DefaultHttpResponse(decodeResult: success, version: HTTP/1.1)
HTTP/1.1 200 OK
Content-Type: application/json; charset=utf-8
cache-control: no-cache
content-length: 88

16:12:15.391 [AsyncHttpClient-1-5] DEBUG org.asynchttpclient.netty.channel.ChannelManager - Adding key: http://localhost:49388 for channel [id: 0xc601a343, L:/127.0.0.1:60536 - R:localhost/127.0.0.1:49388]
16:12:15.392 [Forwarding getElementText on session ab26645ffa45e71b95fe39fea7a3a01a to remote] DEBUG org.asynchttpclient.netty.request.NettyRequestSender - Using pooled Channel '[id: 0xc601a343, L:/127.0.0.1:60536 - R:localhost/127.0.0.1:49388]' for 'GET' to 'http://localhost:49388/session/ab26645ffa45e71b95fe39fea7a3a01a/element/c215a72d-4adb-42df-b284-096eb85d99ee/text'
16:12:15.392 [Forwarding getElementText on session ab26645ffa45e71b95fe39fea7a3a01a to remote] DEBUG org.asynchttpclient.netty.request.NettyRequestSender - Using open Channel [id: 0xc601a343, L:/127.0.0.1:60536 - R:localhost/127.0.0.1:49388] for GET '/session/ab26645ffa45e71b95fe39fea7a3a01a/element/c215a72d-4adb-42df-b284-096eb85d99ee/text'
16:12:15.415 [AsyncHttpClient-1-5] DEBUG org.asynchttpclient.netty.handler.HttpHandler - 

Request DefaultFullHttpRequest(decodeResult: success, version: HTTP/1.1, content: EmptyByteBufBE)
GET /session/ab26645ffa45e71b95fe39fea7a3a01a/element/c215a72d-4adb-42df-b284-096eb85d99ee/text HTTP/1.1
User-Agent: selenium/4.1.2 (java windows)
Cache-Control: no-cache
Content-Type: application/json; charset=utf-8
host: localhost:49388
accept: */*

Response DefaultHttpResponse(decodeResult: success, version: HTTP/1.1)
HTTP/1.1 200 OK
Content-Type: application/json; charset=utf-8
cache-control: no-cache
content-length: 12

16:12:15.416 [AsyncHttpClient-1-5] DEBUG org.asynchttpclient.netty.channel.ChannelManager - Adding key: http://localhost:49388 for channel [id: 0xc601a343, L:/127.0.0.1:60536 - R:localhost/127.0.0.1:49388]
  &amp#27;[32mThen &amp#27;[0m&amp#27;[32mI get the &amp#27;[0m&amp#27;[32m&amp#27;[1m"alert message: fullname is required"&amp#27;[0m &amp#27;[90m# starter.stepdefinitions.RegisterSteps.iGetResult(java.lang.String)&amp#27;[0m
16:12:15.428 [Forwarding screenshot on session ab26645ffa45e71b95fe39fea7a3a01a to remote] DEBUG org.asynchttpclient.netty.request.NettyRequestSender - Using pooled Channel '[id: 0xc601a343, L:/127.0.0.1:60536 - R:localhost/127.0.0.1:49388]' for 'GET' to 'http://localhost:49388/session/ab26645ffa45e71b95fe39fea7a3a01a/screenshot'
16:12:15.428 [Forwarding screenshot on session ab26645ffa45e71b95fe39fea7a3a01a to remote] DEBUG org.asynchttpclient.netty.request.NettyRequestSender - Using open Channel [id: 0xc601a343, L:/127.0.0.1:60536 - R:localhost/127.0.0.1:49388] for GET '/session/ab26645ffa45e71b95fe39fea7a3a01a/screenshot'
16:12:15.605 [AsyncHttpClient-1-5] DEBUG org.asynchttpclient.netty.handler.HttpHandler - 

Request DefaultFullHttpRequest(decodeResult: success, version: HTTP/1.1, content: EmptyByteBufBE)
GET /session/ab26645ffa45e71b95fe39fea7a3a01a/screenshot HTTP/1.1
User-Agent: selenium/4.1.2 (java windows)
Cache-Control: no-cache
Content-Type: application/json; charset=utf-8
host: localhost:49388
accept: */*

Response DefaultHttpResponse(decodeResult: success, version: HTTP/1.1)
HTTP/1.1 200 OK
Content-Type: application/json; charset=utf-8
cache-control: no-cache
content-length: 36220

16:12:15.605 [AsyncHttpClient-1-5] DEBUG org.asynchttpclient.netty.channel.ChannelManager - Adding key: http://localhost:49388 for channel [id: 0xc601a343, L:/127.0.0.1:60536 - R:localhost/127.0.0.1:49388]
16:12:15.608 [main] DEBUG net.serenitybdd.core.photography.Darkroom - Send negative for processing for target\site\serenity\2c5bd899378fa8e4ffa421c28eafb1a5537a230188ad90f2ae84c248ffc74bc0.png
16:12:15.611 [AsyncHttpClient-1-3] DEBUG org.asynchttpclient.netty.handler.WebSocketHandler - Channel Closed: [id: 0xa934c929, L:/127.0.0.1:60544 ! R:localhost/127.0.0.1:60537] with attribute NettyResponseFuture{currentRetry=5,
	isDone=1,
	isCancelled=0,
	asyncHandler=org.asynchttpclient.ws.WebSocketUpgradeHandler@5af0ab81,
	nettyRequest=org.asynchttpclient.netty.request.NettyRequest@5f237e25,
	future=java.util.concurrent.CompletableFuture@35e1e041[Completed normally],
	uri=ws://localhost:60537/devtools/browser/6b5572d7-88e1-4c1f-8b22-6565f1809a8b,
	keepAlive=true,
	redirectCount=0,
	timeoutsHolder=null,
	inAuth=0,
	touch=1652778728815}
16:12:15.611 [AsyncHttpClient-1-3] DEBUG org.asynchttpclient.netty.channel.ChannelManager - Closing Channel [id: 0xa934c929, L:/127.0.0.1:60544 ! R:localhost/127.0.0.1:60537] 
16:12:15.613 [Driver Command Executor] DEBUG org.asynchttpclient.netty.request.NettyRequestSender - Using pooled Channel '[id: 0xc601a343, L:/127.0.0.1:60536 - R:localhost/127.0.0.1:49388]' for 'DELETE' to 'http://localhost:49388/session/ab26645ffa45e71b95fe39fea7a3a01a'
16:12:15.613 [Driver Command Executor] DEBUG org.asynchttpclient.netty.request.NettyRequestSender - Using open Channel [id: 0xc601a343, L:/127.0.0.1:60536 - R:localhost/127.0.0.1:49388] for DELETE '/session/ab26645ffa45e71b95fe39fea7a3a01a'
16:12:15.891 [AsyncHttpClient-1-2] DEBUG org.asynchttpclient.netty.handler.HttpHandler - Unexpected I/O exception on channel [id: 0xb850e460, L:/127.0.0.1:60543 - R:localhost/127.0.0.1:60537]
java.net.SocketException: Connection reset
	at java.base/sun.nio.ch.SocketChannelImpl.throwConnectionReset(SocketChannelImpl.java:367)
	at java.base/sun.nio.ch.SocketChannelImpl.read(SocketChannelImpl.java:398)
	at io.netty.buffer.PooledByteBuf.setBytes(PooledByteBuf.java:258)
	at io.netty.buffer.AbstractByteBuf.writeBytes(AbstractByteBuf.java:1132)
	at io.netty.channel.socket.nio.NioSocketChannel.doReadBytes(NioSocketChannel.java:350)
	at io.netty.channel.nio.AbstractNioByteChannel$NioByteUnsafe.read(AbstractNioByteChannel.java:151)
	at io.netty.channel.nio.NioEventLoop.processSelectedKey(NioEventLoop.java:722)
	at io.netty.channel.nio.NioEventLoop.processSelectedKeysOptimized(NioEventLoop.java:658)
	at io.netty.channel.nio.NioEventLoop.processSelectedKeys(NioEventLoop.java:584)
	at io.netty.channel.nio.NioEventLoop.run(NioEventLoop.java:496)
	at io.netty.util.concurrent.SingleThreadEventExecutor$4.run(SingleThreadEventExecutor.java:986)
	at io.netty.util.internal.ThreadExecutorMap$2.run(ThreadExecutorMap.java:74)
	at io.netty.util.concurrent.FastThreadLocalRunnable.run(FastThreadLocalRunnable.java:30)
	at java.base/java.lang.Thread.run(Thread.java:832)
16:12:15.893 [AsyncHttpClient-1-2] DEBUG org.asynchttpclient.netty.channel.ChannelManager - Closing Channel [id: 0xb850e460, L:/127.0.0.1:60543 - R:localhost/127.0.0.1:60537] 
16:12:15.894 [AsyncHttpClient-1-2] DEBUG org.asynchttpclient.netty.handler.HttpHandler - Channel Closed: [id: 0xb850e460, L:/127.0.0.1:60543 ! R:localhost/127.0.0.1:60537] with attribute DISCARD
16:12:15.922 [AsyncHttpClient-1-5] DEBUG org.asynchttpclient.netty.handler.HttpHandler - 

Request DefaultFullHttpRequest(decodeResult: success, version: HTTP/1.1, content: EmptyByteBufBE)
DELETE /session/ab26645ffa45e71b95fe39fea7a3a01a HTTP/1.1
User-Agent: selenium/4.1.2 (java windows)
Content-Type: application/json; charset=utf-8
host: localhost:49388
accept: */*

Response DefaultHttpResponse(decodeResult: success, version: HTTP/1.1)
HTTP/1.1 200 OK
Content-Type: application/json; charset=utf-8
cache-control: no-cache
content-length: 14

16:12:15.922 [AsyncHttpClient-1-5] DEBUG org.asynchttpclient.netty.channel.ChannelManager - Adding key: http://localhost:49388 for channel [id: 0xc601a343, L:/127.0.0.1:60536 - R:localhost/127.0.0.1:49388]
16:12:15.941 [AsyncHttpClient-1-1] DEBUG org.asynchttpclient.netty.channel.DefaultChannelPool - Entry count for : http://localhost:60537 : 1
16:12:15.941 [AsyncHttpClient-1-1] DEBUG org.asynchttpclient.netty.channel.DefaultChannelPool - Entry count for : http://localhost:49388 : 1
16:12:15.941 [AsyncHttpClient-1-1] DEBUG org.asynchttpclient.netty.channel.DefaultChannelPool - Adding Candidate expired Channel [id: 0xb850e460, L:/127.0.0.1:60543 ! R:localhost/127.0.0.1:60537] isIdleTimeoutExpired=false isRemotelyClosed=true isTtlExpired=false
16:12:15.941 [AsyncHttpClient-1-1] DEBUG org.asynchttpclient.netty.channel.DefaultChannelPool - Closing Idle Channel [id: 0xb850e460, L:/127.0.0.1:60543 ! R:localhost/127.0.0.1:60537]
16:12:15.941 [AsyncHttpClient-1-1] DEBUG org.asynchttpclient.netty.channel.DefaultChannelPool - Closed 1 connections out of 2 in 0 ms
16:12:16.370 [AsyncHttpClient-1-5] DEBUG org.asynchttpclient.netty.handler.HttpHandler - Channel Closed: [id: 0xc601a343, L:/127.0.0.1:60536 ! R:localhost/127.0.0.1:49388] with attribute DISCARD
]]></system-out>
    <system-err><![CDATA[Starting ChromeDriver 100.0.4896.60 (6a5d10861ce8de5fce22564658033b43cb7de047-refs/branch-heads/4896@{#875}) on port 49388
Only local connections are allowed.
Please see https://chromedriver.chromium.org/security-considerations for suggestions on keeping ChromeDriver safe.
ChromeDriver was started successfully.
[1652778727.901][WARNING]: This version of ChromeDriver has not been tested with Chrome version 101.
May 17, 2022 4:12:08 PM org.openqa.selenium.remote.ProtocolHandshake createSession
INFO: Detected dialect: W3C
May 17, 2022 4:12:08 PM org.openqa.selenium.devtools.CdpVersionFinder findNearestMatch
WARNING: Unable to find an exact match for CDP version 101, so returning the closest version found: 97
May 17, 2022 4:12:08 PM org.openqa.selenium.devtools.CdpVersionFinder findNearestMatch
INFO: Found CDP implementation for version 101 of 97
]]></system-err>
  </testcase>
  <testcase name="Register #5" classname="Register" time="12.954">
    <system-out><![CDATA[
Scenario Outline: Register                          &amp#27;[90m# src/test/resources/features/Register.feature:20&amp#27;[0m
16:12:16.909 [main] INFO io.cucumber.core.plugin.SerenityReporter - Running feature from file:///C:/Users/ponda/Documents/Final_Project/Final_Web/src/test/resources/features/Register.feature
16:12:16.980 [main] DEBUG net.thucydides.core.steps.StepInterceptor - STARTING STEP: RegisterSteps.onRegisterPage - openRegisURL
16:12:16.983 [main] INFO net.serenitybdd.core.webdriver.driverproviders.ChromeDriverProvider - Using automatically driver download
16:12:17.041 [AsyncHttpClient-1-1] DEBUG org.asynchttpclient.netty.channel.DefaultChannelPool - Entry count for : http://localhost:49388 : 1
16:12:17.042 [AsyncHttpClient-1-1] DEBUG org.asynchttpclient.netty.channel.DefaultChannelPool - Adding Candidate expired Channel [id: 0xc601a343, L:/127.0.0.1:60536 ! R:localhost/127.0.0.1:49388] isIdleTimeoutExpired=false isRemotelyClosed=true isTtlExpired=false
16:12:17.042 [AsyncHttpClient-1-1] DEBUG org.asynchttpclient.netty.channel.DefaultChannelPool - Closing Idle Channel [id: 0xc601a343, L:/127.0.0.1:60536 ! R:localhost/127.0.0.1:49388]
16:12:17.042 [AsyncHttpClient-1-1] DEBUG org.asynchttpclient.netty.channel.DefaultChannelPool - Closed 1 connections out of 1 in 0 ms
16:12:17.317 [main] DEBUG io.github.bonigarcia.wdm.cache.ResolutionCache - Resolution chrome=101 in cache (valid until 17:04:06 17/05/2022 WIB)
16:12:17.330 [main] DEBUG io.github.bonigarcia.wdm.cache.ResolutionCache - Resolution chrome101=101.0.4951.41 in cache (valid until 16:04:06 18/05/2022 WIB)
16:12:17.336 [main] INFO io.github.bonigarcia.wdm.WebDriverManager - Using chromedriver 101.0.4951.41 (resolved driver for Chrome 101)
16:12:17.360 [main] DEBUG io.github.bonigarcia.wdm.WebDriverManager - Driver chromedriver 101.0.4951.41 found in cache
16:12:17.361 [main] INFO io.github.bonigarcia.wdm.WebDriverManager - Exporting webdriver.chrome.driver as C:\Users\ponda\.cache\selenium\chromedriver\win32\101.0.4951.41\chromedriver.exe
16:12:17.600 [main] DEBUG net.serenitybdd.core.webdriver.driverproviders.ProvideNewDriver - Instantiating driver
16:12:17.600 [main] DEBUG net.serenitybdd.core.webdriver.driverproviders.ProvideNewDriver - Driver capabilities: Capabilities {acceptInsecureCerts: false, base.url: https://qa.alta.id, browserName: chrome, chrome.driver: src/test/resources/webdrive..., driver: chrome, goog:chromeOptions: {args: [], extensions: []}}
16:12:18.184 [AsyncHttpClient-1-4] DEBUG org.asynchttpclient.netty.channel.NettyConnectListener - Using new Channel '[id: 0x062e5244, L:/127.0.0.1:60566 - R:localhost/127.0.0.1:53365]' for 'POST' to '/session'
16:12:20.928 [AsyncHttpClient-1-4] DEBUG org.asynchttpclient.netty.handler.HttpHandler - 

Request DefaultHttpRequest(decodeResult: success, version: HTTP/1.1)
POST /session HTTP/1.1
User-Agent: selenium/4.1.2 (java windows)
Content-Length: 599
Content-Type: application/json; charset=utf-8
host: localhost:53365
accept: */*

Response DefaultHttpResponse(decodeResult: success, version: HTTP/1.1)
HTTP/1.1 200 OK
Content-Type: application/json; charset=utf-8
cache-control: no-cache
content-length: 789

16:12:20.929 [AsyncHttpClient-1-4] DEBUG org.asynchttpclient.netty.channel.ChannelManager - Adding key: http://localhost:53365 for channel [id: 0x062e5244, L:/127.0.0.1:60566 - R:localhost/127.0.0.1:53365]
16:12:20.949 [AsyncHttpClient-1-5] DEBUG org.asynchttpclient.netty.channel.NettyConnectListener - Using new Channel '[id: 0x54ea8849, L:/127.0.0.1:60573 - R:localhost/127.0.0.1:60567]' for 'GET' to '/json/version'
16:12:20.950 [AsyncHttpClient-1-5] DEBUG org.asynchttpclient.netty.handler.HttpHandler - 

Request DefaultFullHttpRequest(decodeResult: success, version: HTTP/1.1, content: EmptyByteBufBE)
GET /json/version HTTP/1.1
User-Agent: selenium/4.1.2 (java windows)
host: localhost:60567
accept: */*

Response DefaultHttpResponse(decodeResult: success, version: HTTP/1.1)
HTTP/1.1 200 OK
Content-Type: application/json; charset=UTF-8
content-length: 427

16:12:20.950 [AsyncHttpClient-1-5] DEBUG org.asynchttpclient.netty.channel.ChannelManager - Adding key: http://localhost:60567 for channel [id: 0x54ea8849, L:/127.0.0.1:60573 - R:localhost/127.0.0.1:60567]
16:12:20.954 [AsyncHttpClient-1-2] DEBUG org.asynchttpclient.netty.channel.NettyConnectListener - Using new Channel '[id: 0x15515b63, L:/127.0.0.1:60574 - R:localhost/127.0.0.1:60567]' for 'GET' to '/devtools/browser/795affc2-0038-496b-88e7-3b05fa7c6b10'
16:12:20.955 [AsyncHttpClient-1-2] DEBUG org.asynchttpclient.netty.handler.WebSocketHandler - 

Request DefaultFullHttpRequest(decodeResult: success, version: HTTP/1.1, content: EmptyByteBufBE)
GET /devtools/browser/795affc2-0038-496b-88e7-3b05fa7c6b10 HTTP/1.1
upgrade: websocket
connection: upgrade
sec-websocket-key: FbUPbPiBAfIJFC+ArToRpg==
sec-websocket-version: 13
origin: http://localhost:60567
host: localhost:60567
accept: */*
user-agent: AHC/2.1

Response DefaultHttpResponse(decodeResult: success, version: HTTP/1.1)
HTTP/1.1 101 WebSocket Protocol Handshake
Upgrade: WebSocket
Connection: Upgrade
Sec-WebSocket-Accept: E0eH71rILx+uouQiQBVeni3oKPI=

16:12:20.962 [Forwarding maximizeCurrentWindow on session 7fde73cfa43a5c54b33b4a4b747c3dc3 to remote] DEBUG org.asynchttpclient.netty.request.NettyRequestSender - Using pooled Channel '[id: 0x062e5244, L:/127.0.0.1:60566 - R:localhost/127.0.0.1:53365]' for 'POST' to 'http://localhost:53365/session/7fde73cfa43a5c54b33b4a4b747c3dc3/window/maximize'
16:12:20.962 [Forwarding maximizeCurrentWindow on session 7fde73cfa43a5c54b33b4a4b747c3dc3 to remote] DEBUG org.asynchttpclient.netty.request.NettyRequestSender - Using open Channel [id: 0x062e5244, L:/127.0.0.1:60566 - R:localhost/127.0.0.1:53365] for POST '/session/7fde73cfa43a5c54b33b4a4b747c3dc3/window/maximize'
16:12:21.225 [AsyncHttpClient-1-4] DEBUG org.asynchttpclient.netty.handler.HttpHandler - 

Request DefaultHttpRequest(decodeResult: success, version: HTTP/1.1)
POST /session/7fde73cfa43a5c54b33b4a4b747c3dc3/window/maximize HTTP/1.1
User-Agent: selenium/4.1.2 (java windows)
Content-Length: 3
Content-Type: application/json; charset=utf-8
host: localhost:53365
accept: */*

Response DefaultHttpResponse(decodeResult: success, version: HTTP/1.1)
HTTP/1.1 200 OK
Content-Type: application/json; charset=utf-8
cache-control: no-cache
content-length: 51

16:12:21.225 [AsyncHttpClient-1-4] DEBUG org.asynchttpclient.netty.channel.ChannelManager - Adding key: http://localhost:53365 for channel [id: 0x062e5244, L:/127.0.0.1:60566 - R:localhost/127.0.0.1:53365]
16:12:21.228 [Forwarding get on session 7fde73cfa43a5c54b33b4a4b747c3dc3 to remote] DEBUG org.asynchttpclient.netty.request.NettyRequestSender - Using pooled Channel '[id: 0x062e5244, L:/127.0.0.1:60566 - R:localhost/127.0.0.1:53365]' for 'POST' to 'http://localhost:53365/session/7fde73cfa43a5c54b33b4a4b747c3dc3/url'
16:12:21.228 [Forwarding get on session 7fde73cfa43a5c54b33b4a4b747c3dc3 to remote] DEBUG org.asynchttpclient.netty.request.NettyRequestSender - Using open Channel [id: 0x062e5244, L:/127.0.0.1:60566 - R:localhost/127.0.0.1:53365] for POST '/session/7fde73cfa43a5c54b33b4a4b747c3dc3/url'
16:12:21.536 [AsyncHttpClient-1-1] DEBUG org.asynchttpclient.netty.channel.DefaultChannelPool - Entry count for : http://localhost:60567 : 1
16:12:22.637 [AsyncHttpClient-1-1] DEBUG org.asynchttpclient.netty.channel.DefaultChannelPool - Entry count for : http://localhost:60567 : 1
16:12:23.020 [AsyncHttpClient-1-4] DEBUG org.asynchttpclient.netty.handler.HttpHandler - 

Request DefaultHttpRequest(decodeResult: success, version: HTTP/1.1)
POST /session/7fde73cfa43a5c54b33b4a4b747c3dc3/url HTTP/1.1
User-Agent: selenium/4.1.2 (java windows)
Content-Length: 67
Content-Type: application/json; charset=utf-8
host: localhost:53365
accept: */*

Response DefaultHttpResponse(decodeResult: success, version: HTTP/1.1)
HTTP/1.1 200 OK
Content-Type: application/json; charset=utf-8
cache-control: no-cache
content-length: 14

16:12:23.021 [AsyncHttpClient-1-4] DEBUG org.asynchttpclient.netty.channel.ChannelManager - Adding key: http://localhost:53365 for channel [id: 0x062e5244, L:/127.0.0.1:60566 - R:localhost/127.0.0.1:53365]
16:12:23.022 [Forwarding setTimeout on session 7fde73cfa43a5c54b33b4a4b747c3dc3 to remote] DEBUG org.asynchttpclient.netty.request.NettyRequestSender - Using pooled Channel '[id: 0x062e5244, L:/127.0.0.1:60566 - R:localhost/127.0.0.1:53365]' for 'POST' to 'http://localhost:53365/session/7fde73cfa43a5c54b33b4a4b747c3dc3/timeouts'
16:12:23.023 [Forwarding setTimeout on session 7fde73cfa43a5c54b33b4a4b747c3dc3 to remote] DEBUG org.asynchttpclient.netty.request.NettyRequestSender - Using open Channel [id: 0x062e5244, L:/127.0.0.1:60566 - R:localhost/127.0.0.1:53365] for POST '/session/7fde73cfa43a5c54b33b4a4b747c3dc3/timeouts'
16:12:23.025 [AsyncHttpClient-1-4] DEBUG org.asynchttpclient.netty.handler.HttpHandler - 

Request DefaultHttpRequest(decodeResult: success, version: HTTP/1.1)
POST /session/7fde73cfa43a5c54b33b4a4b747c3dc3/timeouts HTTP/1.1
User-Agent: selenium/4.1.2 (java windows)
Content-Length: 22
Content-Type: application/json; charset=utf-8
host: localhost:53365
accept: */*

Response DefaultHttpResponse(decodeResult: success, version: HTTP/1.1)
HTTP/1.1 200 OK
Content-Type: application/json; charset=utf-8
cache-control: no-cache
content-length: 14

16:12:23.025 [AsyncHttpClient-1-4] DEBUG org.asynchttpclient.netty.channel.ChannelManager - Adding key: http://localhost:53365 for channel [id: 0x062e5244, L:/127.0.0.1:60566 - R:localhost/127.0.0.1:53365]
16:12:23.037 [Forwarding getCurrentUrl on session 7fde73cfa43a5c54b33b4a4b747c3dc3 to remote] DEBUG org.asynchttpclient.netty.request.NettyRequestSender - Using pooled Channel '[id: 0x062e5244, L:/127.0.0.1:60566 - R:localhost/127.0.0.1:53365]' for 'GET' to 'http://localhost:53365/session/7fde73cfa43a5c54b33b4a4b747c3dc3/url'
16:12:23.037 [Forwarding getCurrentUrl on session 7fde73cfa43a5c54b33b4a4b747c3dc3 to remote] DEBUG org.asynchttpclient.netty.request.NettyRequestSender - Using open Channel [id: 0x062e5244, L:/127.0.0.1:60566 - R:localhost/127.0.0.1:53365] for GET '/session/7fde73cfa43a5c54b33b4a4b747c3dc3/url'
16:12:23.153 [AsyncHttpClient-1-4] DEBUG org.asynchttpclient.netty.handler.HttpHandler - 

Request DefaultFullHttpRequest(decodeResult: success, version: HTTP/1.1, content: EmptyByteBufBE)
GET /session/7fde73cfa43a5c54b33b4a4b747c3dc3/url HTTP/1.1
User-Agent: selenium/4.1.2 (java windows)
Cache-Control: no-cache
Content-Type: application/json; charset=utf-8
host: localhost:53365
accept: */*

Response DefaultHttpResponse(decodeResult: success, version: HTTP/1.1)
HTTP/1.1 200 OK
Content-Type: application/json; charset=utf-8
cache-control: no-cache
content-length: 44

16:12:23.153 [AsyncHttpClient-1-4] DEBUG org.asynchttpclient.netty.channel.ChannelManager - Adding key: http://localhost:53365 for channel [id: 0x062e5244, L:/127.0.0.1:60566 - R:localhost/127.0.0.1:53365]
16:12:23.174 [Forwarding screenshot on session 7fde73cfa43a5c54b33b4a4b747c3dc3 to remote] DEBUG org.asynchttpclient.netty.request.NettyRequestSender - Using pooled Channel '[id: 0x062e5244, L:/127.0.0.1:60566 - R:localhost/127.0.0.1:53365]' for 'GET' to 'http://localhost:53365/session/7fde73cfa43a5c54b33b4a4b747c3dc3/screenshot'
16:12:23.175 [Forwarding screenshot on session 7fde73cfa43a5c54b33b4a4b747c3dc3 to remote] DEBUG org.asynchttpclient.netty.request.NettyRequestSender - Using open Channel [id: 0x062e5244, L:/127.0.0.1:60566 - R:localhost/127.0.0.1:53365] for GET '/session/7fde73cfa43a5c54b33b4a4b747c3dc3/screenshot'
16:12:23.736 [AsyncHttpClient-1-1] DEBUG org.asynchttpclient.netty.channel.DefaultChannelPool - Entry count for : http://localhost:60567 : 1
16:12:23.740 [AsyncHttpClient-1-4] DEBUG org.asynchttpclient.netty.handler.HttpHandler - 

Request DefaultFullHttpRequest(decodeResult: success, version: HTTP/1.1, content: EmptyByteBufBE)
GET /session/7fde73cfa43a5c54b33b4a4b747c3dc3/screenshot HTTP/1.1
User-Agent: selenium/4.1.2 (java windows)
Cache-Control: no-cache
Content-Type: application/json; charset=utf-8
host: localhost:53365
accept: */*

Response DefaultHttpResponse(decodeResult: success, version: HTTP/1.1)
HTTP/1.1 200 OK
Content-Type: application/json; charset=utf-8
cache-control: no-cache
content-length: 30072

16:12:23.741 [AsyncHttpClient-1-4] DEBUG org.asynchttpclient.netty.channel.ChannelManager - Adding key: http://localhost:53365 for channel [id: 0x062e5244, L:/127.0.0.1:60566 - R:localhost/127.0.0.1:53365]
16:12:23.743 [main] DEBUG net.serenitybdd.core.photography.Darkroom - Send negative for processing for target\site\serenity\c90d416f89a57edc1d87ebe5454e02f8b3ea83905edd389a5c97ffd3bf9e7a49.png
16:12:23.743 [main] DEBUG net.thucydides.core.steps.StepInterceptor - STEP DONE: openRegisURL
  &amp#27;[32mGiven &amp#27;[0m&amp#27;[32mI am on register page&amp#27;[0m                       &amp#27;[90m# starter.stepdefinitions.RegisterSteps.onRegisterPage()&amp#27;[0m
16:12:23.770 [main] DEBUG net.thucydides.core.steps.StepInterceptor - STARTING STEP: RegisterSteps.inputNamaLengkap - inputNamaLengkap
16:12:23.774 [Forwarding findElement on session 7fde73cfa43a5c54b33b4a4b747c3dc3 to remote] DEBUG org.asynchttpclient.netty.request.NettyRequestSender - Using pooled Channel '[id: 0x062e5244, L:/127.0.0.1:60566 - R:localhost/127.0.0.1:53365]' for 'POST' to 'http://localhost:53365/session/7fde73cfa43a5c54b33b4a4b747c3dc3/element'
16:12:23.774 [Forwarding findElement on session 7fde73cfa43a5c54b33b4a4b747c3dc3 to remote] DEBUG org.asynchttpclient.netty.request.NettyRequestSender - Using open Channel [id: 0x062e5244, L:/127.0.0.1:60566 - R:localhost/127.0.0.1:53365] for POST '/session/7fde73cfa43a5c54b33b4a4b747c3dc3/element'
16:12:23.799 [AsyncHttpClient-1-4] DEBUG org.asynchttpclient.netty.handler.HttpHandler - 

Request DefaultHttpRequest(decodeResult: success, version: HTTP/1.1)
POST /session/7fde73cfa43a5c54b33b4a4b747c3dc3/element HTTP/1.1
User-Agent: selenium/4.1.2 (java windows)
Content-Length: 93
Content-Type: application/json; charset=utf-8
host: localhost:53365
accept: */*

Response DefaultHttpResponse(decodeResult: success, version: HTTP/1.1)
HTTP/1.1 200 OK
Content-Type: application/json; charset=utf-8
cache-control: no-cache
content-length: 88

16:12:23.799 [AsyncHttpClient-1-4] DEBUG org.asynchttpclient.netty.channel.ChannelManager - Adding key: http://localhost:53365 for channel [id: 0x062e5244, L:/127.0.0.1:60566 - R:localhost/127.0.0.1:53365]
16:12:23.801 [Forwarding clearElement on session 7fde73cfa43a5c54b33b4a4b747c3dc3 to remote] DEBUG org.asynchttpclient.netty.request.NettyRequestSender - Using pooled Channel '[id: 0x062e5244, L:/127.0.0.1:60566 - R:localhost/127.0.0.1:53365]' for 'POST' to 'http://localhost:53365/session/7fde73cfa43a5c54b33b4a4b747c3dc3/element/89726330-79ae-4398-8e05-93818e915a57/clear'
16:12:23.801 [Forwarding clearElement on session 7fde73cfa43a5c54b33b4a4b747c3dc3 to remote] DEBUG org.asynchttpclient.netty.request.NettyRequestSender - Using open Channel [id: 0x062e5244, L:/127.0.0.1:60566 - R:localhost/127.0.0.1:53365] for POST '/session/7fde73cfa43a5c54b33b4a4b747c3dc3/element/89726330-79ae-4398-8e05-93818e915a57/clear'
16:12:23.872 [AsyncHttpClient-1-4] DEBUG org.asynchttpclient.netty.handler.HttpHandler - 

Request DefaultHttpRequest(decodeResult: success, version: HTTP/1.1)
POST /session/7fde73cfa43a5c54b33b4a4b747c3dc3/element/89726330-79ae-4398-8e05-93818e915a57/clear HTTP/1.1
User-Agent: selenium/4.1.2 (java windows)
Content-Length: 50
Content-Type: application/json; charset=utf-8
host: localhost:53365
accept: */*

Response DefaultHttpResponse(decodeResult: success, version: HTTP/1.1)
HTTP/1.1 200 OK
Content-Type: application/json; charset=utf-8
cache-control: no-cache
content-length: 14

16:12:23.872 [AsyncHttpClient-1-4] DEBUG org.asynchttpclient.netty.channel.ChannelManager - Adding key: http://localhost:53365 for channel [id: 0x062e5244, L:/127.0.0.1:60566 - R:localhost/127.0.0.1:53365]
16:12:23.875 [Forwarding sendKeysToElement on session 7fde73cfa43a5c54b33b4a4b747c3dc3 to remote] DEBUG org.asynchttpclient.netty.request.NettyRequestSender - Using pooled Channel '[id: 0x062e5244, L:/127.0.0.1:60566 - R:localhost/127.0.0.1:53365]' for 'POST' to 'http://localhost:53365/session/7fde73cfa43a5c54b33b4a4b747c3dc3/element/89726330-79ae-4398-8e05-93818e915a57/value'
16:12:23.875 [Forwarding sendKeysToElement on session 7fde73cfa43a5c54b33b4a4b747c3dc3 to remote] DEBUG org.asynchttpclient.netty.request.NettyRequestSender - Using open Channel [id: 0x062e5244, L:/127.0.0.1:60566 - R:localhost/127.0.0.1:53365] for POST '/session/7fde73cfa43a5c54b33b4a4b747c3dc3/element/89726330-79ae-4398-8e05-93818e915a57/value'
16:12:24.265 [AsyncHttpClient-1-4] DEBUG org.asynchttpclient.netty.handler.HttpHandler - 

Request DefaultHttpRequest(decodeResult: success, version: HTTP/1.1)
POST /session/7fde73cfa43a5c54b33b4a4b747c3dc3/element/89726330-79ae-4398-8e05-93818e915a57/value HTTP/1.1
User-Agent: selenium/4.1.2 (java windows)
Content-Length: 171
Content-Type: application/json; charset=utf-8
host: localhost:53365
accept: */*

Response DefaultHttpResponse(decodeResult: success, version: HTTP/1.1)
HTTP/1.1 200 OK
Content-Type: application/json; charset=utf-8
cache-control: no-cache
content-length: 14

16:12:24.265 [AsyncHttpClient-1-4] DEBUG org.asynchttpclient.netty.channel.ChannelManager - Adding key: http://localhost:53365 for channel [id: 0x062e5244, L:/127.0.0.1:60566 - R:localhost/127.0.0.1:53365]
16:12:24.300 [Forwarding screenshot on session 7fde73cfa43a5c54b33b4a4b747c3dc3 to remote] DEBUG org.asynchttpclient.netty.request.NettyRequestSender - Using pooled Channel '[id: 0x062e5244, L:/127.0.0.1:60566 - R:localhost/127.0.0.1:53365]' for 'GET' to 'http://localhost:53365/session/7fde73cfa43a5c54b33b4a4b747c3dc3/screenshot'
16:12:24.300 [Forwarding screenshot on session 7fde73cfa43a5c54b33b4a4b747c3dc3 to remote] DEBUG org.asynchttpclient.netty.request.NettyRequestSender - Using open Channel [id: 0x062e5244, L:/127.0.0.1:60566 - R:localhost/127.0.0.1:53365] for GET '/session/7fde73cfa43a5c54b33b4a4b747c3dc3/screenshot'
16:12:24.576 [AsyncHttpClient-1-4] DEBUG org.asynchttpclient.netty.handler.HttpHandler - 

Request DefaultFullHttpRequest(decodeResult: success, version: HTTP/1.1, content: EmptyByteBufBE)
GET /session/7fde73cfa43a5c54b33b4a4b747c3dc3/screenshot HTTP/1.1
User-Agent: selenium/4.1.2 (java windows)
Cache-Control: no-cache
Content-Type: application/json; charset=utf-8
host: localhost:53365
accept: */*

Response DefaultHttpResponse(decodeResult: success, version: HTTP/1.1)
HTTP/1.1 200 OK
Content-Type: application/json; charset=utf-8
cache-control: no-cache
content-length: 31068

16:12:24.578 [AsyncHttpClient-1-4] DEBUG org.asynchttpclient.netty.channel.ChannelManager - Adding key: http://localhost:53365 for channel [id: 0x062e5244, L:/127.0.0.1:60566 - R:localhost/127.0.0.1:53365]
16:12:24.581 [main] DEBUG net.serenitybdd.core.photography.Darkroom - Send negative for processing for target\site\serenity\dc032986c9eedfe921fbd2b9407832954763fd5a7b4561f61f31962e87351d60.png
16:12:24.581 [main] DEBUG net.thucydides.core.steps.StepInterceptor - STEP DONE: inputNamaLengkap
16:12:24.581 [Darkroom Processing Line] DEBUG net.serenitybdd.core.photography.DarkroomProcessingLine - Processing screenshot image in /var/screenshots/screenshot-1728999291038551173
16:12:24.581 [Darkroom Processing Line] DEBUG net.serenitybdd.core.photography.DarkroomProcessingLine - Saving screenshot to target\site\serenity\dc032986c9eedfe921fbd2b9407832954763fd5a7b4561f61f31962e87351d60.png
  &amp#27;[32mWhen &amp#27;[0m&amp#27;[32mI input fullname &amp#27;[0m&amp#27;[32m&amp#27;[1m"Kim Jisoo"&amp#27;[0m                 &amp#27;[90m# starter.stepdefinitions.RegisterSteps.inputNamaLengkap(java.lang.String)&amp#27;[0m
16:12:24.614 [main] DEBUG net.thucydides.core.steps.StepInterceptor - STARTING STEP: RegisterSteps.iInputEmail - inputEmailForRegist
16:12:24.618 [Forwarding findElement on session 7fde73cfa43a5c54b33b4a4b747c3dc3 to remote] DEBUG org.asynchttpclient.netty.request.NettyRequestSender - Using pooled Channel '[id: 0x062e5244, L:/127.0.0.1:60566 - R:localhost/127.0.0.1:53365]' for 'POST' to 'http://localhost:53365/session/7fde73cfa43a5c54b33b4a4b747c3dc3/element'
16:12:24.619 [Forwarding findElement on session 7fde73cfa43a5c54b33b4a4b747c3dc3 to remote] DEBUG org.asynchttpclient.netty.request.NettyRequestSender - Using open Channel [id: 0x062e5244, L:/127.0.0.1:60566 - R:localhost/127.0.0.1:53365] for POST '/session/7fde73cfa43a5c54b33b4a4b747c3dc3/element'
16:12:24.641 [AsyncHttpClient-1-4] DEBUG org.asynchttpclient.netty.handler.HttpHandler - 

Request DefaultHttpRequest(decodeResult: success, version: HTTP/1.1)
POST /session/7fde73cfa43a5c54b33b4a4b747c3dc3/element HTTP/1.1
User-Agent: selenium/4.1.2 (java windows)
Content-Length: 86
Content-Type: application/json; charset=utf-8
host: localhost:53365
accept: */*

Response DefaultHttpResponse(decodeResult: success, version: HTTP/1.1)
HTTP/1.1 200 OK
Content-Type: application/json; charset=utf-8
cache-control: no-cache
content-length: 88

16:12:24.641 [AsyncHttpClient-1-4] DEBUG org.asynchttpclient.netty.channel.ChannelManager - Adding key: http://localhost:53365 for channel [id: 0x062e5244, L:/127.0.0.1:60566 - R:localhost/127.0.0.1:53365]
16:12:24.642 [Forwarding clearElement on session 7fde73cfa43a5c54b33b4a4b747c3dc3 to remote] DEBUG org.asynchttpclient.netty.request.NettyRequestSender - Using pooled Channel '[id: 0x062e5244, L:/127.0.0.1:60566 - R:localhost/127.0.0.1:53365]' for 'POST' to 'http://localhost:53365/session/7fde73cfa43a5c54b33b4a4b747c3dc3/element/84571078-f5b7-4a5a-8091-f725c275db90/clear'
16:12:24.642 [Forwarding clearElement on session 7fde73cfa43a5c54b33b4a4b747c3dc3 to remote] DEBUG org.asynchttpclient.netty.request.NettyRequestSender - Using open Channel [id: 0x062e5244, L:/127.0.0.1:60566 - R:localhost/127.0.0.1:53365] for POST '/session/7fde73cfa43a5c54b33b4a4b747c3dc3/element/84571078-f5b7-4a5a-8091-f725c275db90/clear'
16:12:24.700 [AsyncHttpClient-1-4] DEBUG org.asynchttpclient.netty.handler.HttpHandler - 

Request DefaultHttpRequest(decodeResult: success, version: HTTP/1.1)
POST /session/7fde73cfa43a5c54b33b4a4b747c3dc3/element/84571078-f5b7-4a5a-8091-f725c275db90/clear HTTP/1.1
User-Agent: selenium/4.1.2 (java windows)
Content-Length: 50
Content-Type: application/json; charset=utf-8
host: localhost:53365
accept: */*

Response DefaultHttpResponse(decodeResult: success, version: HTTP/1.1)
HTTP/1.1 200 OK
Content-Type: application/json; charset=utf-8
cache-control: no-cache
content-length: 14

16:12:24.701 [AsyncHttpClient-1-4] DEBUG org.asynchttpclient.netty.channel.ChannelManager - Adding key: http://localhost:53365 for channel [id: 0x062e5244, L:/127.0.0.1:60566 - R:localhost/127.0.0.1:53365]
16:12:24.703 [Forwarding sendKeysToElement on session 7fde73cfa43a5c54b33b4a4b747c3dc3 to remote] DEBUG org.asynchttpclient.netty.request.NettyRequestSender - Using pooled Channel '[id: 0x062e5244, L:/127.0.0.1:60566 - R:localhost/127.0.0.1:53365]' for 'POST' to 'http://localhost:53365/session/7fde73cfa43a5c54b33b4a4b747c3dc3/element/84571078-f5b7-4a5a-8091-f725c275db90/value'
16:12:24.703 [Forwarding sendKeysToElement on session 7fde73cfa43a5c54b33b4a4b747c3dc3 to remote] DEBUG org.asynchttpclient.netty.request.NettyRequestSender - Using open Channel [id: 0x062e5244, L:/127.0.0.1:60566 - R:localhost/127.0.0.1:53365] for POST '/session/7fde73cfa43a5c54b33b4a4b747c3dc3/element/84571078-f5b7-4a5a-8091-f725c275db90/value'
16:12:24.829 [AsyncHttpClient-1-4] DEBUG org.asynchttpclient.netty.handler.HttpHandler - 

Request DefaultHttpRequest(decodeResult: success, version: HTTP/1.1)
POST /session/7fde73cfa43a5c54b33b4a4b747c3dc3/element/84571078-f5b7-4a5a-8091-f725c275db90/value HTTP/1.1
User-Agent: selenium/4.1.2 (java windows)
Content-Length: 82
Content-Type: application/json; charset=utf-8
host: localhost:53365
accept: */*

Response DefaultHttpResponse(decodeResult: success, version: HTTP/1.1)
HTTP/1.1 200 OK
Content-Type: application/json; charset=utf-8
cache-control: no-cache
content-length: 14

16:12:24.829 [AsyncHttpClient-1-4] DEBUG org.asynchttpclient.netty.channel.ChannelManager - Adding key: http://localhost:53365 for channel [id: 0x062e5244, L:/127.0.0.1:60566 - R:localhost/127.0.0.1:53365]
16:12:24.846 [AsyncHttpClient-1-1] DEBUG org.asynchttpclient.netty.channel.DefaultChannelPool - Entry count for : http://localhost:53365 : 1
16:12:24.846 [AsyncHttpClient-1-1] DEBUG org.asynchttpclient.netty.channel.DefaultChannelPool - Entry count for : http://localhost:60567 : 1
16:12:24.848 [Forwarding screenshot on session 7fde73cfa43a5c54b33b4a4b747c3dc3 to remote] DEBUG org.asynchttpclient.netty.request.NettyRequestSender - Using pooled Channel '[id: 0x062e5244, L:/127.0.0.1:60566 - R:localhost/127.0.0.1:53365]' for 'GET' to 'http://localhost:53365/session/7fde73cfa43a5c54b33b4a4b747c3dc3/screenshot'
16:12:24.848 [Forwarding screenshot on session 7fde73cfa43a5c54b33b4a4b747c3dc3 to remote] DEBUG org.asynchttpclient.netty.request.NettyRequestSender - Using open Channel [id: 0x062e5244, L:/127.0.0.1:60566 - R:localhost/127.0.0.1:53365] for GET '/session/7fde73cfa43a5c54b33b4a4b747c3dc3/screenshot'
16:12:25.118 [AsyncHttpClient-1-4] DEBUG org.asynchttpclient.netty.handler.HttpHandler - 

Request DefaultFullHttpRequest(decodeResult: success, version: HTTP/1.1, content: EmptyByteBufBE)
GET /session/7fde73cfa43a5c54b33b4a4b747c3dc3/screenshot HTTP/1.1
User-Agent: selenium/4.1.2 (java windows)
Cache-Control: no-cache
Content-Type: application/json; charset=utf-8
host: localhost:53365
accept: */*

Response DefaultHttpResponse(decodeResult: success, version: HTTP/1.1)
HTTP/1.1 200 OK
Content-Type: application/json; charset=utf-8
cache-control: no-cache
content-length: 31384

16:12:25.122 [AsyncHttpClient-1-4] DEBUG org.asynchttpclient.netty.channel.ChannelManager - Adding key: http://localhost:53365 for channel [id: 0x062e5244, L:/127.0.0.1:60566 - R:localhost/127.0.0.1:53365]
16:12:25.130 [main] DEBUG net.serenitybdd.core.photography.Darkroom - Send negative for processing for target\site\serenity\7f0f048dd5adea51f0fc0f4e93320ec45889b4a81273d3714431472340bb402b.png
16:12:25.130 [main] DEBUG net.thucydides.core.steps.StepInterceptor - STEP DONE: inputEmailForRegist
  &amp#27;[32mAnd &amp#27;[0m&amp#27;[32mI input email &amp#27;[0m&amp#27;[32m&amp#27;[1m""&amp#27;[0m                              &amp#27;[90m# starter.stepdefinitions.RegisterSteps.iInputEmail(java.lang.String)&amp#27;[0m
16:12:25.141 [Darkroom Processing Line] DEBUG net.serenitybdd.core.photography.DarkroomProcessingLine - Processing screenshot image in /var/screenshots/screenshot-515908131828697456
16:12:25.141 [Darkroom Processing Line] DEBUG net.serenitybdd.core.photography.DarkroomProcessingLine - Saving screenshot to target\site\serenity\7f0f048dd5adea51f0fc0f4e93320ec45889b4a81273d3714431472340bb402b.png
16:12:25.203 [Forwarding screenshot on session 7fde73cfa43a5c54b33b4a4b747c3dc3 to remote] DEBUG org.asynchttpclient.netty.request.NettyRequestSender - Using pooled Channel '[id: 0x062e5244, L:/127.0.0.1:60566 - R:localhost/127.0.0.1:53365]' for 'GET' to 'http://localhost:53365/session/7fde73cfa43a5c54b33b4a4b747c3dc3/screenshot'
16:12:25.203 [Forwarding screenshot on session 7fde73cfa43a5c54b33b4a4b747c3dc3 to remote] DEBUG org.asynchttpclient.netty.request.NettyRequestSender - Using open Channel [id: 0x062e5244, L:/127.0.0.1:60566 - R:localhost/127.0.0.1:53365] for GET '/session/7fde73cfa43a5c54b33b4a4b747c3dc3/screenshot'
16:12:25.471 [AsyncHttpClient-1-4] DEBUG org.asynchttpclient.netty.handler.HttpHandler - 

Request DefaultFullHttpRequest(decodeResult: success, version: HTTP/1.1, content: EmptyByteBufBE)
GET /session/7fde73cfa43a5c54b33b4a4b747c3dc3/screenshot HTTP/1.1
User-Agent: selenium/4.1.2 (java windows)
Cache-Control: no-cache
Content-Type: application/json; charset=utf-8
host: localhost:53365
accept: */*

Response DefaultHttpResponse(decodeResult: success, version: HTTP/1.1)
HTTP/1.1 200 OK
Content-Type: application/json; charset=utf-8
cache-control: no-cache
content-length: 30740

16:12:25.471 [AsyncHttpClient-1-4] DEBUG org.asynchttpclient.netty.channel.ChannelManager - Adding key: http://localhost:53365 for channel [id: 0x062e5244, L:/127.0.0.1:60566 - R:localhost/127.0.0.1:53365]
16:12:25.474 [main] DEBUG net.serenitybdd.core.photography.Darkroom - Send negative for processing for target\site\serenity\64a8ab7e130fe99db2c57853c01c95daa655f9a073f691a3fcd430314cb72797.png
16:12:25.477 [main] DEBUG net.thucydides.core.steps.StepInterceptor - STARTING STEP: RegisterSteps.inputPass - inputPassForRegist
16:12:25.482 [Forwarding findElement on session 7fde73cfa43a5c54b33b4a4b747c3dc3 to remote] DEBUG org.asynchttpclient.netty.request.NettyRequestSender - Using pooled Channel '[id: 0x062e5244, L:/127.0.0.1:60566 - R:localhost/127.0.0.1:53365]' for 'POST' to 'http://localhost:53365/session/7fde73cfa43a5c54b33b4a4b747c3dc3/element'
16:12:25.482 [Forwarding findElement on session 7fde73cfa43a5c54b33b4a4b747c3dc3 to remote] DEBUG org.asynchttpclient.netty.request.NettyRequestSender - Using open Channel [id: 0x062e5244, L:/127.0.0.1:60566 - R:localhost/127.0.0.1:53365] for POST '/session/7fde73cfa43a5c54b33b4a4b747c3dc3/element'
16:12:25.495 [Darkroom Processing Line] DEBUG net.serenitybdd.core.photography.DarkroomProcessingLine - Processing screenshot image in /var/screenshots/screenshot-16556637267210643792
16:12:25.495 [Darkroom Processing Line] DEBUG net.serenitybdd.core.photography.DarkroomProcessingLine - Saving screenshot to target\site\serenity\64a8ab7e130fe99db2c57853c01c95daa655f9a073f691a3fcd430314cb72797.png
16:12:25.520 [AsyncHttpClient-1-4] DEBUG org.asynchttpclient.netty.handler.HttpHandler - 

Request DefaultHttpRequest(decodeResult: success, version: HTTP/1.1)
POST /session/7fde73cfa43a5c54b33b4a4b747c3dc3/element HTTP/1.1
User-Agent: selenium/4.1.2 (java windows)
Content-Length: 89
Content-Type: application/json; charset=utf-8
host: localhost:53365
accept: */*

Response DefaultHttpResponse(decodeResult: success, version: HTTP/1.1)
HTTP/1.1 200 OK
Content-Type: application/json; charset=utf-8
cache-control: no-cache
content-length: 88

16:12:25.520 [AsyncHttpClient-1-4] DEBUG org.asynchttpclient.netty.channel.ChannelManager - Adding key: http://localhost:53365 for channel [id: 0x062e5244, L:/127.0.0.1:60566 - R:localhost/127.0.0.1:53365]
16:12:25.522 [Forwarding clearElement on session 7fde73cfa43a5c54b33b4a4b747c3dc3 to remote] DEBUG org.asynchttpclient.netty.request.NettyRequestSender - Using pooled Channel '[id: 0x062e5244, L:/127.0.0.1:60566 - R:localhost/127.0.0.1:53365]' for 'POST' to 'http://localhost:53365/session/7fde73cfa43a5c54b33b4a4b747c3dc3/element/5592bc47-4762-447f-9254-a897af651f9f/clear'
16:12:25.522 [Forwarding clearElement on session 7fde73cfa43a5c54b33b4a4b747c3dc3 to remote] DEBUG org.asynchttpclient.netty.request.NettyRequestSender - Using open Channel [id: 0x062e5244, L:/127.0.0.1:60566 - R:localhost/127.0.0.1:53365] for POST '/session/7fde73cfa43a5c54b33b4a4b747c3dc3/element/5592bc47-4762-447f-9254-a897af651f9f/clear'
16:12:25.636 [AsyncHttpClient-1-4] DEBUG org.asynchttpclient.netty.handler.HttpHandler - 

Request DefaultHttpRequest(decodeResult: success, version: HTTP/1.1)
POST /session/7fde73cfa43a5c54b33b4a4b747c3dc3/element/5592bc47-4762-447f-9254-a897af651f9f/clear HTTP/1.1
User-Agent: selenium/4.1.2 (java windows)
Content-Length: 50
Content-Type: application/json; charset=utf-8
host: localhost:53365
accept: */*

Response DefaultHttpResponse(decodeResult: success, version: HTTP/1.1)
HTTP/1.1 200 OK
Content-Type: application/json; charset=utf-8
cache-control: no-cache
content-length: 14

16:12:25.636 [AsyncHttpClient-1-4] DEBUG org.asynchttpclient.netty.channel.ChannelManager - Adding key: http://localhost:53365 for channel [id: 0x062e5244, L:/127.0.0.1:60566 - R:localhost/127.0.0.1:53365]
16:12:25.639 [Forwarding sendKeysToElement on session 7fde73cfa43a5c54b33b4a4b747c3dc3 to remote] DEBUG org.asynchttpclient.netty.request.NettyRequestSender - Using pooled Channel '[id: 0x062e5244, L:/127.0.0.1:60566 - R:localhost/127.0.0.1:53365]' for 'POST' to 'http://localhost:53365/session/7fde73cfa43a5c54b33b4a4b747c3dc3/element/5592bc47-4762-447f-9254-a897af651f9f/value'
16:12:25.639 [Forwarding sendKeysToElement on session 7fde73cfa43a5c54b33b4a4b747c3dc3 to remote] DEBUG org.asynchttpclient.netty.request.NettyRequestSender - Using open Channel [id: 0x062e5244, L:/127.0.0.1:60566 - R:localhost/127.0.0.1:53365] for POST '/session/7fde73cfa43a5c54b33b4a4b747c3dc3/element/5592bc47-4762-447f-9254-a897af651f9f/value'
16:12:26.050 [AsyncHttpClient-1-1] DEBUG org.asynchttpclient.netty.channel.DefaultChannelPool - Entry count for : http://localhost:60567 : 1
16:12:26.320 [AsyncHttpClient-1-4] DEBUG org.asynchttpclient.netty.handler.HttpHandler - 

Request DefaultHttpRequest(decodeResult: success, version: HTTP/1.1)
POST /session/7fde73cfa43a5c54b33b4a4b747c3dc3/element/5592bc47-4762-447f-9254-a897af651f9f/value HTTP/1.1
User-Agent: selenium/4.1.2 (java windows)
Content-Length: 171
Content-Type: application/json; charset=utf-8
host: localhost:53365
accept: */*

Response DefaultHttpResponse(decodeResult: success, version: HTTP/1.1)
HTTP/1.1 200 OK
Content-Type: application/json; charset=utf-8
cache-control: no-cache
content-length: 14

16:12:26.320 [AsyncHttpClient-1-4] DEBUG org.asynchttpclient.netty.channel.ChannelManager - Adding key: http://localhost:53365 for channel [id: 0x062e5244, L:/127.0.0.1:60566 - R:localhost/127.0.0.1:53365]
16:12:26.334 [Forwarding screenshot on session 7fde73cfa43a5c54b33b4a4b747c3dc3 to remote] DEBUG org.asynchttpclient.netty.request.NettyRequestSender - Using pooled Channel '[id: 0x062e5244, L:/127.0.0.1:60566 - R:localhost/127.0.0.1:53365]' for 'GET' to 'http://localhost:53365/session/7fde73cfa43a5c54b33b4a4b747c3dc3/screenshot'
16:12:26.334 [Forwarding screenshot on session 7fde73cfa43a5c54b33b4a4b747c3dc3 to remote] DEBUG org.asynchttpclient.netty.request.NettyRequestSender - Using open Channel [id: 0x062e5244, L:/127.0.0.1:60566 - R:localhost/127.0.0.1:53365] for GET '/session/7fde73cfa43a5c54b33b4a4b747c3dc3/screenshot'
16:12:26.719 [AsyncHttpClient-1-4] DEBUG org.asynchttpclient.netty.handler.HttpHandler - 

Request DefaultFullHttpRequest(decodeResult: success, version: HTTP/1.1, content: EmptyByteBufBE)
GET /session/7fde73cfa43a5c54b33b4a4b747c3dc3/screenshot HTTP/1.1
User-Agent: selenium/4.1.2 (java windows)
Cache-Control: no-cache
Content-Type: application/json; charset=utf-8
host: localhost:53365
accept: */*

Response DefaultHttpResponse(decodeResult: success, version: HTTP/1.1)
HTTP/1.1 200 OK
Content-Type: application/json; charset=utf-8
cache-control: no-cache
content-length: 32012

16:12:26.720 [AsyncHttpClient-1-4] DEBUG org.asynchttpclient.netty.channel.ChannelManager - Adding key: http://localhost:53365 for channel [id: 0x062e5244, L:/127.0.0.1:60566 - R:localhost/127.0.0.1:53365]
16:12:26.725 [main] DEBUG net.serenitybdd.core.photography.Darkroom - Send negative for processing for target\site\serenity\452128f782b025bfb2d045a0bd1ed4332050a8990ca97f656d1ddb2ce50f9e82.png
16:12:26.727 [main] DEBUG net.thucydides.core.steps.StepInterceptor - STEP DONE: inputPassForRegist
  &amp#27;[32mAnd &amp#27;[0m&amp#27;[32mI input pass &amp#27;[0m&amp#27;[32m&amp#27;[1m"Halloo321"&amp#27;[0m                      &amp#27;[90m# starter.stepdefinitions.RegisterSteps.inputPass(java.lang.String)&amp#27;[0m
16:12:26.776 [Forwarding screenshot on session 7fde73cfa43a5c54b33b4a4b747c3dc3 to remote] DEBUG org.asynchttpclient.netty.request.NettyRequestSender - Using pooled Channel '[id: 0x062e5244, L:/127.0.0.1:60566 - R:localhost/127.0.0.1:53365]' for 'GET' to 'http://localhost:53365/session/7fde73cfa43a5c54b33b4a4b747c3dc3/screenshot'
16:12:26.776 [Forwarding screenshot on session 7fde73cfa43a5c54b33b4a4b747c3dc3 to remote] DEBUG org.asynchttpclient.netty.request.NettyRequestSender - Using open Channel [id: 0x062e5244, L:/127.0.0.1:60566 - R:localhost/127.0.0.1:53365] for GET '/session/7fde73cfa43a5c54b33b4a4b747c3dc3/screenshot'
16:12:26.777 [Darkroom Processing Line] DEBUG net.serenitybdd.core.photography.DarkroomProcessingLine - Processing screenshot image in /var/screenshots/screenshot-11590378587359169405
16:12:26.777 [Darkroom Processing Line] DEBUG net.serenitybdd.core.photography.DarkroomProcessingLine - Saving screenshot to target\site\serenity\452128f782b025bfb2d045a0bd1ed4332050a8990ca97f656d1ddb2ce50f9e82.png
16:12:26.971 [AsyncHttpClient-1-4] DEBUG org.asynchttpclient.netty.handler.HttpHandler - 

Request DefaultFullHttpRequest(decodeResult: success, version: HTTP/1.1, content: EmptyByteBufBE)
GET /session/7fde73cfa43a5c54b33b4a4b747c3dc3/screenshot HTTP/1.1
User-Agent: selenium/4.1.2 (java windows)
Cache-Control: no-cache
Content-Type: application/json; charset=utf-8
host: localhost:53365
accept: */*

Response DefaultHttpResponse(decodeResult: success, version: HTTP/1.1)
HTTP/1.1 200 OK
Content-Type: application/json; charset=utf-8
cache-control: no-cache
content-length: 32012

16:12:26.972 [AsyncHttpClient-1-4] DEBUG org.asynchttpclient.netty.channel.ChannelManager - Adding key: http://localhost:53365 for channel [id: 0x062e5244, L:/127.0.0.1:60566 - R:localhost/127.0.0.1:53365]
16:12:26.975 [main] DEBUG net.serenitybdd.core.photography.Darkroom - Send negative for processing for target\site\serenity\0ba56bc930cf7813a7f275a82b09f580fa5df274185c0bc34251ede80bd43e03.png
16:12:26.978 [main] DEBUG net.thucydides.core.steps.StepInterceptor - STARTING STEP: RegisterSteps.clickRegisterButton - clickRegisButton
16:12:26.984 [Forwarding findElement on session 7fde73cfa43a5c54b33b4a4b747c3dc3 to remote] DEBUG org.asynchttpclient.netty.request.NettyRequestSender - Using pooled Channel '[id: 0x062e5244, L:/127.0.0.1:60566 - R:localhost/127.0.0.1:53365]' for 'POST' to 'http://localhost:53365/session/7fde73cfa43a5c54b33b4a4b747c3dc3/element'
16:12:26.984 [Forwarding findElement on session 7fde73cfa43a5c54b33b4a4b747c3dc3 to remote] DEBUG org.asynchttpclient.netty.request.NettyRequestSender - Using open Channel [id: 0x062e5244, L:/127.0.0.1:60566 - R:localhost/127.0.0.1:53365] for POST '/session/7fde73cfa43a5c54b33b4a4b747c3dc3/element'
16:12:26.985 [Darkroom Processing Line] DEBUG net.serenitybdd.core.photography.DarkroomProcessingLine - Processing screenshot image in /var/screenshots/screenshot-7444515785103093353
16:12:26.985 [Darkroom Processing Line] DEBUG net.serenitybdd.core.photography.DarkroomProcessingLine - Saving screenshot to target\site\serenity\0ba56bc930cf7813a7f275a82b09f580fa5df274185c0bc34251ede80bd43e03.png
16:12:27.010 [AsyncHttpClient-1-4] DEBUG org.asynchttpclient.netty.handler.HttpHandler - 

Request DefaultHttpRequest(decodeResult: success, version: HTTP/1.1)
POST /session/7fde73cfa43a5c54b33b4a4b747c3dc3/element HTTP/1.1
User-Agent: selenium/4.1.2 (java windows)
Content-Length: 138
Content-Type: application/json; charset=utf-8
host: localhost:53365
accept: */*

Response DefaultHttpResponse(decodeResult: success, version: HTTP/1.1)
HTTP/1.1 200 OK
Content-Type: application/json; charset=utf-8
cache-control: no-cache
content-length: 88

16:12:27.010 [AsyncHttpClient-1-4] DEBUG org.asynchttpclient.netty.channel.ChannelManager - Adding key: http://localhost:53365 for channel [id: 0x062e5244, L:/127.0.0.1:60566 - R:localhost/127.0.0.1:53365]
16:12:27.012 [Forwarding getElementTagName on session 7fde73cfa43a5c54b33b4a4b747c3dc3 to remote] DEBUG org.asynchttpclient.netty.request.NettyRequestSender - Using pooled Channel '[id: 0x062e5244, L:/127.0.0.1:60566 - R:localhost/127.0.0.1:53365]' for 'GET' to 'http://localhost:53365/session/7fde73cfa43a5c54b33b4a4b747c3dc3/element/d7fae003-078d-42e8-a1ee-4697b00dd67e/name'
16:12:27.012 [Forwarding getElementTagName on session 7fde73cfa43a5c54b33b4a4b747c3dc3 to remote] DEBUG org.asynchttpclient.netty.request.NettyRequestSender - Using open Channel [id: 0x062e5244, L:/127.0.0.1:60566 - R:localhost/127.0.0.1:53365] for GET '/session/7fde73cfa43a5c54b33b4a4b747c3dc3/element/d7fae003-078d-42e8-a1ee-4697b00dd67e/name'
16:12:27.022 [AsyncHttpClient-1-4] DEBUG org.asynchttpclient.netty.handler.HttpHandler - 

Request DefaultFullHttpRequest(decodeResult: success, version: HTTP/1.1, content: EmptyByteBufBE)
GET /session/7fde73cfa43a5c54b33b4a4b747c3dc3/element/d7fae003-078d-42e8-a1ee-4697b00dd67e/name HTTP/1.1
User-Agent: selenium/4.1.2 (java windows)
Cache-Control: no-cache
Content-Type: application/json; charset=utf-8
host: localhost:53365
accept: */*

Response DefaultHttpResponse(decodeResult: success, version: HTTP/1.1)
HTTP/1.1 200 OK
Content-Type: application/json; charset=utf-8
cache-control: no-cache
content-length: 18

16:12:27.022 [AsyncHttpClient-1-4] DEBUG org.asynchttpclient.netty.channel.ChannelManager - Adding key: http://localhost:53365 for channel [id: 0x062e5244, L:/127.0.0.1:60566 - R:localhost/127.0.0.1:53365]
16:12:27.024 [Forwarding getElementTagName on session 7fde73cfa43a5c54b33b4a4b747c3dc3 to remote] DEBUG org.asynchttpclient.netty.request.NettyRequestSender - Using pooled Channel '[id: 0x062e5244, L:/127.0.0.1:60566 - R:localhost/127.0.0.1:53365]' for 'GET' to 'http://localhost:53365/session/7fde73cfa43a5c54b33b4a4b747c3dc3/element/d7fae003-078d-42e8-a1ee-4697b00dd67e/name'
16:12:27.024 [Forwarding getElementTagName on session 7fde73cfa43a5c54b33b4a4b747c3dc3 to remote] DEBUG org.asynchttpclient.netty.request.NettyRequestSender - Using open Channel [id: 0x062e5244, L:/127.0.0.1:60566 - R:localhost/127.0.0.1:53365] for GET '/session/7fde73cfa43a5c54b33b4a4b747c3dc3/element/d7fae003-078d-42e8-a1ee-4697b00dd67e/name'
16:12:27.031 [AsyncHttpClient-1-4] DEBUG org.asynchttpclient.netty.handler.HttpHandler - 

Request DefaultFullHttpRequest(decodeResult: success, version: HTTP/1.1, content: EmptyByteBufBE)
GET /session/7fde73cfa43a5c54b33b4a4b747c3dc3/element/d7fae003-078d-42e8-a1ee-4697b00dd67e/name HTTP/1.1
User-Agent: selenium/4.1.2 (java windows)
Cache-Control: no-cache
Content-Type: application/json; charset=utf-8
host: localhost:53365
accept: */*

Response DefaultHttpResponse(decodeResult: success, version: HTTP/1.1)
HTTP/1.1 200 OK
Content-Type: application/json; charset=utf-8
cache-control: no-cache
content-length: 18

16:12:27.031 [AsyncHttpClient-1-4] DEBUG org.asynchttpclient.netty.channel.ChannelManager - Adding key: http://localhost:53365 for channel [id: 0x062e5244, L:/127.0.0.1:60566 - R:localhost/127.0.0.1:53365]
16:12:27.035 [Forwarding isElementEnabled on session 7fde73cfa43a5c54b33b4a4b747c3dc3 to remote] DEBUG org.asynchttpclient.netty.request.NettyRequestSender - Using pooled Channel '[id: 0x062e5244, L:/127.0.0.1:60566 - R:localhost/127.0.0.1:53365]' for 'GET' to 'http://localhost:53365/session/7fde73cfa43a5c54b33b4a4b747c3dc3/element/d7fae003-078d-42e8-a1ee-4697b00dd67e/enabled'
16:12:27.035 [Forwarding isElementEnabled on session 7fde73cfa43a5c54b33b4a4b747c3dc3 to remote] DEBUG org.asynchttpclient.netty.request.NettyRequestSender - Using open Channel [id: 0x062e5244, L:/127.0.0.1:60566 - R:localhost/127.0.0.1:53365] for GET '/session/7fde73cfa43a5c54b33b4a4b747c3dc3/element/d7fae003-078d-42e8-a1ee-4697b00dd67e/enabled'
16:12:27.056 [AsyncHttpClient-1-4] DEBUG org.asynchttpclient.netty.handler.HttpHandler - 

Request DefaultFullHttpRequest(decodeResult: success, version: HTTP/1.1, content: EmptyByteBufBE)
GET /session/7fde73cfa43a5c54b33b4a4b747c3dc3/element/d7fae003-078d-42e8-a1ee-4697b00dd67e/enabled HTTP/1.1
User-Agent: selenium/4.1.2 (java windows)
Cache-Control: no-cache
Content-Type: application/json; charset=utf-8
host: localhost:53365
accept: */*

Response DefaultHttpResponse(decodeResult: success, version: HTTP/1.1)
HTTP/1.1 200 OK
Content-Type: application/json; charset=utf-8
cache-control: no-cache
content-length: 14

16:12:27.056 [AsyncHttpClient-1-4] DEBUG org.asynchttpclient.netty.channel.ChannelManager - Adding key: http://localhost:53365 for channel [id: 0x062e5244, L:/127.0.0.1:60566 - R:localhost/127.0.0.1:53365]
16:12:27.058 [Forwarding isElementEnabled on session 7fde73cfa43a5c54b33b4a4b747c3dc3 to remote] DEBUG org.asynchttpclient.netty.request.NettyRequestSender - Using pooled Channel '[id: 0x062e5244, L:/127.0.0.1:60566 - R:localhost/127.0.0.1:53365]' for 'GET' to 'http://localhost:53365/session/7fde73cfa43a5c54b33b4a4b747c3dc3/element/d7fae003-078d-42e8-a1ee-4697b00dd67e/enabled'
16:12:27.058 [Forwarding isElementEnabled on session 7fde73cfa43a5c54b33b4a4b747c3dc3 to remote] DEBUG org.asynchttpclient.netty.request.NettyRequestSender - Using open Channel [id: 0x062e5244, L:/127.0.0.1:60566 - R:localhost/127.0.0.1:53365] for GET '/session/7fde73cfa43a5c54b33b4a4b747c3dc3/element/d7fae003-078d-42e8-a1ee-4697b00dd67e/enabled'
16:12:27.069 [AsyncHttpClient-1-4] DEBUG org.asynchttpclient.netty.handler.HttpHandler - 

Request DefaultFullHttpRequest(decodeResult: success, version: HTTP/1.1, content: EmptyByteBufBE)
GET /session/7fde73cfa43a5c54b33b4a4b747c3dc3/element/d7fae003-078d-42e8-a1ee-4697b00dd67e/enabled HTTP/1.1
User-Agent: selenium/4.1.2 (java windows)
Cache-Control: no-cache
Content-Type: application/json; charset=utf-8
host: localhost:53365
accept: */*

Response DefaultHttpResponse(decodeResult: success, version: HTTP/1.1)
HTTP/1.1 200 OK
Content-Type: application/json; charset=utf-8
cache-control: no-cache
content-length: 14

16:12:27.070 [AsyncHttpClient-1-4] DEBUG org.asynchttpclient.netty.channel.ChannelManager - Adding key: http://localhost:53365 for channel [id: 0x062e5244, L:/127.0.0.1:60566 - R:localhost/127.0.0.1:53365]
16:12:27.074 [Forwarding findElement on session 7fde73cfa43a5c54b33b4a4b747c3dc3 to remote] DEBUG org.asynchttpclient.netty.request.NettyRequestSender - Using pooled Channel '[id: 0x062e5244, L:/127.0.0.1:60566 - R:localhost/127.0.0.1:53365]' for 'POST' to 'http://localhost:53365/session/7fde73cfa43a5c54b33b4a4b747c3dc3/element'
16:12:27.074 [Forwarding findElement on session 7fde73cfa43a5c54b33b4a4b747c3dc3 to remote] DEBUG org.asynchttpclient.netty.request.NettyRequestSender - Using open Channel [id: 0x062e5244, L:/127.0.0.1:60566 - R:localhost/127.0.0.1:53365] for POST '/session/7fde73cfa43a5c54b33b4a4b747c3dc3/element'
16:12:27.088 [AsyncHttpClient-1-4] DEBUG org.asynchttpclient.netty.handler.HttpHandler - 

Request DefaultHttpRequest(decodeResult: success, version: HTTP/1.1)
POST /session/7fde73cfa43a5c54b33b4a4b747c3dc3/element HTTP/1.1
User-Agent: selenium/4.1.2 (java windows)
Content-Length: 138
Content-Type: application/json; charset=utf-8
host: localhost:53365
accept: */*

Response DefaultHttpResponse(decodeResult: success, version: HTTP/1.1)
HTTP/1.1 200 OK
Content-Type: application/json; charset=utf-8
cache-control: no-cache
content-length: 88

16:12:27.088 [AsyncHttpClient-1-4] DEBUG org.asynchttpclient.netty.channel.ChannelManager - Adding key: http://localhost:53365 for channel [id: 0x062e5244, L:/127.0.0.1:60566 - R:localhost/127.0.0.1:53365]
16:12:27.091 [Forwarding clickElement on session 7fde73cfa43a5c54b33b4a4b747c3dc3 to remote] DEBUG org.asynchttpclient.netty.request.NettyRequestSender - Using pooled Channel '[id: 0x062e5244, L:/127.0.0.1:60566 - R:localhost/127.0.0.1:53365]' for 'POST' to 'http://localhost:53365/session/7fde73cfa43a5c54b33b4a4b747c3dc3/element/d7fae003-078d-42e8-a1ee-4697b00dd67e/click'
16:12:27.091 [Forwarding clickElement on session 7fde73cfa43a5c54b33b4a4b747c3dc3 to remote] DEBUG org.asynchttpclient.netty.request.NettyRequestSender - Using open Channel [id: 0x062e5244, L:/127.0.0.1:60566 - R:localhost/127.0.0.1:53365] for POST '/session/7fde73cfa43a5c54b33b4a4b747c3dc3/element/d7fae003-078d-42e8-a1ee-4697b00dd67e/click'
16:12:27.149 [AsyncHttpClient-1-1] DEBUG org.asynchttpclient.netty.channel.DefaultChannelPool - Entry count for : http://localhost:60567 : 1
16:12:27.409 [AsyncHttpClient-1-4] DEBUG org.asynchttpclient.netty.handler.HttpHandler - 

Request DefaultHttpRequest(decodeResult: success, version: HTTP/1.1)
POST /session/7fde73cfa43a5c54b33b4a4b747c3dc3/element/d7fae003-078d-42e8-a1ee-4697b00dd67e/click HTTP/1.1
User-Agent: selenium/4.1.2 (java windows)
Content-Length: 50
Content-Type: application/json; charset=utf-8
host: localhost:53365
accept: */*

Response DefaultHttpResponse(decodeResult: success, version: HTTP/1.1)
HTTP/1.1 200 OK
Content-Type: application/json; charset=utf-8
cache-control: no-cache
content-length: 14

16:12:27.409 [AsyncHttpClient-1-4] DEBUG org.asynchttpclient.netty.channel.ChannelManager - Adding key: http://localhost:53365 for channel [id: 0x062e5244, L:/127.0.0.1:60566 - R:localhost/127.0.0.1:53365]
16:12:27.422 [Forwarding screenshot on session 7fde73cfa43a5c54b33b4a4b747c3dc3 to remote] DEBUG org.asynchttpclient.netty.request.NettyRequestSender - Using pooled Channel '[id: 0x062e5244, L:/127.0.0.1:60566 - R:localhost/127.0.0.1:53365]' for 'GET' to 'http://localhost:53365/session/7fde73cfa43a5c54b33b4a4b747c3dc3/screenshot'
16:12:27.422 [Forwarding screenshot on session 7fde73cfa43a5c54b33b4a4b747c3dc3 to remote] DEBUG org.asynchttpclient.netty.request.NettyRequestSender - Using open Channel [id: 0x062e5244, L:/127.0.0.1:60566 - R:localhost/127.0.0.1:53365] for GET '/session/7fde73cfa43a5c54b33b4a4b747c3dc3/screenshot'
16:12:28.016 [AsyncHttpClient-1-4] DEBUG org.asynchttpclient.netty.handler.HttpHandler - 

Request DefaultFullHttpRequest(decodeResult: success, version: HTTP/1.1, content: EmptyByteBufBE)
GET /session/7fde73cfa43a5c54b33b4a4b747c3dc3/screenshot HTTP/1.1
User-Agent: selenium/4.1.2 (java windows)
Cache-Control: no-cache
Content-Type: application/json; charset=utf-8
host: localhost:53365
accept: */*

Response DefaultHttpResponse(decodeResult: success, version: HTTP/1.1)
HTTP/1.1 200 OK
Content-Type: application/json; charset=utf-8
cache-control: no-cache
content-length: 33584

16:12:28.017 [AsyncHttpClient-1-4] DEBUG org.asynchttpclient.netty.channel.ChannelManager - Adding key: http://localhost:53365 for channel [id: 0x062e5244, L:/127.0.0.1:60566 - R:localhost/127.0.0.1:53365]
16:12:28.019 [main] DEBUG net.serenitybdd.core.photography.Darkroom - Send negative for processing for target\site\serenity\bfb70bdaa68fb3ce1b22fe67a9182ea2193dace02315d1b4d32fcb71476a9dc6.png
16:12:28.020 [main] DEBUG net.thucydides.core.steps.StepInterceptor - STEP DONE: clickRegisButton
  &amp#27;[32mAnd &amp#27;[0m&amp#27;[32mclick register button&amp#27;[0m                         &amp#27;[90m# starter.stepdefinitions.RegisterSteps.clickRegisterButton()&amp#27;[0m
16:12:28.020 [Darkroom Processing Line] DEBUG net.serenitybdd.core.photography.DarkroomProcessingLine - Processing screenshot image in /var/screenshots/screenshot-15322049555969177670
16:12:28.020 [Darkroom Processing Line] DEBUG net.serenitybdd.core.photography.DarkroomProcessingLine - Saving screenshot to target\site\serenity\bfb70bdaa68fb3ce1b22fe67a9182ea2193dace02315d1b4d32fcb71476a9dc6.png
16:12:28.051 [main] DEBUG net.thucydides.core.steps.StepInterceptor - STARTING STEP: RegisterSteps.iGetResult - alertSymbolAppears
16:12:28.053 [Forwarding findElement on session 7fde73cfa43a5c54b33b4a4b747c3dc3 to remote] DEBUG org.asynchttpclient.netty.request.NettyRequestSender - Using pooled Channel '[id: 0x062e5244, L:/127.0.0.1:60566 - R:localhost/127.0.0.1:53365]' for 'POST' to 'http://localhost:53365/session/7fde73cfa43a5c54b33b4a4b747c3dc3/element'
16:12:28.053 [Forwarding findElement on session 7fde73cfa43a5c54b33b4a4b747c3dc3 to remote] DEBUG org.asynchttpclient.netty.request.NettyRequestSender - Using open Channel [id: 0x062e5244, L:/127.0.0.1:60566 - R:localhost/127.0.0.1:53365] for POST '/session/7fde73cfa43a5c54b33b4a4b747c3dc3/element'
16:12:28.059 [AsyncHttpClient-1-4] DEBUG org.asynchttpclient.netty.handler.HttpHandler - 

Request DefaultHttpRequest(decodeResult: success, version: HTTP/1.1)
POST /session/7fde73cfa43a5c54b33b4a4b747c3dc3/element HTTP/1.1
User-Agent: selenium/4.1.2 (java windows)
Content-Length: 53
Content-Type: application/json; charset=utf-8
host: localhost:53365
accept: */*

Response DefaultHttpResponse(decodeResult: success, version: HTTP/1.1)
HTTP/1.1 400 Bad Request
Content-Type: application/json; charset=utf-8
cache-control: no-cache
content-length: 957

16:12:28.059 [AsyncHttpClient-1-4] DEBUG org.asynchttpclient.netty.channel.ChannelManager - Adding key: http://localhost:53365 for channel [id: 0x062e5244, L:/127.0.0.1:60566 - R:localhost/127.0.0.1:53365]
16:12:28.061 [Forwarding findElement on session 7fde73cfa43a5c54b33b4a4b747c3dc3 to remote] DEBUG org.asynchttpclient.netty.request.NettyRequestSender - Using pooled Channel '[id: 0x062e5244, L:/127.0.0.1:60566 - R:localhost/127.0.0.1:53365]' for 'POST' to 'http://localhost:53365/session/7fde73cfa43a5c54b33b4a4b747c3dc3/element'
16:12:28.061 [Forwarding findElement on session 7fde73cfa43a5c54b33b4a4b747c3dc3 to remote] DEBUG org.asynchttpclient.netty.request.NettyRequestSender - Using open Channel [id: 0x062e5244, L:/127.0.0.1:60566 - R:localhost/127.0.0.1:53365] for POST '/session/7fde73cfa43a5c54b33b4a4b747c3dc3/element'
16:12:28.080 [AsyncHttpClient-1-4] DEBUG org.asynchttpclient.netty.handler.HttpHandler - 

Request DefaultHttpRequest(decodeResult: success, version: HTTP/1.1)
POST /session/7fde73cfa43a5c54b33b4a4b747c3dc3/element HTTP/1.1
User-Agent: selenium/4.1.2 (java windows)
Content-Length: 63
Content-Type: application/json; charset=utf-8
host: localhost:53365
accept: */*

Response DefaultHttpResponse(decodeResult: success, version: HTTP/1.1)
HTTP/1.1 200 OK
Content-Type: application/json; charset=utf-8
cache-control: no-cache
content-length: 88

16:12:28.080 [AsyncHttpClient-1-4] DEBUG org.asynchttpclient.netty.channel.ChannelManager - Adding key: http://localhost:53365 for channel [id: 0x062e5244, L:/127.0.0.1:60566 - R:localhost/127.0.0.1:53365]
16:12:28.086 [Forwarding isElementDisplayed on session 7fde73cfa43a5c54b33b4a4b747c3dc3 to remote] DEBUG org.asynchttpclient.netty.request.NettyRequestSender - Using pooled Channel '[id: 0x062e5244, L:/127.0.0.1:60566 - R:localhost/127.0.0.1:53365]' for 'POST' to 'http://localhost:53365/session/7fde73cfa43a5c54b33b4a4b747c3dc3/execute/sync'
16:12:28.086 [Forwarding isElementDisplayed on session 7fde73cfa43a5c54b33b4a4b747c3dc3 to remote] DEBUG org.asynchttpclient.netty.request.NettyRequestSender - Using open Channel [id: 0x062e5244, L:/127.0.0.1:60566 - R:localhost/127.0.0.1:53365] for POST '/session/7fde73cfa43a5c54b33b4a4b747c3dc3/execute/sync'
16:12:28.132 [AsyncHttpClient-1-4] DEBUG org.asynchttpclient.netty.handler.HttpHandler - 

Request DefaultHttpRequest(decodeResult: success, version: HTTP/1.1)
POST /session/7fde73cfa43a5c54b33b4a4b747c3dc3/execute/sync HTTP/1.1
User-Agent: selenium/4.1.2 (java windows)
Content-Length: 48780
Content-Type: application/json; charset=utf-8
host: localhost:53365
accept: */*

Response DefaultHttpResponse(decodeResult: success, version: HTTP/1.1)
HTTP/1.1 200 OK
Content-Type: application/json; charset=utf-8
cache-control: no-cache
content-length: 14

16:12:28.132 [AsyncHttpClient-1-4] DEBUG org.asynchttpclient.netty.channel.ChannelManager - Adding key: http://localhost:53365 for channel [id: 0x062e5244, L:/127.0.0.1:60566 - R:localhost/127.0.0.1:53365]
16:12:28.140 [Forwarding screenshot on session 7fde73cfa43a5c54b33b4a4b747c3dc3 to remote] DEBUG org.asynchttpclient.netty.request.NettyRequestSender - Using pooled Channel '[id: 0x062e5244, L:/127.0.0.1:60566 - R:localhost/127.0.0.1:53365]' for 'GET' to 'http://localhost:53365/session/7fde73cfa43a5c54b33b4a4b747c3dc3/screenshot'
16:12:28.140 [Forwarding screenshot on session 7fde73cfa43a5c54b33b4a4b747c3dc3 to remote] DEBUG org.asynchttpclient.netty.request.NettyRequestSender - Using open Channel [id: 0x062e5244, L:/127.0.0.1:60566 - R:localhost/127.0.0.1:53365] for GET '/session/7fde73cfa43a5c54b33b4a4b747c3dc3/screenshot'
16:12:28.261 [AsyncHttpClient-1-1] DEBUG org.asynchttpclient.netty.channel.DefaultChannelPool - Entry count for : http://localhost:60567 : 1
16:12:28.339 [AsyncHttpClient-1-4] DEBUG org.asynchttpclient.netty.handler.HttpHandler - 

Request DefaultFullHttpRequest(decodeResult: success, version: HTTP/1.1, content: EmptyByteBufBE)
GET /session/7fde73cfa43a5c54b33b4a4b747c3dc3/screenshot HTTP/1.1
User-Agent: selenium/4.1.2 (java windows)
Cache-Control: no-cache
Content-Type: application/json; charset=utf-8
host: localhost:53365
accept: */*

Response DefaultHttpResponse(decodeResult: success, version: HTTP/1.1)
HTTP/1.1 200 OK
Content-Type: application/json; charset=utf-8
cache-control: no-cache
content-length: 33608

16:12:28.340 [AsyncHttpClient-1-4] DEBUG org.asynchttpclient.netty.channel.ChannelManager - Adding key: http://localhost:53365 for channel [id: 0x062e5244, L:/127.0.0.1:60566 - R:localhost/127.0.0.1:53365]
16:12:28.342 [main] DEBUG net.serenitybdd.core.photography.Darkroom - Send negative for processing for target\site\serenity\eac532be87a0e15a0df0ebd52471898d7f34c5710fe945bd470af500f0d46b34.png
16:12:28.342 [main] DEBUG net.thucydides.core.steps.StepInterceptor - STEP DONE: alertSymbolAppears
16:12:28.343 [Darkroom Processing Line] DEBUG net.serenitybdd.core.photography.DarkroomProcessingLine - Processing screenshot image in /var/screenshots/screenshot-16671487199663367280
16:12:28.343 [Darkroom Processing Line] DEBUG net.serenitybdd.core.photography.DarkroomProcessingLine - Saving screenshot to target\site\serenity\eac532be87a0e15a0df0ebd52471898d7f34c5710fe945bd470af500f0d46b34.png
16:12:28.347 [Forwarding findElement on session 7fde73cfa43a5c54b33b4a4b747c3dc3 to remote] DEBUG org.asynchttpclient.netty.request.NettyRequestSender - Using pooled Channel '[id: 0x062e5244, L:/127.0.0.1:60566 - R:localhost/127.0.0.1:53365]' for 'POST' to 'http://localhost:53365/session/7fde73cfa43a5c54b33b4a4b747c3dc3/element'
16:12:28.348 [Forwarding findElement on session 7fde73cfa43a5c54b33b4a4b747c3dc3 to remote] DEBUG org.asynchttpclient.netty.request.NettyRequestSender - Using open Channel [id: 0x062e5244, L:/127.0.0.1:60566 - R:localhost/127.0.0.1:53365] for POST '/session/7fde73cfa43a5c54b33b4a4b747c3dc3/element'
16:12:28.360 [AsyncHttpClient-1-4] DEBUG org.asynchttpclient.netty.handler.HttpHandler - 

Request DefaultHttpRequest(decodeResult: success, version: HTTP/1.1)
POST /session/7fde73cfa43a5c54b33b4a4b747c3dc3/element HTTP/1.1
User-Agent: selenium/4.1.2 (java windows)
Content-Length: 63
Content-Type: application/json; charset=utf-8
host: localhost:53365
accept: */*

Response DefaultHttpResponse(decodeResult: success, version: HTTP/1.1)
HTTP/1.1 200 OK
Content-Type: application/json; charset=utf-8
cache-control: no-cache
content-length: 88

16:12:28.360 [AsyncHttpClient-1-4] DEBUG org.asynchttpclient.netty.channel.ChannelManager - Adding key: http://localhost:53365 for channel [id: 0x062e5244, L:/127.0.0.1:60566 - R:localhost/127.0.0.1:53365]
16:12:28.361 [Forwarding getElementText on session 7fde73cfa43a5c54b33b4a4b747c3dc3 to remote] DEBUG org.asynchttpclient.netty.request.NettyRequestSender - Using pooled Channel '[id: 0x062e5244, L:/127.0.0.1:60566 - R:localhost/127.0.0.1:53365]' for 'GET' to 'http://localhost:53365/session/7fde73cfa43a5c54b33b4a4b747c3dc3/element/6989bf49-e8fa-42d4-8eeb-73aae7f305d5/text'
16:12:28.361 [Forwarding getElementText on session 7fde73cfa43a5c54b33b4a4b747c3dc3 to remote] DEBUG org.asynchttpclient.netty.request.NettyRequestSender - Using open Channel [id: 0x062e5244, L:/127.0.0.1:60566 - R:localhost/127.0.0.1:53365] for GET '/session/7fde73cfa43a5c54b33b4a4b747c3dc3/element/6989bf49-e8fa-42d4-8eeb-73aae7f305d5/text'
16:12:28.383 [AsyncHttpClient-1-4] DEBUG org.asynchttpclient.netty.handler.HttpHandler - 

Request DefaultFullHttpRequest(decodeResult: success, version: HTTP/1.1, content: EmptyByteBufBE)
GET /session/7fde73cfa43a5c54b33b4a4b747c3dc3/element/6989bf49-e8fa-42d4-8eeb-73aae7f305d5/text HTTP/1.1
User-Agent: selenium/4.1.2 (java windows)
Cache-Control: no-cache
Content-Type: application/json; charset=utf-8
host: localhost:53365
accept: */*

Response DefaultHttpResponse(decodeResult: success, version: HTTP/1.1)
HTTP/1.1 200 OK
Content-Type: application/json; charset=utf-8
cache-control: no-cache
content-length: 12

16:12:28.383 [AsyncHttpClient-1-4] DEBUG org.asynchttpclient.netty.channel.ChannelManager - Adding key: http://localhost:53365 for channel [id: 0x062e5244, L:/127.0.0.1:60566 - R:localhost/127.0.0.1:53365]
  &amp#27;[32mThen &amp#27;[0m&amp#27;[32mI get the &amp#27;[0m&amp#27;[32m&amp#27;[1m"alert message: email is required"&amp#27;[0m &amp#27;[90m# starter.stepdefinitions.RegisterSteps.iGetResult(java.lang.String)&amp#27;[0m
16:12:28.397 [Forwarding screenshot on session 7fde73cfa43a5c54b33b4a4b747c3dc3 to remote] DEBUG org.asynchttpclient.netty.request.NettyRequestSender - Using pooled Channel '[id: 0x062e5244, L:/127.0.0.1:60566 - R:localhost/127.0.0.1:53365]' for 'GET' to 'http://localhost:53365/session/7fde73cfa43a5c54b33b4a4b747c3dc3/screenshot'
16:12:28.397 [Forwarding screenshot on session 7fde73cfa43a5c54b33b4a4b747c3dc3 to remote] DEBUG org.asynchttpclient.netty.request.NettyRequestSender - Using open Channel [id: 0x062e5244, L:/127.0.0.1:60566 - R:localhost/127.0.0.1:53365] for GET '/session/7fde73cfa43a5c54b33b4a4b747c3dc3/screenshot'
16:12:28.569 [AsyncHttpClient-1-4] DEBUG org.asynchttpclient.netty.handler.HttpHandler - 

Request DefaultFullHttpRequest(decodeResult: success, version: HTTP/1.1, content: EmptyByteBufBE)
GET /session/7fde73cfa43a5c54b33b4a4b747c3dc3/screenshot HTTP/1.1
User-Agent: selenium/4.1.2 (java windows)
Cache-Control: no-cache
Content-Type: application/json; charset=utf-8
host: localhost:53365
accept: */*

Response DefaultHttpResponse(decodeResult: success, version: HTTP/1.1)
HTTP/1.1 200 OK
Content-Type: application/json; charset=utf-8
cache-control: no-cache
content-length: 33608

16:12:28.570 [AsyncHttpClient-1-4] DEBUG org.asynchttpclient.netty.channel.ChannelManager - Adding key: http://localhost:53365 for channel [id: 0x062e5244, L:/127.0.0.1:60566 - R:localhost/127.0.0.1:53365]
16:12:28.572 [main] DEBUG net.serenitybdd.core.photography.Darkroom - Send negative for processing for target\site\serenity\eac532be87a0e15a0df0ebd52471898d7f34c5710fe945bd470af500f0d46b34.png
16:12:28.575 [AsyncHttpClient-1-2] DEBUG org.asynchttpclient.netty.handler.WebSocketHandler - Channel Closed: [id: 0x15515b63, L:/127.0.0.1:60574 ! R:localhost/127.0.0.1:60567] with attribute NettyResponseFuture{currentRetry=5,
	isDone=1,
	isCancelled=0,
	asyncHandler=org.asynchttpclient.ws.WebSocketUpgradeHandler@bbf40f4,
	nettyRequest=org.asynchttpclient.netty.request.NettyRequest@7ac9d1f3,
	future=java.util.concurrent.CompletableFuture@5aac7707[Completed normally],
	uri=ws://localhost:60567/devtools/browser/795affc2-0038-496b-88e7-3b05fa7c6b10,
	keepAlive=true,
	redirectCount=0,
	timeoutsHolder=null,
	inAuth=0,
	touch=1652778740955}
16:12:28.575 [AsyncHttpClient-1-2] DEBUG org.asynchttpclient.netty.channel.ChannelManager - Closing Channel [id: 0x15515b63, L:/127.0.0.1:60574 ! R:localhost/127.0.0.1:60567] 
16:12:28.576 [Driver Command Executor] DEBUG org.asynchttpclient.netty.request.NettyRequestSender - Using pooled Channel '[id: 0x062e5244, L:/127.0.0.1:60566 - R:localhost/127.0.0.1:53365]' for 'DELETE' to 'http://localhost:53365/session/7fde73cfa43a5c54b33b4a4b747c3dc3'
16:12:28.576 [Driver Command Executor] DEBUG org.asynchttpclient.netty.request.NettyRequestSender - Using open Channel [id: 0x062e5244, L:/127.0.0.1:60566 - R:localhost/127.0.0.1:53365] for DELETE '/session/7fde73cfa43a5c54b33b4a4b747c3dc3'
16:12:28.826 [AsyncHttpClient-1-5] DEBUG org.asynchttpclient.netty.handler.HttpHandler - Unexpected I/O exception on channel [id: 0x54ea8849, L:/127.0.0.1:60573 - R:localhost/127.0.0.1:60567]
java.net.SocketException: Connection reset
	at java.base/sun.nio.ch.SocketChannelImpl.throwConnectionReset(SocketChannelImpl.java:367)
	at java.base/sun.nio.ch.SocketChannelImpl.read(SocketChannelImpl.java:398)
	at io.netty.buffer.PooledByteBuf.setBytes(PooledByteBuf.java:258)
	at io.netty.buffer.AbstractByteBuf.writeBytes(AbstractByteBuf.java:1132)
	at io.netty.channel.socket.nio.NioSocketChannel.doReadBytes(NioSocketChannel.java:350)
	at io.netty.channel.nio.AbstractNioByteChannel$NioByteUnsafe.read(AbstractNioByteChannel.java:151)
	at io.netty.channel.nio.NioEventLoop.processSelectedKey(NioEventLoop.java:722)
	at io.netty.channel.nio.NioEventLoop.processSelectedKeysOptimized(NioEventLoop.java:658)
	at io.netty.channel.nio.NioEventLoop.processSelectedKeys(NioEventLoop.java:584)
	at io.netty.channel.nio.NioEventLoop.run(NioEventLoop.java:496)
	at io.netty.util.concurrent.SingleThreadEventExecutor$4.run(SingleThreadEventExecutor.java:986)
	at io.netty.util.internal.ThreadExecutorMap$2.run(ThreadExecutorMap.java:74)
	at io.netty.util.concurrent.FastThreadLocalRunnable.run(FastThreadLocalRunnable.java:30)
	at java.base/java.lang.Thread.run(Thread.java:832)
16:12:28.827 [AsyncHttpClient-1-5] DEBUG org.asynchttpclient.netty.channel.ChannelManager - Closing Channel [id: 0x54ea8849, L:/127.0.0.1:60573 - R:localhost/127.0.0.1:60567] 
16:12:28.827 [AsyncHttpClient-1-5] DEBUG org.asynchttpclient.netty.handler.HttpHandler - Channel Closed: [id: 0x54ea8849, L:/127.0.0.1:60573 ! R:localhost/127.0.0.1:60567] with attribute DISCARD
16:12:28.861 [AsyncHttpClient-1-4] DEBUG org.asynchttpclient.netty.handler.HttpHandler - 

Request DefaultFullHttpRequest(decodeResult: success, version: HTTP/1.1, content: EmptyByteBufBE)
DELETE /session/7fde73cfa43a5c54b33b4a4b747c3dc3 HTTP/1.1
User-Agent: selenium/4.1.2 (java windows)
Content-Type: application/json; charset=utf-8
host: localhost:53365
accept: */*

Response DefaultHttpResponse(decodeResult: success, version: HTTP/1.1)
HTTP/1.1 200 OK
Content-Type: application/json; charset=utf-8
cache-control: no-cache
content-length: 14

16:12:28.862 [AsyncHttpClient-1-4] DEBUG org.asynchttpclient.netty.channel.ChannelManager - Adding key: http://localhost:53365 for channel [id: 0x062e5244, L:/127.0.0.1:60566 - R:localhost/127.0.0.1:53365]
16:12:29.315 [AsyncHttpClient-1-4] DEBUG org.asynchttpclient.netty.handler.HttpHandler - Channel Closed: [id: 0x062e5244, L:/127.0.0.1:60566 ! R:localhost/127.0.0.1:53365] with attribute DISCARD
16:12:29.337 [AsyncHttpClient-1-1] DEBUG org.asynchttpclient.netty.channel.DefaultChannelPool - Entry count for : http://localhost:53365 : 1
16:12:29.337 [AsyncHttpClient-1-1] DEBUG org.asynchttpclient.netty.channel.DefaultChannelPool - Entry count for : http://localhost:60567 : 1
16:12:29.337 [AsyncHttpClient-1-1] DEBUG org.asynchttpclient.netty.channel.DefaultChannelPool - Adding Candidate expired Channel [id: 0x062e5244, L:/127.0.0.1:60566 ! R:localhost/127.0.0.1:53365] isIdleTimeoutExpired=false isRemotelyClosed=true isTtlExpired=false
16:12:29.337 [AsyncHttpClient-1-1] DEBUG org.asynchttpclient.netty.channel.DefaultChannelPool - Closing Idle Channel [id: 0x062e5244, L:/127.0.0.1:60566 ! R:localhost/127.0.0.1:53365]
16:12:29.338 [AsyncHttpClient-1-1] DEBUG org.asynchttpclient.netty.channel.DefaultChannelPool - Adding Candidate expired Channel [id: 0x54ea8849, L:/127.0.0.1:60573 ! R:localhost/127.0.0.1:60567] isIdleTimeoutExpired=false isRemotelyClosed=true isTtlExpired=false
16:12:29.338 [AsyncHttpClient-1-1] DEBUG org.asynchttpclient.netty.channel.DefaultChannelPool - Closing Idle Channel [id: 0x54ea8849, L:/127.0.0.1:60573 ! R:localhost/127.0.0.1:60567]
16:12:29.338 [AsyncHttpClient-1-1] DEBUG org.asynchttpclient.netty.channel.DefaultChannelPool - Closed 2 connections out of 2 in 1 ms
]]></system-out>
    <system-err><![CDATA[Starting ChromeDriver 100.0.4896.60 (6a5d10861ce8de5fce22564658033b43cb7de047-refs/branch-heads/4896@{#875}) on port 53365
Only local connections are allowed.
Please see https://chromedriver.chromium.org/security-considerations for suggestions on keeping ChromeDriver safe.
ChromeDriver was started successfully.
[1652778740.587][WARNING]: This version of ChromeDriver has not been tested with Chrome version 101.
May 17, 2022 4:12:20 PM org.openqa.selenium.remote.ProtocolHandshake createSession
INFO: Detected dialect: W3C
May 17, 2022 4:12:20 PM org.openqa.selenium.devtools.CdpVersionFinder findNearestMatch
WARNING: Unable to find an exact match for CDP version 101, so returning the closest version found: 97
May 17, 2022 4:12:20 PM org.openqa.selenium.devtools.CdpVersionFinder findNearestMatch
INFO: Found CDP implementation for version 101 of 97
]]></system-err>
  </testcase>
  <testcase name="Register #6" classname="Register" time="12.231">
    <system-out><![CDATA[
Scenario Outline: Register                             &amp#27;[90m# src/test/resources/features/Register.feature:21&amp#27;[0m
16:12:29.862 [main] INFO io.cucumber.core.plugin.SerenityReporter - Running feature from file:///C:/Users/ponda/Documents/Final_Project/Final_Web/src/test/resources/features/Register.feature
16:12:29.961 [main] DEBUG net.thucydides.core.steps.StepInterceptor - STARTING STEP: RegisterSteps.onRegisterPage - openRegisURL
16:12:29.964 [main] INFO net.serenitybdd.core.webdriver.driverproviders.ChromeDriverProvider - Using automatically driver download
16:12:30.365 [main] DEBUG io.github.bonigarcia.wdm.cache.ResolutionCache - Resolution chrome=101 in cache (valid until 17:04:06 17/05/2022 WIB)
16:12:30.376 [main] DEBUG io.github.bonigarcia.wdm.cache.ResolutionCache - Resolution chrome101=101.0.4951.41 in cache (valid until 16:04:06 18/05/2022 WIB)
16:12:30.381 [main] INFO io.github.bonigarcia.wdm.WebDriverManager - Using chromedriver 101.0.4951.41 (resolved driver for Chrome 101)
16:12:30.416 [main] DEBUG io.github.bonigarcia.wdm.WebDriverManager - Driver chromedriver 101.0.4951.41 found in cache
16:12:30.418 [main] INFO io.github.bonigarcia.wdm.WebDriverManager - Exporting webdriver.chrome.driver as C:\Users\ponda\.cache\selenium\chromedriver\win32\101.0.4951.41\chromedriver.exe
16:12:30.641 [main] DEBUG net.serenitybdd.core.webdriver.driverproviders.ProvideNewDriver - Instantiating driver
16:12:30.641 [main] DEBUG net.serenitybdd.core.webdriver.driverproviders.ProvideNewDriver - Driver capabilities: Capabilities {acceptInsecureCerts: false, base.url: https://qa.alta.id, browserName: chrome, chrome.driver: src/test/resources/webdrive..., driver: chrome, goog:chromeOptions: {args: [], extensions: []}}
16:12:31.204 [AsyncHttpClient-1-3] DEBUG org.asynchttpclient.netty.channel.NettyConnectListener - Using new Channel '[id: 0xc9b1454b, L:/127.0.0.1:60596 - R:localhost/127.0.0.1:64457]' for 'POST' to '/session'
16:12:34.016 [AsyncHttpClient-1-3] DEBUG org.asynchttpclient.netty.handler.HttpHandler - 

Request DefaultHttpRequest(decodeResult: success, version: HTTP/1.1)
POST /session HTTP/1.1
User-Agent: selenium/4.1.2 (java windows)
Content-Length: 599
Content-Type: application/json; charset=utf-8
host: localhost:64457
accept: */*

Response DefaultHttpResponse(decodeResult: success, version: HTTP/1.1)
HTTP/1.1 200 OK
Content-Type: application/json; charset=utf-8
cache-control: no-cache
content-length: 789

16:12:34.016 [AsyncHttpClient-1-3] DEBUG org.asynchttpclient.netty.channel.ChannelManager - Adding key: http://localhost:64457 for channel [id: 0xc9b1454b, L:/127.0.0.1:60596 - R:localhost/127.0.0.1:64457]
16:12:34.052 [AsyncHttpClient-1-4] DEBUG org.asynchttpclient.netty.channel.NettyConnectListener - Using new Channel '[id: 0x189aca68, L:/127.0.0.1:60603 - R:localhost/127.0.0.1:60597]' for 'GET' to '/json/version'
16:12:34.056 [AsyncHttpClient-1-4] DEBUG org.asynchttpclient.netty.handler.HttpHandler - 

Request DefaultFullHttpRequest(decodeResult: success, version: HTTP/1.1, content: EmptyByteBufBE)
GET /json/version HTTP/1.1
User-Agent: selenium/4.1.2 (java windows)
host: localhost:60597
accept: */*

Response DefaultHttpResponse(decodeResult: success, version: HTTP/1.1)
HTTP/1.1 200 OK
Content-Type: application/json; charset=UTF-8
content-length: 427

16:12:34.056 [AsyncHttpClient-1-4] DEBUG org.asynchttpclient.netty.channel.ChannelManager - Adding key: http://localhost:60597 for channel [id: 0x189aca68, L:/127.0.0.1:60603 - R:localhost/127.0.0.1:60597]
16:12:34.064 [AsyncHttpClient-1-5] DEBUG org.asynchttpclient.netty.channel.NettyConnectListener - Using new Channel '[id: 0x8785e308, L:/127.0.0.1:60604 - R:localhost/127.0.0.1:60597]' for 'GET' to '/devtools/browser/c5af1dbf-3ba6-4cc3-8024-f1120b9e6d4a'
16:12:34.065 [AsyncHttpClient-1-5] DEBUG org.asynchttpclient.netty.handler.WebSocketHandler - 

Request DefaultFullHttpRequest(decodeResult: success, version: HTTP/1.1, content: EmptyByteBufBE)
GET /devtools/browser/c5af1dbf-3ba6-4cc3-8024-f1120b9e6d4a HTTP/1.1
upgrade: websocket
connection: upgrade
sec-websocket-key: exexiblYthFCxJGXEw2F5w==
sec-websocket-version: 13
origin: http://localhost:60597
host: localhost:60597
accept: */*
user-agent: AHC/2.1

Response DefaultHttpResponse(decodeResult: success, version: HTTP/1.1)
HTTP/1.1 101 WebSocket Protocol Handshake
Upgrade: WebSocket
Connection: Upgrade
Sec-WebSocket-Accept: DMcAReF+hwrpxI8d5WncwsyAED0=

16:12:34.088 [Forwarding maximizeCurrentWindow on session 0b2ee04eb5596c6d8faa61a8ddb5f220 to remote] DEBUG org.asynchttpclient.netty.request.NettyRequestSender - Using pooled Channel '[id: 0xc9b1454b, L:/127.0.0.1:60596 - R:localhost/127.0.0.1:64457]' for 'POST' to 'http://localhost:64457/session/0b2ee04eb5596c6d8faa61a8ddb5f220/window/maximize'
16:12:34.088 [Forwarding maximizeCurrentWindow on session 0b2ee04eb5596c6d8faa61a8ddb5f220 to remote] DEBUG org.asynchttpclient.netty.request.NettyRequestSender - Using open Channel [id: 0xc9b1454b, L:/127.0.0.1:60596 - R:localhost/127.0.0.1:64457] for POST '/session/0b2ee04eb5596c6d8faa61a8ddb5f220/window/maximize'
16:12:34.127 [AsyncHttpClient-1-1] DEBUG org.asynchttpclient.netty.channel.DefaultChannelPool - Entry count for : http://localhost:60597 : 1
16:12:34.334 [AsyncHttpClient-1-3] DEBUG org.asynchttpclient.netty.handler.HttpHandler - 

Request DefaultHttpRequest(decodeResult: success, version: HTTP/1.1)
POST /session/0b2ee04eb5596c6d8faa61a8ddb5f220/window/maximize HTTP/1.1
User-Agent: selenium/4.1.2 (java windows)
Content-Length: 3
Content-Type: application/json; charset=utf-8
host: localhost:64457
accept: */*

Response DefaultHttpResponse(decodeResult: success, version: HTTP/1.1)
HTTP/1.1 200 OK
Content-Type: application/json; charset=utf-8
cache-control: no-cache
content-length: 51

16:12:34.334 [AsyncHttpClient-1-3] DEBUG org.asynchttpclient.netty.channel.ChannelManager - Adding key: http://localhost:64457 for channel [id: 0xc9b1454b, L:/127.0.0.1:60596 - R:localhost/127.0.0.1:64457]
16:12:34.336 [Forwarding get on session 0b2ee04eb5596c6d8faa61a8ddb5f220 to remote] DEBUG org.asynchttpclient.netty.request.NettyRequestSender - Using pooled Channel '[id: 0xc9b1454b, L:/127.0.0.1:60596 - R:localhost/127.0.0.1:64457]' for 'POST' to 'http://localhost:64457/session/0b2ee04eb5596c6d8faa61a8ddb5f220/url'
16:12:34.336 [Forwarding get on session 0b2ee04eb5596c6d8faa61a8ddb5f220 to remote] DEBUG org.asynchttpclient.netty.request.NettyRequestSender - Using open Channel [id: 0xc9b1454b, L:/127.0.0.1:60596 - R:localhost/127.0.0.1:64457] for POST '/session/0b2ee04eb5596c6d8faa61a8ddb5f220/url'
16:12:35.244 [AsyncHttpClient-1-1] DEBUG org.asynchttpclient.netty.channel.DefaultChannelPool - Entry count for : http://localhost:60597 : 1
16:12:36.128 [AsyncHttpClient-1-3] DEBUG org.asynchttpclient.netty.handler.HttpHandler - 

Request DefaultHttpRequest(decodeResult: success, version: HTTP/1.1)
POST /session/0b2ee04eb5596c6d8faa61a8ddb5f220/url HTTP/1.1
User-Agent: selenium/4.1.2 (java windows)
Content-Length: 67
Content-Type: application/json; charset=utf-8
host: localhost:64457
accept: */*

Response DefaultHttpResponse(decodeResult: success, version: HTTP/1.1)
HTTP/1.1 200 OK
Content-Type: application/json; charset=utf-8
cache-control: no-cache
content-length: 14

16:12:36.128 [AsyncHttpClient-1-3] DEBUG org.asynchttpclient.netty.channel.ChannelManager - Adding key: http://localhost:64457 for channel [id: 0xc9b1454b, L:/127.0.0.1:60596 - R:localhost/127.0.0.1:64457]
16:12:36.147 [Forwarding setTimeout on session 0b2ee04eb5596c6d8faa61a8ddb5f220 to remote] DEBUG org.asynchttpclient.netty.request.NettyRequestSender - Using pooled Channel '[id: 0xc9b1454b, L:/127.0.0.1:60596 - R:localhost/127.0.0.1:64457]' for 'POST' to 'http://localhost:64457/session/0b2ee04eb5596c6d8faa61a8ddb5f220/timeouts'
16:12:36.147 [Forwarding setTimeout on session 0b2ee04eb5596c6d8faa61a8ddb5f220 to remote] DEBUG org.asynchttpclient.netty.request.NettyRequestSender - Using open Channel [id: 0xc9b1454b, L:/127.0.0.1:60596 - R:localhost/127.0.0.1:64457] for POST '/session/0b2ee04eb5596c6d8faa61a8ddb5f220/timeouts'
16:12:36.231 [AsyncHttpClient-1-3] DEBUG org.asynchttpclient.netty.handler.HttpHandler - 

Request DefaultHttpRequest(decodeResult: success, version: HTTP/1.1)
POST /session/0b2ee04eb5596c6d8faa61a8ddb5f220/timeouts HTTP/1.1
User-Agent: selenium/4.1.2 (java windows)
Content-Length: 22
Content-Type: application/json; charset=utf-8
host: localhost:64457
accept: */*

Response DefaultHttpResponse(decodeResult: success, version: HTTP/1.1)
HTTP/1.1 200 OK
Content-Type: application/json; charset=utf-8
cache-control: no-cache
content-length: 14

16:12:36.231 [AsyncHttpClient-1-3] DEBUG org.asynchttpclient.netty.channel.ChannelManager - Adding key: http://localhost:64457 for channel [id: 0xc9b1454b, L:/127.0.0.1:60596 - R:localhost/127.0.0.1:64457]
16:12:36.236 [Forwarding getCurrentUrl on session 0b2ee04eb5596c6d8faa61a8ddb5f220 to remote] DEBUG org.asynchttpclient.netty.request.NettyRequestSender - Using pooled Channel '[id: 0xc9b1454b, L:/127.0.0.1:60596 - R:localhost/127.0.0.1:64457]' for 'GET' to 'http://localhost:64457/session/0b2ee04eb5596c6d8faa61a8ddb5f220/url'
16:12:36.236 [Forwarding getCurrentUrl on session 0b2ee04eb5596c6d8faa61a8ddb5f220 to remote] DEBUG org.asynchttpclient.netty.request.NettyRequestSender - Using open Channel [id: 0xc9b1454b, L:/127.0.0.1:60596 - R:localhost/127.0.0.1:64457] for GET '/session/0b2ee04eb5596c6d8faa61a8ddb5f220/url'
16:12:36.250 [AsyncHttpClient-1-3] DEBUG org.asynchttpclient.netty.handler.HttpHandler - 

Request DefaultFullHttpRequest(decodeResult: success, version: HTTP/1.1, content: EmptyByteBufBE)
GET /session/0b2ee04eb5596c6d8faa61a8ddb5f220/url HTTP/1.1
User-Agent: selenium/4.1.2 (java windows)
Cache-Control: no-cache
Content-Type: application/json; charset=utf-8
host: localhost:64457
accept: */*

Response DefaultHttpResponse(decodeResult: success, version: HTTP/1.1)
HTTP/1.1 200 OK
Content-Type: application/json; charset=utf-8
cache-control: no-cache
content-length: 44

16:12:36.250 [AsyncHttpClient-1-3] DEBUG org.asynchttpclient.netty.channel.ChannelManager - Adding key: http://localhost:64457 for channel [id: 0xc9b1454b, L:/127.0.0.1:60596 - R:localhost/127.0.0.1:64457]
16:12:36.271 [Forwarding screenshot on session 0b2ee04eb5596c6d8faa61a8ddb5f220 to remote] DEBUG org.asynchttpclient.netty.request.NettyRequestSender - Using pooled Channel '[id: 0xc9b1454b, L:/127.0.0.1:60596 - R:localhost/127.0.0.1:64457]' for 'GET' to 'http://localhost:64457/session/0b2ee04eb5596c6d8faa61a8ddb5f220/screenshot'
16:12:36.271 [Forwarding screenshot on session 0b2ee04eb5596c6d8faa61a8ddb5f220 to remote] DEBUG org.asynchttpclient.netty.request.NettyRequestSender - Using open Channel [id: 0xc9b1454b, L:/127.0.0.1:60596 - R:localhost/127.0.0.1:64457] for GET '/session/0b2ee04eb5596c6d8faa61a8ddb5f220/screenshot'
16:12:36.355 [AsyncHttpClient-1-1] DEBUG org.asynchttpclient.netty.channel.DefaultChannelPool - Entry count for : http://localhost:60597 : 1
16:12:36.869 [AsyncHttpClient-1-3] DEBUG org.asynchttpclient.netty.handler.HttpHandler - 

Request DefaultFullHttpRequest(decodeResult: success, version: HTTP/1.1, content: EmptyByteBufBE)
GET /session/0b2ee04eb5596c6d8faa61a8ddb5f220/screenshot HTTP/1.1
User-Agent: selenium/4.1.2 (java windows)
Cache-Control: no-cache
Content-Type: application/json; charset=utf-8
host: localhost:64457
accept: */*

Response DefaultHttpResponse(decodeResult: success, version: HTTP/1.1)
HTTP/1.1 200 OK
Content-Type: application/json; charset=utf-8
cache-control: no-cache
content-length: 30072

16:12:36.869 [AsyncHttpClient-1-3] DEBUG org.asynchttpclient.netty.channel.ChannelManager - Adding key: http://localhost:64457 for channel [id: 0xc9b1454b, L:/127.0.0.1:60596 - R:localhost/127.0.0.1:64457]
16:12:36.872 [main] DEBUG net.serenitybdd.core.photography.Darkroom - Send negative for processing for target\site\serenity\c90d416f89a57edc1d87ebe5454e02f8b3ea83905edd389a5c97ffd3bf9e7a49.png
16:12:36.873 [main] DEBUG net.thucydides.core.steps.StepInterceptor - STEP DONE: openRegisURL
  &amp#27;[32mGiven &amp#27;[0m&amp#27;[32mI am on register page&amp#27;[0m                          &amp#27;[90m# starter.stepdefinitions.RegisterSteps.onRegisterPage()&amp#27;[0m
16:12:36.898 [main] DEBUG net.thucydides.core.steps.StepInterceptor - STARTING STEP: RegisterSteps.inputNamaLengkap - inputNamaLengkap
16:12:36.902 [Forwarding findElement on session 0b2ee04eb5596c6d8faa61a8ddb5f220 to remote] DEBUG org.asynchttpclient.netty.request.NettyRequestSender - Using pooled Channel '[id: 0xc9b1454b, L:/127.0.0.1:60596 - R:localhost/127.0.0.1:64457]' for 'POST' to 'http://localhost:64457/session/0b2ee04eb5596c6d8faa61a8ddb5f220/element'
16:12:36.903 [Forwarding findElement on session 0b2ee04eb5596c6d8faa61a8ddb5f220 to remote] DEBUG org.asynchttpclient.netty.request.NettyRequestSender - Using open Channel [id: 0xc9b1454b, L:/127.0.0.1:60596 - R:localhost/127.0.0.1:64457] for POST '/session/0b2ee04eb5596c6d8faa61a8ddb5f220/element'
16:12:36.927 [AsyncHttpClient-1-3] DEBUG org.asynchttpclient.netty.handler.HttpHandler - 

Request DefaultHttpRequest(decodeResult: success, version: HTTP/1.1)
POST /session/0b2ee04eb5596c6d8faa61a8ddb5f220/element HTTP/1.1
User-Agent: selenium/4.1.2 (java windows)
Content-Length: 93
Content-Type: application/json; charset=utf-8
host: localhost:64457
accept: */*

Response DefaultHttpResponse(decodeResult: success, version: HTTP/1.1)
HTTP/1.1 200 OK
Content-Type: application/json; charset=utf-8
cache-control: no-cache
content-length: 88

16:12:36.927 [AsyncHttpClient-1-3] DEBUG org.asynchttpclient.netty.channel.ChannelManager - Adding key: http://localhost:64457 for channel [id: 0xc9b1454b, L:/127.0.0.1:60596 - R:localhost/127.0.0.1:64457]
16:12:36.929 [Forwarding clearElement on session 0b2ee04eb5596c6d8faa61a8ddb5f220 to remote] DEBUG org.asynchttpclient.netty.request.NettyRequestSender - Using pooled Channel '[id: 0xc9b1454b, L:/127.0.0.1:60596 - R:localhost/127.0.0.1:64457]' for 'POST' to 'http://localhost:64457/session/0b2ee04eb5596c6d8faa61a8ddb5f220/element/a8e8a83d-82aa-4a27-9666-124d70ceafa3/clear'
16:12:36.929 [Forwarding clearElement on session 0b2ee04eb5596c6d8faa61a8ddb5f220 to remote] DEBUG org.asynchttpclient.netty.request.NettyRequestSender - Using open Channel [id: 0xc9b1454b, L:/127.0.0.1:60596 - R:localhost/127.0.0.1:64457] for POST '/session/0b2ee04eb5596c6d8faa61a8ddb5f220/element/a8e8a83d-82aa-4a27-9666-124d70ceafa3/clear'
16:12:36.996 [AsyncHttpClient-1-3] DEBUG org.asynchttpclient.netty.handler.HttpHandler - 

Request DefaultHttpRequest(decodeResult: success, version: HTTP/1.1)
POST /session/0b2ee04eb5596c6d8faa61a8ddb5f220/element/a8e8a83d-82aa-4a27-9666-124d70ceafa3/clear HTTP/1.1
User-Agent: selenium/4.1.2 (java windows)
Content-Length: 50
Content-Type: application/json; charset=utf-8
host: localhost:64457
accept: */*

Response DefaultHttpResponse(decodeResult: success, version: HTTP/1.1)
HTTP/1.1 200 OK
Content-Type: application/json; charset=utf-8
cache-control: no-cache
content-length: 14

16:12:36.996 [AsyncHttpClient-1-3] DEBUG org.asynchttpclient.netty.channel.ChannelManager - Adding key: http://localhost:64457 for channel [id: 0xc9b1454b, L:/127.0.0.1:60596 - R:localhost/127.0.0.1:64457]
16:12:36.999 [Forwarding sendKeysToElement on session 0b2ee04eb5596c6d8faa61a8ddb5f220 to remote] DEBUG org.asynchttpclient.netty.request.NettyRequestSender - Using pooled Channel '[id: 0xc9b1454b, L:/127.0.0.1:60596 - R:localhost/127.0.0.1:64457]' for 'POST' to 'http://localhost:64457/session/0b2ee04eb5596c6d8faa61a8ddb5f220/element/a8e8a83d-82aa-4a27-9666-124d70ceafa3/value'
16:12:36.999 [Forwarding sendKeysToElement on session 0b2ee04eb5596c6d8faa61a8ddb5f220 to remote] DEBUG org.asynchttpclient.netty.request.NettyRequestSender - Using open Channel [id: 0xc9b1454b, L:/127.0.0.1:60596 - R:localhost/127.0.0.1:64457] for POST '/session/0b2ee04eb5596c6d8faa61a8ddb5f220/element/a8e8a83d-82aa-4a27-9666-124d70ceafa3/value'
16:12:37.375 [AsyncHttpClient-1-3] DEBUG org.asynchttpclient.netty.handler.HttpHandler - 

Request DefaultHttpRequest(decodeResult: success, version: HTTP/1.1)
POST /session/0b2ee04eb5596c6d8faa61a8ddb5f220/element/a8e8a83d-82aa-4a27-9666-124d70ceafa3/value HTTP/1.1
User-Agent: selenium/4.1.2 (java windows)
Content-Length: 171
Content-Type: application/json; charset=utf-8
host: localhost:64457
accept: */*

Response DefaultHttpResponse(decodeResult: success, version: HTTP/1.1)
HTTP/1.1 200 OK
Content-Type: application/json; charset=utf-8
cache-control: no-cache
content-length: 14

16:12:37.375 [AsyncHttpClient-1-3] DEBUG org.asynchttpclient.netty.channel.ChannelManager - Adding key: http://localhost:64457 for channel [id: 0xc9b1454b, L:/127.0.0.1:60596 - R:localhost/127.0.0.1:64457]
16:12:37.393 [Forwarding screenshot on session 0b2ee04eb5596c6d8faa61a8ddb5f220 to remote] DEBUG org.asynchttpclient.netty.request.NettyRequestSender - Using pooled Channel '[id: 0xc9b1454b, L:/127.0.0.1:60596 - R:localhost/127.0.0.1:64457]' for 'GET' to 'http://localhost:64457/session/0b2ee04eb5596c6d8faa61a8ddb5f220/screenshot'
16:12:37.393 [Forwarding screenshot on session 0b2ee04eb5596c6d8faa61a8ddb5f220 to remote] DEBUG org.asynchttpclient.netty.request.NettyRequestSender - Using open Channel [id: 0xc9b1454b, L:/127.0.0.1:60596 - R:localhost/127.0.0.1:64457] for GET '/session/0b2ee04eb5596c6d8faa61a8ddb5f220/screenshot'
16:12:37.451 [AsyncHttpClient-1-1] DEBUG org.asynchttpclient.netty.channel.DefaultChannelPool - Entry count for : http://localhost:60597 : 1
16:12:37.711 [AsyncHttpClient-1-3] DEBUG org.asynchttpclient.netty.handler.HttpHandler - 

Request DefaultFullHttpRequest(decodeResult: success, version: HTTP/1.1, content: EmptyByteBufBE)
GET /session/0b2ee04eb5596c6d8faa61a8ddb5f220/screenshot HTTP/1.1
User-Agent: selenium/4.1.2 (java windows)
Cache-Control: no-cache
Content-Type: application/json; charset=utf-8
host: localhost:64457
accept: */*

Response DefaultHttpResponse(decodeResult: success, version: HTTP/1.1)
HTTP/1.1 200 OK
Content-Type: application/json; charset=utf-8
cache-control: no-cache
content-length: 31068

16:12:37.711 [AsyncHttpClient-1-3] DEBUG org.asynchttpclient.netty.channel.ChannelManager - Adding key: http://localhost:64457 for channel [id: 0xc9b1454b, L:/127.0.0.1:60596 - R:localhost/127.0.0.1:64457]
16:12:37.715 [main] DEBUG net.serenitybdd.core.photography.Darkroom - Send negative for processing for target\site\serenity\b94843f5295db7436e382f7fb5978a572e4671b6bbe335e03c77a7394b8951dd.png
16:12:37.716 [Darkroom Processing Line] DEBUG net.serenitybdd.core.photography.DarkroomProcessingLine - Processing screenshot image in /var/screenshots/screenshot-6860754169217579166
16:12:37.716 [Darkroom Processing Line] DEBUG net.serenitybdd.core.photography.DarkroomProcessingLine - Saving screenshot to target\site\serenity\b94843f5295db7436e382f7fb5978a572e4671b6bbe335e03c77a7394b8951dd.png
16:12:37.718 [main] DEBUG net.thucydides.core.steps.StepInterceptor - STEP DONE: inputNamaLengkap
  &amp#27;[32mWhen &amp#27;[0m&amp#27;[32mI input fullname &amp#27;[0m&amp#27;[32m&amp#27;[1m"Kim Jisoo"&amp#27;[0m                    &amp#27;[90m# starter.stepdefinitions.RegisterSteps.inputNamaLengkap(java.lang.String)&amp#27;[0m
16:12:37.759 [main] DEBUG net.thucydides.core.steps.StepInterceptor - STARTING STEP: RegisterSteps.iInputEmail - inputEmailForRegist
16:12:37.766 [Forwarding findElement on session 0b2ee04eb5596c6d8faa61a8ddb5f220 to remote] DEBUG org.asynchttpclient.netty.request.NettyRequestSender - Using pooled Channel '[id: 0xc9b1454b, L:/127.0.0.1:60596 - R:localhost/127.0.0.1:64457]' for 'POST' to 'http://localhost:64457/session/0b2ee04eb5596c6d8faa61a8ddb5f220/element'
16:12:37.766 [Forwarding findElement on session 0b2ee04eb5596c6d8faa61a8ddb5f220 to remote] DEBUG org.asynchttpclient.netty.request.NettyRequestSender - Using open Channel [id: 0xc9b1454b, L:/127.0.0.1:60596 - R:localhost/127.0.0.1:64457] for POST '/session/0b2ee04eb5596c6d8faa61a8ddb5f220/element'
16:12:37.797 [AsyncHttpClient-1-3] DEBUG org.asynchttpclient.netty.handler.HttpHandler - 

Request DefaultHttpRequest(decodeResult: success, version: HTTP/1.1)
POST /session/0b2ee04eb5596c6d8faa61a8ddb5f220/element HTTP/1.1
User-Agent: selenium/4.1.2 (java windows)
Content-Length: 86
Content-Type: application/json; charset=utf-8
host: localhost:64457
accept: */*

Response DefaultHttpResponse(decodeResult: success, version: HTTP/1.1)
HTTP/1.1 200 OK
Content-Type: application/json; charset=utf-8
cache-control: no-cache
content-length: 88

16:12:37.797 [AsyncHttpClient-1-3] DEBUG org.asynchttpclient.netty.channel.ChannelManager - Adding key: http://localhost:64457 for channel [id: 0xc9b1454b, L:/127.0.0.1:60596 - R:localhost/127.0.0.1:64457]
16:12:37.829 [Forwarding clearElement on session 0b2ee04eb5596c6d8faa61a8ddb5f220 to remote] DEBUG org.asynchttpclient.netty.request.NettyRequestSender - Using pooled Channel '[id: 0xc9b1454b, L:/127.0.0.1:60596 - R:localhost/127.0.0.1:64457]' for 'POST' to 'http://localhost:64457/session/0b2ee04eb5596c6d8faa61a8ddb5f220/element/d74186ab-c8cd-4b5d-be4f-c7ccd395ec4f/clear'
16:12:37.829 [Forwarding clearElement on session 0b2ee04eb5596c6d8faa61a8ddb5f220 to remote] DEBUG org.asynchttpclient.netty.request.NettyRequestSender - Using open Channel [id: 0xc9b1454b, L:/127.0.0.1:60596 - R:localhost/127.0.0.1:64457] for POST '/session/0b2ee04eb5596c6d8faa61a8ddb5f220/element/d74186ab-c8cd-4b5d-be4f-c7ccd395ec4f/clear'
16:12:37.928 [AsyncHttpClient-1-3] DEBUG org.asynchttpclient.netty.handler.HttpHandler - 

Request DefaultHttpRequest(decodeResult: success, version: HTTP/1.1)
POST /session/0b2ee04eb5596c6d8faa61a8ddb5f220/element/d74186ab-c8cd-4b5d-be4f-c7ccd395ec4f/clear HTTP/1.1
User-Agent: selenium/4.1.2 (java windows)
Content-Length: 50
Content-Type: application/json; charset=utf-8
host: localhost:64457
accept: */*

Response DefaultHttpResponse(decodeResult: success, version: HTTP/1.1)
HTTP/1.1 200 OK
Content-Type: application/json; charset=utf-8
cache-control: no-cache
content-length: 14

16:12:37.928 [AsyncHttpClient-1-3] DEBUG org.asynchttpclient.netty.channel.ChannelManager - Adding key: http://localhost:64457 for channel [id: 0xc9b1454b, L:/127.0.0.1:60596 - R:localhost/127.0.0.1:64457]
16:12:37.932 [Forwarding sendKeysToElement on session 0b2ee04eb5596c6d8faa61a8ddb5f220 to remote] DEBUG org.asynchttpclient.netty.request.NettyRequestSender - Using pooled Channel '[id: 0xc9b1454b, L:/127.0.0.1:60596 - R:localhost/127.0.0.1:64457]' for 'POST' to 'http://localhost:64457/session/0b2ee04eb5596c6d8faa61a8ddb5f220/element/d74186ab-c8cd-4b5d-be4f-c7ccd395ec4f/value'
16:12:37.932 [Forwarding sendKeysToElement on session 0b2ee04eb5596c6d8faa61a8ddb5f220 to remote] DEBUG org.asynchttpclient.netty.request.NettyRequestSender - Using open Channel [id: 0xc9b1454b, L:/127.0.0.1:60596 - R:localhost/127.0.0.1:64457] for POST '/session/0b2ee04eb5596c6d8faa61a8ddb5f220/element/d74186ab-c8cd-4b5d-be4f-c7ccd395ec4f/value'
16:12:38.411 [AsyncHttpClient-1-3] DEBUG org.asynchttpclient.netty.handler.HttpHandler - 

Request DefaultHttpRequest(decodeResult: success, version: HTTP/1.1)
POST /session/0b2ee04eb5596c6d8faa61a8ddb5f220/element/d74186ab-c8cd-4b5d-be4f-c7ccd395ec4f/value HTTP/1.1
User-Agent: selenium/4.1.2 (java windows)
Content-Length: 251
Content-Type: application/json; charset=utf-8
host: localhost:64457
accept: */*

Response DefaultHttpResponse(decodeResult: success, version: HTTP/1.1)
HTTP/1.1 200 OK
Content-Type: application/json; charset=utf-8
cache-control: no-cache
content-length: 14

16:12:38.412 [AsyncHttpClient-1-3] DEBUG org.asynchttpclient.netty.channel.ChannelManager - Adding key: http://localhost:64457 for channel [id: 0xc9b1454b, L:/127.0.0.1:60596 - R:localhost/127.0.0.1:64457]
16:12:38.427 [Forwarding screenshot on session 0b2ee04eb5596c6d8faa61a8ddb5f220 to remote] DEBUG org.asynchttpclient.netty.request.NettyRequestSender - Using pooled Channel '[id: 0xc9b1454b, L:/127.0.0.1:60596 - R:localhost/127.0.0.1:64457]' for 'GET' to 'http://localhost:64457/session/0b2ee04eb5596c6d8faa61a8ddb5f220/screenshot'
16:12:38.427 [Forwarding screenshot on session 0b2ee04eb5596c6d8faa61a8ddb5f220 to remote] DEBUG org.asynchttpclient.netty.request.NettyRequestSender - Using open Channel [id: 0xc9b1454b, L:/127.0.0.1:60596 - R:localhost/127.0.0.1:64457] for GET '/session/0b2ee04eb5596c6d8faa61a8ddb5f220/screenshot'
16:12:38.538 [AsyncHttpClient-1-1] DEBUG org.asynchttpclient.netty.channel.DefaultChannelPool - Entry count for : http://localhost:60597 : 1
16:12:38.667 [AsyncHttpClient-1-3] DEBUG org.asynchttpclient.netty.handler.HttpHandler - 

Request DefaultFullHttpRequest(decodeResult: success, version: HTTP/1.1, content: EmptyByteBufBE)
GET /session/0b2ee04eb5596c6d8faa61a8ddb5f220/screenshot HTTP/1.1
User-Agent: selenium/4.1.2 (java windows)
Cache-Control: no-cache
Content-Type: application/json; charset=utf-8
host: localhost:64457
accept: */*

Response DefaultHttpResponse(decodeResult: success, version: HTTP/1.1)
HTTP/1.1 200 OK
Content-Type: application/json; charset=utf-8
cache-control: no-cache
content-length: 34232

16:12:38.668 [AsyncHttpClient-1-3] DEBUG org.asynchttpclient.netty.channel.ChannelManager - Adding key: http://localhost:64457 for channel [id: 0xc9b1454b, L:/127.0.0.1:60596 - R:localhost/127.0.0.1:64457]
16:12:38.670 [main] DEBUG net.serenitybdd.core.photography.Darkroom - Send negative for processing for target\site\serenity\f380766fa9fdcc7dec0740cce3959f091968da6ef53d6bb3b675ed9bff7635d1.png
16:12:38.671 [main] DEBUG net.thucydides.core.steps.StepInterceptor - STEP DONE: inputEmailForRegist
  &amp#27;[32mAnd &amp#27;[0m&amp#27;[32mI input email &amp#27;[0m&amp#27;[32m&amp#27;[1m"jichuuu@gmail.com"&amp#27;[0m                &amp#27;[90m# starter.stepdefinitions.RegisterSteps.iInputEmail(java.lang.String)&amp#27;[0m
16:12:38.675 [Darkroom Processing Line] DEBUG net.serenitybdd.core.photography.DarkroomProcessingLine - Processing screenshot image in /var/screenshots/screenshot-3170877814609841677
16:12:38.675 [Darkroom Processing Line] DEBUG net.serenitybdd.core.photography.DarkroomProcessingLine - Saving screenshot to target\site\serenity\f380766fa9fdcc7dec0740cce3959f091968da6ef53d6bb3b675ed9bff7635d1.png
16:12:38.707 [main] DEBUG net.thucydides.core.steps.StepInterceptor - STARTING STEP: RegisterSteps.inputPass - inputPassForRegist
16:12:38.717 [Forwarding findElement on session 0b2ee04eb5596c6d8faa61a8ddb5f220 to remote] DEBUG org.asynchttpclient.netty.request.NettyRequestSender - Using pooled Channel '[id: 0xc9b1454b, L:/127.0.0.1:60596 - R:localhost/127.0.0.1:64457]' for 'POST' to 'http://localhost:64457/session/0b2ee04eb5596c6d8faa61a8ddb5f220/element'
16:12:38.717 [Forwarding findElement on session 0b2ee04eb5596c6d8faa61a8ddb5f220 to remote] DEBUG org.asynchttpclient.netty.request.NettyRequestSender - Using open Channel [id: 0xc9b1454b, L:/127.0.0.1:60596 - R:localhost/127.0.0.1:64457] for POST '/session/0b2ee04eb5596c6d8faa61a8ddb5f220/element'
16:12:38.801 [AsyncHttpClient-1-3] DEBUG org.asynchttpclient.netty.handler.HttpHandler - 

Request DefaultHttpRequest(decodeResult: success, version: HTTP/1.1)
POST /session/0b2ee04eb5596c6d8faa61a8ddb5f220/element HTTP/1.1
User-Agent: selenium/4.1.2 (java windows)
Content-Length: 89
Content-Type: application/json; charset=utf-8
host: localhost:64457
accept: */*

Response DefaultHttpResponse(decodeResult: success, version: HTTP/1.1)
HTTP/1.1 200 OK
Content-Type: application/json; charset=utf-8
cache-control: no-cache
content-length: 88

16:12:38.801 [AsyncHttpClient-1-3] DEBUG org.asynchttpclient.netty.channel.ChannelManager - Adding key: http://localhost:64457 for channel [id: 0xc9b1454b, L:/127.0.0.1:60596 - R:localhost/127.0.0.1:64457]
16:12:38.802 [Forwarding clearElement on session 0b2ee04eb5596c6d8faa61a8ddb5f220 to remote] DEBUG org.asynchttpclient.netty.request.NettyRequestSender - Using pooled Channel '[id: 0xc9b1454b, L:/127.0.0.1:60596 - R:localhost/127.0.0.1:64457]' for 'POST' to 'http://localhost:64457/session/0b2ee04eb5596c6d8faa61a8ddb5f220/element/eb725635-9680-4c40-ab09-d1b6ed29e7c9/clear'
16:12:38.803 [Forwarding clearElement on session 0b2ee04eb5596c6d8faa61a8ddb5f220 to remote] DEBUG org.asynchttpclient.netty.request.NettyRequestSender - Using open Channel [id: 0xc9b1454b, L:/127.0.0.1:60596 - R:localhost/127.0.0.1:64457] for POST '/session/0b2ee04eb5596c6d8faa61a8ddb5f220/element/eb725635-9680-4c40-ab09-d1b6ed29e7c9/clear'
16:12:38.898 [AsyncHttpClient-1-3] DEBUG org.asynchttpclient.netty.handler.HttpHandler - 

Request DefaultHttpRequest(decodeResult: success, version: HTTP/1.1)
POST /session/0b2ee04eb5596c6d8faa61a8ddb5f220/element/eb725635-9680-4c40-ab09-d1b6ed29e7c9/clear HTTP/1.1
User-Agent: selenium/4.1.2 (java windows)
Content-Length: 50
Content-Type: application/json; charset=utf-8
host: localhost:64457
accept: */*

Response DefaultHttpResponse(decodeResult: success, version: HTTP/1.1)
HTTP/1.1 200 OK
Content-Type: application/json; charset=utf-8
cache-control: no-cache
content-length: 14

16:12:38.898 [AsyncHttpClient-1-3] DEBUG org.asynchttpclient.netty.channel.ChannelManager - Adding key: http://localhost:64457 for channel [id: 0xc9b1454b, L:/127.0.0.1:60596 - R:localhost/127.0.0.1:64457]
16:12:38.901 [Forwarding sendKeysToElement on session 0b2ee04eb5596c6d8faa61a8ddb5f220 to remote] DEBUG org.asynchttpclient.netty.request.NettyRequestSender - Using pooled Channel '[id: 0xc9b1454b, L:/127.0.0.1:60596 - R:localhost/127.0.0.1:64457]' for 'POST' to 'http://localhost:64457/session/0b2ee04eb5596c6d8faa61a8ddb5f220/element/eb725635-9680-4c40-ab09-d1b6ed29e7c9/value'
16:12:38.901 [Forwarding sendKeysToElement on session 0b2ee04eb5596c6d8faa61a8ddb5f220 to remote] DEBUG org.asynchttpclient.netty.request.NettyRequestSender - Using open Channel [id: 0xc9b1454b, L:/127.0.0.1:60596 - R:localhost/127.0.0.1:64457] for POST '/session/0b2ee04eb5596c6d8faa61a8ddb5f220/element/eb725635-9680-4c40-ab09-d1b6ed29e7c9/value'
16:12:39.068 [AsyncHttpClient-1-3] DEBUG org.asynchttpclient.netty.handler.HttpHandler - 

Request DefaultHttpRequest(decodeResult: success, version: HTTP/1.1)
POST /session/0b2ee04eb5596c6d8faa61a8ddb5f220/element/eb725635-9680-4c40-ab09-d1b6ed29e7c9/value HTTP/1.1
User-Agent: selenium/4.1.2 (java windows)
Content-Length: 82
Content-Type: application/json; charset=utf-8
host: localhost:64457
accept: */*

Response DefaultHttpResponse(decodeResult: success, version: HTTP/1.1)
HTTP/1.1 200 OK
Content-Type: application/json; charset=utf-8
cache-control: no-cache
content-length: 14

16:12:39.068 [AsyncHttpClient-1-3] DEBUG org.asynchttpclient.netty.channel.ChannelManager - Adding key: http://localhost:64457 for channel [id: 0xc9b1454b, L:/127.0.0.1:60596 - R:localhost/127.0.0.1:64457]
16:12:39.087 [Forwarding screenshot on session 0b2ee04eb5596c6d8faa61a8ddb5f220 to remote] DEBUG org.asynchttpclient.netty.request.NettyRequestSender - Using pooled Channel '[id: 0xc9b1454b, L:/127.0.0.1:60596 - R:localhost/127.0.0.1:64457]' for 'GET' to 'http://localhost:64457/session/0b2ee04eb5596c6d8faa61a8ddb5f220/screenshot'
16:12:39.087 [Forwarding screenshot on session 0b2ee04eb5596c6d8faa61a8ddb5f220 to remote] DEBUG org.asynchttpclient.netty.request.NettyRequestSender - Using open Channel [id: 0xc9b1454b, L:/127.0.0.1:60596 - R:localhost/127.0.0.1:64457] for GET '/session/0b2ee04eb5596c6d8faa61a8ddb5f220/screenshot'
16:12:39.375 [AsyncHttpClient-1-3] DEBUG org.asynchttpclient.netty.handler.HttpHandler - 

Request DefaultFullHttpRequest(decodeResult: success, version: HTTP/1.1, content: EmptyByteBufBE)
GET /session/0b2ee04eb5596c6d8faa61a8ddb5f220/screenshot HTTP/1.1
User-Agent: selenium/4.1.2 (java windows)
Cache-Control: no-cache
Content-Type: application/json; charset=utf-8
host: localhost:64457
accept: */*

Response DefaultHttpResponse(decodeResult: success, version: HTTP/1.1)
HTTP/1.1 200 OK
Content-Type: application/json; charset=utf-8
cache-control: no-cache
content-length: 33908

16:12:39.375 [AsyncHttpClient-1-3] DEBUG org.asynchttpclient.netty.channel.ChannelManager - Adding key: http://localhost:64457 for channel [id: 0xc9b1454b, L:/127.0.0.1:60596 - R:localhost/127.0.0.1:64457]
16:12:39.378 [main] DEBUG net.serenitybdd.core.photography.Darkroom - Send negative for processing for target\site\serenity\bc511b106c17ca637f684ae22bd1ed00299b6e4619b9df047d07f26017d3dfdd.png
16:12:39.382 [Darkroom Processing Line] DEBUG net.serenitybdd.core.photography.DarkroomProcessingLine - Processing screenshot image in /var/screenshots/screenshot-4702999221788567745
16:12:39.382 [Darkroom Processing Line] DEBUG net.serenitybdd.core.photography.DarkroomProcessingLine - Saving screenshot to target\site\serenity\bc511b106c17ca637f684ae22bd1ed00299b6e4619b9df047d07f26017d3dfdd.png
16:12:39.382 [main] DEBUG net.thucydides.core.steps.StepInterceptor - STEP DONE: inputPassForRegist
  &amp#27;[32mAnd &amp#27;[0m&amp#27;[32mI input pass &amp#27;[0m&amp#27;[32m&amp#27;[1m""&amp#27;[0m                                  &amp#27;[90m# starter.stepdefinitions.RegisterSteps.inputPass(java.lang.String)&amp#27;[0m
16:12:39.419 [main] DEBUG net.thucydides.core.steps.StepInterceptor - STARTING STEP: RegisterSteps.clickRegisterButton - clickRegisButton
16:12:39.423 [Forwarding findElement on session 0b2ee04eb5596c6d8faa61a8ddb5f220 to remote] DEBUG org.asynchttpclient.netty.request.NettyRequestSender - Using pooled Channel '[id: 0xc9b1454b, L:/127.0.0.1:60596 - R:localhost/127.0.0.1:64457]' for 'POST' to 'http://localhost:64457/session/0b2ee04eb5596c6d8faa61a8ddb5f220/element'
16:12:39.423 [Forwarding findElement on session 0b2ee04eb5596c6d8faa61a8ddb5f220 to remote] DEBUG org.asynchttpclient.netty.request.NettyRequestSender - Using open Channel [id: 0xc9b1454b, L:/127.0.0.1:60596 - R:localhost/127.0.0.1:64457] for POST '/session/0b2ee04eb5596c6d8faa61a8ddb5f220/element'
16:12:39.453 [AsyncHttpClient-1-3] DEBUG org.asynchttpclient.netty.handler.HttpHandler - 

Request DefaultHttpRequest(decodeResult: success, version: HTTP/1.1)
POST /session/0b2ee04eb5596c6d8faa61a8ddb5f220/element HTTP/1.1
User-Agent: selenium/4.1.2 (java windows)
Content-Length: 138
Content-Type: application/json; charset=utf-8
host: localhost:64457
accept: */*

Response DefaultHttpResponse(decodeResult: success, version: HTTP/1.1)
HTTP/1.1 200 OK
Content-Type: application/json; charset=utf-8
cache-control: no-cache
content-length: 88

16:12:39.453 [AsyncHttpClient-1-3] DEBUG org.asynchttpclient.netty.channel.ChannelManager - Adding key: http://localhost:64457 for channel [id: 0xc9b1454b, L:/127.0.0.1:60596 - R:localhost/127.0.0.1:64457]
16:12:39.455 [Forwarding getElementTagName on session 0b2ee04eb5596c6d8faa61a8ddb5f220 to remote] DEBUG org.asynchttpclient.netty.request.NettyRequestSender - Using pooled Channel '[id: 0xc9b1454b, L:/127.0.0.1:60596 - R:localhost/127.0.0.1:64457]' for 'GET' to 'http://localhost:64457/session/0b2ee04eb5596c6d8faa61a8ddb5f220/element/9e0e0a53-1e7e-48b6-8c66-3d2d3032189d/name'
16:12:39.455 [Forwarding getElementTagName on session 0b2ee04eb5596c6d8faa61a8ddb5f220 to remote] DEBUG org.asynchttpclient.netty.request.NettyRequestSender - Using open Channel [id: 0xc9b1454b, L:/127.0.0.1:60596 - R:localhost/127.0.0.1:64457] for GET '/session/0b2ee04eb5596c6d8faa61a8ddb5f220/element/9e0e0a53-1e7e-48b6-8c66-3d2d3032189d/name'
16:12:39.462 [AsyncHttpClient-1-3] DEBUG org.asynchttpclient.netty.handler.HttpHandler - 

Request DefaultFullHttpRequest(decodeResult: success, version: HTTP/1.1, content: EmptyByteBufBE)
GET /session/0b2ee04eb5596c6d8faa61a8ddb5f220/element/9e0e0a53-1e7e-48b6-8c66-3d2d3032189d/name HTTP/1.1
User-Agent: selenium/4.1.2 (java windows)
Cache-Control: no-cache
Content-Type: application/json; charset=utf-8
host: localhost:64457
accept: */*

Response DefaultHttpResponse(decodeResult: success, version: HTTP/1.1)
HTTP/1.1 200 OK
Content-Type: application/json; charset=utf-8
cache-control: no-cache
content-length: 18

16:12:39.462 [AsyncHttpClient-1-3] DEBUG org.asynchttpclient.netty.channel.ChannelManager - Adding key: http://localhost:64457 for channel [id: 0xc9b1454b, L:/127.0.0.1:60596 - R:localhost/127.0.0.1:64457]
16:12:39.467 [Forwarding getElementTagName on session 0b2ee04eb5596c6d8faa61a8ddb5f220 to remote] DEBUG org.asynchttpclient.netty.request.NettyRequestSender - Using pooled Channel '[id: 0xc9b1454b, L:/127.0.0.1:60596 - R:localhost/127.0.0.1:64457]' for 'GET' to 'http://localhost:64457/session/0b2ee04eb5596c6d8faa61a8ddb5f220/element/9e0e0a53-1e7e-48b6-8c66-3d2d3032189d/name'
16:12:39.467 [Forwarding getElementTagName on session 0b2ee04eb5596c6d8faa61a8ddb5f220 to remote] DEBUG org.asynchttpclient.netty.request.NettyRequestSender - Using open Channel [id: 0xc9b1454b, L:/127.0.0.1:60596 - R:localhost/127.0.0.1:64457] for GET '/session/0b2ee04eb5596c6d8faa61a8ddb5f220/element/9e0e0a53-1e7e-48b6-8c66-3d2d3032189d/name'
16:12:39.474 [AsyncHttpClient-1-3] DEBUG org.asynchttpclient.netty.handler.HttpHandler - 

Request DefaultFullHttpRequest(decodeResult: success, version: HTTP/1.1, content: EmptyByteBufBE)
GET /session/0b2ee04eb5596c6d8faa61a8ddb5f220/element/9e0e0a53-1e7e-48b6-8c66-3d2d3032189d/name HTTP/1.1
User-Agent: selenium/4.1.2 (java windows)
Cache-Control: no-cache
Content-Type: application/json; charset=utf-8
host: localhost:64457
accept: */*

Response DefaultHttpResponse(decodeResult: success, version: HTTP/1.1)
HTTP/1.1 200 OK
Content-Type: application/json; charset=utf-8
cache-control: no-cache
content-length: 18

16:12:39.474 [AsyncHttpClient-1-3] DEBUG org.asynchttpclient.netty.channel.ChannelManager - Adding key: http://localhost:64457 for channel [id: 0xc9b1454b, L:/127.0.0.1:60596 - R:localhost/127.0.0.1:64457]
16:12:39.477 [Forwarding isElementEnabled on session 0b2ee04eb5596c6d8faa61a8ddb5f220 to remote] DEBUG org.asynchttpclient.netty.request.NettyRequestSender - Using pooled Channel '[id: 0xc9b1454b, L:/127.0.0.1:60596 - R:localhost/127.0.0.1:64457]' for 'GET' to 'http://localhost:64457/session/0b2ee04eb5596c6d8faa61a8ddb5f220/element/9e0e0a53-1e7e-48b6-8c66-3d2d3032189d/enabled'
16:12:39.477 [Forwarding isElementEnabled on session 0b2ee04eb5596c6d8faa61a8ddb5f220 to remote] DEBUG org.asynchttpclient.netty.request.NettyRequestSender - Using open Channel [id: 0xc9b1454b, L:/127.0.0.1:60596 - R:localhost/127.0.0.1:64457] for GET '/session/0b2ee04eb5596c6d8faa61a8ddb5f220/element/9e0e0a53-1e7e-48b6-8c66-3d2d3032189d/enabled'
16:12:39.502 [AsyncHttpClient-1-3] DEBUG org.asynchttpclient.netty.handler.HttpHandler - 

Request DefaultFullHttpRequest(decodeResult: success, version: HTTP/1.1, content: EmptyByteBufBE)
GET /session/0b2ee04eb5596c6d8faa61a8ddb5f220/element/9e0e0a53-1e7e-48b6-8c66-3d2d3032189d/enabled HTTP/1.1
User-Agent: selenium/4.1.2 (java windows)
Cache-Control: no-cache
Content-Type: application/json; charset=utf-8
host: localhost:64457
accept: */*

Response DefaultHttpResponse(decodeResult: success, version: HTTP/1.1)
HTTP/1.1 200 OK
Content-Type: application/json; charset=utf-8
cache-control: no-cache
content-length: 14

16:12:39.502 [AsyncHttpClient-1-3] DEBUG org.asynchttpclient.netty.channel.ChannelManager - Adding key: http://localhost:64457 for channel [id: 0xc9b1454b, L:/127.0.0.1:60596 - R:localhost/127.0.0.1:64457]
16:12:39.504 [Forwarding isElementEnabled on session 0b2ee04eb5596c6d8faa61a8ddb5f220 to remote] DEBUG org.asynchttpclient.netty.request.NettyRequestSender - Using pooled Channel '[id: 0xc9b1454b, L:/127.0.0.1:60596 - R:localhost/127.0.0.1:64457]' for 'GET' to 'http://localhost:64457/session/0b2ee04eb5596c6d8faa61a8ddb5f220/element/9e0e0a53-1e7e-48b6-8c66-3d2d3032189d/enabled'
16:12:39.504 [Forwarding isElementEnabled on session 0b2ee04eb5596c6d8faa61a8ddb5f220 to remote] DEBUG org.asynchttpclient.netty.request.NettyRequestSender - Using open Channel [id: 0xc9b1454b, L:/127.0.0.1:60596 - R:localhost/127.0.0.1:64457] for GET '/session/0b2ee04eb5596c6d8faa61a8ddb5f220/element/9e0e0a53-1e7e-48b6-8c66-3d2d3032189d/enabled'
16:12:39.518 [AsyncHttpClient-1-3] DEBUG org.asynchttpclient.netty.handler.HttpHandler - 

Request DefaultFullHttpRequest(decodeResult: success, version: HTTP/1.1, content: EmptyByteBufBE)
GET /session/0b2ee04eb5596c6d8faa61a8ddb5f220/element/9e0e0a53-1e7e-48b6-8c66-3d2d3032189d/enabled HTTP/1.1
User-Agent: selenium/4.1.2 (java windows)
Cache-Control: no-cache
Content-Type: application/json; charset=utf-8
host: localhost:64457
accept: */*

Response DefaultHttpResponse(decodeResult: success, version: HTTP/1.1)
HTTP/1.1 200 OK
Content-Type: application/json; charset=utf-8
cache-control: no-cache
content-length: 14

16:12:39.518 [AsyncHttpClient-1-3] DEBUG org.asynchttpclient.netty.channel.ChannelManager - Adding key: http://localhost:64457 for channel [id: 0xc9b1454b, L:/127.0.0.1:60596 - R:localhost/127.0.0.1:64457]
16:12:39.521 [Forwarding findElement on session 0b2ee04eb5596c6d8faa61a8ddb5f220 to remote] DEBUG org.asynchttpclient.netty.request.NettyRequestSender - Using pooled Channel '[id: 0xc9b1454b, L:/127.0.0.1:60596 - R:localhost/127.0.0.1:64457]' for 'POST' to 'http://localhost:64457/session/0b2ee04eb5596c6d8faa61a8ddb5f220/element'
16:12:39.521 [Forwarding findElement on session 0b2ee04eb5596c6d8faa61a8ddb5f220 to remote] DEBUG org.asynchttpclient.netty.request.NettyRequestSender - Using open Channel [id: 0xc9b1454b, L:/127.0.0.1:60596 - R:localhost/127.0.0.1:64457] for POST '/session/0b2ee04eb5596c6d8faa61a8ddb5f220/element'
16:12:39.539 [AsyncHttpClient-1-3] DEBUG org.asynchttpclient.netty.handler.HttpHandler - 

Request DefaultHttpRequest(decodeResult: success, version: HTTP/1.1)
POST /session/0b2ee04eb5596c6d8faa61a8ddb5f220/element HTTP/1.1
User-Agent: selenium/4.1.2 (java windows)
Content-Length: 138
Content-Type: application/json; charset=utf-8
host: localhost:64457
accept: */*

Response DefaultHttpResponse(decodeResult: success, version: HTTP/1.1)
HTTP/1.1 200 OK
Content-Type: application/json; charset=utf-8
cache-control: no-cache
content-length: 88

16:12:39.539 [AsyncHttpClient-1-3] DEBUG org.asynchttpclient.netty.channel.ChannelManager - Adding key: http://localhost:64457 for channel [id: 0xc9b1454b, L:/127.0.0.1:60596 - R:localhost/127.0.0.1:64457]
16:12:39.541 [Forwarding clickElement on session 0b2ee04eb5596c6d8faa61a8ddb5f220 to remote] DEBUG org.asynchttpclient.netty.request.NettyRequestSender - Using pooled Channel '[id: 0xc9b1454b, L:/127.0.0.1:60596 - R:localhost/127.0.0.1:64457]' for 'POST' to 'http://localhost:64457/session/0b2ee04eb5596c6d8faa61a8ddb5f220/element/9e0e0a53-1e7e-48b6-8c66-3d2d3032189d/click'
16:12:39.541 [Forwarding clickElement on session 0b2ee04eb5596c6d8faa61a8ddb5f220 to remote] DEBUG org.asynchttpclient.netty.request.NettyRequestSender - Using open Channel [id: 0xc9b1454b, L:/127.0.0.1:60596 - R:localhost/127.0.0.1:64457] for POST '/session/0b2ee04eb5596c6d8faa61a8ddb5f220/element/9e0e0a53-1e7e-48b6-8c66-3d2d3032189d/click'
16:12:39.636 [AsyncHttpClient-1-1] DEBUG org.asynchttpclient.netty.channel.DefaultChannelPool - Entry count for : http://localhost:60597 : 1
16:12:39.658 [AsyncHttpClient-1-3] DEBUG org.asynchttpclient.netty.handler.HttpHandler - 

Request DefaultHttpRequest(decodeResult: success, version: HTTP/1.1)
POST /session/0b2ee04eb5596c6d8faa61a8ddb5f220/element/9e0e0a53-1e7e-48b6-8c66-3d2d3032189d/click HTTP/1.1
User-Agent: selenium/4.1.2 (java windows)
Content-Length: 50
Content-Type: application/json; charset=utf-8
host: localhost:64457
accept: */*

Response DefaultHttpResponse(decodeResult: success, version: HTTP/1.1)
HTTP/1.1 200 OK
Content-Type: application/json; charset=utf-8
cache-control: no-cache
content-length: 14

16:12:39.658 [AsyncHttpClient-1-3] DEBUG org.asynchttpclient.netty.channel.ChannelManager - Adding key: http://localhost:64457 for channel [id: 0xc9b1454b, L:/127.0.0.1:60596 - R:localhost/127.0.0.1:64457]
16:12:39.706 [Forwarding screenshot on session 0b2ee04eb5596c6d8faa61a8ddb5f220 to remote] DEBUG org.asynchttpclient.netty.request.NettyRequestSender - Using pooled Channel '[id: 0xc9b1454b, L:/127.0.0.1:60596 - R:localhost/127.0.0.1:64457]' for 'GET' to 'http://localhost:64457/session/0b2ee04eb5596c6d8faa61a8ddb5f220/screenshot'
16:12:39.706 [Forwarding screenshot on session 0b2ee04eb5596c6d8faa61a8ddb5f220 to remote] DEBUG org.asynchttpclient.netty.request.NettyRequestSender - Using open Channel [id: 0xc9b1454b, L:/127.0.0.1:60596 - R:localhost/127.0.0.1:64457] for GET '/session/0b2ee04eb5596c6d8faa61a8ddb5f220/screenshot'
16:12:40.324 [AsyncHttpClient-1-3] DEBUG org.asynchttpclient.netty.handler.HttpHandler - 

Request DefaultFullHttpRequest(decodeResult: success, version: HTTP/1.1, content: EmptyByteBufBE)
GET /session/0b2ee04eb5596c6d8faa61a8ddb5f220/screenshot HTTP/1.1
User-Agent: selenium/4.1.2 (java windows)
Cache-Control: no-cache
Content-Type: application/json; charset=utf-8
host: localhost:64457
accept: */*

Response DefaultHttpResponse(decodeResult: success, version: HTTP/1.1)
HTTP/1.1 200 OK
Content-Type: application/json; charset=utf-8
cache-control: no-cache
content-length: 36096

16:12:40.324 [AsyncHttpClient-1-3] DEBUG org.asynchttpclient.netty.channel.ChannelManager - Adding key: http://localhost:64457 for channel [id: 0xc9b1454b, L:/127.0.0.1:60596 - R:localhost/127.0.0.1:64457]
16:12:40.326 [main] DEBUG net.serenitybdd.core.photography.Darkroom - Send negative for processing for target\site\serenity\753bae761f5eb3a5458a594e1052f6a22340e20090adb61a77b19d6732382403.png
16:12:40.327 [main] DEBUG net.thucydides.core.steps.StepInterceptor - STEP DONE: clickRegisButton
16:12:40.327 [Darkroom Processing Line] DEBUG net.serenitybdd.core.photography.DarkroomProcessingLine - Processing screenshot image in /var/screenshots/screenshot-7721765282138670618
  &amp#27;[32mAnd &amp#27;[0m&amp#27;[32mclick register button&amp#27;[0m                            &amp#27;[90m# starter.stepdefinitions.RegisterSteps.clickRegisterButton()&amp#27;[0m
16:12:40.327 [Darkroom Processing Line] DEBUG net.serenitybdd.core.photography.DarkroomProcessingLine - Saving screenshot to target\site\serenity\753bae761f5eb3a5458a594e1052f6a22340e20090adb61a77b19d6732382403.png
16:12:40.357 [main] DEBUG net.thucydides.core.steps.StepInterceptor - STARTING STEP: RegisterSteps.iGetResult - alertSymbolAppears
16:12:40.361 [Forwarding findElement on session 0b2ee04eb5596c6d8faa61a8ddb5f220 to remote] DEBUG org.asynchttpclient.netty.request.NettyRequestSender - Using pooled Channel '[id: 0xc9b1454b, L:/127.0.0.1:60596 - R:localhost/127.0.0.1:64457]' for 'POST' to 'http://localhost:64457/session/0b2ee04eb5596c6d8faa61a8ddb5f220/element'
16:12:40.361 [Forwarding findElement on session 0b2ee04eb5596c6d8faa61a8ddb5f220 to remote] DEBUG org.asynchttpclient.netty.request.NettyRequestSender - Using open Channel [id: 0xc9b1454b, L:/127.0.0.1:60596 - R:localhost/127.0.0.1:64457] for POST '/session/0b2ee04eb5596c6d8faa61a8ddb5f220/element'
16:12:40.365 [AsyncHttpClient-1-3] DEBUG org.asynchttpclient.netty.handler.HttpHandler - 

Request DefaultHttpRequest(decodeResult: success, version: HTTP/1.1)
POST /session/0b2ee04eb5596c6d8faa61a8ddb5f220/element HTTP/1.1
User-Agent: selenium/4.1.2 (java windows)
Content-Length: 53
Content-Type: application/json; charset=utf-8
host: localhost:64457
accept: */*

Response DefaultHttpResponse(decodeResult: success, version: HTTP/1.1)
HTTP/1.1 400 Bad Request
Content-Type: application/json; charset=utf-8
cache-control: no-cache
content-length: 957

16:12:40.365 [AsyncHttpClient-1-3] DEBUG org.asynchttpclient.netty.channel.ChannelManager - Adding key: http://localhost:64457 for channel [id: 0xc9b1454b, L:/127.0.0.1:60596 - R:localhost/127.0.0.1:64457]
16:12:40.367 [Forwarding findElement on session 0b2ee04eb5596c6d8faa61a8ddb5f220 to remote] DEBUG org.asynchttpclient.netty.request.NettyRequestSender - Using pooled Channel '[id: 0xc9b1454b, L:/127.0.0.1:60596 - R:localhost/127.0.0.1:64457]' for 'POST' to 'http://localhost:64457/session/0b2ee04eb5596c6d8faa61a8ddb5f220/element'
16:12:40.368 [Forwarding findElement on session 0b2ee04eb5596c6d8faa61a8ddb5f220 to remote] DEBUG org.asynchttpclient.netty.request.NettyRequestSender - Using open Channel [id: 0xc9b1454b, L:/127.0.0.1:60596 - R:localhost/127.0.0.1:64457] for POST '/session/0b2ee04eb5596c6d8faa61a8ddb5f220/element'
16:12:40.388 [AsyncHttpClient-1-3] DEBUG org.asynchttpclient.netty.handler.HttpHandler - 

Request DefaultHttpRequest(decodeResult: success, version: HTTP/1.1)
POST /session/0b2ee04eb5596c6d8faa61a8ddb5f220/element HTTP/1.1
User-Agent: selenium/4.1.2 (java windows)
Content-Length: 63
Content-Type: application/json; charset=utf-8
host: localhost:64457
accept: */*

Response DefaultHttpResponse(decodeResult: success, version: HTTP/1.1)
HTTP/1.1 200 OK
Content-Type: application/json; charset=utf-8
cache-control: no-cache
content-length: 88

16:12:40.388 [AsyncHttpClient-1-3] DEBUG org.asynchttpclient.netty.channel.ChannelManager - Adding key: http://localhost:64457 for channel [id: 0xc9b1454b, L:/127.0.0.1:60596 - R:localhost/127.0.0.1:64457]
16:12:40.394 [Forwarding isElementDisplayed on session 0b2ee04eb5596c6d8faa61a8ddb5f220 to remote] DEBUG org.asynchttpclient.netty.request.NettyRequestSender - Using pooled Channel '[id: 0xc9b1454b, L:/127.0.0.1:60596 - R:localhost/127.0.0.1:64457]' for 'POST' to 'http://localhost:64457/session/0b2ee04eb5596c6d8faa61a8ddb5f220/execute/sync'
16:12:40.394 [Forwarding isElementDisplayed on session 0b2ee04eb5596c6d8faa61a8ddb5f220 to remote] DEBUG org.asynchttpclient.netty.request.NettyRequestSender - Using open Channel [id: 0xc9b1454b, L:/127.0.0.1:60596 - R:localhost/127.0.0.1:64457] for POST '/session/0b2ee04eb5596c6d8faa61a8ddb5f220/execute/sync'
16:12:40.419 [AsyncHttpClient-1-3] DEBUG org.asynchttpclient.netty.handler.HttpHandler - 

Request DefaultHttpRequest(decodeResult: success, version: HTTP/1.1)
POST /session/0b2ee04eb5596c6d8faa61a8ddb5f220/execute/sync HTTP/1.1
User-Agent: selenium/4.1.2 (java windows)
Content-Length: 48780
Content-Type: application/json; charset=utf-8
host: localhost:64457
accept: */*

Response DefaultHttpResponse(decodeResult: success, version: HTTP/1.1)
HTTP/1.1 200 OK
Content-Type: application/json; charset=utf-8
cache-control: no-cache
content-length: 14

16:12:40.419 [AsyncHttpClient-1-3] DEBUG org.asynchttpclient.netty.channel.ChannelManager - Adding key: http://localhost:64457 for channel [id: 0xc9b1454b, L:/127.0.0.1:60596 - R:localhost/127.0.0.1:64457]
16:12:40.426 [Forwarding screenshot on session 0b2ee04eb5596c6d8faa61a8ddb5f220 to remote] DEBUG org.asynchttpclient.netty.request.NettyRequestSender - Using pooled Channel '[id: 0xc9b1454b, L:/127.0.0.1:60596 - R:localhost/127.0.0.1:64457]' for 'GET' to 'http://localhost:64457/session/0b2ee04eb5596c6d8faa61a8ddb5f220/screenshot'
16:12:40.426 [Forwarding screenshot on session 0b2ee04eb5596c6d8faa61a8ddb5f220 to remote] DEBUG org.asynchttpclient.netty.request.NettyRequestSender - Using open Channel [id: 0xc9b1454b, L:/127.0.0.1:60596 - R:localhost/127.0.0.1:64457] for GET '/session/0b2ee04eb5596c6d8faa61a8ddb5f220/screenshot'
16:12:40.595 [AsyncHttpClient-1-3] DEBUG org.asynchttpclient.netty.handler.HttpHandler - 

Request DefaultFullHttpRequest(decodeResult: success, version: HTTP/1.1, content: EmptyByteBufBE)
GET /session/0b2ee04eb5596c6d8faa61a8ddb5f220/screenshot HTTP/1.1
User-Agent: selenium/4.1.2 (java windows)
Cache-Control: no-cache
Content-Type: application/json; charset=utf-8
host: localhost:64457
accept: */*

Response DefaultHttpResponse(decodeResult: success, version: HTTP/1.1)
HTTP/1.1 200 OK
Content-Type: application/json; charset=utf-8
cache-control: no-cache
content-length: 36128

16:12:40.595 [AsyncHttpClient-1-3] DEBUG org.asynchttpclient.netty.channel.ChannelManager - Adding key: http://localhost:64457 for channel [id: 0xc9b1454b, L:/127.0.0.1:60596 - R:localhost/127.0.0.1:64457]
16:12:40.597 [main] DEBUG net.serenitybdd.core.photography.Darkroom - Send negative for processing for target\site\serenity\3b29f9a40b7041fea9a241bc46a332498008561af390e7028701b8f0f2823d40.png
16:12:40.598 [main] DEBUG net.thucydides.core.steps.StepInterceptor - STEP DONE: alertSymbolAppears
16:12:40.598 [Darkroom Processing Line] DEBUG net.serenitybdd.core.photography.DarkroomProcessingLine - Processing screenshot image in /var/screenshots/screenshot-52983469203429806
16:12:40.598 [Darkroom Processing Line] DEBUG net.serenitybdd.core.photography.DarkroomProcessingLine - Saving screenshot to target\site\serenity\3b29f9a40b7041fea9a241bc46a332498008561af390e7028701b8f0f2823d40.png
16:12:40.602 [Forwarding findElement on session 0b2ee04eb5596c6d8faa61a8ddb5f220 to remote] DEBUG org.asynchttpclient.netty.request.NettyRequestSender - Using pooled Channel '[id: 0xc9b1454b, L:/127.0.0.1:60596 - R:localhost/127.0.0.1:64457]' for 'POST' to 'http://localhost:64457/session/0b2ee04eb5596c6d8faa61a8ddb5f220/element'
16:12:40.602 [Forwarding findElement on session 0b2ee04eb5596c6d8faa61a8ddb5f220 to remote] DEBUG org.asynchttpclient.netty.request.NettyRequestSender - Using open Channel [id: 0xc9b1454b, L:/127.0.0.1:60596 - R:localhost/127.0.0.1:64457] for POST '/session/0b2ee04eb5596c6d8faa61a8ddb5f220/element'
16:12:40.616 [AsyncHttpClient-1-3] DEBUG org.asynchttpclient.netty.handler.HttpHandler - 

Request DefaultHttpRequest(decodeResult: success, version: HTTP/1.1)
POST /session/0b2ee04eb5596c6d8faa61a8ddb5f220/element HTTP/1.1
User-Agent: selenium/4.1.2 (java windows)
Content-Length: 63
Content-Type: application/json; charset=utf-8
host: localhost:64457
accept: */*

Response DefaultHttpResponse(decodeResult: success, version: HTTP/1.1)
HTTP/1.1 200 OK
Content-Type: application/json; charset=utf-8
cache-control: no-cache
content-length: 88

16:12:40.616 [AsyncHttpClient-1-3] DEBUG org.asynchttpclient.netty.channel.ChannelManager - Adding key: http://localhost:64457 for channel [id: 0xc9b1454b, L:/127.0.0.1:60596 - R:localhost/127.0.0.1:64457]
16:12:40.617 [Forwarding getElementText on session 0b2ee04eb5596c6d8faa61a8ddb5f220 to remote] DEBUG org.asynchttpclient.netty.request.NettyRequestSender - Using pooled Channel '[id: 0xc9b1454b, L:/127.0.0.1:60596 - R:localhost/127.0.0.1:64457]' for 'GET' to 'http://localhost:64457/session/0b2ee04eb5596c6d8faa61a8ddb5f220/element/7870a3bf-d013-4d24-878a-9ed28bf7726a/text'
16:12:40.617 [Forwarding getElementText on session 0b2ee04eb5596c6d8faa61a8ddb5f220 to remote] DEBUG org.asynchttpclient.netty.request.NettyRequestSender - Using open Channel [id: 0xc9b1454b, L:/127.0.0.1:60596 - R:localhost/127.0.0.1:64457] for GET '/session/0b2ee04eb5596c6d8faa61a8ddb5f220/element/7870a3bf-d013-4d24-878a-9ed28bf7726a/text'
16:12:40.640 [AsyncHttpClient-1-3] DEBUG org.asynchttpclient.netty.handler.HttpHandler - 

Request DefaultFullHttpRequest(decodeResult: success, version: HTTP/1.1, content: EmptyByteBufBE)
GET /session/0b2ee04eb5596c6d8faa61a8ddb5f220/element/7870a3bf-d013-4d24-878a-9ed28bf7726a/text HTTP/1.1
User-Agent: selenium/4.1.2 (java windows)
Cache-Control: no-cache
Content-Type: application/json; charset=utf-8
host: localhost:64457
accept: */*

Response DefaultHttpResponse(decodeResult: success, version: HTTP/1.1)
HTTP/1.1 200 OK
Content-Type: application/json; charset=utf-8
cache-control: no-cache
content-length: 12

16:12:40.640 [AsyncHttpClient-1-3] DEBUG org.asynchttpclient.netty.channel.ChannelManager - Adding key: http://localhost:64457 for channel [id: 0xc9b1454b, L:/127.0.0.1:60596 - R:localhost/127.0.0.1:64457]
  &amp#27;[32mThen &amp#27;[0m&amp#27;[32mI get the &amp#27;[0m&amp#27;[32m&amp#27;[1m"alert message: password is required"&amp#27;[0m &amp#27;[90m# starter.stepdefinitions.RegisterSteps.iGetResult(java.lang.String)&amp#27;[0m
16:12:40.647 [Forwarding screenshot on session 0b2ee04eb5596c6d8faa61a8ddb5f220 to remote] DEBUG org.asynchttpclient.netty.request.NettyRequestSender - Using pooled Channel '[id: 0xc9b1454b, L:/127.0.0.1:60596 - R:localhost/127.0.0.1:64457]' for 'GET' to 'http://localhost:64457/session/0b2ee04eb5596c6d8faa61a8ddb5f220/screenshot'
16:12:40.647 [Forwarding screenshot on session 0b2ee04eb5596c6d8faa61a8ddb5f220 to remote] DEBUG org.asynchttpclient.netty.request.NettyRequestSender - Using open Channel [id: 0xc9b1454b, L:/127.0.0.1:60596 - R:localhost/127.0.0.1:64457] for GET '/session/0b2ee04eb5596c6d8faa61a8ddb5f220/screenshot'
16:12:40.736 [AsyncHttpClient-1-1] DEBUG org.asynchttpclient.netty.channel.DefaultChannelPool - Entry count for : http://localhost:60597 : 1
16:12:40.789 [AsyncHttpClient-1-3] DEBUG org.asynchttpclient.netty.handler.HttpHandler - 

Request DefaultFullHttpRequest(decodeResult: success, version: HTTP/1.1, content: EmptyByteBufBE)
GET /session/0b2ee04eb5596c6d8faa61a8ddb5f220/screenshot HTTP/1.1
User-Agent: selenium/4.1.2 (java windows)
Cache-Control: no-cache
Content-Type: application/json; charset=utf-8
host: localhost:64457
accept: */*

Response DefaultHttpResponse(decodeResult: success, version: HTTP/1.1)
HTTP/1.1 200 OK
Content-Type: application/json; charset=utf-8
cache-control: no-cache
content-length: 36128

16:12:40.790 [AsyncHttpClient-1-3] DEBUG org.asynchttpclient.netty.channel.ChannelManager - Adding key: http://localhost:64457 for channel [id: 0xc9b1454b, L:/127.0.0.1:60596 - R:localhost/127.0.0.1:64457]
16:12:40.792 [main] DEBUG net.serenitybdd.core.photography.Darkroom - Send negative for processing for target\site\serenity\3b29f9a40b7041fea9a241bc46a332498008561af390e7028701b8f0f2823d40.png
16:12:40.806 [AsyncHttpClient-1-5] DEBUG org.asynchttpclient.netty.handler.WebSocketHandler - Channel Closed: [id: 0x8785e308, L:/127.0.0.1:60604 ! R:localhost/127.0.0.1:60597] with attribute NettyResponseFuture{currentRetry=5,
	isDone=1,
	isCancelled=0,
	asyncHandler=org.asynchttpclient.ws.WebSocketUpgradeHandler@1338d3be,
	nettyRequest=org.asynchttpclient.netty.request.NettyRequest@4fecb5e8,
	future=java.util.concurrent.CompletableFuture@223f247a[Completed normally],
	uri=ws://localhost:60597/devtools/browser/c5af1dbf-3ba6-4cc3-8024-f1120b9e6d4a,
	keepAlive=true,
	redirectCount=0,
	timeoutsHolder=null,
	inAuth=0,
	touch=1652778754066}
16:12:40.806 [AsyncHttpClient-1-5] DEBUG org.asynchttpclient.netty.channel.ChannelManager - Closing Channel [id: 0x8785e308, L:/127.0.0.1:60604 ! R:localhost/127.0.0.1:60597] 
16:12:40.807 [Driver Command Executor] DEBUG org.asynchttpclient.netty.request.NettyRequestSender - Using pooled Channel '[id: 0xc9b1454b, L:/127.0.0.1:60596 - R:localhost/127.0.0.1:64457]' for 'DELETE' to 'http://localhost:64457/session/0b2ee04eb5596c6d8faa61a8ddb5f220'
16:12:40.807 [Driver Command Executor] DEBUG org.asynchttpclient.netty.request.NettyRequestSender - Using open Channel [id: 0xc9b1454b, L:/127.0.0.1:60596 - R:localhost/127.0.0.1:64457] for DELETE '/session/0b2ee04eb5596c6d8faa61a8ddb5f220'
16:12:41.093 [AsyncHttpClient-1-4] DEBUG org.asynchttpclient.netty.handler.HttpHandler - Unexpected I/O exception on channel [id: 0x189aca68, L:/127.0.0.1:60603 - R:localhost/127.0.0.1:60597]
java.net.SocketException: Connection reset
	at java.base/sun.nio.ch.SocketChannelImpl.throwConnectionReset(SocketChannelImpl.java:367)
	at java.base/sun.nio.ch.SocketChannelImpl.read(SocketChannelImpl.java:398)
	at io.netty.buffer.PooledByteBuf.setBytes(PooledByteBuf.java:258)
	at io.netty.buffer.AbstractByteBuf.writeBytes(AbstractByteBuf.java:1132)
	at io.netty.channel.socket.nio.NioSocketChannel.doReadBytes(NioSocketChannel.java:350)
	at io.netty.channel.nio.AbstractNioByteChannel$NioByteUnsafe.read(AbstractNioByteChannel.java:151)
	at io.netty.channel.nio.NioEventLoop.processSelectedKey(NioEventLoop.java:722)
	at io.netty.channel.nio.NioEventLoop.processSelectedKeysOptimized(NioEventLoop.java:658)
	at io.netty.channel.nio.NioEventLoop.processSelectedKeys(NioEventLoop.java:584)
	at io.netty.channel.nio.NioEventLoop.run(NioEventLoop.java:496)
	at io.netty.util.concurrent.SingleThreadEventExecutor$4.run(SingleThreadEventExecutor.java:986)
	at io.netty.util.internal.ThreadExecutorMap$2.run(ThreadExecutorMap.java:74)
	at io.netty.util.concurrent.FastThreadLocalRunnable.run(FastThreadLocalRunnable.java:30)
	at java.base/java.lang.Thread.run(Thread.java:832)
16:12:41.094 [AsyncHttpClient-1-4] DEBUG org.asynchttpclient.netty.channel.ChannelManager - Closing Channel [id: 0x189aca68, L:/127.0.0.1:60603 - R:localhost/127.0.0.1:60597] 
16:12:41.094 [AsyncHttpClient-1-4] DEBUG org.asynchttpclient.netty.handler.HttpHandler - Channel Closed: [id: 0x189aca68, L:/127.0.0.1:60603 ! R:localhost/127.0.0.1:60597] with attribute DISCARD
16:12:41.127 [AsyncHttpClient-1-3] DEBUG org.asynchttpclient.netty.handler.HttpHandler - 

Request DefaultFullHttpRequest(decodeResult: success, version: HTTP/1.1, content: EmptyByteBufBE)
DELETE /session/0b2ee04eb5596c6d8faa61a8ddb5f220 HTTP/1.1
User-Agent: selenium/4.1.2 (java windows)
Content-Type: application/json; charset=utf-8
host: localhost:64457
accept: */*

Response DefaultHttpResponse(decodeResult: success, version: HTTP/1.1)
HTTP/1.1 200 OK
Content-Type: application/json; charset=utf-8
cache-control: no-cache
content-length: 14

16:12:41.127 [AsyncHttpClient-1-3] DEBUG org.asynchttpclient.netty.channel.ChannelManager - Adding key: http://localhost:64457 for channel [id: 0xc9b1454b, L:/127.0.0.1:60596 - R:localhost/127.0.0.1:64457]
16:12:41.549 [AsyncHttpClient-1-3] DEBUG org.asynchttpclient.netty.handler.HttpHandler - Channel Closed: [id: 0xc9b1454b, L:/127.0.0.1:60596 ! R:localhost/127.0.0.1:64457] with attribute DISCARD
16:12:41.839 [AsyncHttpClient-1-1] DEBUG org.asynchttpclient.netty.channel.DefaultChannelPool - Entry count for : http://localhost:60597 : 1
16:12:41.839 [AsyncHttpClient-1-1] DEBUG org.asynchttpclient.netty.channel.DefaultChannelPool - Entry count for : http://localhost:64457 : 1
16:12:41.841 [AsyncHttpClient-1-1] DEBUG org.asynchttpclient.netty.channel.DefaultChannelPool - Adding Candidate expired Channel [id: 0x189aca68, L:/127.0.0.1:60603 ! R:localhost/127.0.0.1:60597] isIdleTimeoutExpired=false isRemotelyClosed=true isTtlExpired=false
16:12:41.841 [AsyncHttpClient-1-1] DEBUG org.asynchttpclient.netty.channel.DefaultChannelPool - Closing Idle Channel [id: 0x189aca68, L:/127.0.0.1:60603 ! R:localhost/127.0.0.1:60597]
16:12:41.841 [AsyncHttpClient-1-1] DEBUG org.asynchttpclient.netty.channel.DefaultChannelPool - Adding Candidate expired Channel [id: 0xc9b1454b, L:/127.0.0.1:60596 ! R:localhost/127.0.0.1:64457] isIdleTimeoutExpired=false isRemotelyClosed=true isTtlExpired=false
16:12:41.841 [AsyncHttpClient-1-1] DEBUG org.asynchttpclient.netty.channel.DefaultChannelPool - Closing Idle Channel [id: 0xc9b1454b, L:/127.0.0.1:60596 ! R:localhost/127.0.0.1:64457]
16:12:41.841 [AsyncHttpClient-1-1] DEBUG org.asynchttpclient.netty.channel.DefaultChannelPool - Closed 2 connections out of 2 in 2 ms
]]></system-out>
    <system-err><![CDATA[Starting ChromeDriver 100.0.4896.60 (6a5d10861ce8de5fce22564658033b43cb7de047-refs/branch-heads/4896@{#875}) on port 64457
Only local connections are allowed.
Please see https://chromedriver.chromium.org/security-considerations for suggestions on keeping ChromeDriver safe.
ChromeDriver was started successfully.
[1652778753.101][WARNING]: This version of ChromeDriver has not been tested with Chrome version 101.
May 17, 2022 4:12:34 PM org.openqa.selenium.remote.ProtocolHandshake createSession
INFO: Detected dialect: W3C
May 17, 2022 4:12:34 PM org.openqa.selenium.devtools.CdpVersionFinder findNearestMatch
WARNING: Unable to find an exact match for CDP version 101, so returning the closest version found: 97
May 17, 2022 4:12:34 PM org.openqa.selenium.devtools.CdpVersionFinder findNearestMatch
INFO: Found CDP implementation for version 101 of 97
]]></system-err>
  </testcase>
</testsuite>